Using license file /util/academic/gurobi/licenses/gurobi.lic
Set parameter TokenServer to value srv-m14-36.cbls.ccr.buffalo.edu
Set parameter TSPort to value 46325
Changed value of parameter lazyConstraints to 1
   Prev: 0  Min: 0  Max: 1  Default: 0
Changed value of parameter TimeLimit to 3600.0
   Prev: inf  Min: 0.0  Max: inf  Default: inf
Gurobi Optimizer version 9.1.1 build v9.1.1rc0 (linux64)
Thread count: 12 physical cores, 12 logical processors, using up to 12 threads
Optimize a model with 4552 rows, 5808 columns and 21963 nonzeros
Model fingerprint: 0xc6d0261b
Variable types: 1158 continuous, 4650 integer (4650 binary)
Coefficient statistics:
  Matrix range     [1e+00, 4e+02]
  Objective range  [1e+00, 1e+00]
  Bounds range     [1e+00, 1e+02]
  RHS range        [1e-01, 4e+02]
Presolve removed 569 rows and 219 columns
Presolve time: 0.05s
Presolved: 3983 rows, 5589 columns, 20493 nonzeros
Variable types: 731 continuous, 4858 integer (4858 binary)

Root relaxation: objective -5.653758e+03, 3416 iterations, 0.17 seconds

    Nodes    |    Current Node    |     Objective Bounds      |     Work
 Expl Unexpl |  Obj  Depth IntInf | Incumbent    BestBd   Gap | It/Node Time

     0     0 -5653.7576    0  458          - -5653.7576      -     -    0s
     0     0 -5622.0070    0  567          - -5622.0070      -     -    0s
H    0     0                    -4137.637335 -5622.0070  35.9%     -    0s
     0     0 -5613.1750    0  579 -4137.6373 -5613.1750  35.7%     -    1s
     0     0 -5612.2826    0  597 -4137.6373 -5612.2826  35.6%     -    1s
     0     0 -5605.9506    0  623 -4137.6373 -5605.9506  35.5%     -    1s
     0     0 -5605.5620    0  638 -4137.6373 -5605.5620  35.5%     -    1s
     0     0 -5605.4230    0  641 -4137.6373 -5605.4230  35.5%     -    1s
     0     0 -5602.8758    0  647 -4137.6373 -5602.8758  35.4%     -    2s
     0     0 -5601.8978    0  656 -4137.6373 -5601.8978  35.4%     -    2s
     0     0 -5601.5224    0  664 -4137.6373 -5601.5224  35.4%     -    2s
     0     0 -5601.5224    0  665 -4137.6373 -5601.5224  35.4%     -    2s
     0     0 -5601.0098    0  687 -4137.6373 -5601.0098  35.4%     -    2s
H    0     0                    -4154.791826 -5601.0098  34.8%     -    2s
     0     0 -5600.8558    0  677 -4154.7918 -5600.8558  34.8%     -    2s
     0     0 -5600.6042    0  673 -4154.7918 -5600.6042  34.8%     -    2s
     0     0 -5600.6041    0  673 -4154.7918 -5600.6041  34.8%     -    2s
     0     0 -5600.6041    0  671 -4154.7918 -5600.6041  34.8%     -    2s
     0     0 -5600.6041    0  671 -4154.7918 -5600.6041  34.8%     -    2s
     0     2 -5600.5138    0  670 -4154.7918 -5600.5138  34.8%     -    4s
    15    28 -5590.6118    4  588 -4154.7918 -5596.3580  34.7%   177    5s
H  181   192                    -4161.617628 -5596.3532  34.5%   335    8s
   385   419 -5477.4655   22  240 -4161.6176 -5596.3532  34.5%   266   10s
H  447   427                    -4168.406873 -5596.3532  34.3%   250   10s
  1880  1904 -5551.0971    7  480 -4168.4069 -5596.2489  34.3%   111   15s
* 2362  2266             298    -4293.399306 -5596.2489  30.3%  98.8   15s
H 2486  2158                    -4581.636963 -5596.2489  22.1%  98.1   20s
H 2487  2050                    -4641.366056 -5561.7885  19.8%  98.1   20s
H 2501  1957                    -4678.769928 -5500.3126  17.6%  97.5   22s
H 2516  1868                    -4681.007848 -5494.7959  17.4%  96.9   24s
H 2521  1777                    -4723.429107 -5492.6083  16.3%  96.7   24s
  2524  1779 -5492.5435    8  455 -4723.4291 -5492.5435  16.3%  96.6   25s
  2547  1794 -4867.1243  197  697 -4723.4291 -5487.4547  16.2%  95.8   30s
H 2552  1707                    -4733.697575 -5486.7671  15.9%  95.6   32s
H 2561  1628                    -4779.923736 -5486.4990  14.8%   106   34s
  2563  1629 -5364.7568   89  312 -4779.9237 -5486.4990  14.8%   106   35s
  2582  1642 -5393.5194   52  719 -4779.9237 -5485.7840  14.8%   105   45s
  2585  1649 -5480.2311   20  653 -4779.9237 -5485.6066  14.8%   110   53s
  2597  1663 -4951.4106   22  448 -4779.9237 -5481.1701  14.7%   113   55s
H 2609  1588                    -4896.806188 -5480.6564  11.9%   114   55s
  2848  1758 -5418.5159   40  404 -4896.8062 -5480.0378  11.9%   134   60s
H 3662  2166                    -4928.388359 -5480.0285  11.2%   140   65s
  4913  3001 -5391.6495   79  317 -4928.3884 -5480.0285  11.2%   125   71s
H 6048  3827                    -4930.295084 -5480.0285  11.2%   113   73s
H 6145  3700                    -4936.391084 -5480.0285  11.0%   112   73s
H 7009  4356                    -4946.324022 -5479.7672  10.8%   104   74s
  7200  4857 -5450.0321   28  309 -4946.3240 -5479.7672  10.8%   102   75s
H 8015  5160                    -4954.973508 -5479.7672  10.6%  95.8   76s
  8827  5759     cutoff  163      -4954.9735 -5479.7546  10.6%  94.0   88s
H 8903  5759                    -4956.119632 -5479.7546  10.6%  94.0   88s
  9264  6319 -5451.7073   37  396 -4956.1196 -5479.7546  10.6%  93.8   90s
 12601  9110 -5456.6722   46  289 -4956.1196 -5479.2183  10.6%  81.9   95s
 13799 10193 infeasible  184      -4956.1196 -5477.9309  10.5%  81.2  100s
H15268 11255                    -4959.345564 -5477.8149  10.5%  80.5  103s
 16066 11895 -5477.0111   30  447 -4959.3456 -5477.7705  10.5%  80.0  105s
 18519 14663 -4991.7598  221   21 -4959.3456 -5477.3210  10.4%  79.0  110s
 20607 16527 -5343.6588   63  207 -4959.3456 -5476.8155  10.4%  79.5  115s
H21329 16157                    -4969.332625 -5476.6971  10.2%  79.0  115s
 23890 19025 -5216.6500   81  140 -4969.3326 -5476.6971  10.2%  78.9  121s
H25603 19899                    -4978.913823 -5476.6157  10.0%  79.0  123s
 26453 20658 -5474.4643   30  372 -4978.9138 -5476.4882  10.0%  79.4  126s
H27730 21622                    -4983.580728 -5476.4413  9.89%  79.5  128s
 28608 23186 -5399.8008   70  232 -4983.5807 -5476.2494  9.89%  79.4  130s
H31892 24495                    -4987.605266 -5476.0479  9.79%  77.0  133s
 32026 25647 -5465.4988   34  569 -4987.6053 -5476.0479  9.79%  76.9  136s
H33383 27108                    -4992.369972 -5476.0479  9.69%  77.3  138s
 35135 28566 -5422.1914   39  330 -4992.3700 -5475.6871  9.68%  77.0  141s
 37585 30402 -5453.9261   43  465 -4992.3700 -5475.4567  9.68%  76.7  146s
 41057 32227 -5455.7693   39  378 -4992.3700 -5475.3460  9.67%  76.0  161s
*41495 31959             199    -5022.123966 -5475.2380  9.02%  75.6  164s
 42587 32383 -5467.6525   29  384 -5022.1240 -5475.2320  9.02%  75.9  166s
 44605 35179 -5434.7700   37  373 -5022.1240 -5475.2320  9.02%  76.9  173s
H46488 32491                    -5097.862391 -5475.2320  7.40%  77.0  176s
H47356 32114                    -5104.794574 -5475.0028  7.25%  77.6  176s
 49028 33762 -5273.8911   85   72 -5104.7946 -5474.7857  7.25%  77.4  182s
 52403 35996 -5463.8611   36  380 -5104.7946 -5474.5013  7.24%  76.8  187s
H53416 36664                    -5113.014834 -5474.5013  7.07%  77.0  189s
H53893 36263                    -5118.231641 -5474.5013  6.96%  77.3  189s
H54269 36201                    -5119.229269 -5474.5013  6.94%  77.1  189s
 54899 37338 -5284.0645   83  162 -5119.2293 -5474.0036  6.93%  77.1  192s
 57806 39279 -5345.5781   64  144 -5119.2293 -5473.8052  6.93%  77.6  197s
 59342 41263 -5360.9377   37  356 -5119.2293 -5473.5530  6.92%  78.8  202s
 61121 42090 infeasible  137      -5119.2293 -5473.3274  6.92%  78.8  205s
H61586 41191                    -5127.878754 -5473.2468  6.74%  79.0  205s
 63731 43659 infeasible  151      -5127.8788 -5473.0417  6.73%  79.4  210s
 66866 46271 -5393.3237   47  333 -5127.8788 -5472.7845  6.73%  78.9  215s
 69276 48152 infeasible  110      -5127.8788 -5472.6077  6.72%  79.3  221s
 72275 50554 -5416.9482   51  292 -5127.8788 -5472.2773  6.72%  79.6  226s
 74678 52224 -5389.8695   55  164 -5127.8788 -5472.1960  6.71%  80.5  231s
 75698 52288 -5378.2531   58  251 -5127.8788 -5472.1960  6.71%  80.8  235s
H75755 51912                    -5131.429568 -5472.1960  6.64%  80.9  235s
H75759 44543                    -5188.098186 -5472.1960  5.48%  80.9  235s
 76910 46940 -5377.9528   60  297 -5188.0982 -5472.0574  5.47%  81.1  241s
H78710 46980                    -5195.120745 -5471.9532  5.33%  80.9  243s
H79430 43994                    -5214.338564 -5471.8126  4.94%  81.0  243s
 79925 44882 -5311.2329   81  156 -5214.3386 -5471.8006  4.94%  81.3  246s
 82748 46993 infeasible  146      -5214.3386 -5471.4498  4.93%  81.5  251s
 85206 48882 -5268.3386   86  192 -5214.3386 -5471.2829  4.93%  82.2  256s
 87514 50795 -5440.7440   36  431 -5214.3386 -5470.9872  4.92%  82.9  261s
*89379 50957             190    -5218.969837 -5470.7158  4.82%  83.4  263s
 89908 51719 -5460.2505   38  326 -5218.9698 -5470.5564  4.82%  83.5  266s
 91990 53751 -5335.6935   59  322 -5218.9698 -5470.3733  4.82%  84.3  271s
*94478 55083             139    -5220.317530 -5470.1141  4.79%  84.2  274s
H95202 54746                    -5222.148936 -5470.0955  4.75%  84.1  274s
 95315 55889     cutoff  162      -5222.1489 -5470.0598  4.75%  84.1  277s
 96801 56836 infeasible  127      -5222.1489 -5469.9078  4.74%  84.1  280s
 99189 58839 -5290.5328   70  192 -5222.1489 -5469.6859  4.74%  84.6  285s
 101418 61084 -5458.8834   40  369 -5222.1489 -5469.4939  4.74%  85.5  291s
 104484 63184 -5309.4195   88    4 -5222.1489 -5469.4175  4.73%  85.5  297s
 106707 64870 -5395.3817   46  261 -5222.1489 -5469.1864  4.73%  86.0  302s
 107647 65634 -5420.5656   52  267 -5222.1489 -5469.1250  4.73%  86.5  305s
 109776 67598 -5446.7244   33  419 -5222.1489 -5468.9041  4.73%  87.1  310s
 112394 69440 -5355.9045   52  336 -5222.1489 -5468.6729  4.72%  87.3  315s
 114656 71226 -5465.5720   32  572 -5222.1489 -5468.4906  4.72%  87.9  321s
 117183 73482 -5389.6367   39  405 -5222.1489 -5468.2954  4.71%  88.0  326s
 119265 74961 -5397.7812   59  348 -5222.1489 -5468.0211  4.71%  88.4  331s
 120278 75919 -5456.0335   36  420 -5222.1489 -5468.0211  4.71%  88.7  335s
 122788 77837 -5305.1164   82  206 -5222.1489 -5467.8166  4.70%  89.0  340s
 125081 79835     cutoff   91      -5222.1489 -5467.6362  4.70%  89.5  345s
 127459 81734 -5370.4971   45  292 -5222.1489 -5467.5301  4.70%  89.9  350s
 129831 83554 -5460.6951   36  444 -5222.1489 -5467.2891  4.69%  90.1  356s
*130516 76678             175    -5244.000542 -5467.1825  4.26%  90.3  356s
 132192 78559 -5316.8777   52  350 -5244.0005 -5467.0956  4.25%  90.4  361s
 134591 80272 -5439.1354   35  353 -5244.0005 -5466.8590  4.25%  90.6  367s
H135509 80227                    -5246.765248 -5466.8590  4.19%  90.8  369s
 136689 81234 -5389.7012   48  235 -5246.7652 -5466.6611  4.19%  90.9  372s
 138054 82227 -5414.5657   53  250 -5246.7652 -5466.5386  4.19%  90.9  375s
 140763 84236     cutoff  185      -5246.7652 -5466.3922  4.19%  91.0  380s
 142777 86234 -5383.6889   51  411 -5246.7652 -5466.1918  4.18%  91.4  386s
 145375 87588 -5280.6487   79  152 -5246.7652 -5466.0269  4.18%  91.6  392s
 146099 88391 -5429.5151   40  373 -5246.7652 -5465.9094  4.18%  92.0  395s
 148180 90417 -5313.5494  115   63 -5246.7652 -5465.7899  4.17%  92.5  402s
 150878 92299 -5405.8944   57  191 -5246.7652 -5465.5616  4.17%  92.5  407s
H152354 92936                    -5247.078589 -5465.5054  4.16%  92.6  410s
H152894 88565                    -5257.618523 -5465.5054  3.95%  92.7  410s
 154113 90084 -5410.0804   52  295 -5257.6185 -5465.3570  3.95%  93.0  415s
H154234 90081                    -5257.635329 -5465.3502  3.95%  93.1  415s
 156311 91747 -5288.7871  112   50 -5257.6353 -5465.2607  3.95%  93.3  421s
 158654 93507 -5460.4648   32  486 -5257.6353 -5465.0472  3.94%  93.5  426s
 160729 95190 -5358.2148   55  348 -5257.6353 -5464.9467  3.94%  93.9  431s
 162840 97090 -5348.0454   47  248 -5257.6353 -5464.7519  3.94%  94.1  437s
 164047 97820 -5435.6048   43  340 -5257.6353 -5464.7515  3.94%  94.2  440s
H164166 97642                    -5257.948670 -5464.7515  3.93%  94.2  440s
H164867 97205                    -5258.881252 -5464.6846  3.91%  94.4  440s
 165882 99103 -5409.6406   42  332 -5258.8813 -5464.5545  3.91%  94.6  446s
 168607 100911 -5283.0870  100  175 -5258.8813 -5464.4265  3.91%  94.6  452s
H168777 91357                    -5276.557703 -5464.3958  3.56%  94.6  452s
 169547 92359 -5409.9049   58  310 -5276.5577 -5464.3478  3.56%  94.8  456s
 171851 93841 -5392.2574   58  388 -5276.5577 -5464.2074  3.56%  95.2  461s
 174070 95666 infeasible  109      -5276.5577 -5464.0506  3.55%  95.4  467s
 175196 96395 -5425.1993   40  301 -5276.5577 -5463.9497  3.55%  95.5  470s
 177319 98087 -5416.4600   40  308 -5276.5577 -5463.7865  3.55%  95.8  476s
 179225 99795 -5369.3294   54  315 -5276.5577 -5463.5839  3.54%  96.2  482s
 181472 101338 -5441.0514   43  367 -5276.5577 -5463.4557  3.54%  96.5  487s
 182568 102230     cutoff  116      -5276.5577 -5463.3597  3.54%  96.6  490s
 184744 103810 -5408.5241   55  298 -5276.5577 -5463.1917  3.54%  96.9  496s
 186930 105472 -5404.8369   46  438 -5276.5577 -5463.0485  3.53%  97.1  502s
 188014 106346 -5386.6620   57  219 -5276.5577 -5462.9499  3.53%  97.3  505s
 190119 108124 -5397.3778   49  439 -5276.5577 -5462.8470  3.53%  97.6  511s
 192316 109751 -5320.6361   72  183 -5276.5577 -5462.6509  3.53%  97.8  516s
 194579 111433 -5425.2555   41  405 -5276.5577 -5462.5184  3.52%  98.1  522s
 195796 112302 -5382.3240   62  284 -5276.5577 -5462.3874  3.52%  98.1  525s
 198379 114140 -5436.7445   45  285 -5276.5577 -5462.3217  3.52%  98.3  532s
 199317 114991 -5403.8341   40  399 -5276.5577 -5462.2055  3.52%  98.5  535s
 201553 116955 -5417.5751   46  346 -5276.5577 -5462.0255  3.51%  98.7  541s
 203775 118691 -5377.1455   70  238 -5276.5577 -5461.8918  3.51%  99.0  548s
 205131 119624 -5387.2027   52  239 -5276.5577 -5461.8429  3.51%  99.0  551s
 207295 121452 -5351.4307   64  327 -5276.5577 -5461.7081  3.51%  99.3  557s
 208555 122415 -5399.6084   51  194 -5276.5577 -5461.6623  3.51%  99.4  561s
 210906 124170 -5322.7151  121   33 -5276.5577 -5461.5057  3.51%   100  568s
 212198 125016 -5307.4580  175   26 -5276.5577 -5461.4365  3.50%   100  571s
 214457 126793 -5432.5875   36  468 -5276.5577 -5461.2858  3.50%   100  577s
 215501 127946 -5340.9886   78   74 -5276.5577 -5461.2513  3.50%   100  580s
 218042 129856 -5335.6599   70  221 -5276.5577 -5461.0871  3.50%   100  586s
 219444 130853 -5278.1172  122   70 -5276.5577 -5461.0730  3.50%   100  590s
 221845 132828 -5420.6850   40  311 -5276.5577 -5460.8758  3.49%   100  596s
 224096 134142 -5449.8405   38  551 -5276.5577 -5460.8062  3.49%   100  602s
 225995 136034 -5423.9747   44  264 -5276.5577 -5460.6689  3.49%   101  608s
 227494 136832 infeasible  134      -5276.5577 -5460.6327  3.49%   101  611s
 229625 138536 -5312.2429   69  159 -5276.5577 -5460.4532  3.49%   101  617s
 231160 139489 -5428.9392   50  214 -5276.5577 -5460.3778  3.48%   101  620s
 233049 141210 -5383.4803   49  187 -5276.5577 -5460.2500  3.48%   101  625s
 235173 142968 infeasible  129      -5276.5577 -5460.1464  3.48%   101  632s
 236496 143750 -5456.1547   43  347 -5276.5577 -5460.1020  3.48%   101  635s
 238957 145647 -5311.4371   65  296 -5276.5577 -5459.9597  3.48%   102  642s
 239941 146317 -5292.2345   74  206 -5276.5577 -5459.8964  3.47%   102  645s
 241706 147740 -5342.4198   60  323 -5276.5577 -5459.7594  3.47%   102  651s
 243944 149623 -5400.2655   52  320 -5276.5577 -5459.6191  3.47%   102  657s
 245395 150389 -5378.4119   52  337 -5276.5577 -5459.5757  3.47%   102  660s
 247574 152403 -5308.1287   86   60 -5276.5577 -5459.4151  3.47%   102  667s
 249044 153129 infeasible  125      -5276.5577 -5459.3713  3.46%   102  670s
 250912 154807 -5411.2027   37  307 -5276.5577 -5459.2513  3.46%   103  676s
 253653 156931 -5415.5234   33  350 -5276.5577 -5459.1281  3.46%   103  682s
 255011 157997 -5448.5672   38  348 -5276.5577 -5459.0616  3.46%   103  686s
 257352 159472 -5336.4721   55  258 -5276.5577 -5458.9359  3.46%   103  692s
H257606 159472                    -5276.557707 -5458.9323  3.46%   103  692s
 258372 160213 -5293.6677  135   68 -5276.5577 -5458.8941  3.46%   103  695s
 260981 162363 -5413.7512   37  368 -5276.5577 -5458.7825  3.45%   103  702s
 262085 163288 -5404.6454   55  224 -5276.5577 -5458.7124  3.45%   103  705s
H264288 161332                    -5280.295211 -5458.6433  3.38%   103  709s
 264773 162085 -5343.5517  114   11 -5280.2952 -5458.6231  3.38%   103  713s
 265765 162988 -5380.5627   50  213 -5280.2952 -5458.5579  3.38%   103  716s
 268075 164909 -5362.0904   48  360 -5280.2952 -5458.5001  3.37%   104  723s
 269427 165713 -5362.8317   64  198 -5280.2952 -5458.4396  3.37%   104  726s
 271424 167215 -5380.7588   50  462 -5280.2952 -5458.3331  3.37%   104  732s
 272552 168087 -5431.7541   49  350 -5280.2952 -5458.2528  3.37%   104  735s
 274564 169838     cutoff  133      -5280.2952 -5458.1591  3.37%   104  742s
 275835 170931 -5323.8091   80  261 -5280.2952 -5458.1165  3.37%   104  746s
 278442 171854 -5395.9228   48  385 -5280.2952 -5458.0233  3.37%   104  753s
 278524 172836 -5347.8209   62  288 -5280.2952 -5458.0153  3.37%   104  756s
 279780 173705 -5371.7904   72  331 -5280.2952 -5457.9777  3.37%   105  760s
 282233 175463 -5416.3179   48  277 -5280.2952 -5457.8741  3.36%   105  766s
 284576 177274 -5358.1336   74  254 -5280.2952 -5457.7635  3.36%   105  773s
 285927 178005 -5283.0900   66  241 -5280.2952 -5457.7354  3.36%   105  777s
H286943 173573                    -5284.509831 -5457.7199  3.28%   105  777s
 287013 174587 -5428.4279   46  350 -5284.5098 -5457.7070  3.28%   105  781s
 289517 176249 -5452.1812   42  356 -5284.5098 -5457.6481  3.28%   105  787s
H289611 176195                    -5284.555582 -5457.6481  3.28%   105  788s
 290511 177202 -5290.0196   54  175 -5284.5556 -5457.5735  3.27%   105  791s
 291864 178189 -5433.7725   36  388 -5284.5556 -5457.5397  3.27%   105  795s
H293472 177414                    -5286.016147 -5457.4988  3.24%   105  798s
 294241 178023 -5312.2858   43  252 -5286.0161 -5457.4821  3.24%   105  802s
 295137 179040 -5363.7056   60  181 -5286.0161 -5457.4305  3.24%   106  805s
 297868 180855 -5435.9697   43  319 -5286.0161 -5457.3228  3.24%   106  812s
 299003 181567 -5390.7964   48  322 -5286.0161 -5457.2856  3.24%   106  815s
 301106 183168 -5352.7895   69  115 -5286.0161 -5457.2266  3.24%   106  822s
 302132 184109 -5356.7009   53  318 -5286.0161 -5457.1867  3.24%   106  826s
 304305 185554 -5424.1235   42  253 -5286.0161 -5457.1190  3.24%   106  833s
H305245 181477                    -5289.242076 -5457.1176  3.17%   106  833s
 305330 182398 -5305.5457   82  223 -5289.2421 -5457.0835  3.17%   106  837s
 306555 183348 -5302.8771  109   26 -5289.2421 -5457.0466  3.17%   107  840s
 309245 185217 -5436.7072   43  331 -5289.2421 -5456.9329  3.17%   106  847s
 310353 185909 -5298.6069   45  340 -5289.2421 -5456.9120  3.17%   107  851s
 312628 187817 -5330.3566   67  250 -5289.2421 -5456.8261  3.17%   107  858s
 313871 188579 -5305.8871  100    - -5289.2421 -5456.7704  3.17%   107  862s
*314030 179185             112    -5296.056235 -5456.7704  3.03%   107  862s
*314031 171886             113    -5300.961085 -5456.7704  2.94%   107  862s
 314839 172583 -5303.7690  100    6 -5300.9611 -5456.7628  2.94%   107  865s
 316935 174185     cutoff  101      -5300.9611 -5456.6359  2.94%   107  873s
 318007 175118 -5402.2179   52  161 -5300.9611 -5456.5854  2.94%   107  877s
 319175 175844 -5319.9610   92    - -5300.9611 -5456.5532  2.94%   107  880s
 321303 177463 -5390.4857   38  373 -5300.9611 -5456.4530  2.93%   107  888s
 322288 178399 -5368.6443   50  317 -5300.9611 -5456.4197  2.93%   108  891s
 323602 179385 -5437.1639   37  284 -5300.9611 -5456.3821  2.93%   108  895s
H324173 169847                    -5307.232688 -5456.3653  2.81%   108  895s
 325974 171359 -5437.2445   40  308 -5307.2327 -5456.2829  2.81%   108  902s
 326944 172247 -5335.3045   58  299 -5307.2327 -5456.2561  2.81%   108  906s
H327365 156794                    -5317.076554 -5456.2468  2.62%   108  906s
 328973 157984 -5360.0801   62  226 -5317.0766 -5456.2197  2.62%   108  913s
 330013 158717 infeasible   75      -5317.0766 -5456.1738  2.62%   108  916s
 332101 160403 infeasible   88      -5317.0766 -5456.0473  2.61%   108  923s
 333270 161214 -5394.1681   49  275 -5317.0766 -5455.9896  2.61%   108  926s
 334409 161619 -5391.7227   52  367 -5317.0766 -5455.9614  2.61%   109  930s
H334466 154232                    -5321.823170 -5455.9614  2.52%   109  930s
 336086 155648 -5428.6953   44  345 -5321.8232 -5455.8727  2.52%   109  937s
 337138 156410 -5434.5953   42  466 -5321.8232 -5455.7991  2.52%   109  940s
 339218 157985 -5345.1249   47  298 -5321.8232 -5455.7263  2.52%   109  948s
 340278 158905 -5429.3035   41  426 -5321.8232 -5455.6984  2.52%   109  951s
 341566 159760 -5363.3353   60  370 -5321.8232 -5455.6730  2.52%   109  955s
 343772 161243 -5391.3276   64  319 -5321.8232 -5455.5700  2.51%   109  963s
 344828 162155 -5415.8948   54  316 -5321.8232 -5455.5184  2.51%   110  966s
 346127 162814     cutoff   43      -5321.8232 -5455.4588  2.51%   110  970s
 348138 164469 -5364.8457   55  207 -5321.8232 -5455.3783  2.51%   110  977s
 349348 165363 -5422.6060   38  317 -5321.8232 -5455.3365  2.51%   110  981s
 350599 165963 -5324.7768   62  169 -5321.8232 -5455.3113  2.51%   110  985s
 352829 167578 -5402.4676   39  395 -5321.8232 -5455.2098  2.51%   110  992s
 353935 168435 -5325.8935   38  358 -5321.8232 -5455.1745  2.51%   110  996s
 356087 169870 -5439.3902   45  286 -5321.8232 -5455.0516  2.50%   110 1003s
 357169 170611 -5428.5048   45  406 -5321.8232 -5455.0007  2.50%   111 1007s
 358247 171320 infeasible   52      -5321.8232 -5454.9668  2.50%   111 1011s
 360268 172950     cutoff  101      -5321.8232 -5454.8811  2.50%   111 1018s
 361530 173659 -5381.2711   42  355 -5321.8232 -5454.8388  2.50%   111 1023s
 362526 174359 -5444.9275   42  457 -5321.8232 -5454.8066  2.50%   111 1026s
 363519 175215 -5341.2759   73  236 -5321.8232 -5454.7762  2.50%   111 1030s
 365849 176765 -5351.3579   73  328 -5321.8232 -5454.6696  2.50%   111 1037s
 366952 177772 -5406.5312   44  330 -5321.8232 -5454.6359  2.50%   111 1041s
 368775 178820 -5322.9198   46  314 -5321.8232 -5454.5998  2.49%   111 1045s
H370245 178213                    -5322.758126 -5454.5283  2.48%   111 1048s
 371096 178872     cutoff   81      -5322.7581 -5454.4908  2.47%   111 1052s
 372010 179646 -5343.0617   72  164 -5322.7581 -5454.4460  2.47%   112 1056s
 373123 180449 -5407.9450   41  372 -5322.7581 -5454.4195  2.47%   112 1060s
 375399 181937     cutoff   63      -5322.7581 -5454.3030  2.47%   112 1067s
 376487 182724 -5322.8230   61  273 -5322.7581 -5454.2616  2.47%   112 1071s
 377601 183462 -5346.0532   51  351 -5322.7581 -5454.2033  2.47%   112 1075s
H379123 184055                    -5322.758149 -5454.1584  2.47%   112 1079s
H379225 181170                    -5324.530134 -5454.1571  2.43%   112 1079s
 379568 182023 -5442.9975   35  347 -5324.5301 -5454.1484  2.43%   112 1083s
 380675 183038 -5419.1112   34  328 -5324.5301 -5454.1170  2.43%   112 1087s
 382023 183912 -5397.1429   52  346 -5324.5301 -5454.0816  2.43%   112 1091s
 383207 184536     cutoff   52      -5324.5301 -5454.0185  2.43%   112 1095s
 385107 185914 -5423.5692   45  387 -5324.5301 -5453.9683  2.43%   113 1103s
 386120 186718 -5418.4888   54  348 -5324.5301 -5453.9172  2.43%   113 1107s
 387310 187412 -5424.7181   28  424 -5324.5301 -5453.8808  2.43%   113 1110s
 389567 189608 -5368.3702   59  388 -5324.5301 -5453.8106  2.43%   113 1119s
 391376 190423 -5424.0687   53  324 -5324.5301 -5453.7672  2.43%   113 1123s
 392634 191266 -5417.1019   40  278 -5324.5301 -5453.7136  2.43%   113 1126s
 393839 192186 -5336.5653   73  184 -5324.5301 -5453.6763  2.43%   113 1130s
 395071 193022 -5426.9030   46  402 -5324.5301 -5453.6445  2.42%   113 1135s
 397048 194345 -5419.4763   38  367 -5324.5301 -5453.5504  2.42%   113 1142s
 398179 195160 -5341.2019   83    - -5324.5301 -5453.5080  2.42%   113 1146s
 399335 195698 -5335.1725   83   26 -5324.5301 -5453.4476  2.42%   114 1150s
 401487 197484 -5401.0383   41  415 -5324.5301 -5453.4036  2.42%   114 1158s
 402748 198302 -5334.0060   68  217 -5324.5301 -5453.3597  2.42%   114 1162s
 403871 199173 -5353.2474   64  183 -5324.5301 -5453.3167  2.42%   114 1166s
 405161 199812 -5414.0374   46  396 -5324.5301 -5453.2832  2.42%   114 1170s
 407168 201217 -5416.0778   47  288 -5324.5301 -5453.1883  2.42%   114 1177s
 408216 201948 -5397.2015   71  275 -5324.5301 -5453.1437  2.42%   114 1181s
 409277 202615 -5437.0521   48  332 -5324.5301 -5453.1232  2.42%   114 1185s
H409663 194624                    -5328.893426 -5453.1148  2.33%   114 1185s
 411275 195809 -5410.3414   41  256 -5328.8934 -5453.0464  2.33%   114 1193s
 412191 196410 -5399.4603   50  350 -5328.8934 -5453.0038  2.33%   115 1197s
 413149 197105 -5360.3776   64  285 -5328.8934 -5452.9416  2.33%   115 1200s
 414144 197737 -5336.9982   52  340 -5328.8934 -5452.9034  2.33%   115 1205s
 416232 199279 -5387.7401   46  393 -5328.8934 -5452.8293  2.33%   115 1213s
 417591 199965 -5373.7183   69  270 -5328.8934 -5452.7878  2.32%   115 1217s
 418596 200890 -5331.1652   70  177 -5328.8934 -5452.7641  2.32%   115 1221s
 419941 201674 -5426.1697   41  450 -5328.8934 -5452.6957  2.32%   115 1225s
 422019 203143 -5424.8368   43  381 -5328.8934 -5452.6027  2.32%   115 1232s
 423153 203780 -5379.3182   37  317 -5328.8934 -5452.5768  2.32%   115 1236s
 425294 205250 -5427.2231   39  438 -5328.8934 -5452.4536  2.32%   116 1243s
 426382 205916 -5420.1262   38  430 -5328.8934 -5452.4405  2.32%   116 1247s
 427402 206655 -5345.3139   58  380 -5328.8934 -5452.3853  2.32%   116 1251s
 428448 207344 -5346.7682   50  336 -5328.8934 -5452.3363  2.32%   116 1255s
 430580 208703 -5397.4622   53  348 -5328.8934 -5452.2347  2.31%   116 1263s
 431760 209654     cutoff   49      -5328.8934 -5452.2031  2.31%   116 1267s
 433084 210339 -5384.4892   56  334 -5328.8934 -5452.1556  2.31%   116 1272s
 434173 211054 -5382.4113   62  320 -5328.8934 -5452.1039  2.31%   116 1276s
 435224 211897 -5331.7351   49  313 -5328.8934 -5452.0714  2.31%   116 1280s
 437558 213493 -5442.9199   47  288 -5328.8934 -5451.9714  2.31%   117 1288s
 438733 214641 -5336.7283   63  216 -5328.8934 -5451.9149  2.31%   117 1293s
 440350 215379 -5382.5603   46  362 -5328.8934 -5451.8662  2.31%   117 1297s
 441326 216216 -5350.4604   42  325 -5328.8934 -5451.8500  2.31%   117 1301s
 442504 217139 -5417.7174   39  506 -5328.8934 -5451.8089  2.31%   117 1305s
 443837 218119     cutoff   61      -5328.8934 -5451.7589  2.31%   117 1310s
 446823 220214 -5413.3468   51  297 -5328.8934 -5451.6855  2.30%   117 1319s
 448035 221136 -5337.9668   46  250 -5328.8934 -5451.6442  2.30%   117 1323s
 449423 221907 -5399.5025   54  355 -5328.8934 -5451.6022  2.30%   117 1327s
 450536 222543 -5426.4181   35  482 -5328.8934 -5451.5589  2.30%   117 1331s
 451622 223159 -5348.6397   55  277 -5328.8934 -5451.5250  2.30%   117 1335s
 453839 224778 -5355.7446   51  326 -5328.8934 -5451.4630  2.30%   117 1343s
 455121 225588 -5408.4028   43  326 -5328.8934 -5451.4229  2.30%   117 1347s
 456362 226420 infeasible  117      -5328.8934 -5451.3596  2.30%   117 1352s
 457551 227043 -5375.0929   62  212 -5328.8934 -5451.3218  2.30%   118 1356s
 458582 227439 -5418.4470   40  308 -5328.8934 -5451.2747  2.30%   118 1361s
H458894 227439                    -5328.893427 -5451.2694  2.30%   118 1361s
 459106 227599 -5388.0584   66  215 -5328.8934 -5451.2649  2.30%   118 1366s
 459367 228545 -5396.5004   44  318 -5328.8934 -5451.2600  2.30%   118 1370s
 461864 230159 -5375.8986   41  453 -5328.8934 -5451.1800  2.29%   118 1379s
 463147 230971 -5379.0932   36  379 -5328.8934 -5451.1388  2.29%   118 1383s
 464353 231943 -5401.5712   46  289 -5328.8934 -5451.1112  2.29%   118 1387s
 465792 232820 -5392.0645   45  275 -5328.8934 -5451.0711  2.29%   118 1392s
 467093 233400 -5411.0574   39  377 -5328.8934 -5451.0183  2.29%   118 1396s
 467982 234106 -5345.6945   49  303 -5328.8934 -5450.9938  2.29%   118 1400s
 470262 235819 -5407.1764   41  344 -5328.8934 -5450.8915  2.29%   118 1409s
H470423 235819                    -5328.893430 -5450.8864  2.29%   118 1409s
 471482 236689 -5372.8770   62  352 -5328.8934 -5450.8589  2.29%   118 1413s
 472679 237460 -5416.2747   50  361 -5328.8934 -5450.8126  2.29%   118 1418s
 473823 238169 -5399.1830   48  296 -5328.8934 -5450.7818  2.29%   118 1422s
 474788 238905 -5369.9661   45  307 -5328.8934 -5450.7572  2.29%   118 1426s
 476055 239886 -5388.0141   46  415 -5328.8934 -5450.7315  2.29%   119 1430s
 477489 240674 -5346.8945   50  329 -5328.8934 -5450.6997  2.29%   119 1435s
 478634 241612 -5418.9145   46  360 -5328.8934 -5450.6653  2.29%   119 1440s
 481396 243132 -5365.3327   51  340 -5328.8934 -5450.5720  2.28%   119 1448s
 482609 243887 -5414.4913   45  357 -5328.8934 -5450.5309  2.28%   119 1452s
 483797 244704 -5408.9941   42  415 -5328.8934 -5450.4931  2.28%   119 1457s
 485035 245566 -5419.1324   47  313 -5328.8934 -5450.4372  2.28%   119 1461s
 486263 246719 -5422.8371   43  289 -5328.8934 -5450.4098  2.28%   119 1466s
 487814 247458 -5385.7383   43  326 -5328.8934 -5450.3522  2.28%   119 1470s
 488962 248465 -5441.0971   39  342 -5328.8934 -5450.3134  2.28%   119 1475s
 491595 250047 -5342.3494   55  277 -5328.8934 -5450.2395  2.28%   119 1484s
 492661 250978 -5414.9423   45  309 -5328.8934 -5450.2088  2.28%   119 1489s
 493905 251928 -5431.1078   39  346 -5328.8934 -5450.1704  2.28%   119 1493s
 495215 252787 -5398.2574   71  360 -5328.8934 -5450.1229  2.27%   119 1497s
 496509 253463 -5430.8234   46  316 -5328.8934 -5450.0712  2.27%   119 1501s
 497599 254275 -5380.7038   57  345 -5328.8934 -5450.0262  2.27%   119 1506s
 498898 255165 -5370.5911   70  251 -5328.8934 -5449.9788  2.27%   119 1510s
 500190 256020 -5364.8463   56  283 -5328.8934 -5449.9428  2.27%   119 1515s
 502532 257560 -5340.8592   71  285 -5328.8934 -5449.8843  2.27%   120 1524s
 503602 258450 -5372.5847   58  241 -5328.8934 -5449.8471  2.27%   120 1529s
 504942 259511     cutoff   60      -5328.8934 -5449.8080  2.27%   120 1533s
 506405 260152 -5358.7310   71  226 -5328.8934 -5449.7859  2.27%   120 1538s
 507559 261010 -5390.4022   38  349 -5328.8934 -5449.7182  2.27%   120 1542s
 508849 261874 -5393.3166   45  342 -5328.8934 -5449.6863  2.27%   120 1547s
 510096 262592 -5430.0038   47  390 -5328.8934 -5449.6446  2.27%   120 1551s
 511161 263481 -5373.5609   47  343 -5328.8934 -5449.6019  2.27%   120 1555s
 513764 264975 -5353.4883   51  232 -5328.8934 -5449.5003  2.26%   120 1563s
 514866 266093 -5425.4849   47  371 -5328.8934 -5449.4559  2.26%   120 1568s
 516399 266925 infeasible   56      -5328.8934 -5449.4160  2.26%   120 1573s
 517594 267839     cutoff   74      -5328.8934 -5449.3914  2.26%   120 1578s
 519189 268756 infeasible  115      -5328.8934 -5449.3435  2.26%   120 1582s
 520532 269961 -5422.0180   43  315 -5328.8934 -5449.2917  2.26%   120 1587s
 522214 270917 -5413.1255   51  290 -5328.8934 -5449.2666  2.26%   120 1591s
 523555 271676 -5438.3813   41  328 -5328.8934 -5449.2276  2.26%   120 1597s
 524716 272494 -5330.5691   48  295 -5328.8934 -5449.1785  2.26%   120 1601s
 526193 273544 -5412.8963   51  340 -5328.8934 -5449.1266  2.26%   120 1606s
 527666 274719 -5380.2027   50  333 -5328.8934 -5449.0701  2.26%   120 1611s
 529295 275641 -5378.5436   56  319 -5328.8934 -5449.0301  2.25%   120 1616s
 530632 276399 -5408.4243   45  436 -5328.8934 -5448.9954  2.25%   120 1620s
 531903 277230 -5370.9757   49  349 -5328.8934 -5448.9771  2.25%   121 1625s
 534443 278773 -5358.2634   61  340 -5328.8934 -5448.9155  2.25%   121 1633s
 535778 279540     cutoff   52      -5328.8934 -5448.8694  2.25%   121 1638s
 537067 280275 -5382.8360   48  380 -5328.8934 -5448.8223  2.25%   121 1642s
H538045 280275                    -5328.893432 -5448.8140  2.25%   121 1642s
 538101 281249 -5430.1689   46  297 -5328.8934 -5448.7904  2.25%   121 1647s
 539417 282016 -5393.0545   51  253 -5328.8934 -5448.7377  2.25%   121 1651s
 540655 282631 -5403.5666   44  197 -5328.8934 -5448.7051  2.25%   121 1656s
 541621 283470 -5354.2955   39  325 -5328.8934 -5448.6748  2.25%   121 1660s
 542918 284754 -5331.8926   63  214 -5328.8934 -5448.6319  2.25%   121 1665s
 544609 285616 infeasible   66      -5328.8934 -5448.6014  2.25%   121 1670s
 546847 286264 -5408.1729   48  342 -5328.8934 -5448.5402  2.25%   121 1686s
 546929 287263 -5398.0193   48  308 -5328.8934 -5448.5395  2.25%   121 1691s
 548344 287961 -5404.5696   44  369 -5328.8934 -5448.5000  2.24%   121 1695s
 549561 288790 -5439.8505   45  306 -5328.8934 -5448.4551  2.24%   121 1700s
 550727 289730 -5365.5683   49  335 -5328.8934 -5448.4356  2.24%   121 1705s
 553495 291447 -5335.8241   74  180 -5328.8934 -5448.3560  2.24%   121 1714s
 554633 292506 -5365.2528   36  313 -5328.8934 -5448.3020  2.24%   121 1718s
 556323 293502 -5405.9800   35  385 -5328.8934 -5448.2466  2.24%   121 1723s
 557704 294395 -5397.5504   50  355 -5328.8934 -5448.2132  2.24%   121 1728s
 558974 295203 -5380.1261   48  209 -5328.8934 -5448.1642  2.24%   121 1732s
 560346 296065 -5379.6802   45  310 -5328.8934 -5448.1362  2.24%   122 1737s
 561639 297020 -5344.4866   39  410 -5328.8934 -5448.1000  2.24%   122 1741s
 563034 298130 -5391.7515   56  306 -5328.8934 -5448.0637  2.24%   122 1746s
 564563 299028 -5413.3578   50  352 -5328.8934 -5448.0168  2.24%   122 1751s
 565810 300173 -5330.9789  104    8 -5328.8934 -5447.9641  2.23%   122 1756s
 567346 301117 -5431.0576   46  402 -5328.8934 -5447.9321  2.23%   122 1761s
 568881 301934 infeasible   85      -5328.8934 -5447.9014  2.23%   122 1765s
 570142 302728 -5431.4357   49  410 -5328.8934 -5447.8461  2.23%   122 1770s
 571354 303847 infeasible   42      -5328.8934 -5447.7995  2.23%   122 1775s
 572930 304902 -5403.4190   53  391 -5328.8934 -5447.7466  2.23%   122 1780s
 574481 305760 -5422.6547   47  286 -5328.8934 -5447.7174  2.23%   122 1785s
 575771 306515 -5392.7494   47  400 -5328.8934 -5447.6788  2.23%   122 1791s
 576817 307291     cutoff   51      -5328.8934 -5447.6601  2.23%   122 1796s
 578239 307874 -5415.9187   50  394 -5328.8934 -5447.6473  2.23%   122 1800s
 579370 308645 -5398.2617   51  240 -5328.8934 -5447.6085  2.23%   122 1805s
 580626 309698 -5355.0882   71  168 -5328.8934 -5447.5668  2.23%   122 1810s
 582066 310502     cutoff  110      -5328.8934 -5447.5336  2.23%   122 1815s
 583292 311567 infeasible   46      -5328.8934 -5447.4948  2.23%   122 1820s
 584776 312604 -5418.8954   53  299 -5328.8934 -5447.4510  2.22%   122 1825s
 586180 313716 -5379.7432   69  322 -5328.8934 -5447.3923  2.22%   122 1830s
 587749 314671 -5355.7036   57  261 -5328.8934 -5447.3577  2.22%   122 1835s
 589044 315591 -5355.2064   47  326 -5328.8934 -5447.3220  2.22%   122 1840s
 590509 316432 -5341.7278   74  198 -5328.8934 -5447.2922  2.22%   122 1845s
 591755 317318 -5428.1609   43  316 -5328.8934 -5447.2657  2.22%   122 1850s
 594290 318954 -5371.5681   46  333 -5328.8934 -5447.1919  2.22%   123 1859s
 595516 319717 infeasible  100      -5328.8934 -5447.1664  2.22%   123 1863s
 596764 320566 -5431.3978   37  339 -5328.8934 -5447.1351  2.22%   123 1869s
 598168 321703 -5341.7416   94   22 -5328.8934 -5447.1040  2.22%   123 1873s
 599781 322791 infeasible  134      -5328.8934 -5447.0642  2.22%   123 1878s
 601324 323415 -5424.4902   43  347 -5328.8934 -5447.0119  2.22%   123 1883s
 602354 324388 -5419.6776   48  374 -5328.8934 -5446.9659  2.22%   123 1887s
 603753 325386 -5400.3523   53  279 -5328.8934 -5446.9360  2.22%   123 1893s
 605168 326278 -5330.9657   63  246 -5328.8934 -5446.8989  2.21%   123 1897s
 606508 327397 -5353.4407   57  293 -5328.8934 -5446.8629  2.21%   123 1902s
 608074 328125 -5373.1112   67  276 -5328.8934 -5446.8312  2.21%   123 1907s
 609160 329049 -5332.4932   68  255 -5328.8934 -5446.8037  2.21%   123 1912s
 610447 329917 -5393.1209   46  385 -5328.8934 -5446.7603  2.21%   123 1917s
 611807 330883 -5407.4676   37  343 -5328.8934 -5446.7041  2.21%   123 1923s
 613224 331732 -5330.4093   55  235 -5328.8934 -5446.6694  2.21%   123 1928s
 614556 332487 -5405.3614   39  431 -5328.8934 -5446.6419  2.21%   123 1933s
 615769 333517 -5404.2188   41  382 -5328.8934 -5446.5817  2.21%   123 1938s
H617203 333092                    -5329.543114 -5446.5540  2.20%   123 1943s
 618806 333972     cutoff  139      -5329.5431 -5446.5186  2.19%   123 1948s
 620093 335136     cutoff   52      -5329.5431 -5446.4680  2.19%   123 1954s
 621794 336122 -5384.1648   50  334 -5329.5431 -5446.4506  2.19%   123 1959s
 623169 336997 -5431.7982   43  496 -5329.5431 -5446.4230  2.19%   123 1964s
 624420 337963 -5393.2847   58  280 -5329.5431 -5446.3970  2.19%   123 1969s
 625788 338906 -5377.1643   53  339 -5329.5431 -5446.3572  2.19%   123 1975s
 627151 339804 -5412.6304   47  233 -5329.5431 -5446.3202  2.19%   123 1980s
 628483 340890 -5340.2349   72  285 -5329.5431 -5446.2808  2.19%   124 1985s
 630019 341883 -5350.1460   47  439 -5329.5431 -5446.2326  2.19%   124 1990s
 631481 342679     cutoff   47      -5329.5431 -5446.1910  2.19%   124 1995s
 632696 343655 -5407.6271   44  336 -5329.5431 -5446.1665  2.19%   124 2000s
 634116 344669 -5429.0677   41  461 -5329.5431 -5446.1455  2.19%   124 2005s
 635542 345886 -5412.9058   52  340 -5329.5431 -5446.0955  2.19%   124 2010s
 637318 346869 -5411.9418   46  474 -5329.5431 -5446.0781  2.19%   124 2015s
 638783 347813 -5368.8564   52  217 -5329.5431 -5446.0244  2.19%   124 2020s
 640275 348574 -5423.6867   45  304 -5329.5431 -5445.9894  2.18%   124 2026s
 641401 349671 -5367.4888   58  162 -5329.5431 -5445.9691  2.18%   124 2031s
 642962 350580 -5391.8369   60  282 -5329.5431 -5445.9306  2.18%   124 2035s
 644421 351561 -5421.3309   39  318 -5329.5431 -5445.8984  2.18%   124 2041s
 645835 352829 -5375.1424   52  374 -5329.5431 -5445.8660  2.18%   124 2046s
 647589 353795 -5421.8344   44  305 -5329.5431 -5445.8380  2.18%   124 2051s
 648993 354766 -5369.9394   50  325 -5329.5431 -5445.7998  2.18%   124 2057s
 650501 356011 -5371.9760   60  195 -5329.5431 -5445.7764  2.18%   124 2062s
 652204 357047 -5425.0459   43  365 -5329.5431 -5445.7554  2.18%   124 2067s
 653680 357822 -5350.9993   58  294 -5329.5431 -5445.7042  2.18%   124 2072s
 654897 358822 -5410.5056   49  287 -5329.5431 -5445.6620  2.18%   124 2078s
 656315 359826 -5351.0208  100  100 -5329.5431 -5445.6402  2.18%   124 2083s
 657778 360832 -5387.2382   38  479 -5329.5431 -5445.5967  2.18%   124 2088s
 659213 361703 -5397.7644   73  214 -5329.5431 -5445.5532  2.18%   124 2093s
 660753 362470 -5346.1992   70  324 -5329.5431 -5445.5270  2.18%   124 2098s
 661970 363352 -5391.0720   50  319 -5329.5431 -5445.4935  2.18%   124 2104s
 663357 364200 -5359.8906   54  371 -5329.5431 -5445.4649  2.18%   124 2109s
 664842 365082 -5369.2934   45  380 -5329.5431 -5445.4204  2.17%   124 2114s
 666314 365850 -5422.3030   47  360 -5329.5431 -5445.3918  2.17%   124 2119s
 667408 366593 -5341.2557   58  277 -5329.5431 -5445.3622  2.17%   124 2124s
 668659 367503 -5440.9035   48  387 -5329.5431 -5445.3393  2.17%   124 2129s
 670085 368477 -5414.1349   46  328 -5329.5431 -5445.3041  2.17%   125 2133s
 671618 369264     cutoff   31      -5329.5431 -5445.2533  2.17%   125 2139s
 672989 370190 -5345.3845   51  372 -5329.5431 -5445.2035  2.17%   125 2144s
 674329 370861 -5393.2658   53  363 -5329.5431 -5445.1829  2.17%   125 2149s
 675413 371745 -5381.9293   59  301 -5329.5431 -5445.1581  2.17%   125 2154s
 676718 372802 -5358.7206   43  314 -5329.5431 -5445.1236  2.17%   125 2159s
 678243 373609 -5352.1145   59  369 -5329.5431 -5445.0952  2.17%   125 2164s
 679496 374531 -5420.1820   52  396 -5329.5431 -5445.0600  2.17%   125 2169s
 680345 374531 -5402.2777   49  228 -5329.5431 -5445.0509  2.17%   125 2170s
 681016 375444 -5336.8137   36  399 -5329.5431 -5445.0192  2.17%   125 2175s
 682561 376372 -5433.9692   41  333 -5329.5431 -5444.9903  2.17%   125 2180s
 684047 377261 -5347.8630   55  167 -5329.5431 -5444.9412  2.17%   125 2185s
 685391 378380 -5407.3581   58  195 -5329.5431 -5444.8998  2.16%   125 2191s
 687021 379609 -5386.3770   58  199 -5329.5431 -5444.8745  2.16%   125 2197s
 688808 380584 -5371.9935   51  244 -5329.5431 -5444.8399  2.16%   125 2201s
 690254 381538 -5378.9598   54  290 -5329.5431 -5444.8108  2.16%   125 2206s
 691644 382484     cutoff   53      -5329.5431 -5444.7828  2.16%   125 2212s
 693100 383522 -5392.7930   50  344 -5329.5431 -5444.7503  2.16%   125 2217s
 694584 384251 -5404.4481   42  379 -5329.5431 -5444.7190  2.16%   125 2223s
 695736 385236 -5422.0224   57  290 -5329.5431 -5444.6912  2.16%   125 2229s
 697199 386329 -5342.8553   70  239 -5329.5431 -5444.6644  2.16%   125 2235s
 698763 387446 -5361.4463   54  343 -5329.5431 -5444.6339  2.16%   125 2240s
 700361 388447 -5419.3144   47  359 -5329.5431 -5444.5968  2.16%   125 2246s
 701726 389159 -5388.1571   37  351 -5329.5431 -5444.5816  2.16%   125 2251s
 702808 389942 -5420.0372   44  308 -5329.5431 -5444.5611  2.16%   125 2256s
 704072 391042     cutoff  109      -5329.5431 -5444.5345  2.16%   125 2262s
 705656 392031 -5415.3527   50  323 -5329.5431 -5444.5041  2.16%   125 2267s
 707102 392731 -5395.6597   49  301 -5329.5431 -5444.4622  2.16%   125 2272s
 708331 393582 -5423.7853   50  250 -5329.5431 -5444.4355  2.16%   126 2277s
 709618 394593 -5409.6405   49  325 -5329.5431 -5444.4194  2.16%   126 2282s
 711127 395645 -5406.5160   56  295 -5329.5431 -5444.3705  2.15%   126 2287s
 712646 396699 -5399.1296   38  448 -5329.5431 -5444.3386  2.15%   126 2293s
 714186 397771 -5418.4110   43  339 -5329.5431 -5444.3097  2.15%   126 2298s
 715816 398678 -5391.4595   49  405 -5329.5431 -5444.2723  2.15%   126 2303s
 717265 399805 -5388.1027   72  292 -5329.5431 -5444.2517  2.15%   126 2308s
 718859 400747 -5359.4043   69  250 -5329.5431 -5444.2031  2.15%   126 2313s
 720272 401577 -5390.5742   44  407 -5329.5431 -5444.1610  2.15%   126 2318s
 721541 402409 -5349.8474   73  299 -5329.5431 -5444.1334  2.15%   126 2323s
 723069 403588 -5331.3369   52  282 -5329.5431 -5444.1083  2.15%   126 2329s
 724961 404657 -5341.4524   51  379 -5329.5431 -5444.0776  2.15%   126 2335s
 726455 405641 -5370.2058   52  278 -5329.5431 -5444.0393  2.15%   126 2340s
 727943 406631     cutoff   47      -5329.5431 -5444.0210  2.15%   126 2346s
 729522 407742 -5344.1472   52  318 -5329.5431 -5443.9908  2.15%   126 2351s
 731168 408750 -5394.8082   44  397 -5329.5431 -5443.9432  2.15%   126 2356s
 732722 409577 -5401.9111   49  241 -5329.5431 -5443.9193  2.15%   126 2362s
 734103 410260 -5425.2795   44  352 -5329.5431 -5443.8780  2.15%   126 2367s
 735224 411233 -5359.9296   45  226 -5329.5431 -5443.8682  2.15%   126 2373s
 736934 412152 -5417.3618   45  353 -5329.5431 -5443.8503  2.14%   126 2379s
 738281 413263 -5391.0971   43  282 -5329.5431 -5443.8243  2.14%   126 2384s
 739903 414180 -5367.5749   85  264 -5329.5431 -5443.7972  2.14%   126 2389s
 741364 415001 -5403.9620   48  348 -5329.5431 -5443.7602  2.14%   126 2394s
 742735 415977 -5373.1032   56  287 -5329.5431 -5443.7388  2.14%   126 2399s
 744315 417034 -5423.9272   42  309 -5329.5431 -5443.7015  2.14%   126 2404s
 745814 418227 -5374.7351   71  215 -5329.5431 -5443.6909  2.14%   126 2410s
 747717 418934 -5386.0393   70  210 -5329.5431 -5443.6469  2.14%   126 2415s
H748092 418934                    -5329.543119 -5443.6448  2.14%   126 2415s
 749082 419778 -5343.9998   57  365 -5329.5431 -5443.6278  2.14%   126 2420s
 750393 420956 -5394.7696   42  321 -5329.5431 -5443.5805  2.14%   126 2426s
 751971 421973 -5414.6233   47  326 -5329.5431 -5443.5619  2.14%   126 2431s
 753588 422645 -5385.1210   55  235 -5329.5431 -5443.5276  2.14%   126 2436s
 754897 423208 -5417.9215   43  430 -5329.5431 -5443.4913  2.14%   126 2442s
 755863 423983 -5379.9899   52  386 -5329.5431 -5443.4773  2.14%   126 2447s
 757283 424949 -5383.8329   57  260 -5329.5431 -5443.4568  2.14%   126 2452s
 758844 425862 -5384.0308   56  388 -5329.5431 -5443.4290  2.14%   126 2458s
 760305 427059 -5428.0891   47  377 -5329.5431 -5443.4073  2.14%   126 2463s
 762022 428113 -5373.4527   62  376 -5329.5431 -5443.3555  2.14%   126 2468s
H762712 428113                    -5329.543131 -5443.3493  2.14%   126 2468s
 763567 429155 -5384.8902   65  330 -5329.5431 -5443.3241  2.13%   126 2473s
 765101 430040 -5342.8461   70   90 -5329.5431 -5443.2945  2.13%   126 2479s
 766575 431147 -5378.1925   55  337 -5329.5431 -5443.2735  2.13%   126 2485s
 768118 432135 -5344.2882   55  320 -5329.5431 -5443.2540  2.13%   126 2490s
 769657 433169     cutoff   80      -5329.5431 -5443.2259  2.13%   126 2495s
H769796 433169                    -5329.543135 -5443.2259  2.13%   126 2496s
 771144 433858 -5437.0210   44  383 -5329.5431 -5443.1927  2.13%   126 2500s
 772353 434923     cutoff   53      -5329.5431 -5443.1710  2.13%   127 2506s
 774039 435789 -5360.6701   46  366 -5329.5431 -5443.1460  2.13%   127 2512s
 775405 436633 -5333.5350   58  325 -5329.5431 -5443.1271  2.13%   127 2517s
 776677 437495 -5388.6710   49  305 -5329.5431 -5443.0989  2.13%   127 2522s
 777975 438296 -5399.4094   53  240 -5329.5431 -5443.0537  2.13%   127 2528s
 779432 439430 -5435.7243   43  442 -5329.5431 -5443.0219  2.13%   127 2533s
 781088 440375 -5401.2028   48  370 -5329.5431 -5442.9891  2.13%   127 2538s
 782483 441518 -5386.8189   58  363 -5329.5431 -5442.9568  2.13%   127 2544s
 784125 441828 -5367.1783   62  354 -5329.5431 -5442.9279  2.13%   127 2552s
 784580 442902 -5337.6051   89  155 -5329.5431 -5442.9250  2.13%   127 2557s
 786227 443743 -5414.4260   42  290 -5329.5431 -5442.8780  2.13%   127 2562s
 787734 444462 -5348.6452   59  264 -5329.5431 -5442.8423  2.13%   127 2568s
 789059 445424 -5373.1266   49  312 -5329.5431 -5442.8197  2.13%   127 2573s
 790507 446444 -5361.9438   49  324 -5329.5431 -5442.8018  2.13%   127 2579s
 792101 447450 -5422.2758   48  464 -5329.5431 -5442.7702  2.12%   127 2585s
 793697 448411 -5338.0791   74  272 -5329.5431 -5442.7420  2.12%   127 2590s
 795123 449543 -5400.8450   50  352 -5329.5431 -5442.7154  2.12%   127 2596s
 796755 450544     cutoff  106      -5329.5431 -5442.6930  2.12%   127 2601s
 798216 451550 -5409.2750   44  429 -5329.5431 -5442.6573  2.12%   127 2606s
 799899 452536 -5393.3530   56  312 -5329.5431 -5442.6251  2.12%   127 2612s
 801391 453607 -5430.0082   43  353 -5329.5431 -5442.5890  2.12%   127 2617s
 802914 454909 -5360.1800   53  358 -5329.5431 -5442.5603  2.12%   127 2622s
 804689 455964 -5372.2916   55  231 -5329.5431 -5442.5281  2.12%   127 2628s
 806257 457002 infeasible   65      -5329.5431 -5442.4984  2.12%   127 2633s
 807773 457931 -5433.3378   42  395 -5329.5431 -5442.4720  2.12%   127 2639s
 809159 459049 -5384.8954   61  263 -5329.5431 -5442.4362  2.12%   127 2645s
 810795 459943 -5383.1330   53  189 -5329.5431 -5442.3974  2.12%   127 2650s
 812198 460801 -5334.3073   50  394 -5329.5431 -5442.3733  2.12%   127 2656s
 813430 461775 -5348.4995   61  285 -5329.5431 -5442.3489  2.12%   127 2661s
 814936 462634 -5379.5326   42  391 -5329.5431 -5442.3106  2.12%   127 2667s
 816278 463934     cutoff   51      -5329.5431 -5442.2732  2.12%   127 2673s
 818151 464914 -5360.2426   54  289 -5329.5431 -5442.2520  2.11%   127 2679s
 819616 465990 -5391.3803   52  353 -5329.5431 -5442.2247  2.11%   127 2684s
 821250 467298 -5368.6498   52  359 -5329.5431 -5442.1974  2.11%   127 2690s
 823146 468251 -5392.5536   51  375 -5329.5431 -5442.1618  2.11%   127 2695s
 824640 469114 -5335.2444   53  263 -5329.5431 -5442.1330  2.11%   127 2700s
 825930 470200 -5423.8659   42  307 -5329.5431 -5442.1063  2.11%   128 2706s
 827545 471187 infeasible   92      -5329.5431 -5442.0690  2.11%   128 2711s
 829020 472065 -5386.0049   41  440 -5329.5431 -5442.0431  2.11%   128 2716s
 830418 473013 -5332.0968   40  310 -5329.5431 -5442.0132  2.11%   128 2722s
 831857 474265 -5366.0734   58  287 -5329.5431 -5441.9894  2.11%   128 2728s
 833558 475143 -5415.1368   43  386 -5329.5431 -5441.9451  2.11%   128 2734s
 834962 476040 -5357.4629   51  334 -5329.5431 -5441.9173  2.11%   128 2739s
 836379 476727 -5386.5371   47  192 -5329.5431 -5441.8813  2.11%   128 2745s
 837352 477599 -5350.7756   40  418 -5329.5431 -5441.8680  2.11%   128 2751s
 838978 478602 -5408.4290   43  295 -5329.5431 -5441.8332  2.11%   128 2756s
 840391 479588 -5346.3038   49  283 -5329.5431 -5441.8061  2.11%   128 2761s
 841868 480313 -5407.1144   52  244 -5329.5431 -5441.7785  2.11%   128 2767s
 842991 481532 -5364.9476   52  204 -5329.5431 -5441.7514  2.11%   128 2773s
 844885 482408 -5402.1701   47  340 -5329.5431 -5441.7185  2.10%   128 2778s
 846301 483209     cutoff   41      -5329.5431 -5441.6895  2.10%   128 2784s
 847699 484124 -5330.1082  124   11 -5329.5431 -5441.6602  2.10%   128 2789s
 849151 484971 -5372.3556   48  224 -5329.5431 -5441.6270  2.10%   128 2795s
 850710 486020 -5365.9001   47  302 -5329.5431 -5441.5873  2.10%   128 2801s
 852321 487006 -5382.4641   46  368 -5329.5431 -5441.5569  2.10%   128 2806s
 853787 487993 -5396.1561   47  284 -5329.5431 -5441.5224  2.10%   128 2812s
 855358 488816 -5395.5802   48  404 -5329.5431 -5441.4903  2.10%   128 2817s
 856688 489787 -5405.0958   48  298 -5329.5431 -5441.4709  2.10%   128 2823s
 858143 490911 -5396.9301   55  299 -5329.5431 -5441.4247  2.10%   128 2829s
 859796 491910 -5394.9365   55  373 -5329.5431 -5441.4039  2.10%   128 2834s
 861323 492760 infeasible   50      -5329.5431 -5441.3813  2.10%   128 2840s
 862656 493858     cutoff   69      -5329.5431 -5441.3449  2.10%   128 2846s
 864248 494748 -5415.1552   39  357 -5329.5431 -5441.3181  2.10%   128 2851s
 865537 495742 -5400.0594   53  307 -5329.5431 -5441.2933  2.10%   128 2857s
 867221 496703 -5366.5051   54  303 -5329.5431 -5441.2574  2.10%   128 2862s
 868951 497658 -5390.4700   47  357 -5329.5431 -5441.2165  2.10%   128 2868s
 870394 498330 -5371.3378   55  289 -5329.5431 -5441.1973  2.10%   128 2873s
 871609 499284 -5362.4252   56  280 -5329.5431 -5441.1712  2.09%   128 2879s
 872975 500341 -5378.1080   54  402 -5329.5431 -5441.1494  2.09%   128 2885s
 874586 501371 -5396.8804   50  283 -5329.5431 -5441.1326  2.09%   128 2891s
 876208 502439     cutoff  103      -5329.5431 -5441.0961  2.09%   128 2896s
 877764 503386 -5333.1057   72  182 -5329.5431 -5441.0696  2.09%   128 2901s
 879173 504357 -5394.8364   52  331 -5329.5431 -5441.0405  2.09%   128 2907s
 880691 505223 -5355.6080   74  345 -5329.5431 -5441.0271  2.09%   128 2912s
 882218 506280 -5399.9812   52  250 -5329.5431 -5441.0088  2.09%   129 2918s
 883745 507385 infeasible   86      -5329.5431 -5440.9729  2.09%   129 2923s
 885429 508335 infeasible  128      -5329.5431 -5440.9378  2.09%   128 2929s
 886860 509476 -5394.8733   55  348 -5329.5431 -5440.9098  2.09%   129 2935s
 888487 510627 -5365.9035   52  283 -5329.5431 -5440.8886  2.09%   129 2940s
 890220 511416 -5364.6470   47  338 -5329.5431 -5440.8480  2.09%   129 2945s
 891397 512353 -5408.0929   42  355 -5329.5431 -5440.8189  2.09%   129 2951s
 892865 513466     cutoff   56      -5329.5431 -5440.7981  2.09%   129 2956s
 894527 514390 infeasible  105      -5329.5431 -5440.7652  2.09%   129 2962s
 895906 515349 -5389.4722   58  345 -5329.5431 -5440.7310  2.09%   129 2967s
 897400 516334 -5371.0982   56  313 -5329.5431 -5440.7061  2.09%   129 2973s
 898922 517509 -5391.6133   52  238 -5329.5431 -5440.6789  2.09%   129 2978s
 900619 518583 -5384.0916   54  204 -5329.5431 -5440.6525  2.08%   129 2984s
 902241 519376 -5332.7884   50  316 -5329.5431 -5440.6219  2.08%   129 2989s
 903483 520388 -5374.9472   43  327 -5329.5431 -5440.5980  2.08%   129 2995s
 904995 520898 -5417.2509   41  460 -5329.5431 -5440.5787  2.08%   129 3001s
 905708 521878 -5416.8395   42  457 -5329.5431 -5440.5648  2.08%   129 3007s
 907394 522916 -5338.5750   67  233 -5329.5431 -5440.5375  2.08%   129 3013s
 908884 524011     cutoff   43      -5329.5431 -5440.5148  2.08%   129 3018s
 910556 524998 -5342.1281   57  278 -5329.5431 -5440.4826  2.08%   129 3024s
 912112 526014 -5394.9715   59  275 -5329.5431 -5440.4402  2.08%   129 3030s
H913248 526013                    -5329.543143 -5440.4285  2.08%   129 3030s
 913622 527027     cutoff   46      -5329.5431 -5440.4046  2.08%   129 3036s
H913643 527027                    -5329.543144 -5440.4046  2.08%   129 3036s
H914396 527037                    -5329.543150 -5440.4001  2.08%   129 3036s
H914634 527037                    -5329.543155 -5440.3980  2.08%   129 3036s
H915040 527037                    -5329.543162 -5440.3966  2.08%   129 3036s
 915152 527945 -5344.1585   46  379 -5329.5432 -5440.3886  2.08%   129 3041s
 916620 528769 -5379.8594   47  365 -5329.5432 -5440.3634  2.08%   129 3046s
 917910 529931 -5359.4446   45  287 -5329.5432 -5440.3371  2.08%   129 3053s
 919676 530964 -5347.9442   64  166 -5329.5432 -5440.3189  2.08%   129 3058s
 921347 531945 -5378.6642   44  338 -5329.5432 -5440.2911  2.08%   129 3063s
H921590 499933                    -5336.652833 -5440.2901  1.94%   129 3063s
 922817 500890     cutoff   46      -5336.6528 -5440.2706  1.94%   129 3069s
 924394 501808 -5373.8156   56  197 -5336.6528 -5440.2360  1.94%   129 3074s
 925870 502713 -5357.4729   70  297 -5336.6528 -5440.2078  1.94%   129 3080s
 927577 503523 -5419.1850   42  339 -5336.6528 -5440.1799  1.94%   129 3086s
 928990 504421 -5361.9972   46  399 -5336.6528 -5440.1528  1.94%   129 3091s
 930446 505377 infeasible   65      -5336.6528 -5440.1248  1.94%   129 3096s
 932006 506437 -5392.7695   41  356 -5336.6528 -5440.0859  1.94%   129 3102s
 933718 507468 -5378.2214   43  312 -5336.6528 -5440.0636  1.94%   129 3108s
 935282 508415 -5350.1835   60  266 -5336.6528 -5440.0292  1.94%   129 3113s
 936757 509517 -5374.1374   65  294 -5336.6528 -5440.0040  1.94%   129 3119s
 938425 510387 -5347.8785   67  182 -5336.6528 -5439.9773  1.94%   129 3125s
 940164 511151 -5345.7459   53  237 -5336.6528 -5439.9432  1.94%   129 3130s
 941437 512333     cutoff   76      -5336.6528 -5439.9199  1.94%   129 3136s
 943173 513321 -5405.6076   53  224 -5336.6528 -5439.8959  1.93%   129 3141s
 944738 514343     cutoff   74      -5336.6528 -5439.8570  1.93%   129 3147s
 946222 515536 -5367.1468   63  151 -5336.6528 -5439.8225  1.93%   129 3152s
 948048 516342 -5420.5139   48  270 -5336.6528 -5439.7957  1.93%   129 3158s
 949384 517145 -5346.9337   59  261 -5336.6528 -5439.7668  1.93%   129 3163s
 950710 517916 -5389.8445   53  311 -5336.6528 -5439.7404  1.93%   129 3169s
 952274 518876 -5390.0273   47  253 -5336.6528 -5439.7187  1.93%   129 3175s
 953779 519830 -5396.9147   38  455 -5336.6528 -5439.6791  1.93%   129 3180s
 955264 520876     cutoff   49      -5336.6528 -5439.6586  1.93%   129 3186s
 956830 521632 -5397.4727   42  309 -5336.6528 -5439.6270  1.93%   129 3191s
 958158 522468 -5339.4397   61  329 -5336.6528 -5439.6083  1.93%   129 3197s
 959514 523473     cutoff   66      -5336.6528 -5439.5743  1.93%   129 3203s
 961103 524312     cutoff   50      -5336.6528 -5439.5395  1.93%   129 3209s
 962633 525208 -5395.1987   38  382 -5336.6528 -5439.5266  1.93%   129 3214s
 964144 526244 -5417.5874   50  414 -5336.6528 -5439.4918  1.93%   130 3220s
 965655 527052 -5396.7457   54  290 -5336.6528 -5439.4665  1.93%   130 3226s
 967019 527960 infeasible   57      -5336.6528 -5439.4351  1.93%   130 3231s
 968461 529052 -5397.3708   45  372 -5336.6528 -5439.4027  1.93%   130 3237s
 970112 529897     cutoff   54      -5336.6528 -5439.3736  1.92%   130 3243s
 971479 530835 -5385.1359   54  359 -5336.6528 -5439.3517  1.92%   130 3248s
 972972 531606 -5348.1489   45  267 -5336.6528 -5439.3343  1.92%   130 3254s
H973751 531606                    -5336.652835 -5439.3225  1.92%   130 3254s
H973993 531606                    -5336.652844 -5439.3209  1.92%   130 3254s
 974357 532431 -5414.7264   40  400 -5336.6528 -5439.3057  1.92%   130 3260s
H975147 532431                    -5336.652845 -5439.2993  1.92%   130 3260s
 975627 533300 -5341.2414   70  237 -5336.6528 -5439.2789  1.92%   130 3265s
 976976 534259 -5384.7742   44  496 -5336.6528 -5439.2508  1.92%   130 3271s
 978431 535082 -5403.2651   46  458 -5336.6528 -5439.2213  1.92%   130 3277s
 979846 535919 -5381.9380   58  244 -5336.6528 -5439.2004  1.92%   130 3283s
 981024 536997 -5416.3681   46  305 -5336.6528 -5439.1775  1.92%   130 3290s
 982571 537954 -5419.6104   48  367 -5336.6528 -5439.1477  1.92%   130 3295s
 984074 538918 -5390.0481   49  225 -5336.6528 -5439.1245  1.92%   130 3301s
 985454 539782 -5361.0876   54  233 -5336.6528 -5439.0974  1.92%   130 3307s
 986892 540566 -5404.0692   47  300 -5336.6528 -5439.0675  1.92%   130 3312s
 988259 541571 -5346.0476   58  322 -5336.6528 -5439.0281  1.92%   130 3318s
 989791 542511 -5342.3629   71  192 -5336.6528 -5438.9961  1.92%   130 3324s
 991479 543429 infeasible   49      -5336.6528 -5438.9887  1.92%   130 3330s
 992947 544284 -5393.3613   55  255 -5336.6528 -5438.9571  1.92%   130 3336s
 994356 544978 -5376.6623   41  461 -5336.6528 -5438.9428  1.92%   130 3341s
 995523 545817 -5359.9198   46  356 -5336.6528 -5438.9185  1.92%   130 3347s
 997080 546890 -5345.2702   58  274 -5336.6528 -5438.8795  1.92%   130 3353s
 998706 548032 -5371.4691   49  331 -5336.6528 -5438.8521  1.92%   130 3359s
 1000428 549038 -5425.0774   43  367 -5336.6528 -5438.8411  1.91%   130 3365s
 1002041 550000 -5346.6262   81  158 -5336.6528 -5438.8129  1.91%   130 3370s
 1003547 550994 -5403.6624   44  325 -5336.6528 -5438.7938  1.91%   130 3376s
 1005222 552063 -5403.2481   43  274 -5336.6528 -5438.7588  1.91%   130 3381s
 1006882 553101 -5401.3884   46  343 -5336.6528 -5438.7187  1.91%   130 3387s
 1008440 554028 -5345.5588   49  277 -5336.6528 -5438.6843  1.91%   130 3393s
 1009918 554864 -5380.3406   57  367 -5336.6528 -5438.6542  1.91%   130 3398s
 1011363 555694     cutoff   51      -5336.6528 -5438.6227  1.91%   130 3404s
 1012811 556476 infeasible   54      -5336.6528 -5438.5957  1.91%   130 3410s
 1014238 557363 -5353.3690   65  214 -5336.6528 -5438.5839  1.91%   130 3415s
 1015656 558346 -5363.4100   60  255 -5336.6528 -5438.5494  1.91%   130 3421s
 1017203 559325 -5345.2886   75  324 -5336.6528 -5438.5287  1.91%   130 3427s
 1018773 560393 -5383.0041   57  312 -5336.6528 -5438.5010  1.91%   130 3433s
 1020343 561411 -5396.5806   53  166 -5336.6528 -5438.4762  1.91%   130 3439s
 1022016 562494 -5435.6608   46  322 -5336.6528 -5438.4459  1.91%   130 3444s
 1023570 563664 -5366.1349   47  336 -5336.6528 -5438.4225  1.91%   130 3450s
 1025263 564594 -5384.1321   62  377 -5336.6528 -5438.3926  1.91%   130 3456s
H1025778 564594                    -5336.652864 -5438.3884  1.91%   130 3456s
 1026696 565665     cutoff   35      -5336.6529 -5438.3741  1.91%   130 3461s
 1028345 566471 -5347.9503   61  222 -5336.6529 -5438.3456  1.91%   130 3468s
 1029541 567175 -5400.1395   45  338 -5336.6529 -5438.3224  1.91%   130 3474s
H1030762 567989                    -5336.652905 -5438.3046  1.90%   130 3480s
 1032219 569072 -5406.2717   43  274 -5336.6529 -5438.2725  1.90%   131 3486s
 1033792 569970 -5358.4296   61  220 -5336.6529 -5438.2462  1.90%   131 3492s
 1035093 571213 -5348.7874   52  379 -5336.6529 -5438.2308  1.90%   131 3499s
 1037046 572178 infeasible   66      -5336.6529 -5438.2094  1.90%   131 3504s
 1038600 573156 -5392.9826   35  429 -5336.6529 -5438.1757  1.90%   131 3510s
 1040203 574068     cutoff   50      -5336.6529 -5438.1498  1.90%   131 3516s
 1042025 574793 -5370.9378   47  370 -5336.6529 -5438.1220  1.90%   131 3522s
 1043217 575771 -5384.6016   46  245 -5336.6529 -5438.1026  1.90%   131 3528s
 1044946 576094 -5368.0076   46  312 -5336.6529 -5438.0821  1.90%   131 3535s
 1045406 577251 -5344.6842   71  237 -5336.6529 -5438.0739  1.90%   131 3542s
 1047120 578399     cutoff   50      -5336.6529 -5438.0382  1.90%   131 3548s
 1048891 579349 -5404.2412   40  430 -5336.6529 -5438.0207  1.90%   131 3554s
 1050353 580315 -5391.8566   37  428 -5336.6529 -5437.9974  1.90%   131 3559s
 1052108 581238 -5348.5157   53  249 -5336.6529 -5437.9637  1.90%   131 3565s
 1053549 582195 -5399.0874   43  407 -5336.6529 -5437.9371  1.90%   131 3571s
 1055019 583174 -5352.4583   52  279 -5336.6529 -5437.9214  1.90%   131 3577s
 1056565 584335 -5373.0478   74  277 -5336.6529 -5437.8819  1.90%   131 3583s
 1058334 585067 -5423.3544   48  334 -5336.6529 -5437.8573  1.90%   131 3588s
 1059512 586152 -5338.7116   84   63 -5336.6529 -5437.8448  1.90%   131 3594s
 1061246 586929 -5341.3295   52  256 -5336.6529 -5437.8130  1.90%   131 3600s

Cutting planes:
  Gomory: 39
  Cover: 727
  Implied bound: 10
  Clique: 1
  MIR: 15
  Flow cover: 121
  Inf proof: 226
  Zero half: 74
  RLT: 127
  Lazy constraints: 3471

Explored 1062626 nodes (139014667 simplex iterations) in 3600.02 seconds
Thread count was 12 (of 12 available processors)

Solution count 10: -5336.65 -5336.65 -5336.65 ... -5324.53

Time limit reached
Best objective -5.336652904678e+03, best bound -5.437792579929e+03, gap 1.8952%

User-callback calls 2359657, time in user-callback 9.00 sec
-1
['A-n34-k5', 5336.652904677582, 411.70168053374766, 3600.023590326309, 0.018951893079363742, 1, [[8.002724536054302, [73.77576911871948, 80.7629443436384]], [0, [80.7629443436384]], [13.809981897163645, [77.13142643039308]], [0, [110.92170868314325, 43.46726765089855]], [3.6468110410630885, [77.13142643039308]], [5.582436743928355, [80.34778864664153, 47.991783657021855, 95.46890595501567]], [7.166259600453472, [80.34778864664153]], [5.888176316804959, [77.13142643039308, 73.77576911871948]], [20.445380896424197, [47.991783657021855, 131.203705259438, 77.13142643039308]], [6.7892448883361, [136.4846900501029, 43.46726765089855, 136.4846900501029]], [1.1461239025480836, [131.203705259438, 77.13142643039308]], [0, [95.46890595501567]], [0, [95.46890595501567]], [6.2425635759670115, [80.34778864664153]], [0, [43.46726765089855, 80.34778864664153, 73.77576911871948]], [12.09088913190081, [131.203705259438, 131.203705259438]], [14.835949063519962, [110.92170868314325]], [0, [110.92170868314325, 110.92170868314325]], [5.084643546992481, [110.92170868314325, 73.77576911871948]], [0, [77.13142643039308, 43.46726765089855, 43.46726765089855]], [6.401531066855853, [80.7629443436384, 95.46890595501567, 73.77576911871948]], [0, [131.203705259438, 80.34778864664153, 77.13142643039308]], [0, [136.4846900501029, 77.13142643039308, 80.7629443436384]], [7.672001042750651, [136.4846900501029, 47.991783657021855]], [5.21278015295627, [131.203705259438, 47.991783657021855, 136.4846900501029]], [4.190098218050906, [110.92170868314325, 73.77576911871948]], [4.993688323965742, [131.203705259438]], [0, [77.13142643039308, 73.77576911871948, 77.13142643039308]], [8.649485533830912, [80.7629443436384, 131.203705259438]], [5.9128282962966665, [110.92170868314325, 80.34778864664153, 131.203705259438]], [0, [95.46890595501567]], [0, [80.34778864664153, 73.77576911871948, 47.991783657021855]]]]
