Using license file /util/academic/gurobi/licenses/gurobi.lic
Set parameter TokenServer to value srv-m14-36.cbls.ccr.buffalo.edu
Set parameter TSPort to value 46325
Changed value of parameter lazyConstraints to 1
   Prev: 0  Min: 0  Max: 1  Default: 0
Changed value of parameter TimeLimit to 3600.0
   Prev: inf  Min: 0.0  Max: inf  Default: inf
Gurobi Optimizer version 9.1.1 build v9.1.1rc0 (linux64)
Thread count: 12 physical cores, 12 logical processors, using up to 12 threads
Optimize a model with 6188 rows, 8739 columns and 32555 nonzeros
Model fingerprint: 0x84365329
Variable types: 1401 continuous, 7338 integer (7338 binary)
Coefficient statistics:
  Matrix range     [1e+00, 4e+02]
  Objective range  [1e+00, 1e+00]
  Bounds range     [1e+00, 1e+02]
  RHS range        [1e-01, 4e+02]
Presolve removed 705 rows and 278 columns
Presolve time: 0.09s
Presolved: 5483 rows, 8461 columns, 30683 nonzeros
Variable types: 880 continuous, 7581 integer (7581 binary)

Root relaxation: objective -7.293375e+03, 5753 iterations, 0.36 seconds

    Nodes    |    Current Node    |     Objective Bounds      |     Work
 Expl Unexpl |  Obj  Depth IntInf | Incumbent    BestBd   Gap | It/Node Time

     0     0 -7293.3746    0  624          - -7293.3746      -     -    0s
H    0     0                    -4603.396188 -7293.3746  58.4%     -    0s
H    0     0                    -4687.473272 -7293.3746  55.6%     -    0s
     0     0 -7246.2868    0  663 -4687.4733 -7246.2868  54.6%     -    1s
H    0     0                    -4766.856592 -7246.2868  52.0%     -    1s
     0     0 -7244.6509    0  819 -4766.8566 -7244.6509  52.0%     -    1s
     0     0 -7242.3579    0  832 -4766.8566 -7242.3579  51.9%     -    2s
     0     0 -7240.1466    0  769 -4766.8566 -7240.1466  51.9%     -    2s
     0     0 -7239.9608    0  751 -4766.8566 -7239.9608  51.9%     -    2s
     0     0 -7239.9608    0  751 -4766.8566 -7239.9608  51.9%     -    2s
     0     0 -7238.9179    0  757 -4766.8566 -7238.9179  51.9%     -    2s
     0     0 -7238.7400    0  777 -4766.8566 -7238.7400  51.9%     -    3s
     0     0 -7238.7299    0  777 -4766.8566 -7238.7299  51.9%     -    3s
     0     0 -7238.1709    0  792 -4766.8566 -7238.1709  51.8%     -    3s
     0     0 -7238.0120    0  794 -4766.8566 -7238.0120  51.8%     -    3s
     0     0 -7238.0085    0  808 -4766.8566 -7238.0085  51.8%     -    3s
     0     0 -7237.9620    0  827 -4766.8566 -7237.9620  51.8%     -    3s
     0     0 -7237.9613    0  832 -4766.8566 -7237.9613  51.8%     -    3s
     0     0 -7237.9369    0  816 -4766.8566 -7237.9369  51.8%     -    3s
     0     0 -7237.9369    0  814 -4766.8566 -7237.9369  51.8%     -    3s
     0     2 -7237.8170    0  814 -4766.8566 -7237.8170  51.8%     -    6s
H   32    40                    -4821.420318 -7237.0615  50.1%   308    7s
   118   136 -7221.2136    8  814 -4821.4203 -7235.9479  50.1%   354   10s
H  268   282                    -4998.071880 -7235.9479  44.8%   310   12s
   436   475 -7166.9359   28  531 -4998.0719 -7235.9479  44.8%   275   15s
H  622   672                    -5075.682203 -7235.9479  42.6%   244   17s
H  942  1002                    -5135.765259 -7235.9479  40.9%   205   19s
H  956  1002                    -5176.256183 -7235.9479  39.8%   206   19s
H 1007  1002                    -5515.495747 -7235.9479  31.2%   198   19s
  1023  1079 -6965.7035   56  297 -5515.4957 -7235.9479  31.2%   196   20s
H 1210  1192                    -5583.692552 -7235.9479  29.6%   180   20s
H 1237  1317                    -5629.983033 -7235.9479  28.5%   178   21s
H 2316  2356                    -5636.442099 -7235.9080  28.4%   128   23s
H 2412  2363                    -5638.106095 -7235.9080  28.3%   126   23s
* 2571  2573             371    -5646.425022 -7235.9080  28.2%   121   24s
  2658  2789 -7197.8594    9  522 -5646.4250 -7235.9080  28.2%   120   25s
H 2975  3036                    -5653.824429 -7235.9080  28.0%   114   29s
  3166  3056 -7131.8644   22  356 -5653.8244 -7235.9080  28.0%   111   30s
H 3526  3676                    -5748.688133 -7235.9080  25.9%   105   31s
H 3709  3687                    -5749.778998 -7235.9080  25.8%   101   31s
  4364  4092 -6844.9500   55  814 -5749.7790 -7235.9080  25.8%  91.8   37s
H 4365  3888                    -5798.375767 -7228.4267  24.7%  91.8   37s
H 4366  3693                    -5854.417253 -7211.6327  23.2%  91.8   38s
  4373  3698 -7104.2304   32  273 -5854.4173 -7140.1421  22.0%  91.6   40s
H 4389  3523                    -5857.039976 -7133.7452  21.8%  91.3   44s
H 4394  3350                    -5858.800180 -7132.7034  21.7%  91.2   45s
H 4397  3183                    -5871.942012 -7132.4424  21.5%  91.1   46s
  4407  3190 -7095.2369   37  523 -5871.9420 -7130.8181  21.4%  90.9   50s
  4423  3200 -7064.5370   51  616 -5871.9420 -7122.7127  21.3%  90.6   55s
  4433  3207 -6563.1247  216  703 -5871.9420 -7119.5976  21.2%  90.4   60s
H 4438  3049                    -5882.116539 -7119.0834  21.0%  90.3   61s
  4451  3058 -6698.8322   49  670 -5882.1165 -7117.2747  21.0%  90.0   65s
H 4474  2917                    -5884.551610 -7115.5619  20.9%  89.6   70s
H 4488  2781                    -5891.010676 -7115.2953  20.8%   108   74s
  4492  2784 -7115.2953   15  657 -5891.0107 -7115.2953  20.8%   108   75s
  4508  2795 -6475.3939  254  788 -5891.0107 -7115.2273  20.8%   107   80s
  4511  2800 -7114.8190   26  738 -5891.0107 -7115.0711  20.8%   113   90s
  4513  2803 -7114.5795   27  616 -5891.0107 -7114.9305  20.8%   113   97s
  4525  2818 -7113.2210   29  603 -5891.0107 -7114.9022  20.8%   115  100s
H 4537  2684                    -5912.356290 -7114.8448  20.3%   116  101s
H 4543  2549                    -5922.281301 -7114.7537  20.1%   117  101s
H 4588  2446                    -5930.404363 -7114.7079  20.0%   120  102s
  4602  2469 -7112.8092   33  537 -5930.4044 -7114.7079  20.0%   121  105s
H 4622  2358                    -5940.632205 -7114.4592  19.8%   123  105s
H 4634  2255                    -5965.494055 -7114.4592  19.3%   123  107s
H 4638  2144                    -5992.956339 -7113.3483  18.7%   124  107s
H 4686  2080                    -6017.725313 -7113.3483  18.2%   127  110s
H 4740  2003                    -6028.112691 -7113.3483  18.0%   129  114s
  4747  2030 -7110.2249   39  451 -6028.1127 -7113.3483  18.0%   129  115s
  4854  2121 -7108.1133   42  557 -6028.1127 -7113.3483  18.0%   134  120s
H 4957  2071                    -6029.725965 -7113.3483  18.0%   137  122s
H 4973  1978                    -6058.873021 -7113.3483  17.4%   138  122s
  5169  2129 -7109.5084   50  366 -6058.8730 -7113.3483  17.4%   141  125s
H 5176  2043                    -6058.873024 -7113.3483  17.4%   141  125s
H 5202  1954                    -6073.004911 -7113.3483  17.1%   141  125s
  5722  2388 -7102.9562   62  298 -6073.0049 -7113.3483  17.1%   144  130s
  6291  2679 -7091.1609   73  309 -6073.0049 -7113.3483  17.1%   143  137s
H 6722  2995                    -6074.057514 -7113.3483  17.1%   141  139s
  6871  3092 -7081.2076   85  297 -6074.0575 -7113.3483  17.1%   140  141s
  7699  3437 -6963.9940  109  280 -6074.0575 -7113.3483  17.1%   137  146s
  8261  3943 -7033.2514  131  309 -6074.0575 -7113.3483  17.1%   140  150s
H 8704  3993                    -6076.098919 -7113.3483  17.1%   141  151s
H 8972  4229                    -6084.056275 -7113.3483  16.9%   140  152s
  9358  4965 -6918.2416  171  253 -6084.0563 -7113.3483  16.9%   140  155s
 11505  7182 -6863.9686  221  203 -6084.0563 -7113.3483  16.9%   129  160s
 12697  8441 -6785.5346  253  175 -6084.0563 -7113.3483  16.9%   125  168s
 13399  8453 -6784.6686  276  172 -6084.0563 -7113.3483  16.9%   122  180s
H13503  9424                    -6085.669549 -7113.3483  16.9%   122  182s
 15055 10402 -6270.1859  356   20 -6085.6695 -7113.2614  16.9%   114  186s
H15507 10307                    -6097.782107 -7113.2614  16.7%   113  186s
 16760 11573 -7053.1013   51  434 -6097.7821 -7113.2531  16.7%   113  192s
 18392 13988 -6887.1680   86  246 -6097.7821 -7113.2531  16.7%   108  197s
H18927 13538                    -6148.277107 -7113.2531  15.7%   107  197s
 19914 14204 -6233.0588  316   58 -6148.2771 -7111.9543  15.7%   105  201s
H20003 14121                    -6158.123379 -7111.9543  15.5%   105  201s
H20036 14098                    -6161.727948 -7111.8508  15.4%   105  201s
H20151 14053                    -6166.809547 -7111.8508  15.3%   106  201s
*20777 13409             329    -6223.190375 -7111.8508  14.3%   105  201s
H21097 14124                    -6229.027081 -7111.6562  14.2%   105  204s
H21728 13779                    -6266.159334 -7111.6562  13.5%   103  204s
 21832 14638 -7070.9713   56  498 -6266.1593 -7111.6562  13.5%   104  208s
 22897 16294 -6819.4825  132  318 -6266.1593 -7111.2447  13.5%   103  212s
 24680 17902 -7081.0983   49  433 -6266.1593 -7110.4687  13.5%   100  216s
*26743 18475             343    -6281.404063 -7110.4687  13.2%  97.6  219s
 27426 19218 -7073.9661   55  334 -6281.4041 -7110.4687  13.2%  98.6  223s
H27713 19197                    -6282.662963 -7110.4687  13.2%  99.3  223s
 28219 20516 -7013.9783   74  318 -6282.6630 -7110.4687  13.2%   100  228s
H28337 19861                    -6321.216776 -7110.4687  12.5%   100  228s
H29191 19482                    -6345.929900 -7110.4687  12.0%   100  228s
 29662 20129 -6909.8128  133  209 -6345.9299 -7110.4687  12.0%   100  233s
 30392 21558 -6849.4353  187  107 -6345.9299 -7110.4687  12.0%   102  238s
 32165 22875 infeasible  389      -6345.9299 -7109.5408  12.0%   103  243s
 33746 24005 -6924.0435   75  334 -6345.9299 -7109.5408  12.0%   103  249s
 34993 25807 -6540.0192  103  141 -6345.9299 -7109.4922  12.0%   105  254s
H34994 25744                    -6350.623662 -7109.4922  11.9%   105  254s
 36969 28180 -7089.7198   32  586 -6350.6237 -7109.4922  11.9%   105  260s
H36987 28010                    -6361.011041 -7109.4922  11.8%   106  260s
H37666 28083                    -6361.024552 -7109.4922  11.8%   105  260s
 40127 28999 -7086.3522   41  437 -6361.0246 -7109.4922  11.8%   102  266s
 41216 30232 -7078.0672   50  407 -6361.0246 -7109.4922  11.8%   101  271s
 42635 31532 -6957.0808   87  274 -6361.0246 -7109.4922  11.8%   101  275s
 44046 33197 -6642.3108  201   90 -6361.0246 -7108.9117  11.8%   102  281s
 46023 35436 infeasible  289      -6361.0246 -7108.2620  11.7%   101  287s
H48519 35474                    -6367.140067 -7108.1484  11.6%  99.0  301s
H48525 35361                    -6370.875323 -7108.1484  11.6%  99.0  301s
 48786 37036 -6999.0333   64  283 -6370.8753 -7108.1219  11.6%  98.8  307s
 50907 38786 infeasible  228      -6370.8753 -7107.7822  11.6%  97.7  312s
H52202 38273                    -6389.456003 -7107.6551  11.2%  97.2  312s
 52819 40531 -7026.2826   75  311 -6389.4560 -7107.5276  11.2%  97.2  316s
 55354 42776 infeasible  325      -6389.4560 -7107.1748  11.2%  95.6  321s
 57887 43761 -6417.5035  235   49 -6389.4560 -7106.8166  11.2%  94.3  325s
 59026 45045 -7027.2800   62  405 -6389.4560 -7106.7606  11.2%  94.6  330s
 61526 47306 -6943.6372   75  340 -6389.4560 -7106.2781  11.2%  95.3  338s
 63244 49014 -7090.2439   51  469 -6389.4560 -7106.0132  11.2%  95.4  342s
 65179 51199 -7059.7666   60  375 -6389.4560 -7105.8280  11.2%  95.0  347s
 67712 51345 -7044.4297   47  407 -6389.4560 -7105.6541  11.2%  93.9  353s
 67855 53170 -6975.2717   67  236 -6389.4560 -7105.6536  11.2%  94.1  358s
 69869 54825 -6992.3935   79  311 -6389.4560 -7105.6156  11.2%  93.7  362s
 71805 56952 -7002.1681   75  321 -6389.4560 -7105.4653  11.2%  93.3  367s
 74274 59095 -6924.8479  108  260 -6389.4560 -7105.2555  11.2%  92.3  371s
 76669 60134 -6918.0049   96  221 -6389.4560 -7105.1349  11.2%  91.6  376s
H76903 58789                    -6406.614788 -7105.1349  10.9%  91.4  376s
 77877 60785     cutoff  287      -6406.6148 -7105.1258  10.9%  91.2  380s
*81791 63325             254    -6407.383209 -7104.9107  10.9%  89.9  384s
 83042 65226 -6623.9930  217  132 -6407.3832 -7104.8537  10.9%  89.5  389s
H83278 56435                    -6528.221085 -7104.8537  8.83%  89.4  389s
 85290 57477 -6726.5139  186  143 -6528.2211 -7104.7300  8.83%  88.9  393s
 86678 58696 -7076.4169   43  505 -6528.2211 -7104.6268  8.83%  89.2  397s
 88009 61425 -7092.2645   45  539 -6528.2211 -7104.6268  8.83%  89.5  403s
H88076 61293                    -6530.047793 -7104.6268  8.80%  89.7  403s
 91194 63111 -7065.8910   59  302 -6530.0478 -7104.6268  8.80%  88.2  407s
H91361 62849                    -6533.858333 -7104.6268  8.74%  88.2  407s
H93045 61437                    -6551.504434 -7104.6268  8.44%  87.8  408s
 93138 62668 -6805.8528  141   61 -6551.5044 -7104.6127  8.44%  87.9  411s
H93284 62150                    -6556.942263 -7104.6127  8.35%  88.0  411s
 94638 63257 -6756.5944  161   10 -6556.9423 -7104.4521  8.35%  87.9  416s
H95529 61203                    -6579.489734 -7104.3758  7.98%  87.9  416s
 96069 61648 -6639.0726  193   33 -6579.4897 -7104.3318  7.98%  88.1  420s
H96264 61093                    -6585.948800 -7104.3293  7.87%  88.2  420s
H96368 60955                    -6587.406250 -7104.3293  7.85%  88.3  420s
H96648 59766                    -6600.071958 -7104.3293  7.64%  88.7  420s
 97516 61559 -7049.8410   67  252 -6600.0720 -7104.2599  7.64%  89.2  428s
H98737 61334                    -6603.040148 -7104.1663  7.59%  89.2  428s
 98848 62775 -7089.6530   47  447 -6603.0401 -7104.1535  7.59%  89.2  432s
H100105 62122                    -6609.454003 -7104.1329  7.48%  89.1  432s
 100554 63601 infeasible   34      -6609.4540 -7104.1329  7.48%  89.1  436s
 102341 65111 -6943.4122  104  350 -6609.4540 -7104.0226  7.48%  88.8  440s
 104070 66324 -7040.6835   65  394 -6609.4540 -7103.8764  7.48%  88.5  445s
H104499 66296                    -6609.802440 -7103.8764  7.47%  88.5  445s
 106035 68190 -7005.2508   53  234 -6609.8024 -7103.6947  7.47%  89.2  453s
H106205 68010                    -6611.305100 -7103.6947  7.45%  89.1  453s
 107596 69958 -7074.1478   43  408 -6611.3051 -7103.6502  7.45%  89.4  458s
 109945 71254 -7078.3077   53  342 -6611.3051 -7103.5844  7.45%  88.9  462s
 111355 72717 -7076.6015   43  399 -6611.3051 -7103.4965  7.44%  88.9  467s
 113196 73548 infeasible  240      -6611.3051 -7103.3902  7.44%  88.7  471s
 114095 74874 -6656.5938  178   66 -6611.3051 -7103.3669  7.44%  89.1  476s
 115806 75809 -6617.1822  201    - -6611.3051 -7103.2740  7.44%  89.0  480s
 118245 78482 -6935.4641   71  299 -6611.3051 -7103.0769  7.44%  89.4  488s
H119313 78415                    -6611.944305 -7103.0738  7.43%  89.3  488s
 120050 79780 -6982.6113   75  348 -6611.9443 -7103.0543  7.43%  89.2  492s
 121635 81409 -7044.3484   65  477 -6611.9443 -7102.9598  7.43%  89.2  497s
H123026 81292                    -6613.228196 -7102.9598  7.41%  89.0  497s
 123519 82070 -6818.1240  138  234 -6613.2282 -7102.9554  7.41%  88.9  500s
H124294 82070                    -6613.228200 -7102.8567  7.40%  89.1  501s
H124449 69112                    -6711.074621 -7102.8567  5.84%  89.2  505s
 126244 71299 -7036.1720   60  314 -6711.0746 -7102.6569  5.83%  90.0  513s
H128119 71722                    -6717.858051 -7102.6386  5.73%  89.8  517s
H129334 71119                    -6722.117530 -7102.5933  5.66%  89.5  518s
 129802 72251 -6759.8581  278   12 -6722.1175 -7102.5603  5.66%  89.6  521s
 131212 72975     cutoff  288      -6722.1175 -7102.4945  5.66%  89.7  525s
H132486 71484                    -6738.355659 -7102.4460  5.40%  90.1  529s
 133517 72556 -7052.9149   49  305 -6738.3557 -7102.4004  5.40%  90.1  533s
 134825 73255 -7065.0623   57  320 -6738.3557 -7102.3372  5.40%  90.3  537s
 135567 74634 -6927.8508   93  124 -6738.3557 -7102.3366  5.40%  90.8  542s
 137233 75839 -6780.7405  151   51 -6738.3557 -7102.3242  5.40%  91.0  547s
H137921 75526                    -6740.222163 -7102.2385  5.37%  91.1  547s
 138711 76785 -6764.2409  156  130 -6740.2222 -7102.1804  5.37%  91.1  551s
 140250 78044 -7069.7273   61  509 -6740.2222 -7102.0972  5.37%  91.1  555s
H141305 77328                    -6744.503013 -7102.0972  5.30%  91.2  555s
 143298 80291 -6887.1370  165   82 -6744.5030 -7101.9514  5.30%  91.2  564s
 145169 81403 -7014.7204   61  385 -6744.5030 -7101.8618  5.30%  90.9  568s
 146406 82995 -6914.9763   85  275 -6744.5030 -7101.8556  5.30%  91.1  573s
 148235 84257 -7054.4481   42  409 -6744.5030 -7101.8373  5.30%  90.8  578s
 149762 85578 -6771.2522  146  106 -6744.5030 -7101.7886  5.30%  90.6  582s
 151298 86614 -6781.3006   82  221 -6744.5030 -7101.7259  5.30%  90.6  586s
 152564 88249 -7036.0731   72  430 -6744.5030 -7101.6791  5.30%  90.7  591s
 154403 89688 -6775.8098  124   80 -6744.5030 -7101.6528  5.30%  90.6  595s
 155961 91047 -6877.9521  109  243 -6744.5030 -7101.6446  5.30%  90.7  600s
 158627 93376 -7084.7800   46  345 -6744.5030 -7101.5488  5.29%  90.9  608s
 160495 94226 -7082.4353   47  406 -6744.5030 -7101.4289  5.29%  90.8  613s
 161483 95006 -6767.4421  189   74 -6744.5030 -7101.4027  5.29%  90.9  617s
 162342 96401 -6841.8751   91  214 -6744.5030 -7101.3647  5.29%  91.2  622s
 164005 97449 -7095.2107   51  433 -6744.5030 -7101.3421  5.29%  91.3  626s
 165225 98662 -6898.2503  152  140 -6744.5030 -7101.2909  5.29%  91.3  630s
 167934 100937 -7030.7893   77  271 -6744.5030 -7101.0702  5.29%  91.4  638s
H168975 100823                    -6745.001845 -7101.0370  5.28%  91.4  638s
 169486 102012 -7055.4765   50  294 -6745.0018 -7100.9998  5.28%  91.3  642s
 170980 102597 -7046.3079   57  361 -6745.0018 -7100.9314  5.28%  91.3  646s
 173037 105281 -7078.7282   32  628 -6745.0018 -7100.7789  5.27%  91.6  653s
 174804 106490 -7056.0079   44  451 -6745.0018 -7100.7156  5.27%  91.4  657s
 176278 107343 -6770.0460   98  220 -6745.0018 -7100.6628  5.27%  91.5  662s
 177316 108507 -7069.5717   43  465 -6745.0018 -7100.6288  5.27%  91.5  665s
 179867 110185 -7089.1837   54  392 -6745.0018 -7100.4651  5.27%  91.8  674s
 180854 111363 -7033.7422   72  220 -6745.0018 -7100.4358  5.27%  92.1  679s
 182282 112489     cutoff  148      -6745.0018 -7100.3562  5.27%  92.1  684s
 183670 113270 -6995.2140   70  315 -6745.0018 -7100.2642  5.27%  92.2  688s
 184431 114603 -6849.8162   99  146 -6745.0018 -7100.2520  5.27%  92.5  693s
 185943 115887 -6852.8685  147  213 -6745.0018 -7100.2228  5.27%  92.5  697s
 187409 116879 -6894.6414  125  237 -6745.0018 -7100.1706  5.27%  92.5  701s
H188319 116879                    -6745.001848 -7100.1633  5.27%  92.5  701s
 188604 118179 -6786.0295  104  249 -6745.0018 -7100.1439  5.27%  92.6  706s
 190191 119124     cutoff  119      -6745.0018 -7100.0803  5.26%  92.6  710s
 192346 121182 -7064.0043   70  170 -6745.0018 -7099.9280  5.26%  92.9  718s
 193672 122922 -7080.3610   54  404 -6745.0018 -7099.9269  5.26%  93.1  724s
 195623 124074 -6948.1451   83  265 -6745.0018 -7099.9264  5.26%  92.9  728s
H196929 125478                    -6745.001852 -7099.8822  5.26%  93.1  733s
H197399 125437                    -6745.319825 -7099.8822  5.26%  93.1  733s
H197549 123919                    -6751.581666 -7099.8822  5.16%  93.1  733s
*197599 113498             160    -6782.943529 -7099.8822  4.67%  93.1  733s
 198501 114349 -6844.6504  112  150 -6782.9435 -7099.8644  4.67%  93.0  738s
 199810 115268 -7075.4187   52  430 -6782.9435 -7099.7962  4.67%  93.2  742s
 200949 116512 -7066.6716   58  355 -6782.9435 -7099.7102  4.67%  93.3  746s
 202361 117785 -7043.8126   56  384 -6782.9435 -7099.6378  4.67%  93.4  750s
 203858 119028 infeasible  143      -6782.9435 -7099.5828  4.67%  93.3  755s
H204065 115289                    -6793.005512 -7099.5817  4.51%  93.3  755s
 206500 117713 -6855.8314  119   91 -6793.0055 -7099.4876  4.51%  93.3  764s
 208058 118990 -6990.6782   78  292 -6793.0055 -7099.4838  4.51%  93.4  768s
 209586 120123 -7059.4682   60  375 -6793.0055 -7099.4780  4.51%  93.5  773s
H210659 116966                    -6800.710361 -7099.4098  4.39%  93.4  773s
 211096 118474 -7038.4863   49  389 -6800.7104 -7099.3757  4.39%  93.4  777s
 212855 119372 -7074.5770   38  487 -6800.7104 -7099.3669  4.39%  93.3  781s
 213972 120332 -6866.5395   75  388 -6800.7104 -7099.3260  4.39%  93.4  785s
 216750 122764 -7091.3887   44  387 -6800.7104 -7099.1984  4.39%  93.5  793s
 218247 124038 -7087.3135   55  258 -6800.7104 -7099.1707  4.39%  93.5  797s
 219785 125263 -7054.0374   60  383 -6800.7104 -7099.1147  4.39%  93.5  802s
 221244 126409 -7092.6152   56  368 -6800.7104 -7099.0645  4.39%  93.5  806s
 222603 127389 -7095.5683   37  457 -6800.7104 -7099.0226  4.39%  93.5  810s
 224899 129161     cutoff   52      -6800.7104 -7098.9496  4.39%  94.0  818s
 225996 130179 -7066.3316   57  353 -6800.7104 -7098.9196  4.38%  94.2  823s
 227228 131395 -6895.8346   67  321 -6800.7104 -7098.8035  4.38%  94.3  827s
 228653 132657 -6937.4877  103  188 -6800.7104 -7098.7613  4.38%  94.4  831s
 230280 133935 -7070.4949   56  293 -6800.7104 -7098.6981  4.38%  94.3  836s
 231802 134970 -7023.1826   66  281 -6800.7104 -7098.6729  4.38%  94.3  840s
 233927 136482 -6974.7045   72  401 -6800.7104 -7098.6131  4.38%  94.7  848s
 234966 137644 -6945.3944   81  284 -6800.7104 -7098.5113  4.38%  95.0  852s
 236373 138983 -7006.4520   68  349 -6800.7104 -7098.4918  4.38%  95.0  857s
 237966 139837 -6941.6251   59  457 -6800.7104 -7098.4254  4.38%  95.0  861s
 239035 141305 -7054.5758   79  419 -6800.7104 -7098.3985  4.38%  95.1  865s
 241830 142713 -7052.0979   63  310 -6800.7104 -7098.3246  4.38%  95.3  873s
 242511 143835 -6952.4833   92  256 -6800.7104 -7098.3155  4.38%  95.6  878s
 243958 145026 -6903.7079   77  312 -6800.7104 -7098.3106  4.38%  95.7  882s
 245399 145443 -6816.4982  159  122 -6800.7104 -7098.2283  4.37%  95.8  886s
H245429 136209                    -6819.846378 -7098.2283  4.08%  95.8  886s
 245916 137175 -7058.3845   42  567 -6819.8464 -7098.2283  4.08%  95.9  891s
 247114 138083 -6920.9338  119  306 -6819.8464 -7098.1951  4.08%  96.0  895s
 248219 139405 -6954.6104   76  266 -6819.8464 -7098.1073  4.08%  96.1  900s
 250920 141366 -7064.5343   53  398 -6819.8464 -7098.0631  4.08%  96.3  908s
 252069 142569 -7064.8315   58  233 -6819.8464 -7098.0158  4.08%  96.5  913s
 253458 143701 -7053.6201   44  421 -6819.8464 -7098.0121  4.08%  96.6  918s
 254773 144747 -6848.2652   73  268 -6819.8464 -7097.9950  4.08%  96.7  922s
 256091 145912     cutoff   94      -6819.8464 -7097.9539  4.08%  96.8  927s
 257542 146839 -7086.8839   59  397 -6819.8464 -7097.8779  4.08%  96.9  931s
 258648 148075 -7067.0295   50  257 -6819.8464 -7097.8250  4.08%  97.1  936s
 260066 149374     cutoff   72      -6819.8464 -7097.8244  4.08%  97.1  940s
 263048 151641 -7078.7361   55  406 -6819.8464 -7097.6899  4.07%  97.2  948s
 264430 152458 -7023.7601   57  478 -6819.8464 -7097.6510  4.07%  97.3  952s
 265430 153860 -7065.8404   62  451 -6819.8464 -7097.6195  4.07%  97.4  957s
 267017 154832 -6951.6125   70  310 -6819.8464 -7097.6039  4.07%  97.5  961s
 268127 155999 -7086.1760   56  368 -6819.8464 -7097.5917  4.07%  97.7  965s
 270936 158178 -6842.5416   95  289 -6819.8464 -7097.4544  4.07%  97.8  974s
 272241 159124 -7089.8976   41  544 -6819.8464 -7097.4202  4.07%  97.8  978s
 273383 160539 -7081.1657   49  369 -6819.8464 -7097.3646  4.07%  97.9  983s
 274947 162163 -6999.9985   77  170 -6819.8464 -7097.3599  4.07%  98.0  989s
 276807 163199 infeasible  148      -6819.8464 -7097.3367  4.07%  98.0  993s
 278159 164242 -7073.8882   49  373 -6819.8464 -7097.2719  4.07%  98.0  997s
 279431 165670 -7072.1937   46  398 -6819.8464 -7097.2236  4.07%  98.1 1002s
 281113 166644 -7084.1974   62  370 -6819.8464 -7097.1937  4.07%  98.0 1006s
 282346 167809 -7072.7107   56  400 -6819.8464 -7097.1500  4.07%  98.1 1010s
 285095 170064 -7008.7479   87  347 -6819.8464 -7097.0531  4.06%  98.2 1018s
 286694 171271 infeasible  279      -6819.8464 -7096.9793  4.06%  98.1 1022s
 288206 172279 -7061.5214   54  534 -6819.8464 -7096.9173  4.06%  98.0 1026s
 289480 174021 -6880.0907  100  341 -6819.8464 -7096.8790  4.06%  98.1 1031s
 291534 175060 -7060.0008   53  479 -6819.8464 -7096.8542  4.06%  98.0 1036s
 292618 176204 -6967.0937   72  253 -6819.8464 -7096.8498  4.06%  98.1 1041s
 294034 177402     cutoff  191      -6819.8464 -7096.8425  4.06%  98.2 1045s
 295473 178372 -7086.0633   41  402 -6819.8464 -7096.7473  4.06%  98.2 1050s
 297823 180044 -7059.9396   62  448 -6819.8464 -7096.6684  4.06%  98.4 1058s
 298912 180970 -6997.4017   57  296 -6819.8464 -7096.6141  4.06%  98.6 1062s
 300054 181818 -6987.4993   60  303 -6819.8464 -7096.6046  4.06%  98.7 1066s
 301128 182788 -6986.0840   57  386 -6819.8464 -7096.5752  4.06%  98.9 1070s
 302342 183634 -7079.6655   61  392 -6819.8464 -7096.5393  4.06%  99.0 1075s
 304429 185174 -7008.2527   61  313 -6819.8464 -7096.4669  4.06%  99.3 1083s
 305365 186009 -7012.3696   61  322 -6819.8464 -7096.4226  4.06%  99.5 1088s
 306321 186640 -7039.8472   49  382 -6819.8464 -7096.4117  4.06%   100 1092s
 307193 187399 -7015.7533   65  430 -6819.8464 -7096.4113  4.06%   100 1097s
 308118 188302 -6880.1479  103  118 -6819.8464 -7096.3808  4.05%   100 1102s
 309311 189307 -6838.4388   64  242 -6819.8464 -7096.3394  4.05%   100 1106s
 310499 190491 -6869.0364  117  320 -6819.8464 -7096.3251  4.05%   100 1111s
 311942 191660 -7068.7671   67  461 -6819.8464 -7096.2446  4.05%   100 1116s
 313354 193207 -7036.0744   44  462 -6819.8464 -7096.2144  4.05%   100 1120s
 316577 195154 -6886.0098   72  244 -6819.8464 -7096.1191  4.05%   100 1129s
 317646 195802 -7084.6397   56  362 -6819.8464 -7096.0889  4.05%   101 1133s
 318455 196583 -7049.8206   49  442 -6819.8464 -7096.0887  4.05%   101 1137s
 319537 197418 -7023.5659   46  409 -6819.8464 -7096.0523  4.05%   101 1141s
 320650 198399 -6962.5204   78  287 -6819.8464 -7095.9968  4.05%   101 1146s
 321885 199259 -6935.1490   76  342 -6819.8464 -7095.9514  4.05%   101 1150s
 324249 201293 -7049.1270   48  394 -6819.8464 -7095.9038  4.05%   101 1159s
 325684 202531 -6961.0184   54  420 -6819.8464 -7095.8521  4.05%   101 1164s
 327213 204112 -6925.6281   97  244 -6819.8464 -7095.8141  4.05%   101 1169s
 329007 205419 -7023.3698   47  413 -6819.8464 -7095.8006  4.05%   101 1174s
 330594 206441 -7087.2539   49  420 -6819.8464 -7095.7322  4.05%   101 1178s
 331887 207693 -7027.7128   64  328 -6819.8464 -7095.7048  4.04%   101 1183s
 333399 208785 -7057.2398   63  288 -6819.8464 -7095.6734  4.04%   101 1188s
 334697 209589 -6985.8100   62  372 -6819.8464 -7095.6286  4.04%   101 1193s
 335767 210369 -6913.0749   78  261 -6819.8464 -7095.5995  4.04%   102 1197s
 336821 211357 -7078.4905   46  294 -6819.8464 -7095.5799  4.04%   102 1202s
 338187 212409 -6955.8037   59  394 -6819.8464 -7095.5400  4.04%   102 1206s
 339458 213430 -7090.7035   48  330 -6819.8464 -7095.4960  4.04%   102 1211s
 340756 214726 -6922.5759   96  116 -6819.8464 -7095.4706  4.04%   102 1215s
 342382 215722 -7076.6012   46  376 -6819.8464 -7095.4338  4.04%   102 1220s
 344407 217040 -6858.3034   77  230 -6819.8464 -7095.3531  4.04%   102 1229s
 345305 217883 -6929.1700   57  339 -6819.8464 -7095.3260  4.04%   103 1233s
 346390 219354 -7060.1639   52  425 -6819.8464 -7095.2761  4.04%   103 1238s
 348122 220449 -6880.7872  111  244 -6819.8464 -7095.2346  4.04%   103 1243s
 349449 221721 -6860.5891  100  213 -6819.8464 -7095.2041  4.04%   103 1248s
 350984 223145 -7038.0471   67  379 -6819.8464 -7095.1772  4.04%   103 1253s
 352724 224381 -6910.8428   96  295 -6819.8464 -7095.1477  4.04%   103 1257s
 354163 225929     cutoff  111      -6819.8464 -7095.1211  4.04%   103 1262s
 355992 227001 -6989.6762   70  369 -6819.8464 -7095.0759  4.04%   103 1267s
 357314 228301 -7083.8381   57  418 -6819.8464 -7095.0406  4.04%   103 1272s
 358805 229757 infeasible  170      -6819.8464 -7095.0201  4.03%   103 1277s
 360538 230912 -6970.5868   47  409 -6819.8464 -7094.9709  4.03%   103 1282s
 361863 232242 -6969.4771   70  212 -6819.8464 -7094.9369  4.03%   103 1287s
 363369 233521 infeasible  257      -6819.8464 -7094.9296  4.03%   103 1292s
 364975 234576 -7052.0686   55  477 -6819.8464 -7094.9259  4.03%   103 1297s
 366106 235727 -6871.4563   66  466 -6819.8464 -7094.9259  4.03%   103 1302s
 367574 236541 -6861.7597   78  290 -6819.8464 -7094.8766  4.03%   103 1307s
H367996 236295                    -6820.212884 -7094.8220  4.03%   103 1307s
 368518 237166 -7018.1044   56  281 -6820.2129 -7094.8120  4.03%   103 1312s
 369548 238041 -6911.4150   85  225 -6820.2129 -7094.7895  4.03%   103 1317s
 370870 238909 infeasible  176      -6820.2129 -7094.7336  4.03%   103 1322s
 371948 240219 -7049.4958   51  454 -6820.2129 -7094.7134  4.02%   103 1327s
 373477 241261 -7012.2698   53  431 -6820.2129 -7094.6920  4.02%   104 1332s
 374736 242105 -6834.5551   78  364 -6820.2129 -7094.6607  4.02%   104 1336s
 375743 242865 -6965.6055   69  401 -6820.2129 -7094.6255  4.02%   104 1341s
 376658 243555     cutoff   91      -6820.2129 -7094.6182  4.02%   104 1347s
 377809 244472 -6893.4611   65  285 -6820.2129 -7094.6100  4.02%   104 1352s
 379060 245896 -6921.0822  113  351 -6820.2129 -7094.5847  4.02%   104 1358s
 380851 246877 -6951.9395   66  321 -6820.2129 -7094.5571  4.02%   104 1362s
 381993 248035 -6969.8569   85  246 -6820.2129 -7094.5388  4.02%   104 1367s
 383308 249132 infeasible  162      -6820.2129 -7094.5366  4.02%   104 1372s
 384665 249872 -7032.1438   60  486 -6820.2129 -7094.4982  4.02%   104 1378s
 385609 250820 -6872.1272   79  330 -6820.2129 -7094.4818  4.02%   105 1382s
 386777 252024 -7076.1173   54  348 -6820.2129 -7094.4747  4.02%   105 1388s
 388296 253369 -7052.6149   49  470 -6820.2129 -7094.4372  4.02%   105 1393s
 389875 254776 -6995.5946   62  407 -6820.2129 -7094.4034  4.02%   105 1398s
 391603 255914 -6825.0238   95  287 -6820.2129 -7094.3734  4.02%   105 1402s
 393019 257483 -7083.2412   56  483 -6820.2129 -7094.3395  4.02%   105 1408s
 394885 258997 -6859.6672  109  152 -6820.2129 -7094.3093  4.02%   105 1412s
 396711 260258 -7052.2666   52  412 -6820.2129 -7094.2744  4.02%   105 1418s
 398280 261543 -6962.2356   73  309 -6820.2129 -7094.2440  4.02%   105 1422s
 399817 262759 -6915.4424   89  301 -6820.2129 -7094.2280  4.02%   105 1427s
 401395 264247 -6828.6179  125  226 -6820.2129 -7094.1916  4.02%   105 1432s
 403163 265717 -7080.1358   44  471 -6820.2129 -7094.1655  4.02%   105 1438s
 404846 267054 -6998.1684   72  356 -6820.2129 -7094.1366  4.02%   105 1443s
 406457 267797 -6886.5029   75  376 -6820.2129 -7094.0985  4.02%   105 1448s
 407419 268729 -7090.1934   51  468 -6820.2129 -7094.0631  4.02%   105 1453s
 408572 269554 -7035.5605   64  256 -6820.2129 -7094.0409  4.01%   105 1459s
 409471 270569 -7077.4869   42  525 -6820.2129 -7094.0409  4.01%   105 1464s
 410670 271668 -7036.3909   58  350 -6820.2129 -7094.0340  4.01%   105 1470s
 412035 272406     cutoff  233      -6820.2129 -7093.9816  4.01%   105 1475s
 413880 273984 -6845.1463   74  315 -6820.2129 -7093.9246  4.01%   105 1484s
 415034 275144 -6956.7780   69  324 -6820.2129 -7093.9032  4.01%   106 1489s
 416388 276382 -7018.4372   72  375 -6820.2129 -7093.8646  4.01%   106 1494s
 417964 276930 -6993.4910   68  426 -6820.2129 -7093.8385  4.01%   106 1499s
H418052 276930                    -6820.212893 -7093.8385  4.01%   106 1499s
 418663 278129 -7081.8544   54  387 -6820.2129 -7093.8214  4.01%   106 1504s
 420062 279365 -6868.5317   95  310 -6820.2129 -7093.8010  4.01%   106 1509s
 421536 280630     cutoff  162      -6820.2129 -7093.7779  4.01%   106 1514s
 423056 281765 -6965.3407   72  371 -6820.2129 -7093.7320  4.01%   106 1518s
 424511 282826 -7039.1246   40  493 -6820.2129 -7093.7031  4.01%   106 1524s
 425806 283662 -6848.8812  136   30 -6820.2129 -7093.6935  4.01%   106 1529s
 426798 284813 -6834.6880   88  149 -6820.2129 -7093.6482  4.01%   106 1534s
 428202 286064 -6963.3544   93  370 -6820.2129 -7093.6261  4.01%   106 1539s
 429682 287435 -6868.0475   90  352 -6820.2129 -7093.6024  4.01%   106 1544s
 431390 288402 -7007.9928   61  428 -6820.2129 -7093.5762  4.01%   106 1549s
 432743 288893 -7051.2506   56  463 -6820.2129 -7093.5440  4.01%   106 1554s
 433324 290394 -6920.6994  154  204 -6820.2129 -7093.5437  4.01%   106 1560s
 436640 292460 -7059.4053   55  375 -6820.2129 -7093.4524  4.01%   106 1569s
 437748 293359 -6934.7086   59  233 -6820.2129 -7093.4247  4.01%   106 1574s
 438914 294096 -6970.9374   74  332 -6820.2129 -7093.4044  4.01%   106 1579s
 439837 294965 -7047.5248   49  432 -6820.2129 -7093.4044  4.01%   106 1584s
 440857 295726 -6906.6913   66  307 -6820.2129 -7093.3726  4.01%   106 1589s
 441839 296592 -6974.7369   57  371 -6820.2129 -7093.3369  4.00%   107 1595s
 442944 297388 -6848.7227   98  230 -6820.2129 -7093.3365  4.00%   107 1600s
 443988 298350 -6851.2992  126  119 -6820.2129 -7093.2955  4.00%   107 1605s
 445295 299473 -6991.0771   62  475 -6820.2129 -7093.2738  4.00%   107 1610s
 446675 299801 -6917.1664   90  210 -6820.2129 -7093.2205  4.00%   107 1616s
 447052 301115 -7067.3476   41  414 -6820.2129 -7093.2205  4.00%   107 1621s
 448604 302524 -7052.4743   65  350 -6820.2129 -7093.1854  4.00%   107 1627s
 450336 303554 -7089.2031   55  306 -6820.2129 -7093.1757  4.00%   107 1632s
 451521 304665 -7047.3651   52  377 -6820.2129 -7093.1429  4.00%   107 1637s
 452949 305627     cutoff  108      -6820.2129 -7093.1190  4.00%   107 1643s
H454207 304911                    -6821.264131 -7093.0997  3.99%   107 1644s
 454294 305717 -7078.1375   51  447 -6821.2641 -7093.0880  3.98%   107 1648s
 455529 306859 -7072.7985   53  328 -6821.2641 -7093.0567  3.98%   107 1653s
 456958 307968 -6948.2858   92  302 -6821.2641 -7093.0277  3.98%   107 1659s
 458301 308860 -6932.9553   99  302 -6821.2641 -7092.9988  3.98%   107 1664s
 459345 309879 -7087.8765   46  369 -6821.2641 -7092.9939  3.98%   108 1670s
 460630 310672 -7018.5808   45  498 -6821.2641 -7092.9605  3.98%   108 1675s
 461633 311914 -7088.6257   40  518 -6821.2641 -7092.9178  3.98%   108 1680s
 463229 312743 -6894.4086   70  412 -6821.2641 -7092.8888  3.98%   108 1685s
 464256 314017 -6844.7775   98  375 -6821.2641 -7092.8702  3.98%   108 1691s
 465791 314969 -6986.0408   48  409 -6821.2641 -7092.8478  3.98%   108 1696s
 466962 315978 -6951.6592   50  371 -6821.2641 -7092.8345  3.98%   108 1702s
 468105 317149 -7064.2983   50  448 -6821.2641 -7092.8319  3.98%   108 1708s
 469594 318099 -7002.5333   67  319 -6821.2641 -7092.8228  3.98%   108 1713s
 470788 319046     cutoff  163      -6821.2641 -7092.7750  3.98%   108 1718s
 471967 320204 -7091.8669   42  642 -6821.2641 -7092.7427  3.98%   108 1725s
 473383 321622 -7031.2654   70  372 -6821.2641 -7092.7197  3.98%   108 1730s
 475039 323040 -6872.7404   94  359 -6821.2641 -7092.6891  3.98%   108 1735s
 476738 324173 -6857.7580  110  163 -6821.2641 -7092.6598  3.98%   108 1740s
 478109 325001 -6914.6561   87  222 -6821.2641 -7092.6159  3.98%   108 1746s
 479210 326162 -6944.0751   86  258 -6821.2641 -7092.5937  3.98%   109 1751s
 480661 327059 -7076.9920   53  356 -6821.2641 -7092.5409  3.98%   108 1756s
 481761 328265 -7015.8149   41  574 -6821.2641 -7092.5260  3.98%   109 1762s
 483123 329297 -6914.5998   61  361 -6821.2641 -7092.5168  3.98%   109 1767s
 484358 330334 -6959.0125   96  356 -6821.2641 -7092.4865  3.98%   109 1772s
 485716 331675 -7036.3127   69  382 -6821.2641 -7092.4433  3.98%   109 1777s
 487320 332985 -7038.1306   52  426 -6821.2641 -7092.4100  3.98%   109 1783s
 488869 334042     cutoff  123      -6821.2641 -7092.3760  3.97%   109 1789s
H489309 332681                    -6823.109626 -7092.3643  3.95%   109 1789s
 490068 333975 -6918.6974   65  307 -6823.1096 -7092.3436  3.95%   109 1795s
 491607 335192 -7066.8810   51  466 -6823.1096 -7092.3205  3.95%   109 1800s
 492979 336674 -6976.0202   65  376 -6823.1096 -7092.3189  3.95%   109 1805s
 494806 337532 -6970.4345   71  196 -6823.1096 -7092.2797  3.94%   109 1811s
 495878 338434 -6842.7285  129  129 -6823.1096 -7092.2548  3.94%   109 1816s
 496991 339841 -6828.3148   75  347 -6823.1096 -7092.2375  3.94%   109 1822s
 498685 340993 -6932.3322   88  232 -6823.1096 -7092.2262  3.94%   109 1828s
 500164 342126 -6968.7195   89  378 -6823.1096 -7092.2032  3.94%   109 1833s
 501572 342380 -7026.8915   69  379 -6823.1096 -7092.1632  3.94%   109 1842s
 501897 343322 -7024.5226   57  401 -6823.1096 -7092.1611  3.94%   109 1847s
 503034 344740 -6831.8564  149  104 -6823.1096 -7092.1341  3.94%   109 1853s
 504745 346232 -6996.9440   55  456 -6823.1096 -7092.1153  3.94%   109 1858s
 506553 347057 -6941.3732   74  389 -6823.1096 -7092.0935  3.94%   109 1863s
 507543 347917     cutoff   89      -6823.1096 -7092.0607  3.94%   110 1869s
 508735 349062 -6901.8582  100  304 -6823.1096 -7092.0420  3.94%   110 1874s
 510125 349942 -7058.7511   54  453 -6823.1096 -7092.0157  3.94%   110 1880s
 511277 351080 -7014.8938   53  425 -6823.1096 -7091.9924  3.94%   110 1885s
 512595 352605 -6879.8218  114  319 -6823.1096 -7091.9892  3.94%   110 1891s
 514371 354024 -7009.1570   66  424 -6823.1096 -7091.9525  3.94%   110 1897s
 516122 355019 -7030.3324   59  431 -6823.1096 -7091.9173  3.94%   110 1902s
 517356 356406 -6976.6358   72  389 -6823.1096 -7091.8970  3.94%   110 1908s
 519008 357109 -7040.4416   43  386 -6823.1096 -7091.8648  3.94%   110 1914s
 519954 358131 -6861.0024   68  324 -6823.1096 -7091.8251  3.94%   110 1920s
H520503 358131                    -6823.109627 -7091.8153  3.94%   110 1920s
 521358 359234 -7056.0594   52  380 -6823.1096 -7091.7958  3.94%   110 1925s
 522850 360259 -6860.4421   84  352 -6823.1096 -7091.7763  3.94%   110 1931s
 524159 361073 -6984.4618   72  477 -6823.1096 -7091.7720  3.94%   110 1936s
 525267 361989 -6832.4544  106  288 -6823.1096 -7091.7408  3.94%   110 1941s
H526356 363152                    -6823.109632 -7091.7139  3.94%   110 1947s
 527709 364167     cutoff   71      -6823.1096 -7091.7113  3.94%   110 1953s
 529019 365181 -7084.9052   51  402 -6823.1096 -7091.6948  3.94%   111 1958s
 530288 366593 -6944.2532   56  385 -6823.1096 -7091.6768  3.94%   111 1964s
 531949 367818 -7077.5311   59  433 -6823.1096 -7091.6430  3.94%   111 1969s
H533049 363332                    -6827.532500 -7091.6293  3.87%   111 1969s
 533400 364611 -6829.0352  185    7 -6827.5325 -7091.6190  3.87%   111 1975s
 534943 365865 infeasible  189      -6827.5325 -7091.5870  3.87%   111 1980s
 536500 367053 -7062.0840   55  462 -6827.5325 -7091.5604  3.87%   111 1986s
 537894 368508 -7048.2621   53  429 -6827.5325 -7091.5355  3.87%   111 1992s
 539580 369642 -6956.5762   59  348 -6827.5325 -7091.5343  3.87%   111 1998s
 541031 370938 -7045.0525   47  443 -6827.5325 -7091.4883  3.87%   111 2004s
 542709 372181 -6841.9733  143  161 -6827.5325 -7091.4649  3.87%   111 2009s
 544160 373003 -6949.2754   50  294 -6827.5325 -7091.4508  3.87%   111 2015s
 545163 373955 -6955.3251   59  296 -6827.5325 -7091.4275  3.87%   111 2020s
 546400 375167 -7036.8271   59  408 -6827.5325 -7091.4166  3.87%   111 2026s
 547850 376224 -6957.1833   76  193 -6827.5325 -7091.4025  3.86%   111 2031s
 549157 377139 -7083.3486   60  470 -6827.5325 -7091.3764  3.86%   111 2036s
 550251 377913 -7062.7754   57  419 -6827.5325 -7091.3640  3.86%   111 2042s
H551229 378666                    -6827.532503 -7091.3640  3.86%   111 2048s
H551792 376386                    -6829.161358 -7091.3431  3.84%   111 2048s
 552284 377443 -6926.7743  110  233 -6829.1614 -7091.3381  3.84%   111 2053s
 553558 378567 -6960.1801   76  333 -6829.1614 -7091.3124  3.84%   111 2059s
 554935 379874 -7017.7873   41  509 -6829.1614 -7091.2847  3.84%   111 2065s
 556518 381212 -7017.7393   54  449 -6829.1614 -7091.2573  3.84%   111 2070s
 558111 382475 -7040.1388   51  529 -6829.1614 -7091.2431  3.84%   111 2075s
 559651 383704 -6977.0498   92  390 -6829.1614 -7091.2079  3.84%   111 2081s
 561238 384876 -6836.0954  122  127 -6829.1614 -7091.1733  3.84%   111 2086s
 562621 386028 -6880.6044   77  388 -6829.1614 -7091.1262  3.84%   111 2091s
 564038 386950 -7020.3202   43  375 -6829.1614 -7091.0934  3.84%   111 2096s
 565223 387733 -7074.8082   57  377 -6829.1614 -7091.0681  3.84%   112 2101s
 566166 388596 -7005.6812   69  384 -6829.1614 -7091.0331  3.83%   112 2107s
 567175 389734 -7063.0472   54  380 -6829.1614 -7091.0322  3.83%   112 2113s
 568561 390807 -6885.0798   59  315 -6829.1614 -7091.0121  3.83%   112 2119s
 569899 390830 -6867.4184  113  235 -6829.1614 -7090.9732  3.83%   112 2132s
H569913 390830                    -6829.161361 -7090.9732  3.83%   112 2132s
H569927 390661                    -6829.305865 -7090.9732  3.83%   112 2132s
 569928 391317 -6829.9456  117  205 -6829.3059 -7090.9723  3.83%   112 2138s
 570831 392426 -7005.9378   51  406 -6829.3059 -7090.9558  3.83%   112 2144s
 572146 394269 -6975.9693   63  429 -6829.3059 -7090.9321  3.83%   112 2150s
 574400 395313 -7045.1900   49  497 -6829.3059 -7090.9070  3.83%   112 2156s
 575628 396703 -7049.1919   63  519 -6829.3059 -7090.8761  3.83%   112 2161s
 577329 397735 -6955.6220   57  399 -6829.3059 -7090.8447  3.83%   112 2167s
 578655 398921 -6923.5363   84  324 -6829.3059 -7090.8207  3.83%   112 2172s
 580125 400265 -7079.1742   47  519 -6829.3059 -7090.7716  3.83%   112 2178s
 581772 401557 -7051.7924   74  346 -6829.3059 -7090.7526  3.83%   112 2184s
 583362 402757 -7035.0611   57  355 -6829.3059 -7090.7147  3.83%   112 2190s
 584870 404216 -6901.4705   87  330 -6829.3059 -7090.6867  3.83%   112 2196s
 586611 405312 -6881.6211  142  287 -6829.3059 -7090.6591  3.83%   112 2201s
 588006 406494 -7003.6061   58  433 -6829.3059 -7090.6404  3.83%   112 2207s
 589430 407722 -6833.2004   89  341 -6829.3059 -7090.6174  3.83%   112 2212s
 590940 408877 -7042.9425   55  532 -6829.3059 -7090.5972  3.83%   112 2219s
 592316 409735 -6917.6191   78  297 -6829.3059 -7090.5599  3.83%   112 2225s
 593306 410892 -7052.9327   48  477 -6829.3059 -7090.5475  3.83%   112 2231s
 594909 412474 -6979.3147   66  370 -6829.3059 -7090.5450  3.83%   112 2237s
H596316 412474                    -6829.305868 -7090.5450  3.83%   112 2237s
 596838 413452 -7029.3572   56  426 -6829.3059 -7090.4937  3.82%   112 2243s
 598089 414673 -6962.2583   84  279 -6829.3059 -7090.4710  3.82%   112 2248s
 599574 416018 -7043.9561   56  443 -6829.3059 -7090.4435  3.82%   112 2254s
 601188 417233 -6918.7394  103  324 -6829.3059 -7090.4276  3.82%   112 2260s
 602755 418489 -7074.8684   62  384 -6829.3059 -7090.3994  3.82%   112 2267s
 604270 419976 -7034.9335   45  509 -6829.3059 -7090.3781  3.82%   112 2274s
 606052 420898 -6976.5338   61  506 -6829.3059 -7090.3569  3.82%   112 2280s
 607392 422065 -7078.6653   43  378 -6829.3059 -7090.3244  3.82%   112 2285s
 608903 423016 -7005.7316   72  384 -6829.3059 -7090.3031  3.82%   113 2291s
 610068 424344 -6968.2929   66  265 -6829.3059 -7090.2756  3.82%   113 2298s
 611802 425470 -6911.1238   54  451 -6829.3059 -7090.2535  3.82%   113 2303s
 613206 426850 -7037.9514   55  426 -6829.3059 -7090.2369  3.82%   113 2309s
 614832 428207 -6919.4151   78  398 -6829.3059 -7090.2202  3.82%   113 2315s
 616446 429491 -6900.3503   70  533 -6829.3059 -7090.2025  3.82%   113 2321s
 618036 430647     cutoff   80      -6829.3059 -7090.1831  3.82%   113 2326s
 619479 431823 -7039.9799   50  438 -6829.3059 -7090.1486  3.82%   113 2332s
 620954 433002     cutoff   73      -6829.3059 -7090.1342  3.82%   113 2337s
 622375 434196 -7077.7314   49  606 -6829.3059 -7090.1019  3.82%   113 2344s
 623845 435373 -7007.2883   47  468 -6829.3059 -7090.0837  3.82%   113 2349s
 625234 436430 -6971.8708   73  309 -6829.3059 -7090.0675  3.82%   113 2355s
 626553 437920     cutoff   74      -6829.3059 -7090.0579  3.82%   113 2360s
 628368 439252 -6990.4799   51  457 -6829.3059 -7090.0215  3.82%   113 2367s
 629889 440487 -7057.7402   93  368 -6829.3059 -7090.0057  3.82%   113 2372s
 631426 441435 -7001.4664   86  320 -6829.3059 -7089.9783  3.82%   113 2378s
 632535 442537 -6842.9466   81  396 -6829.3059 -7089.9677  3.82%   113 2384s
 633977 443840 -7016.5664   45  392 -6829.3059 -7089.9392  3.82%   113 2391s
 635557 444695     cutoff   82      -6829.3059 -7089.9366  3.82%   113 2397s
 636640 446396 -7082.9658   51  431 -6829.3059 -7089.9034  3.82%   113 2404s
 638649 447607 -7052.4562   56  507 -6829.3059 -7089.8844  3.82%   113 2410s
H639272 447607                    -6829.305869 -7089.8844  3.82%   113 2410s
 640056 448624 -6896.7423  130  237 -6829.3059 -7089.8799  3.82%   113 2417s
 641389 449914 -7064.1687   53  498 -6829.3059 -7089.8481  3.82%   113 2423s
 642885 450969 -7080.7045   48  493 -6829.3059 -7089.8314  3.81%   113 2429s
 644207 451934 -7049.3949   62  445 -6829.3059 -7089.8221  3.81%   113 2435s
 645413 453097 -6832.1185   93  259 -6829.3059 -7089.8205  3.81%   113 2440s
 646832 454450 -6917.1810   89  317 -6829.3059 -7089.7921  3.81%   113 2446s
 648435 455742 -7046.9738   56  477 -6829.3059 -7089.7830  3.81%   114 2452s
 650011 457084 -6850.9015  155  148 -6829.3059 -7089.7590  3.81%   114 2458s
 651668 458263 -7007.4879   66  415 -6829.3059 -7089.7136  3.81%   114 2465s
 653050 459562 -7055.1589   44  315 -6829.3059 -7089.7058  3.81%   114 2471s
 654745 461123 -7066.2967   47  373 -6829.3059 -7089.6803  3.81%   114 2477s
 656562 462230 -6950.8091   93  295 -6829.3059 -7089.6548  3.81%   114 2483s
 657920 463195 -6913.3683   86  261 -6829.3059 -7089.6150  3.81%   114 2489s
 659232 464366 -7071.4983   51  367 -6829.3059 -7089.5950  3.81%   114 2495s
 660668 465444 -6889.9443   70  441 -6829.3059 -7089.5625  3.81%   114 2500s
 662029 466648 -6998.8938   87  297 -6829.3059 -7089.5353  3.81%   114 2506s
 663538 467674 -6948.7482   96  375 -6829.3059 -7089.5055  3.81%   114 2512s
 664944 468907 -7008.6666   70  316 -6829.3059 -7089.4788  3.81%   114 2518s
 666450 469992 -7031.2823   53  448 -6829.3059 -7089.4507  3.81%   114 2524s
 667811 471152 -7073.2154   68  370 -6829.3059 -7089.4340  3.81%   114 2530s
 669252 472248 -7025.4675   52  463 -6829.3059 -7089.4060  3.81%   114 2537s
 670562 473783 -7030.6668   60  272 -6829.3059 -7089.3887  3.81%   114 2543s
 672328 474973 -7045.4051   62  446 -6829.3059 -7089.3768  3.81%   114 2549s
 673773 476225 -6841.1766  105  207 -6829.3059 -7089.3607  3.81%   114 2555s
 675458 477466 -7038.2400   53  462 -6829.3059 -7089.3301  3.81%   114 2561s
 676974 478318 -7067.1314   54  388 -6829.3059 -7089.3124  3.81%   114 2567s
 678012 479322 -7014.7272   61  342 -6829.3059 -7089.2880  3.81%   114 2573s
 679366 480665 -7005.0824   65  379 -6829.3059 -7089.2700  3.81%   114 2579s
 681035 481897 -7003.2769   45  450 -6829.3059 -7089.2548  3.81%   114 2585s
 682505 483253 -7010.9664   74  314 -6829.3059 -7089.2266  3.81%   114 2591s
 684176 484504 -6952.0972   65  332 -6829.3059 -7089.1997  3.81%   114 2597s
 685727 485702 -7022.9621   65  425 -6829.3059 -7089.1783  3.81%   114 2603s
 687246 486913 -7057.5794   61  354 -6829.3059 -7089.1457  3.80%   114 2609s
 688808 488170 -7066.0296   44  367 -6829.3059 -7089.1314  3.80%   114 2617s
 690239 489237 -6981.8402   55  429 -6829.3059 -7089.1175  3.80%   114 2624s
 691571 490070 -7028.2928   52  348 -6829.3059 -7089.1104  3.80%   115 2630s
 692655 491536     cutoff   77      -6829.3059 -7089.0932  3.80%   115 2636s
 694404 492455 -6977.1855   68  343 -6829.3059 -7089.0754  3.80%   115 2643s
 695549 493303 -6905.6097   76  366 -6829.3059 -7089.0648  3.80%   115 2648s
 696715 494066 -6980.4182   64  331 -6829.3059 -7089.0480  3.80%   115 2655s
 697620 495237 -7029.5640   58  363 -6829.3059 -7089.0400  3.80%   115 2662s
 699072 496515 -6874.9014   85  187 -6829.3059 -7089.0303  3.80%   115 2668s
 700793 497685 -7031.7183   53  386 -6829.3059 -7088.9942  3.80%   115 2674s
 702136 499119 -7040.9850   59  437 -6829.3059 -7088.9886  3.80%   115 2681s
 703852 500553 -6955.6879   81  293 -6829.3059 -7088.9886  3.80%   115 2687s
 705611 501907 -7044.2178   59  457 -6829.3059 -7088.9427  3.80%   115 2693s
 707312 503281 -7022.0802   56  258 -6829.3059 -7088.9199  3.80%   115 2699s
 708947 504328 -7070.8342   41  348 -6829.3059 -7088.8971  3.80%   115 2705s
 710168 505843 -6901.6725   96  173 -6829.3059 -7088.8776  3.80%   115 2712s
 711978 506914 -6952.3843   90  187 -6829.3059 -7088.8614  3.80%   115 2718s
 713368 508076 -7004.0085   61  395 -6829.3059 -7088.8419  3.80%   115 2724s
 714803 509050 -6905.7779   71  351 -6829.3059 -7088.8307  3.80%   115 2730s
 715987 510300 -6980.5761   84  160 -6829.3059 -7088.8215  3.80%   115 2737s
 717567 511626 -6974.6672   53  423 -6829.3059 -7088.7891  3.80%   115 2743s
 719124 512666 -7057.7962   58  358 -6829.3059 -7088.7623  3.80%   115 2748s
H719246 512666                    -6829.305870 -7088.7623  3.80%   115 2748s
 720369 513478 -6870.9952   98  314 -6829.3059 -7088.7391  3.80%   115 2755s
 721423 514553 -7033.6858   54  411 -6829.3059 -7088.7196  3.80%   116 2761s
 722699 515648 -6887.5163   99  356 -6829.3059 -7088.7164  3.80%   116 2767s
 724086 516640 -7037.3278   39  544 -6829.3059 -7088.6896  3.80%   116 2773s
 725346 517817 -7058.5574   48  349 -6829.3059 -7088.6705  3.80%   116 2779s
 726784 519043 infeasible   63      -6829.3059 -7088.6566  3.80%   116 2786s
 728269 520444 -6861.3930   83  335 -6829.3059 -7088.6382  3.80%   116 2792s
 730048 521665 -6841.3874   69  354 -6829.3059 -7088.6192  3.80%   116 2798s
 731550 522632 -6959.0379   73  363 -6829.3059 -7088.6017  3.80%   116 2805s
 732739 523269 -6951.1650   59  388 -6829.3059 -7088.5798  3.80%   116 2810s
 733537 524241 -6950.3785   52  344 -6829.3059 -7088.5585  3.80%   116 2817s
 734712 525137 -7002.6079   54  539 -6829.3059 -7088.5580  3.80%   116 2824s
 735768 526013 -7042.7056   57  363 -6829.3059 -7088.5580  3.80%   116 2831s
 736870 527094 -6873.0939   71  422 -6829.3059 -7088.5433  3.80%   116 2837s
 738224 527795 -7063.1895   47  365 -6829.3059 -7088.5177  3.80%   116 2843s
H738536 527795                    -6829.305874 -7088.5121  3.80%   116 2843s
 739120 528619 -6896.2992   80  204 -6829.3059 -7088.4988  3.80%   117 2850s
 740157 529930 -6931.4405   81  400 -6829.3059 -7088.4985  3.80%   117 2856s
 741811 530927 -7006.6953   41  437 -6829.3059 -7088.4773  3.79%   117 2862s
 743042 532428 -6923.3755   79  361 -6829.3059 -7088.4623  3.79%   117 2868s
 744899 533387 -7010.2203   52  328 -6829.3059 -7088.4460  3.79%   117 2874s
 745985 534790 -6895.7921  113   99 -6829.3059 -7088.4413  3.79%   117 2881s
 747838 536203 -7042.8257   51  508 -6829.3059 -7088.4125  3.79%   117 2887s
 749486 537102 -7076.8756   57  411 -6829.3059 -7088.3900  3.79%   117 2894s
 750649 538384 -6950.5135   87  373 -6829.3059 -7088.3664  3.79%   117 2900s
 752387 539551 -6869.7017   59  344 -6829.3059 -7088.3376  3.79%   117 2906s
 753735 540245 -6876.4319  100  312 -6829.3059 -7088.3279  3.79%   117 2912s
 754563 541215 -7018.2271   64  271 -6829.3059 -7088.3211  3.79%   117 2919s
 755758 542418 -7060.4669   55  502 -6829.3059 -7088.3158  3.79%   117 2925s
 757324 543853 -6910.3161   64  330 -6829.3059 -7088.2830  3.79%   117 2932s
 759042 545121 -7032.9822   66  296 -6829.3059 -7088.2700  3.79%   117 2938s
 760641 546163 -6961.9101   61  313 -6829.3059 -7088.2416  3.79%   117 2944s
 761173 546163 -6846.1558  116  240 -6829.3059 -7088.2412  3.79%   117 2945s
 762000 547270 -7059.6649   58  507 -6829.3059 -7088.2241  3.79%   117 2951s
 763297 548470 -6962.6925   51  506 -6829.3059 -7088.2160  3.79%   117 2958s
 764677 549564 -7051.0401   45  457 -6829.3059 -7088.2160  3.79%   117 2966s
 765936 551132 -6977.9342   57  359 -6829.3059 -7088.1904  3.79%   117 2972s
 767822 552338 -6955.1368   67  440 -6829.3059 -7088.1814  3.79%   117 2979s
 769385 553295 -7021.3319   52  491 -6829.3059 -7088.1518  3.79%   117 2985s
 770525 554625 -6938.8475  114  260 -6829.3059 -7088.1378  3.79%   118 2991s
 772167 555665 infeasible  176      -6829.3059 -7088.1062  3.79%   118 2998s
 773390 556193 -6841.3184  102  114 -6829.3059 -7088.0944  3.79%   118 3005s
 774049 557237 -6990.1431   68  408 -6829.3059 -7088.0944  3.79%   118 3012s
 775252 558356 -6856.1032  111  167 -6829.3059 -7088.0909  3.79%   118 3019s
 776690 559642 -6902.4777   67  374 -6829.3059 -7088.0680  3.79%   118 3025s
 778275 561005 -7049.6648   52  472 -6829.3059 -7088.0502  3.79%   118 3031s
 779877 562177 -7009.5050   61  464 -6829.3059 -7088.0385  3.79%   118 3037s
 781224 563704 -7031.6322   70  326 -6829.3059 -7088.0232  3.79%   118 3044s
 783141 564795 -6913.0021   81  429 -6829.3059 -7088.0122  3.79%   118 3051s
 784521 565946 -7072.2097   58  305 -6829.3059 -7087.9976  3.79%   118 3057s
 785983 567489 -7074.0243   51  453 -6829.3059 -7087.9776  3.79%   118 3064s
 787835 569047 -7009.4305   55  450 -6829.3059 -7087.9618  3.79%   118 3070s
 789669 570336 -6907.7854  116  308 -6829.3059 -7087.9285  3.79%   118 3077s
 791236 571560 infeasible  184      -6829.3059 -7087.9055  3.79%   118 3084s
 792758 572377 -6930.9414   60  383 -6829.3059 -7087.8888  3.79%   118 3090s
 793835 573360 -6847.3815   77  301 -6829.3059 -7087.8760  3.79%   118 3096s
 794993 574426 -7055.2247   67  455 -6829.3059 -7087.8645  3.79%   118 3103s
 796425 575240 -6872.1614   67  213 -6829.3059 -7087.8507  3.79%   118 3110s
 797481 576124 -6983.9075   46  540 -6829.3059 -7087.8359  3.79%   118 3116s
 798682 577361 -7026.2400   52  400 -6829.3059 -7087.8081  3.79%   118 3124s
 800127 578991 -7058.1416   59  317 -6829.3059 -7087.7947  3.78%   118 3131s
 802115 580046 -7055.3110   53  331 -6829.3059 -7087.7802  3.78%   118 3137s
 803440 580995 -6900.6716   79  244 -6829.3059 -7087.7585  3.78%   118 3144s
 804679 582125 -6936.8859   86  287 -6829.3059 -7087.7524  3.78%   118 3151s
 806087 583191 -6987.7314   62  268 -6829.3059 -7087.7299  3.78%   119 3157s
 807448 584272 -7026.3382   48  505 -6829.3059 -7087.7166  3.78%   119 3163s
 808770 585088 -7022.0480   51  481 -6829.3059 -7087.7039  3.78%   119 3170s
 809863 586439 -6994.9271   55  471 -6829.3059 -7087.6932  3.78%   119 3176s
 811530 587630 -6978.7811   77  424 -6829.3059 -7087.6712  3.78%   119 3183s
 812991 589095 -7042.9815   67  285 -6829.3059 -7087.6627  3.78%   119 3189s
 814739 590709 -7054.5906   49  480 -6829.3059 -7087.6340  3.78%   119 3196s
 816519 592080 -6864.9033   76  361 -6829.3059 -7087.6285  3.78%   119 3203s
 818229 593400 -6844.2507  124  184 -6829.3059 -7087.6066  3.78%   119 3209s
 819803 593922 -7035.2980   81  263 -6829.3059 -7087.5869  3.78%   119 3216s
 820485 594872 -7040.3941   55  447 -6829.3059 -7087.5732  3.78%   119 3222s
 821761 595925 -6919.9768   80  379 -6829.3059 -7087.5590  3.78%   119 3228s
 823116 596670 -7027.9536   45  507 -6829.3059 -7087.5455  3.78%   119 3235s
 824028 597933 -6886.8413   86  257 -6829.3059 -7087.5409  3.78%   119 3242s
 825604 598937 -7050.7644   57  301 -6829.3059 -7087.5121  3.78%   119 3248s
 826909 599945 -6863.2357   88  268 -6829.3059 -7087.4858  3.78%   119 3255s
 828075 600690 -7062.9239   53  271 -6829.3059 -7087.4813  3.78%   119 3263s
 829194 601643 -7017.7169   63  306 -6829.3059 -7087.4761  3.78%   119 3269s
 830553 602915 -6871.7128   95  337 -6829.3059 -7087.4476  3.78%   119 3276s
 832026 604439 -6979.8077   53  342 -6829.3059 -7087.4309  3.78%   119 3283s
 833844 605103 infeasible  155      -6829.3059 -7087.4166  3.78%   119 3289s
 834754 605671 -6836.9067   66  388 -6829.3059 -7087.4044  3.78%   119 3296s
 835496 606436 -6888.0922   65  482 -6829.3059 -7087.4043  3.78%   120 3302s
 836568 607008 -7042.1827   54  295 -6829.3059 -7087.3840  3.78%   120 3308s
 837386 608192 -6831.6991   86  240 -6829.3059 -7087.3690  3.78%   120 3315s
 838790 609297 -6951.9440   72  344 -6829.3059 -7087.3559  3.78%   120 3321s
 840123 610179 -6953.3498   60  395 -6829.3059 -7087.3473  3.78%   120 3327s
 841286 610834 -6868.8521  105  255 -6829.3059 -7087.3270  3.78%   120 3333s
 842063 611913 -6973.7206   77  320 -6829.3059 -7087.3207  3.78%   120 3340s
 843487 612846 -6937.9136   57  408 -6829.3059 -7087.3084  3.78%   120 3346s
 844774 613897 -7011.5660   82  344 -6829.3059 -7087.2768  3.78%   120 3353s
 846050 614843 -7051.8610   49  488 -6829.3059 -7087.2629  3.78%   120 3359s
 847165 615969 -7078.7722   58  392 -6829.3059 -7087.2629  3.78%   120 3366s
 848627 616909 -6995.7975   88  231 -6829.3059 -7087.2467  3.78%   120 3372s
 849724 618331 -7055.7380   57  454 -6829.3059 -7087.2318  3.78%   120 3379s
 851380 619069 -6878.9648  104  201 -6829.3059 -7087.2168  3.78%   120 3385s
 852261 620072 -7044.3846   66  271 -6829.3059 -7087.2083  3.78%   120 3392s
 853568 621112 -6849.1674  163   84 -6829.3059 -7087.1942  3.78%   121 3399s
 854888 622301 -6836.2301   70  365 -6829.3059 -7087.1763  3.78%   121 3406s
 856294 623098 infeasible  117      -6829.3059 -7087.1600  3.78%   121 3412s
 857394 623969 -6943.3205   46  394 -6829.3059 -7087.1430  3.78%   121 3419s
 858481 625221 -6975.2790   82  207 -6829.3059 -7087.1274  3.78%   121 3425s
 859969 626406 -6980.6894   64  424 -6829.3059 -7087.1049  3.77%   121 3432s
 861470 627487 -7072.4507   58  409 -6829.3059 -7087.0890  3.77%   121 3438s
 862785 628505 -6976.8766   90  228 -6829.3059 -7087.0722  3.77%   121 3445s
 864048 629594 -6915.9853   82  391 -6829.3059 -7087.0668  3.77%   121 3451s
 865475 630776 -6992.9552   43  539 -6829.3059 -7087.0419  3.77%   121 3458s
 866962 631503 -6838.2209   69  250 -6829.3059 -7087.0292  3.77%   121 3465s
 867875 632891 -6866.6424  121   17 -6829.3059 -7087.0086  3.77%   121 3472s
 869489 633887     cutoff  174      -6829.3059 -7087.0083  3.77%   121 3478s
 870615 634983 -6945.2158   63  448 -6829.3059 -7086.9766  3.77%   121 3486s
 871929 635979 -7077.3697   49  468 -6829.3059 -7086.9722  3.77%   121 3493s
 873118 637158 -6946.7074   85  273 -6829.3059 -7086.9687  3.77%   121 3501s
 874604 638560 -7062.4844   49  385 -6829.3059 -7086.9504  3.77%   121 3507s
 876163 639247 -6976.4738   65  349 -6829.3059 -7086.9504  3.77%   121 3514s
 877010 640075 -6839.1759  102   45 -6829.3059 -7086.9284  3.77%   121 3521s
 878109 641359 -6934.5735   72  287 -6829.3059 -7086.8990  3.77%   121 3527s
 879694 642851 -7003.2675   82  353 -6829.3059 -7086.8752  3.77%   121 3534s
 881449 643518 -6974.5420   56  415 -6829.3059 -7086.8612  3.77%   121 3539s
 882339 644105 -6875.4798   97  246 -6829.3059 -7086.8506  3.77%   122 3546s
 883114 644883 -6929.5267   74  422 -6829.3059 -7086.8394  3.77%   122 3554s
 884006 645895 -7032.5396   37  533 -6829.3059 -7086.8394  3.77%   122 3562s
 885412 646820 -6866.5245   91  293 -6829.3059 -7086.8367  3.77%   122 3568s
 886644 648164 -7042.4335   63  365 -6829.3059 -7086.7996  3.77%   122 3575s
 888211 649565 infeasible  132      -6829.3059 -7086.7942  3.77%   122 3582s
 889905 650691 -7011.3494   69  164 -6829.3059 -7086.7580  3.77%   122 3589s
 891244 651346 -7073.2383   45  531 -6829.3059 -7086.7489  3.77%   122 3594s
 892073 651911 -7056.1156   57  477 -6829.3059 -7086.7409  3.77%   122 3600s

Cutting planes:
  Gomory: 44
  Cover: 716
  Implied bound: 23
  MIR: 13
  Flow cover: 151
  Inf proof: 172
  Zero half: 40
  RLT: 153
  Lazy constraints: 3727

Explored 892746 nodes (109013660 simplex iterations) in 3600.03 seconds
Thread count was 12 (of 12 available processors)

Solution count 10: -6829.31 -6829.31 -6829.16 ... -6820.21

Time limit reached
Best objective -6.829305874358e+03, best bound -7.086740911438e+03, gap 3.7696%

User-callback calls 2152697, time in user-callback 11.21 sec
-1
['A-n40-k6', 6829.305874358018, 607.9030288047038, 3600.0294167995453, 0.03769563727505953, 1, [[4.016445483198979, [78.82029490503001, 86.28522842398792]], [0, [86.28522842398792]], [1.6132740192611692, [82.40540017829002]], [5.293438945312033, [118.50614224985159, 46.43940545636919]], [7.399407036362632, [82.40540017829002]], [14.532616377490534, [85.84168585086829, 51.2732918416306, 101.99673160337932]], [0, [85.84168585086829]], [0, [82.40540017829002, 78.82029490503001]], [9.912607927192433, [51.2732918416306, 140.17494991533118, 82.40540017829002]], [0, [145.81702974128814, 46.43940545636919, 145.81702974128814]], [13.002958846950094, [140.17494991533118, 82.40540017829002]], [0, [101.99673160337932]], [0, [101.99673160337932]], [0, [85.84168585086829]], [0, [46.43940545636919, 85.84168585086829, 78.82029490503001]], [11.585356959010511, [140.17494991533118, 140.17494991533118]], [7.119819823528843, [118.50614224985159]], [0, [118.50614224985159, 118.50614224985159]], [1.8286968670053625, [118.50614224985159, 78.82029490503001]], [0, [82.40540017829002, 46.43940545636919, 46.43940545636919]], [1.5026603627109694, [86.28522842398792, 101.99673160337932, 78.82029490503001]], [0, [140.17494991533118, 85.84168585086829, 82.40540017829002]], [3.6403068990744885, [145.81702974128814, 82.40540017829002, 86.28522842398792]], [0, [145.81702974128814, 51.2732918416306]], [9.16785617125209, [140.17494991533118, 51.2732918416306, 145.81702974128814]], [7.9165159312507996, [118.50614224985159, 78.82029490503001]], [0, [140.17494991533118]], [7.050618730982393, [82.40540017829002, 78.82029490503001, 82.40540017829002]], [4.888157283948374, [86.28522842398792, 140.17494991533118]], [7.112349134002301, [118.50614224985159, 85.84168585086829, 140.17494991533118]], [0, [101.99673160337932]], [0, [85.84168585086829, 78.82029490503001, 51.2732918416306]], [2.435074285695862, [51.2732918416306]], [0, [145.81702974128814, 78.82029490503001, 86.28522842398792]], [13.141832771536912, [82.40540017829002]], [6.4354418063207675, [85.84168585086829, 46.43940545636919, 101.99673160337932]], [0, [140.17494991533118, 51.2732918416306, 86.28522842398792]], [0, [82.40540017829002, 86.28522842398792, 145.81702974128814]]]]
