Using license file /util/academic/gurobi/licenses/gurobi.lic
Set parameter TokenServer to value srv-m14-36.cbls.ccr.buffalo.edu
Set parameter TSPort to value 46325
Changed value of parameter lazyConstraints to 1
   Prev: 0  Min: 0  Max: 1  Default: 0
Changed value of parameter TimeLimit to 3600.0
   Prev: inf  Min: 0.0  Max: inf  Default: inf
Gurobi Optimizer version 9.1.1 build v9.1.1rc0 (linux64)
Thread count: 12 physical cores, 12 logical processors, using up to 12 threads
Optimize a model with 5120 rows, 6739 columns and 25505 nonzeros
Model fingerprint: 0xbdef60fc
Variable types: 1159 continuous, 5580 integer (5580 binary)
Coefficient statistics:
  Matrix range     [5e-01, 4e+02]
  Objective range  [1e+00, 1e+00]
  Bounds range     [1e+00, 1e+02]
  RHS range        [1e-01, 4e+02]
Presolve removed 437 rows and 153 columns
Presolve time: 0.07s
Presolved: 4683 rows, 6586 columns, 24383 nonzeros
Variable types: 745 continuous, 5841 integer (5841 binary)

Root relaxation: objective -5.573720e+03, 4295 iterations, 0.33 seconds

    Nodes    |    Current Node    |     Objective Bounds      |     Work
 Expl Unexpl |  Obj  Depth IntInf | Incumbent    BestBd   Gap | It/Node Time

     0     0 -5573.7196    0  503          - -5573.7196      -     -    0s
H    0     0                    -4351.791376 -5573.7196  28.1%     -    0s
     0     0 -5557.3001    0  540 -4351.7914 -5557.3001  27.7%     -    0s
H    0     0                    -4352.933766 -5557.3001  27.7%     -    0s
     0     0 -5551.2500    0  777 -4352.9338 -5551.2500  27.5%     -    1s
     0     0 -5551.0974    0  755 -4352.9338 -5551.0974  27.5%     -    1s
     0     0 -5551.0505    0  778 -4352.9338 -5551.0505  27.5%     -    1s
     0     0 -5551.0500    0  801 -4352.9338 -5551.0500  27.5%     -    1s
     0     0 -5549.8123    0  775 -4352.9338 -5549.8123  27.5%     -    2s
     0     0 -5549.6722    0  770 -4352.9338 -5549.6722  27.5%     -    2s
     0     0 -5549.0560    0  809 -4352.9338 -5549.0560  27.5%     -    2s
     0     0 -5548.9087    0  834 -4352.9338 -5548.9087  27.5%     -    2s
     0     0 -5548.8990    0  871 -4352.9338 -5548.8990  27.5%     -    2s
     0     0 -5548.8976    0  872 -4352.9338 -5548.8976  27.5%     -    2s
     0     0 -5548.1787    0  839 -4352.9338 -5548.1787  27.5%     -    3s
     0     0 -5548.0531    0  849 -4352.9338 -5548.0531  27.5%     -    3s
     0     0 -5547.9303    0  863 -4352.9338 -5547.9303  27.5%     -    3s
     0     0 -5547.9241    0  872 -4352.9338 -5547.9241  27.5%     -    3s
     0     0 -5547.8898    0  896 -4352.9338 -5547.8898  27.5%     -    3s
H    0     0                    -4354.481255 -5547.8898  27.4%     -    3s
     0     0 -5547.8533    0  913 -4354.4813 -5547.8533  27.4%     -    3s
     0     0 -5547.8532    0  933 -4354.4813 -5547.8532  27.4%     -    3s
     0     0 -5547.7678    0  985 -4354.4813 -5547.7678  27.4%     -    3s
     0     0 -5547.7678    0  953 -4354.4813 -5547.7678  27.4%     -    3s
     0     0 -5547.4689    0  953 -4354.4813 -5547.4689  27.4%     -    5s
     0     2 -5547.4689    0  946 -4354.4813 -5547.4689  27.4%     -    5s
H   79    81                    -4608.408777 -5543.8489  20.3%   208    7s
H  104   107                    -4609.430893 -5543.8489  20.3%   212    8s
H  115   118                    -4611.217573 -5543.8489  20.2%   220    8s
   139   144 -5540.9497   10  689 -4611.2176 -5543.8489  20.2%   229   12s
   368   365 -5522.1026   16  570 -4611.2176 -5543.8489  20.2%   232   16s
   806   822 -5459.3976   38  351 -4611.2176 -5543.8489  20.2%   215   20s
H 1593  1608                    -4718.985944 -5542.8983  17.5%   191   23s
  2372  2449 -5375.8659   17  364 -4718.9859 -5542.8983  17.5%   155   25s
  3023  2800 -5243.1360  129  953 -4718.9859 -5542.8983  17.5%   139   33s
H 3025  2660                    -4720.152729 -5472.3265  15.9%   139   34s
  3032  2665 -5448.7900   29  561 -4720.1527 -5448.7900  15.4%   139   35s
H 3034  2533                    -4721.700218 -5443.5323  15.3%   139   36s
H 3037  2408                    -4768.255896 -5442.8060  14.1%   138   36s
H 3046  2294                    -4769.917489 -5442.7692  14.1%   143   38s
  3059  2303 -5318.4580   75  538 -4769.9175 -5440.4363  14.1%   142   40s
H 3061  2188                    -4772.249457 -5440.4350  14.0%   142   40s
  3066  2192 -4973.0398   26  458 -4772.2495 -5440.4350  14.0%   142   45s
  3067  2195 -5082.1592   23  556 -4772.2495 -5440.3508  14.0%   147   50s
  3073  2205 -5076.1093   25  612 -4772.2495 -5439.4668  14.0%   147   56s
H 3094  2112                    -4774.736951 -5439.4261  13.9%   150   57s
H 3095  2008                    -4778.213330 -5439.4261  13.8%   150   57s
H 3140  1929                    -4811.393622 -5439.4261  13.1%   152   58s
  3146  1934 infeasible   29      -4811.3936 -5439.4261  13.1%   153   60s
H 3178  1859                    -4858.726884 -5439.4261  12.0%   155   61s
H 3236  1791                    -4919.631853 -5439.4261  10.6%   157   64s
  3273  1806 -4948.6021   34  488 -4919.6319 -5439.4261  10.6%   158   67s
  3391  1870 -4993.2954   39  515 -4919.6319 -5439.4261  10.6%   163   70s
H 3402  1781                    -5011.242848 -5439.4261  8.54%   163   70s
H 3406  1699                    -5081.046578 -5439.4261  7.05%   163   70s
  4773  2582 -5436.1467   28  303 -5081.0466 -5437.8421  7.02%   146   75s
H 6140  3113                    -5149.067080 -5437.8421  5.61%   130   78s
  7548  3815 -5315.4377   45  378 -5149.0671 -5437.6208  5.60%   118   80s
H 7684  3809                    -5150.764064 -5437.6208  5.57%   117   80s
  9756  5760     cutoff   93      -5150.7641 -5436.0482  5.54%   108   85s
 12414  7679 -5266.7321   44  325 -5150.7641 -5434.5311  5.51%   103   91s
 14706  9959 -5216.1040   48  202 -5150.7641 -5428.2187  5.39%  98.4  104s
 15185 10492 -5390.2453   41  447 -5150.7641 -5428.2187  5.39%  98.1  105s
 17983 13118 -5351.1301   36  376 -5150.7641 -5425.5752  5.34%  94.1  110s
 22184 15773 -5369.9257   41  379 -5150.7641 -5423.5637  5.30%  88.9  116s
H22286 15726                    -5152.432224 -5423.5637  5.26%  88.9  116s
 24704 18013 -5155.7181  291    4 -5152.4322 -5421.8156  5.23%  84.6  120s
*25941 19012             299    -5153.136078 -5420.2389  5.18%  84.2  122s
 27991 21042 -5199.7533   61  149 -5153.1361 -5418.9320  5.16%  84.1  126s
 30452 23311 -5167.2641   58  186 -5153.1361 -5417.3949  5.13%  85.6  131s
 34045 26724 -5267.8029   50  224 -5153.1361 -5415.7960  5.10%  84.4  135s
 38247 30038 infeasible  203      -5153.1361 -5414.3373  5.07%  82.7  140s
 40680 32242 -5228.6863   64  266 -5153.1361 -5413.5217  5.05%  82.7  145s
 44548 36297 -5232.0681   54  248 -5153.1361 -5412.0469  5.02%  82.0  150s
 50990 41188 -5322.6521   92   57 -5153.1361 -5410.7860  5.00%  79.2  157s
*53616 38663             246    -5177.837822 -5410.1477  4.49%  78.4  159s
*53617 37263             246    -5185.309337 -5410.1477  4.34%  78.4  159s
 54880 37862 -5334.6681   36  289 -5185.3093 -5409.8064  4.33%  78.2  161s
 57655 40702 -5381.8677   34  418 -5185.3093 -5409.2690  4.32%  80.7  167s
 60888 43262 -5365.0622   55  317 -5185.3093 -5408.8406  4.31%  80.7  171s
 64545 45969 -5388.2822   37  250 -5185.3093 -5408.3263  4.30%  80.0  175s
*65392 40645             148    -5206.784796 -5408.1811  3.87%  79.9  175s
*65394 39871             149    -5209.443961 -5408.1811  3.81%  79.9  175s
*65398 39566             147    -5210.551299 -5408.1811  3.79%  79.9  175s
*65900 31654             119    -5241.114608 -5408.1392  3.19%  79.9  175s
 68467 33797 -5365.1171   39  397 -5241.1146 -5407.5924  3.18%  81.1  181s
H70815 32614                    -5250.388325 -5407.0826  2.98%  81.5  183s
 71209 32953 -5290.4397   84  137 -5250.3883 -5407.0391  2.98%  81.5  185s
 74008 35481     cutoff   51      -5250.3883 -5406.3790  2.97%  82.8  191s
 76624 37320 -5265.5732   59  294 -5250.3883 -5405.9015  2.96%  83.2  195s
 79440 39765 -5299.3587   73  288 -5250.3883 -5405.3917  2.95%  83.5  200s
H82894 40648                    -5253.545579 -5404.8760  2.88%  84.0  204s
 83797 41213 -5283.0333   37  354 -5253.5456 -5404.7261  2.88%  84.0  206s
 85521 42697 -5364.7447   41  312 -5253.5456 -5404.4420  2.87%  84.8  210s
*85659 42254             115    -5254.960361 -5404.4363  2.84%  84.8  210s
H86247 41960                    -5255.847372 -5404.4151  2.83%  84.7  210s
 89303 44994 -5299.4936  112   35 -5255.8474 -5403.6547  2.81%  85.5  216s
H91111 43237                    -5262.263165 -5403.4168  2.68%  85.5  218s
H91811 44127                    -5262.958714 -5403.4168  2.67%  85.4  221s
H91893 42991                    -5265.628309 -5403.2877  2.61%  85.5  221s
H92285 41341                    -5269.490979 -5403.2550  2.54%  85.6  221s
 94632 43500 -5387.2743   41  275 -5269.4910 -5402.9122  2.53%  85.6  225s
 98838 45942 -5394.2759   44  284 -5269.4910 -5402.3501  2.52%  85.8  232s
H99598 45645                    -5270.186528 -5402.2105  2.51%  86.1  232s
 100616 46769 -5332.8947   50  259 -5270.1865 -5401.8940  2.50%  86.5  235s
 102459 48552 -5338.7009   61   65 -5270.1865 -5401.6931  2.50%  87.2  240s
 106372 51381 -5347.1734   58  316 -5270.1865 -5401.0210  2.48%  87.4  246s
 108830 52844     cutoff   84      -5270.1865 -5400.5398  2.47%  87.8  250s
 112275 55338 -5369.9151   34  316 -5270.1865 -5399.9511  2.46%  88.7  256s
 114345 57019 -5303.6770   56  366 -5270.1865 -5399.5966  2.46%  89.3  260s
 117866 59475 -5310.8825   40  388 -5270.1865 -5399.1283  2.45%  89.9  266s
 120510 61008 -5292.6274   36  291 -5270.1865 -5398.6362  2.44%  90.1  270s
 123627 63948 -5366.3586   37  316 -5270.1865 -5398.1895  2.43%  91.0  277s
H127032 65308                    -5270.289735 -5397.9062  2.42%  90.5  279s
 127394 66054 infeasible  125      -5270.2897 -5397.8055  2.42%  90.4  281s
H127720 59697                    -5281.029320 -5397.7252  2.21%  90.5  282s
H128020 58789                    -5282.338870 -5397.7231  2.18%  90.5  282s
H128534 59049                    -5282.338880 -5397.7121  2.18%  90.6  284s
 129241 59160 -5286.4212   65  126 -5282.3389 -5397.7121  2.18%  91.0  287s
H129242 59160                    -5282.338889 -5397.7121  2.18%  91.0  287s
 130944 61179     cutoff  108      -5282.3389 -5397.4036  2.18%  91.1  291s
 133795 63043 -5352.6170   44  185 -5282.3389 -5397.0137  2.17%  91.2  296s
 136180 65214 -5324.0848   61   97 -5282.3389 -5396.5967  2.16%  91.5  300s
 139591 67150 -5290.0975   79  152 -5282.3389 -5396.2119  2.16%  91.3  305s
 141964 68526 -5384.4412   44  364 -5282.3389 -5395.8124  2.15%  91.7  310s
 145583 70846 -5372.0871   49  355 -5282.3389 -5395.3971  2.14%  92.3  316s
 147644 72043 -5359.3864   50  219 -5282.3389 -5394.9779  2.13%  92.8  320s
 151011 74770 -5354.0464   36  378 -5282.3389 -5394.3090  2.12%  93.4  327s
 153851 76473 -5316.8955   56  364 -5282.3389 -5393.8851  2.11%  93.5  331s
 156799 78252 -5333.8807   49  299 -5282.3389 -5393.5446  2.11%  93.5  335s
 159011 79738     cutoff   59      -5282.3389 -5393.1929  2.10%  93.9  340s
 162049 82178 -5377.4119   38  492 -5282.3389 -5392.9598  2.09%  94.0  345s
 166348 84815 -5335.5113   49  258 -5282.3389 -5392.4828  2.09%  94.0  351s
 168816 86567 -5284.2688   51   58 -5282.3389 -5392.2395  2.08%  94.3  355s
 171379 88238 -5321.3464   46  439 -5282.3389 -5391.8769  2.07%  94.5  360s
 173800 89014 -5283.1798   94  147 -5282.3389 -5391.5783  2.07%  94.7  367s
 173812 90167     cutoff   95      -5282.3389 -5391.5744  2.07%  94.7  370s
 178329 92973 -5338.7183   46  397 -5282.3389 -5391.0107  2.06%  94.6  377s
 181486 94859 -5326.4608   67  152 -5282.3389 -5390.7671  2.05%  94.6  382s
 183794 96684 -5381.5831   51  339 -5282.3389 -5390.5422  2.05%  94.9  386s
 186447 98380 -5332.4060   47  293 -5282.3389 -5390.3444  2.04%  95.0  391s
 189350 100344 -5305.6257   92   78 -5282.3389 -5390.1289  2.04%  95.0  396s
 192123 101744 -5328.1829   45  397 -5282.3389 -5389.8748  2.04%  95.1  400s
 194563 103564 -5313.0054   49  284 -5282.3389 -5389.6867  2.03%  95.3  405s
 197271 105161 infeasible  153      -5282.3389 -5389.4403  2.03%  95.4  410s
 199635 107196 -5308.1334   46  548 -5282.3389 -5389.1010  2.02%  95.6  415s
 203446 109236 -5296.6404   49  272 -5282.3389 -5388.7700  2.01%  95.9  421s
 206117 110921 infeasible   46      -5282.3389 -5388.5028  2.01%  96.1  426s
 208584 112663 -5327.2600   43  472 -5282.3389 -5388.3255  2.01%  96.2  431s
 211720 114488 -5370.0953   41  337 -5282.3389 -5388.0462  2.00%  96.2  435s
H213012 89347                    -5300.956774 -5387.9398  1.64%  96.4  438s
 214580 89610 -5331.2570   48  271 -5300.9568 -5387.8923  1.64%  96.3  440s
*215175 74460              78    -5310.351729 -5387.8314  1.46%  96.3  440s
H215770 66333                    -5315.930403 -5387.7650  1.35%  96.3  443s
H216247 62696                    -5318.245681 -5387.7307  1.31%  96.3  443s
 216972 63223 -5344.2785   48  125 -5318.2457 -5387.6568  1.31%  96.3  445s
 219283 64266 infeasible  200      -5318.2457 -5387.3796  1.30%  96.6  450s
H221316 59745                    -5321.435028 -5387.1286  1.23%  96.9  452s
 221501 60217     cutoff   41      -5321.4350 -5387.0264  1.23%  96.9  455s
 224974 61743 -5324.9361   53  314 -5321.4350 -5386.5871  1.22%  97.4  461s
 227378 63049 -5343.5888   48  248 -5321.4350 -5386.1804  1.22%  97.7  466s
H228620 60401                    -5323.132012 -5386.1188  1.18%  97.8  466s
 229877 61559 -5342.3873   46  264 -5323.1320 -5385.8292  1.18%  98.0  471s
 232026 62356     cutoff   44      -5323.1320 -5385.5589  1.17%  98.2  476s
 234334 63547 -5336.4592   48  269 -5323.1320 -5385.2559  1.17%  98.6  480s
 236926 64622 -5324.5916   55  359 -5323.1320 -5384.9705  1.16%  98.9  486s
 239495 65880     cutoff   45      -5323.1320 -5384.5924  1.15%  99.1  491s
 242212 67139     cutoff   43      -5323.1320 -5384.2643  1.15%  99.4  495s
H244096 67136                    -5323.449551 -5384.0175  1.14%   100  498s
 244472 67739 -5342.4437   40  291 -5323.4496 -5383.9252  1.14%   100  500s
 247205 69091 -5360.1019   44  343 -5323.4496 -5383.6121  1.13%   100  505s
 250058 70303 -5362.0136   31  524 -5323.4496 -5383.2510  1.12%   100  510s
 252818 71776 -5331.0831   39  331 -5323.4496 -5382.9078  1.12%   100  515s
 255355 72804 -5343.4772   48  319 -5323.4496 -5382.6600  1.11%   100  520s
 257890 73920     cutoff   59      -5323.4496 -5382.2455  1.10%   101  525s
 260456 75175 -5362.1621   47  451 -5323.4496 -5381.9280  1.10%   101  530s
 263450 76253 -5341.9249   57  205 -5323.4496 -5381.6553  1.09%   101  535s
 266124 77571 -5358.9867   49  274 -5323.4496 -5381.3010  1.09%   101  540s
 269060 78822 -5342.7421   46  333 -5323.4496 -5380.9731  1.08%   101  545s
 272203 80298     cutoff   45      -5323.4496 -5380.6223  1.07%   101  551s
 275001 81533 -5364.0239   46  417 -5323.4496 -5380.3159  1.07%   101  556s
 278093 82864 -5356.8880   40  317 -5323.4496 -5379.9679  1.06%   102  561s
 281071 84344     cutoff   68      -5323.4496 -5379.6181  1.06%   102  567s
 283922 85481 -5331.3794   52  133 -5323.4496 -5379.3180  1.05%   102  572s
 285390 86053 -5351.1576   48  345 -5323.4496 -5379.1839  1.05%   102  575s
 288335 87320     cutoff   63      -5323.4496 -5378.8860  1.04%   102  580s
 291257 88727 -5326.8121   59  160 -5323.4496 -5378.5705  1.04%   102  585s
 294374 90036 -5334.0351   65  106 -5323.4496 -5378.3244  1.03%   102  591s
 297887 91739 -5347.5732   54   83 -5323.4496 -5377.9568  1.02%   102  596s
 301283 92943 -5360.2959   48  440 -5323.4496 -5377.6411  1.02%   102  602s
 302699 93645 -5335.8187   67  247 -5323.4496 -5377.4894  1.02%   102  605s
 305847 95194     cutoff   55      -5323.4496 -5377.2190  1.01%   102  610s
 309484 96584 -5362.9873   47  236 -5323.4496 -5376.9397  1.00%   102  615s
 312474 97929 -5362.2434   54  208 -5323.4496 -5376.6188  1.00%   103  621s
 315523 99220 -5337.6111   46  272 -5323.4496 -5376.3599  0.99%   103  626s
 318670 100940 -5366.7325   50  328 -5323.4496 -5376.0267  0.99%   103  632s
 320730 101566     cutoff   57      -5323.4496 -5375.9344  0.99%   103  635s
 324078 103229 infeasible   36      -5323.4496 -5375.6348  0.98%   103  641s
 327791 104717 -5337.8756   50  192 -5323.4496 -5375.3650  0.98%   103  647s
 329737 105663 -5363.2713   51  252 -5323.4496 -5375.2348  0.97%   103  650s
 333558 107351 -5334.2609   44  391 -5323.4496 -5374.9433  0.97%   103  655s
 336851 108702 -5337.3531   76   30 -5323.4496 -5374.6772  0.96%   103  661s
 340612 110190 -5343.9690   71  114 -5323.4496 -5374.4111  0.96%   103  667s
 342069 111006     cutoff   41      -5323.4496 -5374.3292  0.96%   103  670s
 345372 112280 -5359.0078   42  254 -5323.4496 -5374.0764  0.95%   103  675s
 348891 113569 -5327.4045   53  150 -5323.4496 -5373.8492  0.95%   103  681s
 352178 115140 -5365.1585   49  288 -5323.4496 -5373.5497  0.94%   103  686s
 356101 116714 -5347.8364   55  376 -5323.4496 -5373.2612  0.94%   103  692s
 357748 117572 -5330.7486   60  235 -5323.4496 -5373.1315  0.93%   103  695s
 361411 119304 -5346.8506   52  219 -5323.4496 -5372.9008  0.93%   103  701s
 365369 120934 -5353.4766   48  432 -5323.4496 -5372.6120  0.92%   103  707s
 367334 121822 -5342.0696   48  198 -5323.4496 -5372.4444  0.92%   103  710s
 371343 123792     cutoff   57      -5323.4496 -5372.1736  0.92%   102  716s
 375510 125459 -5339.5673   38  346 -5323.4496 -5371.9078  0.91%   102  722s
 377621 126343 -5350.8224   40  290 -5323.4496 -5371.7613  0.91%   102  725s
H378831 120727                    -5325.997197 -5371.7401  0.86%   102  725s
H380177 121198                    -5326.009639 -5371.6572  0.86%   102  728s
 380836 122007 -5362.5878   46  459 -5326.0096 -5371.6202  0.86%   102  731s
 384977 123744 infeasible   62      -5326.0096 -5371.3221  0.85%   102  737s
 386972 124712 -5347.5245   44  254 -5326.0096 -5371.1810  0.85%   102  740s
 391715 126634 -5356.4147   49  210 -5326.0096 -5370.9347  0.84%   102  747s
 393870 127422 -5357.7972   68   99 -5326.0096 -5370.7898  0.84%   102  750s
 397473 128888 -5343.3953   47  264 -5326.0096 -5370.5661  0.84%   102  756s
 401963 130785 -5352.9704   40  434 -5326.0096 -5370.2669  0.83%   102  762s
 404286 131652 -5327.5489   53  365 -5326.0096 -5370.1546  0.83%   102  766s
 408684 133371 -5345.2822   50  218 -5326.0096 -5369.8708  0.82%   102  772s
 410940 134169 -5327.3121   56  183 -5326.0096 -5369.7645  0.82%   101  775s
 415703 136211 -5350.8605   45  276 -5326.0096 -5369.5244  0.82%   101  782s
 418010 137087     cutoff   42      -5326.0096 -5369.3880  0.81%   101  785s
 422521 138872     cutoff   50      -5326.0096 -5369.1306  0.81%   101  791s
 426834 140558 -5355.0333   55  202 -5326.0096 -5368.8639  0.80%   101  797s
 428986 141601 -5339.6926   45  173 -5326.0096 -5368.7482  0.80%   101  800s
 433870 143654 -5344.0825   48  174 -5326.0096 -5368.5410  0.80%   101  807s
 436352 144496     cutoff   58      -5326.0096 -5368.3699  0.80%   101  810s
 441024 145561 -5329.5396   49  300 -5326.0096 -5368.1140  0.79%   101  820s
 443306 147574 -5349.4269   49  216 -5326.0096 -5368.0016  0.79%   101  827s
 445792 148647 -5345.5077   64   96 -5326.0096 -5367.8877  0.79%   100  830s
 450845 150810 -5340.4132   48  195 -5326.0096 -5367.6660  0.78%   100  837s
 453343 151704 -5350.9116   68   80 -5326.0096 -5367.5656  0.78%   100  840s
 457754 153597 -5340.1983   50  138 -5326.0096 -5367.3412  0.78%   100  846s
 462120 155375 -5344.3114   52  214 -5326.0096 -5367.1594  0.77%   100  853s
 464905 156164 -5333.6192   46  426 -5326.0096 -5367.0463  0.77%   100  856s
 469511 158190 -5349.7189   52  263 -5326.0096 -5366.8010  0.77%   100  862s
 471847 159229 -5331.2148   43  194 -5326.0096 -5366.6871  0.76%   100  866s
 476743 160851     cutoff   53      -5326.0096 -5366.4881  0.76%  99.4  872s
 478863 161686     cutoff   45      -5326.0096 -5366.3535  0.76%  99.4  876s
 483631 163777 -5338.9612   49  221 -5326.0096 -5366.1588  0.75%  99.3  882s
 486370 164672 infeasible  161      -5326.0096 -5366.0500  0.75%  99.1  886s
 491504 166834 -5338.6246   54  289 -5326.0096 -5365.8535  0.75%  98.9  892s
 493955 167798 -5350.9713   44  394 -5326.0096 -5365.7449  0.75%  98.8  895s
 498773 169726 -5327.4021   85   58 -5326.0096 -5365.5443  0.74%  98.7  901s
 501352 170563 -5345.7315   49  255 -5326.0096 -5365.4873  0.74%  98.6  905s
 506001 172295     cutoff   54      -5326.0096 -5365.2541  0.74%  98.5  911s
 510455 174071 -5328.3872   51  333 -5326.0096 -5365.0669  0.73%  98.4  917s
 512881 174893 -5348.8324   43  350 -5326.0096 -5364.9669  0.73%  98.3  920s
 517754 176962 -5354.5931   44  348 -5326.0096 -5364.7758  0.73%  98.2  927s
 520219 177711     cutoff  119      -5326.0096 -5364.6902  0.73%  98.1  930s
 524453 179207 -5343.9781   50  457 -5326.0096 -5364.4949  0.72%  98.0  936s
 529080 181153 -5338.7090   47  230 -5326.0096 -5364.3120  0.72%  97.8  942s
 531514 182080 -5333.5253   59  218 -5326.0096 -5364.2148  0.72%  97.7  946s
 536202 183846 -5362.7045   52  141 -5326.0096 -5364.0303  0.71%  97.6  952s
 538822 184889     cutoff   39      -5326.0096 -5363.9145  0.71%  97.5  955s
 543563 186514 -5347.6778   51  148 -5326.0096 -5363.7701  0.71%  97.4  961s
 548278 188476     cutoff   46      -5326.0096 -5363.6166  0.71%  97.3  967s
 550860 189277 -5333.3952   48  253 -5326.0096 -5363.5438  0.70%  97.2  970s
 555977 191518 -5340.3741  153   36 -5326.0096 -5363.3868  0.70%  97.0  977s
 558315 192507 -5333.8710   49  272 -5326.0096 -5363.2974  0.70%  96.9  980s
 563693 194911     cutoff   57      -5326.0096 -5363.1177  0.70%  96.7  986s
 568670 196598 -5332.2104   50  186 -5326.0096 -5362.9603  0.69%  96.5  992s
 571217 197436 -5350.3787   53  406 -5326.0096 -5362.8872  0.69%  96.4  995s
 576411 199570 -5342.3996   50  461 -5326.0096 -5362.7157  0.69%  96.2 1002s
 579116 200379 -5339.9084   46  338 -5326.0096 -5362.6241  0.69%  96.1 1005s
 584080 202374 -5351.2396   45  316 -5326.0096 -5362.4732  0.68%  96.0 1011s
 588922 204105     cutoff   39      -5326.0096 -5362.3219  0.68%  95.8 1017s
 591274 205069 -5341.1450   55  146 -5326.0096 -5362.2512  0.68%  95.8 1020s
 596043 206692 -5334.9911   54  261 -5326.0096 -5362.1007  0.68%  95.7 1026s
 598393 207730 -5336.0654   52  268 -5326.0096 -5362.0194  0.68%  95.6 1030s
 603241 209418 -5334.0961  133   34 -5326.0096 -5361.8737  0.67%  95.4 1036s
 608246 211151 -5334.5344  120    - -5326.0096 -5361.7184  0.67%  95.3 1042s
 610796 211955 -5329.4886  120   10 -5326.0096 -5361.6559  0.67%  95.2 1046s
 615478 214009     cutoff   54      -5326.0096 -5361.4939  0.67%  95.1 1052s
 618305 214939     cutoff   78      -5326.0096 -5361.4250  0.66%  95.0 1055s
 623625 216821 -5330.1827   68  125 -5326.0096 -5361.2752  0.66%  94.8 1062s
 626141 217409 -5354.9445   51  296 -5326.0096 -5361.1725  0.66%  94.7 1065s
 630580 219403 -5331.7303   75  119 -5326.0096 -5361.0594  0.66%  94.6 1071s
 635502 221144     cutoff   58      -5326.0096 -5360.9040  0.66%  94.4 1077s
 638157 222123 -5329.7578   53  162 -5326.0096 -5360.8180  0.65%  94.4 1080s
 643510 223956 -5334.8596   44  409 -5326.0096 -5360.6751  0.65%  94.2 1086s
 648680 225839 -5341.5352   40  365 -5326.0096 -5360.5275  0.65%  94.0 1093s
 651317 226626 -5341.3027   41  458 -5326.0096 -5360.4603  0.65%  93.9 1096s
 655854 228321 -5330.1850  100  170 -5326.0096 -5360.3320  0.64%  93.8 1102s
 658360 229303 -5336.1164   56  134 -5326.0096 -5360.2683  0.64%  93.7 1105s
 663365 231042     cutoff   51      -5326.0096 -5360.1031  0.64%  93.6 1111s
 668661 232613 -5354.4836   49  319 -5326.0096 -5359.9830  0.64%  93.4 1117s
 671160 233446 -5330.2475   53   82 -5326.0096 -5359.9025  0.64%  93.3 1120s
 676526 235394     cutoff   52      -5326.0096 -5359.7665  0.63%  93.2 1126s
 681768 237228 -5328.5483   48  142 -5326.0096 -5359.6081  0.63%  93.0 1133s
 684273 238099 -5338.8344   40  365 -5326.0096 -5359.5698  0.63%  92.9 1136s
 689761 240036 -5345.8622   54  133 -5326.0096 -5359.4094  0.63%  92.7 1142s
 692365 240946 -5328.0349   71   76 -5326.0096 -5359.3475  0.63%  92.7 1145s
 697620 242564 -5342.7750   48  192 -5326.0096 -5359.2195  0.62%  92.5 1152s
 700159 243466 -5327.6134   65  126 -5326.0096 -5359.1648  0.62%  92.5 1155s
 705453 245428 -5330.5143   51  118 -5326.0096 -5359.0426  0.62%  92.3 1161s
 711099 247541     cutoff   64      -5326.0096 -5358.9094  0.62%  92.1 1167s
 713948 248613 -5335.4397   55  202 -5326.0096 -5358.8209  0.62%  92.0 1170s
 719340 250370     cutoff   47      -5326.0096 -5358.6906  0.61%  91.8 1176s
 724825 252528 -5347.8535   50  206 -5326.0096 -5358.5654  0.61%  91.6 1182s
 727799 253364 -5343.4510   65  161 -5326.0096 -5358.5072  0.61%  91.5 1185s
 733026 255093 -5352.6427   36  438 -5326.0096 -5358.3733  0.61%  91.4 1191s
 737908 257423 -5343.8899   63  142 -5326.0096 -5358.2671  0.61%  91.2 1197s
 740964 258609 -5341.5217   59  191 -5326.0096 -5358.2132  0.60%  91.1 1200s
 746786 260512 -5345.4868   55  162 -5326.0096 -5358.0852  0.60%  90.9 1206s
 752115 262461 -5340.3155   72  167 -5326.0096 -5357.9494  0.60%  90.7 1212s
 755207 263454 -5329.2592   49  197 -5326.0096 -5357.8934  0.60%  90.6 1215s
 760900 265334 -5339.5302   59   44 -5326.0096 -5357.7551  0.60%  90.4 1221s
 766212 267151 -5330.5074   60  113 -5326.0096 -5357.6554  0.59%  90.2 1227s
 769084 268152 -5341.7214   49  280 -5326.0096 -5357.5917  0.59%  90.2 1230s
 774745 269990 -5329.1933   41  423 -5326.0096 -5357.4707  0.59%  90.0 1236s
 779723 271895 -5332.7518  123   15 -5326.0096 -5357.3799  0.59%  89.8 1242s
 782382 272845     cutoff   54      -5326.0096 -5357.3176  0.59%  89.7 1245s
 787885 274772 -5337.0239   49  212 -5326.0096 -5357.1974  0.59%  89.6 1251s
 793722 276601 -5345.5918   57  119 -5326.0096 -5357.0721  0.58%  89.4 1257s
 796345 277492     cutoff   41      -5326.0096 -5357.0299  0.58%  89.3 1260s
 801802 279602     cutoff   54      -5326.0096 -5356.9312  0.58%  89.1 1266s
 807587 281723 -5326.5617   67  127 -5326.0096 -5356.8175  0.58%  88.9 1272s
 810665 282778 -5337.7303   55  150 -5326.0096 -5356.7656  0.58%  88.8 1275s
 816096 284569 -5337.5539   56  194 -5326.0096 -5356.6785  0.58%  88.7 1280s
 821846 286706 -5347.7071   48  270 -5326.0096 -5356.5533  0.57%  88.5 1286s
 827806 289142 -5334.4342   54  188 -5326.0096 -5356.4590  0.57%  88.3 1292s
 830722 290251 -5326.1033  125    - -5326.0096 -5356.4013  0.57%  88.2 1295s
 836787 291846 -5344.5127   54  117 -5326.0096 -5356.2805  0.57%  87.9 1301s
 841532 293643 -5353.8583   48  227 -5326.0096 -5356.1918  0.57%  87.8 1307s
 844357 294533     cutoff   44      -5326.0096 -5356.1376  0.57%  87.8 1310s
 850067 296523 -5327.9087   66  203 -5326.0096 -5356.0434  0.56%  87.6 1315s
 855444 298375 -5334.6481   61   14 -5326.0096 -5355.9478  0.56%  87.4 1321s
 860397 300109 -5353.3091   51   77 -5326.0096 -5355.8621  0.56%  87.3 1327s
 863164 301141     cutoff   56      -5326.0096 -5355.8164  0.56%  87.2 1330s
 868625 302967     cutoff   55      -5326.0096 -5355.7255  0.56%  87.1 1336s
 874550 305093     cutoff   76      -5326.0096 -5355.6285  0.56%  86.9 1342s
 880076 306874 -5344.4007   56  127 -5326.0096 -5355.5432  0.55%  86.7 1347s
 882960 308110     cutoff   49      -5326.0096 -5355.4981  0.55%  86.6 1350s
 888949 309982 -5332.6304   72  112 -5326.0096 -5355.4018  0.55%  86.4 1356s
 894872 311882     cutoff   48      -5326.0096 -5355.3085  0.55%  86.3 1362s
 900960 314484 -5326.4194  101    - -5326.0096 -5355.2226  0.55%  86.1 1367s
 904325 315490 infeasible  101      -5326.0096 -5355.1646  0.55%  85.9 1370s
 909975 317332 -5339.9434   48  151 -5326.0096 -5355.0664  0.55%  85.8 1376s
 915794 319059 -5337.4755   63  112 -5326.0096 -5354.9660  0.54%  85.6 1381s
 921333 320902 -5340.0683   41  271 -5326.0096 -5354.8903  0.54%  85.4 1387s
 924187 321862 -5335.0662   58   46 -5326.0096 -5354.8446  0.54%  85.4 1390s
 930160 323645 -5339.0884   46  148 -5326.0096 -5354.7546  0.54%  85.2 1396s
 935798 325619 -5337.8187   53  397 -5326.0096 -5354.6842  0.54%  85.0 1402s
 941193 327446 infeasible  117      -5326.0096 -5354.6096  0.54%  84.9 1407s
 944119 328380 -5348.3900   59  187 -5326.0096 -5354.5696  0.54%  84.8 1410s
 949725 329957 -5331.3502   59   65 -5326.0096 -5354.4818  0.53%  84.6 1415s
 955271 331672     cutoff   57      -5326.0096 -5354.3929  0.53%  84.5 1421s
H955804 331672                    -5326.009640 -5354.3927  0.53%  84.5 1421s
 961140 333841 -5345.4187   41  329 -5326.0096 -5354.3145  0.53%  84.3 1427s
 964065 334714 -5344.0749   44  289 -5326.0096 -5354.2789  0.53%  84.3 1430s
 969609 336513 -5339.0533   54  140 -5326.0096 -5354.2018  0.53%  84.1 1435s
 975246 338385 -5332.3821   78  116 -5326.0096 -5354.1294  0.53%  84.0 1441s
 981297 340420 -5332.5338   54  176 -5326.0096 -5354.0505  0.53%  83.8 1447s
 984181 341351     cutoff   54      -5326.0096 -5354.0080  0.53%  83.7 1450s
 990028 343321     cutoff   52      -5326.0096 -5353.9246  0.52%  83.6 1455s
 996066 344999 -5328.1456   57   69 -5326.0096 -5353.8384  0.52%  83.4 1461s
 1001552 346837 -5348.3347   50  231 -5326.0096 -5353.7690  0.52%  83.3 1467s
 1004483 347764     cutoff   41      -5326.0096 -5353.7296  0.52%  83.2 1470s
H1007414 348515                    -5326.009642 -5353.7104  0.52%  83.1 1472s
 1010118 349121     cutoff   35      -5326.0096 -5353.6578  0.52%  83.0 1475s
 1014851 350705 -5326.7648   58  163 -5326.0096 -5353.6020  0.52%  82.9 1481s
 1020514 352422     cutoff   47      -5326.0096 -5353.5242  0.52%  82.8 1486s
 1026480 354342 -5331.6449   56  186 -5326.0096 -5353.4406  0.52%  82.6 1491s
 1032055 355891     cutoff   45      -5326.0096 -5353.3706  0.51%  82.5 1497s
 1034819 356836     cutoff   67      -5326.0096 -5353.3319  0.51%  82.4 1500s
 1040584 358506 -5329.4762   51  202 -5326.0096 -5353.2610  0.51%  82.3 1505s
 1046138 360078     cutoff   52      -5326.0096 -5353.1841  0.51%  82.2 1511s
 1051826 361721 -5333.8385   55  239 -5326.0096 -5353.1104  0.51%  82.0 1517s
 1054499 362473 -5348.0178   54  129 -5326.0096 -5353.0774  0.51%  82.0 1520s
 1060133 364116 -5331.6219   54   76 -5326.0096 -5352.9958  0.51%  81.8 1525s
 1066179 366044 -5346.6605   62   90 -5326.0096 -5352.9155  0.51%  81.7 1531s
 1071923 367724 infeasible   49      -5326.0096 -5352.8518  0.50%  81.6 1536s
 1077428 369126     cutoff   61      -5326.0096 -5352.7764  0.50%  81.4 1542s
 1079775 370103 -5341.5469   78   72 -5326.0096 -5352.7484  0.50%  81.4 1545s
 1085793 371856 -5334.0264   52   67 -5326.0096 -5352.6715  0.50%  81.2 1550s
 1091503 373284 -5333.8830   52  227 -5326.0096 -5352.6037  0.50%  81.1 1555s
 1097112 374869     cutoff   47      -5326.0096 -5352.5310  0.50%  81.0 1561s
 1102397 376243 -5327.1106   62  169 -5326.0096 -5352.4633  0.50%  80.9 1566s
 1107988 377838 -5328.0478   48  151 -5326.0096 -5352.3860  0.50%  80.8 1572s
 1114029 379460 -5335.7100   62  104 -5326.0096 -5352.3142  0.49%  80.6 1577s
 1119825 381079     cutoff   52      -5326.0096 -5352.2483  0.49%  80.5 1582s
 1122657 381733     cutoff   61      -5326.0096 -5352.2115  0.49%  80.4 1585s
 1127691 383688     cutoff   80      -5326.0096 -5352.1600  0.49%  80.3 1590s
 1133423 385184     cutoff   69      -5326.0096 -5352.0898  0.49%  80.2 1595s
 1138895 386663 -5334.5118   71  141 -5326.0096 -5352.0227  0.49%  80.1 1601s
 1144562 388096 -5339.7639   53  245 -5326.0096 -5351.9542  0.49%  80.0 1606s
 1150150 389898 -5336.2313   51  149 -5326.0096 -5351.8925  0.49%  79.9 1611s
 1155962 391535 -5346.2396   60   33 -5326.0096 -5351.8257  0.48%  79.7 1616s
 1161709 393139 -5338.5167   65   65 -5326.0096 -5351.7552  0.48%  79.6 1622s
 1164541 393834 -5331.8839   50  274 -5326.0096 -5351.7282  0.48%  79.5 1625s
 1170240 395535     cutoff   53      -5326.0096 -5351.6593  0.48%  79.4 1630s
 1176201 396960 -5334.7307   55   71 -5326.0096 -5351.5985  0.48%  79.3 1635s
 1181604 398335 -5343.1781   67  182 -5326.0096 -5351.5318  0.48%  79.2 1640s
 1186752 399848 -5337.0890   61  101 -5326.0096 -5351.4831  0.48%  79.1 1646s
 1192576 401129 -5342.8049   55  110 -5326.0096 -5351.4154  0.48%  79.0 1651s
H1193397 401131                    -5326.009646 -5351.4131  0.48%  79.0 1651s
 1197139 402590 infeasible   41      -5326.0096 -5351.3602  0.48%  78.9 1656s
 1202190 404207 infeasible   97      -5326.0096 -5351.3083  0.48%  78.8 1662s
 1208236 405763 -5331.5854   61  112 -5326.0096 -5351.2457  0.47%  78.6 1667s
H1210610 405772                    -5326.009649 -5351.2372  0.47%  78.6 1667s
 1211029 406517 -5331.0345   48  324 -5326.0096 -5351.2107  0.47%  78.6 1670s
 1216815 407975 -5335.5567   69  131 -5326.0096 -5351.1419  0.47%  78.5 1675s
 1222389 409720 -5332.6916   62  219 -5326.0096 -5351.0865  0.47%  78.4 1680s
H1227742 410543                    -5326.009653 -5351.0473  0.47%  78.2 1683s
 1228191 411032 infeasible  141      -5326.0097 -5351.0180  0.47%  78.2 1685s
 1232782 412384 -5349.7190   47  336 -5326.0097 -5350.9725  0.47%  78.1 1691s
 1238359 413862     cutoff   58      -5326.0097 -5350.9088  0.47%  78.0 1696s
 1243690 415445 -5343.0379   58  129 -5326.0097 -5350.8607  0.47%  77.9 1701s
 1249849 416791     cutoff   56      -5326.0097 -5350.8018  0.47%  77.8 1707s
 1255949 418360 -5326.0471   54  124 -5326.0097 -5350.7476  0.46%  77.7 1712s
 1261927 419979 -5338.0861   48  167 -5326.0097 -5350.6855  0.46%  77.6 1717s
 1265000 420709 -5336.8041   63   54 -5326.0097 -5350.6607  0.46%  77.5 1720s
 1270371 422058 -5346.6619   58  232 -5326.0097 -5350.6005  0.46%  77.4 1725s
 1276061 423391 -5332.3071   62  205 -5326.0097 -5350.5491  0.46%  77.3 1730s
 1281592 424946     cutoff   63      -5326.0097 -5350.4805  0.46%  77.2 1735s
H1285902 425748                    -5326.009654 -5350.4495  0.46%  77.1 1738s
 1287532 426598 -5349.2010   55  128 -5326.0097 -5350.4323  0.46%  77.1 1741s
 1293372 428120 -5337.4585   50  144 -5326.0097 -5350.3708  0.46%  77.0 1746s
 1299308 429674 -5338.6347   56  133 -5326.0097 -5350.3096  0.46%  76.8 1751s
 1304896 430939 -5342.3481   67  245 -5326.0097 -5350.2615  0.46%  76.7 1756s
 1310379 432334 -5331.2871   61   78 -5326.0097 -5350.2031  0.45%  76.6 1761s
 1316099 433935 infeasible  131      -5326.0097 -5350.1540  0.45%  76.5 1766s
 1321933 435445 -5338.7920   56   44 -5326.0097 -5350.0928  0.45%  76.4 1772s
 1327488 436187 infeasible   97      -5326.0097 -5350.0431  0.45%  76.3 1781s
 1330391 437499 -5327.6297  139   26 -5326.0097 -5350.0214  0.45%  76.3 1787s
 1335867 438813 -5330.8753   55  152 -5326.0097 -5349.9682  0.45%  76.2 1792s
 1341435 440017 -5330.8738   61  150 -5326.0097 -5349.9216  0.45%  76.1 1797s
 1344173 440741     cutoff   51      -5326.0097 -5349.8961  0.45%  76.0 1800s
 1349752 441949 -5334.7270   38  518 -5326.0097 -5349.8434  0.45%  76.0 1805s
 1354912 443065 -5342.5602   50  383 -5326.0097 -5349.7905  0.45%  75.9 1810s
 1360159 444282 -5337.0472   53  273 -5326.0097 -5349.7357  0.45%  75.8 1816s
 1365711 445801 -5338.1567   72   79 -5326.0097 -5349.6879  0.44%  75.7 1821s
 1370981 447097 -5337.0653   58   46 -5326.0097 -5349.6418  0.44%  75.6 1826s
 1376410 448363 -5330.0075   53  132 -5326.0097 -5349.5834  0.44%  75.5 1831s
 1381827 449649 -5341.7056   50   32 -5326.0097 -5349.5379  0.44%  75.5 1837s
 1384680 450349 -5339.5796   55   66 -5326.0097 -5349.5189  0.44%  75.4 1840s
 1390054 451669 -5337.9596   49  301 -5326.0097 -5349.4672  0.44%  75.3 1845s
 1395680 452755 -5329.1943   71  155 -5326.0097 -5349.4169  0.44%  75.2 1850s
 1401081 454156 -5336.4824   66  142 -5326.0097 -5349.3795  0.44%  75.1 1855s
 1406998 455371     cutoff   65      -5326.0097 -5349.3146  0.44%  75.0 1861s
 1411494 456375 infeasible   58      -5326.0097 -5349.2771  0.44%  75.0 1866s
 1417066 457757 -5326.1142   55  208 -5326.0097 -5349.2286  0.44%  74.9 1872s
 1422704 458914 -5335.5191   55   83 -5326.0097 -5349.1713  0.43%  74.8 1877s
 1427352 459585     cutoff   60      -5326.0097 -5349.1464  0.43%  74.7 1880s
 1431004 460982 -5346.0995   64   63 -5326.0097 -5349.1047  0.43%  74.6 1885s
 1436428 462111     cutoff   57      -5326.0097 -5349.0632  0.43%  74.5 1890s
 1441926 463465 -5335.7328   65   33 -5326.0097 -5349.0056  0.43%  74.5 1895s
 1447345 464696 -5335.4110   74   96 -5326.0097 -5348.9557  0.43%  74.4 1900s
 1452554 465689 -5335.4352   60  108 -5326.0097 -5348.9117  0.43%  74.3 1905s
 1458316 467065     cutoff   83      -5326.0097 -5348.8673  0.43%  74.2 1910s
 1463366 468054     cutoff   54      -5326.0097 -5348.8283  0.43%  74.2 1915s
 1468604 469170 infeasible   94      -5326.0097 -5348.7841  0.43%  74.1 1920s
 1473660 470260     cutoff   70      -5326.0097 -5348.7481  0.43%  74.0 1925s
 1478867 471300 -5329.3764   63   31 -5326.0097 -5348.6906  0.43%  73.9 1931s
 1484486 472365 -5331.6404   77   43 -5326.0097 -5348.6449  0.42%  73.9 1935s
 1489298 473691     cutoff   54      -5326.0097 -5348.6068  0.42%  73.8 1940s
 1494875 474814 infeasible   43      -5326.0097 -5348.5605  0.42%  73.7 1945s
 1500014 475863     cutoff   58      -5326.0097 -5348.5190  0.42%  73.6 1950s
 1505770 476962 -5332.5777   68  113 -5326.0097 -5348.4716  0.42%  73.5 1955s
 1511428 478204 -5336.1460   68  112 -5326.0097 -5348.4271  0.42%  73.5 1960s
 1517233 479108     cutoff   69      -5326.0097 -5348.3829  0.42%  73.4 1965s
 1522501 480262 -5340.2193   73   48 -5326.0097 -5348.3465  0.42%  73.3 1970s
 1528134 481356     cutoff   56      -5326.0097 -5348.3001  0.42%  73.2 1975s
 1533833 482454 -5333.1066   46  318 -5326.0097 -5348.2611  0.42%  73.1 1980s
 1539567 483527     cutoff   61      -5326.0097 -5348.2090  0.42%  73.0 1985s
 1544805 484583 -5329.0775   90  236 -5326.0097 -5348.1671  0.42%  73.0 1990s
 1550531 485583 -5338.9146   64  104 -5326.0097 -5348.1300  0.42%  72.9 1995s
 1555207 486482 -5340.7942   46  151 -5326.0097 -5348.0925  0.41%  72.8 2000s
 1563006 488181 -5338.8605   71  195 -5326.0097 -5348.0228  0.41%  72.7 2007s
 1568855 489299 -5331.3063   68  138 -5326.0097 -5347.9767  0.41%  72.6 2012s
 1574343 490532 -5336.8861   68  133 -5326.0097 -5347.9312  0.41%  72.6 2017s
 1579371 491349     cutoff   58      -5326.0097 -5347.8963  0.41%  72.5 2022s
 1584335 492296     cutoff   74      -5326.0097 -5347.8499  0.41%  72.4 2026s
 1589833 493199 -5339.1481   50  210 -5326.0097 -5347.8111  0.41%  72.4 2031s
 1595349 494131     cutoff   69      -5326.0097 -5347.7707  0.41%  72.3 2036s
 1600921 495280     cutoff   63      -5326.0097 -5347.7209  0.41%  72.2 2041s
 1606451 496109     cutoff   49      -5326.0097 -5347.6784  0.41%  72.1 2046s
 1610985 497075 -5329.6742   59  256 -5326.0097 -5347.6524  0.41%  72.1 2051s
 1616532 498146     cutoff   75      -5326.0097 -5347.6026  0.41%  72.0 2056s
 1621926 498818 -5335.8651   57  280 -5326.0097 -5347.5603  0.40%  71.9 2061s
 1626126 499814 -5328.0865   53  147 -5326.0097 -5347.5284  0.40%  71.9 2067s
 1628782 500557 -5333.4614   48  309 -5326.0097 -5347.5066  0.40%  71.9 2070s
 1637377 502124 -5342.0935   52   20 -5326.0097 -5347.4464  0.40%  71.7 2077s
 1642724 503156     cutoff   41      -5326.0097 -5347.4038  0.40%  71.7 2082s
 1648253 504148 -5331.3762   71   96 -5326.0097 -5347.3674  0.40%  71.6 2086s
 1653738 505362 infeasible   47      -5326.0097 -5347.3252  0.40%  71.5 2091s
 1659210 506432     cutoff   49      -5326.0097 -5347.2878  0.40%  71.5 2096s
 1664653 507430 -5345.3284   68  106 -5326.0097 -5347.2426  0.40%  71.4 2101s
 1670086 508438     cutoff   78      -5326.0097 -5347.2071  0.40%  71.3 2106s
 1675767 509397     cutoff   46      -5326.0097 -5347.1635  0.40%  71.2 2110s
 1681106 510292 -5330.2832   41  164 -5326.0097 -5347.1258  0.40%  71.2 2115s
 1686627 511287     cutoff   70      -5326.0097 -5347.0804  0.40%  71.1 2120s
 1693755 512544     cutoff   48      -5326.0097 -5347.0344  0.39%  71.0 2127s
 1699150 513505 -5329.0796   73  116 -5326.0097 -5346.9996  0.39%  70.9 2132s
 1704255 514439 -5334.4837   70   58 -5326.0097 -5346.9594  0.39%  70.9 2137s
 1709725 515350     cutoff   49      -5326.0097 -5346.9213  0.39%  70.8 2141s
 1715117 516357 -5339.2354   69  142 -5326.0097 -5346.8791  0.39%  70.7 2146s
 1720507 517172 -5327.3193   63   97 -5326.0097 -5346.8420  0.39%  70.7 2151s
 1725917 518125 -5332.3880   60  305 -5326.0097 -5346.7953  0.39%  70.6 2156s
 1731406 519296     cutoff   50      -5326.0097 -5346.7575  0.39%  70.5 2161s
 1737655 520402 -5338.3463   72  205 -5326.0097 -5346.7192  0.39%  70.4 2166s
 1743144 521271     cutoff   82      -5326.0097 -5346.6863  0.39%  70.4 2171s
 1747966 522180 -5342.6059   65  133 -5326.0097 -5346.6458  0.39%  70.3 2176s
 1753505 523136 -5327.9793   59  258 -5326.0097 -5346.6048  0.39%  70.3 2181s
 1759027 524009 -5340.8496   65  197 -5326.0097 -5346.5695  0.39%  70.2 2186s
 1764852 524864     cutoff   51      -5326.0097 -5346.5390  0.39%  70.1 2191s
 1769897 525755 -5336.1244   62   69 -5326.0097 -5346.4998  0.38%  70.1 2196s
 1775307 526732     cutoff   49      -5326.0097 -5346.4644  0.38%  70.0 2201s
 1780964 527547 -5339.6374   58  157 -5326.0097 -5346.4239  0.38%  69.9 2206s
 1785923 528667 -5342.5608   64  101 -5326.0097 -5346.3923  0.38%  69.9 2211s
 1791736 529679 -5336.8347   51  201 -5326.0097 -5346.3549  0.38%  69.8 2216s
 1797267 530605 -5332.1875   52  227 -5326.0097 -5346.3202  0.38%  69.7 2221s
 1802811 531492     cutoff   50      -5326.0097 -5346.2812  0.38%  69.7 2226s
 1808015 532267 -5330.9775   55  138 -5326.0097 -5346.2491  0.38%  69.6 2230s
 1813642 533160 -5338.3156   66  135 -5326.0097 -5346.2074  0.38%  69.5 2235s
 1819178 533984     cutoff  124      -5326.0097 -5346.1713  0.38%  69.5 2240s
 1826855 535063 -5335.1985   49  219 -5326.0097 -5346.1217  0.38%  69.4 2247s
 1832433 535834 -5336.7867   45  323 -5326.0097 -5346.0890  0.38%  69.3 2251s
 1837810 536608 -5336.8440   57  150 -5326.0097 -5346.0438  0.38%  69.3 2257s
 1843208 537444 -5330.8019   52   93 -5326.0097 -5346.0094  0.38%  69.2 2261s
 1848926 538273 infeasible   64      -5326.0097 -5345.9697  0.37%  69.1 2266s
 1854053 539247     cutoff   52      -5326.0097 -5345.9353  0.37%  69.1 2271s
 1859531 539960 -5328.2766   62  126 -5326.0097 -5345.9008  0.37%  69.0 2276s
 1865013 540842 -5328.1413   63  156 -5326.0097 -5345.8600  0.37%  68.9 2281s
 1870544 541742 -5327.5392   67   42 -5326.0097 -5345.8190  0.37%  68.9 2286s
 1875623 542495 -5333.9904   66  165 -5326.0097 -5345.7886  0.37%  68.8 2291s
 1881169 543475     cutoff   70      -5326.0097 -5345.7539  0.37%  68.8 2295s
 1886666 544345 infeasible   65      -5326.0097 -5345.7230  0.37%  68.7 2300s
 1892146 545270 -5342.3212   60   28 -5326.0097 -5345.6898  0.37%  68.6 2305s
 1898009 546059 -5334.2903   70   57 -5326.0097 -5345.6513  0.37%  68.6 2310s
 1906328 547340 -5339.0271   62  163 -5326.0097 -5345.5969  0.37%  68.5 2317s
 1911714 548173 -5332.5797   79  109 -5326.0097 -5345.5630  0.37%  68.4 2321s
 1917392 548925 -5337.3436   73  198 -5326.0097 -5345.5276  0.37%  68.3 2326s
 1922553 549812 -5341.5813   73  151 -5326.0097 -5345.4893  0.37%  68.3 2330s
 1928623 550635     cutoff   59      -5326.0097 -5345.4632  0.37%  68.2 2335s
 1933707 551406 -5340.9049   53  239 -5326.0097 -5345.4338  0.36%  68.2 2340s
 1939147 552045     cutoff   87      -5326.0097 -5345.3996  0.36%  68.1 2345s
 1947594 553149 infeasible   55      -5326.0097 -5345.3450  0.36%  68.0 2351s
 1953147 554163 -5336.0015   41  494 -5326.0097 -5345.3076  0.36%  68.0 2356s
 1958735 554869 -5328.0497   63  154 -5326.0097 -5345.2780  0.36%  67.9 2361s
 1964028 555518 -5329.9879   66   26 -5326.0097 -5345.2393  0.36%  67.9 2365s
 1969071 556022     cutoff   82      -5326.0097 -5345.2093  0.36%  67.8 2370s
 1975352 557207 -5332.2915   73  142 -5326.0097 -5345.1669  0.36%  67.7 2377s
 1981185 557930     cutoff   73      -5326.0097 -5345.1271  0.36%  67.7 2381s
 1986580 558719 -5328.5328   71  223 -5326.0097 -5345.0960  0.36%  67.6 2386s
 1992361 559545 -5328.5140   66   84 -5326.0097 -5345.0643  0.36%  67.6 2391s
 1997437 560248     cutoff   60      -5326.0097 -5345.0360  0.36%  67.5 2395s
 2002876 561061     cutoff   81      -5326.0097 -5345.0028  0.36%  67.5 2400s
 2008385 561744 -5327.4894   58  255 -5326.0097 -5344.9726  0.36%  67.4 2405s
 2013843 562409 -5342.4912   57  184 -5326.0097 -5344.9337  0.36%  67.3 2410s
 2019211 563158 -5328.0329   66  115 -5326.0097 -5344.9022  0.35%  67.3 2415s
 2027416 564175 -5333.8462   55  182 -5326.0097 -5344.8474  0.35%  67.2 2421s
 2032703 564937 -5335.2203   49  131 -5326.0097 -5344.8175  0.35%  67.2 2426s
 2037649 565544 -5340.3581   56  139 -5326.0097 -5344.7948  0.35%  67.1 2431s
 2043174 566196 infeasible   58      -5326.0097 -5344.7498  0.35%  67.1 2435s
 2048437 567046 -5340.3627   70  231 -5326.0097 -5344.7196  0.35%  67.0 2440s
 2056627 567870 -5340.8378   55   62 -5326.0097 -5344.6717  0.35%  66.9 2447s
 2062038 568531 -5327.4502   65   53 -5326.0097 -5344.6392  0.35%  66.9 2452s
 2067642 569246     cutoff   83      -5326.0097 -5344.6046  0.35%  66.8 2456s
 2073243 569820 -5332.9776   63  127 -5326.0097 -5344.5728  0.35%  66.8 2461s
 2078641 570543 -5327.7851   62  152 -5326.0097 -5344.5366  0.35%  66.7 2465s
 2083920 571193     cutoff   65      -5326.0097 -5344.5096  0.35%  66.7 2470s
 2092493 572289 -5334.0129   63  165 -5326.0097 -5344.4520  0.35%  66.6 2477s
 2097777 572999 -5327.3426   72  117 -5326.0097 -5344.4213  0.35%  66.5 2482s
 2103429 573750     cutoff   61      -5326.0097 -5344.3918  0.35%  66.5 2486s
 2108763 574392     cutoff   77      -5326.0097 -5344.3602  0.34%  66.4 2491s
 2114384 575222     cutoff   41      -5326.0097 -5344.3270  0.34%  66.3 2496s
 2119947 575889     cutoff   67      -5326.0097 -5344.2986  0.34%  66.3 2501s
 2125290 576491 -5329.7456   51  142 -5326.0097 -5344.2624  0.34%  66.3 2506s
 2130974 577044     cutoff   66      -5326.0097 -5344.2326  0.34%  66.2 2510s
 2138808 577816 -5331.8455   75  106 -5326.0097 -5344.1819  0.34%  66.1 2517s
 2144192 578539 infeasible   70      -5326.0097 -5344.1507  0.34%  66.1 2521s
 2149760 579219 -5335.3801   79  152 -5326.0097 -5344.1210  0.34%  66.0 2525s
 2155483 579956 infeasible  104      -5326.0097 -5344.0891  0.34%  66.0 2530s
 2163333 581122 -5335.1548   61  124 -5326.0097 -5344.0541  0.34%  65.9 2537s
 2168970 581648 -5328.2628   58   47 -5326.0097 -5344.0203  0.34%  65.8 2541s
 2174325 582110 infeasible   53      -5326.0097 -5343.9902  0.34%  65.8 2546s
 2179556 582559 -5335.3215   62   79 -5326.0097 -5343.9575  0.34%  65.7 2550s
 2184928 583271 -5329.7854   55  189 -5326.0097 -5343.9269  0.34%  65.7 2555s
 2193471 584142 -5334.7603   66   75 -5326.0097 -5343.8832  0.34%  65.6 2561s
 2198658 584834 -5329.2943   68  138 -5326.0097 -5343.8519  0.34%  65.6 2565s
 2203728 585459 -5334.9864   57   94 -5326.0097 -5343.8262  0.33%  65.5 2570s
 2212336 586524 -5333.3012   72   86 -5326.0097 -5343.7801  0.33%  65.4 2577s
 2217815 587122 -5331.5330   75   54 -5326.0097 -5343.7533  0.33%  65.4 2581s
 2223358 587716 -5336.2073   54  207 -5326.0097 -5343.7282  0.33%  65.3 2586s
 2228805 588236 -5330.1685   77   40 -5326.0097 -5343.6956  0.33%  65.3 2590s
 2234306 588791     cutoff   74      -5326.0097 -5343.6645  0.33%  65.2 2595s
 2241667 589674 -5333.6633   63   80 -5326.0097 -5343.6267  0.33%  65.2 2601s
 2247029 590322 -5334.8122   68  121 -5326.0097 -5343.5996  0.33%  65.1 2606s
 2252510 591061 -5332.8143   53   50 -5326.0097 -5343.5722  0.33%  65.1 2611s
 2258115 591714 -5333.2785   70  144 -5326.0097 -5343.5411  0.33%  65.0 2615s
 2263412 592313 -5330.6114   63  314 -5326.0097 -5343.5116  0.33%  65.0 2620s
 2271526 593147     cutoff   45      -5326.0097 -5343.4707  0.33%  64.9 2627s
 2276710 593794 -5326.2467   53  215 -5326.0097 -5343.4383  0.33%  64.9 2631s
 2282111 594312     cutoff   70      -5326.0097 -5343.4114  0.33%  64.8 2636s
 2287518 594740 -5330.7385   65  220 -5326.0097 -5343.3791  0.33%  64.8 2640s
 2289936 594743 -5326.3272   61  122 -5326.0097 -5343.3693  0.33%  64.7 2648s
 2289953 595041 infeasible   60      -5326.0097 -5343.3681  0.33%  64.7 2650s
 2294932 595631 -5330.7830   62  157 -5326.0097 -5343.3380  0.33%  64.7 2655s
 2300425 596124     cutoff   54      -5326.0097 -5343.3082  0.32%  64.7 2660s
 2308539 596885 -5336.7199   52  174 -5326.0097 -5343.2641  0.32%  64.6 2667s
 2313783 597329 -5336.2227   49  209 -5326.0097 -5343.2348  0.32%  64.5 2671s
 2319272 597827     cutoff   54      -5326.0097 -5343.2081  0.32%  64.5 2675s
 2325132 598515 -5334.2120   58  189 -5326.0097 -5343.1756  0.32%  64.4 2680s
 2332644 599232 -5329.2483   69  101 -5326.0097 -5343.1368  0.32%  64.4 2686s
 2338152 599689 -5327.3034   73  101 -5326.0097 -5343.1073  0.32%  64.3 2690s
 2343621 600150     cutoff   70      -5326.0097 -5343.0783  0.32%  64.3 2695s
 2351992 601196 -5336.1131   65  145 -5326.0097 -5343.0350  0.32%  64.2 2701s
 2357633 601714 -5329.5721   67   88 -5326.0097 -5343.0050  0.32%  64.2 2706s
 2363290 602388 -5329.3352   58  174 -5326.0097 -5342.9774  0.32%  64.1 2711s
 2368804 602798     cutoff   49      -5326.0097 -5342.9530  0.32%  64.1 2715s
 2374452 603304 -5328.8691   63   70 -5326.0097 -5342.9214  0.32%  64.0 2720s
 2379681 603815 infeasible   58      -5326.0097 -5342.8939  0.32%  64.0 2725s
 2385400 604314 -5334.0149   67  149 -5326.0097 -5342.8635  0.32%  63.9 2730s
 2393433 604936 infeasible   57      -5326.0097 -5342.8228  0.32%  63.8 2737s
 2399065 605382 -5329.9146   58  179 -5326.0097 -5342.7927  0.32%  63.8 2741s
 2404635 605941 -5331.1208   62  128 -5326.0097 -5342.7661  0.31%  63.7 2745s
 2410143 606494 -5329.8804   76  143 -5326.0097 -5342.7404  0.31%  63.7 2750s
 2418673 607316 -5336.1210   63   75 -5326.0097 -5342.6971  0.31%  63.6 2757s
 2424220 607759 -5337.9199   70  114 -5326.0097 -5342.6688  0.31%  63.6 2761s
 2429251 608352 -5330.0704   67  119 -5326.0097 -5342.6487  0.31%  63.5 2766s
 2434801 608792 -5333.3153   78   70 -5326.0097 -5342.6193  0.31%  63.5 2771s
 2440248 609233     cutoff   51      -5326.0097 -5342.5921  0.31%  63.4 2775s
 2448678 609854     cutoff   48      -5326.0097 -5342.5482  0.31%  63.4 2781s
 2453897 610330 -5330.0769   85  182 -5326.0097 -5342.5241  0.31%  63.3 2786s
 2458973 610709 -5329.8290   63  179 -5326.0097 -5342.4970  0.31%  63.3 2791s
 2464614 611176     cutoff   69      -5326.0097 -5342.4694  0.31%  63.2 2795s
 2473226 611867     cutoff   74      -5326.0097 -5342.4228  0.31%  63.2 2801s
 2478172 612336 -5334.8852   76  145 -5326.0097 -5342.3996  0.31%  63.1 2805s
 2483970 612834     cutoff   86      -5326.0097 -5342.3721  0.31%  63.1 2810s
 2492079 613562     cutoff   67      -5326.0097 -5342.3354  0.31%  63.0 2816s
 2497741 613964 -5332.9618   58   27 -5326.0097 -5342.3055  0.31%  63.0 2820s
 2503361 614345     cutoff   63      -5326.0097 -5342.2758  0.31%  62.9 2825s
 2508684 614702 -5326.4374   54   64 -5326.0097 -5342.2488  0.30%  62.9 2830s
 2516800 615278     cutoff   44      -5326.0097 -5342.2108  0.30%  62.8 2837s
 2522501 615585 -5329.7064   56  170 -5326.0097 -5342.1814  0.30%  62.8 2841s
 2527990 616051     cutoff   72      -5326.0097 -5342.1541  0.30%  62.7 2846s
 2533374 616364 -5327.1672   57   89 -5326.0097 -5342.1285  0.30%  62.7 2850s
 2541887 616945 -5329.6608   54   82 -5326.0097 -5342.0870  0.30%  62.6 2856s
 2547687 617375     cutoff   59      -5326.0097 -5342.0609  0.30%  62.6 2861s
 2553141 617713     cutoff   58      -5326.0097 -5342.0306  0.30%  62.5 2866s
 2558240 617864 -5327.1584  106   26 -5326.0097 -5342.0089  0.30%  62.5 2870s
 2566896 618225     cutoff   61      -5326.0097 -5341.9714  0.30%  62.4 2878s
 2567044 618438     cutoff   74      -5326.0097 -5341.9707  0.30%  62.4 2880s
 2572104 618767 -5328.5834   59  113 -5326.0097 -5341.9464  0.30%  62.4 2885s
 2580168 619251 -5332.2267   62  105 -5326.0097 -5341.9059  0.30%  62.3 2891s
 2585547 619585     cutoff   63      -5326.0097 -5341.8783  0.30%  62.3 2896s
 2591031 619892 -5331.2539   65  110 -5326.0097 -5341.8471  0.30%  62.2 2900s
 2599421 620452 infeasible   68      -5326.0097 -5341.8062  0.30%  62.2 2906s
 2604958 620823     cutoff   79      -5326.0097 -5341.7832  0.30%  62.1 2910s
 2610590 621190     cutoff   58      -5326.0097 -5341.7560  0.30%  62.1 2915s
 2618951 621595 -5332.1241   57   75 -5326.0097 -5341.7197  0.29%  62.0 2921s
 2624282 621835 -5336.1285   58  131 -5326.0097 -5341.6911  0.29%  62.0 2925s
 2632657 622171     cutoff   66      -5326.0097 -5341.6549  0.29%  61.9 2931s
 2638314 622395 -5334.6282   65  167 -5326.0097 -5341.6240  0.29%  61.9 2936s
 2645510 622592     cutoff   70      -5326.0097 -5341.5908  0.29%  61.8 2941s
 2650687 622828     cutoff   46      -5326.0097 -5341.5684  0.29%  61.8 2945s
 2658186 623186 -5331.9573   54   77 -5326.0097 -5341.5316  0.29%  61.7 2951s
 2663569 623470 -5333.9807   66  133 -5326.0097 -5341.5040  0.29%  61.7 2955s
 2669170 623824     cutoff   62      -5326.0097 -5341.4787  0.29%  61.7 2960s
 2677462 624104 infeasible   73      -5326.0097 -5341.4405  0.29%  61.6 2967s
 2682981 624449 -5332.3423   60   60 -5326.0097 -5341.4165  0.29%  61.6 2971s
 2688602 624689 -5334.1790   58  130 -5326.0097 -5341.3899  0.29%  61.5 2976s
 2694099 624839 -5329.6080   79  108 -5326.0097 -5341.3639  0.29%  61.5 2980s
 2702494 625087     cutoff   81      -5326.0097 -5341.3256  0.29%  61.4 2986s
 2707772 625283     cutoff   67      -5326.0097 -5341.3005  0.29%  61.4 2991s
 2713246 625453 -5336.6692   47  237 -5326.0097 -5341.2745  0.29%  61.3 2995s
 2721833 625643 infeasible   52      -5326.0097 -5341.2413  0.29%  61.3 3001s
 2727435 625866 -5336.3291   60  163 -5326.0097 -5341.2164  0.29%  61.2 3005s
 2732870 626108 -5330.3334   78   33 -5326.0097 -5341.1912  0.29%  61.2 3010s
 2740437 626423     cutoff   60      -5326.0097 -5341.1588  0.28%  61.1 3015s
 2748853 626764 -5332.1069   64   56 -5326.0097 -5341.1213  0.28%  61.1 3021s
 2754258 626864 -5328.1309   82  180 -5326.0097 -5341.0992  0.28%  61.0 3026s
 2759882 627034     cutoff   70      -5326.0097 -5341.0737  0.28%  61.0 3030s
 2768098 627509     cutoff   68      -5326.0097 -5341.0365  0.28%  60.9 3036s
 2773596 627689     cutoff   61      -5326.0097 -5341.0121  0.28%  60.9 3040s
 2781981 627855 -5333.8706   52   86 -5326.0097 -5340.9733  0.28%  60.8 3046s
 2786919 628013 -5333.0889   70  160 -5326.0097 -5340.9529  0.28%  60.8 3050s
 2795241 628248 -5327.5405   57   54 -5326.0097 -5340.9166  0.28%  60.7 3056s
 2800744 628432     cutoff   61      -5326.0097 -5340.8937  0.28%  60.7 3060s
 2808321 628519     cutoff   60      -5326.0097 -5340.8618  0.28%  60.6 3066s
 2813721 628663     cutoff   70      -5326.0097 -5340.8376  0.28%  60.6 3070s
 2822126 628811 -5333.5139   64  151 -5326.0097 -5340.8021  0.28%  60.5 3075s
 2829711 629026     cutoff   57      -5326.0097 -5340.7689  0.28%  60.5 3081s
 2834203 629093 -5329.3469   56   80 -5326.0097 -5340.7448  0.28%  60.5 3085s
 2841536 629138     cutoff   68      -5326.0097 -5340.7133  0.28%  60.4 3090s
 2848690 629271 -5335.0117   58  195 -5326.0097 -5340.6792  0.28%  60.4 3095s
 2855639 629191 -5326.9973   62  104 -5326.0097 -5340.6508  0.27%  60.3 3100s
 2861936 629353 -5327.1933   62   41 -5326.0097 -5340.6227  0.27%  60.3 3106s
 2868954 629493 -5331.7676   62  109 -5326.0097 -5340.5939  0.27%  60.3 3111s
 2875258 629484     cutoff   83      -5326.0097 -5340.5659  0.27%  60.2 3116s
 2881421 629454 -5328.3387   68  173 -5326.0097 -5340.5350  0.27%  60.2 3121s
 2885717 629459 -5328.7171   51  146 -5326.0097 -5340.5186  0.27%  60.2 3125s
 2891979 629308 -5329.6676   56  151 -5326.0097 -5340.4896  0.27%  60.1 3130s
 2898051 629387     cutoff   70      -5326.0097 -5340.4598  0.27%  60.1 3135s
 2905302 629415     cutoff   60      -5326.0097 -5340.4288  0.27%  60.0 3141s
*2908599 620514             118    -5326.512422 -5340.4167  0.26%  60.0 3142s
 2911515 620327 -5334.6838   71  112 -5326.5124 -5340.3983  0.26%  60.0 3145s
 2917222 620271     cutoff   82      -5326.5124 -5340.3713  0.26%  60.0 3150s
 2923795 620130 -5337.5970   68   90 -5326.5124 -5340.3413  0.26%  60.0 3155s
 2931800 619842 -5332.6655   69   55 -5326.5124 -5340.3002  0.26%  59.9 3161s
 2937988 619698 -5329.1619   58   94 -5326.5124 -5340.2725  0.26%  59.9 3166s
 2943941 619642     cutoff   62      -5326.5124 -5340.2464  0.26%  59.8 3170s
 2949567 619427 -5329.8733   50  145 -5326.5124 -5340.2231  0.26%  59.8 3175s
 2956850 619167     cutoff   62      -5326.5124 -5340.1864  0.26%  59.8 3181s
 2962958 619043 -5329.1372   76   82 -5326.5124 -5340.1579  0.26%  59.7 3185s
 2970285 618838     cutoff   60      -5326.5124 -5340.1240  0.26%  59.7 3191s
 2975734 618762 -5328.4664   53  112 -5326.5124 -5340.0976  0.26%  59.7 3195s
 2983035 618378 -5327.2901   64  184 -5326.5124 -5340.0646  0.25%  59.6 3201s
 2988094 618206 -5336.3087   65  213 -5326.5124 -5340.0427  0.25%  59.6 3205s
 2995367 617983 -5331.9578   51   90 -5326.5124 -5340.0081  0.25%  59.6 3211s
 3000989 617652 -5330.5002   63  189 -5326.5124 -5339.9852  0.25%  59.5 3215s
 3008223 617344     cutoff   68      -5326.5124 -5339.9485  0.25%  59.5 3220s
 3013768 617189 -5327.7992   66   69 -5326.5124 -5339.9233  0.25%  59.5 3225s
 3021115 616800 -5332.6779   56   67 -5326.5124 -5339.8912  0.25%  59.4 3230s
 3028343 616448 -5332.8342   66  116 -5326.5124 -5339.8559  0.25%  59.4 3236s
 3033807 616113 -5332.0611   58   61 -5326.5124 -5339.8286  0.25%  59.4 3240s
 3041168 615813     cutoff   78      -5326.5124 -5339.7933  0.25%  59.3 3246s
 3046506 615593 -5334.9835   74  205 -5326.5124 -5339.7679  0.25%  59.3 3250s
 3053636 615335     cutoff   64      -5326.5124 -5339.7382  0.25%  59.3 3256s
 3059905 615101 -5328.7114   62  145 -5326.5124 -5339.7089  0.25%  59.2 3260s
 3065161 614922 -5331.5639   43  339 -5326.5124 -5339.6855  0.25%  59.2 3265s
 3072988 614591 -5335.4687   70   65 -5326.5124 -5339.6518  0.25%  59.2 3270s
 3080058 614208     cutoff   70      -5326.5124 -5339.6187  0.25%  59.1 3276s
 3085832 613891 -5327.7854   50  353 -5326.5124 -5339.5956  0.25%  59.1 3280s
 3092615 613392 -5329.0936   62   93 -5326.5124 -5339.5635  0.25%  59.1 3285s
 3099954 612988 -5335.6092   61  106 -5326.5124 -5339.5268  0.24%  59.0 3291s
 3105495 612725     cutoff   77      -5326.5124 -5339.5014  0.24%  59.0 3295s
 3111070 612435     cutoff   76      -5326.5124 -5339.4761  0.24%  59.0 3301s
 3117417 612121 -5334.9717   63   33 -5326.5124 -5339.4492  0.24%  59.0 3305s
 3123828 611719     cutoff   56      -5326.5124 -5339.4189  0.24%  58.9 3310s
 3130301 611314 -5331.1903   54   61 -5326.5124 -5339.3924  0.24%  58.9 3315s
 3137411 610836     cutoff   60      -5326.5124 -5339.3602  0.24%  58.8 3320s
 3144676 610224 -5332.7317   59  217 -5326.5124 -5339.3272  0.24%  58.8 3326s
 3150267 609816 -5331.2459   74   84 -5326.5124 -5339.3012  0.24%  58.8 3330s
 3157658 609326 -5330.1558   60  122 -5326.5124 -5339.2673  0.24%  58.8 3336s
 3163216 608943 -5329.9139   78   83 -5326.5124 -5339.2423  0.24%  58.7 3340s
 3170420 608367 -5330.2671   56  217 -5326.5124 -5339.2101  0.24%  58.7 3345s
 3177739 607820     cutoff   54      -5326.5124 -5339.1750  0.24%  58.7 3351s
 3183189 607419 infeasible   60      -5326.5124 -5339.1508  0.24%  58.6 3355s
 3190425 607014     cutoff  124      -5326.5124 -5339.1192  0.24%  58.6 3361s
 3196036 606575     cutoff   47      -5326.5124 -5339.0935  0.24%  58.6 3365s
 3203329 606054     cutoff   66      -5326.5124 -5339.0573  0.24%  58.5 3370s
 3208673 605686     cutoff   64      -5326.5124 -5339.0339  0.24%  58.5 3375s
 3216112 605091 -5328.8193   68   77 -5326.5124 -5339.0017  0.23%  58.5 3380s
 3222978 604496     cutoff   66      -5326.5124 -5338.9672  0.23%  58.5 3386s
 3228551 604015 -5335.1951   63  125 -5326.5124 -5338.9431  0.23%  58.4 3391s
 3233925 603453     cutoff   65      -5326.5124 -5338.9143  0.23%  58.4 3395s
 3239607 602928 -5327.2313   77  135 -5326.5124 -5338.8872  0.23%  58.4 3400s
 3246943 602182 -5333.8652   56   37 -5326.5124 -5338.8568  0.23%  58.3 3406s
 3252143 601508 -5335.5183   63   58 -5326.5124 -5338.8277  0.23%  58.3 3410s
 3259771 600797 -5335.0510   68   59 -5326.5124 -5338.7913  0.23%  58.3 3416s
 3265544 600439 -5329.1748   61  141 -5326.5124 -5338.7669  0.23%  58.3 3420s
 3272892 599688 -5330.3786   80  108 -5326.5124 -5338.7323  0.23%  58.2 3425s
 3279882 598964 -5328.3836   57  107 -5326.5124 -5338.7009  0.23%  58.2 3431s
 3285529 598344 -5332.6796   73  103 -5326.5124 -5338.6761  0.23%  58.2 3435s
 3293021 597575 -5332.0141   65   57 -5326.5124 -5338.6415  0.23%  58.1 3441s
 3298660 597017 -5329.5158   64  132 -5326.5124 -5338.6124  0.23%  58.1 3445s
 3306023 596165 -5333.8892   72  101 -5326.5124 -5338.5801  0.23%  58.1 3451s
 3311507 595477 -5327.9029   57  105 -5326.5124 -5338.5513  0.23%  58.1 3455s
 3318758 594635     cutoff   77      -5326.5124 -5338.5183  0.23%  58.0 3461s
 3324344 593889 -5328.9653   87  209 -5326.5124 -5338.4902  0.22%  58.0 3465s
 3331728 592956     cutoff   65      -5326.5124 -5338.4560  0.22%  58.0 3470s
 3338828 592238 -5335.0324   60  114 -5326.5124 -5338.4247  0.22%  58.0 3476s
 3344287 591536     cutoff   68      -5326.5124 -5338.3997  0.22%  57.9 3480s
 3351595 590627     cutoff   70      -5326.5124 -5338.3627  0.22%  57.9 3486s
 3357168 589890 infeasible   57      -5326.5124 -5338.3345  0.22%  57.9 3490s
 3364242 588924     cutoff   61      -5326.5124 -5338.3028  0.22%  57.9 3496s
 3369682 588298     cutoff   73      -5326.5124 -5338.2769  0.22%  57.8 3500s
 3377144 587361     cutoff   58      -5326.5124 -5338.2405  0.22%  57.8 3505s
 3384215 586512 -5327.0516   55  315 -5326.5124 -5338.2093  0.22%  57.8 3511s
 3389839 585701     cutoff   49      -5326.5124 -5338.1830  0.22%  57.8 3515s
 3397114 584686     cutoff   79      -5326.5124 -5338.1464  0.22%  57.7 3521s
 3402627 583853 -5330.7308   66   60 -5326.5124 -5338.1186  0.22%  57.7 3525s
 3409256 582963 -5330.1895   87   91 -5326.5124 -5338.0919  0.22%  57.7 3531s
 3415217 582033 -5333.3817   64  108 -5326.5124 -5338.0586  0.22%  57.7 3535s
 3421220 581187 -5329.0922   77  166 -5326.5124 -5338.0312  0.22%  57.6 3540s
 3429074 580124 -5332.8297   61  156 -5326.5124 -5337.9944  0.22%  57.6 3546s
 3434728 579309     cutoff   74      -5326.5124 -5337.9673  0.22%  57.6 3550s
 3442456 578265     cutoff   59      -5326.5124 -5337.9306  0.21%  57.5 3556s
 3447577 577516     cutoff   49      -5326.5124 -5337.9065  0.21%  57.5 3560s
 3453520 576633 -5332.0274   57  167 -5326.5124 -5337.8760  0.21%  57.5 3565s
 3459181 575761 -5332.0273   59   37 -5326.5124 -5337.8478  0.21%  57.5 3570s
 3466981 574640     cutoff   54      -5326.5124 -5337.8082  0.21%  57.5 3576s
 3472706 573773     cutoff   68      -5326.5124 -5337.7803  0.21%  57.4 3581s
 3478331 572916     cutoff   59      -5326.5124 -5337.7549  0.21%  57.4 3585s
 3484319 571974 -5329.4149   50  229 -5326.5124 -5337.7255  0.21%  57.4 3590s
 3489923 571144     cutoff   59      -5326.5124 -5337.6991  0.21%  57.4 3595s
 3495697 570283 -5329.0322   63  112 -5326.5124 -5337.6717  0.21%  57.3 3600s

Cutting planes:
  Gomory: 11
  Cover: 111
  Implied bound: 6
  MIR: 7
  Flow cover: 77
  Inf proof: 872
  Zero half: 10
  RLT: 129
  Lazy constraints: 1092

Explored 3497487 nodes (200532532 simplex iterations) in 3600.02 seconds
Thread count was 12 (of 12 available processors)

Solution count 10: -5326.51 -5326.01 -5326.01 ... -5318.25

Time limit reached
Best objective -5.326512422463e+03, best bound -5.337663141338e+03, gap 0.2093%

User-callback calls 7135972, time in user-callback 12.67 sec
-1
['A-n34-k6', 5326.512422463397, 321.04984936545924, 3600.0218391418457, 0.0020934371293401762, 1, [[0, [71.72057468146623, 78.51310600330012]], [7.186426248331642, [78.51310600330012]], [4.50355415199995, [74.98275240868193]], [3.681847362394933, [107.83172830910772, 42.25638652087645]], [4.825769944323952, [74.98275240868193]], [3.9951706958280724, [78.10951542706384, 46.65486168407632, 92.80939908991385]], [0, [78.10951542706384]], [7.1033833878979635, [74.98275240868193, 71.72057468146623]], [8.237802430793167, [46.65486168407632, 127.54872302858803, 74.98275240868193]], [1.166785708206497, [132.68259379123745, 42.25638652087645, 132.68259379123745]], [3.5016266061432475, [127.54872302858803, 74.98275240868193]], [1.9836134255998275, [92.80939908991385]], [0, [92.80939908991385]], [0, [78.10951542706384]], [5.904743855572903, [42.25638652087645, 78.10951542706384, 71.72057468146623]], [2.76912541347221, [127.54872302858803, 127.54872302858803]], [2.3681333483466176, [107.83172830910772]], [0, [107.83172830910772, 107.83172830910772]], [4.83405167075513, [107.83172830910772, 71.72057468146623]], [7.179929587873993, [74.98275240868193, 42.25638652087645, 42.25638652087645]], [0.649144736465729, [78.51310600330012, 92.80939908991385, 71.72057468146623]], [2.130258200308319, [127.54872302858803, 78.10951542706384, 74.98275240868193]], [1.7464249196466994, [132.68259379123745, 74.98275240868193, 78.51310600330012]], [0.5385164807102143, [132.68259379123745, 46.65486168407632]], [1.0960788698212127, [127.54872302858803, 46.65486168407632, 132.68259379123745]], [2.402082429889731, [107.83172830910772, 71.72057468146623]], [3.1876933492544595, [127.54872302858803]], [0, [74.98275240868193, 71.72057468146623, 74.98275240868193]], [6.3517495402586235, [78.51310600330012, 127.54872302858803]], [2.7948862031993684, [107.83172830910772, 78.10951542706384, 127.54872302858803]], [0, [92.80939908991385]], [0, [78.10951542706384, 71.72057468146623, 46.65486168407632]]]]
