Using license file /util/academic/gurobi/licenses/gurobi.lic
Set parameter TokenServer to value srv-m14-36.cbls.ccr.buffalo.edu
Set parameter TSPort to value 46325
Changed value of parameter lazyConstraints to 1
   Prev: 0  Min: 0  Max: 1  Default: 0
Changed value of parameter TimeLimit to 3600.0
   Prev: inf  Min: 0.0  Max: inf  Default: inf
Gurobi Optimizer version 9.1.1 build v9.1.1rc0 (linux64)
Thread count: 12 physical cores, 12 logical processors, using up to 12 threads
Optimize a model with 5736 rows, 7995 columns and 29897 nonzeros
Model fingerprint: 0xfbe4d300
Variable types: 1299 continuous, 6696 integer (6696 binary)
Coefficient statistics:
  Matrix range     [5e-01, 4e+02]
  Objective range  [1e+00, 1e+00]
  Bounds range     [1e+00, 1e+02]
  RHS range        [1e-01, 4e+02]
Presolve removed 482 rows and 170 columns
Presolve time: 0.08s
Presolved: 5254 rows, 7825 columns, 28665 nonzeros
Variable types: 832 continuous, 6993 integer (6993 binary)

Root relaxation: objective -6.638572e+03, 6590 iterations, 0.69 seconds

    Nodes    |    Current Node    |     Objective Bounds      |     Work
 Expl Unexpl |  Obj  Depth IntInf | Incumbent    BestBd   Gap | It/Node Time

     0     0 -6638.5718    0  632          - -6638.5718      -     -    0s
     0     0 -6607.8393    0  791          - -6607.8393      -     -    1s
     0     0 -6607.8393    0  790          - -6607.8393      -     -    1s
     0     0 -6595.5233    0  699          - -6595.5233      -     -    1s
     0     0 -6595.5233    0  702          - -6595.5233      -     -    1s
     0     0 -6594.7994    0  708          - -6594.7994      -     -    2s
     0     0 -6594.1542    0  724          - -6594.1542      -     -    2s
     0     0 -6594.1047    0  756          - -6594.1047      -     -    2s
     0     0 -6594.0921    0  756          - -6594.0921      -     -    2s
     0     0 -6593.2209    0  732          - -6593.2209      -     -    2s
     0     0 -6593.1793    0  748          - -6593.1793      -     -    2s
     0     0 -6593.1791    0  721          - -6593.1791      -     -    2s
     0     0 -6593.1223    0  758          - -6593.1223      -     -    3s
     0     0 -6593.1223    0  738          - -6593.1223      -     -    3s
     0     0 -6593.1223    0  746          - -6593.1223      -     -    3s
     0     0 -6593.1223    0  661          - -6593.1223      -     -    3s
     0     2 -6592.9184    0  661          - -6592.9184      -     -    3s
    15    28 -6589.8464    4  660          - -6591.7727      -   467    5s
   159   184 -6580.9233   17  567          - -6589.0838      -   346   10s
   492   517 -6471.1362   41  532          - -6589.0838      -   332   15s
  1961  2014 -6255.3999  163   13          - -6589.0838      -   171   23s
  3901  4089 -6526.8736    8  560          - -6588.9982      -   105   25s
  5795  5794 -6433.6541   40   48          - -6588.9982      -  90.5   30s
  6803  6452 -6479.5236   22  489          - -6479.5236      -  86.8   35s
  6820  6464 -6255.7779  190  301          - -6479.0033      -  90.3   40s
  6832  6475 -6475.8250   23  373          - -6475.8250      -  93.5   45s
  6838  6485 -6472.3655   25  418          - -6473.7886      -  94.2   51s
  6946  6568 -6443.1568   30  204          - -6470.5758      -   100   55s
  7641  7062 -6391.9368   65  192          - -6470.5758      -   113   60s
  9823  8620 -6353.4038  106  118          - -6470.5758      -   108   66s
 13865 11874 -6221.8333  216   91          - -6470.5758      -  89.7   70s
 21111 17040 -6420.9255   39  298          - -6469.5958      -  68.4   75s
*24802 16235             630    -5401.210706 -6469.5958  19.8%  62.3   76s
*24809 16068             630    -5409.539214 -6469.5958  19.6%  62.2   76s
H25467 16985                    -5434.792029 -6469.5958  19.0%  61.5   78s
H25467 16933                    -5450.284256 -6469.5958  18.7%  61.5   78s
H25915 16595                    -5533.255660 -6469.5958  16.9%  60.8   78s
H27256 17162                    -5545.722351 -6469.5958  16.7%  58.9   79s
H27392 17084                    -5570.991984 -6469.5958  16.1%  59.0   79s
 28012 17565 -6158.5695  246   24 -5570.9920 -6469.5958  16.1%  59.0   81s
H28337 17578                    -5577.510887 -6469.5958  16.0%  58.4   81s
H28337 16894                    -5655.092470 -6469.5958  14.4%  58.4   81s
H29287 17451                    -5668.388958 -6465.8559  14.1%  58.3   82s
*29585 16255             359    -5747.775268 -6465.8075  12.5%  58.4   84s
 30007 16881     cutoff  357      -5747.7753 -6464.8600  12.5%  58.0   86s
H30023 16855                    -5750.315953 -6464.8600  12.4%  58.1   86s
H30381 16791                    -5753.091320 -6464.8600  12.4%  58.0   86s
H31446 17878                    -5762.152829 -6464.2474  12.2%  57.5   87s
H32445 18540                    -5763.071788 -6464.2467  12.2%  57.2   89s
H32833 16579                    -5855.749053 -6464.0003  10.4%  57.0   89s
H33283 17673                    -5867.831437 -6464.0003  10.2%  57.0   91s
H35048 18858                    -5872.765870 -6463.7432  10.1%  56.4   92s
H36166 18817                    -5875.511998 -6463.7432  10.0%  56.1   92s
H36523 20598                    -5877.038122 -6463.4427  10.0%  55.9   94s
H36854 20554                    -5879.824287 -6463.4427  9.93%  55.8   94s
H37233 14786                    -6121.816297 -6463.4427  5.58%  55.6   94s
 38658 15406 -6163.0200  123  226 -6121.8163 -6463.4427  5.58%  54.7   96s
H38732 15347                    -6123.700024 -6463.4427  5.55%  54.8   96s
H39064 15251                    -6126.304882 -6463.4427  5.50%  54.8   96s
H40594 16099                    -6132.685359 -6463.0505  5.39%  54.3   98s
H41574 15431                    -6151.874987 -6461.8704  5.04%  54.3   98s
H41820 15952                    -6152.503052 -6461.3535  5.02%  54.7   99s
H42382 15953                    -6152.777853 -6461.3535  5.02%  55.3   99s
H42636 16015                    -6165.569214 -6461.3535  4.80%  55.3  101s
H43216 15479                    -6180.420374 -6461.0551  4.54%  55.7  101s
H43742 16099                    -6181.813332 -6460.8306  4.51%  55.9  102s
H44071 15875                    -6186.150995 -6460.6985  4.44%  56.2  102s
 45520 18000 -6448.7819   55   87 -6186.1510 -6460.6827  4.44%  56.3  106s
 48688 20306 -6207.2662   74   52 -6186.1510 -6460.0516  4.43%  56.3  111s
 52827 23454     cutoff  209      -6186.1510 -6459.3830  4.42%  56.2  116s
 56769 27481 -6195.4181  270   12 -6186.1510 -6458.8508  4.41%  56.0  121s
 58651 28582     cutoff  282      -6186.1510 -6458.4213  4.40%  55.6  125s
 62183 31861 -6201.0306  263    2 -6186.1510 -6458.1626  4.40%  56.0  131s
 67401 35385 -6274.5693   86  162 -6186.1510 -6457.5090  4.39%  55.1  136s
*68220 32505             140    -6201.238185 -6457.2925  4.13%  55.1  136s
 69872 35362 -6291.2806  105   31 -6201.2382 -6457.2426  4.13%  55.0  140s
H73014 37521                    -6202.710775 -6456.7185  4.10%  54.8  143s
 74711 38815 -6351.3205   97   91 -6202.7108 -6456.6712  4.09%  54.7  145s
 79492 42099 -6302.6571   80  280 -6202.7108 -6456.3009  4.09%  54.7  150s
*80288 39952             198    -6214.290042 -6456.1622  3.89%  54.7  150s
 83037 42299 -6364.3772   65  239 -6214.2900 -6455.8873  3.89%  54.9  155s
 87457 46990 infeasible  133      -6214.2900 -6455.4760  3.88%  54.3  161s
*88633 27623             257    -6302.704639 -6455.4236  2.42%  54.2  161s
*88637 27243             258    -6304.480947 -6455.4236  2.39%  54.2  161s
*88640 27120             255    -6304.932380 -6455.4236  2.39%  54.2  161s
*88641 27053             254    -6305.263194 -6455.4236  2.38%  54.2  161s
 91054 28506 -6330.0402   53  156 -6305.2632 -6455.0407  2.38%  54.8  165s
 94549 30839 -6333.6712   78  177 -6305.2632 -6454.6010  2.37%  55.5  171s
 98129 33402 -6389.7069   62  243 -6305.2632 -6454.1300  2.36%  56.1  175s
 101672 35690 -6421.7014   34  336 -6305.2632 -6453.6152  2.35%  56.2  180s
 104388 37874     cutoff   46      -6305.2632 -6453.2192  2.35%  57.3  185s
 108081 40129 -6435.2983   35  338 -6305.2632 -6452.6823  2.34%  57.6  190s
 111606 43440 -6378.7257   45  275 -6305.2632 -6452.0125  2.33%  58.8  196s
 114730 45606 -6404.3327   62   83 -6305.2632 -6451.7189  2.32%  58.7  200s
 119312 48941 -6418.7367   48  351 -6305.2632 -6451.3073  2.32%  58.6  206s
 122878 51473 -6348.7753  108  104 -6305.2632 -6450.8845  2.31%  58.7  211s
*125706 47409             132    -6317.193005 -6450.4867  2.11%  59.0  214s
 126332 47978     cutoff  164      -6317.1930 -6450.3827  2.11%  59.1  216s
 130090 50547 -6440.9048   46  297 -6317.1930 -6450.0251  2.10%  59.4  221s
 132207 52263 -6377.8757   53  200 -6317.1930 -6449.7330  2.10%  59.8  225s
 135872 54751 -6343.3689  182    6 -6317.1930 -6449.4003  2.09%  60.2  230s
 139268 56944 -6319.7828  192    - -6317.1930 -6448.9357  2.09%  60.5  235s
 142201 59176 -6347.3100   89    8 -6317.1930 -6448.6087  2.08%  61.1  240s
 146284 62215 -6321.9987   59  262 -6317.1930 -6447.9987  2.07%  61.1  246s
H147525 58870                    -6322.097868 -6447.9387  1.99%  61.1  246s
H147824 57912                    -6324.459840 -6447.9201  1.95%  61.0  248s
H148009 52134                    -6332.940289 -6447.8491  1.81%  61.0  248s
 149222 52796     cutoff  179      -6332.9403 -6447.6759  1.81%  61.0  250s
 151888 54076     cutoff   66      -6332.9403 -6447.1570  1.80%  61.3  255s
 155327 56523 -6394.4226   40  222 -6332.9403 -6446.5938  1.79%  61.7  260s
H158158 56306                    -6334.652153 -6446.1942  1.76%  61.8  264s
 158734 57434     cutoff   51      -6334.6522 -6446.0850  1.76%  61.8  266s
 162781 59647 -6438.6530   27  407 -6334.6522 -6445.5741  1.75%  62.0  271s
 166354 61893 -6425.0650   55  207 -6334.6522 -6445.1100  1.74%  62.3  276s
 168749 63866 -6365.9724   94   27 -6334.6522 -6444.8556  1.74%  62.5  280s
 172876 66286 -6413.9169   46  365 -6334.6522 -6444.3816  1.73%  62.4  285s
 176766 68545 -6346.8978   41  289 -6334.6522 -6443.7687  1.72%  62.6  291s
 179314 70002 -6358.2023   49  312 -6334.6522 -6443.3705  1.72%  62.7  295s
 182881 72371 -6427.2566   57  199 -6334.6522 -6442.7719  1.71%  63.0  300s
 186500 74553 -6356.4522   90  161 -6334.6522 -6442.1784  1.70%  63.2  305s
 189990 76683 -6409.1573   47  300 -6334.6522 -6441.7112  1.69%  63.4  311s
 192375 78762 -6395.8969   35  284 -6334.6522 -6441.3549  1.68%  63.6  315s
 196541 80954 infeasible  111      -6334.6522 -6440.9019  1.68%  63.5  320s
 199919 83124     cutoff   71      -6334.6522 -6440.4253  1.67%  63.7  325s
 203947 85677     cutoff   57      -6334.6522 -6439.9624  1.66%  63.8  331s
 206431 86881 -6403.8810   42  323 -6334.6522 -6439.6759  1.66%  63.9  335s
 209593 88517 infeasible  137      -6334.6522 -6439.2854  1.65%  64.3  340s
 213289 90390 -6376.1353   37  323 -6334.6522 -6438.8387  1.64%  64.5  346s
 214903 91979 -6402.0006   43  108 -6334.6522 -6438.6530  1.64%  64.7  350s
 218627 93888 -6350.0373   49  275 -6334.6522 -6438.2569  1.64%  64.9  356s
 220995 95407 -6434.0327   45  272 -6334.6522 -6438.0182  1.63%  65.0  360s
 224996 97949 -6417.1369   47  331 -6334.6522 -6437.6775  1.63%  65.1  366s
 227790 99679 -6380.1509   44  135 -6334.6522 -6437.3467  1.62%  65.1  370s
 231573 101988 -6340.2095   43  265 -6334.6522 -6436.9470  1.61%  65.2  376s
 234114 103456 -6391.5872   52  121 -6334.6522 -6436.7117  1.61%  65.3  380s
 238352 105913 -6388.0611   47  307 -6334.6522 -6436.3130  1.60%  65.4  386s
 240945 107373 -6403.1611   43  144 -6334.6522 -6436.1108  1.60%  65.5  390s
 244653 109380 -6377.7682   52  258 -6334.6522 -6435.8534  1.60%  65.7  396s
 247937 111648 -6370.9611   50  205 -6334.6522 -6435.3966  1.59%  66.0  402s
 251220 112553 -6410.0728   43  294 -6334.6522 -6435.1280  1.59%  65.9  408s
 251254 113228 -6409.5263   44  322 -6334.6522 -6435.1280  1.59%  65.9  410s
 254569 115206     cutoff   67      -6334.6522 -6434.7911  1.58%  66.0  416s
 257057 116961 -6387.5050   39  330 -6334.6522 -6434.4792  1.58%  66.2  421s
 260406 118571     cutoff   59      -6334.6522 -6434.1806  1.57%  66.1  425s
*261979 118056             117    -6335.104539 -6434.0189  1.56%  66.1  427s
 264521 119824 -6420.2404   53  261 -6335.1045 -6433.7824  1.56%  66.1  432s
 267835 121465 -6417.0059   45  262 -6335.1045 -6433.5161  1.55%  66.0  436s
 270335 123249 -6429.4734   32  447 -6335.1045 -6433.2241  1.55%  66.0  440s
 273143 125050 -6379.7349   49  329 -6335.1045 -6432.9843  1.55%  66.1  445s
 277792 127986 infeasible  135      -6335.1045 -6432.7052  1.54%  66.0  451s
 280811 129489 infeasible   45      -6335.1045 -6432.5047  1.54%  66.0  455s
 283653 131236 -6365.8227   48  151 -6335.1045 -6432.2630  1.53%  66.0  460s
 288119 134157     cutoff   51      -6335.1045 -6431.9301  1.53%  66.0  466s
 291062 135759 -6369.4183   46  389 -6335.1045 -6431.7072  1.52%  66.0  471s
 294202 137923 infeasible   67      -6335.1045 -6431.4725  1.52%  65.9  475s
 297642 139861 -6401.2468   53  309 -6335.1045 -6431.1993  1.52%  65.8  480s
 302515 142780 -6403.0106   36  402 -6335.1045 -6430.8189  1.51%  65.7  486s
H305095 139782                    -6336.309155 -6430.6126  1.49%  65.7  489s
 305270 140770 -6379.3287   41  357 -6336.3092 -6430.6021  1.49%  65.7  491s
 308505 142873     cutoff   46      -6336.3092 -6430.3574  1.48%  65.6  495s
 312995 145270 -6376.7397   47  220 -6336.3092 -6430.0322  1.48%  65.6  501s
 315741 146956 infeasible   82      -6336.3092 -6429.7778  1.48%  65.6  506s
 319754 149114 infeasible  210      -6336.3092 -6429.5286  1.47%  65.4  510s
 322522 150649 -6350.6482   44  340 -6336.3092 -6429.3260  1.47%  65.5  515s
 327046 153023 -6393.6857   53  102 -6336.3092 -6429.0084  1.46%  65.4  521s
 329901 154894 infeasible   48      -6336.3092 -6428.8207  1.46%  65.5  526s
 332928 156350 -6405.3721   42  303 -6336.3092 -6428.6059  1.46%  65.5  530s
 335740 158255 -6380.2687   46  258 -6336.3092 -6428.4119  1.45%  65.5  535s
 339127 159776 -6396.9480   51  231 -6336.3092 -6428.1999  1.45%  65.5  540s
 343179 162069     cutoff   58      -6336.3092 -6427.9189  1.45%  65.6  546s
 346457 164180 -6336.8818  151    - -6336.3092 -6427.6919  1.44%  65.5  551s
 349761 166494 -6346.2401   53  198 -6336.3092 -6427.5358  1.44%  65.5  556s
 353303 168233 -6377.6176   56  282 -6336.3092 -6427.2867  1.44%  65.3  560s
 356479 170287 -6367.5458   49  215 -6336.3092 -6427.0928  1.43%  65.3  565s
 360198 172275 -6355.8677   59  122 -6336.3092 -6426.9027  1.43%  65.2  570s
 363574 174358 -6389.7827   64   95 -6336.3092 -6426.6617  1.43%  65.2  575s
 368745 177139 -6346.9163   78   19 -6336.3092 -6426.3739  1.42%  65.0  582s
 371864 178668 -6386.0916   53  212 -6336.3092 -6426.1865  1.42%  65.0  587s
 374942 180393 -6343.7819   56   53 -6336.3092 -6426.0153  1.42%  65.0  592s
 378409 182333 -6350.8853  124   84 -6336.3092 -6425.8282  1.41%  64.9  596s
 381462 184061 infeasible  134      -6336.3092 -6425.6328  1.41%  64.9  601s
 384273 185749 -6346.6875   54  289 -6336.3092 -6425.4136  1.41%  64.9  606s
 387902 187629 infeasible  147      -6336.3092 -6425.2240  1.40%  64.9  611s
 391045 189221 -6388.7749   42  297 -6336.3092 -6425.0251  1.40%  64.9  616s
 394127 190860 -6407.8414   39  478 -6336.3092 -6424.8953  1.40%  64.9  620s
 397199 192666 -6408.6341   44  165 -6336.3092 -6424.7009  1.40%  64.9  625s
 400093 194395 infeasible   62      -6336.3092 -6424.5445  1.39%  64.8  630s
 405031 197010 -6395.1899   48  322 -6336.3092 -6424.2190  1.39%  64.8  636s
 408269 199110 -6336.6059  117    4 -6336.3092 -6424.0636  1.38%  64.7  641s
H410544 200297                    -6336.309159 -6423.9364  1.38%  64.7  644s
 412242 200877 -6356.4284   42  271 -6336.3092 -6423.8488  1.38%  64.6  646s
 415173 203011 -6346.7581   58  251 -6336.3092 -6423.6925  1.38%  64.6  652s
 418818 205049 -6337.3212  107    - -6336.3092 -6423.5512  1.38%  64.5  657s
 422390 207177 -6336.8218  151    - -6336.3092 -6423.4045  1.37%  64.5  662s
 426057 209517 -6347.8616   65  268 -6336.3092 -6423.2532  1.37%  64.4  667s
 429987 211472 -6348.8391   48  295 -6336.3092 -6423.0713  1.37%  64.3  671s
 433248 213444 -6350.3172  165   77 -6336.3092 -6422.9210  1.37%  64.2  676s
 436394 215262 -6404.0161   56  215 -6336.3092 -6422.7081  1.36%  64.2  681s
 439900 217337     cutoff  186      -6336.3092 -6422.5076  1.36%  64.1  686s
 443481 219330 -6363.0271   54  221 -6336.3092 -6422.3319  1.36%  64.1  691s
 447408 221569 -6354.6859   69  168 -6336.3092 -6422.1463  1.35%  63.9  696s
 451068 223618 -6378.7548   74   48 -6336.3092 -6421.9288  1.35%  63.9  701s
 454978 225908     cutoff   96      -6336.3092 -6421.7582  1.35%  63.8  706s
 459244 228348 -6345.9745  194    8 -6336.3092 -6421.5495  1.35%  63.6  711s
 463114 230815 -6340.9334   45  226 -6336.3092 -6421.3563  1.34%  63.5  716s
 466850 233132 -6386.9375   58  268 -6336.3092 -6421.1782  1.34%  63.4  721s
 471056 235310 -6385.2402   58  135 -6336.3092 -6420.9989  1.34%  63.3  726s
 474818 237130 -6337.1398  177    - -6336.3092 -6420.8583  1.33%  63.2  731s
 478139 239168 -6399.9249   54  331 -6336.3092 -6420.6669  1.33%  63.2  737s
 480329 240556 -6386.8509   56  337 -6336.3092 -6420.6212  1.33%  63.1  740s
 484687 243267 -6360.0778   84  140 -6336.3092 -6420.4475  1.33%  63.0  745s
 488486 245165 -6405.0884   57  143 -6336.3092 -6420.2738  1.33%  62.9  750s
 492898 247924 -6340.2176  149    - -6336.3092 -6420.1024  1.32%  62.8  755s
 496792 250092 -6386.1903   47  359 -6336.3092 -6419.9294  1.32%  62.7  760s
 500763 252489 -6368.3104   64   77 -6336.3092 -6419.7821  1.32%  62.6  766s
 505027 254913 -6342.1105   82   33 -6336.3092 -6419.5599  1.31%  62.5  771s
 507036 255022 -6403.9721   46  404 -6336.3092 -6419.5012  1.31%  62.4  776s
 509090 256763 -6404.3792   41  388 -6336.3092 -6419.3805  1.31%  62.4  781s
 512612 259475     cutoff   53      -6336.3092 -6419.2097  1.31%  62.3  786s
 516991 261383 -6347.4182   79   26 -6336.3092 -6419.0135  1.31%  62.2  791s
 520575 263659 -6337.2203   88    9 -6336.3092 -6418.9205  1.30%  62.1  797s
 522883 264806 -6383.4657   58  158 -6336.3092 -6418.8900  1.30%  62.1  800s
 526899 266993 -6354.4101   85   45 -6336.3092 -6418.6838  1.30%  62.0  805s
 531383 269627     cutoff  169      -6336.3092 -6418.5106  1.30%  61.8  811s
 535685 272004 -6357.0400   65  122 -6336.3092 -6418.3556  1.29%  61.7  817s
 537710 273115 -6400.5719   59  150 -6336.3092 -6418.2718  1.29%  61.7  820s
 541592 275323 -6379.9701   56  202 -6336.3092 -6418.1583  1.29%  61.6  825s
 545475 277582 -6371.0313   44  296 -6336.3092 -6418.0037  1.29%  61.5  830s
 549762 280081 -6368.7102   50  381 -6336.3092 -6417.8547  1.29%  61.4  836s
 554059 282538 -6355.4126   39  384 -6336.3092 -6417.6786  1.28%  61.3  842s
 557830 284536 infeasible  117      -6336.3092 -6417.5377  1.28%  61.2  847s
 559756 285862 -6388.8839   54  217 -6336.3092 -6417.4911  1.28%  61.2  850s
 563988 287820 infeasible  165      -6336.3092 -6417.3223  1.28%  61.1  856s
H566137 288993                    -6336.309159 -6417.2568  1.28%  61.1  860s
 568872 290623 -6339.5955   54  113 -6336.3092 -6417.1395  1.28%  61.0  865s
 573114 292813 -6381.8557   65  115 -6336.3092 -6416.9800  1.27%  60.9  871s
 577147 294972 -6370.8331   74   30 -6336.3092 -6416.8735  1.27%  60.8  877s
 579201 296153 infeasible  215      -6336.3092 -6416.7986  1.27%  60.8  880s
 583177 298280 -6341.0155   61  335 -6336.3092 -6416.6560  1.27%  60.7  885s
 587206 300829 -6344.0658   90    6 -6336.3092 -6416.4953  1.27%  60.6  891s
 591477 303159 -6364.3015   70   29 -6336.3092 -6416.3445  1.26%  60.5  896s
 595630 305640 -6363.2364   60  166 -6336.3092 -6416.1995  1.26%  60.4  902s
 597794 306716 -6344.4738   53  192 -6336.3092 -6416.1344  1.26%  60.4  905s
 602028 309318     cutoff  172      -6336.3092 -6415.9999  1.26%  60.3  910s
 606047 311315     cutoff   38      -6336.3092 -6415.8776  1.26%  60.2  915s
 609250 313395     cutoff   54      -6336.3092 -6415.7726  1.25%  60.2  921s
 613403 315767 infeasible  147      -6336.3092 -6415.6070  1.25%  60.1  926s
 617855 318352 infeasible  120      -6336.3092 -6415.4694  1.25%  60.0  931s
 621942 320629 -6409.3405   44  290 -6336.3092 -6415.3432  1.25%  60.0  937s
 623891 321695 -6389.3949   53  370 -6336.3092 -6415.2792  1.25%  59.9  940s
 627804 323875 -6360.9728   50  266 -6336.3092 -6415.1325  1.24%  59.9  945s
 631825 326095 -6368.2765   82   48 -6336.3092 -6414.9900  1.24%  59.8  951s
 636029 328630     cutoff  175      -6336.3092 -6414.8721  1.24%  59.7  956s
 640336 330867 -6372.2764   41  290 -6336.3092 -6414.7461  1.24%  59.6  962s
 644665 333391 -6341.1189   45  321 -6336.3092 -6414.6006  1.24%  59.5  967s
 646662 334650 -6364.8138   53  112 -6336.3092 -6414.5348  1.23%  59.5  970s
 650642 336701 -6403.6439   49  122 -6336.3092 -6414.4402  1.23%  59.4  975s
 654302 338621 -6399.2667   51  333 -6336.3092 -6414.3230  1.23%  59.3  981s
 658523 340893 -6338.3299   73  183 -6336.3092 -6414.2177  1.23%  59.2  987s
 662510 342712 infeasible  145      -6336.3092 -6414.1072  1.23%  59.2  992s
 664128 343747 -6346.9074   66   67 -6336.3092 -6414.0364  1.23%  59.2  995s
 667624 345660 -6359.3542   48  392 -6336.3092 -6413.9594  1.23%  59.1 1000s
 671219 347754 -6360.0997   43  326 -6336.3092 -6413.8383  1.22%  59.1 1005s
 675874 350269 infeasible  128      -6336.3092 -6413.7358  1.22%  59.0 1011s
 679709 352278 -6388.3758   47  128 -6336.3092 -6413.6083  1.22%  58.9 1017s
 683641 354778     cutoff  120      -6336.3092 -6413.5073  1.22%  58.9 1023s
 685946 355894 -6406.0002   36  273 -6336.3092 -6413.4454  1.22%  58.8 1025s
 689840 358190 -6359.3335   52  381 -6336.3092 -6413.3290  1.22%  58.8 1031s
 693318 359903 -6340.6054  169    - -6336.3092 -6413.2361  1.21%  58.7 1037s
 695993 361137 -6341.3400   68  196 -6336.3092 -6413.1664  1.21%  58.7 1040s
 699263 363380 -6352.7991   54  215 -6336.3092 -6413.0763  1.21%  58.6 1045s
 703320 365572 -6371.0975   40  148 -6336.3092 -6412.9663  1.21%  58.6 1051s
 706798 367320 -6347.7659   60  211 -6336.3092 -6412.8559  1.21%  58.5 1056s
 711134 369690     cutoff  189      -6336.3092 -6412.7483  1.21%  58.4 1062s
 714992 371474 -6351.2250   79   97 -6336.3092 -6412.6465  1.20%  58.4 1067s
 718375 373723     cutoff  115      -6336.3092 -6412.5490  1.20%  58.4 1072s
 722598 375923 -6351.5787   76   27 -6336.3092 -6412.4260  1.20%  58.3 1077s
 724666 376709 -6387.3724   58   99 -6336.3092 -6412.3887  1.20%  58.3 1080s
 728454 378676 -6351.9777   76   74 -6336.3092 -6412.3026  1.20%  58.2 1085s
 731936 380395     cutoff   51      -6336.3092 -6412.1672  1.20%  58.2 1090s
 735796 382788 -6390.2277   55  386 -6336.3092 -6412.0770  1.20%  58.2 1096s
 739887 384744 -6339.4958   77   74 -6336.3092 -6411.9631  1.19%  58.1 1101s
 743663 387166 -6385.6772   67  130 -6336.3092 -6411.8605  1.19%  58.0 1106s
 747579 388682 -6336.4905  205    - -6336.3092 -6411.7624  1.19%  58.0 1112s
 748848 389833     cutoff  205      -6336.3092 -6411.7412  1.19%  58.0 1115s
 752660 391687 -6387.9924   62  161 -6336.3092 -6411.6454  1.19%  57.9 1120s
 756183 393352 -6381.1971   43  446 -6336.3092 -6411.5547  1.19%  57.9 1125s
 759575 395465 -6346.4604   47  327 -6336.3092 -6411.4444  1.19%  57.9 1131s
 763250 397621     cutoff   69      -6336.3092 -6411.3781  1.18%  57.9 1136s
 767131 399972 -6374.8306   44  413 -6336.3092 -6411.2746  1.18%  57.8 1142s
 770902 401921 -6343.1149  143    - -6336.3092 -6411.2076  1.18%  57.8 1147s
 774874 404120     cutoff  151      -6336.3092 -6411.1050  1.18%  57.7 1152s
 776725 405307 -6347.3760   50  239 -6336.3092 -6411.0588  1.18%  57.7 1155s
*778588 397055             124    -6336.908236 -6411.0386  1.17%  57.7 1155s
 779994 398601 -6339.5258   48  239 -6336.9082 -6410.9820  1.17%  57.7 1161s
 783713 400768 -6345.0407   57  267 -6336.9082 -6410.8995  1.17%  57.7 1166s
 787527 402730 -6349.2410   57  119 -6336.9082 -6410.8011  1.17%  57.6 1171s
 791221 404856 -6364.2599   39  362 -6336.9082 -6410.7274  1.16%  57.6 1177s
 793695 405465 -6359.5045   44  328 -6336.9082 -6410.6929  1.16%  57.5 1180s
 796458 407397 -6392.6000   59  230 -6336.9082 -6410.6168  1.16%  57.5 1186s
 799984 409217     cutoff   62      -6336.9082 -6410.5410  1.16%  57.5 1191s
 803932 411731     cutoff  102      -6336.9082 -6410.4504  1.16%  57.4 1197s
 808113 413883 -6337.7094  106    2 -6336.9082 -6410.3602  1.16%  57.3 1202s
 810177 414963     cutoff  113      -6336.9082 -6410.3267  1.16%  57.3 1205s
 814091 417231 -6365.5856   53  322 -6336.9082 -6410.2182  1.16%  57.3 1211s
 817990 419393 infeasible   52      -6336.9082 -6410.1500  1.16%  57.2 1217s
 820403 420420 -6340.9112   58  315 -6336.9082 -6410.1160  1.16%  57.2 1220s
 824241 422455 -6346.9018   48  263 -6336.9082 -6410.0332  1.15%  57.1 1225s
 828194 424565 -6383.4444   67   98 -6336.9082 -6409.9457  1.15%  57.1 1231s
 832025 426496 -6354.7869   64  180 -6336.9082 -6409.8449  1.15%  57.0 1236s
 835857 428617 -6391.2617   42  206 -6336.9082 -6409.7589  1.15%  57.0 1242s
 839842 430784 -6348.2365   43  318 -6336.9082 -6409.6910  1.15%  56.9 1247s
 843752 433268 -6343.7876   71   50 -6336.9082 -6409.5960  1.15%  56.9 1252s
 845920 434315 -6345.7501   53  173 -6336.9082 -6409.5479  1.15%  56.8 1255s
 850163 436559 -6361.7463   75   88 -6336.9082 -6409.4710  1.15%  56.8 1261s
 854080 438593 -6375.4690   55  127 -6336.9082 -6409.3693  1.14%  56.7 1266s
 858170 440682 -6344.9068   49  210 -6336.9082 -6409.2717  1.14%  56.7 1271s
 861816 442704 -6356.8262   74   34 -6336.9082 -6409.1869  1.14%  56.7 1276s
 865116 444579     cutoff   60      -6336.9082 -6409.1076  1.14%  56.6 1281s
 869123 446709 -6341.0377   49  311 -6336.9082 -6409.0384  1.14%  56.6 1287s
 872334 448598     cutoff   43      -6336.9082 -6408.9752  1.14%  56.6 1292s
 873977 449483 -6368.2478   76   88 -6336.9082 -6408.9389  1.14%  56.6 1295s
 877480 451501 -6372.3202   51  318 -6336.9082 -6408.8623  1.14%  56.6 1300s
 881391 453478     cutoff  119      -6336.9082 -6408.8050  1.13%  56.5 1306s
 884943 455482 -6361.2356   57  132 -6336.9082 -6408.7068  1.13%  56.5 1311s
 889076 457520 -6366.5130   57  248 -6336.9082 -6408.6232  1.13%  56.4 1316s
 892623 459207 -6356.2858   47  246 -6336.9082 -6408.5522  1.13%  56.4 1321s
 896068 461193 -6379.7952   49  392 -6336.9082 -6408.4721  1.13%  56.4 1326s
 899507 462943 -6387.7163   67  128 -6336.9082 -6408.3971  1.13%  56.4 1332s
 903155 465285     cutoff   56      -6336.9082 -6408.3379  1.13%  56.4 1337s
 905408 466350 -6369.7332   49  328 -6336.9082 -6408.3146  1.13%  56.3 1340s
 908977 468282 -6337.4460  170    9 -6336.9082 -6408.2502  1.13%  56.3 1345s
 912417 470168 -6348.6818   52  174 -6336.9082 -6408.1626  1.12%  56.2 1350s
 916018 471990 -6384.7085   46  364 -6336.9082 -6408.0803  1.12%  56.2 1355s
 919511 473861 -6367.6481   53  326 -6336.9082 -6408.0093  1.12%  56.2 1360s
 923081 475277 -6385.6629   46  246 -6336.9082 -6407.9414  1.12%  56.2 1365s
 926476 477176 -6387.6964   39  286 -6336.9082 -6407.8780  1.12%  56.2 1370s
 930006 479481 infeasible  136      -6336.9082 -6407.8364  1.12%  56.1 1376s
 933985 481607 -6345.3459   59  209 -6336.9082 -6407.7693  1.12%  56.1 1382s
 935910 482545 -6380.5270   51  207 -6336.9082 -6407.7301  1.12%  56.0 1385s
 939487 484669 -6385.5112   59  284 -6336.9082 -6407.6735  1.12%  56.0 1390s
 943411 486792 infeasible  134      -6336.9082 -6407.5989  1.12%  56.0 1395s
H945053 479859                    -6337.360622 -6407.5866  1.11%  55.9 1395s
 946968 481624 -6350.3390   53  191 -6337.3606 -6407.5475  1.11%  55.9 1401s
 950463 483795 -6355.0711   58   79 -6337.3606 -6407.4936  1.11%  55.9 1407s
 952504 484940 -6340.4441   84   28 -6337.3606 -6407.4612  1.11%  55.9 1410s
 957168 486555     cutoff   86      -6337.3606 -6407.3702  1.10%  55.8 1415s
 959751 488385     cutoff   52      -6337.3606 -6407.3193  1.10%  55.8 1420s
 962949 490111 -6346.2148   60   41 -6337.3606 -6407.2409  1.10%  55.8 1425s
 966354 492083 -6377.8853   67   75 -6337.3606 -6407.1735  1.10%  55.8 1431s
 970162 493952 -6339.8654  114   10 -6337.3606 -6407.1004  1.10%  55.8 1437s
 971939 494881     cutoff  181      -6337.3606 -6407.0766  1.10%  55.7 1440s
 975404 496810 -6358.9734   72  274 -6337.3606 -6407.0128  1.10%  55.7 1445s
H978549 481577                    -6338.565238 -6406.9434  1.08%  55.7 1451s
H980296 481982                    -6338.565246 -6406.9090  1.08%  55.7 1453s
 981205 482899     cutoff   53      -6338.5652 -6406.8939  1.08%  55.7 1456s
 984766 484743 infeasible  184      -6338.5652 -6406.8268  1.08%  55.7 1461s
 988274 486573 -6380.5449   47  319 -6338.5652 -6406.7793  1.08%  55.7 1467s
 990207 487684 -6370.1797   56  365 -6338.5652 -6406.7474  1.08%  55.7 1470s
 993990 489601 -6339.9328   59  221 -6338.5652 -6406.6767  1.07%  55.6 1475s
 997474 491521     cutoff   57      -6338.5652 -6406.6229  1.07%  55.6 1480s
 1001293 493461 infeasible   55      -6338.5652 -6406.5611  1.07%  55.6 1485s
 1004516 494934 -6358.7719   58  281 -6338.5652 -6406.4817  1.07%  55.5 1490s
 1008138 496994 -6389.0902   54  303 -6338.5652 -6406.4359  1.07%  55.5 1496s
 1011679 499047 -6374.8298   57  296 -6338.5652 -6406.3681  1.07%  55.5 1501s
 1013398 499228 -6347.1729  137   18 -6338.5652 -6406.3492  1.07%  55.5 1505s
 1015457 501009 -6342.1442  205   11 -6338.5652 -6406.3109  1.07%  55.5 1511s
 1019226 502941 infeasible  207      -6338.5652 -6406.2318  1.07%  55.5 1516s
 1022791 504848 infeasible  173      -6338.5652 -6406.1600  1.07%  55.4 1521s
 1026270 506672 -6377.0236   77   77 -6338.5652 -6406.0906  1.07%  55.4 1526s
 1029796 508406 -6353.2116   48  180 -6338.5652 -6406.0505  1.06%  55.4 1532s
 1033416 510313 -6377.5119   63  235 -6338.5652 -6406.0060  1.06%  55.4 1537s
 1035213 511200 -6393.2197   46  309 -6338.5652 -6405.9582  1.06%  55.3 1540s
 1038581 512633 -6351.1607   78  261 -6338.5652 -6405.8947  1.06%  55.3 1545s
 1042120 514466 -6383.5380   50  280 -6338.5652 -6405.8304  1.06%  55.3 1550s
 1045740 516328 infeasible  111      -6338.5652 -6405.7719  1.06%  55.3 1556s
 1049340 518447     cutoff  154      -6338.5652 -6405.7127  1.06%  55.3 1561s
 1052671 520099 -6346.5691   51  257 -6338.5652 -6405.6517  1.06%  55.2 1566s
 1056203 521942     cutoff   96      -6338.5652 -6405.5852  1.06%  55.2 1572s
 1057870 522816 -6348.0731  157   14 -6338.5652 -6405.5736  1.06%  55.2 1575s
 1061299 524837 infeasible  184      -6338.5652 -6405.5046  1.06%  55.2 1580s
 1064932 526438     cutoff  222      -6338.5652 -6405.4268  1.05%  55.2 1585s
 1068368 528191 -6383.5546   44  491 -6338.5652 -6405.3753  1.05%  55.2 1590s
 1071597 530039 -6356.9907   69   80 -6338.5652 -6405.3103  1.05%  55.2 1596s
 1075284 531682 -6385.5409   46  210 -6338.5652 -6405.2566  1.05%  55.1 1601s
 1079086 533829 infeasible  176      -6338.5652 -6405.1876  1.05%  55.1 1606s
 1082649 535707 -6340.3431  106    - -6338.5652 -6405.1512  1.05%  55.1 1612s
 1084338 536707     cutoff  140      -6338.5652 -6405.1135  1.05%  55.0 1615s
 1088108 538137 -6339.1537  182    - -6338.5652 -6405.0585  1.05%  55.0 1620s
 1090712 539966 -6388.7692   56  157 -6338.5652 -6404.9943  1.05%  55.0 1626s
 1094499 542198 -6384.1140   65  110 -6338.5652 -6404.9486  1.05%  55.0 1631s
 1097650 543585 -6362.0871   53  200 -6338.5652 -6404.8905  1.05%  55.0 1637s
 1100874 545187 -6373.2686   56  165 -6338.5652 -6404.8272  1.05%  55.0 1642s
 1104177 546827 infeasible   54      -6338.5652 -6404.7688  1.04%  54.9 1647s
 1105849 547556 -6357.4414   77   67 -6338.5652 -6404.7523  1.04%  54.9 1650s
 1109073 549218 -6346.3166   55  150 -6338.5652 -6404.6994  1.04%  54.9 1655s
 1112648 551130 -6372.8003   52  172 -6338.5652 -6404.6444  1.04%  54.9 1660s
 1116326 552878 -6342.4437  144    6 -6338.5652 -6404.5890  1.04%  54.9 1666s
 1119841 554770 -6386.0626   61  172 -6338.5652 -6404.5257  1.04%  54.9 1671s
 1123530 556611 -6347.5400   72   43 -6338.5652 -6404.4677  1.04%  54.8 1676s
 1126838 558085 -6364.9695   68  112 -6338.5652 -6404.4226  1.04%  54.8 1681s
 1130131 559886 -6347.3826   83   14 -6338.5652 -6404.3761  1.04%  54.8 1687s
 1132058 560765 -6355.7242  139   17 -6338.5652 -6404.3565  1.04%  54.8 1690s
 1135602 562421     cutoff  270      -6338.5652 -6404.2934  1.04%  54.8 1695s
 1138948 564567 -6358.1152   68   54 -6338.5652 -6404.2426  1.04%  54.8 1700s
 1142619 566221 -6344.9633   65  119 -6338.5652 -6404.1924  1.04%  54.7 1705s
 1145983 568084 -6343.5164  175    2 -6338.5652 -6404.1457  1.03%  54.7 1711s
 1149782 570175 -6339.8785  192    - -6338.5652 -6404.0833  1.03%  54.7 1716s
 1153380 571677 -6374.8569   48  246 -6338.5652 -6404.0186  1.03%  54.7 1722s
 1157036 573718 -6375.8615   66   99 -6338.5652 -6403.9745  1.03%  54.6 1727s
 1158697 574499 -6368.9695   48  258 -6338.5652 -6403.9436  1.03%  54.6 1730s
 1161973 576115 -6380.1141   63  103 -6338.5652 -6403.9033  1.03%  54.6 1735s
 1165715 578084     cutoff   58      -6338.5652 -6403.8400  1.03%  54.6 1741s
 1169360 579996 -6344.2462   64   71 -6338.5652 -6403.7926  1.03%  54.5 1746s
 1172876 581723 -6341.1012   55  269 -6338.5652 -6403.7442  1.03%  54.5 1751s
 1176168 583144 -6347.9710   79  135 -6338.5652 -6403.6930  1.03%  54.5 1757s
 1178670 583894 -6368.8613   43  243 -6338.5652 -6403.6522  1.03%  54.5 1760s
 1181229 585767     cutoff  117      -6338.5652 -6403.6067  1.03%  54.5 1765s
 1184492 587471 -6349.1450  131  104 -6338.5652 -6403.5497  1.03%  54.5 1771s
 1188175 589156     cutoff   77      -6338.5652 -6403.4924  1.02%  54.5 1777s
 1191460 590878     cutoff  112      -6338.5652 -6403.4492  1.02%  54.5 1782s
 1193317 591809 -6375.4266   49   30 -6338.5652 -6403.4093  1.02%  54.4 1785s
 1197030 593755 -6391.6978   46  334 -6338.5652 -6403.3645  1.02%  54.4 1792s
 1200637 595368     cutoff   71      -6338.5652 -6403.3155  1.02%  54.4 1798s
 1202394 596310 -6376.6226   44  300 -6338.5652 -6403.2924  1.02%  54.4 1800s
 1205830 598121     cutoff   64      -6338.5652 -6403.2452  1.02%  54.4 1806s
 1209177 599777 -6390.7433   70  158 -6338.5652 -6403.1962  1.02%  54.3 1812s
 1210961 600555 -6377.8139   48  203 -6338.5652 -6403.1660  1.02%  54.3 1815s
 1214197 602261 -6339.5401   79   53 -6338.5652 -6403.1275  1.02%  54.3 1821s
 1217655 603863 -6355.3803   72   76 -6338.5652 -6403.0696  1.02%  54.3 1826s
 1221210 605312 -6355.3295   44  307 -6338.5652 -6403.0170  1.02%  54.3 1831s
 1224024 606946 -6367.6907   83   83 -6338.5652 -6402.9752  1.02%  54.3 1836s
 1227662 608886 -6378.2257   47  197 -6338.5652 -6402.9405  1.02%  54.3 1841s
 1231309 610517     cutoff   89      -6338.5652 -6402.8865  1.01%  54.2 1846s
 1234648 612110 -6354.6632   56  294 -6338.5652 -6402.8212  1.01%  54.2 1852s
 1237761 612825 -6380.1914   49  353 -6338.5652 -6402.7790  1.01%  54.2 1859s
 1237777 613587 -6375.6401   50  239 -6338.5652 -6402.7764  1.01%  54.2 1861s
 1240970 615251 -6357.9326   68   81 -6338.5652 -6402.7304  1.01%  54.2 1867s
 1244486 616943 -6344.8701  137    - -6338.5652 -6402.6973  1.01%  54.2 1872s
 1246214 617664 -6341.5286  137   10 -6338.5652 -6402.6680  1.01%  54.2 1875s
 1249589 619398 -6339.9236  156   14 -6338.5652 -6402.6039  1.01%  54.2 1880s
 1253265 621304     cutoff  144      -6338.5652 -6402.5577  1.01%  54.2 1886s
 1256864 622877 -6381.7311   52  264 -6338.5652 -6402.5135  1.01%  54.1 1891s
 1260352 624665 -6368.4107   65  101 -6338.5652 -6402.4569  1.01%  54.1 1896s
 1264145 626312 infeasible  192      -6338.5652 -6402.4169  1.01%  54.1 1901s
 1267320 628085 -6348.5231   90   21 -6338.5652 -6402.3637  1.01%  54.1 1906s
 1270555 629178 -6344.7956   49  186 -6338.5652 -6402.3219  1.01%  54.1 1911s
 1273486 630839 -6357.2771   67  129 -6338.5652 -6402.2749  1.01%  54.1 1917s
 1275193 631792 -6340.7380   36  377 -6338.5652 -6402.2530  1.00%  54.1 1920s
 1278475 633062 infeasible   62      -6338.5652 -6402.2004  1.00%  54.1 1925s
 1281703 634882 -6345.2827   60   86 -6338.5652 -6402.1471  1.00%  54.1 1931s
 1285282 636795 -6356.5023   51   96 -6338.5652 -6402.1022  1.00%  54.0 1936s
 1288353 638177 -6378.1684   62  135 -6338.5652 -6402.0679  1.00%  54.0 1941s
 1291625 639808 -6393.1329   65  214 -6338.5652 -6402.0121  1.00%  54.0 1947s
 1295145 641516     cutoff   47      -6338.5652 -6401.9694  1.00%  54.0 1952s
 1296975 642317     cutoff   69      -6338.5652 -6401.9375  1.00%  54.0 1955s
 1300543 644178 -6373.2574   41  236 -6338.5652 -6401.8927  1.00%  54.0 1960s
 1304218 645921 -6359.6792   46  256 -6338.5652 -6401.8464  1.00%  53.9 1966s
 1307622 647747 -6384.2012   50  332 -6338.5652 -6401.8021  1.00%  53.9 1971s
 1311083 649414     cutoff  169      -6338.5652 -6401.7708  1.00%  53.9 1976s
 1314593 651276 -6388.5161   34  480 -6338.5652 -6401.7161  1.00%  53.9 1982s
 1318000 653271 -6368.2798   63  125 -6338.5652 -6401.6684  1.00%  53.9 1987s
 1319773 654096 -6367.2321   60  122 -6338.5652 -6401.6620  1.00%  53.9 1990s
 1323283 655997 -6338.9464  165    - -6338.5652 -6401.6113  0.99%  53.8 1996s
 1327050 658091     cutoff  166      -6338.5652 -6401.5657  0.99%  53.8 2001s
 1330827 659956 -6342.4053   68   50 -6338.5652 -6401.5251  0.99%  53.8 2007s
 1334450 661721 -6344.5071   45  225 -6338.5652 -6401.4884  0.99%  53.8 2012s
 1338027 663469 -6356.2693   46  336 -6338.5652 -6401.4428  0.99%  53.7 2017s
 1339764 664273 -6372.0039   57   98 -6338.5652 -6401.4146  0.99%  53.7 2020s
 1342944 665681 -6376.5359   63  193 -6338.5652 -6401.3743  0.99%  53.7 2025s
 1346205 667399     cutoff   59      -6338.5652 -6401.3314  0.99%  53.7 2030s
 1349990 669163 -6360.1622   57  173 -6338.5652 -6401.2876  0.99%  53.7 2036s
 1353800 671090     cutoff   35      -6338.5652 -6401.2501  0.99%  53.7 2042s
 1355390 671908 -6357.9574   67   85 -6338.5652 -6401.2233  0.99%  53.6 2045s
 1359187 673851 -6382.4566   52  123 -6338.5652 -6401.1763  0.99%  53.6 2050s
 1362613 675332 -6384.6215   53  113 -6338.5652 -6401.1239  0.99%  53.6 2056s
 1365671 676922 -6360.2319   44  335 -6338.5652 -6401.0871  0.99%  53.6 2061s
 1368937 678323     cutoff  106      -6338.5652 -6401.0435  0.99%  53.6 2066s
 1372316 680005     cutoff   70      -6338.5652 -6400.9978  0.98%  53.6 2071s
 1376119 682266     cutoff  174      -6338.5652 -6400.9606  0.98%  53.5 2076s
 1379716 683788 -6354.7171   42  382 -6338.5652 -6400.9061  0.98%  53.5 2082s
 1381205 684641 -6345.5224   71   57 -6338.5652 -6400.8855  0.98%  53.5 2085s
 1384519 686402 -6356.4628   53  345 -6338.5652 -6400.8412  0.98%  53.5 2090s
 1388101 687916 -6346.8583   43  197 -6338.5652 -6400.7974  0.98%  53.5 2095s
 1391358 689339 infeasible   60      -6338.5652 -6400.7479  0.98%  53.5 2101s
 1394542 690888 -6375.9261   42  357 -6338.5652 -6400.6963  0.98%  53.5 2106s
 1397738 692606 -6370.1643   56  224 -6338.5652 -6400.6691  0.98%  53.5 2111s
 1400905 694291 -6349.3947   58  104 -6338.5652 -6400.6261  0.98%  53.5 2116s
 1403884 696147     cutoff   49      -6338.5652 -6400.5810  0.98%  53.5 2122s
 1405711 696866 -6388.7781   38  482 -6338.5652 -6400.5643  0.98%  53.5 2125s
 1408588 698412 -6376.5792   53  465 -6338.5652 -6400.5279  0.98%  53.5 2130s
 1412176 700094 -6357.7733   48  257 -6338.5652 -6400.4762  0.98%  53.4 2136s
 1415572 701850 -6359.1779   71   87 -6338.5652 -6400.4372  0.98%  53.4 2141s
 1419024 703330 -6375.6904   47  320 -6338.5652 -6400.4036  0.98%  53.4 2147s
 1422354 704893     cutoff   69      -6338.5652 -6400.3639  0.97%  53.4 2152s
 1423816 705561 -6383.4239   55  119 -6338.5652 -6400.3450  0.97%  53.4 2155s
 1427179 707304 -6340.9360   48  174 -6338.5652 -6400.3024  0.97%  53.4 2160s
 1430802 709096     cutoff   50      -6338.5652 -6400.2597  0.97%  53.4 2165s
 1434119 710790 -6349.9314   75   45 -6338.5652 -6400.2103  0.97%  53.3 2171s
 1437343 712312 -6373.4990   47  427 -6338.5652 -6400.1737  0.97%  53.3 2176s
 1440923 713818     cutoff   71      -6338.5652 -6400.1393  0.97%  53.3 2182s
 1444073 715178 -6359.5371   44  235 -6338.5652 -6400.0976  0.97%  53.3 2187s
 1445590 716187 -6366.4520   52  419 -6338.5652 -6400.0853  0.97%  53.3 2190s
 1449228 717783 -6366.9069   70  236 -6338.5652 -6400.0421  0.97%  53.3 2195s
 1452395 719118 infeasible   62      -6338.5652 -6400.0106  0.97%  53.3 2201s
 1455391 720761     cutoff   87      -6338.5652 -6399.9632  0.97%  53.3 2206s
 1459214 722278 -6369.6668   53  248 -6338.5652 -6399.9186  0.97%  53.3 2212s
 1460701 723093 -6345.0783   57  245 -6338.5652 -6399.9123  0.97%  53.3 2215s
 1464083 724808 -6352.8956   51  139 -6338.5652 -6399.8674  0.97%  53.2 2220s
 1467564 726338 -6372.7890   48  332 -6338.5652 -6399.8222  0.97%  53.2 2225s
 1471207 728310     cutoff   78      -6338.5652 -6399.7761  0.97%  53.2 2231s
 1474547 729798 -6349.0674   57  242 -6338.5652 -6399.7321  0.96%  53.2 2236s
 1477852 731233 -6385.1144   60  116 -6338.5652 -6399.6914  0.96%  53.2 2242s
 1479547 732026 -6382.2514   43  284 -6338.5652 -6399.6699  0.96%  53.2 2245s
 1483040 733731 -6340.4118   78   52 -6338.5652 -6399.6298  0.96%  53.2 2250s
 1486148 735086 -6348.6437   60  218 -6338.5652 -6399.5937  0.96%  53.2 2255s
 1489653 736592     cutoff   62      -6338.5652 -6399.5560  0.96%  53.2 2261s
 1493300 738418 infeasible  195      -6338.5652 -6399.5106  0.96%  53.1 2266s
 1497038 739945 -6353.5158   52  277 -6338.5652 -6399.4667  0.96%  53.1 2271s
 1500076 741050 -6384.3972   59  209 -6338.5652 -6399.4268  0.96%  53.1 2277s
 1502837 742660 -6362.7138   64  233 -6338.5652 -6399.3841  0.96%  53.1 2282s
 1506094 744372 -6375.4816   50  160 -6338.5652 -6399.3456  0.96%  53.1 2287s
 1507960 745148 -6344.8973   90   26 -6338.5652 -6399.3236  0.96%  53.1 2290s
 1511425 746620 -6377.6896   42  265 -6338.5652 -6399.2842  0.96%  53.1 2296s
 1514555 748235 -6376.3350   46  370 -6338.5652 -6399.2463  0.96%  53.1 2301s
 1518155 749966     cutoff  156      -6338.5652 -6399.1979  0.96%  53.0 2307s
 1519833 750777 -6349.2474   46  364 -6338.5652 -6399.1837  0.96%  53.0 2310s
 1523144 752259 -6350.7295  126   14 -6338.5652 -6399.1481  0.96%  53.0 2316s
 1526417 753807 -6342.0959  175   25 -6338.5652 -6399.1111  0.96%  53.0 2321s
 1529985 755595 -6343.8266  164    - -6338.5652 -6399.0800  0.95%  53.0 2327s
 1531725 756442     cutoff  205      -6338.5652 -6399.0493  0.95%  53.0 2330s
 1535046 758116 -6364.6161   80  138 -6338.5652 -6399.0084  0.95%  53.0 2336s
 1538515 759900 -6360.8685   52  215 -6338.5652 -6398.9687  0.95%  53.0 2341s
 1542320 762124 -6376.7747   57  126 -6338.5652 -6398.9320  0.95%  52.9 2347s
 1544464 763192     cutoff   77      -6338.5652 -6398.9192  0.95%  52.9 2350s
 1547873 764600     cutoff   99      -6338.5652 -6398.8812  0.95%  52.9 2356s
 1551238 766187     cutoff   86      -6338.5652 -6398.8479  0.95%  52.9 2362s
 1554236 767342     cutoff   73      -6338.5652 -6398.8081  0.95%  52.9 2367s
 1555857 768035 -6357.9097   48  398 -6338.5652 -6398.8022  0.95%  52.9 2370s
 1559012 769605 -6378.1605   44  126 -6338.5652 -6398.7660  0.95%  52.9 2375s
 1562334 771340 -6342.6299   56  217 -6338.5652 -6398.7361  0.95%  52.9 2380s
 1565855 772841 -6343.4334   77   60 -6338.5652 -6398.6961  0.95%  52.8 2386s
 1569202 774340     cutoff   80      -6338.5652 -6398.6679  0.95%  52.8 2392s
 1572349 775900 -6354.4757   73   82 -6338.5652 -6398.6298  0.95%  52.8 2397s
 1574146 776684 -6341.8709  120   88 -6338.5652 -6398.6149  0.95%  52.8 2400s
 1577473 778145 -6374.1324   53  192 -6338.5652 -6398.5697  0.95%  52.8 2406s
 1580727 779761 -6343.6222   84   75 -6338.5652 -6398.5315  0.95%  52.8 2411s
 1584224 781146 infeasible  193      -6338.5652 -6398.4980  0.95%  52.8 2416s
 1587507 782959 -6369.6184   51  222 -6338.5652 -6398.4634  0.94%  52.8 2423s
 1589361 783808     cutoff  158      -6338.5652 -6398.4465  0.94%  52.7 2425s
 1592500 785419     cutoff   79      -6338.5652 -6398.4137  0.94%  52.7 2431s
 1595747 787241 -6356.2087   54  262 -6338.5652 -6398.3823  0.94%  52.7 2436s
 1599536 788901 -6340.4157   55  269 -6338.5652 -6398.3469  0.94%  52.7 2441s
 1602965 790423     cutoff   44      -6338.5652 -6398.3104  0.94%  52.7 2447s
 1606453 792098     cutoff   70      -6338.5652 -6398.2733  0.94%  52.7 2452s
 1610139 793861     cutoff   57      -6338.5652 -6398.2377  0.94%  52.6 2458s
 1611781 794558     cutoff   79      -6338.5652 -6398.2213  0.94%  52.6 2460s
 1614931 796143 -6359.8768  113   58 -6338.5652 -6398.1835  0.94%  52.6 2466s
 1618179 797216 -6338.9648  139   15 -6338.5652 -6398.1488  0.94%  52.6 2471s
 1620688 798838 -6350.5427   51  372 -6338.5652 -6398.1312  0.94%  52.6 2477s
 1623871 800356 -6369.5217   55   81 -6338.5652 -6398.1011  0.94%  52.6 2482s
 1625648 801097     cutoff  138      -6338.5652 -6398.0843  0.94%  52.6 2485s
 1628706 802670 -6387.7239   59   96 -6338.5652 -6398.0502  0.94%  52.6 2490s
 1632003 804184     cutoff   47      -6338.5652 -6398.0198  0.94%  52.6 2496s
 1635443 805911     cutoff   68      -6338.5652 -6397.9793  0.94%  52.6 2501s
 1639026 807624 -6385.6078   62   90 -6338.5652 -6397.9394  0.94%  52.6 2507s
 1642778 809274 -6382.0537   65  161 -6338.5652 -6397.9077  0.94%  52.5 2512s
 1644242 810010 -6379.5682   57  104 -6338.5652 -6397.8954  0.94%  52.5 2515s
 1647785 811658 -6351.4183   62  215 -6338.5652 -6397.8550  0.94%  52.5 2520s
 1651215 813493 -6339.7939   54  148 -6338.5652 -6397.8219  0.93%  52.5 2526s
 1654753 815328     cutoff   79      -6338.5652 -6397.7926  0.93%  52.5 2532s
 1656531 815973 -6379.7758   39  257 -6338.5652 -6397.7705  0.93%  52.5 2535s
 1659750 817559     cutoff   57      -6338.5652 -6397.7429  0.93%  52.5 2540s
 1663246 819322     cutoff  166      -6338.5652 -6397.7025  0.93%  52.4 2546s
 1666394 820620 -6354.2857   65   83 -6338.5652 -6397.6666  0.93%  52.4 2552s
 1667961 820795 -6341.8056   77   76 -6338.5652 -6397.6475  0.93%  52.4 2555s
 1669915 822239 -6344.1781   76   66 -6338.5652 -6397.6280  0.93%  52.4 2560s
 1673178 823867 -6369.3453   63  182 -6338.5652 -6397.5949  0.93%  52.4 2566s
 1676565 825541     cutoff  174      -6338.5652 -6397.5550  0.93%  52.4 2571s
 1680150 826993 -6365.4014   48  273 -6338.5652 -6397.5261  0.93%  52.4 2577s
 1681774 827802 -6371.2942   72  139 -6338.5652 -6397.5043  0.93%  52.4 2580s
 1684937 829092 -6357.0575   70  220 -6338.5652 -6397.4743  0.93%  52.4 2585s
 1688406 830711     cutoff   76      -6338.5652 -6397.4340  0.93%  52.4 2591s
 1692020 832193 -6380.6153   73   29 -6338.5652 -6397.3931  0.93%  52.3 2597s
 1695333 833666     cutoff   53      -6338.5652 -6397.3615  0.93%  52.3 2602s
 1696913 834568 -6384.6728   57  135 -6338.5652 -6397.3446  0.93%  52.3 2605s
 1700316 835800 infeasible   56      -6338.5652 -6397.3175  0.93%  52.3 2610s
 1703576 837439 -6357.0122   64  115 -6338.5652 -6397.2828  0.93%  52.3 2616s
 1706984 839111 -6375.4280   50  166 -6338.5652 -6397.2446  0.93%  52.3 2622s
 1710320 840631     cutoff   67      -6338.5652 -6397.2106  0.93%  52.3 2627s
 1711967 841382 -6343.6678   69  110 -6338.5652 -6397.1933  0.92%  52.3 2630s
 1715259 842890 -6342.1427   70  182 -6338.5652 -6397.1589  0.92%  52.3 2635s
 1718842 843974 infeasible  141      -6338.5652 -6397.1283  0.92%  52.3 2641s
 1721363 845770 -6347.8643   70   26 -6338.5652 -6397.1070  0.92%  52.2 2646s
 1724904 847305 -6343.6383   52  274 -6338.5652 -6397.0756  0.92%  52.2 2652s
 1726582 848050 -6372.1179   54  373 -6338.5652 -6397.0589  0.92%  52.2 2655s
 1730018 849449 -6369.6080   59  109 -6338.5652 -6397.0279  0.92%  52.2 2660s
 1733327 850878 -6375.4990   66  168 -6338.5652 -6396.9991  0.92%  52.2 2666s
 1736640 852440 -6376.3001   43  394 -6338.5652 -6396.9617  0.92%  52.2 2672s
 1739980 853979 -6347.5566   48  180 -6338.5652 -6396.9309  0.92%  52.2 2677s
 1743542 855696 -6358.4506   63  164 -6338.5652 -6396.9001  0.92%  52.2 2682s
 1745313 856622 -6384.6008   55   95 -6338.5652 -6396.8830  0.92%  52.2 2685s
 1748675 858101 -6348.2182   58  333 -6338.5652 -6396.8397  0.92%  52.1 2691s
 1752212 859585 -6352.6820   65   78 -6338.5652 -6396.8039  0.92%  52.1 2697s
 1753681 860289 -6355.9648   42  257 -6338.5652 -6396.7854  0.92%  52.1 2700s
 1756829 861683 -6347.3658   57  266 -6338.5652 -6396.7539  0.92%  52.1 2705s
 1759883 863041 -6379.4432   60  108 -6338.5652 -6396.7214  0.92%  52.1 2710s
 1763129 864398 -6338.8445   45  270 -6338.5652 -6396.6845  0.92%  52.1 2716s
 1766589 865988 -6341.8270   82   59 -6338.5652 -6396.6498  0.92%  52.1 2721s
 1769809 867767 -6356.4270   45  159 -6338.5652 -6396.6207  0.92%  52.1 2726s
 1773735 869526 -6369.3921   65  117 -6338.5652 -6396.5910  0.92%  52.1 2732s
 1776946 871223 -6339.0121   81   12 -6338.5652 -6396.5606  0.91%  52.0 2737s
 1778798 872136     cutoff   45      -6338.5652 -6396.5398  0.91%  52.0 2740s
 1782117 873718 -6384.3947   55   93 -6338.5652 -6396.5140  0.91%  52.0 2746s
 1785684 875359 -6338.6644  146    2 -6338.5652 -6396.4773  0.91%  52.0 2751s
 1789111 876942 -6353.1387   78   62 -6338.5652 -6396.4453  0.91%  52.0 2756s
 1790864 877774 -6345.9573   65  311 -6338.5652 -6396.4201  0.91%  52.0 2760s
 1794364 879537     cutoff  163      -6338.5652 -6396.3913  0.91%  52.0 2765s
 1797938 881220     cutoff   59      -6338.5652 -6396.3510  0.91%  51.9 2771s
 1801469 882622     cutoff   72      -6338.5652 -6396.3264  0.91%  51.9 2776s
 1804528 884159 -6362.2432   50  203 -6338.5652 -6396.2898  0.91%  51.9 2782s
 1808135 885880 -6357.5787   65  192 -6338.5652 -6396.2604  0.91%  51.9 2787s
 1809928 886749 -6352.6106   77  118 -6338.5652 -6396.2411  0.91%  51.9 2790s
 1813342 888264 infeasible  168      -6338.5652 -6396.2086  0.91%  51.9 2795s
 1816527 889688 infeasible  133      -6338.5652 -6396.1759  0.91%  51.9 2800s
 1819740 891259 -6373.1539   74  128 -6338.5652 -6396.1536  0.91%  51.8 2806s
 1822911 892604 -6348.3748   89   38 -6338.5652 -6396.1332  0.91%  51.8 2811s
 1826367 894185     cutoff  145      -6338.5652 -6396.1025  0.91%  51.8 2817s
 1829658 895852 -6342.2237  164   14 -6338.5652 -6396.0765  0.91%  51.8 2822s
 1831633 896681 -6341.6294  165    - -6338.5652 -6396.0601  0.91%  51.8 2825s
 1834941 898426     cutoff  166      -6338.5652 -6396.0279  0.91%  51.8 2830s
 1838615 900041 -6346.9582   53  296 -6338.5652 -6395.9863  0.91%  51.8 2836s
 1842157 901500 -6378.0454   53  199 -6338.5652 -6395.9569  0.91%  51.7 2841s
 1845243 903138 -6381.2876   68  128 -6338.5652 -6395.9211  0.90%  51.7 2847s
 1846992 903776 -6352.7488   49  233 -6338.5652 -6395.9048  0.90%  51.7 2850s
 1849849 905050     cutoff   63      -6338.5652 -6395.8795  0.90%  51.7 2855s
 1853065 906462 -6393.2505   36  505 -6338.5652 -6395.8519  0.90%  51.7 2860s
 1856125 907916 -6357.6968   58  170 -6338.5652 -6395.8223  0.90%  51.7 2866s
 1859540 909616 -6344.6527   77   75 -6338.5652 -6395.7933  0.90%  51.7 2871s
 1862562 910922 -6383.7019   47  398 -6338.5652 -6395.7699  0.90%  51.7 2877s
 1864063 910940 -6346.1712   99    - -6338.5652 -6395.7653  0.90%  51.7 2883s
 1864086 911387     cutoff  100      -6338.5652 -6395.7632  0.90%  51.7 2885s
 1866896 913197 -6343.8931   65   74 -6338.5652 -6395.7317  0.90%  51.7 2891s
 1870435 914607     cutoff   56      -6338.5652 -6395.7067  0.90%  51.7 2897s
 1872220 915376 -6370.8412   41  220 -6338.5652 -6395.6973  0.90%  51.7 2900s
 1875575 916817 -6374.2511   68  161 -6338.5652 -6395.6660  0.90%  51.7 2905s
 1878783 918488     cutoff   62      -6338.5652 -6395.6325  0.90%  51.6 2911s
 1882371 920063 infeasible  152      -6338.5652 -6395.6072  0.90%  51.6 2917s
 1884066 920878 -6351.4180   80   37 -6338.5652 -6395.5970  0.90%  51.6 2920s
 1887336 922375 -6359.0323   61  106 -6338.5652 -6395.5590  0.90%  51.6 2926s
 1890675 923890 -6371.5080   44  435 -6338.5652 -6395.5291  0.90%  51.6 2931s
 1893703 925108     cutoff   59      -6338.5652 -6395.4980  0.90%  51.6 2937s
 1896634 926253     cutoff   51      -6338.5652 -6395.4736  0.90%  51.6 2942s
 1898064 926968 -6347.0172   67  129 -6338.5652 -6395.4539  0.90%  51.6 2945s
 1901055 928334     cutoff   86      -6338.5652 -6395.4279  0.90%  51.6 2950s
 1904409 930147 -6379.1356   47  100 -6338.5652 -6395.4039  0.90%  51.6 2956s
 1907856 931773 -6376.7447   66   96 -6338.5652 -6395.3639  0.90%  51.6 2962s
 1909540 932384 -6343.0879   66  153 -6338.5652 -6395.3496  0.90%  51.5 2965s
 1912620 933969     cutoff   55      -6338.5652 -6395.3279  0.90%  51.5 2970s
 1916263 935655 -6388.9928   48  146 -6338.5652 -6395.2920  0.89%  51.5 2975s
 1919565 937202 -6342.3854  171    6 -6338.5652 -6395.2587  0.89%  51.5 2981s
 1922549 938444 -6356.3729   66  109 -6338.5652 -6395.2285  0.89%  51.5 2986s
 1925706 939745 -6348.3521  120   97 -6338.5652 -6395.2080  0.89%  51.5 2991s
 1928796 941276 -6371.6762   68  129 -6338.5652 -6395.1807  0.89%  51.5 2997s
 1930656 941721 infeasible   77      -6338.5652 -6395.1686  0.89%  51.5 3000s
 1933510 943501 -6363.2609   66  159 -6338.5652 -6395.1490  0.89%  51.5 3005s
 1937137 944979 -6343.5727   62  233 -6338.5652 -6395.1215  0.89%  51.5 3011s
 1940300 946578 -6353.2586   65  231 -6338.5652 -6395.0910  0.89%  51.5 3016s
 1943733 948002     cutoff   62      -6338.5652 -6395.0635  0.89%  51.4 3022s
 1945270 948574 -6368.9430   62  209 -6338.5652 -6395.0481  0.89%  51.4 3025s
 1948359 950178 -6349.2058   64   82 -6338.5652 -6395.0162  0.89%  51.4 3031s
 1951806 951687     cutoff   51      -6338.5652 -6394.9907  0.89%  51.4 3037s
 1955282 953500     cutoff  186      -6338.5652 -6394.9676  0.89%  51.4 3042s
 1956993 954300 -6340.8408  145    2 -6338.5652 -6394.9456  0.89%  51.4 3045s
 1960482 955786 -6351.6024   60  329 -6338.5652 -6394.9172  0.89%  51.4 3051s
 1963570 957359 -6387.7218   65  140 -6338.5652 -6394.8929  0.89%  51.4 3057s
 1965135 957995 -6365.0607   45  337 -6338.5652 -6394.8769  0.89%  51.4 3060s
 1968321 959412 -6384.7256   43  376 -6338.5652 -6394.8510  0.89%  51.4 3065s
 1971560 961020 -6353.3245   57  107 -6338.5652 -6394.8256  0.89%  51.3 3071s
 1974847 962407 -6381.3642   59  179 -6338.5652 -6394.7999  0.89%  51.3 3077s
 1976434 963087 -6370.8839   61  103 -6338.5652 -6394.7873  0.89%  51.3 3080s
 1979761 964607 -6341.9404   67   78 -6338.5652 -6394.7612  0.89%  51.3 3086s
 1982903 966101 -6344.1944   71  222 -6338.5652 -6394.7333  0.89%  51.3 3091s
 1985965 967404 infeasible   73      -6338.5652 -6394.7076  0.89%  51.3 3096s
 1989037 968888 -6371.3342   56   78 -6338.5652 -6394.6824  0.89%  51.3 3102s
 1990848 969721 -6362.1576   71   84 -6338.5652 -6394.6623  0.89%  51.3 3105s
 1994386 971360 -6349.8146   64  197 -6338.5652 -6394.6382  0.88%  51.3 3111s
 1997936 972987 -6366.7202   57  108 -6338.5652 -6394.6036  0.88%  51.3 3117s
 1999616 973543 -6356.5272   63  122 -6338.5652 -6394.5930  0.88%  51.3 3120s
 2002583 975125 -6355.0053   65  184 -6338.5652 -6394.5654  0.88%  51.2 3126s
 2006140 976858 infeasible   85      -6338.5652 -6394.5459  0.88%  51.2 3132s
 2007834 977570 -6370.9080   43  396 -6338.5652 -6394.5356  0.88%  51.2 3135s
 2011031 979136 -6342.0494   61  245 -6338.5652 -6394.5058  0.88%  51.2 3141s
 2014619 980871 infeasible  169      -6338.5652 -6394.4762  0.88%  51.2 3146s
 2017920 982250     cutoff  112      -6338.5652 -6394.4482  0.88%  51.2 3152s
 2019508 983165 -6342.0366   63  101 -6338.5652 -6394.4352  0.88%  51.2 3155s
 2022892 984626 -6339.7526   57   46 -6338.5652 -6394.4081  0.88%  51.2 3160s
 2026121 986480     cutoff  205      -6338.5652 -6394.3917  0.88%  51.1 3166s
 2029215 987761 -6368.0381   51  299 -6338.5652 -6394.3643  0.88%  51.1 3172s
 2032587 989235     cutoff   67      -6338.5652 -6394.3400  0.88%  51.1 3177s
 2034142 989947 -6354.4545   57  141 -6338.5652 -6394.3309  0.88%  51.1 3181s
 2037562 991394 -6353.7725   53  228 -6338.5652 -6394.3010  0.88%  51.1 3186s
 2040524 992654 -6347.4119   71  111 -6338.5652 -6394.2731  0.88%  51.1 3192s
 2043328 994086 -6370.8708   66  220 -6338.5652 -6394.2519  0.88%  51.1 3197s
 2046491 995358 -6372.6469   68  252 -6338.5652 -6394.2293  0.88%  51.1 3202s
 2047904 996210 -6370.2698   73  207 -6338.5652 -6394.2145  0.88%  51.1 3205s
 2051226 997325     cutoff  100      -6338.5652 -6394.1824  0.88%  51.1 3211s
 2053554 998609 -6354.1285   60  121 -6338.5652 -6394.1668  0.88%  51.1 3216s
 2056605 1000063 -6352.0348   47  200 -6338.5652 -6394.1448  0.88%  51.0 3222s
 2058217 1000881 -6347.8781  105   18 -6338.5652 -6394.1322  0.88%  51.0 3225s
 2061545 1002263 -6361.1138   71  130 -6338.5652 -6394.1031  0.88%  51.0 3230s
 2064804 1003662 -6344.2155   50  156 -6338.5652 -6394.0743  0.88%  51.0 3236s
 2067766 1005108 -6355.0962   67   69 -6338.5652 -6394.0510  0.88%  51.0 3241s
 2071136 1006749 -6381.1225   66   97 -6338.5652 -6394.0207  0.87%  51.0 3247s
 2072839 1007405     cutoff   61      -6338.5652 -6394.0085  0.87%  51.0 3250s
 2075976 1008860 -6374.5779   56  175 -6338.5652 -6393.9813  0.87%  51.0 3255s
 2078864 1010366     cutoff  215      -6338.5652 -6393.9570  0.87%  51.0 3261s
 2082401 1012106 -6339.6662  146    - -6338.5652 -6393.9357  0.87%  51.0 3267s
 2085505 1013446 -6374.0066   63  290 -6338.5652 -6393.9109  0.87%  51.0 3272s
 2087014 1014209 -6372.0999   49  297 -6338.5652 -6393.9012  0.87%  51.0 3275s
 2089915 1015365 infeasible   52      -6338.5652 -6393.8731  0.87%  51.0 3280s
 2092729 1016652 -6358.8944   57  254 -6338.5652 -6393.8487  0.87%  51.0 3286s
 2096188 1018270 -6374.2393   65  145 -6338.5652 -6393.8265  0.87%  50.9 3291s
 2099431 1019985     cutoff  126      -6338.5652 -6393.8049  0.87%  50.9 3296s
 2102866 1021443 -6351.4339   68  110 -6338.5652 -6393.7765  0.87%  50.9 3302s
 2104444 1022174     cutoff   73      -6338.5652 -6393.7673  0.87%  50.9 3305s
 2107406 1023523 -6368.8825   53  222 -6338.5652 -6393.7459  0.87%  50.9 3311s
 2110774 1024957 -6344.5271   70  117 -6338.5652 -6393.7160  0.87%  50.9 3317s
 2113977 1026404 -6366.0160   66  413 -6338.5652 -6393.6871  0.87%  50.9 3322s
 2115700 1027150 -6338.8816   50  340 -6338.5652 -6393.6701  0.87%  50.9 3325s
 2119356 1028816 -6338.7164   94    6 -6338.5652 -6393.6497  0.87%  50.9 3331s
 2122444 1030100 -6341.9997   58  113 -6338.5652 -6393.6245  0.87%  50.9 3336s
 2125403 1031398 -6354.0301   63   52 -6338.5652 -6393.6052  0.87%  50.9 3342s
 2126859 1031964 -6381.6845   64  191 -6338.5652 -6393.5941  0.87%  50.9 3345s
 2129832 1033472     cutoff  165      -6338.5652 -6393.5738  0.87%  50.8 3350s
 2132957 1034907 -6377.0937   45  290 -6338.5652 -6393.5482  0.87%  50.8 3356s
 2136108 1036142 -6348.1051   48  247 -6338.5652 -6393.5238  0.87%  50.8 3361s
 2138918 1037358 -6344.9976   64  249 -6338.5652 -6393.5055  0.87%  50.8 3367s
 2140690 1038075 -6348.9445   64  232 -6338.5652 -6393.4901  0.87%  50.8 3370s
 2143786 1039544 -6376.2173   55   94 -6338.5652 -6393.4640  0.87%  50.8 3376s
 2146917 1041045 infeasible  152      -6338.5652 -6393.4385  0.87%  50.8 3382s
 2148686 1041937 -6340.0513   46  212 -6338.5652 -6393.4294  0.87%  50.8 3385s
 2152187 1043593 -6339.4488  161    - -6338.5652 -6393.4024  0.87%  50.8 3391s
 2155198 1045108 -6342.2571  173    4 -6338.5652 -6393.3818  0.86%  50.8 3398s
 2156931 1045933 -6342.6640  133    - -6338.5652 -6393.3712  0.86%  50.8 3400s
 2159705 1047200     cutoff   68      -6338.5652 -6393.3418  0.86%  50.8 3406s
 2163095 1048842 -6338.6715   69  102 -6338.5652 -6393.3218  0.86%  50.7 3412s
 2164789 1049615 -6369.8958   43  172 -6338.5652 -6393.3086  0.86%  50.7 3415s
 2168144 1051057     cutoff  163      -6338.5652 -6393.2819  0.86%  50.7 3420s
 2171213 1052261     cutoff   57      -6338.5652 -6393.2547  0.86%  50.7 3426s
 2174382 1053724 -6354.6646   65  168 -6338.5652 -6393.2323  0.86%  50.7 3431s
 2177520 1054965 -6362.0222   51  235 -6338.5652 -6393.2031  0.86%  50.7 3436s
 2180420 1056451 -6346.1667   65   54 -6338.5652 -6393.1802  0.86%  50.7 3442s
 2182093 1057172 -6369.8014   64   98 -6338.5652 -6393.1623  0.86%  50.7 3445s
 2185448 1058898 infeasible  184      -6338.5652 -6393.1327  0.86%  50.7 3450s
 2188747 1060339 -6386.8614   73   96 -6338.5652 -6393.1075  0.86%  50.7 3456s
 2192026 1061719 -6361.8631   70  106 -6338.5652 -6393.0808  0.86%  50.7 3462s
 2193540 1062513 -6368.4947   64  235 -6338.5652 -6393.0708  0.86%  50.7 3465s
 2196696 1063336 -6369.9537   70  123 -6338.5652 -6393.0516  0.86%  50.7 3471s
 2198938 1064795 -6383.4959   64  147 -6338.5652 -6393.0314  0.86%  50.7 3477s
 2200637 1065474 -6368.4226   58  186 -6338.5652 -6393.0174  0.86%  50.7 3481s
 2203595 1066624 -6359.3020   41  213 -6338.5652 -6392.9993  0.86%  50.6 3486s
 2206729 1067728 -6364.8931   58    7 -6338.5652 -6392.9740  0.86%  50.6 3492s
 2208256 1068479 -6342.2002  104    - -6338.5652 -6392.9689  0.86%  50.6 3495s
 2211788 1070091 -6339.5450  106    - -6338.5652 -6392.9399  0.86%  50.6 3501s
 2214908 1071502     cutoff  171      -6338.5652 -6392.9172  0.86%  50.6 3507s
 2216647 1072254 -6350.0197   75   63 -6338.5652 -6392.9051  0.86%  50.6 3510s
 2219739 1073615 infeasible   92      -6338.5652 -6392.8800  0.86%  50.6 3515s
 2222600 1074862     cutoff   78      -6338.5652 -6392.8534  0.86%  50.6 3521s
 2226024 1076438 -6344.5436   79   46 -6338.5652 -6392.8308  0.86%  50.6 3527s
 2227758 1077338 -6346.3291   55  121 -6338.5652 -6392.8167  0.86%  50.6 3530s
 2231193 1078702 -6372.6821   64   96 -6338.5652 -6392.7957  0.86%  50.6 3535s
 2234285 1080106 -6364.0486   55  194 -6338.5652 -6392.7739  0.86%  50.6 3541s
 2237703 1081669 -6388.2406   55  136 -6338.5652 -6392.7501  0.85%  50.5 3546s
 2240863 1083138 -6372.9347   66  175 -6338.5652 -6392.7294  0.85%  50.5 3552s
 2242565 1083914 -6362.9806   58  154 -6338.5652 -6392.7197  0.85%  50.5 3555s
 2246055 1085421 -6363.0344   65  296 -6338.5652 -6392.6934  0.85%  50.5 3561s
 2249468 1086918     cutoff  146      -6338.5652 -6392.6721  0.85%  50.5 3567s
 2251193 1087546 -6349.3989   68   46 -6338.5652 -6392.6622  0.85%  50.5 3570s
 2254239 1089030 -6345.7022   75   49 -6338.5652 -6392.6386  0.85%  50.5 3575s
 2257506 1090356 -6345.0963   56   96 -6338.5652 -6392.6150  0.85%  50.5 3581s
 2260463 1090957 -6348.9976   47  236 -6338.5652 -6392.5949  0.85%  50.5 3589s
 2260528 1091624 -6348.3263   48  262 -6338.5652 -6392.5946  0.85%  50.5 3591s
 2263689 1093004 -6338.7499  138    9 -6338.5652 -6392.5711  0.85%  50.5 3597s
 2265284 1093731 infeasible  142      -6338.5652 -6392.5590  0.85%  50.5 3600s

Cutting planes:
  Gomory: 13
  Cover: 691
  Implied bound: 10
  MIR: 13
  Flow cover: 76
  Inf proof: 269
  Zero half: 9
  RLT: 90
  Lazy constraints: 5381

Explored 2266842 nodes (114411142 simplex iterations) in 3600.04 seconds
Thread count was 12 (of 12 available processors)

Solution count 10: -6338.57 -6338.57 -6337.36 ... -6332.94

Time limit reached
Best objective -6.338565246374e+03, best bound -6.392554428558e+03, gap 0.8518%

User-callback calls 4732299, time in user-callback 25.05 sec
-1
['A-n38-k6', 6338.565246374158, 313.74222536218946, 3600.041766166687, 0.008517571419633151, 1, [[5.1040530977498975, [76.57923248575182, 83.83191886719389]], [7.954888240167037, [83.83191886719389]], [5.570380220637034, [80.06240405390783]], [1.7442675069481055, [115.13670976841044, 45.11901447753196]], [6.878163694071901, [80.06240405390783]], [1.9997839389358916, [83.40098734295661, 49.815461119258764, 99.09670385848247]], [1.3985000783458617, [83.40098734295661]], [5.039314572239988, [80.06240405390783, 76.57923248575182]], [6.373750180073962, [49.815461119258764, 136.18941785461058, 80.06240405390783]], [6.344921172978665, [141.67107893207444, 45.11901447753196, 141.67107893207444]], [0, [136.18941785461058, 80.06240405390783]], [0, [99.09670385848247]], [0, [99.09670385848247]], [0, [83.40098734295661]], [6.29834389362545, [45.11901447753196, 83.40098734295661, 76.57923248575182]], [1.5228709080084855, [136.18941785461058, 136.18941785461058]], [2.914946582742445, [115.13670976841044]], [1.6303449608451643, [115.13670976841044, 115.13670976841044]], [0, [115.13670976841044, 76.57923248575182]], [3.3363689880770977, [80.06240405390783, 45.11901447753196, 45.11901447753196]], [6.534287534243376, [83.83191886719389, 99.09670385848247, 76.57923248575182]], [3.3810561785024618, [136.18941785461058, 83.40098734295661, 80.06240405390783]], [5.16050660325682, [141.67107893207444, 80.06240405390783, 83.83191886719389]], [1.4907948000280555, [141.67107893207444, 49.815461119258764]], [4.729132199252263, [136.18941785461058, 49.815461119258764, 141.67107893207444]], [5.1469756192000915, [115.13670976841044, 76.57923248575182]], [5.612211113298741, [136.18941785461058]], [5.563969040104425, [80.06240405390783, 76.57923248575182, 80.06240405390783]], [2.42927108916912, [83.83191886719389, 136.18941785461058]], [6.14665421383944, [115.13670976841044, 83.40098734295661, 136.18941785461058]], [0, [99.09670385848247]], [6.523395692273844, [83.40098734295661, 76.57923248575182, 49.815461119258764]], [6.4429308567363535, [49.815461119258764]], [3.136739677190377, [141.67107893207444, 76.57923248575182, 83.83191886719389]], [4.93504724982607, [80.06240405390783]], [2.322886667298363, [83.40098734295661, 45.11901447753196, 99.09670385848247]]]]
