Using license file /util/academic/gurobi/licenses/gurobi.lic
Set parameter TokenServer to value srv-m14-36.cbls.ccr.buffalo.edu
Set parameter TSPort to value 46325
Changed value of parameter lazyConstraints to 1
   Prev: 0  Min: 0  Max: 1  Default: 0
Changed value of parameter TimeLimit to 3600.0
   Prev: inf  Min: 0.0  Max: inf  Default: inf
Gurobi Optimizer version 9.1.1 build v9.1.1rc0 (linux64)
Thread count: 12 physical cores, 12 logical processors, using up to 12 threads
Optimize a model with 5301 rows, 7194 columns and 26891 nonzeros
Model fingerprint: 0x573a0aa2
Variable types: 1349 continuous, 5845 integer (5845 binary)
Coefficient statistics:
  Matrix range     [1e+00, 4e+02]
  Objective range  [1e+00, 1e+00]
  Bounds range     [1e+00, 1e+02]
  RHS range        [1e-01, 4e+02]
Presolve removed 684 rows and 266 columns
Presolve time: 0.07s
Presolved: 4617 rows, 6928 columns, 25122 nonzeros
Variable types: 848 continuous, 6080 integer (6080 binary)

Root relaxation: objective -6.586962e+03, 3849 iterations, 0.19 seconds

    Nodes    |    Current Node    |     Objective Bounds      |     Work
 Expl Unexpl |  Obj  Depth IntInf | Incumbent    BestBd   Gap | It/Node Time

     0     0 -6586.9619    0  591          - -6586.9619      -     -    0s
     0     0 -6546.0621    0  530          - -6546.0621      -     -    0s
     0     0 -6530.1138    0  662          - -6530.1138      -     -    1s
     0     0 -6528.7304    0  674          - -6528.7304      -     -    1s
     0     0 -6528.6238    0  711          - -6528.6238      -     -    1s
     0     0 -6528.6237    0  703          - -6528.6237      -     -    1s
     0     0 -6528.0146    0  629          - -6528.0146      -     -    2s
     0     0 -6527.8762    0  612          - -6527.8762      -     -    2s
     0     0 -6527.8762    0  612          - -6527.8762      -     -    2s
     0     0 -6527.8594    0  625          - -6527.8594      -     -    2s
     0     0 -6527.8594    0  625          - -6527.8594      -     -    2s
     0     2 -6527.8582    0  621          - -6527.8582      -     -    2s
   109   125 -6514.7992    8  482          - -6524.0377      -   310    5s
H  506   527                    -4519.798560 -6524.0377  44.3%   277    8s
H  545   570                    -4524.594433 -6524.0377  44.2%   278    9s
H  555   570                    -4566.039837 -6524.0377  42.9%   276    9s
H  630   668                    -4849.730876 -6524.0377  34.5%   262    9s
   667   763 -6441.5057   41  335 -4849.7309 -6524.0377  34.5%   253   10s
H  898   914                    -4862.732877 -6524.0377  34.2%   216   11s
H 1015  1027                    -4868.200718 -6524.0377  34.0%   207   13s
H 1036  1027                    -4879.693618 -6524.0377  33.7%   203   13s
  1134  1204 -6292.4495   63  207 -4879.6936 -6524.0377  33.7%   200   15s
H 1170  1204                    -5102.699784 -6524.0377  27.9%   197   15s
H 1355  1405                    -5194.843520 -6524.0377  25.6%   187   16s
H 1389  1404                    -5236.783909 -6524.0377  24.6%   185   16s
H 1684  1783                    -5261.376264 -6524.0377  24.0%   168   17s
H 1837  1785                    -5265.085472 -6524.0377  23.9%   157   17s
H 2164  2176                    -5284.424556 -6524.0377  23.5%   143   19s
H 2199  2176                    -5301.139884 -6524.0377  23.1%   141   19s
  2259  2492 -6181.0491  113  110 -5301.1399 -6524.0377  23.1%   138   20s
H 2773  2589                    -5379.566922 -6524.0377  21.3%   124   21s
H 2904  2863                    -5383.481638 -6524.0377  21.2%   120   22s
* 3053  2752             248    -5591.903405 -6524.0377  16.7%   115   22s
H 3220  2964                    -5624.395850 -6524.0377  16.0%   112   23s
H 3424  3337                    -5643.887019 -6524.0377  15.6%   110   23s
H 3755  3335                    -5650.667019 -6524.0377  15.5%   103   23s
  3758  3337 -6422.4284   44  234 -5650.6670 -6524.0377  15.5%   103   25s
  3785  3355 -6437.2284    7  554 -5650.6670 -6437.2284  13.9%   102   30s
H 3807  3200                    -5660.872882 -6435.2394  13.7%   102   34s
  3811  3203 -6208.4041   71  694 -5660.8729 -6435.1975  13.7%   102   35s
  3834  3220 -6287.5441   53  714 -5660.8729 -6435.0946  13.7%   109   40s
  3837  3225 -6434.7526   30  719 -5660.8729 -6434.7526  13.7%   112   50s
  3839  3228 -6428.8079   31  569 -5660.8729 -6434.7526  13.7%   112   55s
  3915  3287 -6423.8609   36  531 -5660.8729 -6433.6461  13.7%   116   61s
H 3990  3173                    -5676.635336 -6433.6461  13.3%   120   64s
H 3991  3019                    -5714.157453 -6433.6461  12.6%   120   64s
  4000  3044 -6421.4089   39  462 -5714.1575 -6433.6461  12.6%   120   65s
H 4035  2899                    -5718.335539 -6433.6461  12.5%   121   66s
H 4047  2772                    -5725.929317 -6433.6461  12.4%   121   67s
  4321  3013 -6416.4460   48  525 -5725.9293 -6433.6461  12.4%   124   70s
H 4869  3171                    -5733.187842 -6433.6461  12.2%   123   73s
  5074  3309 -6393.6012   58  489 -5733.1878 -6433.6461  12.2%   123   76s
H 5091  3240                    -5741.174627 -6433.6461  12.1%   123   78s
H 5137  3102                    -5767.794740 -6433.6461  11.5%   122   78s
  5812  3730 -6386.7906   64  313 -5767.7947 -6433.6461  11.5%   116   80s
  7541  4921 -6359.9826   86  294 -5767.7947 -6433.6461  11.5%   103   85s
H 7819  4701                    -5773.381188 -6433.6461  11.4%   100   85s
H 9855  5937                    -5788.315674 -6433.6461  11.1%  88.2   87s
 10706  6617 -6334.5075  117  232 -5788.3157 -6433.6461  11.1%  84.0   90s
H10725  6418                    -5828.822376 -6433.6461  10.4%  84.0   90s
 11877  7729 -6283.9941  130   66 -5828.8224 -6433.6461  10.4%  79.3   95s
 14118  9890 -6025.5824  229   36 -5828.8224 -6433.6461  10.4%  73.9  100s
 14659 10380 -5929.6371  284   37 -5828.8224 -6433.5051  10.4%  72.9  106s
 16357 11793 -6286.7665   77  271 -5828.8224 -6433.5020  10.4%  71.0  110s
 19566 15278     cutoff  404      -5828.8224 -6433.1348  10.4%  66.3  116s
H20747 16482                    -5834.024814 -6433.1348  10.3%  65.9  118s
H21421 14307                    -5949.972565 -6433.1348  8.12%  65.4  118s
 22009 14010 -6398.4468   54  331 -5949.9726 -6433.1348  8.12%  64.6  122s
 22053 14634 -6387.7828   54  340 -5949.9726 -6433.1348  8.12%  64.9  125s
 25696 17605 -6337.3363  110  173 -5949.9726 -6433.1348  8.12%  63.7  132s
 27416 20574 -6180.2900  162   28 -5949.9726 -6428.7616  8.05%  63.1  137s
H27715 20439                    -5957.080888 -6425.3803  7.86%  62.9  137s
 29454 22471 infeasible  281      -5957.0809 -6424.0144  7.84%  62.1  140s
 33435 25071 -6069.3743  227   24 -5957.0809 -6423.1694  7.82%  60.4  145s
 35605 27027 -6402.9288   45  336 -5957.0809 -6422.7544  7.82%  62.2  150s
 38517 28459 -6260.0412   93  196 -5957.0809 -6422.0380  7.81%  63.4  156s
 39773 31416 -6275.7180   67  287 -5957.0809 -6422.0363  7.81%  65.3  162s
 42229 32280 -6378.8528   47  585 -5957.0809 -6422.0363  7.81%  64.9  166s
 43282 32363 -6283.6545   59  263 -5957.0809 -6422.0363  7.81%  65.9  170s
H43283 30188                    -5995.898560 -6422.0363  7.11%  65.9  170s
H43299 29584                    -6005.488655 -6422.0363  6.94%  65.9  170s
 44943 32703 -6388.7561   51  429 -6005.4887 -6421.5959  6.93%  66.2  176s
 48103 34358 -6269.7112   82  166 -6005.4887 -6420.8409  6.92%  66.3  181s
 49894 36415 -6170.5539  144  140 -6005.4887 -6420.8146  6.92%  67.4  187s
 53028 38687 -6408.4173   45  521 -6005.4887 -6420.3995  6.91%  67.3  192s
H55313 39824                    -6020.181051 -6420.3995  6.65%  68.2  197s
 56698 40990 -6223.1185  134   74 -6020.1811 -6420.2705  6.65%  68.4  200s
 60043 43936 -6254.6145  112  229 -6020.1811 -6419.6138  6.63%  68.0  205s
H60357 42551                    -6036.639316 -6419.6134  6.34%  67.9  205s
H60362 42055                    -6041.409287 -6419.6115  6.26%  67.9  205s
H61609 43045                    -6042.472235 -6419.5394  6.24%  67.8  208s
 62887 43637 -6125.2966  133  179 -6042.4722 -6419.3135  6.24%  67.9  211s
H62919 43338                    -6045.733362 -6419.3135  6.18%  67.9  211s
 65278 45926 -6411.1328   48  544 -6045.7334 -6419.2340  6.18%  67.4  216s
H67195 45999                    -6055.154202 -6418.9847  6.01%  67.6  219s
 67650 47668 -6137.4348  167  208 -6055.1542 -6418.8884  6.01%  67.8  222s
 69683 49035 -6276.5364  104  245 -6055.1542 -6418.8374  6.01%  67.5  226s
 72343 50913 -6393.7417   44  333 -6055.1542 -6418.4118  6.00%  67.5  231s
 74221 52886 -6224.2613  142   22 -6055.1542 -6418.4061  6.00%  68.5  237s
 75700 53616 -6135.2571  217   16 -6055.1542 -6418.3784  6.00%  68.9  240s
H77034 53001                    -6068.821497 -6418.3336  5.76%  69.2  243s
 77836 53007     cutoff  218      -6068.8215 -6418.2223  5.76%  69.7  253s
 77853 54162 -6394.6839   41  443 -6068.8215 -6418.2223  5.76%  69.7  257s
 79162 55271 -6334.0361   70  299 -6068.8215 -6418.2019  5.76%  69.6  260s
 81910 57575 -6395.0521   53  455 -6068.8215 -6417.9015  5.75%  69.5  265s
H83424 58935                    -6069.951046 -6417.7956  5.73%  69.9  268s
 84711 61130 -6237.6282  167   15 -6069.9510 -6417.7866  5.73%  69.9  272s
 87313 62143 -6127.0108  204   25 -6069.9510 -6417.6731  5.73%  69.2  275s
H87966 61994                    -6070.921191 -6417.6380  5.71%  69.2  275s
 89856 64314 -6406.3765   43  452 -6070.9212 -6417.3659  5.71%  69.1  280s
 92216 66152 -6404.5404   47  424 -6070.9212 -6417.2044  5.70%  69.2  285s
 94057 67569 -6349.5294   61  279 -6070.9212 -6416.8957  5.70%  69.6  291s
 96340 69611 -6399.4331   44  358 -6070.9212 -6416.6525  5.69%  69.9  296s
 98688 72592 -6237.9636  127   94 -6070.9212 -6416.5697  5.69%  70.5  302s
 100785 73320 -6103.2396   85  130 -6070.9212 -6416.4879  5.69%  70.2  305s
 102729 75574 -6275.7393   70  276 -6070.9212 -6416.4068  5.69%  71.2  311s
 105910 77696 -6373.5272   51  288 -6070.9212 -6416.1788  5.69%  71.3  317s
 108003 79246 -6403.0514   49  321 -6070.9212 -6415.9634  5.68%  72.0  322s
 108857 80151 -6405.7419   44  407 -6070.9212 -6415.8959  5.68%  72.4  325s
 111731 83515 -6262.8807   90  274 -6070.9212 -6415.8959  5.68%  72.8  331s
 113605 84622 -6211.8813  121  125 -6070.9212 -6415.7489  5.68%  72.7  335s
 116122 87282 -6337.4354   72  226 -6070.9212 -6415.6313  5.68%  72.8  341s
 119434 89975 -6347.8301   49  367 -6070.9212 -6415.5503  5.68%  72.7  348s
 121038 91207 -6339.5077   65  329 -6070.9212 -6415.4520  5.68%  72.6  350s
 123395 92973 -6241.8385   73  296 -6070.9212 -6415.3103  5.67%  72.8  355s
 125881 95322 -6362.2091   60  272 -6070.9212 -6415.1057  5.67%  73.0  360s
 128872 97508 -6314.7345   77  265 -6070.9212 -6414.9577  5.67%  72.9  366s
 131255 100026 -6235.3226  102  171 -6070.9212 -6414.7522  5.66%  73.0  371s
 134318 102409 -6320.7855   98  330 -6070.9212 -6414.6381  5.66%  72.8  376s
 136732 103974 -6395.8502   51  564 -6070.9212 -6414.3921  5.66%  73.0  381s
 138620 106041 -6310.2991   73  341 -6070.9212 -6414.3389  5.66%  73.5  387s
 141215 108266 -6401.7850   45  462 -6070.9212 -6414.1489  5.65%  73.6  392s
 142545 109321 -6297.4428   77  402 -6070.9212 -6414.1326  5.65%  73.6  395s
 145077 110855 -6376.1257   47  335 -6070.9212 -6414.0157  5.65%  73.7  400s
 146408 112283 -6328.7919   59  249 -6070.9212 -6413.9743  5.65%  74.4  405s
 148238 113998 -6313.8910   85  376 -6070.9212 -6413.8618  5.65%  75.0  411s
 150659 115902 infeasible  139      -6070.9212 -6413.7331  5.65%  75.2  417s
 153053 117653 -6245.9161   91  286 -6070.9212 -6413.5691  5.64%  75.4  422s
 153934 118770 -6370.9056   47  318 -6070.9212 -6413.5691  5.64%  75.7  425s
 157008 121571 -6139.6680  129  285 -6070.9212 -6413.3265  5.64%  75.6  430s
 159495 123404 -6392.7245   52  462 -6070.9212 -6413.2292  5.64%  75.7  437s
 160703 124976 -6219.1713   94   56 -6070.9212 -6413.2292  5.64%  76.0  440s
 164030 127107 infeasible  237      -6070.9212 -6413.1033  5.64%  75.9  446s
 165690 128154 -6275.6095  110  170 -6070.9212 -6412.9972  5.63%  76.1  450s
 167275 130010 -6130.6949   81  180 -6070.9212 -6412.9185  5.63%  76.3  455s
 170278 132295 -6402.1215   47  488 -6070.9212 -6412.8125  5.63%  76.2  461s
 172391 134339 -6214.0863   95  171 -6070.9212 -6412.7011  5.63%  76.5  467s
 173827 135329 -6297.9850   79  258 -6070.9212 -6412.6470  5.63%  76.6  470s
 176420 137206 -6316.5658   69  352 -6070.9212 -6412.4843  5.63%  76.6  475s
H177975 136665                    -6075.918644 -6412.3940  5.54%  76.9  478s
 178257 138152 -6209.0579   95  101 -6075.9186 -6412.3893  5.54%  77.0  482s
 180155 139205 -6145.6287  119   61 -6075.9186 -6412.3777  5.54%  76.9  485s
 182901 141610 -6386.5978   48  381 -6075.9186 -6412.2352  5.54%  77.0  491s
 184782 143329     cutoff   73      -6075.9186 -6412.1335  5.53%  77.4  497s
 186065 144626 -6407.0273   48  441 -6075.9186 -6412.1182  5.53%  77.4  500s
 189025 146800 -6312.1161   69  259 -6075.9186 -6411.9686  5.53%  77.4  506s
H191052 146581                    -6078.741330 -6411.8485  5.48%  77.6  509s
 191124 147168 -6273.9448   86  181 -6078.7413 -6411.8445  5.48%  77.6  512s
 191788 147877 -6387.7818   57  351 -6078.7413 -6411.8277  5.48%  77.7  515s
 194355 151005 -6196.4563  110  103 -6078.7413 -6411.7467  5.48%  77.9  522s
 196268 151917 -6086.0389  196   39 -6078.7413 -6411.7235  5.48%  77.8  525s
 198497 153763 -6202.5754   84  274 -6078.7413 -6411.5921  5.48%  78.0  530s
 201287 157077 -6409.6130   47  359 -6078.7413 -6411.5316  5.47%  78.1  537s
 203410 158053 -6362.7725   63  344 -6078.7413 -6411.5316  5.47%  77.8  541s
H204178 157952                    -6079.027826 -6411.5316  5.47%  77.8  541s
 205751 160375 -6086.2989  188   53 -6079.0278 -6411.4086  5.47%  78.0  548s
 207338 161413 -6362.6822   43  465 -6079.0278 -6411.3992  5.47%  78.1  551s
 208641 161836 -6401.0435   51  436 -6079.0278 -6411.3345  5.47%  78.0  555s
 210071 163616 -6240.2291   72  234 -6079.0278 -6411.2666  5.47%  78.2  561s
 211185 165182 -6373.9912   50  376 -6079.0278 -6411.2666  5.47%  78.4  565s
 214698 167949 -6136.1487   96  170 -6079.0278 -6411.2186  5.46%  78.1  571s
 216030 169772 -6303.5036   60  259 -6079.0278 -6411.1505  5.46%  78.2  575s
 219263 171578 -6083.8841  143   88 -6079.0278 -6411.0831  5.46%  78.0  581s
 221484 173595 -6342.2238   56  523 -6079.0278 -6411.0015  5.46%  78.2  587s
 222748 174476 -6408.4242   43  432 -6079.0278 -6410.9793  5.46%  78.2  590s
 224956 177433 -6326.7449   89  222 -6079.0278 -6410.9088  5.46%  78.4  596s
 227157 178393     cutoff  271      -6079.0278 -6410.8405  5.46%  78.2  600s
 229280 180262 -6397.2515   46  355 -6079.0278 -6410.7442  5.46%  78.5  607s
 230352 181601 -6324.3312   74  126 -6079.0278 -6410.7442  5.46%  78.6  611s
 231945 182771 -6161.9374  148   65 -6079.0278 -6410.7402  5.46%  78.6  615s
*232896 182558             173    -6079.551824 -6410.7308  5.45%  78.6  615s
H233155 182286                    -6080.199550 -6410.7308  5.44%  78.6  615s
 234872 183940 -6372.7339   47  428 -6080.1995 -6410.5802  5.43%  78.6  621s
 236294 185266 -6266.0788   57  343 -6080.1995 -6410.5592  5.43%  79.0  627s
 237255 186168 -6342.6637   44  465 -6080.1995 -6410.5157  5.43%  79.2  630s
 239583 188323 -6290.7694   86  279 -6080.1995 -6410.4157  5.43%  79.3  636s
 242134 190372 -6327.6548   76  304 -6080.1995 -6410.3723  5.43%  79.3  643s
 243311 191441 -6360.6448   65  232 -6080.1995 -6410.3175  5.43%  79.3  645s
 245575 192953 infeasible  122      -6080.1995 -6410.2633  5.43%  79.4  651s
 246549 193776 -6331.2619   65  214 -6080.1995 -6410.2273  5.43%  79.5  655s
 249455 196409 -6268.9089  106  321 -6080.1995 -6410.2132  5.43%  79.4  662s
 250491 197704 -6340.8471   59  188 -6080.1995 -6410.1703  5.43%  79.5  666s
 251846 199101 -6392.7011   56  326 -6080.1995 -6410.1703  5.43%  79.5  670s
 255573 202050 -6342.8351   66  298 -6080.1995 -6410.0842  5.43%  79.2  677s
 256932 203029 -6146.8635   88  297 -6080.1995 -6410.0239  5.42%  79.2  680s
 259177 204440 -6400.9204   49  383 -6080.1995 -6409.9664  5.42%  79.2  686s
 260681 205847 -6302.3186   54  374 -6080.1995 -6409.9178  5.42%  79.5  692s
 261528 206874 -6268.2488   77  115 -6080.1995 -6409.9077  5.42%  79.7  696s
 264100 208689 -6181.6314  103  349 -6080.1995 -6409.8088  5.42%  79.7  702s
 265089 209307 -6151.0754  101  255 -6080.1995 -6409.7562  5.42%  79.8  705s
 266983 211748 -6320.0548   61  363 -6080.1995 -6409.7562  5.42%  80.1  713s
 268628 212397 -6224.9757   94  173 -6080.1995 -6409.7327  5.42%  80.0  716s
 270372 214278 -6276.9029   82  308 -6080.1995 -6409.6337  5.42%  80.3  723s
 271893 215335 -6247.3089  103  305 -6080.1995 -6409.5957  5.42%  80.3  726s
 273152 216933 -6343.6361   64  386 -6080.1995 -6409.5753  5.42%  80.3  730s
 276946 219401 -6361.2547   45  405 -6080.1995 -6409.5484  5.42%  80.1  737s
 277686 220193 -6144.1586  102  262 -6080.1995 -6409.5177  5.42%  80.2  740s
 279995 222477 -6393.7577   46  386 -6080.1995 -6409.4480  5.42%  80.3  746s
 282418 223797 -6399.7396   46  495 -6080.1995 -6409.4133  5.41%  80.4  753s
 283027 224760 -6293.2654   56  221 -6080.1995 -6409.3756  5.41%  80.5  756s
 285324 226990 -6362.6473   62  388 -6080.1995 -6409.3186  5.41%  80.7  763s
 286739 228852 -6279.8419   80  271 -6080.1995 -6409.2923  5.41%  80.7  767s
 288929 229740     cutoff  251      -6080.1995 -6409.2569  5.41%  80.5  770s
 291187 231799 -6374.9159   57  431 -6080.1995 -6409.1650  5.41%  80.6  777s
 292403 232443 -6372.0360   65  319 -6080.1995 -6409.1535  5.41%  80.6  780s
 294265 234532 -6274.1541  101  279 -6080.1995 -6409.0858  5.41%  80.8  786s
 296842 236909 -6356.2363   65  262 -6080.1995 -6409.0044  5.41%  80.8  793s
 298578 238557 -6103.0414  152   16 -6080.1995 -6408.9932  5.41%  80.8  797s
 300538 239477     cutoff  161      -6080.1995 -6408.9657  5.41%  80.6  800s
 302404 241171     cutoff  103      -6080.1995 -6408.9111  5.41%  80.8  807s
 303675 242319 -6366.3739   49  456 -6080.1995 -6408.8760  5.41%  80.8  810s
 306142 244500 -6391.2595   50  429 -6080.1995 -6408.8150  5.40%  80.9  817s
 307575 245421 -6387.8600   50  427 -6080.1995 -6408.7960  5.40%  80.9  820s
 310122 248367 -6210.5410   83  220 -6080.1995 -6408.7686  5.40%  81.0  828s
 312048 249680 -6311.5638   58  247 -6080.1995 -6408.7670  5.40%  80.9  832s
 313599 250555 -6359.0626   66  418 -6080.1995 -6408.7057  5.40%  80.8  835s
 315469 252045 -6390.9722   48  329 -6080.1995 -6408.6553  5.40%  81.0  842s
 316485 253531 -6366.3694   52  375 -6080.1995 -6408.5932  5.40%  81.1  845s
 319646 255704 -6136.3959  126  177 -6080.1995 -6408.5605  5.40%  81.1  853s
H320297 252483                    -6086.388355 -6408.5490  5.29%  81.1  853s
 320747 253849     cutoff  206      -6086.3884 -6408.5348  5.29%  81.1  856s
 323590 255620 -6090.4109  104  196 -6086.3884 -6408.4693  5.29%  81.1  863s
 324615 256420 -6150.1450   93   59 -6086.3884 -6408.4524  5.29%  81.2  866s
 325473 257412 -6190.3272   75  430 -6086.3884 -6408.4504  5.29%  81.3  870s
 327992 259486 -6300.3790   89  289 -6086.3884 -6408.3951  5.29%  81.4  877s
 329319 260438 -6357.7297   73  270 -6086.3884 -6408.3593  5.29%  81.4  881s
 331688 262328 -6400.0556   43  398 -6086.3884 -6408.2982  5.29%  81.4  887s
 332758 263552 -6370.4355   58  392 -6086.3884 -6408.2817  5.29%  81.5  891s
 334085 264515 -6325.5880   67  385 -6086.3884 -6408.2817  5.29%  81.5  896s
 335152 265476 -6249.9010   95  217 -6086.3884 -6408.2689  5.29%  81.4  900s
 337324 267242 -6388.8323   52  381 -6086.3884 -6408.2132  5.29%  81.7  907s
 338416 268214 -6217.7541   87  147 -6086.3884 -6408.1428  5.29%  81.7  910s
 340730 270497 -6307.1031   49  371 -6086.3884 -6408.0777  5.29%  81.8  917s
 342248 271513 -6386.5206   61  384 -6086.3884 -6408.0524  5.28%  81.7  921s
 343474 272743 -6391.5952   47  397 -6086.3884 -6408.0299  5.28%  81.8  925s
 346517 275373     cutoff  225      -6086.3884 -6408.0225  5.28%  81.8  933s
 347856 276177 -6260.2519  117  242 -6086.3884 -6407.9906  5.28%  81.8  936s
 349893 277989 -6284.3247   70  288 -6086.3884 -6407.9168  5.28%  81.9  943s
 350978 279239 -6355.8110   69  380 -6086.3884 -6407.9013  5.28%  82.0  946s
 352424 280478 -6308.5732   91  322 -6086.3884 -6407.8884  5.28%  81.9  950s
 355055 282130 -6163.3637  110  271 -6086.3884 -6407.8447  5.28%  81.9  957s
 355961 283111 -6376.2594   52  448 -6086.3884 -6407.8199  5.28%  82.0  960s
 357267 284179     cutoff   91      -6086.3884 -6407.7875  5.28%  82.1  968s
 358408 285249 -6202.6352   90  360 -6086.3884 -6407.7591  5.28%  82.1  971s
 360811 286714 -6219.7514   95  272 -6086.3884 -6407.7249  5.28%  82.2  978s
 361424 288014 -6215.6536   96  260 -6086.3884 -6407.7003  5.28%  82.1  982s
 362980 288780 -6090.6735  114  173 -6086.3884 -6407.6641  5.28%  82.1  986s
 364973 290893 -6195.4351   90  109 -6086.3884 -6407.6569  5.28%  82.3  994s
 366483 291947     cutoff  145      -6086.3884 -6407.6107  5.28%  82.4  997s
 367742 292918 -6158.7525   99  291 -6086.3884 -6407.5531  5.28%  82.4 1000s
 370133 295078 -6378.2339   57  339 -6086.3884 -6407.5136  5.28%  82.5 1008s
 371612 296422 -6285.0801   81  238 -6086.3884 -6407.4750  5.28%  82.5 1011s
 373128 297294 -6401.7902   46  478 -6086.3884 -6407.4657  5.28%  82.5 1015s
 375787 299379 -6362.9948   70  308 -6086.3884 -6407.3831  5.27%  82.5 1022s
 376872 300778 -6394.9282   45  452 -6086.3884 -6407.3823  5.27%  82.5 1026s
 378477 301916 -6322.2004   62  267 -6086.3884 -6407.3823  5.27%  82.5 1030s
 381184 303731 infeasible  233      -6086.3884 -6407.2993  5.27%  82.5 1038s
 382010 304562 -6259.8408   80  167 -6086.3884 -6407.2845  5.27%  82.7 1041s
 382998 305627 -6097.9171  150  145 -6086.3884 -6407.2741  5.27%  82.8 1045s
 385782 307879 -6168.5732  126  123 -6086.3884 -6407.1990  5.27%  82.8 1052s
 386970 309059 -6100.1029  135  152 -6086.3884 -6407.1894  5.27%  82.8 1056s
 388448 310163 -6388.9084   48  393 -6086.3884 -6407.1509  5.27%  82.8 1060s
 390911 312765 -6386.2843   48  510 -6086.3884 -6407.1258  5.27%  82.9 1067s
 392683 313993 -6278.3000   57  340 -6086.3884 -6407.1258  5.27%  82.9 1072s
 394032 314884 -6197.0045   68  343 -6086.3884 -6407.1157  5.27%  82.9 1075s
H395395 315863                    -6086.388356 -6407.0885  5.27%  83.0 1079s
 396280 316518 -6389.7689   49  261 -6086.3884 -6407.0885  5.27%  83.0 1083s
 397000 317452 -6103.0324   71  140 -6086.3884 -6407.0775  5.27%  83.1 1087s
 398137 318661 -6351.5836   54  456 -6086.3884 -6407.0625  5.27%  83.2 1091s
 399614 319787 -6351.8751   57  414 -6086.3884 -6407.0319  5.27%  83.2 1095s
 402103 321728 -6353.4176   51  361 -6086.3884 -6406.9619  5.27%  83.3 1103s
 403227 323108 -6254.6517   77  271 -6086.3884 -6406.9619  5.27%  83.4 1107s
 404854 324210 -6117.0486  173   49 -6086.3884 -6406.9266  5.27%  83.3 1111s
 406158 325444 -6093.6800  110  153 -6086.3884 -6406.8872  5.27%  83.4 1115s
 408923 327410 -6213.1747   56  233 -6086.3884 -6406.8396  5.27%  83.4 1123s
 410107 328245 -6166.6134  106  299 -6086.3884 -6406.7937  5.26%  83.5 1127s
 411127 329355 -6099.3037  107  204 -6086.3884 -6406.7758  5.26%  83.6 1131s
 412420 330486 -6173.6745  115  294 -6086.3884 -6406.7669  5.26%  83.6 1135s
 415119 332698 -6281.8072   80  339 -6086.3884 -6406.7068  5.26%  83.6 1147s
 416485 333677     cutoff  105      -6086.3884 -6406.6929  5.26%  83.6 1150s
 417704 334834 -6202.5114  105  259 -6086.3884 -6406.6606  5.26%  83.7 1155s
 420550 337244 -6396.4318   55  439 -6086.3884 -6406.6211  5.26%  83.7 1163s
 422054 338350 -6387.1681   47  450 -6086.3884 -6406.6060  5.26%  83.7 1167s
 423335 339278 -6170.1053  126  226 -6086.3884 -6406.6059  5.26%  83.7 1170s
 425468 341634 -6127.2399  172   80 -6086.3884 -6406.5443  5.26%  83.8 1179s
 427172 343017 -6390.6392   52  411 -6086.3884 -6406.5443  5.26%  83.8 1183s
 428822 344189 -6262.4842   79  306 -6086.3884 -6406.5443  5.26%  83.8 1188s
 430143 345711 -6165.1578  133  181 -6086.3884 -6406.4830  5.26%  83.7 1192s
 431942 346816 -6397.0669   39  347 -6086.3884 -6406.4582  5.26%  83.7 1196s
 433262 347842 -6375.8537   58  374 -6086.3884 -6406.4420  5.26%  83.7 1200s
H434321 336719                    -6098.724854 -6406.4247  5.05%  83.8 1200s
H434950 331495                    -6104.602534 -6406.4086  4.94%  83.8 1204s
 435452 332115 -6378.1516   52  382 -6104.6025 -6406.3881  4.94%  83.9 1208s
 436185 333047 -6171.8288   82  156 -6104.6025 -6406.3857  4.94%  83.9 1212s
 437319 334323 -6233.2782   92  354 -6104.6025 -6406.3509  4.94%  84.0 1215s
 440297 336676 -6402.4159   48  542 -6104.6025 -6406.3152  4.94%  84.0 1223s
 441731 337568 -6334.6033   73  334 -6104.6025 -6406.2904  4.94%  84.0 1227s
 442743 338464 -6313.8115   72  302 -6104.6025 -6406.2839  4.94%  84.1 1231s
 443917 339373 -6283.6237   92  266 -6104.6025 -6406.2559  4.94%  84.2 1235s
 446363 341587 -6273.0813   92  274 -6104.6025 -6406.2234  4.94%  84.2 1243s
 447623 342996 -6336.0273   52  464 -6104.6025 -6406.2063  4.94%  84.3 1248s
 449190 344395 -6105.8270  192   46 -6104.6025 -6406.2035  4.94%  84.3 1252s
 450838 345119 -6349.4170   58  360 -6104.6025 -6406.1723  4.94%  84.3 1256s
H451229 337178                    -6111.669137 -6406.1649  4.82%  84.3 1256s
 451697 338176 -6356.9064   63  193 -6111.6691 -6406.1517  4.82%  84.4 1261s
 452815 339606 -6327.2703   71  328 -6111.6691 -6406.1441  4.82%  84.5 1266s
 454611 340733 -6153.1332  131  139 -6111.6691 -6406.1317  4.82%  84.5 1270s
 457534 343400 -6279.3455   57  247 -6111.6691 -6406.0906  4.82%  84.5 1279s
 459006 344619 -6376.0473   49  323 -6111.6691 -6406.0395  4.82%  84.5 1283s
H459288 344619                    -6111.669139 -6406.0395  4.82%  84.5 1283s
 460491 345731 -6335.9114   62  425 -6111.6691 -6406.0187  4.82%  84.5 1287s
 461817 346769 -6384.9872   54  517 -6111.6691 -6406.0121  4.82%  84.5 1291s
 463036 347796     cutoff  166      -6111.6691 -6405.9790  4.82%  84.5 1295s
 465611 349914 -6289.8330   69  240 -6111.6691 -6405.9499  4.82%  84.6 1304s
 466845 351075 -6399.2960   46  396 -6111.6691 -6405.9452  4.81%  84.6 1308s
 468139 352090 -6169.9323   89  165 -6111.6691 -6405.9299  4.81%  84.7 1313s
 469447 352965 -6160.3049  151  116 -6111.6691 -6405.9050  4.81%  84.7 1317s
 470526 353956 -6315.7873   59  302 -6111.6691 -6405.9050  4.81%  84.8 1321s
 471552 353968 -6275.3428   71  339 -6111.6691 -6405.9050  4.81%  84.9 1328s
 471564 355422 -6254.3029   70  347 -6111.6691 -6405.9050  4.81%  84.9 1333s
 473231 356613 -6207.8766   89  307 -6111.6691 -6405.8886  4.81%  84.9 1338s
 474593 357306 -6352.1423   70  362 -6111.6691 -6405.8886  4.81%  85.0 1343s
H475224 353826                    -6114.777364 -6405.8886  4.76%  84.9 1344s
 475378 354495 infeasible  106      -6114.7774 -6405.8767  4.76%  84.9 1348s
 476306 355502 -6229.3144   67  293 -6114.7774 -6405.8767  4.76%  85.1 1352s
 477544 356503 -6173.0415   86  206 -6114.7774 -6405.8394  4.76%  85.1 1356s
H478105 354164                    -6116.683250 -6405.8342  4.73%  85.2 1356s
 478708 355038 -6188.6727  116  109 -6116.6833 -6405.8273  4.73%  85.2 1360s
H481018 356209                    -6116.699711 -6405.7841  4.73%  85.2 1364s
 481335 357302 -6224.6353   95  370 -6116.6997 -6405.7807  4.73%  85.2 1369s
 482637 358215 -6375.2123   54  295 -6116.6997 -6405.7674  4.73%  85.2 1373s
 483803 359062 -6124.9326  115  178 -6116.6997 -6405.7506  4.73%  85.3 1376s
 484875 360095     cutoff   93      -6116.6997 -6405.7409  4.73%  85.3 1380s
 486149 361077 infeasible  138      -6116.6997 -6405.7094  4.72%  85.4 1385s
 488390 362792 -6334.1959   67  380 -6116.6997 -6405.7010  4.72%  85.5 1392s
H488449 361397                    -6117.891015 -6405.7010  4.70%  85.5 1393s
 489324 362617 -6127.8712   96  160 -6117.8910 -6405.6885  4.70%  85.6 1397s
 490745 364062 -6358.0733   57  321 -6117.8910 -6405.6676  4.70%  85.6 1402s
 492378 365191 -6298.8975   88  330 -6117.8910 -6405.6259  4.70%  85.6 1406s
 493749 366182 -6273.1224   61  394 -6117.8910 -6405.5987  4.70%  85.6 1410s
 495006 367167 -6351.8303   65  436 -6117.8910 -6405.5804  4.70%  85.6 1415s
H495095 367001                    -6117.993634 -6405.5804  4.70%  85.6 1415s
H495245 366179                    -6118.689762 -6405.5781  4.69%  85.6 1415s
 497495 368195 -6169.1295   83  203 -6118.6898 -6405.5569  4.69%  85.7 1423s
 498639 368927 -6394.5761   49  313 -6118.6898 -6405.5361  4.69%  85.7 1427s
 499597 370485 -6395.0352   52  399 -6118.6898 -6405.5113  4.69%  85.8 1432s
 501339 371556 -6315.3361   68  390 -6118.6898 -6405.5113  4.69%  85.7 1436s
 502574 372596 -6219.6928  109  213 -6118.6898 -6405.5009  4.69%  85.8 1441s
 503856 373405 -6269.7192   83  390 -6118.6898 -6405.4533  4.69%  85.8 1445s
 506007 376073 -6230.7782  104  186 -6118.6898 -6405.4248  4.69%  85.9 1454s
 507974 376781 -6315.0109   60  464 -6118.6898 -6405.4248  4.69%  85.9 1458s
 508927 377455 -6122.4606   97  262 -6118.6898 -6405.3987  4.69%  85.9 1462s
 509745 378494 -6147.8222   87  171 -6118.6898 -6405.3804  4.69%  86.0 1466s
 511046 379633 -6377.3007   52  350 -6118.6898 -6405.3587  4.69%  86.1 1470s
 513703 382468 -6348.2155   54  380 -6118.6898 -6405.3028  4.68%  86.1 1479s
 515637 383816 -6246.8339   82  221 -6118.6898 -6405.3018  4.68%  86.1 1483s
 517275 384705 -6297.6967   61  401 -6118.6898 -6405.2762  4.68%  86.1 1488s
 518331 385786 -6375.4186   52  383 -6118.6898 -6405.2627  4.68%  86.1 1492s
 519600 386626 -6370.2284   62  350 -6118.6898 -6405.2335  4.68%  86.1 1496s
 520642 387529 -6317.9664   51  424 -6118.6898 -6405.2169  4.68%  86.2 1501s
 521735 388441 -6171.9534   68  313 -6118.6898 -6405.2161  4.68%  86.2 1505s
 524360 390726 -6305.3135   70  303 -6118.6898 -6405.1613  4.68%  86.3 1513s
 525635 392026 -6157.8662   71  271 -6118.6898 -6405.1389  4.68%  86.3 1518s
 527162 392706 -6144.6129  115  302 -6118.6898 -6405.1244  4.68%  86.3 1522s
 527987 393796 -6365.4801   59  281 -6118.6898 -6405.1244  4.68%  86.4 1526s
 529178 394799 -6130.0831  126   41 -6118.6898 -6405.1043  4.68%  86.5 1531s
 530590 395999 -6308.9467   67  340 -6118.6898 -6405.0885  4.68%  86.5 1535s
 533160 398299 -6272.1349   99  311 -6118.6898 -6405.0561  4.68%  86.6 1544s
 534804 399234 -6370.0753   52  446 -6118.6898 -6405.0314  4.68%  86.6 1549s
 535966 400176 -6360.2351   57  340 -6118.6898 -6405.0212  4.68%  86.6 1553s
 537256 401342 -6391.0354   49  546 -6118.6898 -6405.0212  4.68%  86.6 1557s
 538748 402107 -6120.5287   87  276 -6118.6898 -6405.0212  4.68%  86.6 1561s
 539711 403604 infeasible   89      -6118.6898 -6404.9585  4.68%  86.7 1566s
 541338 404602 -6388.0214   49  426 -6118.6898 -6404.9550  4.68%  86.7 1571s
 542509 405724 -6237.6631   66  322 -6118.6898 -6404.9547  4.68%  86.7 1576s
 543869 406677 -6352.2841   54  290 -6118.6898 -6404.8960  4.68%  86.7 1580s
 545968 408586 -6279.1807   63  303 -6118.6898 -6404.8614  4.68%  86.9 1589s
 547320 409700 -6268.9283   70  331 -6118.6898 -6404.8320  4.68%  86.9 1594s
 548735 410829 infeasible  147      -6118.6898 -6404.8243  4.68%  86.9 1599s
 550190 411567 -6388.8806   54  396 -6118.6898 -6404.8243  4.68%  87.0 1604s
 551073 412607 -6269.7031   70  204 -6118.6898 -6404.8150  4.68%  87.0 1609s
 552365 413739     cutoff  163      -6118.6898 -6404.7711  4.68%  87.1 1613s
 553749 414817 -6353.7034   56  324 -6118.6898 -6404.7524  4.68%  87.1 1618s
 555029 415769 -6223.4684   68  401 -6118.6898 -6404.7309  4.67%  87.1 1622s
 556267 416628 -6177.3363   94  313 -6118.6898 -6404.7047  4.67%  87.2 1626s
 557344 417506 -6311.1181   63  412 -6118.6898 -6404.6733  4.67%  87.2 1630s
 558448 418472 -6280.9137   77  420 -6118.6898 -6404.6552  4.67%  87.3 1635s
H559798 419405                    -6118.689771 -6404.6447  4.67%  87.3 1639s
 560752 420070 -6391.1063   43  440 -6118.6898 -6404.6447  4.67%  87.4 1644s
 561555 421316 -6291.5863   58  344 -6118.6898 -6404.6242  4.67%  87.4 1649s
 563098 422435 -6219.4023  104  192 -6118.6898 -6404.6078  4.67%  87.5 1653s
 564455 422449     cutoff  142      -6118.6898 -6404.6035  4.67%  87.5 1662s
 564472 423615     cutoff  142      -6118.6898 -6404.5784  4.67%  87.5 1667s
 565888 424854 -6185.9345  147  229 -6118.6898 -6404.5588  4.67%  87.5 1672s
 567315 426173 -6144.5674  145  177 -6118.6898 -6404.5269  4.67%  87.5 1676s
 568971 427113 -6122.8586   96  221 -6118.6898 -6404.5054  4.67%  87.5 1681s
 570109 428444 -6369.7655   49  482 -6118.6898 -6404.5030  4.67%  87.5 1685s
 572690 430167 -6239.1377   84   85 -6118.6898 -6404.4571  4.67%  87.6 1695s
 573840 431363     cutoff  164      -6118.6898 -6404.4414  4.67%  87.6 1700s
 576673 433429 -6355.3343   55  408 -6118.6898 -6404.3873  4.67%  87.7 1709s
 577896 434716 -6120.7102   97  335 -6118.6898 -6404.3713  4.67%  87.7 1713s
 579429 436009 -6288.5803   83  393 -6118.6898 -6404.3410  4.67%  87.7 1718s
 580942 436997 -6266.6340   94  322 -6118.6898 -6404.3141  4.67%  87.7 1722s
 582150 438547 -6344.9109   65  318 -6118.6898 -6404.2973  4.67%  87.7 1727s
 583926 439446 -6223.0588  111  121 -6118.6898 -6404.2867  4.67%  87.8 1732s
 585042 440232 -6246.0656   58  315 -6118.6898 -6404.2708  4.67%  87.8 1737s
 585994 441626 -6301.2179   92  208 -6118.6898 -6404.2649  4.67%  87.9 1743s
 587565 442585 infeasible  207      -6118.6898 -6404.2561  4.67%  87.9 1747s
 588741 443545     cutoff   93      -6118.6898 -6404.2356  4.67%  87.9 1752s
 589960 444701 -6369.2679   57  380 -6118.6898 -6404.2202  4.67%  88.0 1757s
 591260 446188 -6234.8116   91  177 -6118.6898 -6404.2115  4.67%  88.0 1763s
 593108 447265 -6310.9825   79  266 -6118.6898 -6404.2083  4.67%  88.0 1768s
 594508 447969 -6395.4593   51  336 -6118.6898 -6404.2083  4.67%  88.1 1772s
 595409 448976 -6191.4089   80  241 -6118.6898 -6404.1586  4.67%  88.2 1776s
 596666 449993 -6249.6195   83  349 -6118.6898 -6404.1392  4.67%  88.2 1781s
 597927 450716 -6171.3399   82  245 -6118.6898 -6404.1204  4.66%  88.2 1786s
 598803 451820 -6373.3803   57  335 -6118.6898 -6404.1164  4.66%  88.3 1791s
 600080 452767 -6249.1403   75  302 -6118.6898 -6404.1164  4.66%  88.3 1796s
 601213 453949 -6197.1914  102  202 -6118.6898 -6404.1128  4.66%  88.4 1801s
 602808 454992 -6145.8303   71  288 -6118.6898 -6404.0713  4.66%  88.4 1806s
 604098 455791 -6387.6885   44  418 -6118.6898 -6404.0485  4.66%  88.4 1810s
 605070 456671 -6371.5730   46  289 -6118.6898 -6404.0366  4.66%  88.5 1815s
 606076 458013 -6240.4466   73  203 -6118.6898 -6404.0330  4.66%  88.6 1821s
 607862 459046 infeasible  203      -6118.6898 -6404.0260  4.66%  88.6 1826s
 609067 459994 -6172.7732  126  278 -6118.6898 -6404.0082  4.66%  88.6 1831s
 610243 461213 -6360.2239   51  501 -6118.6898 -6403.9875  4.66%  88.7 1835s
 611671 461885 -6300.8289   68  381 -6118.6898 -6403.9686  4.66%  88.7 1840s
 612488 462773 -6349.8464   64  445 -6118.6898 -6403.9633  4.66%  88.7 1845s
 613577 464312 -6359.8603   57  423 -6118.6898 -6403.9544  4.66%  88.8 1850s
 615323 465721 -6237.0014   80  327 -6118.6898 -6403.9409  4.66%  88.8 1855s
 617031 467054 -6265.7149   80  279 -6118.6898 -6403.9089  4.66%  88.8 1860s
 618484 468600 -6186.7165   91  362 -6118.6898 -6403.9021  4.66%  88.8 1865s
 620445 469522 -6163.8607  110  280 -6118.6898 -6403.8720  4.66%  88.7 1870s
 621548 470330 -6386.2146   50  343 -6118.6898 -6403.8686  4.66%  88.8 1875s
H622218 470330                    -6118.689773 -6403.8413  4.66%  88.8 1875s
 622562 471465 -6370.9553   53  427 -6118.6898 -6403.8337  4.66%  88.8 1880s
 623753 472723 -6324.2927   60  382 -6118.6898 -6403.8337  4.66%  88.9 1885s
 625269 474012 -6242.1739   77  253 -6118.6898 -6403.8188  4.66%  88.9 1890s
H625747 474015                    -6118.689782 -6403.8143  4.66%  88.9 1890s
 628296 475846 -6325.4509   84  236 -6118.6898 -6403.7740  4.66%  88.9 1899s
 629156 476784 -6350.4614   62  394 -6118.6898 -6403.7685  4.66%  88.9 1904s
 630357 478146 -6348.2450   56  400 -6118.6898 -6403.7566  4.66%  89.0 1908s
 631974 479296 -6237.0416   84  240 -6118.6898 -6403.7323  4.66%  89.0 1913s
 633322 480553 -6377.4558   54  363 -6118.6898 -6403.7168  4.66%  89.0 1919s
 634633 482272 -6213.5840  109   56 -6118.6898 -6403.7154  4.66%  89.1 1925s
 636550 483618     cutoff  185      -6118.6898 -6403.7114  4.66%  89.1 1931s
 638111 484765 -6335.3401   55  415 -6118.6898 -6403.6881  4.66%  89.1 1936s
 639505 485587 -6393.5499   39  425 -6118.6898 -6403.6732  4.66%  89.1 1940s
 640475 486452 -6171.4878   64  290 -6118.6898 -6403.6689  4.66%  89.2 1945s
 642544 488430 infeasible   92      -6118.6898 -6403.6374  4.66%  89.3 1954s
 643907 489529 -6214.9433   70  415 -6118.6898 -6403.6365  4.66%  89.3 1959s
 645213 490662 -6297.9080   79  398 -6118.6898 -6403.6084  4.66%  89.3 1963s
 646572 491415 -6311.2916   77  333 -6118.6898 -6403.5921  4.66%  89.3 1968s
 647489 492424 -6281.5197   86  261 -6118.6898 -6403.5911  4.66%  89.4 1972s
 648753 493442 -6212.7688   65  407 -6118.6898 -6403.5655  4.66%  89.4 1977s
 649974 494345 -6129.5297  163   79 -6118.6898 -6403.5636  4.66%  89.5 1981s
 651085 495707 -6368.1146   64  435 -6118.6898 -6403.5284  4.66%  89.5 1986s
 652677 496715 -6275.8514   75  359 -6118.6898 -6403.5124  4.65%  89.5 1990s
H653677 496715                    -6118.689786 -6403.5034  4.65%  89.5 1990s
 653851 498142 -6263.7399   83  358 -6118.6898 -6403.5025  4.65%  89.5 1996s
 655645 499282 -6188.0910  116  228 -6118.6898 -6403.4815  4.65%  89.5 2001s
 657041 500203 -6218.8546  117  223 -6118.6898 -6403.4648  4.65%  89.5 2006s
 658207 500979 -6203.6799   75  214 -6118.6898 -6403.4432  4.65%  89.6 2011s
 659192 502023 -6391.4182   46  452 -6118.6898 -6403.4408  4.65%  89.6 2016s
 660407 503308 -6314.5732   86  274 -6118.6898 -6403.4254  4.65%  89.7 2022s
 661927 504521 -6372.6485   55  332 -6118.6898 -6403.4243  4.65%  89.7 2028s
 663402 505783 -6350.7552   60  343 -6118.6898 -6403.4086  4.65%  89.7 2033s
 664935 507074 -6271.1907   87  301 -6118.6898 -6403.3852  4.65%  89.7 2038s
 666466 508134 -6241.1445   89  277 -6118.6898 -6403.3613  4.65%  89.7 2043s
 667816 508227 -6358.5817   53  364 -6118.6898 -6403.3395  4.65%  89.7 2049s
 667918 509283 -6351.1359   54  294 -6118.6898 -6403.3378  4.65%  89.7 2054s
 669124 510855 -6355.5449   49  403 -6118.6898 -6403.3281  4.65%  89.8 2059s
 671056 512086 -6220.7631  107  228 -6118.6898 -6403.3072  4.65%  89.7 2064s
 672646 513357 -6355.4828   65  263 -6118.6898 -6403.2921  4.65%  89.7 2068s
 674148 514235 -6129.9681   91  276 -6118.6898 -6403.2568  4.65%  89.7 2073s
 675178 515939 -6259.8497   79  150 -6118.6898 -6403.2379  4.65%  89.8 2079s
 677143 517668 -6364.2561   56  301 -6118.6898 -6403.2350  4.65%  89.8 2085s
 679045 519313 -6379.0412   42  447 -6118.6898 -6403.2219  4.65%  89.8 2091s
 680974 520669 -6299.8955   59  394 -6118.6898 -6403.2058  4.65%  89.8 2096s
 682540 521740 -6211.6869  119  189 -6118.6898 -6403.1771  4.65%  89.8 2101s
 683884 522659 -6388.1947   45  521 -6118.6898 -6403.1545  4.65%  89.8 2106s
 685088 523793 -6381.9050   52  369 -6118.6898 -6403.1457  4.65%  89.8 2111s
 686440 524568 -6319.3239   65  491 -6118.6898 -6403.1174  4.65%  89.9 2115s
 687372 525166 -6226.3433   51  304 -6118.6898 -6403.1130  4.65%  89.9 2120s
 688166 526111 -6226.3433   55  269 -6118.6898 -6403.1130  4.65%  90.1 2125s
 689314 527274 -6123.6883   73  196 -6118.6898 -6403.0777  4.65%  90.1 2130s
 690736 528550     cutoff   82      -6118.6898 -6403.0440  4.65%  90.2 2135s
 692319 529741 -6359.9552   59  386 -6118.6898 -6403.0231  4.65%  90.2 2140s
 693746 531077 -6314.0354   69  306 -6118.6898 -6403.0074  4.65%  90.2 2145s
 695418 532315     cutoff   68      -6118.6898 -6402.9954  4.65%  90.1 2150s
 696892 533645 -6190.1080  209    9 -6118.6898 -6402.9793  4.65%  90.2 2156s
 698372 534928 -6137.9800  233   15 -6118.6898 -6402.9779  4.65%  90.2 2162s
 699895 535667     cutoff  252      -6118.6898 -6402.9587  4.65%  90.2 2167s
 700881 536983 -6282.5056   66  275 -6118.6898 -6402.9446  4.65%  90.3 2173s
 702389 538388 -6394.7414   46  416 -6118.6898 -6402.9415  4.65%  90.3 2178s
 704061 539570 -6147.5890  132  196 -6118.6898 -6402.9218  4.65%  90.3 2183s
 705421 540476 -6388.3313   49  388 -6118.6898 -6402.9153  4.65%  90.3 2188s
 706543 541681 -6142.5078   74  119 -6118.6898 -6402.9005  4.64%  90.4 2194s
 707998 542997 -6281.6932   52  489 -6118.6898 -6402.9005  4.64%  90.4 2199s
 709539 544050 -6226.3543   71  404 -6118.6898 -6402.8785  4.64%  90.4 2204s
 710851 545004 -6386.5573   49  413 -6118.6898 -6402.8478  4.64%  90.4 2209s
 711987 546269 -6141.6408  133  199 -6118.6898 -6402.8356  4.64%  90.5 2214s
 713504 547198 -6304.4736   53  454 -6118.6898 -6402.8030  4.64%  90.5 2219s
 714630 548965 -6296.8209   72  274 -6118.6898 -6402.7924  4.64%  90.6 2225s
 716634 550755 -6167.5452  108  149 -6118.6898 -6402.7838  4.64%  90.5 2231s
 718673 552152 -6378.3594   51  455 -6118.6898 -6402.7838  4.64%  90.5 2237s
 720267 553318 -6272.6489   79  340 -6118.6898 -6402.7675  4.64%  90.5 2243s
 721640 554322 infeasible  150      -6118.6898 -6402.7532  4.64%  90.6 2248s
 722879 555416 -6332.4047   45  446 -6118.6898 -6402.7387  4.64%  90.6 2253s
 724196 556329 -6293.2728   73  358 -6118.6898 -6402.7136  4.64%  90.6 2258s
 725294 557152 -6119.4385  112  232 -6118.6898 -6402.7122  4.64%  90.7 2263s
 726458 558047 -6360.3992   70  281 -6118.6898 -6402.6913  4.64%  90.7 2268s
 727553 559055 -6243.3316   64  290 -6118.6898 -6402.6779  4.64%  90.8 2273s
 728798 560557 -6347.5645   61  292 -6118.6898 -6402.6666  4.64%  90.9 2279s
 730610 562222 -6393.4302   55  508 -6118.6898 -6402.6614  4.64%  90.8 2285s
 732555 563094 -6363.2799   54  472 -6118.6898 -6402.6486  4.64%  90.8 2290s
 733686 564443     cutoff   80      -6118.6898 -6402.6241  4.64%  90.9 2296s
 735234 565487 -6163.4854  126  261 -6118.6898 -6402.6130  4.64%  90.9 2301s
 736589 567216 -6320.7162   70  415 -6118.6898 -6402.5979  4.64%  90.9 2307s
 738527 568227 -6123.4113  146   25 -6118.6898 -6402.5924  4.64%  90.9 2312s
 739826 569326 -6392.1859   53  421 -6118.6898 -6402.5736  4.64%  90.9 2317s
 741023 570956 -6207.1911  137   23 -6118.6898 -6402.5712  4.64%  91.0 2322s
 742933 571934 infeasible  205      -6118.6898 -6402.5508  4.64%  90.9 2327s
 744076 572630     cutoff   74      -6118.6898 -6402.5311  4.64%  91.0 2332s
 744931 573629 -6241.3089   64  300 -6118.6898 -6402.5260  4.64%  91.1 2338s
 746188 574585 -6384.2763   50  417 -6118.6898 -6402.5250  4.64%  91.1 2343s
 747303 575429 -6293.3688   70  354 -6118.6898 -6402.5250  4.64%  91.2 2349s
 748327 576741 -6158.9502   84  282 -6118.6898 -6402.4990  4.64%  91.3 2355s
 749877 578310 -6308.4434   78  366 -6118.6898 -6402.4913  4.64%  91.3 2360s
 751712 579519     cutoff  135      -6118.6898 -6402.4741  4.64%  91.3 2366s
 753205 580607 -6322.6764   61  411 -6118.6898 -6402.4552  4.64%  91.3 2371s
 754507 581587 -6320.4197   61  394 -6118.6898 -6402.4392  4.64%  91.3 2376s
 755758 582566 -6231.1681   68  379 -6118.6898 -6402.4267  4.64%  91.4 2382s
 756923 583511 -6119.0343   84  183 -6118.6898 -6402.4237  4.64%  91.4 2387s
 758159 584437 -6294.2604   54  407 -6118.6898 -6402.4046  4.64%  91.4 2392s
 759326 585436 -6373.9896   52  404 -6118.6898 -6402.3918  4.64%  91.5 2397s
 760489 586535 -6336.3848   57  472 -6118.6898 -6402.3791  4.64%  91.5 2402s
 761839 587228 -6311.5472   63  375 -6118.6898 -6402.3551  4.64%  91.6 2407s
 762717 588291 -6372.2362   53  430 -6118.6898 -6402.3409  4.64%  91.6 2413s
 763824 589436 -6209.2916  110   12 -6118.6898 -6402.3385  4.64%  91.7 2418s
 765354 590556 -6124.0342  177   51 -6118.6898 -6402.3171  4.64%  91.7 2424s
 766651 592050 -6242.4959  105  276 -6118.6898 -6402.2917  4.64%  91.8 2431s
 768329 593409 -6295.8623   90  323 -6118.6898 -6402.2916  4.64%  91.8 2437s
 769867 594787 -6350.3998   58  496 -6118.6898 -6402.2876  4.63%  91.8 2443s
 771405 596029 -6182.3034  105  135 -6118.6898 -6402.2694  4.63%  91.8 2448s
 773053 597023 -6337.9438   59  445 -6118.6898 -6402.2529  4.63%  91.8 2453s
 774255 598012 -6386.6707   46  429 -6118.6898 -6402.2416  4.63%  91.8 2459s
 775460 598942 -6334.6893   60  428 -6118.6898 -6402.2279  4.63%  91.9 2464s
 776577 600430 -6251.4677   73  235 -6118.6898 -6402.2107  4.63%  91.9 2471s
 778250 601798 -6353.6037   54  356 -6118.6898 -6402.2094  4.63%  91.9 2477s
 779872 603269 -6148.6857  131   87 -6118.6898 -6402.1999  4.63%  92.0 2483s
 781597 604391 -6387.6500   51  357 -6118.6898 -6402.1888  4.63%  92.0 2488s
 782971 605406 -6268.0604   60  449 -6118.6898 -6402.1726  4.63%  92.0 2493s
 784236 606487 -6270.7233   63  363 -6118.6898 -6402.1568  4.63%  92.0 2498s
 785533 607891 -6295.6165   91  323 -6118.6898 -6402.1475  4.63%  92.0 2503s
 787168 608641 -6313.5392   72  411 -6118.6898 -6402.1322  4.63%  92.0 2508s
 788101 609441 -6314.3047   54  380 -6118.6898 -6402.1167  4.63%  92.1 2514s
 789122 610408 -6374.3624   54  472 -6118.6898 -6402.1139  4.63%  92.2 2519s
 790286 611469 -6297.3091   62  399 -6118.6898 -6402.0965  4.63%  92.2 2525s
 791582 612784 -6302.3252   67  377 -6118.6898 -6402.0857  4.63%  92.2 2531s
 793122 614200 -6137.0350   89  183 -6118.6898 -6402.0826  4.63%  92.3 2536s
 794763 615248 -6386.2130   50  412 -6118.6898 -6402.0590  4.63%  92.3 2542s
 796012 616450 -6143.6535   88  358 -6118.6898 -6402.0545  4.63%  92.3 2548s
 797474 617501 -6258.6818  102  319 -6118.6898 -6402.0288  4.63%  92.3 2553s
 798814 618763 -6355.3873   54  450 -6118.6898 -6402.0279  4.63%  92.3 2559s
 800170 619779 -6246.9456   70  322 -6118.6898 -6402.0279  4.63%  92.4 2564s
 801463 620580 -6137.5447  107   80 -6118.6898 -6401.9991  4.63%  92.4 2570s
 802439 621479 -6221.9947   65  383 -6118.6898 -6401.9777  4.63%  92.5 2575s
 803568 622523 -6368.8340   55  484 -6118.6898 -6401.9696  4.63%  92.5 2581s
 804856 623566 -6387.0265   50  400 -6118.6898 -6401.9484  4.63%  92.6 2586s
 806140 624627 -6296.2823   68  443 -6118.6898 -6401.9334  4.63%  92.6 2591s
 807492 625612 -6311.7502   76  270 -6118.6898 -6401.9165  4.63%  92.6 2596s
 808698 626549 -6267.8440   85  379 -6118.6898 -6401.9083  4.63%  92.6 2601s
 809940 627449 -6289.3700   80  367 -6118.6898 -6401.8948  4.63%  92.7 2607s
 811043 628537 -6152.9667  113   80 -6118.6898 -6401.8795  4.63%  92.7 2613s
 812315 629554 -6161.2444   93  252 -6118.6898 -6401.8756  4.63%  92.8 2619s
 813560 630688 -6381.2067   53  421 -6118.6898 -6401.8669  4.63%  92.8 2624s
 815005 631658 -6310.5145   85  345 -6118.6898 -6401.8441  4.63%  92.8 2629s
 816278 632810 -6196.8178   91  288 -6118.6898 -6401.8267  4.63%  92.9 2635s
 817684 633933 -6362.0610   57  433 -6118.6898 -6401.8102  4.63%  92.9 2640s
 819135 634568 -6262.4256   80  489 -6118.6898 -6401.7926  4.63%  92.9 2645s
 820070 635544 -6345.6906   54  497 -6118.6898 -6401.7849  4.63%  93.0 2651s
 821360 636365     cutoff  105      -6118.6898 -6401.7682  4.63%  93.0 2656s
 822408 637333 -6185.1023   84  287 -6118.6898 -6401.7646  4.63%  93.1 2662s
 823554 638494 -6284.0988   83  404 -6118.6898 -6401.7512  4.63%  93.1 2668s
 824982 639453 -6120.7774  112  262 -6118.6898 -6401.7240  4.63%  93.2 2673s
 826139 640839     cutoff   78      -6118.6898 -6401.7186  4.63%  93.2 2679s
 827779 641927 -6245.7247   94  271 -6118.6898 -6401.6976  4.63%  93.2 2684s
 829136 643089 -6175.6375  114  332 -6118.6898 -6401.6851  4.63%  93.2 2690s
 830548 644135 -6243.1378   55  503 -6118.6898 -6401.6687  4.62%  93.3 2695s
 831788 645287 -6356.4133   61  423 -6118.6898 -6401.6554  4.62%  93.3 2700s
 833239 646171 -6384.6640   52  374 -6118.6898 -6401.6380  4.62%  93.3 2705s
 834315 647411 -6379.8826   47  344 -6118.6898 -6401.6263  4.62%  93.3 2711s
 835738 648676 infeasible  111      -6118.6898 -6401.6189  4.62%  93.4 2717s
 837441 649741 -6383.5413   47  421 -6118.6898 -6401.6028  4.62%  93.4 2723s
 838630 651397 -6326.6114   69  241 -6118.6898 -6401.5820  4.62%  93.4 2729s
 840552 652654 -6393.2359   41  456 -6118.6898 -6401.5793  4.62%  93.4 2735s
 841930 653913 -6234.4172   96  164 -6118.6898 -6401.5786  4.62%  93.5 2742s
 843473 654571     cutoff  155      -6118.6898 -6401.5612  4.62%  93.5 2747s
 844276 655454 -6382.8859   53  449 -6118.6898 -6401.5563  4.62%  93.6 2753s
 845318 656087 -6146.1938   68  230 -6118.6898 -6401.5516  4.62%  93.6 2758s
 846189 657047 -6285.4021   65  369 -6118.6898 -6401.5267  4.62%  93.7 2764s
 847394 658050 -6201.1157  120  374 -6118.6898 -6401.5149  4.62%  93.7 2769s
 848611 659735 -6290.8473   74  296 -6118.6898 -6401.4927  4.62%  93.8 2776s
 850559 660888 -6336.8099   44  573 -6118.6898 -6401.4919  4.62%  93.8 2782s
 851873 662182 -6174.4874   80  271 -6118.6898 -6401.4775  4.62%  93.8 2788s
 853354 663630 -6336.1065   62  357 -6118.6898 -6401.4759  4.62%  93.8 2794s
 855036 665073 -6310.5908   68  315 -6118.6898 -6401.4608  4.62%  93.8 2800s
 856667 666130 -6392.0382   51  448 -6118.6898 -6401.4589  4.62%  93.8 2806s
 857961 667102 -6208.0641  114  363 -6118.6898 -6401.4309  4.62%  93.8 2811s
 859093 668214 -6369.0275   42  509 -6118.6898 -6401.4132  4.62%  93.8 2816s
 860455 669094 -6345.9742   51  544 -6118.6898 -6401.4003  4.62%  93.9 2822s
 861531 670180 -6270.5790   74  491 -6118.6898 -6401.4003  4.62%  93.9 2827s
 862904 671301 -6150.8052  107  329 -6118.6898 -6401.3767  4.62%  93.9 2833s
 864365 672063 -6135.7875  144  195 -6118.6898 -6401.3670  4.62%  93.9 2839s
 865312 672958 -6159.7792   70  239 -6118.6898 -6401.3589  4.62%  94.0 2844s
 866425 673843 -6362.4899   53  441 -6118.6898 -6401.3577  4.62%  94.0 2850s
 867584 674751 -6249.8829   91  249 -6118.6898 -6401.3323  4.62%  94.1 2855s
 868659 675888 -6189.9256  132  292 -6118.6898 -6401.3291  4.62%  94.1 2862s
 870058 677130 -6345.1224   54  387 -6118.6898 -6401.3278  4.62%  94.1 2868s
 871556 678307 -6292.3022   81  340 -6118.6898 -6401.3071  4.62%  94.1 2873s
 873099 679084 -6169.5594   64  257 -6118.6898 -6401.2871  4.62%  94.2 2878s
 874076 680177 -6139.5767  101  320 -6118.6898 -6401.2724  4.62%  94.2 2884s
 875485 681305 -6389.6109   54  487 -6118.6898 -6401.2554  4.62%  94.2 2889s
 876881 682217 -6337.7803   60  364 -6118.6898 -6401.2384  4.62%  94.2 2895s
 878015 683203 -6387.7891   46  478 -6118.6898 -6401.2276  4.62%  94.3 2901s
 879249 684278 -6270.0483   61  266 -6118.6898 -6401.2276  4.62%  94.3 2907s
 880590 685450 -6196.5849  108   58 -6118.6898 -6401.2111  4.62%  94.3 2913s
 882065 686277 -6247.5069   85  326 -6118.6898 -6401.1960  4.62%  94.3 2918s
 883065 687183 -6276.9881   61  424 -6118.6898 -6401.1859  4.62%  94.4 2924s
 884236 688253 -6361.1392   49  413 -6118.6898 -6401.1755  4.62%  94.4 2929s
 885491 688936 -6373.7622   55  389 -6118.6898 -6401.1682  4.62%  94.5 2934s
 886386 689963 -6320.4635   58  481 -6118.6898 -6401.1582  4.62%  94.5 2940s
 887654 690746 -6142.8053   78  286 -6118.6898 -6401.1478  4.62%  94.6 2946s
 888688 691361 -6240.8287   60  361 -6118.6898 -6401.1359  4.62%  94.6 2951s
 889506 692359     cutoff   77      -6118.6898 -6401.1270  4.62%  94.7 2956s
 890747 693367 -6275.8054   78  326 -6118.6898 -6401.1163  4.62%  94.7 2962s
 891964 694392 -6299.9563   78  451 -6118.6898 -6401.1040  4.62%  94.7 2967s
 893183 695623 -6130.2827  123  180 -6118.6898 -6401.0917  4.62%  94.8 2973s
 894701 696401 -6157.4341  114  237 -6118.6898 -6401.0779  4.62%  94.8 2978s
 895650 698024 -6347.2896   61  191 -6118.6898 -6401.0650  4.61%  94.8 2985s
 897436 699305 -6196.7502  136  101 -6118.6898 -6401.0649  4.61%  94.8 2991s
 899066 700264 infeasible  158      -6118.6898 -6401.0512  4.61%  94.8 2997s
 900313 701501 -6380.3014   61  413 -6118.6898 -6401.0400  4.61%  94.9 3004s
 901823 702443 -6361.2760   54  439 -6118.6898 -6401.0122  4.61%  94.9 3009s
 902985 703505 -6248.2026   85  340 -6118.6898 -6400.9982  4.61%  94.9 3015s
 904327 704721 -6305.8035   54  395 -6118.6898 -6400.9867  4.61%  94.9 3021s
 905804 705941 -6174.7327   82  206 -6118.6898 -6400.9852  4.61%  94.9 3028s
 907417 707106 -6339.0903   68  373 -6118.6898 -6400.9581  4.61%  94.9 3034s
 908837 708164 -6202.9610  100  230 -6118.6898 -6400.9328  4.61%  94.9 3039s
 910132 709855 -6288.4089   71  268 -6118.6898 -6400.9224  4.61%  94.9 3046s
 912069 711057     cutoff  255      -6118.6898 -6400.9207  4.61%  94.9 3051s
 913594 711957 infeasible  148      -6118.6898 -6400.9114  4.61%  94.9 3057s
 914672 713058 -6294.8689   75  384 -6118.6898 -6400.9043  4.61%  95.0 3063s
 916019 714013 -6229.6829   96  403 -6118.6898 -6400.9029  4.61%  95.0 3069s
 917258 714582 -6272.3970   62  412 -6118.6898 -6400.9026  4.61%  95.1 3075s
 918004 715697 -6120.3766   78  210 -6118.6898 -6400.8793  4.61%  95.1 3081s
 919318 716994 -6393.9374   53  370 -6118.6898 -6400.8732  4.61%  95.2 3086s
 920843 718312 -6343.4332   71  304 -6118.6898 -6400.8549  4.61%  95.2 3093s
 922430 719314 -6308.8797   66  434 -6118.6898 -6400.8392  4.61%  95.2 3098s
 923659 720493 -6308.7997   72  379 -6118.6898 -6400.8283  4.61%  95.2 3104s
 925080 721596 -6346.3613   56  437 -6118.6898 -6400.8124  4.61%  95.2 3110s
 926424 722528 -6366.1156   49  522 -6118.6898 -6400.7989  4.61%  95.2 3115s
 927559 723283 -6383.6876   44  409 -6118.6898 -6400.7829  4.61%  95.2 3121s
 928537 724195 -6126.1843   86  119 -6118.6898 -6400.7813  4.61%  95.3 3126s
 929692 725177 -6126.0986   74  242 -6118.6898 -6400.7645  4.61%  95.3 3131s
 930868 726203     cutoff  110      -6118.6898 -6400.7525  4.61%  95.4 3137s
 931999 727826 -6201.1476   94  184 -6118.6898 -6400.7516  4.61%  95.4 3144s
 933890 728785 infeasible  196      -6118.6898 -6400.7400  4.61%  95.4 3150s
 935011 729595 -6158.9023  101  390 -6118.6898 -6400.7296  4.61%  95.4 3155s
 936015 730414 -6334.1122   53  470 -6118.6898 -6400.7175  4.61%  95.4 3161s
 937088 731322 -6137.3700   74  162 -6118.6898 -6400.7159  4.61%  95.5 3166s
 938283 732421 -6209.7087   77  248 -6118.6898 -6400.7022  4.61%  95.5 3173s
 939733 733807 -6287.3754   74  338 -6118.6898 -6400.6903  4.61%  95.5 3179s
 941399 735142 -6154.1076  102  308 -6118.6898 -6400.6900  4.61%  95.6 3185s
 942903 736347 -6388.5339   53  356 -6118.6898 -6400.6714  4.61%  95.5 3191s
 944340 737733 -6279.1137   71  218 -6118.6898 -6400.6655  4.61%  95.6 3197s
 945982 738449 -6259.7431  107  215 -6118.6898 -6400.6568  4.61%  95.5 3203s
 946875 739653 -6230.2232   71  169 -6118.6898 -6400.6459  4.61%  95.6 3210s
 948435 740736 infeasible  187      -6118.6898 -6400.6448  4.61%  95.6 3216s
 949746 742080 -6311.3224   50  424 -6118.6898 -6400.6404  4.61%  95.7 3222s
 951317 743247 -6191.0041   80  187 -6118.6898 -6400.6320  4.61%  95.7 3228s
 952768 744053 -6304.9300   50  534 -6118.6898 -6400.6052  4.61%  95.7 3233s
 953737 745518 -6325.7250   52  471 -6118.6898 -6400.5929  4.61%  95.7 3240s
 955448 746905 -6176.3689  115  263 -6118.6898 -6400.5926  4.61%  95.7 3246s
 957140 748122 -6387.4396   52  397 -6118.6898 -6400.5654  4.61%  95.7 3251s
 958556 749371 -6373.6594   53  365 -6118.6898 -6400.5470  4.61%  95.7 3257s
 960004 750325 -6128.2317  142  125 -6118.6898 -6400.5353  4.61%  95.7 3263s
 961257 751379 -6318.8415   64  316 -6118.6898 -6400.5144  4.61%  95.7 3268s
 962584 752051     cutoff  122      -6118.6898 -6400.4996  4.61%  95.7 3273s
 963360 753439 -6279.5704   87  194 -6118.6898 -6400.4969  4.61%  95.8 3279s
 965077 754557 -6178.8617  123  263 -6118.6898 -6400.4870  4.61%  95.8 3286s
 966410 755303 -6370.4276   48  393 -6118.6898 -6400.4849  4.61%  95.8 3291s
 967313 756749 -6179.3614  102  193 -6118.6898 -6400.4749  4.61%  95.9 3297s
 968981 758063 -6360.9813   49  457 -6118.6898 -6400.4557  4.61%  95.9 3304s
 970553 758989 -6213.1455  115  306 -6118.6898 -6400.4480  4.60%  95.9 3309s
 971720 760092 -6125.6947   80  214 -6118.6898 -6400.4456  4.60%  95.9 3315s
 973014 761651 -6276.3055   81  391 -6118.6898 -6400.4394  4.60%  95.9 3321s
 974877 762988 -6263.8451   85  320 -6118.6898 -6400.4277  4.60%  95.9 3327s
 976455 764105 -6374.6614   58  362 -6118.6898 -6400.4113  4.60%  95.9 3333s
 977823 765344 -6359.3635   53  410 -6118.6898 -6400.3976  4.60%  95.9 3339s
 979239 766339 -6296.8099   71  361 -6118.6898 -6400.3925  4.60%  95.9 3344s
 980507 767356 -6280.1929   81  368 -6118.6898 -6400.3812  4.60%  95.9 3351s
 981801 768415 -6206.0816   73  342 -6118.6898 -6400.3788  4.60%  96.0 3358s
 983153 769263 -6322.9750   75  351 -6118.6898 -6400.3615  4.60%  96.0 3363s
 984145 770255 -6266.5394   58  315 -6118.6898 -6400.3580  4.60%  96.0 3369s
 985349 771637 -6198.0165   94  184 -6118.6898 -6400.3460  4.60%  96.1 3376s
 987038 772465 -6152.8865  146  170 -6118.6898 -6400.3305  4.60%  96.1 3381s
 988162 773870 -6243.5157  116  100 -6118.6898 -6400.3185  4.60%  96.1 3388s
 989800 774984 -6122.6813  188   80 -6118.6898 -6400.3058  4.60%  96.1 3394s
 991104 776081 -6180.8823   99  366 -6118.6898 -6400.2944  4.60%  96.2 3399s
 992457 777233 -6345.0711   62  400 -6118.6898 -6400.2830  4.60%  96.2 3405s
 993845 778368 -6209.1625  100  329 -6118.6898 -6400.2689  4.60%  96.2 3411s
 995316 779193 -6254.3259   76  345 -6118.6898 -6400.2584  4.60%  96.2 3416s
 996415 780443 -6387.1872   41  494 -6118.6898 -6400.2315  4.60%  96.2 3422s
 997948 781240 -6322.3136   66  280 -6118.6898 -6400.2235  4.60%  96.2 3427s
 999047 782161 infeasible   96      -6118.6898 -6400.2106  4.60%  96.2 3432s
 1000309 783297 -6153.4042  118  317 -6118.6898 -6400.2024  4.60%  96.3 3438s
 1001674 783893 -6236.3370   77  339 -6118.6898 -6400.1897  4.60%  96.3 3443s
 1002427 785007 -6254.9706   73  314 -6118.6898 -6400.1800  4.60%  96.3 3449s
 1003764 786149 -6326.4196   65  476 -6118.6898 -6400.1663  4.60%  96.3 3454s
 1005148 787094 -6205.6078  103   59 -6118.6898 -6400.1568  4.60%  96.3 3460s
 1006344 788177 infeasible  161      -6118.6898 -6400.1538  4.60%  96.4 3467s
 1007766 789410 -6142.4713  132  143 -6118.6898 -6400.1402  4.60%  96.4 3473s
 1009114 790697 -6275.2815   60  501 -6118.6898 -6400.1399  4.60%  96.4 3480s
 1010658 791782 -6329.8225   64  380 -6118.6898 -6400.1291  4.60%  96.4 3486s
 1011990 792749 -6388.8813   46  375 -6118.6898 -6400.1124  4.60%  96.4 3492s
 1013147 793461 -6319.1917   54  389 -6118.6898 -6400.1085  4.60%  96.5 3498s
 1014079 794685 -6226.7571   72  392 -6118.6898 -6400.1036  4.60%  96.5 3504s
 1015562 795809 -6283.9545   69  337 -6118.6898 -6400.0804  4.60%  96.5 3510s
 1016910 796606 -6357.2987   58  490 -6118.6898 -6400.0771  4.60%  96.6 3516s
 1017869 797535 -6263.4867   69  426 -6118.6898 -6400.0771  4.60%  96.6 3522s
 1018993 798632     cutoff   96      -6118.6898 -6400.0515  4.60%  96.6 3528s
 1020292 799627 -6312.3863   76  391 -6118.6898 -6400.0410  4.60%  96.6 3534s
 1021525 800747 -6161.4312   87  246 -6118.6898 -6400.0274  4.60%  96.7 3541s
 1022815 802325 -6226.0024   81  328 -6118.6898 -6400.0238  4.60%  96.7 3547s
 1024818 803214 -6129.3721  147  212 -6118.6898 -6400.0103  4.60%  96.7 3552s
 1025957 804429 -6213.5258  116  201 -6118.6898 -6399.9972  4.60%  96.7 3559s
 1027379 805588 -6340.3395   65  356 -6118.6898 -6399.9927  4.60%  96.7 3564s
 1028930 806471 -6221.2512   98  361 -6118.6898 -6399.9744  4.60%  96.7 3570s
 1030095 807997 -6304.7823   73  340 -6118.6898 -6399.9646  4.60%  96.7 3577s
 1031804 809113 -6365.3248   53  473 -6118.6898 -6399.9646  4.60%  96.7 3584s
 1033142 810217 -6268.5332   80  274 -6118.6898 -6399.9643  4.60%  96.7 3590s
 1034444 811215 -6346.0030   62  375 -6118.6898 -6399.9505  4.60%  96.8 3596s
 1035703 811764 -6326.2544   56  434 -6118.6898 -6399.9417  4.60%  96.8 3600s

Cutting planes:
  Gomory: 50
  Cover: 674
  Implied bound: 16
  MIR: 15
  Flow cover: 90
  Inf proof: 224
  Zero half: 37
  RLT: 148
  Lazy constraints: 4342

Explored 1036379 nodes (100364736 simplex iterations) in 3600.04 seconds
Thread count was 12 (of 12 available processors)

Solution count 10: -6118.69 -6117.99 -6117.89 ... -6098.72

Time limit reached
Best objective -6.118689785599e+03, best bound -6.399941711608e+03, gap 4.5966%

User-callback calls 2353328, time in user-callback 10.47 sec
-1
['A-n39-k5', 6118.689785598844, 633.3091191319618, 3600.0391931533813, 0.045966037806126805, 1, [[7.305997536273296, [74.31368373090827, 81.35180391643289]], [0, [81.35180391643289]], [8.149208550527646, [77.69380784412131]], [8.686633410013485, [111.73046213461316, 43.78419661959169]], [0, [77.69380784412131]], [3.519318115768513, [80.93362123214172, 48.341701821244214, 96.16498977950609]], [0, [80.93362123214172]], [0, [77.69380784412131, 74.31368373090827]], [3.7901187316461744, [48.341701821244214, 132.1603390034901, 77.69380784412131]], [10.845505981736856, [137.47982856231368, 43.78419661959169, 137.47982856231368]], [6.174172009264453, [132.1603390034901, 77.69380784412131]], [0, [96.16498977950609]], [0, [96.16498977950609]], [0, [80.93362123214172]], [0, [43.78419661959169, 80.93362123214172, 74.31368373090827]], [8.627027297973655, [132.1603390034901, 132.1603390034901]], [3.9147158262117756, [111.73046213461316]], [0, [111.73046213461316, 111.73046213461316]], [0, [111.73046213461316, 74.31368373090827]], [0, [77.69380784412131, 43.78419661959169, 43.78419661959169]], [0, [81.35180391643289, 96.16498977950609, 74.31368373090827]], [4.17808568605156, [132.1603390034901, 80.93362123214172, 77.69380784412131]], [0, [137.47982856231368, 77.69380784412131, 81.35180391643289]], [0, [137.47982856231368, 48.341701821244214]], [6.03999999999759, [132.1603390034901, 48.341701821244214, 137.47982856231368]], [0, [111.73046213461316, 74.31368373090827]], [4.795873226013043, [132.1603390034901]], [0, [77.69380784412131, 74.31368373090827, 77.69380784412131]], [0, [81.35180391643289, 132.1603390034901]], [12.090689792694391, [111.73046213461316, 80.93362123214172, 132.1603390034901]], [0, [96.16498977950609]], [0, [80.93362123214172, 74.31368373090827, 48.341701821244214]], [0, [48.341701821244214]], [0, [137.47982856231368, 74.31368373090827, 81.35180391643289]], [0, [77.69380784412131]], [0, [80.93362123214172, 43.78419661959169, 96.16498977950609]], [6.953013735059585, [132.1603390034901, 48.341701821244214, 81.35180391643289]]]]
