Using license file /util/academic/gurobi/licenses/gurobi.lic
Set parameter TokenServer to value srv-m14-36.cbls.ccr.buffalo.edu
Set parameter TSPort to value 46325
Changed value of parameter lazyConstraints to 1
   Prev: 0  Min: 0  Max: 1  Default: 0
Changed value of parameter TimeLimit to 3600.0
   Prev: inf  Min: 0.0  Max: inf  Default: inf
Gurobi Optimizer version 9.1.1 build v9.1.1rc0 (linux64)
Thread count: 12 physical cores, 12 logical processors, using up to 12 threads
Optimize a model with 4625 rows, 6032 columns and 22719 nonzeros
Model fingerprint: 0x4ec5680b
Variable types: 1177 continuous, 4855 integer (4855 binary)
Coefficient statistics:
  Matrix range     [5e-01, 4e+02]
  Objective range  [1e+00, 1e+00]
  Bounds range     [1e+00, 1e+02]
  RHS range        [1e-01, 4e+02]
Presolve removed 435 rows and 150 columns
Presolve time: 0.06s
Presolved: 4190 rows, 5882 columns, 21646 nonzeros
Variable types: 756 continuous, 5126 integer (5126 binary)

Root relaxation: objective -5.508135e+03, 4553 iterations, 0.29 seconds

    Nodes    |    Current Node    |     Objective Bounds      |     Work
 Expl Unexpl |  Obj  Depth IntInf | Incumbent    BestBd   Gap | It/Node Time

     0     0 -5508.1347    0  503          - -5508.1347      -     -    0s
     0     0 -5479.2536    0  511          - -5479.2536      -     -    0s
     0     0 -5450.7094    0  501          - -5450.7094      -     -    1s
     0     0 -5450.7094    0  499          - -5450.7094      -     -    1s
     0     0 -5448.3359    0  501          - -5448.3359      -     -    1s
     0     0 -5445.4660    0  532          - -5445.4660      -     -    1s
     0     0 -5445.4629    0  530          - -5445.4629      -     -    1s
     0     0 -5445.1703    0  646          - -5445.1703      -     -    1s
     0     0 -5445.0312    0  661          - -5445.0312      -     -    1s
     0     0 -5445.0185    0  662          - -5445.0185      -     -    1s
     0     0 -5444.9794    0  679          - -5444.9794      -     -    1s
     0     0 -5444.9794    0  679          - -5444.9794      -     -    2s
     0     2 -5444.9608    0  679          - -5444.9608      -     -    2s
   120   137 -5424.2641   10  548          - -5440.2352      -   382    5s
   466   516 -5251.3811   32  492          - -5440.2352      -   398   10s
  2752  3069 -4998.6406  187   95          - -5440.2352      -   141   15s
  4635  4462 -5200.1318  130  418          - -5277.3357      -   108   20s
H 4638  4240                    -3869.703825 -5268.8870  36.2%   107   21s
H 4638  4028                    -3870.623221 -5268.8870  36.1%   107   21s
H 4640  3828                    -4061.810819 -5267.5707  29.7%   107   21s
H 4646  3640                    -4079.478562 -5246.3771  28.6%   107   23s
  4653  3644 -5038.1648  162  447 -4079.4786 -5244.9871  28.6%   107   25s
H 4676  3476                    -4098.816071 -5237.8051  27.8%   107   29s
H 4678  3303                    -4101.951885 -5237.6734  27.7%   107   30s
H 4685  3143                    -4104.192975 -5237.5246  27.6%   112   31s
  4714  3162 -4769.9488  248  569 -4104.1930 -5232.3823  27.5%   111   35s
  4717  3167 -5232.3070   28  618 -4104.1930 -5232.3070  27.5%   114   42s
  4719  3170 -5232.1550   29  578 -4104.1930 -5232.1550  27.5%   114   47s
  4743  3194 -5228.9689   32  538 -4104.1930 -5231.9866  27.5%   115   50s
H 4747  3034                    -4118.829502 -5231.9866  27.0%   115   50s
H 4789  2911                    -4182.560010 -5231.9866  25.1%   116   51s
H 4833  2805                    -4184.622252 -5231.9866  25.0%   116   52s
  4927  2864 -5225.8584   39  416 -4184.6223 -5231.9866  25.0%   118   55s
H 5031  2809                    -4185.997956 -5231.9866  25.0%   118   56s
H 5125  2734                    -4191.468691 -5231.9866  24.8%   118   56s
H 5177  2647                    -4192.534679 -5231.9866  24.8%   119   58s
H 5181  2528                    -4196.616229 -5231.9866  24.7%   119   58s
  5304  2641 -5211.1203   48  358 -4196.6162 -5231.9866  24.7%   121   60s
H 5418  2617                    -4196.808131 -5231.9866  24.7%   121   60s
H 5571  2608                    -4197.874119 -5231.9866  24.6%   120   61s
H 5742  2672                    -4199.037898 -5231.9866  24.6%   118   62s
H 5778  2530                    -4432.087060 -5231.9866  18.0%   118   62s
H 5876  2496                    -4462.387490 -5231.9866  17.2%   117   63s
  6256  2812 -5180.8312   66  329 -4462.3875 -5231.9866  17.2%   113   65s
H 6447  2820                    -4526.196818 -5231.9866  15.6%   112   68s
H 6486  2725                    -4534.693096 -5231.9866  15.4%   112   68s
H 6604  2749                    -4551.265488 -5231.9866  15.0%   110   68s
H 6757  2786                    -4551.857485 -5231.9866  14.9%   109   68s
  7154  3041 -5150.7622   92  181 -4551.8575 -5231.9866  14.9%   106   70s
H 7261  2891                    -4627.087868 -5231.9866  13.1%   105   70s
H 8144  3259                    -4632.331452 -5231.9866  12.9%   100   71s
H 8216  3425                    -4633.983944 -5231.9866  12.9%  99.3   72s
H 8386  3403                    -4635.069913 -5231.9866  12.9%  98.9   72s
  8808  4021 -5033.6366  130  123 -4635.0699 -5231.9866  12.9%  97.0   76s
H 9437  4321                    -4636.135902 -5231.9866  12.9%  93.8   76s
H 9513  4760                    -4637.995221 -5231.9866  12.8%  93.6   77s
 11690  6813     cutoff  285      -4637.9952 -5231.6798  12.8%  82.9   85s
H12466  6915                    -4668.228845 -5231.6798  12.1%  80.0   86s
H13863  7908                    -4682.107169 -5231.6798  11.7%  77.4   89s
 14620  8831 infeasible  310      -4682.1072 -5229.4888  11.7%  76.1   90s
 17879 11682 -5021.8867   45  257 -4682.1072 -5229.2626  11.7%  70.8   95s
 21648 15940 -4960.9704  135   51 -4682.1072 -5229.2626  11.7%  65.6  100s
 25625 18037 -4755.1057  134  111 -4682.1072 -5229.1925  11.7%  62.9  108s
 25643 18780 -4755.1057  135   93 -4682.1072 -5227.4670  11.6%  63.0  110s
 27916 20023 -5192.7577   42  310 -4682.1072 -5227.2922  11.6%  62.6  115s
H27957 19817                    -4686.393916 -5227.2922  11.5%  62.7  115s
 30990 23163 -5198.0716   48  254 -4686.3939 -5225.8570  11.5%  62.7  121s
 35586 29379 -4798.8514  199   65 -4686.3939 -5224.8566  11.5%  60.5  127s
 39750 31362 -4862.8765   78  184 -4686.3939 -5224.2954  11.5%  58.7  131s
H42014 32856                    -4687.274561 -5224.2181  11.5%  59.5  134s
 42698 34971 -5126.1151   58  261 -4687.2746 -5224.2181  11.5%  59.6  136s
 46878 37584 -4738.8136  217   28 -4687.2746 -5223.9277  11.4%  59.0  140s
*48501 38081             248    -4687.801237 -5223.8574  11.4%  59.5  143s
 48829 39168 -4765.4609  134   77 -4687.8012 -5223.8492  11.4%  59.9  145s
 53080 42578 -5053.9143   77  148 -4687.8012 -5223.5572  11.4%  59.9  151s
 55739 45760 -5004.4744   95  198 -4687.8012 -5223.4524  11.4%  60.5  155s
 59117 47824 -5200.2364   40  344 -4687.8012 -5223.1146  11.4%  60.2  160s
H60997 48837                    -4690.794897 -5223.0478  11.3%  60.4  162s
 63421 50890 -5203.1108   49  244 -4690.7949 -5222.8148  11.3%  60.7  166s
 65723 53099 -5220.9617   47  398 -4690.7949 -5222.7409  11.3%  60.8  170s
H65888 52774                    -4692.982204 -5222.7409  11.3%  60.9  170s
 69186 55660 -4913.5613   99  153 -4692.9822 -5222.5057  11.3%  61.4  177s
 71864 58124 infeasible  234      -4692.9822 -5222.2659  11.3%  61.5  181s
H72270 57726                    -4696.162428 -5222.2476  11.2%  61.5  181s
H73538 58596                    -4697.129709 -5222.1401  11.2%  61.4  183s
 74639 59521 -5039.8077   84  221 -4697.1297 -5222.0903  11.2%  61.4  185s
 76492 62319 -5027.5704   80  156 -4697.1297 -5222.0781  11.2%  62.0  190s
H80254 63455                    -4698.209303 -5221.9880  11.1%  61.2  192s
 80337 64716 -5002.4186   69  290 -4698.2093 -5221.9424  11.1%  61.2  195s
H81896 65183                    -4702.538161 -5221.8998  11.0%  61.2  197s
 84396 67031 -5141.0772   62  343 -4702.5382 -5221.8194  11.0%  61.2  201s
H84706 65398                    -4712.779235 -5221.8194  10.8%  61.3  201s
 86808 67995 -4945.5715  123  105 -4712.7792 -5221.6508  10.8%  61.5  205s
H88800 64986                    -4736.097213 -5221.5893  10.3%  61.2  207s
 90465 66611 -5174.2617   48  458 -4736.0972 -5221.5297  10.2%  61.7  211s
H92561 67371                    -4740.441792 -5221.4205  10.1%  61.9  214s
 93070 68252     cutoff  168      -4740.4418 -5221.4187  10.1%  62.0  216s
H93075 67411                    -4745.447211 -5221.4187  10.0%  61.9  216s
H93486 66990                    -4747.950443 -5221.4187  10.0%  61.9  216s
 95321 68929 -4781.8878  102   90 -4747.9504 -5221.2216  10.0%  62.2  221s
H95747 67956                    -4752.237190 -5221.1951  9.87%  62.3  221s
 97469 69448 -5206.7479   45  388 -4752.2372 -5221.1924  9.87%  62.2  225s
 99950 71538 infeasible  167      -4752.2372 -5221.0260  9.86%  62.3  230s
 103071 74595 -5188.7990   57  272 -4752.2372 -5220.9224  9.86%  62.8  236s
 105784 76734 -4835.9504  189   55 -4752.2372 -5220.8545  9.86%  62.9  241s
 108082 78574 -5029.6098   54  319 -4752.2372 -5220.7475  9.86%  63.1  247s
 110426 80322 -4910.2479  109  326 -4752.2372 -5220.7152  9.86%  63.3  251s
 112416 81767 infeasible  222      -4752.2372 -5220.5739  9.86%  63.8  255s
 114178 82951 infeasible   86      -4752.2372 -5220.5685  9.85%  64.5  260s
 114816 83816 -4806.6898   91  182 -4752.2372 -5220.5546  9.85%  64.6  266s
 117030 86846 -4803.0532  236    9 -4752.2372 -5220.4048  9.85%  64.8  271s
 121004 89395 -5142.2903   72  249 -4752.2372 -5220.3610  9.85%  64.1  277s
 122143 91500 -4987.8891   93  202 -4752.2372 -5220.2738  9.85%  64.3  280s
 126001 93707 -4868.0078   65  183 -4752.2372 -5220.1803  9.85%  63.6  285s
 128037 94964 -4991.5440  116  173 -4752.2372 -5220.1342  9.85%  64.0  290s
 130371 97934 -4812.9302  107   85 -4752.2372 -5220.0491  9.84%  64.2  295s
 133570 101506 infeasible  210      -4752.2372 -5219.9231  9.84%  63.9  301s
 138083 103925 -5135.0541   66  166 -4752.2372 -5219.8569  9.84%  63.2  306s
 138921 105791 -5042.5603   93   93 -4752.2372 -5219.8253  9.84%  63.5  310s
 142953 109677 -5181.4747   43  327 -4752.2372 -5219.8175  9.84%  63.1  316s
 147498 111907 -4796.6497  114   32 -4752.2372 -5219.7649  9.84%  62.6  321s
H147646 111843                    -4752.444017 -5219.7603  9.83%  62.6  321s
 149092 113486 -4829.4576   99  107 -4752.4440 -5219.7524  9.83%  63.0  325s
*150436 92302             207    -4838.828041 -5219.7453  7.87%  63.3  328s
*150455 92162             225    -4839.416441 -5219.7453  7.86%  63.3  328s
 151098 92990     cutoff  117      -4839.4164 -5219.7058  7.86%  63.4  331s
 153651 94859 -5050.8824   88  165 -4839.4164 -5219.6365  7.86%  63.4  335s
H153852 94836                    -4839.552036 -5219.6365  7.85%  63.4  335s
 155496 96343 -5193.3638   51  319 -4839.5520 -5219.5738  7.85%  63.8  340s
 157389 98455 -4996.6201  117   80 -4839.5520 -5219.5565  7.85%  64.1  345s
 159678 100491 -5016.2537   99  121 -4839.5520 -5219.4699  7.85%  64.3  350s
 162561 103133 -5078.3747   54  427 -4839.5520 -5219.4451  7.85%  64.3  356s
 165770 105408 -4921.2986   78  193 -4839.5520 -5219.4451  7.85%  64.3  361s
*165917 103659             200    -4846.567095 -5219.4451  7.69%  64.3  361s
H166096 101007                    -4856.365582 -5219.4451  7.48%  64.3  361s
*167293 101392             166    -4857.997438 -5219.3333  7.44%  64.3  364s
 168150 102081 -5104.9048   69  151 -4857.9974 -5219.3333  7.44%  64.4  366s
H169356 93552                    -4890.771009 -5219.3333  6.72%  64.5  369s
H169874 93449                    -4891.245943 -5219.3333  6.71%  64.6  369s
 169902 94505     cutoff  107      -4891.2459 -5219.3192  6.71%  64.6  371s
 172850 97261 infeasible  220      -4891.2459 -5219.2059  6.71%  64.5  376s
H173370 97258                    -4891.324743 -5219.1965  6.70%  64.5  376s
 175780 98439 -5103.0904   68  141 -4891.3247 -5219.1028  6.70%  64.5  386s
 176619 100113 -5012.9577   96  139 -4891.3247 -5219.0642  6.70%  64.6  391s
 179224 102369 -4911.7885   86  252 -4891.3247 -5219.0147  6.70%  64.6  396s
 181789 103843 -5212.1195   52  342 -4891.3247 -5218.8949  6.70%  64.8  401s
 183454 105213 -4947.3353   83  193 -4891.3247 -5218.8483  6.70%  65.1  405s
H183975 105152                    -4891.538512 -5218.8159  6.69%  65.2  405s
 185427 106644 -5038.9337   75  168 -4891.5385 -5218.7924  6.69%  65.3  410s
H187247 106621                    -4894.326280 -5218.7264  6.63%  65.6  413s
 187333 107659 -5151.8449   62  184 -4894.3263 -5218.7205  6.63%  65.6  416s
H189336 108411                    -4894.461875 -5218.6786  6.62%  65.7  419s
 189649 109094     cutoff   47      -4894.4619 -5218.6766  6.62%  65.8  422s
 191642 110748 -5211.7453   44  439 -4894.4619 -5218.6395  6.62%  66.1  427s
H192383 106138                    -4906.167830 -5218.5926  6.37%  66.1  427s
H192632 105758                    -4908.281633 -5218.5887  6.32%  66.2  430s
H193167 92357                    -4941.572149 -5218.5887  5.61%  66.2  430s
 194466 94009 -5213.3919   46  424 -4941.5721 -5218.5232  5.60%  66.3  435s
 196645 95786 -5209.7945   55  237 -4941.5721 -5218.4584  5.60%  66.5  440s
H198952 96775                    -4942.460501 -5218.4129  5.58%  66.6  445s
H199102 93502                    -4950.053723 -5218.3831  5.42%  66.6  445s
H199261 73820                    -4995.382439 -5218.3831  4.46%  66.7  445s
 200770 75378 -5132.3334   86  142 -4995.3824 -5218.3170  4.46%  66.8  450s
 202709 76725 -5019.4048   46  236 -4995.3824 -5218.2765  4.46%  67.0  455s
 204957 78411 -5040.0363   56  274 -4995.3824 -5218.1710  4.46%  67.3  460s
 207084 79769 -5128.6582   52  269 -4995.3824 -5218.0713  4.46%  67.5  465s
 208740 81187 -5042.5752   77  248 -4995.3824 -5217.9927  4.46%  67.8  470s
 210941 83051 infeasible  192      -4995.3824 -5217.9434  4.46%  68.1  476s
 213014 83891 -5160.6841   57  343 -4995.3824 -5217.9398  4.46%  68.3  483s
H213048 82812                    -4997.382675 -5217.9398  4.41%  68.3  483s
 213097 83551 -5042.0881   63  245 -4997.3827 -5217.8992  4.41%  68.4  485s
 214968 85399 -5180.1714   42  330 -4997.3827 -5217.8528  4.41%  68.7  491s
H216278 82769                    -5002.990186 -5217.8528  4.29%  68.7  491s
 217478 84718 -5052.9757   57  255 -5002.9902 -5217.7542  4.29%  68.8  496s
 219913 86392 -5183.2405   59  178 -5002.9902 -5217.6843  4.29%  68.9  502s
 221017 87156 -5201.1222   52  251 -5002.9902 -5217.6691  4.29%  69.0  505s
 222952 88486 -5161.7117   52  305 -5002.9902 -5217.6190  4.29%  69.3  510s
 224528 89593 -5094.8831   50  339 -5002.9902 -5217.5664  4.29%  69.6  516s
 226583 91290 -5130.2583   46  429 -5002.9902 -5217.4699  4.29%  69.8  521s
H226949 90399                    -5004.766827 -5217.4402  4.25%  69.9  521s
 228838 91922 -5215.5387   43  387 -5004.7668 -5217.3850  4.25%  70.0  527s
 230898 93361 -5176.4138   60  291 -5004.7668 -5217.3018  4.25%  70.2  532s
 232887 94981 -5013.9926   81  287 -5004.7668 -5217.1834  4.24%  70.4  537s
 234056 95773 -5158.9186   69  163 -5004.7668 -5217.1335  4.24%  70.5  540s
 235905 97001 -5099.6500   56  170 -5004.7668 -5217.0299  4.24%  70.7  545s
 237665 98484 -5166.3065   64  266 -5004.7668 -5216.9889  4.24%  71.0  550s
 239987 100080 -5176.0964   47  421 -5004.7668 -5216.8706  4.24%  71.1  555s
 242295 101610 -5197.1047   58  371 -5004.7668 -5216.7765  4.24%  71.3  560s
 244376 103588 -5004.8413  106   53 -5004.7668 -5216.6950  4.23%  71.5  566s
 246932 105378 -5120.0767   83  194 -5004.7668 -5216.5908  4.23%  71.5  571s
H247252 104765                    -5005.854331 -5216.5806  4.21%  71.5  571s
 249057 106147 -5109.1869   47  283 -5005.8543 -5216.4842  4.21%  71.7  576s
 251131 107813 -5038.1142   48  309 -5005.8543 -5216.4090  4.21%  71.9  582s
 253211 109334 -5189.4917   53  187 -5005.8543 -5216.3116  4.20%  72.1  587s
H254219 106258                    -5010.648940 -5216.3007  4.10%  72.2  587s
 254299 106926 -5189.3312   51  346 -5010.6489 -5216.2771  4.10%  72.2  590s
 256330 108262 -5201.1507   48  335 -5010.6489 -5216.2108  4.10%  72.4  595s
 258293 109822 -5085.6453   87  213 -5010.6489 -5216.1518  4.10%  72.6  601s
 260686 111696 -5023.9759   54  255 -5010.6489 -5216.0776  4.10%  72.7  606s
H261582 111012                    -5011.618171 -5216.0698  4.08%  72.8  606s
 261662 111918 -5213.0834   36  425 -5011.6182 -5216.0698  4.08%  72.8  610s
 263858 113466 -5027.0289   70  266 -5011.6182 -5215.9935  4.08%  73.0  615s
 265900 115085 -5198.0285   54  361 -5011.6182 -5215.8877  4.08%  73.2  620s
 268170 116680 -5201.9435   52  266 -5011.6182 -5215.8143  4.07%  73.3  626s
 269966 118236 -5139.2799   59  414 -5011.6182 -5215.7659  4.07%  73.6  632s
 271357 119079 -5079.0431   65  193 -5011.6182 -5215.6872  4.07%  73.6  635s
 273700 120945 -5169.9627   42  302 -5011.6182 -5215.6063  4.07%  73.7  641s
 275919 122314 -5017.6370   71  314 -5011.6182 -5215.4981  4.07%  73.9  646s
 278103 123813 -5202.3933   52  282 -5011.6182 -5215.4405  4.07%  74.0  651s
 279976 125204 -5199.1472   52  266 -5011.6182 -5215.3489  4.07%  74.2  657s
 280852 125830 -5131.8791   61  402 -5011.6182 -5215.3240  4.06%  74.3  660s
 282784 127167 -5118.4798   61  451 -5011.6182 -5215.2823  4.06%  74.6  666s
 284745 128935 -5185.9831   52  223 -5011.6182 -5215.2041  4.06%  74.8  672s
 286168 129756 -5033.1711   56  329 -5011.6182 -5215.1772  4.06%  74.8  675s
 288192 131055 -5095.8073   69  239 -5011.6182 -5215.0885  4.06%  75.0  680s
 290002 132513 infeasible  116      -5011.6182 -5215.0472  4.06%  75.2  685s
 292243 134410 infeasible  199      -5011.6182 -5214.9582  4.06%  75.4  692s
 293396 135437 -5152.0062   56  233 -5011.6182 -5214.9162  4.06%  75.4  695s
 295711 137198 -5056.2011   76  189 -5011.6182 -5214.8768  4.06%  75.6  701s
 298159 138854 -5065.8437   77  201 -5011.6182 -5214.7913  4.05%  75.7  706s
 300305 140494 -5187.6963   45  356 -5011.6182 -5214.6819  4.05%  75.8  712s
 301430 141235 -5038.8765   68  308 -5011.6182 -5214.6443  4.05%  75.9  715s
 303350 142860 -5014.9707   58  296 -5011.6182 -5214.5725  4.05%  76.1  721s
 305819 144371 -5148.6825   47  282 -5011.6182 -5214.4527  4.05%  76.2  727s
 306932 145117 -5027.9947   71  272 -5011.6182 -5214.4151  4.05%  76.3  730s
 309004 146521 -5152.5008   51  436 -5011.6182 -5214.3558  4.05%  76.5  737s
 309988 147173 -5053.0664   70  212 -5011.6182 -5214.3399  4.05%  76.6  740s
 311826 148427 -5183.5544   54  260 -5011.6182 -5214.2665  4.04%  76.8  745s
 313694 150069 -5205.5127   49  382 -5011.6182 -5214.2231  4.04%  77.1  752s
 315065 150906 -5062.1365   79  179 -5011.6182 -5214.2018  4.04%  77.1  755s
 317361 152721 -5201.3142   46  382 -5011.6182 -5214.1239  4.04%  77.2  761s
H319551 151506                    -5014.121403 -5214.0838  3.99%  77.3  764s
 320020 152396 -5027.7814  140   45 -5014.1214 -5214.0756  3.99%  77.3  767s
 321230 153209 -5048.8716   54  185 -5014.1214 -5214.0394  3.99%  77.4  770s
 323389 154632 -5137.4417   50  325 -5014.1214 -5213.9754  3.99%  77.5  776s
 325164 155944 -5181.1598   43  318 -5014.1214 -5213.9264  3.98%  77.8  782s
 326191 156746 -5022.4192   77  186 -5014.1214 -5213.8967  3.98%  77.9  785s
 328493 158275 -5177.6538   49  512 -5014.1214 -5213.8089  3.98%  78.0  790s
 330898 160384     cutoff   98      -5014.1214 -5213.7696  3.98%  78.1  797s
 332275 161068 -5190.6481   49  355 -5014.1214 -5213.7369  3.98%  78.1  800s
 334162 162227 -5118.7045   58  268 -5014.1214 -5213.6761  3.98%  78.3  806s
 335786 164094 -5098.5417   68  164 -5014.1214 -5213.6072  3.98%  78.6  813s
 337273 164783 -5050.2942   81  271 -5014.1214 -5213.5862  3.98%  78.6  816s
 339369 166530 -5181.0108   52  244 -5014.1214 -5213.4907  3.98%  78.7  822s
 340662 167346 -5189.2120   46  569 -5014.1214 -5213.4509  3.98%  78.7  825s
 342612 168685 -5157.0112   50  309 -5014.1214 -5213.3688  3.97%  78.9  831s
 344721 170084 -5167.3349   56  475 -5014.1214 -5213.2970  3.97%  79.0  837s
 345508 170916 -5028.0969   59  182 -5014.1214 -5213.2648  3.97%  79.1  840s
 347791 172447 infeasible   49      -5014.1214 -5213.1861  3.97%  79.2  847s
 348744 173405 -5112.3238   69  206 -5014.1214 -5213.1510  3.97%  79.3  850s
 351214 175066 -5092.4623   66  322 -5014.1214 -5213.0844  3.97%  79.4  856s
 353493 176489 -5060.6746   59  214 -5014.1214 -5213.0062  3.97%  79.5  863s
 354264 177337 -5186.7934   49  290 -5014.1214 -5212.9685  3.97%  79.6  866s
 356590 179010 -5164.0417   44  329 -5014.1214 -5212.8955  3.96%  79.7  872s
 357706 179709 -5038.0986   51  370 -5014.1214 -5212.8554  3.96%  79.8  875s
 359701 181048 -5036.3481   43  289 -5014.1214 -5212.8246  3.96%  80.0  882s
 360641 181526 -5070.8515   53  404 -5014.1214 -5212.7714  3.96%  80.1  885s
 362323 182983 -5157.0773   67  139 -5014.1214 -5212.6893  3.96%  80.3  891s
 363415 183848 -5134.4678   62  320 -5014.1214 -5212.6600  3.96%  80.3  895s
 365527 185537 -5127.1915   60  385 -5014.1214 -5212.5935  3.96%  80.5  901s
 367443 186793 -5195.3429   52  425 -5014.1214 -5212.5211  3.96%  80.6  908s
 368538 187478 -5030.3929   83  211 -5014.1214 -5212.4878  3.96%  80.6  911s
 370617 189232 -5166.5827   44  254 -5014.1214 -5212.4097  3.95%  80.8  918s
 371894 190275 -5060.7126   54  268 -5014.1214 -5212.3785  3.95%  80.9  922s
 373328 191034 -5050.8045   71  144 -5014.1214 -5212.3477  3.95%  80.9  925s
H375497 192295                    -5014.121404 -5212.2788  3.95%  81.1  932s
 376196 193237     cutoff   90      -5014.1214 -5212.2534  3.95%  81.1  935s
 378403 194897 -5181.2888   51  347 -5014.1214 -5212.1982  3.95%  81.2  942s
 379659 195711 -5029.9634   81  279 -5014.1214 -5212.1477  3.95%  81.3  945s
 381891 197347 infeasible  100      -5014.1214 -5212.0898  3.95%  81.4  952s
 383029 198190 -5179.8040   50  477 -5014.1214 -5212.0587  3.95%  81.4  955s
 385253 199626 -5064.2564   69  189 -5014.1214 -5211.9848  3.95%  81.6  961s
 386232 200401 -5158.3283   54  216 -5014.1214 -5211.9410  3.95%  81.7  965s
 388639 202195 -5159.3110   64  255 -5014.1214 -5211.8598  3.94%  81.8  971s
 389685 202555     cutoff   67      -5014.1214 -5211.8158  3.94%  81.9  976s
 391656 204638 infeasible  155      -5014.1214 -5211.7831  3.94%  81.9  983s
 392832 205419 -5184.4875   57  333 -5014.1214 -5211.7406  3.94%  82.0  986s
H393013 205419                    -5014.121408 -5211.7348  3.94%  82.0  986s
 393888 205832     cutoff   92      -5014.1214 -5211.7161  3.94%  82.0  990s
H394350 205693                    -5014.249758 -5211.6912  3.94%  82.1  990s
 395382 207189 -5195.7748   53  314 -5014.2498 -5211.6591  3.94%  82.2  997s
 396617 208143 -5142.7279   59  233 -5014.2498 -5211.6245  3.94%  82.3 1001s
 399494 210296 -5176.6719   48  237 -5014.2498 -5211.5521  3.93%  82.3 1007s
 400826 211199 -5203.6979   43  465 -5014.2498 -5211.5137  3.93%  82.3 1011s
 403097 212638 -5075.6974   61  264 -5014.2498 -5211.4238  3.93%  82.4 1018s
H403878 211502                    -5015.209271 -5211.4070  3.91%  82.5 1018s
 404082 212510 infeasible   69      -5015.2093 -5211.4031  3.91%  82.5 1022s
 405437 213337 -5097.4792   73   53 -5015.2093 -5211.3725  3.91%  82.6 1026s
 406586 213856 -5126.4243   50  314 -5015.2093 -5211.3416  3.91%  82.7 1030s
 408500 215490 -5122.5758   59  260 -5015.2093 -5211.3215  3.91%  82.8 1037s
 409555 216175 infeasible   57      -5015.2093 -5211.2890  3.91%  82.9 1040s
 411863 218026 -5032.4498  116  162 -5015.2093 -5211.2365  3.91%  83.1 1048s
 412978 218038 -5102.1890   53  303 -5015.2093 -5211.2141  3.91%  83.2 1054s
 412990 218810 -5060.5504   54  334 -5015.2093 -5211.2125  3.91%  83.2 1057s
 414131 219655 -5022.6726   72  204 -5015.2093 -5211.1801  3.91%  83.2 1061s
 415292 220884 -5053.2626   65   91 -5015.2093 -5211.1475  3.91%  83.3 1065s
 417589 222476 -5153.5779   62  203 -5015.2093 -5211.0863  3.91%  83.3 1072s
 419170 223117     cutoff   74      -5015.2093 -5211.0648  3.91%  83.3 1075s
 421377 224704 -5118.5239   64  304 -5015.2093 -5211.0030  3.90%  83.5 1083s
 422470 225628 -5168.3510   59  231 -5015.2093 -5210.9673  3.90%  83.6 1086s
 423698 226557 -5070.3178   65  329 -5015.2093 -5210.9299  3.90%  83.7 1090s
 425944 228464 -5162.2337   58  291 -5015.2093 -5210.8886  3.90%  83.8 1097s
 427359 229344 -5165.1815   54  322 -5015.2093 -5210.8543  3.90%  83.8 1101s
 429499 230581 -5025.1702   67  155 -5015.2093 -5210.7853  3.90%  84.0 1108s
 430470 231488 -5077.2120   68  182 -5015.2093 -5210.7609  3.90%  84.1 1112s
 431745 232065 -5162.5159   50  266 -5015.2093 -5210.7263  3.90%  84.2 1115s
 433768 233650 -5159.8691   58  320 -5015.2093 -5210.6375  3.90%  84.2 1123s
 434722 234397     cutoff   69      -5015.2093 -5210.5906  3.90%  84.3 1127s
 435832 235483 -5154.9502   42  396 -5015.2093 -5210.5661  3.90%  84.4 1131s
 437292 236531 -5196.5153   42  371 -5015.2093 -5210.5374  3.89%  84.5 1135s
 440030 238085 -5021.2808  150   69 -5015.2093 -5210.4962  3.89%  84.5 1142s
 441071 238917 -5088.0587   51  290 -5015.2093 -5210.4764  3.89%  84.6 1146s
 442236 239726 -5044.5863   74  226 -5015.2093 -5210.4613  3.89%  84.7 1150s
 444599 241667 -5071.8587   62  165 -5015.2093 -5210.4059  3.89%  84.8 1157s
 445859 242878 -5149.7444   63  334 -5015.2093 -5210.3563  3.89%  84.9 1162s
 447390 243950 -5201.3332   45  468 -5015.2093 -5210.3304  3.89%  84.9 1166s
 448739 244848 -5132.6171   77  265 -5015.2093 -5210.3132  3.89%  84.9 1170s
 451367 246756     cutoff   56      -5015.2093 -5210.2541  3.89%  85.0 1178s
 452942 247599 -5155.4079   52  348 -5015.2093 -5210.2240  3.89%  85.0 1181s
 454166 248544 -5158.8777   50  408 -5015.2093 -5210.1658  3.89%  85.1 1185s
 456630 250194 -5031.1065   59  253 -5015.2093 -5210.1025  3.89%  85.2 1192s
 457801 251137 -5143.7908   62  349 -5015.2093 -5210.0619  3.89%  85.3 1195s
 459707 252380 -5200.0999   45  263 -5015.2093 -5210.0204  3.88%  85.3 1200s
 461949 254136 -5028.1423   71  203 -5015.2093 -5209.9656  3.88%  85.4 1207s
 463124 254997 -5090.5251   66  260 -5015.2093 -5209.9313  3.88%  85.4 1210s
 465550 256848 -5069.2601   61  261 -5015.2093 -5209.8999  3.88%  85.5 1218s
 466861 257743 -5021.7837   89   79 -5015.2093 -5209.8691  3.88%  85.6 1221s
 468087 258522 -5147.9135   48  424 -5015.2093 -5209.8471  3.88%  85.6 1225s
 470619 260456     cutoff   43      -5015.2093 -5209.7693  3.88%  85.7 1232s
 471744 261373 -5036.6604   69  217 -5015.2093 -5209.7490  3.88%  85.8 1236s
 473001 262273 -5130.5535   59  376 -5015.2093 -5209.7141  3.88%  85.8 1240s
 475642 264515 -5043.4262   78  338 -5015.2093 -5209.6612  3.88%  85.9 1247s
 477125 265475 -5096.6271   48  433 -5015.2093 -5209.6221  3.88%  85.9 1251s
 479607 267111 -5157.4190   53  302 -5015.2093 -5209.5621  3.88%  86.0 1258s
 480681 268058 -5193.5656   56  291 -5015.2093 -5209.5389  3.87%  86.1 1262s
 481920 269155 -5047.6799   71  244 -5015.2093 -5209.5317  3.87%  86.1 1265s
 485091 271457 -5083.8643   57  322 -5015.2093 -5209.4430  3.87%  86.1 1273s
 486296 272331 -5140.9380   62  377 -5015.2093 -5209.3951  3.87%  86.2 1277s
 487570 273270 -5031.4726   51  300 -5015.2093 -5209.3590  3.87%  86.2 1281s
 490286 275266 -5041.1642   71  232 -5015.2093 -5209.2970  3.87%  86.3 1288s
 491636 276248 -5117.2532   73  303 -5015.2093 -5209.2610  3.87%  86.3 1292s
 493081 277275 -5097.6128   76  314 -5015.2093 -5209.2210  3.87%  86.3 1296s
 494516 278171 -5096.2954   64  248 -5015.2093 -5209.1918  3.87%  86.4 1300s
 496886 279902     cutoff   71      -5015.2093 -5209.1368  3.87%  86.5 1307s
 498270 280589 -5028.0931   65  195 -5015.2093 -5209.1032  3.87%  86.5 1311s
 499461 281803 -5118.1514   40  394 -5015.2093 -5209.0596  3.87%  86.6 1316s
 501073 282764 -5102.6648   56  328 -5015.2093 -5209.0223  3.86%  86.6 1320s
 503768 284735 -5101.0699   55  322 -5015.2093 -5208.9701  3.86%  86.6 1328s
 505063 285482 -5162.3682   54  438 -5015.2093 -5208.9539  3.86%  86.7 1331s
 506227 286635 -5040.4651   47  228 -5015.2093 -5208.8945  3.86%  86.7 1335s
 509360 288848 -5147.4138   56  296 -5015.2093 -5208.8269  3.86%  86.7 1343s
 510651 289751 -5074.0203   51  380 -5015.2093 -5208.8048  3.86%  86.8 1347s
 511892 290780 -5143.5045   58  376 -5015.2093 -5208.7656  3.86%  86.9 1351s
 513341 292151 -5153.7723   49  290 -5015.2093 -5208.7287  3.86%  86.9 1355s
 515034 292684 -5194.8615   53  362 -5015.2093 -5208.7070  3.86%  86.8 1360s
 516885 294278 -5130.0447   61  366 -5015.2093 -5208.6471  3.86%  87.0 1367s
 518233 295125 -5158.7427   60  325 -5015.2093 -5208.6070  3.86%  87.0 1371s
 519403 296166 -5120.7389   53  246 -5015.2093 -5208.5780  3.86%  87.1 1376s
 520733 297494 -5111.1062   75  233 -5015.2093 -5208.5431  3.85%  87.1 1380s
 524003 299571 -5088.1757   50  394 -5015.2093 -5208.5066  3.85%  87.2 1389s
 525225 300690 -5159.8800   52  322 -5015.2093 -5208.4876  3.85%  87.2 1393s
 526685 302054 -5178.4590   57  203 -5015.2093 -5208.4741  3.85%  87.3 1398s
 528337 302961 -5150.0790   56  303 -5015.2093 -5208.4390  3.85%  87.3 1402s
 529545 304095 -5043.6595   52  371 -5015.2093 -5208.4016  3.85%  87.3 1407s
 530992 305012 -5020.2248   77  138 -5015.2093 -5208.3886  3.85%  87.4 1411s
 532233 306368 -5184.8451   52  424 -5015.2093 -5208.3650  3.85%  87.4 1415s
 533851 307508 -5073.1034   68  192 -5015.2093 -5208.3433  3.85%  87.5 1420s
 536812 309432 -5054.5931   56  309 -5015.2093 -5208.2899  3.85%  87.5 1428s
 538088 310268 -5113.3368   50  442 -5015.2093 -5208.2618  3.85%  87.6 1432s
 539272 311148 -5192.6237   53  361 -5015.2093 -5208.2302  3.85%  87.6 1436s
 540522 312145 -5129.5791   55  415 -5015.2093 -5208.2000  3.85%  87.7 1440s
 541872 313772 -5130.9724   53  282 -5015.2093 -5208.1610  3.85%  87.7 1445s
 545479 315823 -5188.5004   42  482 -5015.2093 -5208.1322  3.85%  87.7 1453s
 546884 316631 -5138.2894   65  343 -5015.2093 -5208.1142  3.85%  87.7 1457s
 548194 317382 -5080.3143   55  370 -5015.2093 -5208.0966  3.85%  87.8 1461s
 549512 318316 -5021.5142   55  323 -5015.2093 -5208.0669  3.85%  87.8 1465s
 552254 320021 -5101.6410   48  347 -5015.2093 -5207.9922  3.84%  87.9 1472s
 553407 320947 -5036.9773   49  333 -5015.2093 -5207.9527  3.84%  87.9 1476s
 554665 322105 -5120.6294   58  313 -5015.2093 -5207.9426  3.84%  88.0 1480s
 556113 323763 -5132.2609   64  200 -5015.2093 -5207.8943  3.84%  88.0 1485s
 559805 325901 -5068.3870   85  310 -5015.2093 -5207.8700  3.84%  88.0 1493s
 561281 326785 -5168.2004   53  290 -5015.2093 -5207.8479  3.84%  88.0 1497s
 562463 327636     cutoff   61      -5015.2093 -5207.8323  3.84%  88.0 1501s
 563738 328671 -5119.6186   61  313 -5015.2093 -5207.7928  3.84%  88.1 1505s
 566245 330749 -5085.2494   60  204 -5015.2093 -5207.7223  3.84%  88.2 1514s
 567760 331710     cutoff   69      -5015.2093 -5207.7097  3.84%  88.2 1518s
 569134 332665 -5156.6008   50  278 -5015.2093 -5207.6669  3.84%  88.2 1522s
 570474 333557 -5195.6621   55  320 -5015.2093 -5207.6370  3.84%  88.3 1525s
 573036 335537 -5086.0338   76  186 -5015.2093 -5207.5639  3.84%  88.3 1533s
 574506 336602     cutoff   65      -5015.2093 -5207.5253  3.83%  88.4 1537s
 575984 337859 -5150.4126   57  350 -5015.2093 -5207.4833  3.83%  88.4 1541s
 577637 339019 -5196.7472   52  364 -5015.2093 -5207.4557  3.83%  88.4 1545s
 579157 340136 -5021.7990   67  243 -5015.2093 -5207.4247  3.83%  88.4 1550s
 582114 342115 -5097.2363   62  277 -5015.2093 -5207.3765  3.83%  88.4 1558s
 583404 342983 -5163.2927   52  312 -5015.2093 -5207.3436  3.83%  88.4 1562s
 584644 343960 -5177.6882   54  445 -5015.2093 -5207.3298  3.83%  88.5 1565s
 587535 346189 -5088.9395   71  249 -5015.2093 -5207.2603  3.83%  88.6 1573s
 589009 346861 -5017.1987   68  237 -5015.2093 -5207.2198  3.83%  88.6 1577s
 590045 347742 -5059.3125   70  225 -5015.2093 -5207.1881  3.83%  88.6 1581s
 591236 348654 -5073.7543  103  243 -5015.2093 -5207.1711  3.83%  88.7 1585s
 593907 350554 -5025.6046   61  297 -5015.2093 -5207.1016  3.83%  88.7 1592s
 595138 351485 -5019.0000   62  327 -5015.2093 -5207.0574  3.83%  88.8 1596s
 596394 352216     cutoff   72      -5015.2093 -5207.0254  3.82%  88.8 1600s
 598924 354553 -5104.3559   56  319 -5015.2093 -5206.9750  3.82%  88.9 1609s
 600785 355319 -5193.3254   45  376 -5015.2093 -5206.9360  3.82%  88.9 1613s
 602245 356376 -5164.0183   43  422 -5015.2093 -5206.9107  3.82%  88.9 1617s
 603669 357361 -5106.2336   74  304 -5015.2093 -5206.8893  3.82%  88.9 1621s
 604990 358296 -5017.7330   74  228 -5015.2093 -5206.8697  3.82%  89.0 1626s
 606353 359075 -5081.9725   71  213 -5015.2093 -5206.8483  3.82%  89.0 1630s
 608830 361042 -5029.1419   57  335 -5015.2093 -5206.7526  3.82%  89.1 1638s
 610291 362063 -5021.5649   88  248 -5015.2093 -5206.7223  3.82%  89.1 1642s
 611641 362954 -5065.1189   68  230 -5015.2093 -5206.7017  3.82%  89.1 1646s
 612874 364065 -5183.6231   55  440 -5015.2093 -5206.6559  3.82%  89.2 1650s
 615894 366290 -5123.3289   81  217 -5015.2093 -5206.5786  3.82%  89.2 1658s
 617315 367321     cutoff  123      -5015.2093 -5206.5499  3.82%  89.3 1663s
 618697 368363 -5140.8709   48  249 -5015.2093 -5206.5279  3.81%  89.3 1667s
 620029 369394 -5083.7836   68  260 -5015.2093 -5206.4985  3.81%  89.3 1671s
 621452 370448 -5034.3127   65  209 -5015.2093 -5206.4839  3.81%  89.4 1675s
 624500 372614 -5045.0419   56  332 -5015.2093 -5206.4070  3.81%  89.4 1683s
 626104 373592 -5116.9930   48  334 -5015.2093 -5206.3766  3.81%  89.4 1687s
 627490 374642 -5063.5792   68  289 -5015.2093 -5206.3583  3.81%  89.4 1692s
 628940 375537 -5032.1914   58  291 -5015.2093 -5206.3245  3.81%  89.5 1696s
 630316 376496 -5075.8036   50  395 -5015.2093 -5206.2952  3.81%  89.5 1700s
 633279 378702 -5106.2682   67  280 -5015.2093 -5206.2311  3.81%  89.6 1709s
 634886 379623 -5179.4985   49  253 -5015.2093 -5206.1879  3.81%  89.5 1713s
 636377 380318 -5085.2915   64  273 -5015.2093 -5206.1714  3.81%  89.6 1717s
 637610 381155 -5019.6630   66  241 -5015.2093 -5206.1605  3.81%  89.6 1722s
 638965 381877     cutoff   67      -5015.2093 -5206.1185  3.81%  89.7 1726s
 639995 382878 -5154.0608   50  280 -5015.2093 -5206.0882  3.81%  89.7 1730s
 642497 384512     cutoff   74      -5015.2093 -5206.0474  3.81%  89.8 1737s
 643919 385538 -5157.0161   51  331 -5015.2093 -5206.0227  3.80%  89.8 1741s
 645424 386472 -5139.7866   55  344 -5015.2093 -5205.9690  3.80%  89.8 1745s
 648082 388479 -5158.0952   63  253 -5015.2093 -5205.8950  3.80%  89.9 1754s
 649484 389623 -5040.7076   57  244 -5015.2093 -5205.8788  3.80%  89.9 1759s
 650983 390531 -5101.1414   47  334 -5015.2093 -5205.8594  3.80%  90.0 1763s
 652215 391536 -5108.2988   46  316 -5015.2093 -5205.8338  3.80%  90.0 1768s
 653652 392571 -5184.9207   51  398 -5015.2093 -5205.8009  3.80%  90.0 1772s
 655024 393729 -5103.4800   62  322 -5015.2093 -5205.7695  3.80%  90.1 1776s
 656588 394910 -5092.1409   78  197 -5015.2093 -5205.7527  3.80%  90.1 1780s
 658120 396088 -5021.9149   78  163 -5015.2093 -5205.7394  3.80%  90.1 1785s
 659955 397313     cutoff   71      -5015.2093 -5205.7104  3.80%  90.1 1790s
 663220 399120     cutoff   67      -5015.2093 -5205.6539  3.80%  90.1 1798s
 664510 400106 -5101.6708   65  348 -5015.2093 -5205.6242  3.80%  90.1 1802s
 665874 400909     cutoff   62      -5015.2093 -5205.5897  3.80%  90.1 1806s
 667168 401875 -5029.3996   67  158 -5015.2093 -5205.5593  3.80%  90.2 1811s
 668554 402949 -5068.3611   72  205 -5015.2093 -5205.5251  3.79%  90.2 1815s
 671856 405567 -5146.4646   62  272 -5015.2093 -5205.4748  3.79%  90.2 1824s
 673436 406669 -5015.5456   79  223 -5015.2093 -5205.4475  3.79%  90.2 1828s
 674962 406956 -5057.5503   47  301 -5015.2093 -5205.4045  3.79%  90.2 1833s
 675363 407877 -5141.4149   57  415 -5015.2093 -5205.4022  3.79%  90.2 1837s
 676703 408929 -5040.6073   49  246 -5015.2093 -5205.3662  3.79%  90.3 1841s
 678194 410143 -5033.5730   52  294 -5015.2093 -5205.3435  3.79%  90.3 1845s
 681033 411862 -5107.6165   58  289 -5015.2093 -5205.2683  3.79%  90.3 1854s
 682249 412639 -5126.7690   43  331 -5015.2093 -5205.2441  3.79%  90.4 1858s
 683367 413420 -5112.2737   46  454 -5015.2093 -5205.2208  3.79%  90.5 1862s
 684571 414187 -5018.0225   65  258 -5015.2093 -5205.2000  3.79%  90.5 1866s
 685714 415612 -5151.1931   43  404 -5015.2093 -5205.1486  3.79%  90.6 1871s
 687603 416711 -5066.2799   72  194 -5015.2093 -5205.1449  3.79%  90.6 1875s
 690424 418599 -5118.1823   50  223 -5015.2093 -5205.0892  3.79%  90.6 1884s
 691749 419585 -5104.5608   53  326 -5015.2093 -5205.0607  3.79%  90.7 1888s
 693118 420805 -5187.6853   52  338 -5015.2093 -5205.0369  3.79%  90.7 1892s
 694832 421857 -5175.8443   42  494 -5015.2093 -5205.0006  3.78%  90.7 1897s
 696241 423027 -5037.1931  112  155 -5015.2093 -5204.9644  3.78%  90.7 1901s
 697710 423994 -5138.8022   49  412 -5015.2093 -5204.9411  3.78%  90.8 1905s
 699077 425109 -5131.0859   59  400 -5015.2093 -5204.8989  3.78%  90.8 1910s
 700568 426017 -5139.4356   50  362 -5015.2093 -5204.8784  3.78%  90.8 1915s
 703421 428382 -5190.5939   45  416 -5015.2093 -5204.8354  3.78%  90.9 1924s
 704983 429165 -5059.1317   77  236 -5015.2093 -5204.8112  3.78%  90.9 1928s
 706222 430092 -5176.1740   46  273 -5015.2093 -5204.7735  3.78%  91.0 1933s
 707527 431152 -5182.4515   51  461 -5015.2093 -5204.7527  3.78%  91.0 1937s
 708915 432059 -5156.0848   50  376 -5015.2093 -5204.7265  3.78%  91.1 1942s
 710163 433031 -5039.0488   61  304 -5015.2093 -5204.7127  3.78%  91.1 1946s
 711480 434224 -5019.0031  130  122 -5015.2093 -5204.6975  3.78%  91.2 1951s
 713037 435119     cutoff  113      -5015.2093 -5204.6667  3.78%  91.2 1955s
 715476 436870 -5017.1555   73   68 -5015.2093 -5204.6107  3.78%  91.3 1964s
 717040 437511 -5178.4750   40  385 -5015.2093 -5204.5934  3.78%  91.3 1968s
 718082 438653 -5183.0827   62  439 -5015.2093 -5204.5567  3.78%  91.4 1973s
 719565 439551 -5176.0269   49  328 -5015.2093 -5204.5305  3.77%  91.4 1977s
 720892 440643 -5188.6705   47  456 -5015.2093 -5204.5006  3.77%  91.4 1982s
 722330 441574 -5135.9859   60  264 -5015.2093 -5204.4673  3.77%  91.5 1986s
 723668 442655 -5081.0223   57  323 -5015.2093 -5204.4434  3.77%  91.5 1990s
 725133 443674 -5140.9014   51  321 -5015.2093 -5204.4258  3.77%  91.5 1995s
 727852 445984     cutoff   44      -5015.2093 -5204.3676  3.77%  91.6 2004s
 729744 447059 -5155.4262   58  369 -5015.2093 -5204.3332  3.77%  91.6 2008s
 731186 448030 -5030.5768   78  279 -5015.2093 -5204.3051  3.77%  91.6 2013s
 732741 449055 -5169.1302   58  276 -5015.2093 -5204.2635  3.77%  91.6 2017s
 734159 450122 -5169.2062   55  272 -5015.2093 -5204.2376  3.77%  91.6 2022s
 735627 451078 -5153.5893   57  381 -5015.2093 -5204.2010  3.77%  91.7 2027s
 736972 451885     cutoff   77      -5015.2093 -5204.1702  3.77%  91.7 2031s
 738205 453048 -5066.2029   66  233 -5015.2093 -5204.1409  3.77%  91.8 2036s
 739799 454010 -5113.7996   51  361 -5015.2093 -5204.1144  3.77%  91.8 2041s
 741178 454997 -5148.3119   65  347 -5015.2093 -5204.0887  3.77%  91.8 2045s
 742562 456015 -5115.1722   51  498 -5015.2093 -5204.0664  3.77%  91.8 2050s
 743912 457102 -5154.2712   51  404 -5015.2093 -5204.0379  3.77%  91.9 2055s
 746548 458907     cutoff   66      -5015.2093 -5204.0057  3.76%  92.0 2063s
 747968 459951 -5051.8870   59  340 -5015.2093 -5203.9764  3.76%  92.0 2068s
 749418 461084 -5143.1394   72  305 -5015.2093 -5203.9461  3.76%  92.0 2072s
 750973 461814 -5166.8604   47  289 -5015.2093 -5203.9177  3.76%  92.0 2077s
 752290 462665 -5179.1037   41  373 -5015.2093 -5203.8912  3.76%  92.1 2081s
 753525 463887 -5092.4685   40  382 -5015.2093 -5203.8754  3.76%  92.1 2085s
 755081 464977 -5044.1008   71  199 -5015.2093 -5203.8512  3.76%  92.1 2090s
 756598 466012 -5190.6461   53  312 -5015.2093 -5203.8390  3.76%  92.2 2095s
 759373 467880 -5023.5537   64  421 -5015.2093 -5203.7810  3.76%  92.2 2103s
 760818 468784 -5157.9036   55  417 -5015.2093 -5203.7579  3.76%  92.2 2107s
 762096 469910 -5075.8637   64  189 -5015.2093 -5203.7298  3.76%  92.3 2112s
 763611 470952 -5189.0846   54  417 -5015.2093 -5203.7070  3.76%  92.3 2116s
 764994 472073 -5126.5406   63  417 -5015.2093 -5203.6673  3.76%  92.3 2121s
 766549 472894 -5152.6752   59  262 -5015.2093 -5203.6440  3.76%  92.3 2125s
 767820 473754 -5113.2850   59  314 -5015.2093 -5203.6045  3.76%  92.4 2130s
 769104 475028 -5097.2146   59  254 -5015.2093 -5203.5826  3.76%  92.4 2135s
 772138 476873 -5097.6495   53  306 -5015.2093 -5203.5293  3.75%  92.5 2144s
 773386 478275 -5107.7142   63  240 -5015.2093 -5203.5015  3.75%  92.5 2149s
 775241 479378 -5043.0945  132   17 -5015.2093 -5203.4724  3.75%  92.5 2154s
 776905 480198 -5146.6384   52  231 -5015.2093 -5203.4353  3.75%  92.5 2159s
 778040 481267 -5159.4800   48  373 -5015.2093 -5203.4230  3.75%  92.6 2163s
 779507 482367 -5118.6635   75  298 -5015.2093 -5203.3977  3.75%  92.6 2168s
H779825 481692                    -5015.546811 -5203.3973  3.75%  92.6 2168s
 781020 482662 -5067.8278   60  188 -5015.5468 -5203.3625  3.74%  92.6 2173s
 782421 483919 -5160.0184   63  389 -5015.5468 -5203.3352  3.74%  92.7 2177s
 784029 484996 -5044.6106   80  270 -5015.5468 -5203.3141  3.74%  92.7 2182s
 785595 486054 -5177.9027   56  309 -5015.5468 -5203.2794  3.74%  92.7 2186s
 787053 487101 -5086.8441   47  345 -5015.5468 -5203.2614  3.74%  92.7 2191s
 788373 488118 -5112.3869   64  262 -5015.5468 -5203.2386  3.74%  92.7 2196s
 789856 489290 -5190.7023   49  358 -5015.5468 -5203.2163  3.74%  92.8 2201s
 791399 490630 -5152.6333   54  405 -5015.5468 -5203.1991  3.74%  92.8 2205s
 793152 491739 -5140.3386   62  302 -5015.5468 -5203.1613  3.74%  92.8 2210s
 796070 493691 -5016.5932   69  149 -5015.5468 -5203.0991  3.74%  92.8 2219s
 797431 494787 -5055.1579   76  197 -5015.5468 -5203.0857  3.74%  92.8 2223s
 798949 496115 -5027.6019   85  230 -5015.5468 -5203.0356  3.74%  92.8 2228s
 800737 497331 -5117.4141   67  315 -5015.5468 -5202.9936  3.74%  92.8 2232s
 802362 498656 -5181.5827   52  295 -5015.5468 -5202.9565  3.74%  92.8 2237s
 804018 499642 -5108.9682   51  380 -5015.5468 -5202.9414  3.74%  92.9 2242s
 805350 500831 -5074.4205   78  159 -5015.5468 -5202.9225  3.74%  92.9 2247s
 806903 501832 -5170.4994   53  304 -5015.5468 -5202.9028  3.74%  92.9 2251s
 808279 503155 -5091.7002   72   90 -5015.5468 -5202.8787  3.74%  92.9 2256s
 809993 504108     cutoff   88      -5015.5468 -5202.8518  3.73%  93.0 2261s
 811334 505137 -5165.9993   60  390 -5015.5468 -5202.8294  3.73%  93.0 2265s
 814142 507224 -5144.0460   53  313 -5015.5468 -5202.7705  3.73%  93.0 2274s
 815611 508379 -5115.7036   64  107 -5015.5468 -5202.7537  3.73%  93.1 2279s
 817466 509502 -5047.3545   66  265 -5015.5468 -5202.7373  3.73%  93.1 2283s
 819073 510730 -5190.0705   48  317 -5015.5468 -5202.6957  3.73%  93.1 2288s
 820657 512167 -5141.8902   58  362 -5015.5468 -5202.6815  3.73%  93.1 2293s
 822443 513378 -5053.2433   61  389 -5015.5468 -5202.6656  3.73%  93.1 2299s
 823983 514588 -5039.3321   90  119 -5015.5468 -5202.6499  3.73%  93.1 2303s
 825581 515639 -5090.8728   79  288 -5015.5468 -5202.6118  3.73%  93.1 2308s
 827045 516618 -5104.4866   67  222 -5015.5468 -5202.5952  3.73%  93.1 2312s
 828436 517538     cutoff   60      -5015.5468 -5202.5623  3.73%  93.2 2317s
 829746 518354 -5157.3099   51  460 -5015.5468 -5202.5463  3.73%  93.2 2321s
 831041 519291 -5032.3043   71  292 -5015.5468 -5202.5176  3.73%  93.2 2326s
 832376 520303 -5037.4857   89  181 -5015.5468 -5202.4949  3.73%  93.3 2331s
 833825 521255 -5130.3301   54  445 -5015.5468 -5202.4542  3.73%  93.3 2335s
 835185 522411 -5195.1817   51  433 -5015.5468 -5202.4239  3.73%  93.3 2340s
 836661 523400 -5137.8703   47  382 -5015.5468 -5202.3979  3.73%  93.3 2345s
 838000 524377 -5101.5701   51  385 -5015.5468 -5202.3872  3.73%  93.4 2350s
 840806 526116 -5169.6594   50  433 -5015.5468 -5202.3293  3.72%  93.4 2359s
 842104 527243 -5017.7745   71  321 -5015.5468 -5202.3017  3.72%  93.5 2364s
 843637 528151 -5048.7224   79  234 -5015.5468 -5202.2749  3.72%  93.5 2369s
 844944 529025 -5065.0551   43  371 -5015.5468 -5202.2554  3.72%  93.5 2373s
 846063 530251 -5043.6785   72  235 -5015.5468 -5202.2412  3.72%  93.6 2378s
 848038 531643 -5048.4307   69  202 -5015.5468 -5202.2274  3.72%  93.6 2384s
 849835 532722 -5137.2195   55  203 -5015.5468 -5202.2004  3.72%  93.6 2388s
 851298 533410 -5023.7189   48  297 -5015.5468 -5202.1734  3.72%  93.6 2393s
 852290 534396 -5174.9785   50  367 -5015.5468 -5202.1574  3.72%  93.7 2398s
 853634 535847 -5089.9082   57  302 -5015.5468 -5202.1338  3.72%  93.7 2404s
 855694 536887 -5129.1877   57  355 -5015.5468 -5202.1205  3.72%  93.7 2408s
 857190 537675 -5026.3962   50  321 -5015.5468 -5202.0919  3.72%  93.7 2413s
 858524 538752 -5098.9748   65  332 -5015.5468 -5202.0645  3.72%  93.7 2418s
 860087 539728     cutoff   75      -5015.5468 -5202.0207  3.72%  93.7 2423s
H861275 539728                    -5015.546813 -5202.0061  3.72%  93.8 2423s
 861551 540291 -5156.3682   45  349 -5015.5468 -5201.9970  3.72%  93.8 2428s
 862398 541171 -5133.4822   49  417 -5015.5468 -5201.9795  3.72%  93.8 2433s
 863938 541885 -5030.4073   65  267 -5015.5468 -5201.9753  3.72%  93.8 2438s
 865127 543024 -5154.9744   53  270 -5015.5468 -5201.9473  3.72%  93.9 2442s
 866596 543980 -5039.2568   91  244 -5015.5468 -5201.9221  3.72%  93.9 2447s
 867980 544966 -5146.4147   57  307 -5015.5468 -5201.9009  3.72%  93.9 2452s
 869311 546030     cutoff  158      -5015.5468 -5201.8831  3.72%  93.9 2457s
 870776 546970 -5187.3367   55  362 -5015.5468 -5201.8646  3.71%  94.0 2461s
 872046 548186 -5151.2486   52  283 -5015.5468 -5201.8381  3.71%  94.0 2466s
 873628 549455 -5135.8259   60  370 -5015.5468 -5201.8208  3.71%  94.0 2471s
 875281 550508 -5115.4018   64  286 -5015.5468 -5201.7972  3.71%  94.0 2476s
 876741 550794 -5157.1482   55  371 -5015.5468 -5201.7831  3.71%  94.0 2481s
H877133 551761                    -5015.546815 -5201.7725  3.71%  94.0 2486s
 878582 552936 -5056.5294   73  175 -5015.5468 -5201.7430  3.71%  94.1 2490s
 880256 553943 -5138.0450   61  348 -5015.5468 -5201.7202  3.71%  94.1 2495s
 881983 555110 -5090.2977   51  379 -5015.5468 -5201.6947  3.71%  94.1 2500s
 884922 557153 -5162.8802   53  394 -5015.5468 -5201.6474  3.71%  94.1 2509s
 886492 558463 -5039.9247   53  294 -5015.5468 -5201.6247  3.71%  94.1 2514s
 888326 559153 -5023.8292   91  215 -5015.5468 -5201.5991  3.71%  94.1 2519s
 889516 560188 -5016.1892   52  347 -5015.5468 -5201.5858  3.71%  94.1 2524s
 891076 561170 -5171.3701   48  253 -5015.5468 -5201.5556  3.71%  94.2 2529s
 892395 562140 -5070.8758   66  296 -5015.5468 -5201.5466  3.71%  94.2 2534s
 894015 563172 -5164.3486   56  406 -5015.5468 -5201.5416  3.71%  94.2 2539s
 895574 564234 -5123.9696   43  433 -5015.5468 -5201.5105  3.71%  94.2 2544s
 897016 565208 -5116.8810   56  343 -5015.5468 -5201.4946  3.71%  94.3 2548s
 898567 566181 -5092.5093   61  260 -5015.5468 -5201.4683  3.71%  94.3 2553s
 899996 567600 -5171.3921   57  443 -5015.5468 -5201.4284  3.71%  94.3 2558s
 901732 568533 -5140.2084   54  471 -5015.5468 -5201.4145  3.71%  94.3 2563s
 902998 569462 -5042.7854   49  359 -5015.5468 -5201.4035  3.71%  94.3 2568s
 904321 570300 -5089.5190   60  249 -5015.5468 -5201.3865  3.71%  94.4 2573s
 905478 571103 -5021.1153   57  266 -5015.5468 -5201.3683  3.70%  94.4 2577s
 906678 572052 -5038.5613   58  276 -5015.5468 -5201.3422  3.70%  94.4 2583s
 908216 572897 -5034.7050   72  260 -5015.5468 -5201.3179  3.70%  94.5 2587s
 909581 573984 -5019.0746   76  170 -5015.5468 -5201.3091  3.70%  94.5 2592s
 911379 574815 -5182.4967   55  454 -5015.5468 -5201.2839  3.70%  94.5 2597s
 912670 575936 -5186.8161   54  315 -5015.5468 -5201.2437  3.70%  94.5 2602s
 914208 576700 -5042.2266   60  249 -5015.5468 -5201.2183  3.70%  94.5 2606s
 915397 577613 -5162.0931   59  334 -5015.5468 -5201.1914  3.70%  94.6 2611s
 916726 577625 -5168.0955   55  393 -5015.5468 -5201.1788  3.70%  94.6 2617s
 916738 578584 -5151.5941   56  416 -5015.5468 -5201.1745  3.70%  94.6 2622s
 918268 579157 -5149.4203   54  321 -5015.5468 -5201.1484  3.70%  94.6 2627s
 919303 580382 -5139.9693   41  393 -5015.5468 -5201.1332  3.70%  94.7 2632s
 920909 581310 -5106.4018   64  286 -5015.5468 -5201.1116  3.70%  94.7 2636s
 922270 582115 -5142.9188   43  308 -5015.5468 -5201.0869  3.70%  94.7 2641s
 923556 583295 -5127.1963   57  214 -5015.5468 -5201.0647  3.70%  94.8 2646s
 925100 584390 -5102.0456   66  255 -5015.5468 -5201.0371  3.70%  94.8 2651s
 926632 585333 -5188.5751   56  361 -5015.5468 -5201.0036  3.70%  94.8 2656s
 928024 586334 -5116.0301   67  158 -5015.5468 -5200.9830  3.70%  94.8 2661s
H928161 586334                    -5015.546816 -5200.9830  3.70%  94.8 2661s
 929376 587382 -5161.4139   55  310 -5015.5468 -5200.9548  3.70%  94.9 2666s
 930880 588304 -5084.1569   75  238 -5015.5468 -5200.9316  3.70%  94.9 2671s
 932257 589498 -5028.8774   69  192 -5015.5468 -5200.8997  3.70%  94.9 2676s
 933812 590006 -5122.2447   57  378 -5015.5468 -5200.8852  3.70%  94.9 2681s
 934543 591180 -5039.9840   80  135 -5015.5468 -5200.8783  3.70%  94.9 2686s
 936230 592087     cutoff  125      -5015.5468 -5200.8535  3.69%  94.9 2690s
 937718 593159 infeasible   78      -5015.5468 -5200.8246  3.69%  95.0 2695s
 939305 594345 -5158.4809   53  408 -5015.5468 -5200.8076  3.69%  95.0 2700s
 940915 595268 -5017.9337   88  283 -5015.5468 -5200.7772  3.69%  95.0 2705s
H941992 592285                    -5016.566373 -5200.7723  3.67%  95.0 2705s
 942247 593514 -5086.6494   69  291 -5016.5664 -5200.7633  3.67%  95.0 2710s
 943780 594598 -5030.6894   98  115 -5016.5664 -5200.7468  3.67%  95.0 2715s
 946653 596446 -5084.5066   58  400 -5016.5664 -5200.7034  3.67%  95.1 2724s
 948076 597366 -5016.8362   67  338 -5016.5664 -5200.6774  3.67%  95.1 2729s
 949429 598252 -5117.7716   67  393 -5016.5664 -5200.6542  3.67%  95.1 2734s
 950743 599167 infeasible   68      -5016.5664 -5200.6391  3.67%  95.2 2739s
 952084 600193 -5193.3185   46  457 -5016.5664 -5200.6177  3.67%  95.2 2744s
 953581 601272 -5142.2631   48  264 -5016.5664 -5200.5913  3.67%  95.2 2749s
 955038 602353 -5141.0600   59  259 -5016.5664 -5200.5634  3.67%  95.2 2754s
 956468 603781 -5190.4045   43  578 -5016.5664 -5200.5450  3.67%  95.3 2759s
 958287 604724 -5174.8594   51  352 -5016.5664 -5200.5423  3.67%  95.3 2764s
 959636 605785 -5037.4734   57  342 -5016.5664 -5200.5208  3.67%  95.3 2769s
 961177 606700 -5031.8664   71  250 -5016.5664 -5200.4713  3.67%  95.3 2774s
 962503 607834 infeasible   80      -5016.5664 -5200.4481  3.67%  95.4 2779s
 964129 608764 -5023.7857   86  252 -5016.5664 -5200.4220  3.66%  95.4 2783s
 965413 609983 -5103.0439   61  360 -5016.5664 -5200.3960  3.66%  95.4 2788s
 967144 611213 -5028.9956   92  208 -5016.5664 -5200.3676  3.66%  95.4 2793s
 968730 612349 -5102.9652   86  267 -5016.5664 -5200.3438  3.66%  95.4 2798s
 970345 613368 -5158.6578   57  431 -5016.5664 -5200.3261  3.66%  95.4 2803s
 971689 614336 infeasible  119      -5016.5664 -5200.3087  3.66%  95.4 2808s
 973078 615439 -5030.4264   83  119 -5016.5664 -5200.2898  3.66%  95.5 2813s
 974730 616490     cutoff  146      -5016.5664 -5200.2750  3.66%  95.5 2817s
 976230 617851 -5158.5533   52  232 -5016.5664 -5200.2421  3.66%  95.5 2823s
 977952 618936     cutoff   92      -5016.5664 -5200.2223  3.66%  95.5 2828s
H977958 615154                    -5017.504193 -5200.2223  3.64%  95.5 2828s
 979442 616018     cutoff   61      -5017.5042 -5200.1908  3.64%  95.5 2833s
 980618 616908 -5137.0997   51  369 -5017.5042 -5200.1799  3.64%  95.6 2838s
 981931 617717 -5034.4908   69  310 -5017.5042 -5200.1571  3.64%  95.6 2843s
 983210 618800 -5053.9451   79  421 -5017.5042 -5200.1443  3.64%  95.7 2848s
 984752 619686 -5100.5430   44  384 -5017.5042 -5200.1163  3.64%  95.7 2852s
 986122 620681 -5130.4601   39  327 -5017.5042 -5200.0868  3.64%  95.7 2857s
 987581 621926 -5158.4796   42  418 -5017.5042 -5200.0594  3.64%  95.7 2863s
 989183 622675 -5154.6461   58  513 -5017.5042 -5200.0372  3.64%  95.7 2867s
 990309 623630 -5158.6530   56  238 -5017.5042 -5200.0157  3.64%  95.8 2872s
 991680 624751 -5082.0231   85   82 -5017.5042 -5199.9971  3.64%  95.8 2877s
 993290 626261 -5170.5406   62  304 -5017.5042 -5199.9685  3.64%  95.8 2882s
 995273 627106 -5033.2131   65  339 -5017.5042 -5199.9557  3.64%  95.8 2887s
 996573 628084 -5177.3546   58  212 -5017.5042 -5199.9342  3.64%  95.8 2892s
 998073 629190 -5143.7760   66  325 -5017.5042 -5199.9149  3.64%  95.8 2897s
 999598 630246 -5025.7862   53  361 -5017.5042 -5199.8929  3.64%  95.8 2902s
 1001144 631355 -5154.8914   44  402 -5017.5042 -5199.8658  3.63%  95.9 2906s
 1002631 632456 -5077.2692   64  213 -5017.5042 -5199.8497  3.63%  95.9 2911s
 1004145 633308     cutoff   59      -5017.5042 -5199.8266  3.63%  95.9 2916s
 1005384 634199 -5108.0821   51  350 -5017.5042 -5199.8107  3.63%  95.9 2921s
 1006838 635124     cutoff   54      -5017.5042 -5199.7794  3.63%  95.9 2926s
 1008228 635923 -5063.8355   74  245 -5017.5042 -5199.7511  3.63%  96.0 2930s
 1009579 637315 -5126.4180   39  400 -5017.5042 -5199.7326  3.63%  96.0 2935s
 1011508 638405 -5198.3958   45  411 -5017.5042 -5199.6950  3.63%  96.0 2940s
 1013056 639359 -5171.2427   52  348 -5017.5042 -5199.6731  3.63%  96.0 2945s
 1014421 640855 -5170.0537   48  367 -5017.5042 -5199.6465  3.63%  96.0 2950s
 1016302 642174 -5060.0217   65  198 -5017.5042 -5199.6138  3.63%  96.0 2955s
 1018053 643329     cutoff   77      -5017.5042 -5199.5969  3.63%  96.0 2960s
 1019631 644288 -5066.2633   88  209 -5017.5042 -5199.5700  3.63%  96.0 2965s
 1021213 645214 -5086.5157   63  340 -5017.5042 -5199.5422  3.63%  96.0 2970s
 1022548 646606 -5111.9534   61  253 -5017.5042 -5199.5145  3.63%  96.1 2975s
 1024293 647982     cutoff   74      -5017.5042 -5199.5136  3.63%  96.1 2980s
 1026121 648943     cutoff   62      -5017.5042 -5199.4986  3.63%  96.1 2986s
 1027583 649753 -5117.1162   53  312 -5017.5042 -5199.4766  3.63%  96.1 2991s
 1028926 650735 -5021.1914   66  260 -5017.5042 -5199.4472  3.63%  96.1 2995s
 1030374 651531 -5052.4586   78  209 -5017.5042 -5199.4223  3.63%  96.1 3001s
 1031529 652340 -5084.7451   63  276 -5017.5042 -5199.3944  3.63%  96.2 3006s
 1032805 653094 -5096.4756   62  238 -5017.5042 -5199.3863  3.62%  96.2 3011s
 1033927 654420 -5076.0259   60  284 -5017.5042 -5199.3689  3.62%  96.3 3016s
 1035629 655844 -5118.0331   62  224 -5017.5042 -5199.3449  3.62%  96.3 3022s
 1037763 656883 -5021.1696   91  148 -5017.5042 -5199.3386  3.62%  96.3 3027s
 1039189 657760 -5043.2797   90  216 -5017.5042 -5199.3167  3.62%  96.3 3032s
 1040546 658844 -5105.1394   64  241 -5017.5042 -5199.3011  3.62%  96.3 3037s
 1042027 660019 -5108.5756   67  431 -5017.5042 -5199.2699  3.62%  96.3 3042s
 1043642 660886 -5074.7323   70  242 -5017.5042 -5199.2497  3.62%  96.3 3047s
H1044014 660886                    -5017.504194 -5199.2480  3.62%  96.3 3047s
H1044253 610739                    -5027.223513 -5199.2441  3.42%  96.3 3047s
 1045002 611316     cutoff   53      -5027.2235 -5199.2309  3.42%  96.4 3052s
 1045995 612243 -5187.1793   42  525 -5027.2235 -5199.2168  3.42%  96.4 3057s
H1046731 610104                    -5027.609963 -5199.2088  3.41%  96.4 3057s
 1047351 611091 -5149.2142   46  367 -5027.6100 -5199.1939  3.41%  96.4 3062s
 1048818 611958 -5056.6729   72  242 -5027.6100 -5199.1765  3.41%  96.4 3067s
 1050103 613086     cutoff   41      -5027.6100 -5199.1553  3.41%  96.5 3072s
 1051725 613922 -5061.8656   72  220 -5027.6100 -5199.1238  3.41%  96.5 3077s
 1052962 614802 -5101.7828   56  344 -5027.6100 -5199.1030  3.41%  96.5 3082s
 1054323 615805 -5122.4348   51  384 -5027.6100 -5199.0785  3.41%  96.5 3087s
 1055749 616590 -5111.3357   61  218 -5027.6100 -5199.0501  3.41%  96.5 3092s
 1056991 617831 -5174.2739   43  433 -5027.6100 -5199.0288  3.41%  96.6 3097s
 1058664 618962 -5114.6387   55  257 -5027.6100 -5199.0069  3.41%  96.6 3103s
 1060352 620057 -5132.8664   55  347 -5027.6100 -5198.9978  3.41%  96.6 3108s
H1060638 620057                    -5027.609965 -5198.9925  3.41%  96.6 3108s
 1061986 620993 -5160.0497   46  368 -5027.6100 -5198.9535  3.41%  96.6 3115s
 1063272 621775     cutoff   47      -5027.6100 -5198.9305  3.41%  96.6 3120s
 1064300 622693 -5033.1309   52  306 -5027.6100 -5198.9158  3.41%  96.6 3125s
 1065697 623596 -5109.3792   58  370 -5027.6100 -5198.8916  3.41%  96.7 3130s
 1067187 624608 -5028.8906   54  395 -5027.6100 -5198.8726  3.41%  96.7 3135s
 1068701 625780 -5084.5815   55  379 -5027.6100 -5198.8466  3.41%  96.7 3140s
 1070160 627536 -5105.6210   72   68 -5027.6100 -5198.8197  3.41%  96.7 3146s
 1072531 628615 -5098.0843   68  226 -5027.6100 -5198.8122  3.41%  96.7 3151s
 1074132 629767 -5102.6362   62  258 -5027.6100 -5198.7823  3.40%  96.7 3156s
 1075653 630736 -5150.7305   50  283 -5027.6100 -5198.7668  3.40%  96.7 3161s
 1077063 631557 -5154.0036   50  381 -5027.6100 -5198.7398  3.40%  96.7 3166s
 1078231 632672 -5141.0572   51  459 -5027.6100 -5198.7264  3.40%  96.8 3171s
 1079775 633551     cutoff   69      -5027.6100 -5198.6924  3.40%  96.8 3175s
 1080971 634565     cutoff   71      -5027.6100 -5198.6717  3.40%  96.8 3180s
 1082460 635614 -5119.5568   66  319 -5027.6100 -5198.6513  3.40%  96.8 3185s
 1084010 636897 -5087.8532   61  345 -5027.6100 -5198.6291  3.40%  96.9 3191s
 1085745 638061 -5074.3148   55  326 -5027.6100 -5198.6080  3.40%  96.9 3196s
 1087415 638941 -5135.0942   53  440 -5027.6100 -5198.5849  3.40%  96.9 3201s
 1088782 639735 -5082.5806   57  214 -5027.6100 -5198.5614  3.40%  96.9 3206s
 1090277 640877 -5162.4354   53  310 -5027.6100 -5198.5354  3.40%  96.9 3212s
 1091848 642009     cutoff   77      -5027.6100 -5198.5155  3.40%  96.9 3217s
 1093407 643276 -5180.8294   57  432 -5027.6100 -5198.4925  3.40%  96.9 3221s
 1095014 644263 -5140.9217   48  236 -5027.6100 -5198.4796  3.40%  97.0 3226s
 1096461 645129 -5100.8425   73  172 -5027.6100 -5198.4569  3.40%  97.0 3231s
 1097905 646319 infeasible  155      -5027.6100 -5198.4394  3.40%  97.0 3237s
 1099578 647432 -5152.0080   42  237 -5027.6100 -5198.4107  3.40%  97.0 3242s
 1101107 648358 -5154.6816   53  235 -5027.6100 -5198.3954  3.40%  97.0 3247s
 1102446 649235 -5153.0004   50  413 -5027.6100 -5198.3758  3.40%  97.1 3252s
 1103793 650164 -5156.4456   61  372 -5027.6100 -5198.3553  3.40%  97.1 3258s
 1105274 651352 -5151.2053   46  276 -5027.6100 -5198.3323  3.40%  97.1 3264s
 1106860 652373 -5048.2776   67  241 -5027.6100 -5198.3164  3.40%  97.1 3269s
 1108379 653490 -5035.7634   56  329 -5027.6100 -5198.3021  3.40%  97.1 3274s
 1109924 654519 -5116.3144   61  285 -5027.6100 -5198.2696  3.39%  97.1 3280s
 1111305 655480 -5087.2081   42  353 -5027.6100 -5198.2600  3.39%  97.2 3285s
 1112748 656815 -5157.6627   50  339 -5027.6100 -5198.2388  3.39%  97.2 3290s
 1114555 657898 -5032.0375  114  120 -5027.6100 -5198.2155  3.39%  97.2 3295s
 1116217 658867 -5193.5049   46  401 -5027.6100 -5198.1956  3.39%  97.2 3300s
 1117636 659873 -5104.3729   49  425 -5027.6100 -5198.1782  3.39%  97.2 3306s
 1119060 660624     cutoff   56      -5027.6100 -5198.1579  3.39%  97.2 3311s
 1120300 661497 -5069.3545   72  207 -5027.6100 -5198.1431  3.39%  97.3 3315s
 1121637 662700 -5035.1053   90  211 -5027.6100 -5198.1148  3.39%  97.3 3321s
 1123183 663628     cutoff   44      -5027.6100 -5198.1077  3.39%  97.3 3326s
 1124565 664501 -5184.9383   52  453 -5027.6100 -5198.0770  3.39%  97.3 3331s
 1126137 665268 -5044.6169   66  238 -5027.6100 -5198.0588  3.39%  97.4 3336s
 1127327 666262 -5067.5472   71  300 -5027.6100 -5198.0375  3.39%  97.4 3341s
 1128874 667388 -5148.5079   51  322 -5027.6100 -5198.0091  3.39%  97.4 3346s
 1130570 667830 -5113.5421   54  234 -5027.6100 -5197.9937  3.39%  97.4 3356s
 1131334 668824 -5107.5697   52  314 -5027.6100 -5197.9741  3.39%  97.4 3361s
 1132963 670009 -5186.6701   58  394 -5027.6100 -5197.9497  3.39%  97.4 3366s
 1134615 671071 -5067.8750   72  264 -5027.6100 -5197.9235  3.39%  97.4 3371s
 1136129 672276     cutoff   42      -5027.6100 -5197.8984  3.39%  97.4 3377s
 1137834 673244 -5141.6444   41  430 -5027.6100 -5197.8816  3.39%  97.4 3381s
 1139268 673898 -5173.0454   49  390 -5027.6100 -5197.8534  3.39%  97.5 3387s
 1140309 675134 -5040.5712   48  349 -5027.6100 -5197.8436  3.39%  97.5 3392s
 1142038 676376 -5081.7029   75  229 -5027.6100 -5197.8252  3.39%  97.5 3398s
 1143725 677557 infeasible   98      -5027.6100 -5197.8057  3.39%  97.5 3404s
H1145350 677568                    -5027.609966 -5197.7969  3.39%  97.5 3404s
 1145365 678681 -5180.4785   52  311 -5027.6100 -5197.7947  3.39%  97.5 3409s
 1146919 679706 -5117.6859   56  263 -5027.6100 -5197.7718  3.38%  97.5 3416s
 1148854 680498 -5137.5506   57  159 -5027.6100 -5197.7560  3.38%  97.5 3421s
 1150087 681429 -5156.8043   46  382 -5027.6100 -5197.7370  3.38%  97.6 3426s
 1151519 682393 -5150.3338   47  387 -5027.6100 -5197.7205  3.38%  97.6 3431s
 1152947 683330 -5081.1963   63  294 -5027.6100 -5197.6979  3.38%  97.6 3436s
 1154315 684225 -5136.0867   47  317 -5027.6100 -5197.6665  3.38%  97.6 3441s
 1155691 685151 -5151.1078   45  371 -5027.6100 -5197.6468  3.38%  97.6 3446s
 1156982 686193 -5172.1323   52  330 -5027.6100 -5197.6193  3.38%  97.7 3451s
 1158511 687061 -5126.3153   53  392 -5027.6100 -5197.6012  3.38%  97.7 3456s
 1159761 687870 -5177.4589   59  344 -5027.6100 -5197.5775  3.38%  97.7 3463s
 1160979 688798 -5161.8880   47  416 -5027.6100 -5197.5465  3.38%  97.7 3468s
 1162431 689783 -5153.0189   45  434 -5027.6100 -5197.5308  3.38%  97.8 3474s
 1163825 690773 -5122.8650   46  242 -5027.6100 -5197.5127  3.38%  97.8 3479s
 1165255 691518 -5051.5560   59  364 -5027.6100 -5197.5030  3.38%  97.8 3484s
 1166478 692386 -5192.1767   57  409 -5027.6100 -5197.4771  3.38%  97.8 3489s
 1167767 693405 -5079.7997   57  299 -5027.6100 -5197.4580  3.38%  97.9 3494s
 1169233 694482 -5053.5999   69  315 -5027.6100 -5197.4378  3.38%  97.9 3499s
 1170807 695576 -5188.2072   53  367 -5027.6100 -5197.4107  3.38%  97.9 3504s
 1172444 696785 -5170.0969   43  279 -5027.6100 -5197.3808  3.38%  97.9 3510s
 1174020 697619 -5129.0830   55  360 -5027.6100 -5197.3639  3.38%  97.9 3515s
 1175246 698572 -5098.0249   54  332 -5027.6100 -5197.3506  3.38%  97.9 3521s
 1176702 699538 -5050.0519   62  180 -5027.6100 -5197.3331  3.38%  98.0 3526s
 1178027 700435 -5145.8300   59  280 -5027.6100 -5197.3266  3.38%  98.0 3531s
 1179449 701480 -5147.4751   59  295 -5027.6100 -5197.3082  3.38%  98.0 3536s
 1180967 702726 -5046.3096   44  382 -5027.6100 -5197.2867  3.37%  98.0 3542s
H1182402 702726                    -5027.609972 -5197.2711  3.37%  98.0 3542s
 1182648 703762 -5083.9867   60  301 -5027.6100 -5197.2636  3.37%  98.0 3547s
 1184244 705045 -5035.4993   96  234 -5027.6100 -5197.2356  3.37%  98.0 3552s
 1186003 705979 -5171.4439   61  400 -5027.6100 -5197.2062  3.37%  98.0 3557s
 1187331 707141 -5128.6045   62  238 -5027.6100 -5197.1933  3.37%  98.1 3563s
 1188959 708084 -5040.1278   62  319 -5027.6100 -5197.1724  3.37%  98.1 3568s
 1190395 709216 -5137.7705   59  231 -5027.6100 -5197.1426  3.37%  98.1 3574s
 1191837 710541 -5058.5804   81  213 -5027.6100 -5197.1349  3.37%  98.1 3579s
 1193527 711550 infeasible   46      -5027.6100 -5197.1246  3.37%  98.1 3584s
 1195024 712487 -5111.0268   54  370 -5027.6100 -5197.1066  3.37%  98.1 3589s
 1196450 713169 -5056.2980   72  345 -5027.6100 -5197.0889  3.37%  98.1 3595s
 1197367 714078 -5148.8522   51  258 -5027.6100 -5197.0853  3.37%  98.1 3600s

Cutting planes:
  Gomory: 25
  Cover: 607
  Implied bound: 11
  MIR: 20
  Flow cover: 139
  Inf proof: 202
  Zero half: 46
  RLT: 145
  Lazy constraints: 3351

Explored 1198648 nodes (117667833 simplex iterations) in 3600.04 seconds
Thread count was 12 (of 12 available processors)

Solution count 10: -5027.61 -5027.61 -5027.22 ... -5014.12

Time limit reached
Best objective -5.027609971812e+03, best bound -5.197085257508e+03, gap 3.3709%

User-callback calls 2622815, time in user-callback 8.64 sec
-1
['A-n35-k5', 5027.609971812243, 575.6743033147989, 3600.038864135742, 0.033708916691282204, 1, [[0.969230769228588, [69.99756070875571, 76.62690836356556]], [0, [76.62690836356556]], [4.286746825636371, [73.18136792889698]], [5.184401270051424, [105.24118054225985, 41.24121974711464]], [0, [73.18136792889698]], [0, [76.23301364106716, 45.534026011278605, 90.57974752701146]], [0, [76.23301364106716]], [1.0659814951320072, [73.18136792889698, 69.99756070875571]], [0, [45.534026011278605, 124.48449448669888, 73.18136792889698]], [0, [129.49502921784796, 41.24121974711464, 129.49502921784796]], [2.2410901827203276, [124.48449448669888, 73.18136792889698]], [0, [90.57974752701146]], [0, [90.57974752701146]], [0, [76.23301364106716]], [0, [41.24121974711464, 76.23301364106716, 69.99756070875571]], [1.1637784004198295, [124.48449448669888, 124.48449448669888]], [1.9560605408582603, [105.24118054225985]], [0, [105.24118054225985, 105.24118054225985]], [2.169371530995761, [105.24118054225985, 69.99756070875571]], [2.7820558424785986, [73.18136792889698, 41.24121974711464, 41.24121974711464]], [2.9936019930010787, [76.62690836356556, 90.57974752701146, 69.99756070875571]], [1.972035907332753, [124.48449448669888, 76.23301364106716, 73.18136792889698]], [1.7692241215976452, [129.49502921784796, 73.18136792889698, 76.62690836356556]], [0, [129.49502921784796, 45.534026011278605]], [0, [124.48449448669888, 45.534026011278605, 129.49502921784796]], [4.677394202856348, [105.24118054225985, 69.99756070875571]], [0, [124.48449448669888]], [0, [73.18136792889698, 69.99756070875571, 73.18136792889698]], [0, [76.62690836356556, 124.48449448669888]], [0, [105.24118054225985, 76.23301364106716, 124.48449448669888]], [1.3806421837330447, [90.57974752701146]], [6.121038101334534, [76.23301364106716, 69.99756070875571, 45.534026011278605]], [1.3757041773105811, [45.534026011278605]]]]
