Using license file /util/academic/gurobi/licenses/gurobi.lic
Set parameter TokenServer to value srv-m14-36.cbls.ccr.buffalo.edu
Set parameter TSPort to value 46325
Changed value of parameter lazyConstraints to 1
   Prev: 0  Min: 0  Max: 1  Default: 0
Changed value of parameter TimeLimit to 3600.0
   Prev: inf  Min: 0.0  Max: inf  Default: inf
Gurobi Optimizer version 9.1.1 build v9.1.1rc0 (linux64)
Thread count: 12 physical cores, 12 logical processors, using up to 12 threads
Optimize a model with 4351 rows, 5517 columns and 20876 nonzeros
Model fingerprint: 0x8216e968
Variable types: 1107 continuous, 4410 integer (4410 binary)
Coefficient statistics:
  Matrix range     [1e+00, 4e+02]
  Objective range  [1e+00, 1e+00]
  Bounds range     [1e+00, 1e+02]
  RHS range        [1e-01, 4e+02]
Presolve removed 534 rows and 206 columns
Presolve time: 0.05s
Presolved: 3817 rows, 5311 columns, 19498 nonzeros
Variable types: 696 continuous, 4615 integer (4615 binary)

Root relaxation: objective -6.041176e+03, 3273 iterations, 0.14 seconds

    Nodes    |    Current Node    |     Objective Bounds      |     Work
 Expl Unexpl |  Obj  Depth IntInf | Incumbent    BestBd   Gap | It/Node Time

     0     0 -6041.1764    0  465          - -6041.1764      -     -    0s
H    0     0                    -4156.829937 -6041.1764  45.3%     -    0s
     0     0 -5988.1181    0  555 -4156.8299 -5988.1181  44.1%     -    0s
     0     0 -5965.8905    0  747 -4156.8299 -5965.8905  43.5%     -    1s
     0     0 -5964.2902    0  674 -4156.8299 -5964.2902  43.5%     -    1s
     0     0 -5964.2902    0  674 -4156.8299 -5964.2902  43.5%     -    1s
     0     0 -5962.2848    0  676 -4156.8299 -5962.2848  43.4%     -    1s
     0     0 -5960.8889    0  652 -4156.8299 -5960.8889  43.4%     -    1s
     0     0 -5960.8831    0  690 -4156.8299 -5960.8831  43.4%     -    1s
     0     0 -5960.8707    0  703 -4156.8299 -5960.8707  43.4%     -    1s
     0     0 -5960.8704    0  699 -4156.8299 -5960.8704  43.4%     -    1s
     0     0 -5960.8133    0  715 -4156.8299 -5960.8133  43.4%     -    1s
     0     0 -5960.8133    0  715 -4156.8299 -5960.8133  43.4%     -    2s
     0     2 -5960.7834    0  709 -4156.8299 -5960.7834  43.4%     -    3s
H   34    40                    -4289.851498 -5957.9771  38.9%   235    4s
    99   119 -5891.7594    8  764 -4289.8515 -5957.8813  38.9%   213    5s
H  143   156                    -4468.719087 -5957.8813  33.3%   215    5s
H  147   156                    -4482.119116 -5957.8813  32.9%   213    5s
H  183   211                    -4484.984862 -5957.8813  32.8%   194    5s
H  184   211                    -4491.768620 -5957.8813  32.6%   198    5s
H  187   211                    -4492.727544 -5957.8813  32.6%   196    5s
H  794   811                    -4495.187207 -5957.8813  32.5%   112    8s
H 1072  1062                    -4498.422992 -5957.8813  32.4%   101    8s
  1270  1302 -5649.9198   49  222 -4498.4230 -5957.8813  32.4%  96.3   10s
* 1846  1798             293    -4537.195951 -5957.8813  31.3%  89.1   11s
H 2521  2583                    -4618.630490 -5957.8813  29.0%  77.6   12s
  3332  3121 -5596.0741   89  190 -4618.6305 -5824.3548  26.1%  67.6   15s
H 3339  2969                    -4650.522657 -5817.0852  25.1%  67.4   16s
H 3357  2831                    -4655.247548 -5801.0531  24.6%  67.1   19s
  3365  2836 -5567.2427   63  589 -4655.2475 -5797.3614  24.5%  66.9   20s
H 3365  2694                    -4665.151091 -5795.7068  24.2%  66.9   20s
  3387  2709 -5548.2490  100  610 -4665.1511 -5791.7135  24.1%  66.5   25s
H 3403  2584                    -4675.615959 -5790.9539  23.9%  72.9   27s
  3419  2595 -5543.9743  108  605 -4675.6160 -5790.7073  23.8%  72.5   30s
  3426  2603 -5786.0017   25  629 -4675.6160 -5790.3493  23.8%  74.8   37s
  3428  2606 -5784.5066   26  641 -4675.6160 -5788.6712  23.8%  74.9   41s
H 3453  2498                    -4781.390455 -5787.4123  21.0%  78.8   43s
  3536  2560 -5680.0078   32  439 -4781.3905 -5787.4123  21.0%  86.1   45s
H 3552  2431                    -4789.978688 -5787.4123  20.8%  86.8   45s
H 3557  2325                    -4792.702017 -5787.4123  20.8%  86.9   45s
  3819  2538 -5662.1485   41  355 -4792.7020 -5787.4123  20.8%  89.7   50s
  4290  2872 -5632.2819   50  273 -4792.7020 -5787.4123  20.8%  88.9   55s
  5242  3369 -5541.6914   77  222 -4792.7020 -5787.4123  20.8%  86.8   60s
  5883  3825 -5534.7540  103  221 -4792.7020 -5787.4123  20.8%  85.1   69s
  6090  3837 -5373.5066  114  216 -4792.7020 -5787.4123  20.8%  84.1   70s
  7655  4649 -5664.3748   62  160 -4792.7020 -5787.1066  20.7%  78.8   76s
H 7935  4796                    -4793.069791 -5787.1066  20.7%  77.1   77s
H 8850  4988                    -4801.661793 -5776.9374  20.3%  72.8   79s
  8885  5329     cutoff  228      -4801.6618 -5772.9212  20.2%  72.9   80s
*12368  7599             496    -4818.301213 -5757.4197  19.5%  63.7   84s
*12370  7263             493    -4926.581206 -5757.4197  16.9%  63.7   84s
 12751  8146 -5718.0402   40  350 -4926.5812 -5757.4197  16.9%  63.8   85s
*16436 10815             293    -4994.327641 -5747.6675  15.1%  55.8   87s
*16437 10753             293    -5000.455478 -5747.6675  14.9%  55.8   87s
 19302 14203 -5726.5091   52  336 -5000.4555 -5746.3196  14.9%  53.4   91s
 25813 19523 infeasible  254      -5000.4555 -5744.9368  14.9%  47.9   95s
*30345 18915             191    -5178.185000 -5744.1162  10.9%  47.7   98s
*30347 18412             189    -5204.863288 -5744.1162  10.4%  47.7   98s
*30348 18408             189    -5205.155216 -5744.1162  10.4%  47.7   98s
*30349 18313             189    -5210.256176 -5744.1162  10.2%  47.7   98s
 30376 18080     cutoff  146      -5210.2562 -5744.0988  10.2%  47.8  101s
 32460 21458 -5387.7992  136   81 -5210.2562 -5744.0651  10.2%  47.7  105s
*33389 21347             213    -5220.233519 -5743.7728  10.0%  47.3  105s
*33396 21337             211    -5220.714582 -5743.7728  10.0%  47.3  105s
*36372 23975             209    -5221.803268 -5743.4864  10.0%  47.1  109s
 37795 25086 -5732.1936   44  397 -5221.8033 -5743.4125  10.0%  46.9  111s
 41322 29038 -5539.5107   86  108 -5221.8033 -5743.0698  10.0%  47.2  116s
 47108 33187 -5661.5966   71  258 -5221.8033 -5742.1602  10.0%  46.7  121s
 50126 35891 -5379.9323   99   39 -5221.8033 -5741.8742  10.0%  48.1  125s
 55490 40798 -5266.3330  150   10 -5221.8033 -5741.3869  10.0%  47.9  131s
*55832 37364             210    -5287.215315 -5741.3868  8.59%  47.8  131s
*56240 35714             147    -5313.275271 -5741.3578  8.06%  47.7  131s
*57839 36280             150    -5315.643279 -5741.1212  8.00%  47.7  133s
 58675 37866 -5588.7024   46  258 -5315.6433 -5741.0500  8.00%  47.7  135s
 63700 41259 -5565.8727  118  163 -5315.6433 -5740.7604  8.00%  48.0  140s
*64778 42103             156    -5317.200899 -5740.6692  7.96%  48.1  141s
*64781 41657             153    -5322.740079 -5740.6692  7.85%  48.0  141s
 66760 43607 -5582.1208   94   45 -5322.7401 -5740.5697  7.85%  48.5  145s
H68169 43920                    -5334.701484 -5740.4525  7.61%  48.7  147s
*68188 43077             180    -5342.959571 -5740.4525  7.44%  48.7  147s
*71055 43419             178    -5351.490339 -5740.3810  7.27%  48.7  148s
 71064 44564 -5653.7043   45  302 -5351.4903 -5740.3810  7.27%  48.7  150s
 74455 46762 -5706.4653   41  388 -5351.4903 -5740.0692  7.26%  49.4  155s
 78045 49923 -5555.1024   84  193 -5351.4903 -5739.8430  7.26%  49.7  160s
*79290 48786             171    -5365.531670 -5739.7447  6.97%  49.9  162s
 81751 51389 -5422.8924   71  156 -5365.5317 -5739.6298  6.97%  50.1  165s
 84460 53341 -5720.9419   61  308 -5365.5317 -5739.4782  6.97%  51.2  170s
 87881 56226 infeasible  186      -5365.5317 -5739.3142  6.97%  51.6  176s
 91297 59153 -5508.0443  104  234 -5365.5317 -5739.0474  6.96%  52.0  181s
 94662 61830 -5589.7509   81  199 -5365.5317 -5738.8022  6.96%  52.5  186s
 97134 64319 -5641.8334   45  339 -5365.5317 -5738.7325  6.96%  52.8  190s
 101040 67320 -5686.0079   68  299 -5365.5317 -5738.5520  6.95%  53.0  195s
H104238 69310                    -5365.610202 -5738.4461  6.95%  53.4  199s
 104873 70419     cutoff  131      -5365.6102 -5738.4373  6.95%  53.3  200s
 109013 73851 -5661.4864   48  291 -5365.6102 -5738.2158  6.94%  53.3  206s
 111864 76020 -5638.0588   68  140 -5365.6102 -5738.0990  6.94%  53.9  211s
 115674 79566 -5560.2647   68  175 -5365.6102 -5737.8851  6.94%  54.3  216s
 118362 81434 infeasible  145      -5365.6102 -5737.8192  6.94%  54.5  220s
 122873 85531 infeasible  169      -5365.6102 -5737.7404  6.94%  54.4  226s
*124163 83423             149    -5376.131477 -5737.6921  6.73%  54.4  226s
H124442 82099                    -5384.638210 -5737.6619  6.56%  54.5  228s
 125000 83103 -5640.0153   62  149 -5384.6382 -5737.6017  6.56%  54.7  231s
 127519 84984 -5688.3157   60  275 -5384.6382 -5737.5874  6.55%  54.9  235s
 130959 87779 -5732.1499   56  347 -5384.6382 -5737.4056  6.55%  55.3  241s
 134017 90516 -5531.0454   91   66 -5384.6382 -5737.3508  6.55%  55.2  245s
 137533 93145 -5695.1727   52  320 -5384.6382 -5737.1445  6.55%  55.4  252s
 140056 95158 -5442.3600   71  142 -5384.6382 -5737.0955  6.55%  55.6  256s
 142280 96932 -5561.9800   68  237 -5384.6382 -5736.9914  6.54%  55.9  260s
 145971 100490 -5392.8532  147   16 -5384.6382 -5736.9409  6.54%  56.1  266s
 148531 102317 -5491.4797   85  105 -5384.6382 -5736.7506  6.54%  56.2  270s
H150627 101031                    -5392.768713 -5736.7506  6.38%  56.4  272s
H151692 102216                    -5393.610903 -5736.6464  6.36%  56.4  274s
 152381 103106 -5470.4937   79  166 -5393.6109 -5736.6353  6.36%  56.4  276s
 154633 105638 -5622.7356   68  115 -5393.6109 -5736.5462  6.36%  56.4  281s
 157443 107278 -5656.9974   45  341 -5393.6109 -5736.4599  6.36%  56.4  285s
 160864 110175     cutoff  173      -5393.6109 -5736.3490  6.35%  56.8  291s
 163043 112008 -5397.6096   57  156 -5393.6109 -5736.2326  6.35%  57.0  295s
 166789 114799 -5726.3824   37  373 -5393.6109 -5736.1388  6.35%  57.0  301s
 168960 117096 -5638.1365   74  271 -5393.6109 -5736.0237  6.35%  57.3  306s
 172362 119445 -5532.0165   99  107 -5393.6109 -5735.8970  6.35%  57.4  311s
H172888 118609                    -5396.466424 -5735.8625  6.29%  57.5  311s
 173878 119966 -5433.1145   76  141 -5396.4664 -5735.8379  6.29%  57.8  315s
 177277 122893 infeasible  157      -5396.4664 -5735.6783  6.29%  58.0  321s
H178652 122029                    -5401.431768 -5735.6320  6.19%  58.1  324s
 179329 123013 -5676.0748   72  312 -5401.4318 -5735.6288  6.19%  58.2  326s
 181790 124908 -5614.8547   56  270 -5401.4318 -5735.5339  6.19%  58.3  330s
 185291 127653 -5490.4576   80  219 -5401.4318 -5735.4916  6.18%  58.5  336s
 188081 130579 -5447.2999   85  162 -5401.4318 -5735.4166  6.18%  58.5  341s
 191397 132916 -5573.2903   49  227 -5401.4318 -5735.3519  6.18%  58.4  346s
 193950 135659 -5494.8023  104   60 -5401.4318 -5735.2891  6.18%  58.5  351s
H196533 136762                    -5401.654639 -5735.2508  6.18%  58.4  353s
 197082 137538 -5655.3585   70  337 -5401.6546 -5735.2195  6.18%  58.4  355s
 200447 140372 -5692.0324   52  322 -5401.6546 -5735.1294  6.17%  58.6  362s
 202791 142206 -5429.8896   90  142 -5401.6546 -5735.0805  6.17%  58.7  366s
 204659 143977 -5632.3787   54  338 -5401.6546 -5734.9731  6.17%  58.9  371s
H206235 143635                    -5404.515058 -5734.9706  6.11%  59.1  373s
 206762 144415 -5559.6259   84  192 -5404.5151 -5734.9696  6.11%  59.2  375s
H208643 142574                    -5412.140062 -5734.8845  5.96%  59.5  380s
 211852 145251 -5690.9773   56  259 -5412.1401 -5734.8106  5.96%  59.7  386s
 214638 147835 -5571.3166   77   97 -5412.1401 -5734.7870  5.96%  59.7  391s
 217347 150171 -5543.1671   51  158 -5412.1401 -5734.7394  5.96%  59.7  395s
 220059 152383 -5501.5664   65  233 -5412.1401 -5734.6570  5.96%  59.7  400s
*220243 151819             155    -5413.422635 -5734.6555  5.93%  59.7  400s
*220247 150119             154    -5416.815173 -5734.6555  5.87%  59.7  400s
H221550 150110                    -5418.068369 -5734.6183  5.84%  59.6  402s
 223198 151905     cutoff   70      -5418.0684 -5734.5640  5.84%  59.9  406s
 225406 153680 -5444.9208   93  207 -5418.0684 -5734.4897  5.84%  60.0  411s
 227930 155808 -5476.4661  155   21 -5418.0684 -5734.4821  5.84%  60.1  416s
 229972 157426 -5432.6616  169    2 -5418.0684 -5734.4178  5.84%  60.2  421s
 232209 159119 -5590.1580   48  306 -5418.0684 -5734.3375  5.84%  60.4  426s
 234523 160844 -5729.4490   38  313 -5418.0684 -5734.2665  5.84%  60.5  431s
 236288 161936 -5436.2568   67  166 -5418.0684 -5734.2665  5.84%  60.8  436s
H236306 161812                    -5418.329991 -5734.2665  5.83%  60.8  436s
H236498 160141                    -5421.749865 -5734.2665  5.76%  60.8  436s
 236711 160153     cutoff   71      -5421.7499 -5734.2665  5.76%  60.8  441s
 237725 161838 -5490.9868   71  189 -5421.7499 -5734.2140  5.76%  60.9  446s
 239889 163911 -5571.9199   69  275 -5421.7499 -5734.1668  5.76%  61.0  451s
 242484 166129 -5623.7981   68  179 -5421.7499 -5734.0793  5.76%  61.1  456s
 245201 167867     cutoff   77      -5421.7499 -5734.0210  5.76%  61.1  461s
H246464 167188                    -5424.262053 -5734.0187  5.71%  61.2  464s
 247186 167995 -5536.6082   62  207 -5424.2621 -5734.0187  5.71%  61.3  466s
 249252 169762 -5700.1256   48  274 -5424.2621 -5733.8914  5.71%  61.4  470s
 251792 171902 -5673.5264   50  244 -5424.2621 -5733.8377  5.71%  61.4  475s
 254413 173724 -5713.4938   48  292 -5424.2621 -5733.7908  5.71%  61.5  480s
 256604 175589 infeasible  144      -5424.2621 -5733.7391  5.71%  61.6  485s
 258629 177281 infeasible   86      -5424.2621 -5733.6676  5.70%  61.8  490s
 260691 178963 -5660.7583   63  207 -5424.2621 -5733.5963  5.70%  62.0  495s
 263190 180803 -5539.2507   64  243 -5424.2621 -5733.5571  5.70%  62.0  500s
 265396 182853 -5533.5895  102   48 -5424.2621 -5733.5182  5.70%  62.2  505s
 267695 184335 -5431.7859  106  138 -5424.2621 -5733.4545  5.70%  62.3  510s
 271044 187072 -5484.1575   77  187 -5424.2621 -5733.3406  5.70%  62.5  517s
 273545 188982 -5718.3044   46  354 -5424.2621 -5733.2800  5.70%  62.6  521s
 275994 191107 -5446.2732  130   12 -5424.2621 -5733.2590  5.70%  62.7  526s
 278413 192937 -5671.0953   55  192 -5424.2621 -5733.1743  5.70%  62.8  531s
 280541 194880 -5561.4930   73  238 -5424.2621 -5733.1381  5.69%  62.9  536s
 283353 196961 -5702.8440   60  277 -5424.2621 -5733.0568  5.69%  62.9  541s
 285568 198638 -5437.1368   71  145 -5424.2621 -5733.0230  5.69%  63.1  545s
 287783 200192 -5631.6728   56  377 -5424.2621 -5732.9795  5.69%  63.2  551s
H288533 200216                    -5424.262068 -5732.9745  5.69%  63.2  551s
 290056 202209 -5658.0707   41  289 -5424.2621 -5732.9367  5.69%  63.2  556s
 292265 204656 -5611.4209   64  158 -5424.2621 -5732.8721  5.69%  63.4  561s
 295228 206433 infeasible  166      -5424.2621 -5732.8278  5.69%  63.3  567s
H295236 206433                    -5424.262069 -5732.8278  5.69%  63.3  567s
H295545 206433                    -5424.262092 -5732.8177  5.69%  63.3  567s
 297342 207893 -5669.6026   54  370 -5424.2621 -5732.7280  5.69%  63.5  572s
 299118 209284 infeasible  100      -5424.2621 -5732.6937  5.69%  63.7  577s
 300043 210405 -5635.6914   71  261 -5424.2621 -5732.6697  5.69%  63.9  580s
 302951 212521 -5720.3738   51  378 -5424.2621 -5732.6319  5.69%  63.9  585s
 304944 214225 -5522.7565   74  156 -5424.2621 -5732.5904  5.68%  64.1  591s
 307363 216172 -5696.5385   62  310 -5424.2621 -5732.5485  5.68%  64.2  596s
 309640 217977 -5600.4993   93  179 -5424.2621 -5732.5021  5.68%  64.3  601s
 312209 219975 -5697.9586   44  225 -5424.2621 -5732.4515  5.68%  64.3  607s
 313275 221405 -5542.5799   96   55 -5424.2621 -5732.4136  5.68%  64.4  610s
 316243 223405 -5444.7917   78  138 -5424.2621 -5732.3782  5.68%  64.3  616s
*316474 222281             144    -5426.048912 -5732.3672  5.65%  64.4  616s
 318329 223804 infeasible   79      -5426.0489 -5732.3350  5.64%  64.4  622s
 319534 224318 -5649.8225   52  233 -5426.0489 -5732.2953  5.64%  64.5  625s
 320986 225796 -5676.1263   59  323 -5426.0489 -5732.2679  5.64%  64.8  630s
H322719 223478                    -5430.036204 -5732.2288  5.57%  64.9  633s
 323012 224322 -5556.1837   51  181 -5430.0362 -5732.2128  5.56%  64.9  636s
 325095 225793 -5646.9457   67  270 -5430.0362 -5732.1806  5.56%  65.1  641s
 327115 227225 -5724.1273   49  359 -5430.0362 -5732.1312  5.56%  65.2  646s
 328850 228806 -5711.5287   51  365 -5430.0362 -5732.1046  5.56%  65.4  652s
 331072 231128 -5666.0857   64  249 -5430.0362 -5732.0680  5.56%  65.6  657s
 332673 232011 -5646.9482   44  299 -5430.0362 -5732.0401  5.56%  65.5  660s
H333859 230158                    -5433.150593 -5732.0140  5.50%  65.6  662s
 334674 230816 -5672.0067   60  224 -5433.1506 -5732.0080  5.50%  65.7  665s
 336311 232288 -5461.5289   64  190 -5433.1506 -5731.9743  5.50%  65.9  670s
 338490 233980 -5613.3828   75  188 -5433.1506 -5731.9435  5.50%  65.9  676s
 340476 235890 -5473.2568   47  176 -5433.1506 -5731.8902  5.50%  66.1  682s
 341939 236612 -5700.9586   51  266 -5433.1506 -5731.8700  5.50%  66.1  685s
 343609 238251 -5629.1586   90  183 -5433.1506 -5731.8417  5.50%  66.3  690s
 345956 240213 -5704.1371   48  338 -5433.1506 -5731.7618  5.50%  66.4  696s
 348262 241707     cutoff   84      -5433.1506 -5731.7235  5.50%  66.4  701s
 349684 243008 -5502.4663   95  112 -5433.1506 -5731.6772  5.49%  66.7  706s
 351851 244864 -5680.0965   58  373 -5433.1506 -5731.6507  5.49%  66.8  712s
 353069 245875 -5511.6551   95  218 -5433.1506 -5731.6120  5.49%  66.8  715s
H353517 245050                    -5434.191972 -5731.6046  5.47%  66.8  715s
 355543 246763 -5590.6626   73  212 -5434.1920 -5731.5543  5.47%  66.8  721s
 357729 248908 infeasible  103      -5434.1920 -5731.5146  5.47%  66.9  727s
H359298 225235                    -5458.638777 -5731.4796  5.00%  66.9  730s
H360587 211002                    -5472.399905 -5731.4540  4.73%  66.9  730s
 361556 212800 -5656.5002   45  320 -5472.3999 -5731.4182  4.73%  67.0  736s
 364262 214603 -5611.5145   63  105 -5472.3999 -5731.4053  4.73%  67.0  741s
 366567 216529 -5545.1939   70  208 -5472.3999 -5731.3230  4.73%  67.0  747s
H366775 202164                    -5485.678953 -5731.3128  4.48%  67.0  747s
 367718 203170 -5661.0528   48  351 -5485.6790 -5731.2987  4.48%  67.1  750s
 369989 204883 -5521.9153   79  285 -5485.6790 -5731.2327  4.48%  67.1  755s
 372236 206333 -5588.1275   82  164 -5485.6790 -5731.1560  4.47%  67.2  761s
H373302 202773                    -5490.097227 -5731.1324  4.39%  67.3  763s
 374439 203745 -5632.4614   74  193 -5490.0972 -5731.1063  4.39%  67.3  766s
 375715 204456 -5666.2511   50  249 -5490.0972 -5731.0828  4.39%  67.3  770s
 377603 205964     cutoff   72      -5490.0972 -5731.0386  4.39%  67.4  775s
 379471 207254 -5505.2341   61  187 -5490.0972 -5730.9996  4.39%  67.6  780s
H379864 206902                    -5490.405963 -5730.9769  4.38%  67.6  780s
H380057 205836                    -5491.350423 -5730.9717  4.36%  67.6  780s
 381104 207019 -5583.8820   57  266 -5491.3504 -5730.9460  4.36%  67.7  785s
 382850 208409 -5592.4365   66  278 -5491.3504 -5730.8881  4.36%  67.9  790s
 384409 209450 -5662.5932   40  363 -5491.3504 -5730.8500  4.36%  68.1  796s
 386245 211075 -5613.0453   60  235 -5491.3504 -5730.8087  4.36%  68.2  802s
 387216 211780 -5658.7465   54  222 -5491.3504 -5730.8079  4.36%  68.3  805s
 388856 213123     cutoff   48      -5491.3504 -5730.7617  4.36%  68.4  810s
 390864 214655 -5660.8371   49  370 -5491.3504 -5730.7258  4.36%  68.5  816s
 392941 216250 -5676.3300   53  292 -5491.3504 -5730.6405  4.36%  68.6  821s
 393869 216327 -5508.3421   79  139 -5491.3504 -5730.6118  4.36%  68.6  825s
 394822 217915 -5718.4463   55  248 -5491.3504 -5730.5793  4.36%  68.8  831s
 396958 219682 -5596.1148   82  156 -5491.3504 -5730.5410  4.36%  68.9  837s
 398199 220332 -5645.2985   58  313 -5491.3504 -5730.5404  4.36%  68.9  840s
H399700 219946                    -5492.386086 -5730.4838  4.34%  69.0  843s
H400004 220013                    -5493.035482 -5730.4838  4.32%  69.1  846s
H401138 220226                    -5493.657229 -5730.4495  4.31%  69.1  850s
H401393 210563                    -5502.245477 -5730.4350  4.15%  69.1  850s
 403668 212141 -5688.2034   56  325 -5502.2455 -5730.3874  4.15%  69.1  855s
 405737 214040 -5539.2075  101  149 -5502.2455 -5730.2997  4.14%  69.2  861s
H406786 214040                    -5502.245479 -5730.2768  4.14%  69.2  861s
 407892 215613 -5700.3540   55  245 -5502.2455 -5730.2532  4.14%  69.3  867s
 409011 216428 -5509.4429   90   50 -5502.2455 -5730.2405  4.14%  69.3  870s
 411096 218705 -5657.3843   61  195 -5502.2455 -5730.2087  4.14%  69.4  877s
 412888 219367 infeasible   81      -5502.2455 -5730.1878  4.14%  69.4  880s
H413126 214075                    -5506.503604 -5730.1829  4.06%  69.4  880s
 414871 215633 -5642.2595   59  180 -5506.5036 -5730.1476  4.06%  69.5  886s
 416931 216898 -5515.4411   67  144 -5506.5036 -5730.0950  4.06%  69.6  892s
 417665 217465 -5658.4061   62  247 -5506.5036 -5730.0833  4.06%  69.7  895s
 419369 218887 -5589.1862   53  279 -5506.5036 -5730.0253  4.06%  69.9  901s
 421402 220478 -5721.8943   50  394 -5506.5036 -5729.9551  4.06%  70.0  906s
 423645 221852 -5672.5083   53  387 -5506.5036 -5729.8911  4.06%  70.0  913s
 424444 222389 -5664.9737   45  517 -5506.5036 -5729.8911  4.06%  70.1  915s
 426242 224068 -5684.2101   61  226 -5506.5036 -5729.8267  4.06%  70.3  922s
 427360 224943 -5531.3045  101  108 -5506.5036 -5729.8062  4.06%  70.3  925s
 429752 226610     cutoff   97      -5506.5036 -5729.7467  4.05%  70.4  931s
 431873 228138 -5601.4782   51  245 -5506.5036 -5729.7151  4.05%  70.5  937s
 432984 228870 -5682.6526   57  276 -5506.5036 -5729.6855  4.05%  70.5  940s
H433411 225489                    -5509.333351 -5729.6698  4.00%  70.6  940s
 435073 226963 -5651.1730   66  285 -5509.3334 -5729.6471  4.00%  70.6  946s
 435951 226974 -5539.3504   56  236 -5509.3334 -5729.6089  4.00%  70.7  952s
 435964 227566 -5539.3504   55  243 -5509.3334 -5729.6089  4.00%  70.7  955s
 437707 229079 -5674.9636   60  193 -5509.3334 -5729.5765  4.00%  70.9  961s
 439943 230681     cutoff   49      -5509.3334 -5729.5187  4.00%  71.0  967s
 440914 231475 -5671.8481   60  299 -5509.3334 -5729.4903  4.00%  71.0  970s
 442870 232749 -5708.2834   52  375 -5509.3334 -5729.4238  3.99%  71.1  976s
 444785 234335 -5585.7532   84  182 -5509.3334 -5729.3871  3.99%  71.2  982s
 445791 235187 -5511.9225  115  149 -5509.3334 -5729.3529  3.99%  71.3  985s
 447986 236907 -5684.7732   43  287 -5509.3334 -5729.2966  3.99%  71.4  992s
 449160 237620 -5596.2391   54  205 -5509.3334 -5729.2569  3.99%  71.4  995s
 451278 239119 -5534.6781   56  265 -5509.3334 -5729.2105  3.99%  71.5 1001s
 453551 240930 -5639.8088   42  424 -5509.3334 -5729.1393  3.99%  71.6 1007s
 454711 241635 infeasible   73      -5509.3334 -5729.1187  3.99%  71.6 1010s
 456627 242977 -5629.4476   54  371 -5509.3334 -5729.0818  3.99%  71.8 1016s
 458683 244704 -5592.5317   68  229 -5509.3334 -5729.0243  3.99%  71.9 1022s
 459899 245184 -5682.6984   41  367 -5509.3334 -5728.9952  3.99%  71.9 1025s
 461691 246774 -5706.7572   49  417 -5509.3334 -5728.9551  3.99%  72.0 1031s
 462821 247578 -5642.9456   48  441 -5509.3334 -5728.9276  3.99%  72.1 1035s
 465168 249274 -5629.4808   66  363 -5509.3334 -5728.8811  3.99%  72.2 1041s
 467042 250937 -5700.5748   56  438 -5509.3334 -5728.8134  3.98%  72.3 1047s
 468469 251817 -5703.7435   46  363 -5509.3334 -5728.7720  3.98%  72.3 1050s
 471245 253987     cutoff   57      -5509.3334 -5728.7400  3.98%  72.3 1057s
 472459 254766 -5698.2588   56  287 -5509.3334 -5728.7051  3.98%  72.4 1061s
 474623 256818 -5602.3786   76  144 -5509.3334 -5728.6809  3.98%  72.5 1068s
 475880 257873 -5706.8960   49  412 -5509.3334 -5728.6588  3.98%  72.5 1071s
 478063 259194 infeasible   63      -5509.3334 -5728.6066  3.98%  72.6 1077s
 479012 259684 -5706.1729   50  325 -5509.3334 -5728.5885  3.98%  72.7 1081s
 481028 261318 -5707.7599   54  241 -5509.3334 -5728.5347  3.98%  72.8 1087s
 481924 262212 -5588.0240   74   97 -5509.3334 -5728.5300  3.98%  72.9 1090s
 484107 263831 -5677.3558   51  358 -5509.3334 -5728.4702  3.98%  72.9 1097s
 485242 264726 -5636.7044   77  270 -5509.3334 -5728.4423  3.98%  73.0 1100s
 487462 266277 -5648.1210   54  365 -5509.3334 -5728.3690  3.98%  73.0 1106s
 489419 267716 -5541.5660   74  278 -5509.3334 -5728.3370  3.98%  73.2 1112s
 490374 268427 -5615.7581   62  245 -5509.3334 -5728.3114  3.97%  73.2 1115s
 492490 270025 -5691.9670   51  324 -5509.3334 -5728.2699  3.97%  73.4 1122s
 493743 270891 -5599.3540   75  239 -5509.3334 -5728.2506  3.97%  73.4 1125s
 496003 272485 -5642.2308   50  233 -5509.3334 -5728.1761  3.97%  73.4 1131s
 497949 273578 -5558.6842   58  201 -5509.3334 -5728.1438  3.97%  73.6 1138s
 498725 274268 -5527.7917   52  236 -5509.3334 -5728.1438  3.97%  73.6 1141s
 501014 276138 -5578.7014   46  231 -5509.3334 -5728.0491  3.97%  73.7 1147s
 502147 276724 -5677.4461   49  213 -5509.3334 -5728.0148  3.97%  73.7 1150s
 503775 278105 -5574.6258   55  279 -5509.3334 -5727.9664  3.97%  73.9 1156s
 504967 278802 -5696.4512   42  511 -5509.3334 -5727.9453  3.97%  73.9 1160s
 507113 280562 -5643.4774   71  175 -5509.3334 -5727.8830  3.97%  74.0 1166s
 508203 281300 -5541.7173   62  216 -5509.3334 -5727.8636  3.97%  74.1 1170s
 510326 283156 -5710.9137   56  346 -5509.3334 -5727.8198  3.97%  74.2 1177s
 511506 284212     cutoff  102      -5509.3334 -5727.7969  3.97%  74.2 1181s
 513996 285555 -5557.1337   65  254 -5509.3334 -5727.7442  3.96%  74.3 1187s
 514783 286184 -5698.9160   52  377 -5509.3334 -5727.7121  3.96%  74.3 1190s
 516610 287740 -5512.0617   90  174 -5509.3334 -5727.6784  3.96%  74.5 1197s
 517818 288442 -5599.8045   52  248 -5509.3334 -5727.6540  3.96%  74.5 1200s
 519923 290014 -5515.5855   75  213 -5509.3334 -5727.6193  3.96%  74.6 1207s
 521322 290546 -5638.1558   64  415 -5509.3334 -5727.5794  3.96%  74.6 1211s
 523167 292081 -5717.8167   55  316 -5509.3334 -5727.5419  3.96%  74.8 1217s
 524242 292987 -5676.9157   57  298 -5509.3334 -5727.5189  3.96%  74.8 1220s
 526670 294985 -5618.1986   67  291 -5509.3334 -5727.4746  3.96%  74.9 1227s
 528092 295930 -5551.6459   59  282 -5509.3334 -5727.4395  3.96%  74.9 1231s
 530309 297330 -5578.7299   65  320 -5509.3334 -5727.3712  3.96%  74.9 1237s
 531269 298029 -5690.6827   53  279 -5509.3334 -5727.3520  3.96%  75.0 1241s
 533515 299495 -5510.6339  107   63 -5509.3334 -5727.2993  3.96%  75.1 1248s
 534379 300057 -5518.2436   68  229 -5509.3334 -5727.2767  3.96%  75.2 1252s
 535164 300786 -5533.5681   62  312 -5509.3334 -5727.2739  3.96%  75.3 1255s
 537481 302304 -5540.4043   61  174 -5509.3334 -5727.2436  3.96%  75.4 1262s
 538564 302981 -5703.0756   49  277 -5509.3334 -5727.2226  3.95%  75.4 1266s
 540665 304834 -5548.2231   53  301 -5509.3334 -5727.1557  3.95%  75.5 1273s
 541950 305868 -5596.8746   53  227 -5509.3334 -5727.1269  3.95%  75.6 1277s
 543251 307091 -5674.9457   47  368 -5509.3334 -5727.1128  3.95%  75.6 1280s
 545829 308486 -5524.1993   80  167 -5509.3334 -5727.0789  3.95%  75.6 1287s
 546686 309823 -5547.3105   54  171 -5509.3334 -5727.0529  3.95%  75.7 1291s
 549808 311794 -5647.0964   64  213 -5509.3334 -5726.9974  3.95%  75.7 1298s
 550989 312782 -5696.7387   61  324 -5509.3334 -5726.9711  3.95%  75.7 1301s
 552303 313723 -5634.9959   71  139 -5509.3334 -5726.9293  3.95%  75.7 1305s
 554911 315628 -5642.8939   66  189 -5509.3334 -5726.8693  3.95%  75.8 1312s
 556053 316677 -5582.2333   69  299 -5509.3334 -5726.8381  3.95%  75.8 1316s
*556668 311280             158    -5512.933050 -5726.8340  3.88%  75.8 1317s
 557338 311984 -5578.4700   55  230 -5512.9330 -5726.8265  3.88%  75.8 1321s
*557362 300756             147    -5519.170723 -5726.8265  3.76%  75.8 1321s
H557425 281022                    -5530.438525 -5726.8265  3.55%  75.8 1321s
H557853 274443                    -5534.396327 -5726.8265  3.48%  75.8 1321s
 558265 274975 -5564.7068   60  210 -5534.3963 -5726.8248  3.48%  75.9 1325s
 560280 276363 -5634.6216   63  219 -5534.3963 -5726.7822  3.48%  76.0 1332s
 561289 277051 -5551.7164   87  207 -5534.3963 -5726.7522  3.48%  76.0 1336s
 563455 278870     cutoff   85      -5534.3963 -5726.7008  3.47%  76.1 1343s
 564618 279882 -5577.8591   57  200 -5534.3963 -5726.6971  3.47%  76.1 1347s
 565970 280509 -5676.5426   58  366 -5534.3963 -5726.6606  3.47%  76.2 1351s
 568104 282189 -5544.1552   99  209 -5534.3963 -5726.5939  3.47%  76.3 1358s
 569257 283090 -5598.9138   73  237 -5534.3963 -5726.5630  3.47%  76.3 1362s
 570470 283854 -5549.2068   86  235 -5534.3963 -5726.5373  3.47%  76.3 1365s
 572467 285281 -5633.4557   59  261 -5534.3963 -5726.4989  3.47%  76.4 1372s
 573518 286169 -5538.4337   60  271 -5534.3963 -5726.4778  3.47%  76.5 1376s
 575840 287492 -5668.1779   50  440 -5534.3963 -5726.4144  3.47%  76.6 1383s
 576777 288153 -5545.6285   62  234 -5534.3963 -5726.3861  3.47%  76.6 1386s
 577673 288864 -5698.3050   52  301 -5534.3963 -5726.3816  3.47%  76.7 1390s
H577806 273219                    -5542.984563 -5726.3689  3.31%  76.7 1390s
H579035 273764                    -5542.984582 -5726.3242  3.31%  76.7 1394s
H579263 273764                    -5542.984588 -5726.3223  3.31%  76.8 1394s
H579378 273442                    -5543.160428 -5726.3223  3.30%  76.8 1394s
 579507 274085 -5692.3185   51  243 -5543.1604 -5726.3157  3.30%  76.8 1397s
 580379 274949 -5614.0451   60  292 -5543.1604 -5726.2887  3.30%  76.8 1401s
 583079 276796 -5685.7646   66  201 -5543.1604 -5726.2228  3.30%  76.9 1408s
 584101 277487 -5677.5022   57  331 -5543.1604 -5726.2016  3.30%  76.9 1412s
 585141 278234 -5703.4758   53  307 -5543.1604 -5726.1736  3.30%  77.0 1415s
 587480 279710 -5645.1461   54  157 -5543.1604 -5726.1026  3.30%  77.0 1423s
 588377 280372 -5650.3099   58  278 -5543.1604 -5726.0813  3.30%  77.1 1426s
 589309 281243 -5699.5027   49  323 -5543.1604 -5726.0541  3.30%  77.2 1430s
 591794 283180 -5700.9223   57  312 -5543.1604 -5725.9952  3.30%  77.2 1438s
 593184 284114 -5716.6129   48  275 -5543.1604 -5725.9723  3.30%  77.2 1442s
 594478 284758 -5656.7835   65  253 -5543.1604 -5725.9245  3.30%  77.3 1445s
H595191 284758                    -5543.160446 -5725.8955  3.30%  77.3 1446s
 596326 286150 -5676.0358   63  355 -5543.1604 -5725.8703  3.30%  77.4 1453s
 597381 286773 -5597.4730   68  182 -5543.1604 -5725.8465  3.30%  77.5 1458s
 598250 287592 -5564.9581   79  100 -5543.1604 -5725.8288  3.30%  77.5 1461s
 599522 288263 -5677.0841   68  364 -5543.1604 -5725.8094  3.30%  77.6 1465s
 601675 289926 infeasible   51      -5543.1604 -5725.7622  3.29%  77.7 1473s
 603020 290648 -5656.4594   54  379 -5543.1604 -5725.7203  3.29%  77.7 1477s
 604130 290886 -5715.3921   47  465 -5543.1604 -5725.6994  3.29%  77.8 1481s
 604459 291815 -5659.6637   64  294 -5543.1604 -5725.6952  3.29%  77.8 1485s
 607032 293456 -5568.7257   78  139 -5543.1604 -5725.6378  3.29%  77.8 1493s
 608119 294081 -5705.4377   56  416 -5543.1604 -5725.6102  3.29%  77.9 1496s
 609122 294522 -5637.8855   65  380 -5543.1604 -5725.5811  3.29%  77.9 1501s
 609699 295230 -5693.9801   60  268 -5543.1604 -5725.5765  3.29%  77.9 1506s
 611796 296765 infeasible   51      -5543.1604 -5725.5267  3.29%  78.1 1513s
 612906 297736 -5545.6918   59  258 -5543.1604 -5725.4878  3.29%  78.1 1517s
 614299 298317 -5545.4936   83  149 -5543.1604 -5725.4572  3.29%  78.1 1521s
 616380 299834 -5639.9770   54  328 -5543.1604 -5725.3999  3.29%  78.3 1528s
 617377 300759 -5695.2251   41  438 -5543.1604 -5725.3939  3.29%  78.3 1532s
 618703 301606 infeasible   58      -5543.1604 -5725.3732  3.29%  78.4 1536s
 621019 303257 -5692.1848   54  270 -5543.1604 -5725.3356  3.29%  78.4 1543s
 622189 304287 -5617.3189   62  374 -5543.1604 -5725.3089  3.29%  78.5 1547s
 623607 304950     cutoff   68      -5543.1604 -5725.2770  3.29%  78.5 1551s
 624493 305696     cutoff   65      -5543.1604 -5725.2552  3.29%  78.5 1555s
 626595 307465 -5545.0557   98   63 -5543.1604 -5725.2017  3.28%  78.7 1563s
 627898 308301 -5629.0040   65  172 -5543.1604 -5725.1738  3.28%  78.7 1568s
 629145 309115 -5655.9663   72  163 -5543.1604 -5725.1508  3.28%  78.7 1572s
 630324 309790 -5687.9093   61  276 -5543.1604 -5725.1250  3.28%  78.8 1576s
 632566 311395 -5619.8967   53  316 -5543.1604 -5725.0648  3.28%  78.9 1583s
 633603 312287 -5605.8559   55  338 -5543.1604 -5725.0476  3.28%  78.9 1587s
 634797 313160 -5585.3301   77  129 -5543.1604 -5725.0187  3.28%  79.0 1592s
 635930 314236 -5543.4065   99   53 -5543.1604 -5724.9959  3.28%  79.0 1597s
 637419 315057 -5585.6525   80  204 -5543.1604 -5724.9744  3.28%  79.0 1601s
 638621 315892 -5597.9874   66  319 -5543.1604 -5724.9375  3.28%  79.1 1605s
 641068 317503     cutoff   59      -5543.1604 -5724.8791  3.28%  79.1 1612s
H641512 317503                    -5543.160472 -5724.8715  3.28%  79.2 1613s
H641749 317503                    -5543.160505 -5724.8695  3.28%  79.2 1613s
 642057 318114 -5684.9345   52  404 -5543.1605 -5724.8588  3.28%  79.2 1617s
 643042 318803 -5650.8639   44  445 -5543.1605 -5724.8316  3.28%  79.2 1621s
 644037 319831 -5548.5466   54  250 -5543.1605 -5724.8024  3.28%  79.3 1625s
H646246 318983                    -5544.124055 -5724.7585  3.26%  79.3 1629s
H646583 315410                    -5545.955944 -5724.7577  3.22%  79.3 1629s
 646696 316484 -5624.7434   69  232 -5545.9559 -5724.7451  3.22%  79.3 1634s
 648179 317271 -5697.4550   56  256 -5545.9559 -5724.7210  3.22%  79.3 1638s
 649255 318123 -5620.5104   80  237 -5545.9559 -5724.6862  3.22%  79.4 1641s
 650474 318972 -5696.9958   49  384 -5545.9559 -5724.6513  3.22%  79.4 1645s
 651641 319756 -5660.2141   59  396 -5545.9559 -5724.6220  3.22%  79.4 1650s
 654029 321430 -5715.2019   49  397 -5545.9559 -5724.5701  3.22%  79.5 1657s
 655007 322146 -5663.8617   55  291 -5545.9559 -5724.5590  3.22%  79.6 1662s
 655999 323071 -5584.0245   80  282 -5545.9559 -5724.5428  3.22%  79.6 1666s
 657263 324034 -5691.5164   50  265 -5545.9559 -5724.5036  3.22%  79.7 1670s
 659609 325603 -5671.4394   60  187 -5545.9559 -5724.4580  3.22%  79.8 1678s
 660714 326596 -5669.9781   59  227 -5545.9559 -5724.4425  3.22%  79.8 1682s
 662018 327308 -5637.1871   73  287 -5545.9559 -5724.4185  3.22%  79.9 1686s
H662665 327308                    -5545.955951 -5724.4132  3.22%  79.9 1686s
 663057 328252 -5571.8657   69  133 -5545.9560 -5724.4021  3.22%  79.9 1691s
 664426 329201     cutoff   54      -5545.9560 -5724.3770  3.22%  80.0 1695s
 666835 330935 -5632.4901   65  216 -5545.9560 -5724.3401  3.22%  80.0 1703s
H667863 330935                    -5545.955957 -5724.3189  3.22%  80.1 1703s
 667973 331812 -5611.8036   71  174 -5545.9560 -5724.3168  3.22%  80.1 1708s
 669191 332578 -5657.4760   52  266 -5545.9560 -5724.2994  3.22%  80.1 1713s
 670280 333591 -5557.8691   57  222 -5545.9560 -5724.2791  3.22%  80.2 1717s
 671660 334638 -5555.5218   99  130 -5545.9560 -5724.2486  3.21%  80.2 1721s
 673015 335513 -5572.5603  109   11 -5545.9560 -5724.2236  3.21%  80.2 1725s
 675637 337191 -5674.7438   53  234 -5545.9560 -5724.1590  3.21%  80.2 1733s
 676621 338058 -5564.2811   67  280 -5545.9560 -5724.1315  3.21%  80.3 1737s
 677906 338771 -5694.6745   51  406 -5545.9560 -5724.1015  3.21%  80.4 1741s
 678964 339741 -5564.3354   54  228 -5545.9560 -5724.0707  3.21%  80.4 1745s
 681349 341487 -5654.2848   57  328 -5545.9560 -5724.0269  3.21%  80.5 1754s
 682687 342432 -5630.2477   54  259 -5545.9560 -5724.0082  3.21%  80.5 1758s
 683994 343227 -5682.0711   58  323 -5545.9560 -5723.9799  3.21%  80.5 1762s
 685107 344159 -5578.2727   56  328 -5545.9560 -5723.9471  3.21%  80.6 1766s
 686417 345110 -5663.8423   60  305 -5545.9560 -5723.9260  3.21%  80.6 1771s
 687648 346207 -5547.9922   67  154 -5545.9560 -5723.9086  3.21%  80.7 1775s
 690552 348194 -5659.9858   52  292 -5545.9560 -5723.8678  3.21%  80.7 1783s
 692035 349077 -5667.3758   55  343 -5545.9560 -5723.8155  3.21%  80.7 1787s
 693272 349826 -5646.3136   72  208 -5545.9560 -5723.7944  3.21%  80.7 1791s
 694408 350691 -5707.9865   41  433 -5545.9560 -5723.7757  3.21%  80.8 1796s
 695558 351581 -5631.3105   69  146 -5545.9560 -5723.7551  3.21%  80.8 1800s
 698009 353579     cutoff   59      -5545.9560 -5723.7199  3.21%  80.9 1809s
 699488 354181 -5641.0327   68  256 -5545.9560 -5723.6953  3.20%  80.9 1814s
 700658 355113 -5703.5925   51  325 -5545.9560 -5723.6746  3.20%  81.0 1818s
 701972 355979 -5709.8823   49  455 -5545.9560 -5723.6481  3.20%  81.0 1822s
 703129 356828 -5576.9374   74  291 -5545.9560 -5723.6192  3.20%  81.0 1827s
 704226 357855 -5619.3735   70  170 -5545.9560 -5723.6044  3.20%  81.1 1831s
 705679 358908 -5707.6291   48  335 -5545.9560 -5723.5795  3.20%  81.1 1835s
 707079 359794 -5713.3087   47  354 -5545.9560 -5723.5598  3.20%  81.1 1840s
 709739 361711 -5658.3726   59  262 -5545.9560 -5723.4981  3.20%  81.1 1848s
 711065 362294 -5647.2588   67  319 -5545.9560 -5723.4666  3.20%  81.2 1853s
 711838 363272 infeasible   81      -5545.9560 -5723.4463  3.20%  81.2 1857s
 713235 363979 -5630.2494   63  277 -5545.9560 -5723.4246  3.20%  81.2 1861s
 714269 364751 -5668.5714   56  307 -5545.9560 -5723.4042  3.20%  81.2 1865s
 716906 366444 -5581.0295   71  123 -5545.9560 -5723.3593  3.20%  81.3 1873s
 718109 367229 -5677.0770   60  298 -5545.9560 -5723.3366  3.20%  81.3 1877s
 719305 368160 -5706.8737   38  404 -5545.9560 -5723.3214  3.20%  81.4 1882s
 720547 369342 -5601.1790   44  256 -5545.9560 -5723.2911  3.20%  81.4 1886s
 722162 370019 -5712.6165   44  271 -5545.9560 -5723.2585  3.20%  81.4 1890s
 724462 371710 -5681.9147   54  220 -5545.9560 -5723.1933  3.20%  81.5 1898s
 725582 372316 infeasible   61      -5545.9560 -5723.1754  3.20%  81.5 1902s
 726815 373160 -5586.2036   87  223 -5545.9560 -5723.1502  3.20%  81.5 1906s
 728051 373883 -5577.3699   79  282 -5545.9560 -5723.1242  3.19%  81.6 1910s
 729063 374974 -5701.7249   50  244 -5545.9560 -5723.1156  3.19%  81.6 1915s
 731514 376397 -5628.7419   43  434 -5545.9560 -5723.0635  3.19%  81.7 1923s
 732637 377251 -5713.6904   50  336 -5545.9560 -5723.0382  3.19%  81.7 1928s
 733989 378262 -5566.0613  100  167 -5545.9560 -5723.0054  3.19%  81.7 1932s
 735364 379117 -5672.1070   58  223 -5545.9560 -5722.9700  3.19%  81.8 1936s
 736522 380060 -5625.1662   60  182 -5545.9560 -5722.9568  3.19%  81.8 1941s
 737903 381005 -5709.5101   50  371 -5545.9560 -5722.9266  3.19%  81.8 1945s
H739004 381005                    -5545.955980 -5722.9187  3.19%  81.9 1945s
 740365 382754 -5682.3331   60  391 -5545.9560 -5722.8894  3.19%  81.9 1954s
H740937 382754                    -5545.955981 -5722.8839  3.19%  81.9 1954s
H741500 382754                    -5545.955993 -5722.8816  3.19%  81.9 1954s
 741623 383568 -5625.8373   63  326 -5545.9560 -5722.8693  3.19%  81.9 1958s
 742848 384150 -5616.5184   62  281 -5545.9560 -5722.8385  3.19%  81.9 1962s
 743752 384843 -5677.9357   64  373 -5545.9560 -5722.8164  3.19%  82.0 1966s
 744821 385771 -5708.7512   52  342 -5545.9560 -5722.7901  3.19%  82.0 1970s
 746095 386812 -5698.6854   51  298 -5545.9560 -5722.7675  3.19%  82.0 1975s
H747491 386812                    -5545.955995 -5722.7539  3.19%  82.0 1975s
 748985 388953 -5569.4301   47  250 -5545.9560 -5722.7145  3.19%  82.1 1983s
 750505 389861 -5643.0078   52  373 -5545.9560 -5722.6955  3.19%  82.1 1988s
 751799 390908 -5626.1035   75  204 -5545.9560 -5722.6482  3.19%  82.1 1992s
 753227 391773 -5568.2077   62  251 -5545.9560 -5722.6245  3.19%  82.1 1996s
 754426 392732 infeasible   60      -5545.9560 -5722.5980  3.19%  82.2 2001s
 755819 393758 -5588.2568   56  351 -5545.9560 -5722.5716  3.18%  82.2 2005s
 758371 395111 -5547.4968   82  187 -5545.9560 -5722.5196  3.18%  82.3 2013s
 759264 396136 -5602.3988   65  158 -5545.9560 -5722.4969  3.18%  82.3 2018s
 760706 396829 infeasible  117      -5545.9560 -5722.4754  3.18%  82.3 2022s
 761709 396912 -5607.6387   41  279 -5545.9560 -5722.4670  3.18%  82.4 2028s
H761726 396912                    -5545.956006 -5722.4670  3.18%  82.4 2028s
 761810 397125 -5591.2390   45  318 -5545.9560 -5722.4670  3.18%  82.4 2033s
 762161 398045 -5556.7119   58  196 -5545.9560 -5722.4432  3.18%  82.4 2037s
 763488 398960 -5609.2976   47  450 -5545.9560 -5722.4153  3.18%  82.4 2041s
 764796 399685 -5617.7414   65  338 -5545.9560 -5722.3853  3.18%  82.5 2046s
 765842 400574 -5634.6722   60  365 -5545.9560 -5722.3584  3.18%  82.5 2050s
 767063 401545 -5654.2770   56  349 -5545.9560 -5722.3311  3.18%  82.5 2055s
 769606 403256 -5687.0848   58  358 -5545.9560 -5722.2727  3.18%  82.6 2063s
 770739 404385 -5639.7157   58  295 -5545.9560 -5722.2610  3.18%  82.7 2068s
 772281 405212 infeasible   95      -5545.9560 -5722.2388  3.18%  82.7 2072s
 773491 406135 -5585.9614   60  253 -5545.9560 -5722.2121  3.18%  82.7 2077s
 774831 407057 -5692.9510   60  289 -5545.9560 -5722.1747  3.18%  82.7 2081s
 776138 407717 -5599.8468   62  259 -5545.9560 -5722.1574  3.18%  82.8 2085s
 778424 409265 -5707.8032   57  269 -5545.9560 -5722.1258  3.18%  82.8 2094s
 779332 410334 -5663.9312   58  318 -5545.9560 -5722.1126  3.18%  82.9 2098s
 780776 411362 -5657.9270   56  392 -5545.9560 -5722.0899  3.18%  82.9 2103s
 782211 412353 -5701.7396   46  435 -5545.9560 -5722.0605  3.18%  82.9 2107s
 783780 413341 -5634.4165   56  341 -5545.9560 -5722.0312  3.17%  82.9 2111s
 785163 414387 -5653.5024   63  299 -5545.9560 -5722.0027  3.17%  83.0 2116s
H785421 414387                    -5545.956007 -5722.0022  3.17%  83.0 2117s
 786548 415284 -5616.8838   59  308 -5545.9560 -5721.9742  3.17%  83.0 2121s
 787860 415899 -5655.4489   63  264 -5545.9560 -5721.9645  3.17%  83.0 2126s
 788738 416669 -5591.4803   75  160 -5545.9560 -5721.9382  3.17%  83.1 2131s
 789831 417360 -5626.9230   61  274 -5545.9560 -5721.9141  3.17%  83.1 2135s
 792332 419368 -5632.8192   60  268 -5545.9560 -5721.8591  3.17%  83.1 2144s
 793668 420370 -5573.3557   61  249 -5545.9560 -5721.8350  3.17%  83.1 2148s
 795059 421408 -5595.2192   81  298 -5545.9560 -5721.8140  3.17%  83.2 2153s
 796575 422450 -5685.0565   50  408 -5545.9560 -5721.7715  3.17%  83.2 2157s
 797923 422992 -5606.2682   69  230 -5545.9560 -5721.7591  3.17%  83.2 2162s
 798928 423838 -5569.4265   50  283 -5545.9560 -5721.7427  3.17%  83.3 2167s
 800200 424648 -5698.8634   60  255 -5545.9560 -5721.7062  3.17%  83.3 2172s
 801284 425583 -5702.5464   52  361 -5545.9560 -5721.6922  3.17%  83.3 2176s
 802578 426527 -5570.5195   83  159 -5545.9560 -5721.6617  3.17%  83.4 2180s
 803936 427461 -5714.2862   51  428 -5545.9560 -5721.6365  3.17%  83.4 2185s
 806687 429127 -5692.4917   53  398 -5545.9560 -5721.5765  3.17%  83.4 2193s
 807751 430027 -5627.6187   51  378 -5545.9560 -5721.5505  3.17%  83.5 2198s
 808957 430946 -5695.6024   55  358 -5545.9560 -5721.5367  3.17%  83.5 2203s
 810282 431740 -5574.2510   87  166 -5545.9560 -5721.5367  3.17%  83.5 2207s
 811654 432768 -5644.3929   54  295 -5545.9560 -5721.4876  3.17%  83.6 2212s
 812964 433872 -5634.9809   84  308 -5545.9560 -5721.4769  3.16%  83.6 2217s
 814384 434734 -5559.9220   87  242 -5545.9560 -5721.4621  3.16%  83.6 2222s
 815517 435806 -5631.4444   70  169 -5545.9560 -5721.4425  3.16%  83.7 2227s
 817021 436874 -5674.3278   53  370 -5545.9560 -5721.4117  3.16%  83.7 2231s
 818476 437922 -5697.2515   55  338 -5545.9560 -5721.3860  3.16%  83.7 2236s
 819921 438827 -5588.4597   50  260 -5545.9560 -5721.3686  3.16%  83.7 2241s
 821207 439793 -5599.7828   55  268 -5545.9560 -5721.3507  3.16%  83.7 2245s
 823670 441136 -5694.3492   45  299 -5545.9560 -5721.2988  3.16%  83.8 2254s
 824842 442087 -5685.2518   54  412 -5545.9560 -5721.2734  3.16%  83.8 2258s
 826220 443103 -5706.5383   45  467 -5545.9560 -5721.2477  3.16%  83.8 2263s
 827773 443964 -5569.2255  104  214 -5545.9560 -5721.2154  3.16%  83.8 2267s
 829020 444645     cutoff  106      -5545.9560 -5721.1814  3.16%  83.9 2272s
 830029 445327 -5668.2883   53  324 -5545.9560 -5721.1607  3.16%  83.9 2276s
 831062 446305 -5646.5072   61  329 -5545.9560 -5721.1521  3.16%  84.0 2281s
 832399 447244 -5692.5390   56  292 -5545.9560 -5721.1157  3.16%  84.0 2285s
 833776 447997     cutoff   57      -5545.9560 -5721.0818  3.16%  84.0 2290s
 834801 448756 -5668.4091   52  404 -5545.9560 -5721.0701  3.16%  84.1 2295s
 837250 450559 -5646.2175   60  321 -5545.9560 -5721.0391  3.16%  84.2 2304s
 838619 451469 -5555.2465   81  214 -5545.9560 -5721.0021  3.16%  84.2 2309s
 839875 452296 -5652.4880   57  259 -5545.9560 -5720.9835  3.16%  84.2 2314s
 841009 453192 -5665.4426   60  295 -5545.9560 -5720.9666  3.16%  84.2 2318s
 842207 454065 -5612.4513   64  286 -5545.9560 -5720.9515  3.16%  84.3 2322s
 843472 455182 -5701.5852   52  406 -5545.9560 -5720.9322  3.16%  84.3 2327s
 845042 456106 -5691.0701   61  339 -5545.9560 -5720.8901  3.15%  84.3 2331s
 846397 457013 -5672.0749   55  356 -5545.9560 -5720.8630  3.15%  84.3 2336s
 847640 457968 -5601.9851   62  337 -5545.9560 -5720.8473  3.15%  84.3 2341s
 848945 458890 -5656.9558   60  220 -5545.9560 -5720.8285  3.15%  84.4 2345s
 850419 459690     cutoff   67      -5545.9560 -5720.8052  3.15%  84.4 2350s
 851586 460618 -5575.1971   55  252 -5545.9560 -5720.7806  3.15%  84.4 2355s
 852806 461702 -5700.2898   60  302 -5545.9560 -5720.7692  3.15%  84.4 2360s
 855671 463559 -5558.0632   72  196 -5545.9560 -5720.7172  3.15%  84.5 2369s
 856958 464603 -5693.1526   53  261 -5545.9560 -5720.6849  3.15%  84.5 2373s
 858403 465632 -5694.9748   63  277 -5545.9560 -5720.6607  3.15%  84.5 2378s
 859824 466592 -5558.2903   63  371 -5545.9560 -5720.6335  3.15%  84.5 2382s
 861221 467363 -5688.8952   53  303 -5545.9560 -5720.6255  3.15%  84.5 2387s
 862329 468174 -5613.3223   57  488 -5545.9560 -5720.5892  3.15%  84.6 2392s
 863524 468313     cutoff   47      -5545.9560 -5720.5782  3.15%  84.6 2397s
 863710 469291 -5681.8180   58  338 -5545.9560 -5720.5727  3.15%  84.6 2401s
 865106 470104 -5661.4283   58  269 -5545.9560 -5720.5627  3.15%  84.6 2406s
 866267 471094 -5596.3054   90  252 -5545.9560 -5720.5376  3.15%  84.7 2410s
 867678 472120 -5664.5134   57  386 -5545.9560 -5720.5158  3.15%  84.7 2415s
 870647 473995 -5638.5535   47  285 -5545.9560 -5720.4689  3.15%  84.7 2424s
 872073 474754 -5567.4540   96  215 -5545.9560 -5720.4491  3.15%  84.7 2429s
 873165 475789 -5653.0809   57  266 -5545.9560 -5720.4285  3.15%  84.7 2434s
 874590 476482 -5649.4474   53  338 -5545.9560 -5720.3985  3.15%  84.7 2438s
 875583 477488 -5582.2973   61  292 -5545.9560 -5720.3858  3.15%  84.8 2443s
 877029 478388 -5630.4483   67  327 -5545.9560 -5720.3544  3.14%  84.8 2447s
 878310 479214 -5567.7247   66  256 -5545.9560 -5720.3249  3.14%  84.8 2452s
 879544 479920 -5655.2726   61  392 -5545.9560 -5720.3033  3.14%  84.8 2457s
 880559 480846 -5705.3090   53  364 -5545.9560 -5720.2830  3.14%  84.9 2461s
 881895 481518 -5662.2788   48  368 -5545.9560 -5720.2630  3.14%  84.9 2466s
 882911 482386 -5653.2700   52  380 -5545.9560 -5720.2443  3.14%  85.0 2471s
 884128 483297 -5607.6634   56  348 -5545.9560 -5720.2340  3.14%  85.0 2475s
 885484 483959 -5554.0165   85  169 -5545.9560 -5720.2091  3.14%  85.0 2480s
 887529 485659 -5692.8200   56  256 -5545.9560 -5720.1662  3.14%  85.1 2489s
 888896 486410 -5681.3461   54  298 -5545.9560 -5720.1516  3.14%  85.1 2494s
 890067 487299     cutoff   53      -5545.9560 -5720.1284  3.14%  85.2 2499s
 891396 488224 -5680.8591   56  441 -5545.9560 -5720.1067  3.14%  85.2 2503s
 892704 489036 -5546.5336   65  194 -5545.9560 -5720.0863  3.14%  85.2 2508s
 893896 489824 -5686.4533   53  284 -5545.9560 -5720.0657  3.14%  85.3 2512s
 895087 490569 -5630.6410   82  263 -5545.9560 -5720.0612  3.14%  85.3 2517s
 896244 491380 -5698.0119   50  252 -5545.9560 -5720.0323  3.14%  85.3 2521s
 897469 492272 -5675.8514   63  278 -5545.9560 -5720.0063  3.14%  85.4 2526s
 898686 493173 -5691.4039   53  309 -5545.9560 -5719.9851  3.14%  85.4 2531s
 900053 494058 -5658.4149   55  282 -5545.9560 -5719.9635  3.14%  85.4 2535s
 901288 494819 -5691.6864   58  322 -5545.9560 -5719.9508  3.14%  85.4 2540s
H901639 493882                    -5546.376987 -5719.9447  3.13%  85.5 2540s
 902383 494816 -5574.1271   70  237 -5546.3770 -5719.9281  3.13%  85.5 2545s
H902904 494816                    -5546.376988 -5719.9191  3.13%  85.5 2545s
H903100 492518                    -5547.340613 -5719.9151  3.11%  85.5 2545s
 904979 494229 -5580.7856   59  270 -5547.3406 -5719.8858  3.11%  85.5 2554s
 906159 495228 -5623.5981   70  217 -5547.3406 -5719.8703  3.11%  85.6 2559s
 907499 496284 -5605.4499   74  192 -5547.3406 -5719.8504  3.11%  85.6 2563s
 908965 497200     cutoff  139      -5547.3406 -5719.8325  3.11%  85.6 2568s
 910257 498019 -5599.9484   77  123 -5547.3406 -5719.8164  3.11%  85.6 2572s
 911521 499004 -5613.4717   46  310 -5547.3406 -5719.7992  3.11%  85.6 2577s
 912875 499697 -5667.5703   60  274 -5547.3406 -5719.7791  3.11%  85.6 2582s
 914007 500690 -5707.6437   43  467 -5547.3406 -5719.7663  3.11%  85.7 2586s
 915360 501474 -5624.9315   64  371 -5547.3406 -5719.7480  3.11%  85.7 2591s
 916565 502460 -5687.8946   55  396 -5547.3406 -5719.7281  3.11%  85.7 2595s
 917934 503299 -5650.8278   76  238 -5547.3406 -5719.7080  3.11%  85.8 2600s
 920317 505046 -5616.5879   69  221 -5547.3406 -5719.6753  3.11%  85.8 2609s
 921550 505953 -5657.0348   56  238 -5547.3406 -5719.6644  3.11%  85.9 2614s
 922884 506716     cutoff   48      -5547.3406 -5719.6401  3.11%  85.9 2619s
 924070 507484 -5700.6116   42  310 -5547.3406 -5719.6183  3.11%  85.9 2623s
 925265 508375 -5669.2905   59  208 -5547.3406 -5719.5989  3.11%  86.0 2628s
 926625 509348 -5591.6936   72  225 -5547.3406 -5719.5638  3.10%  86.0 2633s
 927950 510371 -5595.3154   64  375 -5547.3406 -5719.5465  3.10%  86.0 2637s
 929278 511157 -5683.1807   51  330 -5547.3406 -5719.5242  3.10%  86.0 2642s
 930408 511887 -5611.3840   62  262 -5547.3406 -5719.4986  3.10%  86.1 2646s
 931731 512762 -5708.2991   53  436 -5547.3406 -5719.4856  3.10%  86.1 2651s
 933166 513467 -5692.0522   63  337 -5547.3406 -5719.4619  3.10%  86.1 2656s
 934274 514451 -5639.1207   68  202 -5547.3406 -5719.4448  3.10%  86.1 2661s
 935714 515340     cutoff   72      -5547.3406 -5719.4294  3.10%  86.2 2666s
*936278 506111             129    -5550.903185 -5719.4239  3.04%  86.2 2666s
 936996 507152 -5601.9352   71  212 -5550.9032 -5719.4103  3.04%  86.2 2671s
 938397 507859 -5559.7021   72  171 -5550.9032 -5719.3977  3.04%  86.2 2675s
 939445 508461 -5653.9638   68  238 -5550.9032 -5719.3857  3.04%  86.2 2680s
 940244 509169 -5650.7745   65  261 -5550.9032 -5719.3791  3.04%  86.3 2685s
 941392 509747 -5618.2999   51  445 -5550.9032 -5719.3784  3.04%  86.3 2691s
 942323 510632 -5556.4984   94   67 -5550.9032 -5719.3740  3.04%  86.4 2695s
 943757 511467 -5683.8640   46  497 -5550.9032 -5719.3553  3.03%  86.4 2700s
 944933 512396 -5553.1065   62  237 -5550.9032 -5719.3376  3.03%  86.4 2705s
 946251 513091 -5657.9014   56  346 -5550.9032 -5719.3376  3.03%  86.4 2710s
H946656 511223                    -5551.524933 -5719.3101  3.02%  86.5 2710s
 947262 512143 -5559.0712   59  241 -5551.5249 -5719.2912  3.02%  86.5 2715s
 948535 513126 -5646.7160   65  288 -5551.5249 -5719.2761  3.02%  86.5 2720s
 949913 514080 -5652.2863   69  295 -5551.5249 -5719.2568  3.02%  86.6 2725s
H950413 514080                    -5551.524935 -5719.2443  3.02%  86.6 2725s
 951199 514905 -5654.1960   54  367 -5551.5249 -5719.2374  3.02%  86.6 2730s
 953650 516356 -5573.1640   58  269 -5551.5249 -5719.1910  3.02%  86.6 2739s
 954680 517418 -5697.2319   45  357 -5551.5249 -5719.1698  3.02%  86.7 2744s
 956152 518322 -5592.2642   55  214 -5551.5249 -5719.1535  3.02%  86.7 2749s
 957433 519192     cutoff   81      -5551.5249 -5719.1360  3.02%  86.7 2753s
 958668 520068 -5601.0448   68  150 -5551.5249 -5719.1158  3.02%  86.7 2758s
H959246 520068                    -5551.524937 -5719.1103  3.02%  86.7 2758s
 959908 521012 -5616.0664   53  347 -5551.5249 -5719.1022  3.02%  86.8 2763s
 961252 521940 -5604.5091   66  294 -5551.5249 -5719.0730  3.02%  86.8 2768s
 962488 522846 -5698.2887   49  381 -5551.5249 -5719.0451  3.02%  86.8 2773s
H962712 511874                    -5554.999331 -5719.0445  2.95%  86.8 2773s
 963691 512771 -5624.5736   53  297 -5554.9993 -5719.0272  2.95%  86.8 2777s
 965025 513231 -5622.2600   68  284 -5554.9993 -5719.0040  2.95%  86.9 2783s
 965681 514209 -5619.7090   69  239 -5554.9993 -5718.9958  2.95%  86.9 2787s
 967053 515017 -5696.9856   43  449 -5554.9993 -5718.9574  2.95%  86.9 2792s
 968142 515820 -5667.3498   59  405 -5554.9993 -5718.9495  2.95%  86.9 2797s
 969260 516701 -5687.5580   60  344 -5554.9993 -5718.9327  2.95%  87.0 2802s
 970569 517546 -5681.7804   54  351 -5554.9993 -5718.9154  2.95%  87.0 2807s
 971879 518326 -5602.7835   58  290 -5554.9993 -5718.8949  2.95%  87.0 2811s
 972994 519323 -5695.1107   62  300 -5554.9993 -5718.8680  2.95%  87.0 2816s
 974425 520307 -5578.5040   99  132 -5554.9993 -5718.8345  2.95%  87.1 2821s
 975881 521321 -5677.7248   59  331 -5554.9993 -5718.8041  2.95%  87.1 2825s
 977286 521478 -5644.7205   53  394 -5554.9993 -5718.7978  2.95%  87.1 2834s
 977487 522729 -5609.8801   67  220 -5554.9993 -5718.7886  2.95%  87.1 2838s
 979121 523569 -5686.1736   54  336 -5554.9993 -5718.7644  2.95%  87.1 2843s
 980370 524456 -5639.8839   67  202 -5554.9993 -5718.7442  2.95%  87.1 2848s
 981707 525277     cutoff   67      -5554.9993 -5718.7306  2.95%  87.2 2852s
 982925 526226 -5667.0113   53  417 -5554.9993 -5718.7101  2.95%  87.2 2857s
 984372 527219 -5695.5564   59  355 -5554.9993 -5718.6966  2.95%  87.2 2862s
 985762 528168 -5698.3373   55  299 -5554.9993 -5718.6757  2.95%  87.2 2867s
 987132 529318 -5692.9809   51  393 -5554.9993 -5718.6433  2.95%  87.2 2872s
 988733 530272     cutoff   95      -5554.9993 -5718.6246  2.95%  87.2 2877s
 990093 531359 -5591.7650   48  307 -5554.9993 -5718.5960  2.95%  87.3 2882s
 991548 532199 -5681.7889   54  283 -5554.9993 -5718.5804  2.94%  87.3 2887s
 992749 533183 -5610.1370   66  188 -5554.9993 -5718.5693  2.94%  87.3 2891s
 994191 534128 -5649.3193   48  455 -5554.9993 -5718.5338  2.94%  87.3 2896s
 995455 534945 -5590.1372   86  216 -5554.9993 -5718.5187  2.94%  87.4 2901s
H996495 534945                    -5554.999331 -5718.5100  2.94%  87.4 2901s
 996581 535811 -5561.7386   58  286 -5554.9993 -5718.5063  2.94%  87.4 2906s
 997865 536610 -5586.2498   53  278 -5554.9993 -5718.4920  2.94%  87.4 2911s
 999063 537385 -5595.0066   57  309 -5554.9993 -5718.4684  2.94%  87.4 2916s
 1000219 538089 -5648.1040   61  363 -5554.9993 -5718.4552  2.94%  87.5 2921s
 1001208 538611 -5579.2282   58  211 -5554.9993 -5718.4402  2.94%  87.5 2926s
 1001924 539685 -5579.2282   59  223 -5554.9993 -5718.4397  2.94%  87.5 2931s
 1003395 540417 -5611.6020   54  287 -5554.9993 -5718.4062  2.94%  87.5 2936s
 1004564 541245 -5621.8460   79  215 -5554.9993 -5718.4015  2.94%  87.6 2941s
 1005952 542489     cutoff   63      -5554.9993 -5718.3768  2.94%  87.6 2946s
 1007710 543652 -5624.7011   61  244 -5554.9993 -5718.3459  2.94%  87.6 2950s
 1009308 544609 -5665.9322   46  416 -5554.9993 -5718.3249  2.94%  87.6 2955s
 1010644 545650 -5693.6811   54  426 -5554.9993 -5718.2988  2.94%  87.6 2960s
 1012058 546575 -5585.7249   74  185 -5554.9993 -5718.2698  2.94%  87.6 2965s
 1013427 547615 -5631.0512   58  282 -5554.9993 -5718.2482  2.94%  87.6 2970s
 1016131 549239 -5581.3757   87  189 -5554.9993 -5718.2169  2.94%  87.7 2979s
 1017350 550206 -5652.5397   55  338 -5554.9993 -5718.2015  2.94%  87.7 2984s
 1018729 551212 -5558.7758   55  251 -5554.9993 -5718.1824  2.94%  87.7 2989s
 1020163 552137 -5586.7343   70  295 -5554.9993 -5718.1622  2.94%  87.7 2993s
 1021446 553096 -5690.9923   60  377 -5554.9993 -5718.1458  2.94%  87.8 2998s
 1022887 553974 -5682.1597   50  424 -5554.9993 -5718.1164  2.94%  87.8 3003s
 1024304 554798 -5697.3530   55  333 -5554.9993 -5718.1069  2.94%  87.8 3008s
 1025567 555549 -5653.9696   66  274 -5554.9993 -5718.0769  2.94%  87.8 3012s
 1026691 556626 -5671.8517   59  238 -5554.9993 -5718.0642  2.94%  87.8 3017s
 1028163 557456 -5691.6246   50  392 -5554.9993 -5718.0408  2.94%  87.9 3022s
 1029347 558223 -5670.6382   60  311 -5554.9993 -5718.0245  2.93%  87.9 3026s
 1030556 559187 -5629.6313   70  224 -5554.9993 -5718.0065  2.93%  87.9 3031s
 1031916 560030 -5684.2463   48  303 -5554.9993 -5717.9856  2.93%  87.9 3036s
 1033216 560868 -5559.9767   65  183 -5554.9993 -5717.9660  2.93%  87.9 3040s
 1034520 561674 -5568.6438   74  278 -5554.9993 -5717.9362  2.93%  88.0 3045s
 1035755 562494 -5570.4332   80  198 -5554.9993 -5717.9168  2.93%  88.0 3050s
 1036991 563345 -5563.1067   62  288 -5554.9993 -5717.8999  2.93%  88.0 3055s
 1038163 564334 -5588.7061   75  228 -5554.9993 -5717.8837  2.93%  88.0 3060s
 1039537 565304 -5626.4429   66  295 -5554.9993 -5717.8732  2.93%  88.1 3065s
 1040964 566213 -5618.5787   69  262 -5554.9993 -5717.8549  2.93%  88.1 3070s
 1042239 567145 -5595.8844   64  223 -5554.9993 -5717.8429  2.93%  88.1 3075s
 1043607 567991 -5621.4299   44  475 -5554.9993 -5717.8203  2.93%  88.1 3080s
 1046218 569736 -5660.5757   57  280 -5554.9993 -5717.7862  2.93%  88.2 3089s
 1047401 570455 -5631.2061   72  249 -5554.9993 -5717.7683  2.93%  88.2 3094s
 1048493 571342 -5610.1624   66  167 -5554.9993 -5717.7495  2.93%  88.2 3099s
 1049754 572257 -5613.3919   56  194 -5554.9993 -5717.7283  2.93%  88.3 3104s
 1051173 573301 -5702.1095   56  308 -5554.9993 -5717.7116  2.93%  88.3 3109s
 1052583 574238 -5660.6280   60  355 -5554.9993 -5717.6888  2.93%  88.3 3114s
 1053990 575195 -5622.2471   53  258 -5554.9993 -5717.6723  2.93%  88.3 3119s
 1055368 576182 -5676.7325   58  371 -5554.9993 -5717.6530  2.93%  88.3 3124s
 1056725 577094 -5647.4616   58  378 -5554.9993 -5717.6280  2.93%  88.3 3129s
 1057934 578037 -5607.6740   50  400 -5554.9993 -5717.6149  2.93%  88.4 3134s
 1059519 579012 infeasible   56      -5554.9993 -5717.5959  2.93%  88.4 3138s
 1060948 579944 -5686.2049   56  316 -5554.9993 -5717.5695  2.93%  88.4 3143s
 1062263 580781 -5624.5585   50  359 -5554.9993 -5717.5544  2.93%  88.4 3148s
 1063567 581780 -5685.4238   52  309 -5554.9993 -5717.5382  2.93%  88.4 3153s
 1064960 582777 -5603.5602   71  161 -5554.9993 -5717.5229  2.93%  88.5 3158s
 1066282 583185 -5623.7031   70  249 -5554.9993 -5717.5067  2.93%  88.5 3163s
 1066860 584043 -5611.3783   52  377 -5554.9993 -5717.5029  2.93%  88.5 3168s
 1068103 584906 -5557.4436   47  444 -5554.9993 -5717.4839  2.93%  88.5 3173s
H1068200 584906                    -5554.999348 -5717.4839  2.93%  88.5 3173s
 1069295 585702 -5692.4443   59  289 -5554.9993 -5717.4644  2.92%  88.5 3178s
H1069358 585702                    -5554.999350 -5717.4644  2.92%  88.5 3179s
H1070014 585702                    -5554.999362 -5717.4543  2.92%  88.5 3179s
H1070118 585702                    -5554.999363 -5717.4525  2.92%  88.6 3179s
 1070441 586613     cutoff   77      -5554.9994 -5717.4466  2.92%  88.6 3184s
H1071269 586613                    -5554.999364 -5717.4384  2.92%  88.6 3185s
 1071747 587761 -5629.3627   64  223 -5554.9994 -5717.4234  2.92%  88.6 3190s
 1074828 589748 -5576.6317   65  238 -5554.9994 -5717.3886  2.92%  88.6 3199s
H1076123 590346                    -5554.999365 -5717.3646  2.92%  88.6 3205s
H1076974 581554                    -5557.491155 -5717.3539  2.88%  88.6 3205s
 1076999 582267 infeasible   75      -5557.4912 -5717.3529  2.88%  88.6 3210s
 1078282 583058 infeasible   60      -5557.4912 -5717.3461  2.88%  88.7 3215s
 1079621 583948 -5564.4067   74  184 -5557.4912 -5717.3210  2.88%  88.7 3220s
 1080850 584820 -5579.2074   53  252 -5557.4912 -5717.2984  2.88%  88.7 3225s
 1082122 585929 -5646.5722   52  378 -5557.4912 -5717.2760  2.88%  88.7 3231s
 1083615 586909 -5697.9379   42  475 -5557.4912 -5717.2641  2.87%  88.7 3236s
 1085070 587719 -5600.1208   77  281 -5557.4912 -5717.2374  2.87%  88.7 3241s
 1086256 588595 -5652.7454   62  320 -5557.4912 -5717.2184  2.87%  88.8 3246s
 1087537 589390 -5599.0722   58  194 -5557.4912 -5717.1919  2.87%  88.8 3251s
 1088805 590088 -5597.9776   50  346 -5557.4912 -5717.1793  2.87%  88.8 3255s
 1089977 591110 -5567.1740   69  270 -5557.4912 -5717.1576  2.87%  88.9 3260s
 1091415 592017 -5636.2371   66  334 -5557.4912 -5717.1305  2.87%  88.9 3265s
 1092735 593028 -5632.8972   51  354 -5557.4912 -5717.1129  2.87%  88.9 3270s
 1094282 593969 -5613.6234   70  136 -5557.4912 -5717.0897  2.87%  88.9 3275s
 1095677 594886 -5643.2835   56  350 -5557.4912 -5717.0715  2.87%  88.9 3280s
 1096921 596035 -5689.7606   54  295 -5557.4912 -5717.0550  2.87%  88.9 3285s
 1098509 596721 -5690.6688   58  286 -5557.4912 -5717.0438  2.87%  88.9 3290s
 1100843 598181 -5663.3464   58  306 -5557.4912 -5717.0147  2.87%  89.0 3299s
 1102051 599145 -5669.1444   71  245 -5557.4912 -5716.9933  2.87%  89.0 3304s
 1103533 600123 infeasible  105      -5557.4912 -5716.9774  2.87%  89.0 3309s
 1104973 600906 -5612.5545   52  368 -5557.4912 -5716.9546  2.87%  89.1 3314s
 1106183 601640 -5598.8347   74  305 -5557.4912 -5716.9341  2.87%  89.1 3319s
 1107351 602546 -5665.9842   48  452 -5557.4912 -5716.9221  2.87%  89.1 3324s
 1108698 603267 -5587.0641   84  249 -5557.4912 -5716.9000  2.87%  89.1 3328s
 1109757 604099     cutoff   69      -5557.4912 -5716.8873  2.87%  89.2 3333s
 1110965 604972 -5575.8826   74  215 -5557.4912 -5716.8700  2.87%  89.2 3338s
 1112445 605947 -5660.5882   57  324 -5557.4912 -5716.8482  2.87%  89.2 3343s
 1113892 606772 -5700.0948   48  291 -5557.4912 -5716.8289  2.87%  89.2 3348s
 1115097 607583 -5692.7091   45  471 -5557.4912 -5716.8073  2.87%  89.3 3353s
 1116342 608336 -5665.9791   48  274 -5557.4912 -5716.7951  2.87%  89.3 3358s
 1117551 609270 -5685.9942   58  264 -5557.4912 -5716.7811  2.87%  89.3 3362s
 1118929 610179 -5640.1733   60  270 -5557.4912 -5716.7686  2.87%  89.3 3367s
 1120248 611120 -5632.0944   62  279 -5557.4912 -5716.7482  2.87%  89.4 3372s
 1121554 611909 -5645.6556   59  259 -5557.4912 -5716.7209  2.87%  89.4 3377s
 1122687 612580 -5662.6498   60  274 -5557.4912 -5716.7123  2.86%  89.4 3382s
 1123743 613480 -5669.0310   47  313 -5557.4912 -5716.6856  2.86%  89.4 3387s
 1125058 614368 -5676.4177   58  341 -5557.4912 -5716.6689  2.86%  89.5 3392s
 1126417 615226 -5692.7663   51  273 -5557.4912 -5716.6657  2.86%  89.5 3397s
 1127828 615964 -5585.4598   52  293 -5557.4912 -5716.6390  2.86%  89.5 3402s
H1128242 615964                    -5557.491157 -5716.6337  2.86%  89.5 3402s
 1128988 616777 -5601.4892   75  274 -5557.4912 -5716.6266  2.86%  89.5 3407s
 1130230 617845 -5676.5426   56  278 -5557.4912 -5716.6078  2.86%  89.5 3412s
 1131747 618670     cutoff   74      -5557.4912 -5716.5974  2.86%  89.6 3417s
 1133002 619478     cutoff   88      -5557.4912 -5716.5845  2.86%  89.6 3423s
 1134185 619570 -5642.7377   65  223 -5557.4912 -5716.5660  2.86%  89.6 3429s
 1134319 620441 -5687.7347   55  366 -5557.4912 -5716.5634  2.86%  89.6 3434s
 1135582 621403 -5643.5894   61  339 -5557.4912 -5716.5446  2.86%  89.6 3440s
 1136948 622101 -5675.9041   45  282 -5557.4912 -5716.5196  2.86%  89.6 3445s
 1138006 623037 -5660.4648   60  230 -5557.4912 -5716.5095  2.86%  89.7 3450s
 1139396 624110 -5671.3006   54  305 -5557.4912 -5716.4886  2.86%  89.7 3455s
 1140942 625048 -5651.9826   67  252 -5557.4912 -5716.4697  2.86%  89.7 3460s
 1142384 626011 -5673.3430   53  308 -5557.4912 -5716.4534  2.86%  89.7 3465s
 1143782 627027 -5571.0420   74  228 -5557.4912 -5716.4422  2.86%  89.7 3471s
 1145151 627876 -5652.3502   54  367 -5557.4912 -5716.4258  2.86%  89.7 3476s
 1146482 628715 -5587.3266   79  182 -5557.4912 -5716.4034  2.86%  89.8 3480s
 1147907 629790 -5702.5241   51  334 -5557.4912 -5716.3841  2.86%  89.8 3486s
 1149371 630602 -5689.8687   53  338 -5557.4912 -5716.3665  2.86%  89.8 3491s
 1150482 631466 -5651.0932   67  199 -5557.4912 -5716.3489  2.86%  89.8 3496s
 1152017 632386     cutoff  128      -5557.4912 -5716.3374  2.86%  89.8 3501s
 1153397 633298 -5573.9088   57  184 -5557.4912 -5716.3200  2.86%  89.8 3506s
 1154710 634221 -5678.9516   58  330 -5557.4912 -5716.3014  2.86%  89.9 3511s
 1156122 635173 -5569.3213   72  238 -5557.4912 -5716.2769  2.86%  89.9 3516s
 1157561 636214     cutoff   61      -5557.4912 -5716.2619  2.86%  89.9 3521s
 1159134 636975     cutoff   79      -5557.4912 -5716.2445  2.86%  89.9 3526s
 1160280 637797 -5692.5308   49  278 -5557.4912 -5716.2317  2.86%  89.9 3531s
 1161554 638630 -5561.0420   56  182 -5557.4912 -5716.2208  2.86%  90.0 3536s
 1162979 639465 -5591.0494   63  241 -5557.4912 -5716.2136  2.86%  90.0 3541s
 1164345 640416 -5598.6138   77  293 -5557.4912 -5716.1894  2.86%  90.0 3546s
 1165803 641570 -5666.9084   50  443 -5557.4912 -5716.1732  2.86%  90.0 3551s
 1167253 642224 -5603.0815   71  322 -5557.4912 -5716.1626  2.86%  90.0 3556s
H1167507 641981                    -5557.560981 -5716.1603  2.85%  90.0 3557s
 1168185 642769 -5708.8164   49  446 -5557.5610 -5716.1532  2.85%  90.0 3562s
 1169342 643773 -5666.8893   64  269 -5557.5610 -5716.1387  2.85%  90.1 3567s
 1170711 644788 -5676.5085   53  351 -5557.5610 -5716.1253  2.85%  90.1 3572s
 1172116 645644 -5614.7960   73  192 -5557.5610 -5716.1136  2.85%  90.1 3577s
 1173382 646660 -5674.0681   64  208 -5557.5610 -5716.0966  2.85%  90.1 3583s
 1174773 647653 -5627.7463   71  216 -5557.5610 -5716.0771  2.85%  90.1 3588s
 1176180 648510 -5585.8848   74  149 -5557.5610 -5716.0565  2.85%  90.1 3593s
 1177490 649567 -5576.3351   58  314 -5557.5610 -5716.0426  2.85%  90.2 3598s
 1178999 649743 -5665.8872   51  306 -5557.5610 -5716.0185  2.85%  90.2 3600s

Cutting planes:
  Gomory: 48
  Cover: 722
  Implied bound: 21
  Clique: 1
  MIR: 6
  Flow cover: 111
  Inf proof: 250
  Zero half: 54
  RLT: 137
  Lazy constraints: 3636

Explored 1179286 nodes (106341620 simplex iterations) in 3600.01 seconds
Thread count was 12 (of 12 available processors)

Solution count 10: -5557.56 -5557.49 -5555 ... -5544.12

Time limit reached
Best objective -5.557560981056e+03, best bound -5.716018488923e+03, gap 2.8512%

User-callback calls 2581646, time in user-callback 8.20 sec
-1
['A-n33-k5', 5557.560981056362, 629.4806294830037, 3600.01659488678, 0.02851205923002187, 1, [[0, [80.98702016519418, 88.65716047816953]], [0, [88.65716047816953]], [0, [84.67067795167783]], [4.560098683140609, [121.76380897397057, 47.7159984073415]], [0, [84.67067795167783]], [7.969873120127787, [88.20142517095401, 52.68276559123896, 104.80056398037695]], [0, [88.20142517095401]], [2.8657459761771236, [84.67067795167783, 80.98702016519418]], [14.16809436582772, [52.68276559123896, 144.02827988814778, 84.67067795167783]], [6.3545741198645445, [149.82545729263435, 47.7159984073415, 149.82545729263435]], [5.837679333430373, [144.02827988814778, 84.67067795167783]], [0, [104.80056398037695]], [0, [104.80056398037695]], [0, [88.20142517095401]], [8.392124588084698, [47.7159984073415, 88.20142517095401, 80.98702016519418]], [0, [144.02827988814778, 144.02827988814778]], [0, [121.76380897397057]], [0, [121.76380897397057, 121.76380897397057]], [0, [121.76380897397057, 80.98702016519418]], [0, [84.67067795167783, 47.7159984073415, 47.7159984073415]], [0, [88.65716047816953, 104.80056398037695, 80.98702016519418]], [8.592002094968521, [144.02827988814778, 88.20142517095401, 84.67067795167783]], [0, [149.82545729263435, 84.67067795167783, 88.65716047816953]], [0, [149.82545729263435, 52.68276559123896]], [6.671413276204362, [144.02827988814778, 52.68276559123896, 149.82545729263435]], [0, [121.76380897397057, 80.98702016519418]], [0, [144.02827988814778]], [1.2531959144477582, [84.67067795167783, 80.98702016519418, 84.67067795167783]], [3.4462046559374357, [88.65716047816953, 144.02827988814778]], [0, [121.76380897397057, 88.20142517095401, 144.02827988814778]], [0, [104.80056398037695]]]]
