Using license file /util/academic/gurobi/licenses/gurobi.lic
Set parameter TokenServer to value srv-m14-36.cbls.ccr.buffalo.edu
Set parameter TSPort to value 46325
Changed value of parameter lazyConstraints to 1
   Prev: 0  Min: 0  Max: 1  Default: 0
Changed value of parameter TimeLimit to 3600.0
   Prev: inf  Min: 0.0  Max: inf  Default: inf
Gurobi Optimizer version 9.1.1 build v9.1.1rc0 (linux64)
Thread count: 12 physical cores, 12 logical processors, using up to 12 threads
Optimize a model with 5246 rows, 7371 columns and 27296 nonzeros
Model fingerprint: 0xb2e64c50
Variable types: 1336 continuous, 6035 integer (6035 binary)
Coefficient statistics:
  Matrix range     [9e-01, 8e+02]
  Objective range  [1e+00, 1e+00]
  Bounds range     [1e+00, 1e+02]
  RHS range        [1e-01, 8e+02]
Presolve removed 656 rows and 250 columns
Presolve time: 0.07s
Presolved: 4590 rows, 7121 columns, 25608 nonzeros
Variable types: 846 continuous, 6275 integer (6275 binary)

Root relaxation: objective -6.552280e+03, 5689 iterations, 0.46 seconds

    Nodes    |    Current Node    |     Objective Bounds      |     Work
 Expl Unexpl |  Obj  Depth IntInf | Incumbent    BestBd   Gap | It/Node Time

     0     0 -6552.2796    0  485          - -6552.2796      -     -    0s
     0     0 -6517.4420    0  510          - -6517.4420      -     -    1s
     0     0 -6517.4420    0  510          - -6517.4420      -     -    1s
     0     0 -6513.9447    0  485          - -6513.9447      -     -    1s
     0     0 -6513.4679    0  500          - -6513.4679      -     -    1s
     0     0 -6513.4679    0  500          - -6513.4679      -     -    1s
     0     0 -6513.4679    0  500          - -6513.4679      -     -    2s
     0     2 -6513.4679    0  500          - -6513.4679      -     -    2s
    63    78 -6503.2001    7  452          - -6510.2760      -   159    5s
H  521   533                    -5069.050367 -6510.0265  28.4%   129    7s
H  552   578                    -5071.000221 -6510.0265  28.4%   125    7s
H  710   716                    -5505.943198 -6510.0265  18.2%   121    9s
   717   799 -6387.9057   51  301 -5505.9432 -6510.0265  18.2%   121   10s
H 1166  1203                    -5530.562110 -6510.0265  17.7%   101   12s
  1961  2056 -6316.1013   93  110 -5530.5621 -6510.0265  17.7%  73.4   16s
H 2173  2161                    -5552.441620 -6510.0265  17.2%  69.7   17s
H 2397  2410                    -5562.758306 -6510.0265  17.0%  67.6   18s
  3341  3238 -5761.6421  210   26 -5562.7583 -6510.0265  17.0%  59.4   20s
H 3378  3237                    -5567.909373 -6510.0265  16.9%  59.3   20s
  3869  3760 -6485.6113   10  433 -5567.9094 -6508.4284  16.9%  58.0   25s
  4039  3785 -6448.2562   33  425 -5567.9094 -6448.2562  15.8%  58.6   30s
H 4055  3607                    -5582.165669 -6445.1392  15.5%  62.7   33s
  4066  3615 -5751.2094  221  356 -5582.1657 -6445.0586  15.5%  62.6   35s
  4072  3622 -6444.0748   21  391 -5582.1657 -6444.0748  15.4%  64.7   40s
  4086  3641 -6443.2559   24  393 -5582.1657 -6443.7629  15.4%  66.1   45s
H 4105  3465                    -5593.510570 -6443.5183  15.2%  67.1   45s
H 4160  3325                    -5608.495830 -6443.5183  14.9%  69.2   47s
H 4180  3186                    -5612.451999 -6443.5183  14.8%  69.9   48s
H 4195  3037                    -5716.934656 -6443.5183  12.7%  70.4   49s
  4225  3061 -6440.0544   30  307 -5716.9347 -6443.5183  12.7%  71.3   50s
H 4229  2912                    -5734.232886 -6443.5183  12.4%  71.3   50s
  4466  3109 -6422.5175   39  250 -5734.2329 -6443.5183  12.4%  78.5   55s
H 4581  3016                    -5734.913040 -6443.5183  12.4%  79.2   56s
H 4590  2879                    -5752.655370 -6443.5183  12.0%  79.1   56s
H 5124  3107                    -5752.655382 -6443.5183  12.0%  83.0   58s
H 5129  2985                    -5752.655385 -6443.5183  12.0%  83.0   58s
H 5136  2868                    -5763.155823 -6443.5183  11.8%  83.6   58s
  5449  3122 -6350.2005   83  161 -5763.1558 -6443.5183  11.8%  85.9   60s
  7471  4431 -6039.9415  212   23 -5763.1558 -6443.5183  11.8%  83.2   65s
H 7900  4418                    -5772.108206 -6443.1809  11.6%  82.0   66s
H 8396  4752                    -5774.716807 -6442.5260  11.6%  80.9   67s
* 9750  5208             343    -5777.939152 -6442.3334  11.5%  76.6   69s
  9912  5403 -6394.1711   36  386 -5777.9392 -6442.3334  11.5%  76.2   70s
H10195  5537                    -5790.222154 -6442.3334  11.3%  76.1   71s
 10955  6098 -6258.4686   99  164 -5790.2222 -6442.3334  11.3%  75.7   75s
H11002  6453                    -5792.245589 -6442.3334  11.2%  75.5   76s
H11235  6253                    -5809.007840 -6442.3334  10.9%  75.1   76s
H11562  6431                    -5828.030211 -6442.3334  10.5%  73.5   77s
 11758  6799 -6131.9343  187   73 -5828.0302 -6442.3334  10.5%  73.3   81s
H12420  7133                    -5828.636785 -6442.1933  10.5%  72.3   82s
 13635  8171 -6382.2076   46  409 -5828.6368 -6441.2191  10.5%  70.9   85s
H13774  8148                    -5834.501902 -6441.2191  10.4%  71.1   85s
H14537  8881                    -5836.600663 -6441.2191  10.4%  70.7   87s
H14596  8864                    -5839.831293 -6441.2191  10.3%  70.9   87s
H14943  9236                    -5843.722052 -6440.2281  10.2%  72.4   89s
 15194  9666 -6227.8542   93  173 -5843.7221 -6440.2281  10.2%  73.2   90s
H15204  9634                    -5845.820813 -6440.2281  10.2%  73.2   90s
 16944 11115 -6253.9130   68  334 -5845.8208 -6439.8969  10.2%  73.9   95s
 18445 12747 -5985.7611  100  245 -5845.8208 -6439.3385  10.2%  74.6  100s
 21900 16535 -6352.7419   56  192 -5845.8208 -6438.9549  10.1%  72.9  106s
 24739 19439 -6372.0390   62  261 -5845.8208 -6438.2495  10.1%  71.6  110s
 30198 24626 -6369.2563   45  332 -5845.8208 -6438.0625  10.1%  65.7  115s
 32812 26254 -6392.8703   45  258 -5845.8208 -6437.4539  10.1%  64.2  122s
 35450 28866 -6426.3596   37  320 -5845.8208 -6437.1139  10.1%  63.9  127s
 39651 32699 -6399.8361   32  494 -5845.8208 -6436.1246  10.1%  62.7  132s
 43771 35761 -6250.3668   87   99 -5845.8208 -6436.1246  10.1%  61.9  136s
 46586 38202 -6347.1854   52  237 -5845.8208 -6435.5879  10.1%  62.2  141s
 50115 41367 -6110.7122  111  113 -5845.8208 -6435.0565  10.1%  61.9  146s
 52988 43659 -6392.2967   60  217 -5845.8208 -6434.9790  10.1%  62.4  150s
 57153 48395     cutoff  253      -5845.8208 -6434.7102  10.1%  61.2  156s
 59868 49746 infeasible  120      -5845.8208 -6434.6285  10.1%  60.2  161s
 62828 52638 -6430.5486   41  228 -5845.8208 -6434.2385  10.1%  60.1  166s
 66144 55586 -5881.9797  281    6 -5845.8208 -6434.0140  10.1%  59.6  171s
 68919 57139     cutoff  308      -5845.8208 -6433.7728  10.1%  59.2  175s
 71983 60158 -6037.4008  127  135 -5845.8208 -6433.6391  10.1%  59.3  180s
 74616 61965 -6150.5397   71  184 -5845.8208 -6433.4918  10.1%  59.7  185s
 78105 64741 -6419.5084   46  307 -5845.8208 -6433.2896  10.0%  60.6  191s
 80242 67315 -6311.1989   81  299 -5845.8208 -6433.2896  10.0%  61.0  196s
 84347 70812 -6418.2045   40  342 -5845.8208 -6433.1088  10.0%  60.6  201s
 87801 73174 -6262.4786  113  144 -5845.8208 -6432.9471  10.0%  60.2  206s
 90541 77430 -6229.9177  138  142 -5845.8208 -6432.8317  10.0%  60.4  212s
 95211 79786 -6413.2556   32  338 -5845.8208 -6432.5775  10.0%  59.2  216s
 97828 81540 -6133.4068  115  252 -5845.8208 -6432.4253  10.0%  59.5  220s
 100374 83680 -6420.4227   33  229 -5845.8208 -6432.4123  10.0%  59.8  225s
 103029 86033 -5887.1182  111  132 -5845.8208 -6432.2162  10.0%  59.8  230s
H104890 87121                    -5845.822697 -6432.0897  10.0%  59.8  232s
 106232 90737 -6332.8929   56  336 -5845.8227 -6432.0432  10.0%  60.1  237s
 111736 93537 -6172.2683  104   85 -5845.8227 -6431.9170  10.0%  58.8  242s
 114332 95726 infeasible  274      -5845.8227 -6431.7228  10.0%  58.9  246s
H117094 93186                    -5872.942443 -6431.6555  9.51%  58.9  253s
 117533 94544 -6174.1434  130  157 -5872.9424 -6431.6263  9.51%  58.8  255s
H118367 93144                    -5882.552982 -6431.5617  9.33%  58.8  255s
 120275 95568 -6374.1475   52  238 -5882.5530 -6431.5018  9.33%  58.7  260s
 124366 99080 -5895.9398  223   46 -5882.5530 -6431.4381  9.33%  58.3  265s
H124803 99006                    -5883.636346 -6431.3090  9.31%  58.2  265s
H125277 98313                    -5888.619821 -6431.2979  9.22%  58.1  265s
H125671 98104                    -5890.073375 -6431.2661  9.19%  58.1  265s
 127994 101105 -6389.7220   30  328 -5890.0734 -6431.1532  9.19%  57.9  270s
H130069 101061                    -5893.123146 -6431.0989  9.13%  57.7  272s
 132181 103819 -6390.5379   53  334 -5893.1231 -6430.9451  9.13%  57.6  276s
H132583 103418                    -5895.221907 -6430.9420  9.09%  57.5  276s
 134942 104982 -6128.4332  136  116 -5895.2219 -6430.8507  9.09%  57.6  280s
 136726 106729 -6259.4868   47  269 -5895.2219 -6430.8310  9.09%  58.1  286s
 138804 108840 -6391.8126   45  225 -5895.2219 -6430.8239  9.09%  58.7  290s
 142639 112336 -6079.6655  185   36 -5895.2219 -6430.7470  9.08%  58.3  296s
H143639 112235                    -5895.944527 -6430.7015  9.07%  58.2  296s
H143639 110941                    -5902.142821 -6430.7015  8.96%  58.2  296s
 145756 113037 -5926.2514  248   18 -5902.1428 -6430.5875  8.95%  58.1  300s
 147500 114036 -6279.6098   48  254 -5902.1428 -6430.5491  8.95%  58.5  305s
 149040 115702 -5928.5048   89  106 -5902.1428 -6430.5210  8.95%  59.1  310s
 153845 119308 -6052.9448  158   48 -5902.1428 -6430.3476  8.95%  59.0  317s
 154500 119330 -5913.5388  205   43 -5902.1428 -6430.3459  8.95%  59.0  320s
H154508 119054                    -5903.534367 -6430.3459  8.92%  59.0  320s
H154631 119334                    -5908.205560 -6430.3280  8.84%  59.0  323s
 156177 120411 -5961.2294  114  255 -5908.2056 -6430.2915  8.84%  58.9  325s
 158841 122669 -6123.2302  115  247 -5908.2056 -6430.2163  8.84%  58.8  330s
 161186 124587 -6339.6385   97  191 -5908.2056 -6430.1550  8.83%  58.8  335s
 163450 127532 -6291.2127   73  144 -5908.2056 -6430.1228  8.83%  59.0  341s
 167414 130246 -5948.0058  245   14 -5908.2056 -6430.0297  8.83%  58.7  346s
 170085 131901 -6365.7356   73  307 -5908.2056 -6429.8859  8.83%  58.8  350s
H171566 132490                    -5908.391098 -6429.8859  8.83%  58.9  353s
 171636 133627 -6407.1201   43  278 -5908.3911 -6429.8859  8.83%  59.0  355s
 174362 135315 -6418.6660   39  359 -5908.3911 -6429.7346  8.82%  59.1  360s
 176274 137464 -6258.4492   69  246 -5908.3911 -6429.7346  8.82%  59.5  365s
 179594 140047 -5918.6174  193   15 -5908.3911 -6429.5936  8.82%  59.5  370s
 181409 141895 -6422.6267   39  327 -5908.3911 -6429.5068  8.82%  59.6  375s
 183831 143481 infeasible  183      -5908.3911 -6429.3790  8.82%  59.7  380s
H184792 144025                    -5910.357042 -6429.3790  8.78%  59.9  382s
 187112 145970 -6198.8682   86  351 -5910.3570 -6429.3074  8.78%  60.1  387s
 189954 148011 -6412.1969   43  314 -5910.3570 -6429.2153  8.78%  60.2  392s
 192335 150302 -6399.0492   47  291 -5910.3570 -6429.1216  8.78%  60.2  397s
 194891 152260 -6402.9291   43  262 -5910.3570 -6429.0077  8.78%  60.2  401s
 196938 153832 -5940.1189  138  133 -5910.3570 -6428.9622  8.77%  60.4  406s
 198987 155421 -6124.3533   79  133 -5910.3570 -6428.8561  8.77%  60.7  411s
 200950 157684 -6410.3257   44  355 -5910.3570 -6428.8288  8.77%  61.0  416s
 204613 160392 -6073.1377  122  164 -5910.3570 -6428.6982  8.77%  60.8  422s
 207207 162701 -6420.0714   44  338 -5910.3570 -6428.6743  8.77%  60.8  427s
 208696 162713 -5983.3463  139  163 -5910.3570 -6428.6743  8.77%  60.8  430s
H208698 161269                    -5914.089797 -6428.6743  8.70%  60.8  430s
 209941 163392 -6422.4622   33  376 -5914.0898 -6428.5564  8.70%  60.8  435s
H210794 162293                    -5917.423261 -6428.5564  8.64%  60.7  435s
 212580 164467 -6325.4007   64  247 -5917.4233 -6428.4141  8.64%  60.7  441s
 215817 166941 -6017.9154   76  139 -5917.4233 -6428.4141  8.64%  60.5  446s
 218009 169357 -6000.7484  134  140 -5917.4233 -6428.2982  8.63%  60.7  451s
 220698 171272 -5920.6408  122  126 -5917.4233 -6428.2797  8.63%  60.7  455s
 223306 173092 -6341.2893   70  242 -5917.4233 -6428.2328  8.63%  60.9  461s
 225458 175929 -6160.5842  144    6 -5917.4233 -6428.1180  8.63%  61.0  466s
 228753 178376 -6314.8710   84  246 -5917.4233 -6428.0396  8.63%  60.9  471s
*229307 176413             249    -5923.362015 -6428.0178  8.52%  60.9  471s
H230358 174377                    -5932.047911 -6428.0178  8.36%  60.9  474s
 231574 175536 -6129.9517  111  198 -5932.0479 -6427.9885  8.36%  60.9  476s
 234249 177597 -6237.4208   97  290 -5932.0479 -6427.9066  8.36%  60.9  481s
 236782 180223 -6417.4360   45  306 -5932.0479 -6427.8455  8.36%  61.0  486s
H239052 178732                    -5938.112534 -6427.7485  8.25%  60.9  489s
 239695 179762 -6417.1934   46  303 -5938.1125 -6427.7485  8.25%  60.9  491s
 242927 182737 -5996.6317  179   23 -5938.1125 -6427.7281  8.25%  61.0  497s
 244451 183341 infeasible  201      -5938.1125 -6427.6396  8.24%  61.0  500s
H244511 183310                    -5938.139536 -6427.6396  8.24%  61.0  501s
 246461 185317 -6354.0658   53  232 -5938.1395 -6427.5732  8.24%  61.0  505s
 249344 187521 -5994.2438  225   14 -5938.1395 -6427.5098  8.24%  61.0  511s
H251735 189181                    -5938.181528 -6427.5098  8.24%  61.0  514s
 252120 191480 -6177.8668   87  140 -5938.1815 -6427.4442  8.24%  61.0  517s
 256546 193874 -6373.1393   49  206 -5938.1815 -6427.3989  8.24%  60.8  522s
 257753 194771 -6136.3957   96  105 -5938.1815 -6427.3523  8.24%  60.8  525s
 260224 196888     cutoff  185      -5938.1815 -6427.3320  8.24%  61.0  531s
 263199 199352 -6239.3762   80  293 -5938.1815 -6427.2266  8.24%  60.9  536s
 265172 200811 -6389.5852   50  329 -5938.1815 -6427.1527  8.23%  61.1  542s
 266078 201625 -6204.5071   65  241 -5938.1815 -6427.1519  8.23%  61.3  545s
 267429 202577 -6401.4112   39  290 -5938.1815 -6427.1501  8.23%  61.4  550s
 269155 203579 -6411.9155   36  286 -5938.1815 -6427.1174  8.23%  61.8  555s
 271379 206405 -6297.6984   92  137 -5938.1815 -6427.1174  8.23%  61.9  562s
 273011 207582     cutoff  206      -5938.1815 -6427.1031  8.23%  61.9  565s
 275452 209382 -6381.7746   59  244 -5938.1815 -6427.0528  8.23%  62.0  570s
H276282 209146                    -5938.778180 -6427.0270  8.22%  62.0  570s
 277938 211632 -6386.9049   42  313 -5938.7782 -6426.9939  8.22%  62.0  575s
 280811 214035 -6390.3326   52  297 -5938.7782 -6426.9225  8.22%  61.9  581s
 283642 215951 -6190.8914  106  311 -5938.7782 -6426.8346  8.22%  62.0  586s
H285280 216077                    -5941.618454 -6426.8026  8.17%  62.0  589s
 286234 217014 -6389.7404   41  339 -5941.6185 -6426.7924  8.17%  62.0  591s
 288273 220454 -6360.0395   57  284 -5941.6185 -6426.7807  8.17%  62.1  598s
 291320 222407 -6189.4203  104  146 -5941.6185 -6426.7649  8.17%  61.8  601s
 293548 223704 -6410.9848   45  294 -5941.6185 -6426.7514  8.16%  61.7  608s
 294949 224568 infeasible  209      -5941.6185 -6426.7401  8.16%  61.6  610s
 297845 227626 -5998.4293  104  135 -5941.6185 -6426.6251  8.16%  61.6  616s
 299602 228147 -6180.8132   86  307 -5941.6185 -6426.5888  8.16%  61.5  620s
H299681 227590                    -5942.849074 -6426.5888  8.14%  61.6  620s
 301883 230950 -6395.2176   41  247 -5942.8491 -6426.5739  8.14%  61.5  627s
 304102 231922 -6386.1510   33  368 -5942.8491 -6426.5637  8.14%  61.4  630s
 307163 234339 -6409.4477   42  397 -5942.8491 -6426.5048  8.14%  61.4  636s
H307827 233654                    -5944.292204 -6426.5048  8.11%  61.4  636s
 309365 235261 infeasible  103      -5944.2922 -6426.4142  8.11%  61.5  641s
 311117 238247 -6267.8283   84  152 -5944.2922 -6426.3920  8.11%  61.6  647s
 313784 240150 -6084.7814  163   20 -5944.2922 -6426.3911  8.11%  61.4  650s
H315932 240160                    -5944.456242 -6426.3736  8.11%  61.3  651s
 317079 242276 -6349.8275   49  315 -5944.4562 -6426.3354  8.11%  61.4  657s
 319563 243752 -6416.5570   49  275 -5944.4562 -6426.2752  8.11%  61.5  662s
 320335 244936 -6373.5894   55  304 -5944.4562 -6426.2752  8.11%  61.5  665s
 322539 246540 -5950.6791   99   94 -5944.4562 -6426.2286  8.10%  61.7  671s
 325293 248689 -6362.1326   52  196 -5944.4562 -6426.1273  8.10%  61.7  676s
 327827 251494 -6394.6182   49  367 -5944.4562 -6426.0742  8.10%  61.7  682s
 330833 252934 -6411.5213   40  350 -5944.4562 -6426.0558  8.10%  61.7  687s
 331556 254169 -6345.2342   65  287 -5944.4562 -6426.0558  8.10%  61.7  690s
 334725 256711 -5957.6856  163   23 -5944.4562 -6426.0103  8.10%  61.7  696s
 335982 257874 infeasible  184      -5944.4562 -6425.9884  8.10%  61.7  700s
 338883 259202 -6238.5082   81  325 -5944.4562 -6425.9211  8.10%  61.7  707s
 338983 260624 -6230.5660   82  308 -5944.4562 -6425.9207  8.10%  61.7  710s
 342333 262833 infeasible  242      -5944.4562 -6425.8674  8.10%  61.6  716s
 344290 264721 -6361.7330   49  370 -5944.4562 -6425.8045  8.10%  61.7  721s
 347005 266515 -6397.2507   47  366 -5944.4562 -6425.7346  8.10%  61.8  727s
 349186 268521 -6050.0329   90  209 -5944.4562 -6425.7066  8.10%  61.9  732s
 350401 269522 -6399.0457   42  221 -5944.4562 -6425.6569  8.09%  61.9  735s
 354171 272264 -6016.3478  203   32 -5944.4562 -6425.6439  8.09%  61.8  742s
 354648 273926 -6404.6586   45  238 -5944.4562 -6425.6261  8.09%  61.8  745s
 358493 276750 infeasible  170      -5944.4562 -6425.5712  8.09%  61.7  751s
 361287 279225 -6044.3322  109  194 -5944.4562 -6425.4938  8.09%  61.7  756s
 364959 281828 -6341.0277   45  337 -5944.4562 -6425.4394  8.09%  61.6  762s
 366041 283422 -6384.0037   41  320 -5944.4562 -6425.4394  8.09%  61.6  765s
 367755 284955 -6032.7108  141   37 -5944.4562 -6425.4135  8.09%  61.7  770s
 371315 287176     cutoff  173      -5944.4562 -6425.3843  8.09%  61.6  776s
 373499 289169 -6351.0106   63  218 -5944.4562 -6425.3330  8.09%  61.6  781s
 376204 291416 -6209.9156   91  248 -5944.4562 -6425.2669  8.09%  61.7  787s
 377471 291436 -6386.9965   45  308 -5944.4562 -6425.2413  8.09%  61.7  792s
 377483 292363 -6386.6235   46  317 -5944.4562 -6425.2413  8.09%  61.7  795s
 381072 296262 -6201.8475  115  201 -5944.4562 -6425.2281  8.09%  61.6  803s
 382946 296816 -5960.5312  226   18 -5944.4562 -6425.1893  8.09%  61.6  806s
 384927 299651 -5995.9735  145   99 -5944.4562 -6425.1509  8.09%  61.6  813s
 386596 301695 -6372.3015   46  345 -5944.4562 -6425.1509  8.09%  61.6  817s
 389171 302768 -6083.3871  188   59 -5944.4562 -6425.1466  8.09%  61.5  820s
 391873 306076 -6243.8317   89  121 -5944.4562 -6425.0977  8.09%  61.5  826s
 395320 307408 -6188.0741  106  198 -5944.4562 -6425.0703  8.09%  61.5  830s
 397089 309374 -5969.7492  127   96 -5944.4562 -6425.0218  8.08%  61.5  836s
 399199 311071 -6419.9983   42  298 -5944.4562 -6424.9966  8.08%  61.5  841s
 401865 313646 -6369.8800   43  352 -5944.4562 -6424.9020  8.08%  61.5  848s
 403450 314475 -6044.5625   94  181 -5944.4562 -6424.8756  8.08%  61.5  851s
 404396 315981 -6383.8468   40  293 -5944.4562 -6424.8756  8.08%  61.5  855s
 408287 319282 -6011.9964  199   18 -5944.4562 -6424.8153  8.08%  61.4  861s
 410770 321012 -6375.6122   65  257 -5944.4562 -6424.7581  8.08%  61.4  867s
 412074 321811 -6021.1572  165   82 -5944.4562 -6424.7520  8.08%  61.4  871s
 414159 323812 -6271.0201   58  252 -5944.4562 -6424.7008  8.08%  61.5  876s
 416793 326227 -6193.5465   92  245 -5944.4562 -6424.6408  8.08%  61.5  882s
 419496 328167 -5980.7259  145  117 -5944.4562 -6424.5938  8.08%  61.5  887s
 420748 329649 -6412.5941   48  276 -5944.4562 -6424.5925  8.08%  61.6  891s
 424534 333265 -6360.1150   51  331 -5944.4562 -6424.5020  8.08%  61.4  898s
 426430 335336 -6252.4490   69  308 -5944.4562 -6424.5020  8.08%  61.4  902s
 428990 336143 -6070.0374  141   31 -5944.4562 -6424.4793  8.08%  61.2  906s
 430599 337906 -6093.6675   75  262 -5944.4562 -6424.4116  8.07%  61.4  912s
 431930 339370 -6421.6416   39  257 -5944.4562 -6424.4116  8.07%  61.4  915s
 434921 340488 -5989.0596  202   17 -5944.4562 -6424.3813  8.07%  61.4  926s
 435007 341549 -5988.1136  203   17 -5944.4562 -6424.3542  8.07%  61.4  930s
 437159 343021 -6362.3477   36  304 -5944.4562 -6424.3486  8.07%  61.5  936s
 438107 343851 -6265.2605   55  227 -5944.4562 -6424.3486  8.07%  61.6  940s
 440114 345751 infeasible  187      -5944.4562 -6424.2772  8.07%  61.7  947s
 441301 346626 -6272.4343   59  321 -5944.4562 -6424.2666  8.07%  61.7  950s
 443805 349218 -5953.1780  150   36 -5944.4562 -6424.2196  8.07%  61.7  957s
 445710 350440 -6397.3133   47  340 -5944.4562 -6424.1972  8.07%  61.6  960s
 448246 351621 -6391.3710   45  238 -5944.4562 -6424.1323  8.07%  61.6  966s
 449230 353142 -6305.4804   59  236 -5944.4562 -6424.1323  8.07%  61.8  972s
 450299 353997 -6008.5083   87   91 -5944.4562 -6424.1323  8.07%  61.9  976s
 451300 354894 -5962.0813  116   42 -5944.4562 -6424.1305  8.07%  61.9  980s
 453847 356587 -5975.1418  142   62 -5944.4562 -6424.1023  8.07%  62.0  986s
 455792 359506 -6288.3017   78  107 -5944.4562 -6424.1023  8.07%  62.1  993s
 458091 361012 -6088.9380  151   14 -5944.4562 -6424.0644  8.07%  62.0  997s
 459988 361833 infeasible  226      -5944.4562 -6424.0263  8.07%  62.0 1000s
 462156 363863 -5963.0057  111  165 -5944.4562 -6423.9795  8.07%  62.0 1006s
 464265 365783 -6402.7107   48  305 -5944.4562 -6423.9525  8.07%  62.1 1012s
 465795 366638 -6404.4864   35  362 -5944.4562 -6423.9359  8.07%  62.1 1015s
 467805 367544 -6399.7673   45  371 -5944.4562 -6423.8788  8.07%  62.1 1021s
 468102 368436 -6397.0513   47  319 -5944.4562 -6423.8788  8.07%  62.2 1025s
 470784 371035 -6316.1093   80  227 -5944.4562 -6423.8472  8.06%  62.2 1032s
 472265 372702 -6380.9351   44  319 -5944.4562 -6423.7959  8.06%  62.2 1035s
 475313 374935 -6368.8719   66  368 -5944.4562 -6423.7601  8.06%  62.1 1041s
 478146 377014 -6402.4994   45  314 -5944.4562 -6423.7162  8.06%  62.1 1047s
 479371 377949 -5948.6759  123   74 -5944.4562 -6423.6985  8.06%  62.1 1050s
H481426 358109                    -5971.458749 -6423.6553  7.57%  62.1 1054s
 482014 358694 -6108.8816  129  132 -5971.4587 -6423.6496  7.57%  62.1 1057s
 482805 359758 -6404.1797   40  344 -5971.4587 -6423.6310  7.57%  62.1 1063s
 484076 360947 -6134.3655  149  104 -5971.4587 -6423.6040  7.57%  62.1 1066s
 486463 362690 -6371.9583   65  213 -5971.4587 -6423.5773  7.57%  62.2 1073s
 487512 364025 -6155.7184  103   94 -5971.4587 -6423.5450  7.57%  62.2 1077s
 489110 365471 infeasible  179      -5971.4587 -6423.5336  7.57%  62.2 1080s
 491825 367408 -6389.1720   39  287 -5971.4587 -6423.4714  7.57%  62.2 1087s
 493201 368740 -5972.5514  170   38 -5971.4587 -6423.4608  7.57%  62.2 1090s
 495939 370765 -6337.6283   57  206 -5971.4587 -6423.3855  7.57%  62.2 1097s
 497107 372250 -6223.4366   95  121 -5971.4587 -6423.3837  7.57%  62.3 1101s
 498894 373960 -6400.5875   46  303 -5971.4587 -6423.3798  7.57%  62.2 1105s
H502815 374385                    -5973.229898 -6423.3557  7.54%  62.1 1109s
 502899 375337 -6153.2360   66  249 -5973.2299 -6423.3501  7.54%  62.1 1113s
 504223 376739 -6354.7774   45  272 -5973.2299 -6423.3234  7.54%  62.1 1117s
 505858 378103 -6400.9290   39  296 -5973.2299 -6423.2945  7.53%  62.1 1120s
 508643 380008 infeasible  230      -5973.2299 -6423.2471  7.53%  62.1 1126s
 510855 381957 -6143.9258  102  151 -5973.2299 -6423.2281  7.53%  62.1 1133s
 512166 382572 -6021.3880  170   20 -5973.2299 -6423.1901  7.53%  62.2 1139s
 512963 383293 -5993.9742  177   13 -5973.2299 -6423.1787  7.53%  62.2 1142s
 513852 384375 infeasible  193      -5973.2299 -6423.1647  7.53%  62.2 1145s
 515922 385966 -6152.2027   91  116 -5973.2299 -6423.1477  7.53%  62.3 1152s
 517156 386454 infeasible  148      -5973.2299 -6423.1470  7.53%  62.3 1156s
 518599 387970 -6126.1340   93  222 -5973.2299 -6423.1115  7.53%  62.4 1163s
 519799 389196 -6239.6825  126  118 -5973.2299 -6423.0907  7.53%  62.5 1166s
 522037 390753 -6109.6873   84  203 -5973.2299 -6423.0709  7.53%  62.5 1173s
 523126 391466 -6384.5233   36  303 -5973.2299 -6423.0696  7.53%  62.6 1176s
H523241 391117                    -5973.482538 -6423.0696  7.53%  62.6 1176s
 523891 392244 -6343.1267   43  289 -5973.4825 -6423.0696  7.53%  62.6 1180s
 526721 395753 -6127.7491   80  184 -5973.4825 -6423.0696  7.53%  62.7 1189s
 529167 396796 -6012.6238  134   20 -5973.4825 -6423.0382  7.53%  62.6 1193s
 530357 398134 -6162.6973   75  270 -5973.4825 -6422.9870  7.52%  62.5 1196s
 533109 399140 -6389.3039   48  289 -5973.4825 -6422.9435  7.52%  62.5 1200s
 533929 400785 -6001.5177  111  182 -5973.4825 -6422.9428  7.52%  62.6 1206s
 536585 402630 -6306.2568   64  143 -5973.4825 -6422.9428  7.52%  62.6 1213s
 537394 403639 -6196.1978  117   90 -5973.4825 -6422.8919  7.52%  62.6 1216s
 539851 405662 -6022.0577  223    8 -5973.4825 -6422.8264  7.52%  62.7 1222s
 541176 406191     cutoff  241      -5973.4825 -6422.7986  7.52%  62.7 1226s
 543021 407175 -6325.5814   66  327 -5973.4825 -6422.7986  7.52%  62.7 1233s
 543033 407935 -6342.8825   68  323 -5973.4825 -6422.7986  7.52%  62.7 1236s
 545142 410201 -6338.7437   51  365 -5973.4825 -6422.7556  7.52%  62.8 1243s
 546581 411423 -6393.3334   45  301 -5973.4825 -6422.7556  7.52%  62.8 1247s
 548045 412573 -6111.9874   98  236 -5973.4825 -6422.7556  7.52%  62.8 1251s
 550935 415083 -6420.0777   44  291 -5973.4825 -6422.6769  7.52%  62.8 1257s
 552472 416158 -6376.4194   58  295 -5973.4825 -6422.6562  7.52%  62.7 1260s
 555038 418273 -6349.9925   51  316 -5973.4825 -6422.6011  7.52%  62.7 1267s
 556316 419199 -6329.4074   58  298 -5973.4825 -6422.5836  7.52%  62.7 1270s
 558575 420962 -5981.0826  211   21 -5973.4825 -6422.5632  7.52%  62.7 1277s
 559575 421729 -6286.6948   50  342 -5973.4825 -6422.5632  7.52%  62.8 1280s
H560370 421305                    -5973.974131 -6422.5632  7.51%  62.8 1280s
 561530 422707 -6392.9806   37  336 -5973.9741 -6422.5002  7.51%  62.9 1287s
 562309 423600 -6291.6440   52  302 -5973.9741 -6422.5002  7.51%  62.9 1290s
 564243 425343 -6308.3442   63  202 -5973.9741 -6422.4613  7.51%  63.0 1297s
 565521 426595 -6357.6208   47  408 -5973.9741 -6422.4384  7.51%  63.0 1301s
 567965 428453 -5982.0804  155  106 -5973.9741 -6422.4045  7.51%  63.0 1308s
 569290 429110 -6235.5430   93  249 -5973.9741 -6422.3745  7.51%  63.0 1311s
 570119 430108 -6281.3005   70  330 -5973.9741 -6422.3664  7.51%  63.1 1315s
 572441 431928 -6143.7175  148  155 -5973.9741 -6422.3399  7.51%  63.1 1322s
 573464 432476 -6236.0630   70  311 -5973.9741 -6422.2936  7.50%  63.1 1325s
 575283 434154 -6361.3867   59  373 -5973.9741 -6422.2934  7.50%  63.2 1333s
 576208 435080 -6256.0464   82  265 -5973.9741 -6422.2934  7.50%  63.3 1337s
 577319 436284 -6091.5914  138   99 -5973.9741 -6422.2907  7.50%  63.3 1341s
 578850 437063 -6395.5394   49  348 -5973.9741 -6422.2605  7.50%  63.3 1345s
 580718 438734 -5982.4841   97  131 -5973.9741 -6422.2337  7.50%  63.4 1352s
 581846 438746 -6370.6117   56  261 -5973.9741 -6422.2337  7.50%  63.5 1355s
 582946 440506 -6322.5745   58  332 -5973.9741 -6422.1958  7.50%  63.5 1362s
 583964 441123 -5983.8305  120  106 -5973.9741 -6422.1831  7.50%  63.5 1366s
 585122 442317     cutoff  118      -5973.9741 -6422.1831  7.50%  63.5 1370s
 587483 444574 -6362.9392   56  307 -5973.9741 -6422.1049  7.50%  63.5 1376s
 590011 446614 -6349.4840   70  314 -5973.9741 -6422.0893  7.50%  63.5 1383s
 591326 447697 -6376.2195   55  225 -5973.9741 -6422.0704  7.50%  63.5 1386s
 592611 449061 -5984.2747  138  127 -5973.9741 -6422.0399  7.50%  63.6 1390s
 595279 450970 -6242.7294   56  276 -5973.9741 -6421.9996  7.50%  63.6 1397s
 596475 452013 -6094.6540   92  189 -5973.9741 -6421.9908  7.50%  63.6 1401s
 597684 453103 -6387.6754   45  284 -5973.9741 -6421.9663  7.50%  63.6 1405s
 600370 455101 -6027.3944   95  163 -5973.9741 -6421.9448  7.50%  63.6 1412s
 601449 455826 -6140.9910   88  248 -5973.9741 -6421.9247  7.50%  63.6 1416s
 603601 457342 -6381.4464   45  362 -5973.9741 -6421.8709  7.50%  63.7 1423s
 604176 458430 infeasible  133      -5973.9741 -6421.8660  7.50%  63.7 1427s
 605462 459876 -6248.1867   69  346 -5973.9741 -6421.8493  7.50%  63.7 1431s
 607247 460757 infeasible  194      -5973.9741 -6421.8298  7.50%  63.7 1435s
 609840 464053 -6071.8639  131   52 -5973.9741 -6421.7962  7.50%  63.7 1443s
 611911 465978     cutoff  195      -5973.9741 -6421.7923  7.50%  63.7 1448s
 614180 466980 -6376.1545   47  294 -5973.9741 -6421.7558  7.50%  63.6 1452s
 615382 468360 -6243.4391   77  319 -5973.9741 -6421.7271  7.50%  63.6 1456s
 617073 469242 -6363.8226   64  268 -5973.9741 -6421.7122  7.49%  63.6 1460s
 619192 471433 -6135.0993  108  191 -5973.9741 -6421.6635  7.49%  63.6 1467s
 620858 472581 -6048.0911  188   91 -5973.9741 -6421.6391  7.49%  63.6 1470s
 623418 474386 -6408.4127   42  299 -5973.9741 -6421.6133  7.49%  63.6 1477s
 624345 475359 -6306.7827   49  302 -5973.9741 -6421.6133  7.49%  63.6 1481s
 625478 477054 -6153.9742   64  235 -5973.9741 -6421.6133  7.49%  63.6 1485s
 627486 477255 -6009.4282   83  187 -5973.9741 -6421.6133  7.49%  63.6 1491s
 627729 478503 -5991.8268   95  218 -5973.9741 -6421.5739  7.49%  63.6 1495s
 630062 481128 -6271.9887   73  149 -5973.9741 -6421.5539  7.49%  63.6 1503s
 632063 482577 -6046.8875  153   52 -5973.9741 -6421.5476  7.49%  63.6 1508s
 633624 484128     cutoff  199      -5973.9741 -6421.5346  7.49%  63.5 1513s
 635654 485648 -6329.8319   60  272 -5973.9741 -6421.5181  7.49%  63.5 1517s
 637180 487684 -6098.2102  141    6 -5973.9741 -6421.5134  7.49%  63.5 1522s
 639602 488783     cutoff  267      -5973.9741 -6421.4916  7.49%  63.4 1526s
 640890 489893 -6176.6071   62  305 -5973.9741 -6421.4587  7.49%  63.4 1530s
 643313 491895 -5989.9590  119  144 -5973.9741 -6421.4326  7.49%  63.4 1537s
 644556 492728 -6029.2448  158  222 -5973.9741 -6421.4286  7.49%  63.5 1541s
 646796 494914 -6323.4417   50  236 -5973.9741 -6421.3779  7.49%  63.5 1548s
 648041 496895 -6131.3645  106   31 -5973.9741 -6421.3761  7.49%  63.5 1553s
 650377 498263     cutoff  178      -5973.9741 -6421.3670  7.49%  63.5 1558s
 651930 499938 -6307.6879   62  167 -5973.9741 -6421.3670  7.49%  63.5 1562s
 653801 501357 -6059.8763  141   39 -5973.9741 -6421.3449  7.49%  63.4 1567s
 655485 502316     cutoff  202      -5973.9741 -6421.2943  7.49%  63.4 1570s
 657926 504351 -6147.4350  120  115 -5973.9741 -6421.2689  7.49%  63.4 1577s
 659270 505236 -6234.0478  101  261 -5973.9741 -6421.2413  7.49%  63.4 1580s
 661374 507773 -6192.3137   99  113 -5973.9741 -6421.2140  7.49%  63.5 1589s
 663399 508687     cutoff  171      -5973.9741 -6421.1887  7.49%  63.5 1593s
 664557 509528     cutoff  132      -5973.9741 -6421.1457  7.49%  63.5 1597s
 665578 510771 -6373.4207   43  322 -5973.9741 -6421.1338  7.49%  63.5 1600s
 669010 513829 -6016.2280  190   23 -5973.9741 -6421.0868  7.48%  63.5 1609s
 670809 515008 -6099.7864  157   84 -5973.9741 -6421.0618  7.48%  63.4 1612s
 672147 516131 infeasible  213      -5973.9741 -6421.0586  7.48%  63.4 1616s
 674647 518015 -6361.1741   50  374 -5973.9741 -6421.0176  7.48%  63.5 1623s
 675632 520306 -6271.5663   72  255 -5973.9741 -6421.0159  7.48%  63.5 1628s
 678440 521859 -6007.1881  220    8 -5973.9741 -6420.9933  7.48%  63.4 1631s
 680112 523124 -6358.4599   62  264 -5973.9741 -6420.9622  7.48%  63.4 1635s
 683225 525525 -6093.6447  126  155 -5973.9741 -6420.9210  7.48%  63.4 1642s
 684526 526789 infeasible  119      -5973.9741 -6420.9030  7.48%  63.4 1646s
 686826 527932 -6413.0204   45  335 -5973.9741 -6420.8682  7.48%  63.4 1650s
 688538 530123 -6325.0008   67  316 -5973.9741 -6420.8564  7.48%  63.4 1657s
 689970 530985 -6395.5752   46  340 -5973.9741 -6420.8487  7.48%  63.4 1660s
 692643 533166 -6391.7267   46  342 -5973.9741 -6420.7910  7.48%  63.4 1667s
 693806 534331 -6372.9859   40  312 -5973.9741 -6420.7843  7.48%  63.4 1672s
 695076 536399 -6195.7757   82   85 -5973.9741 -6420.7785  7.48%  63.4 1676s
 697561 537757 -6071.1026  150   17 -5973.9741 -6420.7573  7.48%  63.4 1680s
 700593 540593 -6214.2907   98  197 -5973.9741 -6420.7254  7.48%  63.3 1689s
 702462 542801 -6074.8754  170  109 -5973.9741 -6420.7179  7.48%  63.3 1693s
 705085 544566 -5985.5783  196   88 -5973.9741 -6420.7073  7.48%  63.2 1697s
 707171 545488 -6372.0428   44  330 -5973.9741 -6420.6684  7.48%  63.2 1701s
 708224 546329 -6316.5443   59  320 -5973.9741 -6420.6469  7.48%  63.2 1705s
 710706 549428 -6210.5389   70  124 -5973.9741 -6420.6427  7.48%  63.3 1713s
 712839 550479     cutoff  165      -5973.9741 -6420.6203  7.48%  63.2 1718s
 714029 551628 -6323.8178   57  372 -5973.9741 -6420.6066  7.48%  63.2 1722s
 715608 552442 -6302.2119   60  404 -5973.9741 -6420.5768  7.48%  63.2 1726s
 717519 554938 -6386.7890   54  298 -5973.9741 -6420.5595  7.48%  63.3 1735s
 719438 556230 -6150.3205  124   99 -5973.9741 -6420.5586  7.48%  63.3 1740s
 721855 557896 -6145.2539   95  237 -5973.9741 -6420.5178  7.47%  63.3 1747s
 722945 558872 -6234.3601   76  334 -5973.9741 -6420.4979  7.47%  63.4 1750s
 724847 560767 -6306.9356   69  298 -5973.9741 -6420.4919  7.47%  63.5 1758s
 726258 562046 -6225.1862  102  236 -5973.9741 -6420.4919  7.47%  63.5 1764s
 727877 563161 -6055.0268  189   36 -5973.9741 -6420.4665  7.47%  63.4 1768s
 729193 564649 -6363.2432   52  238 -5973.9741 -6420.4555  7.47%  63.5 1773s
 730948 566362 -6224.6762   92  133 -5973.9741 -6420.4457  7.47%  63.4 1778s
 732931 567617 -6371.4273   41  364 -5973.9741 -6420.4457  7.47%  63.4 1782s
 734215 569708 -6266.5508   66  198 -5973.9741 -6420.4105  7.47%  63.4 1787s
 736593 570618 -6003.4867  144   15 -5973.9741 -6420.3892  7.47%  63.4 1790s
 737618 571930 -6311.9074   88  193 -5973.9741 -6420.3737  7.47%  63.4 1795s
 741056 574576 -6350.6880   54  317 -5973.9741 -6420.3729  7.47%  63.4 1804s
 742143 575627 -6267.8944   67  238 -5973.9741 -6420.3576  7.47%  63.4 1808s
 743528 576702 -6311.4869   50  314 -5973.9741 -6420.3307  7.47%  63.4 1812s
 744844 577708 -6302.1830   92  247 -5973.9741 -6420.3158  7.47%  63.5 1815s
 746054 579075 -6362.1720   66  280 -5973.9741 -6420.3073  7.47%  63.5 1820s
 749790 582185 -5997.4982  183   66 -5973.9741 -6420.2813  7.47%  63.4 1828s
 751243 583084 -6177.5384   86  209 -5973.9741 -6420.2591  7.47%  63.4 1832s
 752249 584729 -6349.5116   53  306 -5973.9741 -6420.2589  7.47%  63.5 1837s
 754071 586355 -6265.0106   77  195 -5973.9741 -6420.2589  7.47%  63.4 1841s
 756049 587388 -6122.7142  136   26 -5973.9741 -6420.2449  7.47%  63.4 1845s
 758210 588979 infeasible  189      -5973.9741 -6420.2366  7.47%  63.5 1853s
 759209 589961 -6255.0235   60  282 -5973.9741 -6420.2075  7.47%  63.5 1857s
 760487 590975 -6397.5483   44  282 -5973.9741 -6420.2075  7.47%  63.5 1861s
 761716 592306 -6332.9933   68  241 -5973.9741 -6420.2075  7.47%  63.5 1866s
 764516 594370 -6324.2893   60  211 -5973.9741 -6420.1323  7.47%  63.5 1874s
 765823 596144 -6371.0707   46  327 -5973.9741 -6420.1323  7.47%  63.6 1878s
 767918 597480 -6272.0699   60  288 -5973.9741 -6420.1323  7.47%  63.5 1883s
 769410 598470 -6076.2760   90  210 -5973.9741 -6420.0976  7.47%  63.5 1887s
 770553 599278 -6380.8582   38  464 -5973.9741 -6420.0922  7.47%  63.5 1891s
 771559 600307 -6338.0514   43  408 -5973.9741 -6420.0922  7.47%  63.6 1895s
 773863 602083 -6069.6789   67  244 -5973.9741 -6420.0543  7.47%  63.6 1901s
 774979 603080 -6396.4015   43  308 -5973.9741 -6420.0252  7.47%  63.6 1905s
 777262 606066 -6101.1777  137    - -5973.9741 -6420.0199  7.47%  63.7 1915s
 781424 608571 -6155.9294   85  331 -5973.9741 -6419.9951  7.47%  63.6 1923s
 782606 609424 -6412.4463   38  296 -5973.9741 -6419.9867  7.47%  63.6 1926s
 783759 610525 -6404.3251   43  294 -5973.9741 -6419.9867  7.47%  63.6 1931s
 784929 612034 -6344.9883   62  231 -5973.9741 -6419.9867  7.47%  63.6 1936s
 786755 613104 -5986.6075  150   54 -5973.9741 -6419.9548  7.47%  63.6 1940s
 787897 614532 -6366.4732   52  252 -5973.9741 -6419.9548  7.47%  63.6 1945s
 789603 616166 -6076.6137  127   95 -5973.9741 -6419.9387  7.47%  63.6 1950s
 793269 618648 -6364.2186   46  246 -5973.9741 -6419.8811  7.46%  63.6 1957s
 794465 619486 -6330.1362   54  383 -5973.9741 -6419.8665  7.46%  63.6 1961s
 795483 620332 -6392.5342   43  334 -5973.9741 -6419.8523  7.46%  63.6 1965s
 796427 621582 -6185.0190   73  244 -5973.9741 -6419.8451  7.46%  63.6 1970s
 799795 623831 -6167.0638   99  264 -5973.9741 -6419.8211  7.46%  63.6 1978s
 800781 624544 -6323.0655   56  267 -5973.9741 -6419.8201  7.46%  63.6 1982s
 801596 625490 -6192.5000   96  254 -5973.9741 -6419.8201  7.46%  63.7 1987s
 802722 626751 -6008.7655  164   93 -5973.9741 -6419.8044  7.46%  63.7 1991s
 804298 628011 -6403.7792   43  332 -5973.9741 -6419.7712  7.46%  63.7 1995s
 807289 630712 -6326.6189   76  288 -5973.9741 -6419.7443  7.46%  63.7 2004s
 808946 632118 -6346.1998   57  245 -5973.9741 -6419.7302  7.46%  63.6 2008s
 810686 633076 -6157.8661   57  114 -5973.9741 -6419.7192  7.46%  63.6 2011s
 811782 634125 -6045.6089  119  140 -5973.9741 -6419.6981  7.46%  63.6 2015s
 814252 636189 -6360.2787   44  418 -5973.9741 -6419.6689  7.46%  63.7 2023s
 815607 637471 -6398.9794   44  301 -5973.9741 -6419.6380  7.46%  63.7 2027s
 817183 638474 -6413.1069   33  311 -5973.9741 -6419.6165  7.46%  63.7 2030s
 819494 640472 -6360.3285   59  270 -5973.9741 -6419.5685  7.46%  63.7 2038s
 820816 641450 -6406.1297   40  311 -5973.9741 -6419.5500  7.46%  63.7 2041s
 821978 642173 -6382.3033   47  306 -5973.9741 -6419.5492  7.46%  63.7 2045s
 823851 643931 -6078.4679   68  106 -5973.9741 -6419.5389  7.46%  63.8 2054s
 825031 645033 -6317.6048   67  224 -5973.9741 -6419.5046  7.46%  63.8 2058s
 826343 646111 -6262.0049   89  245 -5973.9741 -6419.4937  7.46%  63.8 2062s
 827637 646930 -6183.8843  121  172 -5973.9741 -6419.4701  7.46%  63.8 2066s
 828633 647938 -6365.5567   54  264 -5973.9741 -6419.4696  7.46%  63.8 2070s
 829782 649344 -6294.1946   78  214 -5973.9741 -6419.4696  7.46%  63.9 2075s
 831368 650650 -6153.1223  160   80 -5973.9741 -6419.4486  7.46%  63.9 2080s
 835011 653920 -6020.9899  164   67 -5973.9741 -6419.4076  7.46%  63.8 2089s
 836832 655348 -6376.7137   51  282 -5973.9741 -6419.3937  7.46%  63.8 2093s
 838501 656421 -6381.6035   57  330 -5973.9741 -6419.3937  7.46%  63.8 2098s
 839767 658037 -6245.0501   97  301 -5973.9741 -6419.3693  7.46%  63.8 2103s
 841599 659091 -6255.8174   69  332 -5973.9741 -6419.3414  7.46%  63.8 2107s
 842982 659864 -6299.0924   83  275 -5973.9741 -6419.3207  7.45%  63.8 2110s
 845267 661879 -6046.8200  109  222 -5973.9741 -6419.2985  7.45%  63.8 2118s
 846399 662617 -6037.6621  106   67 -5973.9741 -6419.2681  7.45%  63.8 2122s
 847297 663638     cutoff   95      -5973.9741 -6419.2543  7.45%  63.9 2126s
 848567 665041 -6373.6375   58  153 -5973.9741 -6419.2327  7.45%  63.9 2130s
 851744 667360 infeasible  203      -5973.9741 -6419.2024  7.45%  63.8 2138s
 853020 668653 -6086.9259  137  160 -5973.9741 -6419.1793  7.45%  63.8 2142s
 854584 669793 -6214.6966   59  358 -5973.9741 -6419.1613  7.45%  63.8 2146s
 855931 670719 -6367.3425   47  315 -5973.9741 -6419.1571  7.45%  63.8 2150s
 857009 672633 -6369.1132   55  207 -5973.9741 -6419.1548  7.45%  63.8 2155s
 861126 675461 infeasible  214      -5973.9741 -6419.1086  7.45%  63.7 2163s
 862439 676791 -6236.6466   96  379 -5973.9741 -6419.0842  7.45%  63.7 2167s
 864032 678054 -6369.6902   62  257 -5973.9741 -6419.0646  7.45%  63.7 2171s
 865546 679406 -6143.5934   85  225 -5973.9741 -6419.0471  7.45%  63.7 2175s
 867162 680790 infeasible  193      -5973.9741 -6419.0332  7.45%  63.7 2180s
 869820 682501 -6233.2073   66  199 -5973.9741 -6419.0170  7.45%  63.7 2188s
 870854 683432 -6316.9800   55  306 -5973.9741 -6419.0050  7.45%  63.7 2192s
 872063 684046 -6409.0889   42  404 -5973.9741 -6418.9867  7.45%  63.8 2196s
 872806 684938 -6087.1077   79  222 -5973.9741 -6418.9852  7.45%  63.8 2200s
 873857 686006 -6240.5550   94  340 -5973.9741 -6418.9765  7.45%  63.8 2205s
 876285 688291 -6348.8280   75  138 -5973.9741 -6418.9412  7.45%  63.9 2215s
 877761 690071 -6129.7872  165   29 -5973.9741 -6418.9402  7.45%  63.9 2220s
 879898 691280 -6056.4742  185   20 -5973.9741 -6418.9106  7.45%  63.8 2225s
 882273 692902 -6414.9485   44  453 -5973.9741 -6418.8697  7.45%  63.8 2233s
 883428 693823 -6139.4670  146  137 -5973.9741 -6418.8632  7.45%  63.9 2237s
 884569 695540 -6352.8889   47  302 -5973.9741 -6418.8357  7.45%  63.9 2243s
 886477 697607 -6156.5886  105  149 -5973.9741 -6418.8266  7.45%  63.8 2248s
 888957 698947     cutoff  233      -5973.9741 -6418.8189  7.45%  63.8 2252s
 890546 699975 -6087.5102   86  312 -5973.9741 -6418.7803  7.45%  63.8 2257s
 891681 701343 -6277.7683   65  283 -5973.9741 -6418.7781  7.45%  63.8 2262s
 893275 702366 -6295.0251   58  257 -5973.9741 -6418.7629  7.45%  63.8 2267s
 894572 703625 -6383.3919   41  427 -5973.9741 -6418.7367  7.45%  63.8 2273s
 895966 704914 -6218.5774   74  206 -5973.9741 -6418.7367  7.45%  63.8 2279s
 897430 706202 -6052.9602  167   63 -5973.9741 -6418.7360  7.44%  63.8 2283s
 898954 707588 -6257.0027   83  270 -5973.9741 -6418.6998  7.44%  63.8 2288s
 900614 708605 -6296.5719   98  240 -5973.9741 -6418.6776  7.44%  63.8 2292s
 901842 709602 -6217.0096   80  328 -5973.9741 -6418.6554  7.44%  63.8 2295s
 904404 712904 -6295.0726   73  232 -5973.9741 -6418.6384  7.44%  63.9 2305s
 906980 714535 -5996.2025  162   40 -5973.9741 -6418.6338  7.44%  63.8 2310s
 910235 716457 -6349.7204   56  211 -5973.9741 -6418.5890  7.44%  63.8 2318s
 911220 717581 -6267.7059   70  255 -5973.9741 -6418.5846  7.44%  63.8 2324s
 912627 718771 -6259.1834   82  278 -5973.9741 -6418.5723  7.44%  63.8 2329s
 914086 719973 -6222.7372  105  243 -5973.9741 -6418.5556  7.44%  63.8 2333s
 915507 721154 -6131.2223   94  209 -5973.9741 -6418.5443  7.44%  63.8 2337s
 916907 722527 -6204.5541   98  232 -5973.9741 -6418.5299  7.44%  63.8 2342s
 918567 723540 -6401.6295   51  281 -5973.9741 -6418.5120  7.44%  63.8 2346s
 919816 724696 -6400.1795   52  285 -5973.9741 -6418.5114  7.44%  63.8 2351s
 921141 726553 -6267.8774   83  131 -5973.9741 -6418.5114  7.44%  63.8 2356s
 923386 727418 infeasible  250      -5973.9741 -6418.4754  7.44%  63.8 2361s
 924216 728678 -6084.2661   71  201 -5973.9741 -6418.4674  7.44%  63.8 2366s
 925719 729921 -6379.1116   52  311 -5973.9741 -6418.4621  7.44%  63.8 2371s
 927235 731052 -6234.8600   78  247 -5973.9741 -6418.4621  7.44%  63.8 2375s
 928606 732313 -6166.4978  101  142 -5973.9741 -6418.4389  7.44%  63.8 2380s
 931546 733712 infeasible  158      -5973.9741 -6418.3971  7.44%  63.8 2390s
 933210 736123 -6283.5906   92  256 -5973.9741 -6418.3857  7.44%  63.8 2398s
 934644 737212 -6359.3779   54  347 -5973.9741 -6418.3660  7.44%  63.8 2402s
 935929 737927 -6297.5220   70  325 -5973.9741 -6418.3583  7.44%  63.8 2406s
 936914 738814 -6276.4422   53  251 -5973.9741 -6418.3436  7.44%  63.9 2410s
 939465 741012 -6383.1738   53  317 -5973.9741 -6418.3114  7.44%  63.9 2418s
 940747 742124 -6405.7273   42  319 -5973.9741 -6418.2996  7.44%  63.9 2422s
 942096 743105     cutoff  132      -5973.9741 -6418.2830  7.44%  63.9 2428s
 943297 744701 -6087.9074   90  327 -5973.9741 -6418.2715  7.44%  63.9 2433s
 945310 746143 -6161.4156   88  161 -5973.9741 -6418.2612  7.44%  63.9 2438s
 947026 747230 -6142.3130   87  190 -5973.9741 -6418.2545  7.44%  63.9 2442s
 948392 748238 -5980.7976  192   83 -5973.9741 -6418.2336  7.44%  63.9 2447s
 949669 749200 -6384.8017   41  256 -5973.9741 -6418.2216  7.44%  63.9 2451s
 950881 750213 -6366.4161   48  296 -5973.9741 -6418.2072  7.44%  63.9 2456s
 952231 751269 -6241.5644  113  176 -5973.9741 -6418.1931  7.44%  63.9 2460s
 954940 753448 -6158.2117   80  260 -5973.9741 -6418.1872  7.44%  63.9 2469s
 956153 754236 -6036.6404  112  215 -5973.9741 -6418.1702  7.44%  63.9 2473s
 957089 755971 -6240.4616  104  148 -5973.9741 -6418.1606  7.44%  64.0 2479s
 958971 757894     cutoff  208      -5973.9741 -6418.1575  7.44%  64.0 2484s
 961257 759153 -6051.4089  106  140 -5973.9741 -6418.1452  7.44%  63.9 2489s
 962689 760346 -6326.6787   73  252 -5973.9741 -6418.1244  7.43%  63.9 2493s
 964202 761205 -6116.0581  105  144 -5973.9741 -6418.1107  7.43%  63.9 2497s
 965347 762177 -6158.2606   72  248 -5973.9741 -6418.0944  7.43%  63.9 2501s
 966530 763162 -6309.1880   58  273 -5973.9741 -6418.0944  7.43%  63.9 2505s
 968768 764851 -6353.1885   56  227 -5973.9741 -6418.0448  7.43%  64.0 2513s
 969729 765706 -6014.8740  124  109 -5973.9741 -6418.0439  7.43%  64.0 2518s
 970867 766510 -6005.3750  120  181 -5973.9741 -6418.0339  7.43%  64.0 2522s
 971855 767821 -6238.3454   82  346 -5973.9741 -6418.0277  7.43%  64.1 2527s
 973381 769084 -6316.7994   50  223 -5973.9741 -6418.0053  7.43%  64.1 2532s
 974905 770260 infeasible  181      -5973.9741 -6417.9804  7.43%  64.0 2537s
 976340 771223 -6345.5237   73  396 -5973.9741 -6417.9577  7.43%  64.0 2541s
 977425 772628 -6380.5062   50  309 -5973.9741 -6417.9570  7.43%  64.1 2547s
 979096 773891 -6375.0244   47  294 -5973.9741 -6417.9488  7.43%  64.1 2552s
 980453 775627 -6193.9418   94  232 -5973.9741 -6417.9455  7.43%  64.1 2557s
 982627 776933 -5994.7255  164   40 -5973.9741 -6417.9181  7.43%  64.0 2561s
 984052 778388 -6193.1948  103  288 -5973.9741 -6417.9065  7.43%  64.0 2566s
 985792 779874 -6276.6512   97  325 -5973.9741 -6417.8873  7.43%  64.0 2570s
 987457 781691 -6375.7505   45  280 -5973.9741 -6417.8822  7.43%  64.0 2575s
 991191 784345 -6293.7622   61  291 -5973.9741 -6417.8495  7.43%  64.0 2584s
 992878 785318 -6331.4984   89  326 -5973.9741 -6417.8378  7.43%  63.9 2588s
 994087 786600 -6321.8585   69  300 -5973.9741 -6417.8362  7.43%  63.9 2592s
 995578 787587 -6309.2504   91  217 -5973.9741 -6417.8204  7.43%  63.9 2597s
 996833 789010 -6367.7116   41  423 -5973.9741 -6417.8104  7.43%  64.0 2602s
 998245 791130 -6316.5723   41  369 -5973.9741 -6417.8104  7.43%  64.0 2607s
 1000628 792557 -6324.3614   50  418 -5973.9741 -6417.8104  7.43%  63.9 2613s
 1002334 793988 -6212.6868   70  135 -5973.9741 -6417.8104  7.43%  63.9 2618s
 1003941 794896 -6034.1886  113   82 -5973.9741 -6417.7756  7.43%  63.9 2623s
 1005040 796147 -6327.2615   43  403 -5973.9741 -6417.7637  7.43%  63.9 2629s
 1006504 797312 -6256.3058   72  313 -5973.9741 -6417.7478  7.43%  64.0 2633s
 1007960 798504 -6238.1550   87  216 -5973.9741 -6417.7268  7.43%  64.0 2639s
 1009250 799906 -6270.2170  107  248 -5973.9741 -6417.7225  7.43%  64.0 2643s
 1011013 801160 -6113.9142  158   85 -5973.9741 -6417.7093  7.43%  64.0 2648s
 1012514 802396 -6289.8376   59  231 -5973.9741 -6417.6997  7.43%  63.9 2652s
 1014024 803387 -6261.0978   72  221 -5973.9741 -6417.6770  7.43%  63.9 2656s
 1015180 804147 -6262.3955   61  299 -5973.9741 -6417.6662  7.43%  63.9 2660s
 1016260 804882 -6283.6548   49  345 -5973.9741 -6417.6516  7.43%  64.0 2666s
 1017086 805918 -6095.7678   56  160 -5973.9741 -6417.6516  7.43%  64.0 2670s
 1018408 806853 -5988.0530   85  148 -5973.9741 -6417.6512  7.43%  64.0 2675s
 1019561 808825 -6270.3609   69  243 -5973.9741 -6417.6404  7.43%  64.0 2681s
 1021817 810477 -6378.3225   43  223 -5973.9741 -6417.6314  7.43%  64.0 2686s
 1023827 812187 -6321.8362   62  318 -5973.9741 -6417.6265  7.43%  64.0 2691s
 1025832 813103 -6389.9121   43  409 -5973.9741 -6417.6084  7.43%  63.9 2696s
 1026932 813979 -6401.6020   42  251 -5973.9741 -6417.5942  7.43%  64.0 2700s
 1027993 815461 -6391.0053   41  367 -5973.9741 -6417.5821  7.43%  64.0 2705s
 1029806 816487 -6354.2443   54  324 -5973.9741 -6417.5518  7.43%  63.9 2710s
 1032374 818805 -6279.5167   59  263 -5973.9741 -6417.5361  7.42%  64.0 2719s
 1033879 819682 -6055.2625   96  211 -5973.9741 -6417.5253  7.42%  64.0 2724s
 1034982 820570 -6330.1510   58  252 -5973.9741 -6417.5223  7.42%  64.0 2728s
 1036089 821767 -6284.4920   65  338 -5973.9741 -6417.5223  7.42%  64.0 2733s
 1037494 822632 -6009.2806  124  272 -5973.9741 -6417.4882  7.42%  64.0 2739s
 1038513 823733 -5990.8788  135  105 -5973.9741 -6417.4750  7.42%  64.0 2743s
 1039942 824963 -6411.1640   42  297 -5973.9741 -6417.4750  7.42%  64.0 2747s
 1041433 825868 -6040.8441   98  154 -5973.9741 -6417.4427  7.42%  64.0 2752s
 1042584 827404 -6028.5726   65  181 -5973.9741 -6417.4252  7.42%  64.1 2758s
 1044397 828499 -6246.8303   84  255 -5973.9741 -6417.4057  7.42%  64.0 2763s
 1045687 829998 -6335.2857   62  265 -5973.9741 -6417.3999  7.42%  64.1 2768s
 1047272 831843 -6125.5479  104  114 -5973.9741 -6417.3963  7.42%  64.1 2773s
 1049595 833248 -6351.4268   72  289 -5973.9741 -6417.3732  7.42%  64.0 2778s
 1051193 834548 -6299.5426   69  275 -5973.9741 -6417.3641  7.42%  64.0 2783s
 1052735 835596 -6383.0303   50  231 -5973.9741 -6417.3462  7.42%  64.0 2787s
 1054027 836608 -6275.9748   55  229 -5973.9741 -6417.3312  7.42%  64.0 2791s
 1055272 837486 -5977.4170  127   75 -5973.9741 -6417.3241  7.42%  64.0 2796s
 1056200 839087 -6283.7566   78  302 -5973.9741 -6417.3241  7.42%  64.0 2801s
 1058076 840116 -6110.1105  105  247 -5973.9741 -6417.3210  7.42%  64.0 2806s
 1059228 841571 -6375.8285   43  262 -5973.9741 -6417.3205  7.42%  64.0 2812s
 1060841 843739 -6186.7305   65  179 -5973.9741 -6417.3022  7.42%  64.0 2817s
 1063280 844993 -6413.0508   41  335 -5973.9741 -6417.2964  7.42%  64.0 2823s
 1064816 846262 -6297.7720   62  184 -5973.9741 -6417.2837  7.42%  64.0 2828s
 1066232 847284 -6363.7234   50  337 -5973.9741 -6417.2676  7.42%  64.0 2833s
 1067497 848403 -6323.6673   76  246 -5973.9741 -6417.2583  7.42%  64.0 2838s
 1068837 849661 -6035.3715  145   68 -5973.9741 -6417.2399  7.42%  64.0 2843s
 1070412 851323 -6311.5364   67  278 -5973.9741 -6417.2326  7.42%  64.0 2849s
 1072348 853191 -6110.7411  132   76 -5973.9741 -6417.2313  7.42%  64.0 2855s
 1075345 854755 -6271.5533   65  275 -5973.9741 -6417.1978  7.42%  64.0 2864s
 1076262 855603 -6242.4438   74  239 -5973.9741 -6417.1977  7.42%  64.0 2869s
 1077380 856669 -6227.3112   63  330 -5973.9741 -6417.1877  7.42%  64.0 2873s
 1078644 857903 -6347.2823   57  283 -5973.9741 -6417.1821  7.42%  64.0 2878s
 1080138 859162 -6251.1822   91  287 -5973.9741 -6417.1779  7.42%  64.0 2883s
 1081769 860411 -6374.6881   49  342 -5973.9741 -6417.1601  7.42%  64.0 2887s
 1083323 861556 -6390.2763   44  219 -5973.9741 -6417.1431  7.42%  64.0 2892s
 1084728 862371 -6003.0212  161   23 -5973.9741 -6417.1279  7.42%  64.0 2898s
 1085575 863189 infeasible  164      -5973.9741 -6417.1270  7.42%  64.0 2903s
 1086622 864597 -6370.4596   49  295 -5973.9741 -6417.1258  7.42%  64.1 2908s
 1088316 865694 -6370.0768   54  280 -5973.9741 -6417.1099  7.42%  64.0 2913s
 1089606 866556 -6219.4367   69  259 -5973.9741 -6417.0992  7.42%  64.1 2917s
 1090712 867486 -6123.1340   89  184 -5973.9741 -6417.0833  7.42%  64.1 2921s
 1091853 868184 -6156.4430   95  283 -5973.9741 -6417.0779  7.42%  64.1 2925s
 1092806 869388 -6369.6584   56  294 -5973.9741 -6417.0652  7.42%  64.1 2930s
 1094121 870933 -6165.1602  129  121 -5973.9741 -6417.0634  7.42%  64.1 2936s
 1095907 872117 -6229.7562   94  298 -5973.9741 -6417.0623  7.42%  64.1 2941s
 1097264 873487 -6402.3426   41  344 -5973.9741 -6417.0623  7.42%  64.1 2947s
 1098792 875021 -6154.6366   98  327 -5973.9741 -6417.0478  7.42%  64.1 2951s
 1100589 876154 -6221.4314  124  197 -5973.9741 -6417.0310  7.42%  64.1 2956s
 1101955 877138 -6045.3360  136  114 -5973.9741 -6417.0100  7.42%  64.1 2961s
 1103090 878997 -6214.9782   99  145 -5973.9741 -6417.0031  7.42%  64.1 2966s
 1105149 880836 infeasible  203      -5973.9741 -6416.9989  7.42%  64.1 2971s
 1107418 882321 -6074.3281   84  274 -5973.9741 -6416.9785  7.42%  64.1 2975s
 1110163 883878 -6281.7339   58  264 -5973.9741 -6416.9622  7.42%  64.1 2984s
 1111046 884617     cutoff   97      -5973.9741 -6416.9402  7.41%  64.1 2989s
 1112041 885987 -6317.8530   59  246 -5973.9741 -6416.9373  7.41%  64.1 2994s
 1113496 887921 -6055.4703  138   20 -5973.9741 -6416.9321  7.41%  64.1 3000s
 1115761 889144 -6163.0307  101  156 -5973.9741 -6416.9241  7.41%  64.1 3005s
 1117208 890191 -6326.1279   54  204 -5973.9741 -6416.9027  7.41%  64.1 3011s
 1118372 891069 -6355.2544   50  348 -5973.9741 -6416.8992  7.41%  64.1 3015s
 1120580 892765 -6155.9762   94  220 -5973.9741 -6416.8782  7.41%  64.2 3024s
 1121584 893830 -6297.8062   79  200 -5973.9741 -6416.8624  7.41%  64.2 3029s
 1122867 894787 -6280.0180   77  238 -5973.9741 -6416.8567  7.41%  64.2 3033s
 1124005 896934 -6336.2115   62  187 -5973.9741 -6416.8435  7.41%  64.2 3040s
 1126255 898895 -6132.6132  100  182 -5973.9741 -6416.8408  7.41%  64.2 3045s
 1128542 900017 infeasible  181      -5973.9741 -6416.8280  7.41%  64.1 3050s
 1129824 901096     cutoff  150      -5973.9741 -6416.8151  7.41%  64.1 3055s
 1132469 903135 -6371.3657   46  359 -5973.9741 -6416.7848  7.41%  64.1 3064s
 1133637 904162 -5974.5844  113  153 -5973.9741 -6416.7840  7.41%  64.1 3069s
 1134857 905033 -6347.1683   63  349 -5973.9741 -6416.7631  7.41%  64.1 3073s
 1135936 905869 -6374.5077   53  295 -5973.9741 -6416.7551  7.41%  64.2 3078s
 1136989 906791 -6244.9223  102  242 -5973.9741 -6416.7487  7.41%  64.2 3083s
 1138136 908156 -6355.7172   54  287 -5973.9741 -6416.7209  7.41%  64.2 3088s
 1139681 909426 -6105.7509  130   74 -5973.9741 -6416.7085  7.41%  64.2 3093s
 1141289 910249     cutoff  245      -5973.9741 -6416.6907  7.41%  64.2 3099s
 1142180 911072 -6346.9670   50  503 -5973.9741 -6416.6907  7.41%  64.2 3104s
 1143131 911928 -6137.2601   80  258 -5973.9741 -6416.6903  7.41%  64.2 3109s
 1144197 913040 -6115.7076  117  208 -5973.9741 -6416.6766  7.41%  64.2 3114s
 1145502 914312 -6106.3724  110  211 -5973.9741 -6416.6559  7.41%  64.2 3119s
 1146993 915648 -6366.7671   51  251 -5973.9741 -6416.6532  7.41%  64.2 3124s
 1148575 917197 -6085.7605  132  102 -5973.9741 -6416.6532  7.41%  64.2 3130s
 1150415 918612 infeasible  230      -5973.9741 -6416.6506  7.41%  64.2 3136s
 1152081 919267     cutoff  110      -5973.9741 -6416.6232  7.41%  64.2 3141s
 1152812 920164 -6411.1800   41  345 -5973.9741 -6416.6170  7.41%  64.2 3146s
 1154017 921301 -6360.5735   43  272 -5973.9741 -6416.5994  7.41%  64.2 3151s
 1155326 922245 -6362.4614   54  325 -5973.9741 -6416.5993  7.41%  64.2 3156s
 1156456 923016 -6352.7048   46  286 -5973.9741 -6416.5820  7.41%  64.2 3161s
 1157289 924328 -6261.1361   79  230 -5973.9741 -6416.5820  7.41%  64.2 3167s
 1158831 925374 -6099.3101  163   22 -5973.9741 -6416.5780  7.41%  64.2 3173s
 1160045 927513 -6244.8285   74  158 -5973.9741 -6416.5573  7.41%  64.3 3179s
 1162551 928702 -6401.3981   45  302 -5973.9741 -6416.5513  7.41%  64.2 3184s
 1163872 929695 -5988.4980  126  114 -5973.9741 -6416.5493  7.41%  64.2 3188s
 1165047 930892 -6062.7085   83  243 -5973.9741 -6416.5216  7.41%  64.2 3193s
 1166514 932230 -6167.9534  142  224 -5973.9741 -6416.5093  7.41%  64.2 3198s
 1168181 933260 infeasible  174      -5973.9741 -6416.4790  7.41%  64.2 3202s
 1169463 934125 -6367.9572   57  237 -5973.9741 -6416.4775  7.41%  64.2 3208s
 1170551 935028 -6408.4194   36  305 -5973.9741 -6416.4667  7.41%  64.2 3212s
 1171715 936017 -6397.0363   45  333 -5973.9741 -6416.4614  7.41%  64.2 3217s
 1172784 936985 -6227.2475   68  233 -5973.9741 -6416.4532  7.41%  64.2 3223s
 1174062 938184 -6365.4506   38  305 -5973.9741 -6416.4484  7.41%  64.2 3228s
 1175590 939120 -6016.4161   65  230 -5973.9741 -6416.4357  7.41%  64.2 3232s
 1176693 940783 -6337.6851   65  224 -5973.9741 -6416.4157  7.41%  64.2 3238s
 1178636 942075 -6134.7911  153   63 -5973.9741 -6416.4123  7.41%  64.2 3244s
 1180087 943256 -6074.6799  172   23 -5973.9741 -6416.3890  7.41%  64.2 3250s
 1181508 944235 -6001.5639  195   11 -5973.9741 -6416.3764  7.41%  64.2 3255s
 1182723 945182     cutoff  203      -5973.9741 -6416.3638  7.41%  64.2 3260s
 1185097 947605 -6090.9420  137  116 -5973.9741 -6416.3412  7.40%  64.2 3270s
 1186837 948618 infeasible  200      -5973.9741 -6416.3307  7.40%  64.2 3275s
 1188893 950071 -6049.4024  120  174 -5973.9741 -6416.3169  7.40%  64.3 3284s
 1189836 951054 -6402.3479   47  341 -5973.9741 -6416.3169  7.40%  64.3 3289s
 1191036 951304 -6315.8286   65  256 -5973.9741 -6416.3169  7.40%  64.3 3295s
 1191330 952288 -6337.7163   68  282 -5973.9741 -6416.3169  7.40%  64.3 3301s
 1192479 953663 -6184.2387   82  280 -5973.9741 -6416.3169  7.40%  64.3 3307s
 1194151 954412 -6278.5865  105  290 -5973.9741 -6416.3169  7.40%  64.3 3313s
 1195078 955375 -6269.0256  114  213 -5973.9741 -6416.2666  7.40%  64.3 3319s
 1196249 956786 -6407.0020   43  367 -5973.9741 -6416.2627  7.40%  64.3 3324s
 1197883 958010 -6382.8112   58  325 -5973.9741 -6416.2463  7.40%  64.3 3329s
 1199321 958914 -6237.7915   83  261 -5973.9741 -6416.2304  7.40%  64.3 3334s
 1200449 960297 -6369.5452   68  336 -5973.9741 -6416.2234  7.40%  64.3 3340s
 1202635 961587 -6363.1894   42  383 -5973.9741 -6416.1998  7.40%  64.3 3345s
 1203695 962755 -6365.9165   55  310 -5973.9741 -6416.1954  7.40%  64.3 3350s
 1206468 964785 -6327.0324   57  250 -5973.9741 -6416.1737  7.40%  64.3 3359s
 1207526 965782 -6124.7170   93  124 -5973.9741 -6416.1727  7.40%  64.3 3364s
 1208675 966837     cutoff  154      -5973.9741 -6416.1617  7.40%  64.3 3368s
 1209965 967751 -6396.3807   45  214 -5973.9741 -6416.1617  7.40%  64.3 3374s
 1211108 968567 -6073.6469   83  166 -5973.9741 -6416.1477  7.40%  64.3 3378s
 1212187 969556 -6244.0452   91  235 -5973.9741 -6416.1064  7.40%  64.3 3383s
 1213387 970869 -6139.3067   83  211 -5973.9741 -6416.1001  7.40%  64.4 3389s
 1214879 971878 -6220.7593   74  263 -5973.9741 -6416.0957  7.40%  64.3 3393s
H1216101 844871                    -6033.405277 -6416.0760  6.34%  64.4 3401s
 1217477 846538 -6174.9627  155   22 -6033.4053 -6416.0737  6.34%  64.3 3407s
 1219489 847915 -6312.3525   55  262 -6033.4053 -6416.0699  6.34%  64.3 3412s
H1221017 839491                    -6037.826680 -6416.0699  6.26%  64.3 3419s
 1222576 840772     cutoff  213      -6037.8267 -6416.0673  6.26%  64.3 3424s
 1223979 841572 -6383.7038   46  243 -6037.8267 -6416.0662  6.26%  64.3 3429s
 1225028 842432 -6387.1530   41  212 -6037.8267 -6416.0487  6.26%  64.3 3435s
H1225153 839242                    -6039.231824 -6416.0487  6.24%  64.3 3435s
H1225942 827488                    -6044.658105 -6416.0487  6.14%  64.3 3435s
 1226048 828660 -6261.5375   63  366 -6044.6581 -6416.0406  6.14%  64.3 3441s
 1227434 829696 -6388.2457   49  361 -6044.6581 -6416.0195  6.14%  64.3 3446s
 1228699 830749 -6369.6427   56  271 -6044.6581 -6416.0079  6.14%  64.3 3450s
 1230074 831491 -6099.1489   58  277 -6044.6581 -6415.9977  6.14%  64.3 3455s
 1230958 832344 -6053.2641   89  221 -6044.6581 -6415.9946  6.14%  64.3 3460s
 1231878 833341 -6235.8429   57  378 -6044.6581 -6415.9901  6.14%  64.4 3465s
 1233308 834213 -6306.8222   69  264 -6044.6581 -6415.9804  6.14%  64.4 3470s
 1234409 835627 -6376.7978   41  345 -6044.6581 -6415.9671  6.14%  64.4 3477s
 1236026 837151 -6277.6433   62  248 -6044.6581 -6415.9671  6.14%  64.4 3482s
 1237752 838522 -6123.9953  163   23 -6044.6581 -6415.9564  6.14%  64.4 3488s
 1239439 839298     cutoff  211      -6044.6581 -6415.9306  6.14%  64.3 3493s
 1240383 839575 -6312.2038   76  298 -6044.6581 -6415.9246  6.14%  64.3 3498s
H1240397 820938                    -6052.921513 -6415.9246  6.00%  64.3 3499s
 1240700 821828 -6239.8869   90  324 -6052.9215 -6415.9246  6.00%  64.3 3503s
 1241853 822955 -6129.7245  100  295 -6052.9215 -6415.9246  6.00%  64.4 3509s
 1243069 824465 -6112.2347  127  159 -6052.9215 -6415.9021  6.00%  64.4 3516s
 1244871 825790 -6222.2477   87  262 -6052.9215 -6415.8912  6.00%  64.3 3521s
 1246391 827142 -6120.2128  145  133 -6052.9215 -6415.8724  6.00%  64.3 3526s
 1248014 827853 -6385.0346   47  313 -6052.9215 -6415.8687  6.00%  64.3 3531s
 1248805 828902 -6167.7638   80  118 -6052.9215 -6415.8529  6.00%  64.3 3536s
 1250118 829723 -6281.0720   99  251 -6052.9215 -6415.8460  6.00%  64.3 3541s
 1251138 830540 -6296.5795   65  286 -6052.9215 -6415.8310  6.00%  64.3 3545s
 1252154 831456 -6079.9733   94  196 -6052.9215 -6415.8202  6.00%  64.4 3550s
 1253363 832409 -6355.3835   66  307 -6052.9215 -6415.8082  6.00%  64.4 3555s
 1254497 833414 -6117.1663  168  170 -6052.9215 -6415.8059  6.00%  64.3 3560s
 1255753 834105 -6062.0289  113  121 -6052.9215 -6415.7847  5.99%  64.3 3565s
 1256564 835273 -6331.9248   57  234 -6052.9215 -6415.7828  5.99%  64.4 3571s
 1257832 836600 -6055.1613  134   27 -6052.9215 -6415.7798  5.99%  64.4 3577s
 1259599 837705 -6059.1227  183   24 -6052.9215 -6415.7750  5.99%  64.4 3583s
 1260897 838703 -6375.9447   45  403 -6052.9215 -6415.7641  5.99%  64.4 3588s
 1262129 839656 -6382.2750   38  323 -6052.9215 -6415.7498  5.99%  64.4 3592s
 1263285 840643 -6299.6912   81  272 -6052.9215 -6415.7348  5.99%  64.4 3597s
 1264502 840823 -6310.0505   62  225 -6052.9215 -6415.7211  5.99%  64.4 3600s

Cutting planes:
  Gomory: 31
  Cover: 118
  Implied bound: 8
  MIR: 4
  Flow cover: 47
  Inf proof: 264
  Zero half: 25
  RLT: 84
  Lazy constraints: 9656

Explored 1264703 nodes (81448951 simplex iterations) in 3600.01 seconds
Thread count was 12 (of 12 available processors)

Solution count 10: -6052.92 -6044.66 -6039.23 ... -5944.46

Time limit reached
Best objective -6.052921512645e+03, best bound -6.415721132546e+03, gap 5.9938%

User-callback calls 2933058, time in user-callback 17.20 sec
-1
['A-n40-k5', 6052.921512645404, 600.880677544473, 3600.011790037155, 0.05993793561377738, 1, [[0, [74.91455494557356, 82.00958260240787]], [2.5080698158491117, [82.00958260240787]], [7.618880316562269, [78.32200941276258]], [0, [112.63387070121091, 44.13821841053429]], [0, [78.32200941276258]], [1.9944924166260947, [81.58801865742763, 48.73257380651007, 96.94254205946464]], [6.064622409549429, [81.58801865742763]], [0, [78.32200941276258, 74.91455494557356]], [2.8207800339592026, [48.73257380651007, 133.22893551816634, 78.32200941276258]], [13.511358184868307, [138.59143637709158, 44.13821841053429, 138.59143637709158]], [0, [133.22893551816634, 78.32200941276258]], [0.9234717104485242, [96.94254205946464]], [0, [96.94254205946464]], [0, [81.58801865742763]], [8.685896614621356, [44.13821841053429, 81.58801865742763, 74.91455494557356]], [4.203802167406877, [133.22893551816634, 133.22893551816634]], [0, [112.63387070121091]], [0, [112.63387070121091, 112.63387070121091]], [0, [112.63387070121091, 74.91455494557356]], [0, [78.32200941276258, 44.13821841053429, 44.13821841053429]], [0, [82.00958260240787, 96.94254205946464, 74.91455494557356]], [20.944803651500678, [133.22893551816634, 81.58801865742763, 78.32200941276258]], [0, [138.59143637709158, 78.32200941276258, 82.00958260240787]], [17.573297926112986, [138.59143637709158, 48.73257380651007]], [9.823074874997786, [133.22893551816634, 48.73257380651007, 138.59143637709158]], [0, [112.63387070121091, 74.91455494557356]], [7.712976079308291, [133.22893551816634]], [21.299877933918907, [78.32200941276258, 74.91455494557356, 78.32200941276258]], [0, [82.00958260240787, 133.22893551816634]], [0, [112.63387070121091, 81.58801865742763, 133.22893551816634]], [0, [96.94254205946464, 81.58801865742763, 74.91455494557356]], [0, [48.73257380651007, 48.73257380651007]], [0, [138.59143637709158, 74.91455494557356, 82.00958260240787]], [11.350154183974098, [78.32200941276258]], [8.171316552500969, [81.58801865742763]], [0, [44.13821841053429, 96.94254205946464]], [15.071969358879173, [133.22893551816634]], [6.341356321797171, [48.73257380651007]]]]
