/projects/academic/josewalt/sriavoba/python
Using license file /util/academic/gurobi/licenses/gurobi.lic
Set parameter TokenServer to value srv-m14-36.cbls.ccr.buffalo.edu
Set parameter TSPort to value 46325
Changed value of parameter lazyConstraints to 1
   Prev: 0  Min: 0  Max: 1  Default: 0
Changed value of parameter TimeLimit to 21600.0
   Prev: inf  Min: 0.0  Max: inf  Default: inf
Gurobi Optimizer version 9.1.1 build v9.1.1rc0 (linux64)
Thread count: 12 physical cores, 12 logical processors, using up to 12 threads
Optimize a model with 4424 rows, 5736 columns and 21637 nonzeros
Model fingerprint: 0x9d5bd389
Variable types: 806 continuous, 4930 integer (4755 binary)
Coefficient statistics:
  Matrix range     [1e+00, 2e+02]
  Objective range  [1e+00, 1e+00]
  Bounds range     [1e+00, 9e+01]
  RHS range        [1e+00, 2e+02]
Presolve removed 326 rows and 97 columns
Presolve time: 0.05s
Presolved: 4098 rows, 5639 columns, 20823 nonzeros
Variable types: 737 continuous, 4902 integer (4727 binary)

Root relaxation: objective -5.203468e+03, 3317 iterations, 0.16 seconds

    Nodes    |    Current Node    |     Objective Bounds      |     Work
 Expl Unexpl |  Obj  Depth IntInf | Incumbent    BestBd   Gap | It/Node Time

     0     0 -5203.4683    0  357          - -5203.4683      -     -    0s
     0     0 -5193.4972    0  491          - -5193.4972      -     -    0s
     0     0 -5193.4972    0  491          - -5193.4972      -     -    0s
     0     0 -5171.5060    0  682          - -5171.5060      -     -    0s
     0     0 -5171.4090    0  686          - -5171.4090      -     -    0s
     0     0 -5171.4090    0  687          - -5171.4090      -     -    0s
     0     0 -5163.2987    0  468          - -5163.2987      -     -    1s
     0     0 -5162.3242    0  571          - -5162.3242      -     -    1s
     0     0 -5161.8750    0  520          - -5161.8750      -     -    1s
     0     0 -5161.8750    0  520          - -5161.8750      -     -    1s
     0     2 -5161.8750    0  520          - -5161.8750      -     -    1s
   311   331 -5136.4008   19  351          - -5155.9786      -   103    5s
  2405  2459 -5140.3610    9  436          - -5153.3659      -  43.2   10s
  3369  3166 -5078.2736   68  456          - -5143.3221      -  38.9   15s
  3387  3178 -5053.9541   56  520          - -5138.9640      -  38.7   20s
  3399  3189 -5131.3778   14  396          - -5135.9112      -  44.0   29s
  3401  3192 -5124.6079   15  358          - -5134.7233      -  44.4   30s
  3552  3311 -5108.8246   24  203          - -5132.5477      -  49.9   35s
H 4966  4080                    -4607.628690 -5132.5477  11.4%  50.4   39s
H 5041  4037                    -4725.514280 -5132.5477  8.61%  50.0   39s
H 5070  3883                    -4775.695717 -5132.5477  7.47%  50.0   39s
H 5169  3789                    -4818.587675 -5131.4182  6.49%  49.5   39s
  5254  3857     cutoff  124      -4818.5877 -5131.0280  6.48%  48.9   40s
H 5411  3713                    -4838.168847 -5131.0280  6.05%  48.6   41s
  5951  4091 -4925.7073   63   83 -4838.1688 -5131.0280  6.05%  47.1   45s
H 6262  4017                    -4839.053355 -5130.9455  6.03%  46.5   45s
H 6332  3863                    -4846.378803 -5130.9455  5.87%  46.2   45s
  8132  4922 -4914.7328  115    2 -4846.3788 -5119.3342  5.63%  43.0   50s
 11249  6828 -4995.7532   55  113 -4846.3788 -5117.8105  5.60%  39.5   55s
H11286  6803                    -4848.375239 -5117.8105  5.56%  39.5   55s
*11295  6799             127    -4848.612670 -5117.8105  5.55%  39.4   55s
H13247  8370                    -4851.589971 -5114.7681  5.42%  37.9   58s
*13250  8142             113    -4863.180797 -5114.7681  5.17%  37.9   58s
 14068  8929 infeasible   88      -4863.1808 -5114.3951  5.17%  37.5   60s
H16187 10248                    -4866.181555 -5113.7243  5.09%  36.7   62s
 17282 11738 -5041.7296   49  137 -4866.1816 -5113.6150  5.08%  36.7   65s
 19604 13414 -5023.9469   61   67 -4866.1816 -5113.4050  5.08%  36.2   74s
*19822 12269             129    -4892.274371 -5113.4050  4.52%  36.0   74s
 20014 12823 -4944.6383   78   26 -4892.2744 -5113.2139  4.52%  35.9   75s
*20469 12478             129    -4901.749518 -5113.2139  4.31%  35.7   75s
 23026 15127 -5073.7216   32  172 -4901.7495 -5112.4926  4.30%  35.6   80s
 26590 18142 -4996.4895   71  136 -4901.7495 -5111.8719  4.29%  35.2   86s
 29210 19989 -4907.7674   92   48 -4901.7495 -5111.3127  4.28%  35.3   90s
*31355 21319             109    -4902.032382 -5110.8348  4.26%  35.3   92s
H32060 21282                    -4918.730395 -5110.6594  3.90%  35.3   94s
 33104 22538     cutoff  102      -4918.7304 -5110.5221  3.90%  35.6   97s
 35387 24312 -5106.9500   32  199 -4918.7304 -5110.1918  3.89%  35.7  101s
 38535 26634 infeasible  110      -4918.7304 -5109.9544  3.89%  35.6  106s
 41325 28908     cutoff   78      -4918.7304 -5109.4997  3.88%  35.4  110s
 45113 32108 -5051.9089   56  102 -4918.7304 -5109.1544  3.87%  35.9  117s
 46489 32219 -5071.2353   36   78 -4918.7304 -5108.9954  3.87%  35.9  120s
 48151 34561     cutoff  120      -4918.7304 -5108.8718  3.87%  35.9  125s
 51682 37565 -5100.1557   31  182 -4918.7304 -5108.5693  3.86%  36.2  131s
*53039 37220              97    -4921.976709 -5108.3956  3.79%  36.2  131s
H53402 36290                    -4935.164329 -5108.3286  3.51%  36.3  133s
 54362 37290 -5066.0869   31  132 -4935.1643 -5108.2043  3.51%  36.3  135s
 56553 38944 -5040.1985   37  169 -4935.1643 -5107.9645  3.50%  36.6  140s
 59188 41071 -4959.3724   80   35 -4935.1643 -5107.7828  3.50%  36.8  145s
H60227 40857                    -4936.314239 -5107.6029  3.47%  36.9  145s
 61853 42707 -5064.4550   39  202 -4936.3142 -5107.5263  3.47%  36.9  150s
H64711 41638                    -4951.822040 -5107.3606  3.14%  36.9  154s
 65303 42740 -5089.2968   36  180 -4951.8220 -5107.2817  3.14%  36.8  157s
H65834 42506                    -4952.973672 -5107.2817  3.12%  36.9  157s
 66746 43672 -5002.5705   63   28 -4952.9737 -5107.2817  3.12%  36.9  160s
 68865 45162 -4989.7331   71  149 -4952.9737 -5107.1457  3.11%  37.0  165s
H71220 46810                    -4953.260617 -5106.9105  3.10%  37.3  169s
H71445 44379                    -4962.328606 -5106.9105  2.91%  37.3  169s
H71593 41627                    -4972.189281 -5106.9105  2.71%  37.4  169s
H71894 36723                    -4988.818494 -5106.9105  2.37%  37.4  169s
 72216 37289 -5045.8740   41  162 -4988.8185 -5106.8396  2.37%  37.4  171s
H72394 36701                    -4990.807280 -5106.8082  2.32%  37.5  171s
 74166 38097 -5057.2204   37  205 -4990.8073 -5106.6673  2.32%  37.9  176s
 76300 39734 infeasible   58      -4990.8073 -5106.3674  2.32%  38.3  181s
 78573 41334 -5014.9251   42  172 -4990.8073 -5106.2242  2.31%  38.7  185s
H78861 37667                    -5001.003354 -5106.1802  2.10%  38.7  185s
 80323 38870 -5012.0234   54  137 -5001.0034 -5106.0399  2.10%  39.1  190s
 82747 40795     cutoff   60      -5001.0034 -5105.7715  2.09%  39.6  197s
 85054 42217 -5034.2986   50  201 -5001.0034 -5105.4607  2.09%  39.9  201s
 87378 43611 -5081.5943   31  154 -5001.0034 -5105.2165  2.08%  40.3  206s
*88402 39020              65    -5011.668679 -5105.1664  1.87%  40.4  206s
 89679 40217 infeasible   86      -5011.6687 -5105.0413  1.86%  40.5  211s
 91787 41660 -5011.7767   62   40 -5011.6687 -5104.8498  1.86%  40.9  216s
H92170 37637                    -5020.417153 -5104.7962  1.68%  41.0  216s
 93496 38665 -5044.8797   50  150 -5020.4172 -5104.5968  1.68%  41.4  221s
 95456 40029 -5083.5175   36  156 -5020.4172 -5104.4684  1.67%  41.8  226s
 97059 41014 -5090.5576   31  376 -5020.4172 -5104.2270  1.67%  42.2  230s
 98768 42254 -5079.3436   33  172 -5020.4172 -5104.0978  1.67%  42.7  236s
 100613 43351 -5038.8993   40  134 -5020.4172 -5103.9136  1.66%  43.0  240s
 102576 44281 -5060.9802   32  197 -5020.4172 -5103.7343  1.66%  43.4  245s
 104382 45249 -5066.6033   40  293 -5020.4172 -5103.4961  1.65%  43.8  250s
 106189 46509 -5083.9853   34  130 -5020.4172 -5103.3495  1.65%  44.3  255s
 108299 47910 -5065.5259   40   74 -5020.4172 -5103.1175  1.65%  44.6  260s
 109919 48921 -5092.5045   29  231 -5020.4172 -5102.9795  1.64%  44.9  266s
 111893 50381 -5045.8740   36  172 -5020.4172 -5102.7726  1.64%  45.3  271s
 113997 51547 -5035.2702   49  182 -5020.4172 -5102.5731  1.64%  45.6  276s
 115785 52681 -5065.5676   34  199 -5020.4172 -5102.4230  1.63%  46.1  282s
 117639 53975 -5053.4567   39  181 -5020.4172 -5102.2754  1.63%  46.5  287s
 118671 54542 -5091.1660   28  414 -5020.4172 -5102.1824  1.63%  46.6  290s
 120674 55913 -5053.2219   34  214 -5020.4172 -5102.0302  1.63%  46.8  295s
 122896 57219 -5070.9187   37  228 -5020.4172 -5101.7898  1.62%  47.1  301s
 124958 58551 infeasible   81      -5020.4172 -5101.6176  1.62%  47.4  306s
 125909 58659 -5044.3249   40  240 -5020.4172 -5101.5043  1.62%  47.5  310s
H126715 55025                    -5027.117538 -5101.4750  1.48%  47.6  313s
 127233 55447 -5055.6224   57  163 -5027.1175 -5101.4250  1.48%  47.7  316s
H127647 55288                    -5027.325708 -5101.3727  1.47%  47.8  316s
 128942 56369 -5073.7372   31  245 -5027.3257 -5101.2416  1.47%  48.0  321s
 130972 57063 -5080.4402   33  224 -5027.3257 -5101.0810  1.47%  48.4  328s
H131008 56243                    -5028.338953 -5101.0810  1.45%  48.4  328s
 131100 56748 -5075.5530   34  233 -5028.3390 -5101.0755  1.45%  48.4  331s
 133107 58178 -5079.9707   37  226 -5028.3390 -5100.8975  1.44%  48.8  336s
 135431 59391 -5060.6153   31  237 -5028.3390 -5100.7416  1.44%  49.0  342s
 136458 60056 -5057.9493   40  106 -5028.3390 -5100.6408  1.44%  49.2  345s
 138541 61262 infeasible   73      -5028.3390 -5100.4592  1.43%  49.5  351s
 140691 62522 infeasible   72      -5028.3390 -5100.2784  1.43%  49.8  356s
 142822 63978 -5081.8755   37  241 -5028.3390 -5100.0370  1.43%  50.1  362s
 144097 64707 -5080.5949   31  291 -5028.3390 -5099.9474  1.42%  50.2  365s
 146311 66032     cutoff   48      -5028.3390 -5099.7781  1.42%  50.5  371s
 148483 67377 -5074.0107   30  194 -5028.3390 -5099.6427  1.42%  50.8  377s
 149561 68021 -5076.4405   35  256 -5028.3390 -5099.5808  1.42%  50.9  380s
 151859 69267 -5052.9580   33  226 -5028.3390 -5099.3771  1.41%  51.1  386s
 152941 69913 -5079.3396   36  299 -5028.3390 -5099.3124  1.41%  51.3  390s
 155302 71362 -5063.4170   38  192 -5028.3390 -5099.1625  1.41%  51.5  396s
 157777 72776 -5050.3667   41  166 -5028.3390 -5098.9442  1.40%  51.6  402s
 158828 73455 -5050.0100   42  176 -5028.3390 -5098.8465  1.40%  51.8  405s
 161254 74798 -5055.6736   40  183 -5028.3390 -5098.6635  1.40%  51.9  411s
 163584 75983 infeasible   54      -5028.3390 -5098.4168  1.39%  52.1  417s
 164531 76722 -5078.3359   28  189 -5028.3390 -5098.3498  1.39%  52.3  420s
 166995 78157     cutoff   51      -5028.3390 -5098.1913  1.39%  52.5  426s
 169506 79488 -5069.9325   32  330 -5028.3390 -5098.0192  1.39%  52.6  432s
 170601 80206 -5082.3941   37  212 -5028.3390 -5097.9037  1.38%  52.7  435s
 172890 81437 -5074.3760   33  181 -5028.3390 -5097.7187  1.38%  52.9  441s
 174110 82090     cutoff   40      -5028.3390 -5097.6455  1.38%  53.0  445s
 176406 83285 -5056.0223   40  324 -5028.3390 -5097.4817  1.38%  53.2  451s
 178674 84544     cutoff   67      -5028.3390 -5097.2799  1.37%  53.4  457s
 179817 85133 -5047.3804   33  323 -5028.3390 -5097.2348  1.37%  53.6  460s
H180018 85133                    -5028.338957 -5097.2076  1.37%  53.6  460s
H180133 85133                    -5028.338974 -5097.2008  1.37%  53.6  460s
H180741 76549                    -5035.869574 -5097.1783  1.22%  53.6  460s
 181987 77624 -5069.5089   37  223 -5035.8696 -5097.0404  1.21%  53.8  466s
 183062 78377 -5063.2564   34  180 -5035.8696 -5096.9566  1.21%  53.9  470s
 185364 79411 -5039.9136   39  123 -5035.8696 -5096.7692  1.21%  54.1  476s
 187705 80641     cutoff   45      -5035.8696 -5096.5426  1.20%  54.3  482s
 188843 81217 infeasible   48      -5035.8696 -5096.4805  1.20%  54.4  485s
 191128 82163 -5060.1028   40  127 -5035.8696 -5096.2896  1.20%  54.6  491s
 193350 83337 -5074.8957   37  241 -5035.8696 -5096.1357  1.20%  54.9  498s
 194600 83800 infeasible   42      -5035.8696 -5096.0957  1.20%  55.0  501s
 196733 84935 infeasible   36      -5035.8696 -5095.9227  1.19%  55.2  507s
 197976 85474 -5038.6531   33  179 -5035.8696 -5095.8376  1.19%  55.3  511s
 200215 86712 -5062.6516   35  198 -5035.8696 -5095.7003  1.19%  55.5  518s
 201320 87339     cutoff   39      -5035.8696 -5095.6535  1.19%  55.6  521s
 203652 88153 infeasible   36      -5035.8696 -5095.5108  1.18%  55.8  528s
 204151 88689     cutoff   36      -5035.8696 -5095.4853  1.18%  55.9  531s
 205192 89344     cutoff   37      -5035.8696 -5095.4044  1.18%  56.0  535s
 207628 90647 -5079.5231   43  152 -5035.8696 -5095.2287  1.18%  56.2  541s
 210022 91921 -5049.4051   44  172 -5035.8696 -5095.0721  1.18%  56.3  548s
 211135 92452 -5055.9176   39  251 -5035.8696 -5094.9858  1.17%  56.4  551s
 213430 93769 -5041.3079   42  195 -5035.8696 -5094.8078  1.17%  56.6  558s
 214699 94403 -5069.1152   35  273 -5035.8696 -5094.7286  1.17%  56.7  561s
 215923 95115 -5052.3356   38  156 -5035.8696 -5094.6011  1.17%  56.8  565s
 218478 96247 -5080.0509   31  269 -5035.8696 -5094.4472  1.16%  56.9  571s
 219611 96887 -5048.1365   39  191 -5035.8696 -5094.3444  1.16%  57.0  575s
 222000 98038 -5049.9212   42  190 -5035.8696 -5094.1793  1.16%  57.1  582s
 223245 98766     cutoff   38      -5035.8696 -5094.0945  1.16%  57.2  585s
 226130 100186 -5038.6081   46   99 -5035.8696 -5093.9698  1.15%  57.3  593s
 227350 100736     cutoff   86      -5035.8696 -5093.9523  1.15%  57.4  596s
 228610 101412 -5078.2128   34  230 -5035.8696 -5093.8466  1.15%  57.4  600s
 231245 102809     cutoff   54      -5035.8696 -5093.6931  1.15%  57.5  607s
 232573 102839 -5060.2222   27  362 -5035.8696 -5093.6131  1.15%  57.6  614s
 232623 103465 -5071.5031   38  209 -5035.8696 -5093.6039  1.15%  57.6  617s
 233781 104158     cutoff   41      -5035.8696 -5093.5110  1.14%  57.7  621s
 235054 104861 -5042.6897   44  146 -5035.8696 -5093.4557  1.14%  57.8  625s
 237772 106275     cutoff   64      -5035.8696 -5093.3067  1.14%  57.9  632s
 239072 107038 -5065.8326   41  305 -5035.8696 -5093.2196  1.14%  58.0  636s
 241401 108235 -5065.3264   32  216 -5035.8696 -5093.0753  1.14%  58.1  643s
 242797 108951 -5064.1874   44  221 -5035.8696 -5093.0065  1.13%  58.1  647s
H244070 108951                    -5035.869581 -5092.9414  1.13%  58.2  647s
 244177 109413 -5072.8319   30  248 -5035.8696 -5092.9275  1.13%  58.2  650s
H244332 102533                    -5039.907664 -5092.9264  1.05%  58.2  650s
 246467 103768 -5080.7343   35  209 -5039.9077 -5092.8069  1.05%  58.3  658s
 247785 104427 -5072.7740   36  210 -5039.9077 -5092.7395  1.05%  58.3  661s
 249103 105020 -5068.8348   47  111 -5039.9077 -5092.6471  1.05%  58.4  665s
 252040 106310     cutoff   44      -5039.9077 -5092.4851  1.04%  58.5  673s
 253249 106875     cutoff   39      -5039.9077 -5092.4247  1.04%  58.6  676s
 254542 107493 -5083.9880   37  168 -5039.9077 -5092.3402  1.04%  58.7  680s
 257342 108580 -5067.6574   25  212 -5039.9077 -5092.1835  1.04%  58.8  687s
 258534 109218 -5057.6461   37  264 -5039.9077 -5092.1372  1.04%  58.9  691s
 261131 110309 -5067.9898   35  208 -5039.9077 -5092.0096  1.03%  59.0  698s
 262386 110924 -5075.2220   30  387 -5039.9077 -5091.9175  1.03%  59.1  701s
 263662 111467 -5052.5097   33  264 -5039.9077 -5091.8252  1.03%  59.2  705s
 266144 112669 -5076.0034   37  218 -5039.9077 -5091.6519  1.03%  59.3  712s
 267495 113349     cutoff   73      -5039.9077 -5091.5837  1.03%  59.4  716s
 268997 114085 -5079.2420   36  176 -5039.9077 -5091.4865  1.02%  59.4  720s
 271832 115356 -5048.0722   62  182 -5039.9077 -5091.3491  1.02%  59.5  728s
 273433 115837     cutoff   50      -5039.9077 -5091.3053  1.02%  59.6  731s
 274708 116403 -5054.5402   43   45 -5039.9077 -5091.2331  1.02%  59.6  735s
 277627 117213 -5072.2303   33  226 -5039.9077 -5091.0967  1.02%  59.7  744s
 278011 117843 -5071.3031   34  312 -5039.9077 -5091.0927  1.02%  59.8  747s
 279381 118466     cutoff   48      -5039.9077 -5090.9926  1.01%  59.8  751s
 280760 119096     cutoff   49      -5039.9077 -5090.9170  1.01%  59.9  755s
 283218 120183 -5064.2142   30  244 -5039.9077 -5090.7928  1.01%  60.1  762s
 284678 120777     cutoff   33      -5039.9077 -5090.7346  1.01%  60.1  766s
 285913 121429 -5057.3866   44  150 -5039.9077 -5090.6649  1.01%  60.2  770s
 288833 122702     cutoff   28      -5039.9077 -5090.4995  1.00%  60.3  778s
 290242 123383     cutoff   53      -5039.9077 -5090.4365  1.00%  60.3  782s
 291671 124055     cutoff   49      -5039.9077 -5090.3827  1.00%  60.4  786s
 293099 124644 -5046.3032   48    8 -5039.9077 -5090.3221  1.00%  60.5  790s
 296151 125823     cutoff   50      -5039.9077 -5090.1711  1.00%  60.5  798s
 297514 126386     cutoff   34      -5039.9077 -5090.1315  1.00%  60.6  801s
 298809 126936     cutoff   43      -5039.9077 -5090.0758  1.00%  60.7  805s
 301516 128098 -5062.9763   46  110 -5039.9077 -5089.9598  0.99%  60.8  813s
 302871 128617     cutoff   35      -5039.9077 -5089.8819  0.99%  60.9  817s
 304078 129206 -5049.8331   49  202 -5039.9077 -5089.8271  0.99%  61.0  821s
 305401 129857 -5064.1405   46  125 -5039.9077 -5089.7805  0.99%  61.0  825s
 308158 131082 -5046.3188   50  117 -5039.9077 -5089.6242  0.99%  61.1  833s
 309540 131836 -5068.3565   38  195 -5039.9077 -5089.5372  0.98%  61.2  837s
 310960 132416 -5045.7105   69   35 -5039.9077 -5089.4757  0.98%  61.3  841s
 312382 133105     cutoff   54      -5039.9077 -5089.4234  0.98%  61.3  845s
 315506 134474     cutoff   27      -5039.9077 -5089.2791  0.98%  61.4  853s
 317031 135139 -5047.5937   34  177 -5039.9077 -5089.2060  0.98%  61.5  858s
 318668 135741 -5076.7114   36  199 -5039.9077 -5089.1458  0.98%  61.4  862s
 320106 136426 -5062.6933   39  132 -5039.9077 -5089.0885  0.98%  61.5  866s
 321795 137005 -5043.4955   46  121 -5039.9077 -5089.0483  0.98%  61.5  870s
 324949 138267 -5051.6499   41   40 -5039.9077 -5088.9362  0.97%  61.6  878s
 326271 138827 -5047.3674   64   83 -5039.9077 -5088.8759  0.97%  61.6  883s
 327645 139391 -5072.5821   37  190 -5039.9077 -5088.8250  0.97%  61.7  887s
 328912 140063 -5067.6636   31  200 -5039.9077 -5088.7335  0.97%  61.8  891s
 330338 140751 -5065.9029   44  149 -5039.9077 -5088.6932  0.97%  61.9  895s
 331844 141491 -5062.8070   34  343 -5039.9077 -5088.6328  0.97%  61.9  900s
 334882 142885     cutoff   69      -5039.9077 -5088.4865  0.96%  62.0  908s
 336325 143542 -5052.5075   33  259 -5039.9077 -5088.4409  0.96%  62.0  912s
 337787 144197     cutoff   46      -5039.9077 -5088.3788  0.96%  62.1  916s
 339122 144767 -5046.0467   33  247 -5039.9077 -5088.3273  0.96%  62.1  921s
 340608 145454 -5046.4429   40  146 -5039.9077 -5088.2649  0.96%  62.2  925s
 342222 146125 -5055.0804   46   96 -5039.9077 -5088.2012  0.96%  62.2  930s
 345511 147527 -5041.9677   43  103 -5039.9077 -5088.0757  0.96%  62.3  939s
 347177 148323 -5068.8193   34  196 -5039.9077 -5088.0023  0.95%  62.3  943s
 348804 148913 -5073.5332   35  216 -5039.9077 -5087.9513  0.95%  62.3  948s
 350065 149658     cutoff   44      -5039.9077 -5087.9063  0.95%  62.4  952s
 351790 150284 -5043.3621   59   36 -5039.9077 -5087.8308  0.95%  62.4  956s
 353294 150954     cutoff   56      -5039.9077 -5087.7866  0.95%  62.4  961s
 354677 151767 -5057.2248   47  167 -5039.9077 -5087.7231  0.95%  62.5  965s
H355332 151767                    -5039.907665 -5087.7145  0.95%  62.5  965s
 356244 152481 -5077.3736   44  159 -5039.9077 -5087.6766  0.95%  62.5  970s
 357669 153108 -5073.5403   36  167 -5039.9077 -5087.6308  0.95%  62.5  975s
*359397 134983              64    -5046.312534 -5087.5677  0.82%  62.5  979s
 360671 135482     cutoff   55      -5046.3125 -5087.5234  0.82%  62.6  984s
 362289 136044     cutoff   36      -5046.3125 -5087.4345  0.81%  62.6  988s
 363741 136529 -5070.6702   31  341 -5046.3125 -5087.3707  0.81%  62.7  992s
 365130 137055 -5080.7958   34  237 -5046.3125 -5087.3176  0.81%  62.7  996s
 366480 137535 -5069.7823   43   16 -5046.3125 -5087.2450  0.81%  62.8 1001s
 367951 138123 -5053.5888   46   22 -5046.3125 -5087.2120  0.81%  62.8 1005s
 369635 138700 -5075.1474   30  308 -5046.3125 -5087.1282  0.81%  62.8 1010s
 372596 139977 -5061.7745   37  262 -5046.3125 -5087.0156  0.81%  62.9 1018s
 374160 140474 -5057.6310   39  155 -5046.3125 -5086.9674  0.81%  63.0 1022s
 375580 140891     cutoff   33      -5046.3125 -5086.9138  0.80%  63.0 1027s
 376866 141427 -5082.2507   36  182 -5046.3125 -5086.8643  0.80%  63.1 1031s
 378328 141950     cutoff   45      -5046.3125 -5086.8098  0.80%  63.1 1036s
 379810 142658 -5063.0193   52  144 -5046.3125 -5086.7419  0.80%  63.1 1040s
 383041 143933 -5077.2653   33  162 -5046.3125 -5086.6164  0.80%  63.2 1049s
 384655 144592 -5075.5885   48   83 -5046.3125 -5086.5552  0.80%  63.2 1053s
 386201 145234     cutoff   79      -5046.3125 -5086.4919  0.80%  63.2 1057s
 387885 145939     cutoff   73      -5046.3125 -5086.4367  0.80%  63.3 1062s
 389556 146619 -5067.9080   24  236 -5046.3125 -5086.3532  0.79%  63.3 1067s
 391305 147328 -5052.3501   44  122 -5046.3125 -5086.3055  0.79%  63.3 1071s
 393009 148000     cutoff   43      -5046.3125 -5086.2560  0.79%  63.3 1075s
 394685 148620 -5052.4758   48  189 -5046.3125 -5086.1779  0.79%  63.3 1080s
*394819 118272              65    -5053.410193 -5086.1779  0.65%  63.3 1080s
 396398 118607 -5063.7951   56   51 -5053.4102 -5086.1157  0.65%  63.3 1085s
*396417 115680              65    -5054.037519 -5086.1157  0.63%  63.3 1085s
 399291 116414 -5072.3243   35  141 -5054.0375 -5085.9908  0.63%  63.4 1094s
*399833 109897              57    -5055.458162 -5085.9802  0.60%  63.4 1094s
*399834 109767              57    -5055.484976 -5085.9802  0.60%  63.4 1094s
 400755 110161 -5073.3802   29  251 -5055.4850 -5085.9106  0.60%  63.4 1098s
 402355 110593 -5060.7933   31  221 -5055.4850 -5085.8480  0.60%  63.4 1103s
 404077 110893     cutoff   39      -5055.4850 -5085.7675  0.60%  63.4 1107s
H404225 105298                    -5056.684812 -5085.7675  0.58%  63.4 1107s
 405525 105620 -5062.6436   32  254 -5056.6848 -5085.7061  0.57%  63.5 1111s
 406902 106000 infeasible   31      -5056.6848 -5085.6171  0.57%  63.5 1116s
H407761 86578                    -5060.774548 -5085.6075  0.49%  63.5 1116s
 408424 86819 -5076.7141   36  151 -5060.7745 -5085.5450  0.49%  63.5 1120s
H411521 86688                    -5060.899184 -5085.3738  0.48%  63.6 1128s
 412744 86893 -5074.5069   39  202 -5060.8992 -5085.3194  0.48%  63.6 1133s
 414253 87096     cutoff   37      -5060.8992 -5085.2246  0.48%  63.7 1137s
 415674 87281     cutoff   34      -5060.8992 -5085.1405  0.48%  63.7 1141s
 417042 87515 -5075.9297   34  178 -5060.8992 -5085.0426  0.48%  63.8 1145s
H419637 77611                    -5063.084063 -5084.9246  0.43%  63.9 1150s
 421570 77899     cutoff   35      -5063.0841 -5084.7448  0.43%  63.9 1158s
 423117 78055 -5075.4890   25  310 -5063.0841 -5084.6469  0.43%  63.9 1162s
 424689 78219 -5064.5335   41  147 -5063.0841 -5084.5601  0.42%  64.0 1166s
 426215 78227 -5063.1817   35  168 -5063.0841 -5084.4746  0.42%  64.0 1173s
 426316 78361 -5063.6980   46  133 -5063.0841 -5084.4575  0.42%  64.0 1177s
 427952 78481     cutoff   39      -5063.0841 -5084.3563  0.42%  64.0 1182s
 429481 78608 -5064.6652   45  164 -5063.0841 -5084.2715  0.42%  64.1 1186s
 431076 78762 -5065.3311   35  205 -5063.0841 -5084.1797  0.42%  64.1 1190s
 434078 78979     cutoff   37      -5063.0841 -5084.0033  0.41%  64.2 1201s
 434284 79116     cutoff   32      -5063.0841 -5083.9719  0.41%  64.2 1205s
 435732 79214 -5070.4265   38  228 -5063.0841 -5083.8893  0.41%  64.2 1210s
 438854 79537 -5075.2284   31  191 -5063.0841 -5083.7069  0.41%  64.3 1218s
 440444 79750 -5068.4802   38  104 -5063.0841 -5083.6012  0.41%  64.3 1223s
 442094 79873 -5064.5609   38  182 -5063.0841 -5083.5326  0.40%  64.3 1227s
 443742 80028     cutoff   40      -5063.0841 -5083.4235  0.40%  64.3 1231s
 445287 80166 -5072.4501   41  184 -5063.0841 -5083.3439  0.40%  64.4 1236s
 446936 80417 -5069.4585   41  209 -5063.0841 -5083.2473  0.40%  64.4 1240s
 450287 80755 -5063.9821   43  169 -5063.0841 -5083.0658  0.39%  64.4 1249s
 451828 80866 -5066.0154   48  165 -5063.0841 -5082.9974  0.39%  64.5 1253s
 453257 81121 -5076.1152   35  134 -5063.0841 -5082.9185  0.39%  64.5 1258s
 455018 81264     cutoff   37      -5063.0841 -5082.8488  0.39%  64.5 1262s
*455486 64720              53    -5066.626043 -5082.8363  0.32%  64.5 1262s
 456658 64662     cutoff   32      -5066.6260 -5082.7518  0.32%  64.5 1266s
 458172 64683 -5070.6524   36  241 -5066.6260 -5082.6416  0.32%  64.5 1271s
 460033 64683 -5077.9647   34  214 -5066.6260 -5082.5305  0.31%  64.6 1276s
 461190 64684 infeasible   34      -5066.6260 -5082.4330  0.31%  64.6 1280s
H463840 57507                    -5068.082493 -5082.3159  0.28%  64.6 1284s
 464603 57453 -5077.7589   32  141 -5068.0825 -5082.2089  0.28%  64.6 1289s
 466454 57274     cutoff   42      -5068.0825 -5082.0888  0.28%  64.6 1294s
 468221 57193 -5076.2379   34  192 -5068.0825 -5081.9381  0.27%  64.6 1299s
 470170 57086 -5074.7005   36  164 -5068.0825 -5081.8098  0.27%  64.7 1304s
 471924 56945     cutoff   39      -5068.0825 -5081.6572  0.27%  64.7 1308s
 473835 56810     cutoff   34      -5068.0825 -5081.5090  0.26%  64.7 1313s
 475641 56694     cutoff   31      -5068.0825 -5081.3986  0.26%  64.7 1317s
 477608 56536 -5077.1214   36  140 -5068.0825 -5081.2826  0.26%  64.7 1322s
 479467 56417     cutoff   36      -5068.0825 -5081.1256  0.26%  64.7 1327s
 481299 56294     cutoff   48      -5068.0825 -5081.0095  0.26%  64.7 1331s
 483180 56147     cutoff   37      -5068.0825 -5080.8957  0.25%  64.7 1336s
 485015 55990 -5070.6006   37   85 -5068.0825 -5080.7402  0.25%  64.7 1340s
 488046 55769     cutoff   34      -5068.0825 -5080.6022  0.25%  64.7 1345s
 490468 55354     cutoff   31      -5068.0825 -5080.3613  0.24%  64.7 1353s
 492265 55153 -5073.5590   32  169 -5068.0825 -5080.2195  0.24%  64.7 1358s
 493992 54958     cutoff   40      -5068.0825 -5080.1292  0.24%  64.7 1362s
 495813 54812 -5072.2200   39    - -5068.0825 -5079.9978  0.24%  64.7 1367s
 497504 54641 -5069.0645   44  218 -5068.0825 -5079.9068  0.23%  64.7 1371s
 499443 54495 -5070.5559   37  151 -5068.0825 -5079.7713  0.23%  64.7 1376s
 501032 54267 -5071.2391   39  314 -5068.0825 -5079.7003  0.23%  64.7 1381s
 502891 54019 -5074.3778   59  120 -5068.0825 -5079.5730  0.23%  64.7 1385s
 504660 53790     cutoff   33      -5068.0825 -5079.4625  0.22%  64.8 1390s
 508455 53320     cutoff   42      -5068.0825 -5079.2049  0.22%  64.7 1398s
 510225 52999 -5074.0595   36  241 -5068.0825 -5079.0783  0.22%  64.8 1403s
 512059 52735 -5073.5305   45  205 -5068.0825 -5078.9561  0.21%  64.8 1407s
 513851 52489 -5070.4553   35  186 -5068.0825 -5078.8479  0.21%  64.7 1412s
 515762 52262     cutoff   46      -5068.0825 -5078.7271  0.21%  64.7 1416s
 517531 51962     cutoff   28      -5068.0825 -5078.6232  0.21%  64.7 1421s
 519506 51658 -5068.2608   42  195 -5068.0825 -5078.5115  0.21%  64.7 1425s
 523148 51080     cutoff   39      -5068.0825 -5078.2731  0.20%  64.7 1434s
 524977 50783     cutoff   36      -5068.0825 -5078.1642  0.20%  64.7 1438s
H526209 50783                    -5068.082494 -5078.1399  0.20%  64.7 1438s
 526458 50468 -5074.2251   39  166 -5068.0825 -5078.0553  0.20%  64.7 1443s
 528149 50145 -5073.3607   43  138 -5068.0825 -5077.9710  0.20%  64.7 1448s
 530067 49716 -5075.2530   38  289 -5068.0825 -5077.8401  0.19%  64.7 1452s
 531926 49295 -5073.3926   39  249 -5068.0825 -5077.6955  0.19%  64.7 1457s
 533805 48964 -5070.2096   48  186 -5068.0825 -5077.5843  0.19%  64.7 1461s
 535526 48570     cutoff   43      -5068.0825 -5077.4778  0.19%  64.7 1466s
 537497 48120 infeasible   44      -5068.0825 -5077.3651  0.18%  64.7 1471s
 539590 47618     cutoff   60      -5068.0825 -5077.2135  0.18%  64.7 1476s
 541601 47120 -5071.1421   37  257 -5068.0825 -5077.0904  0.18%  64.7 1480s
 543543 46636 -5071.5945   39  158 -5068.0825 -5076.9487  0.17%  64.7 1485s
 545752 46147     cutoff   39      -5068.0825 -5076.8054  0.17%  64.6 1490s
 547972 45591 -5073.4507   29  188 -5068.0825 -5076.6735  0.17%  64.6 1495s
 549930 45075 -5068.9836   42  109 -5068.0825 -5076.5468  0.17%  64.6 1500s
 552115 44567 -5072.6395   39  198 -5068.0825 -5076.4216  0.16%  64.6 1505s
 556305 43263 -5070.2364   43   59 -5068.0825 -5076.1539  0.16%  64.6 1514s
 558593 42562     cutoff   43      -5068.0825 -5076.0133  0.16%  64.5 1519s
 560948 41851     cutoff   34      -5068.0825 -5075.8547  0.15%  64.5 1524s
 563241 41080 -5071.1884   38  205 -5068.0825 -5075.7107  0.15%  64.5 1529s
 565510 40275     cutoff   34      -5068.0825 -5075.5273  0.15%  64.4 1535s
 567843 39470     cutoff   42      -5068.0825 -5075.3680  0.14%  64.4 1540s
 570301 38586     cutoff   38      -5068.0825 -5075.2122  0.14%  64.4 1545s
 572725 37596     cutoff   44      -5068.0825 -5075.0533  0.14%  64.4 1551s
 575202 36619     cutoff   37      -5068.0825 -5074.8452  0.13%  64.3 1556s
 577767 35729     cutoff   46      -5068.0825 -5074.6465  0.13%  64.3 1562s
H577771 35729                    -5068.082502 -5074.6465  0.13%  64.3 1562s
 579832 34500     cutoff   38      -5068.0825 -5074.5493  0.13%  64.3 1568s
 582765 33236     cutoff   41      -5068.0825 -5074.2806  0.12%  64.2 1574s
 585672 31813 -5070.9689   31  195 -5068.0825 -5074.0300  0.12%  64.1 1580s
H586607 31813                    -5068.082520 -5074.0230  0.12%  64.1 1580s
 588655 30179 -5070.2799   47   91 -5068.0825 -5073.7828  0.11%  64.1 1587s
 591866 28410 -5072.2384   35  270 -5068.0825 -5073.5254  0.11%  64.0 1594s
 595142 26316     cutoff   34      -5068.0825 -5073.2171  0.10%  64.0 1602s
 598739 23886 -5071.8941   44  151 -5068.0825 -5072.8626  0.09%  63.9 1609s
 602576 21214     cutoff   41      -5068.0825 -5072.4137  0.09%  63.7 1616s
 606632 18288     cutoff   34      -5068.0825 -5072.0326  0.08%  63.6 1624s
H609733 18288                    -5068.082522 -5071.9872  0.08%  63.5 1624s
 610770 15031     cutoff   43      -5068.0825 -5071.5253  0.07%  63.5 1632s
 614922 11418     cutoff   38      -5068.0825 -5070.9555  0.06%  63.3 1639s
 619220  7446     cutoff   37      -5068.0825 -5070.2992  0.04%  63.1 1646s
 623509  3079     cutoff   43      -5068.0825 -5069.5523  0.03%  62.8 1652s
 628002     0     cutoff   37      -5068.0825 -5068.6772  0.01%  62.5 1655s

Cutting planes:
  Gomory: 22
  Cover: 145
  Implied bound: 12
  Clique: 1
  Flow cover: 92
  Inf proof: 454
  Zero half: 66
  RLT: 112
  Lazy constraints: 2629

Explored 631091 nodes (39279471 simplex iterations) in 1655.99 seconds
Thread count was 12 (of 12 available processors)

Solution count 10: -5068.08 -5066.63 -5063.08 ... -5053.41
No other solutions better than -5068.08

Optimal solution found (tolerance 1.00e-04)
Best objective -5.068082522406e+03, best bound -5.068082522406e+03, gap 0.0000%

User-callback calls 1307991, time in user-callback 7.49 sec
