/projects/academic/josewalt/sriavoba/python
Using license file /util/academic/gurobi/licenses/gurobi.lic
Set parameter TokenServer to value srv-m14-36.cbls.ccr.buffalo.edu
Set parameter TSPort to value 46325
Changed value of parameter lazyConstraints to 1
   Prev: 0  Min: 0  Max: 1  Default: 0
Changed value of parameter TimeLimit to 21600.0
   Prev: inf  Min: 0.0  Max: inf  Default: inf
Gurobi Optimizer version 9.1.1 build v9.1.1rc0 (linux64)
Thread count: 12 physical cores, 12 logical processors, using up to 12 threads
Optimize a model with 4287 rows, 5481 columns and 20733 nonzeros
Model fingerprint: 0x1ad01498
Variable types: 781 continuous, 4700 integer (4530 binary)
Coefficient statistics:
  Matrix range     [1e+00, 8e+02]
  Objective range  [1e+00, 1e+00]
  Bounds range     [1e+00, 1e+02]
  RHS range        [1e+00, 8e+02]
Presolve removed 478 rows and 175 columns
Presolve time: 0.04s
Presolved: 3809 rows, 5306 columns, 19488 nonzeros
Variable types: 704 continuous, 4602 integer (4432 binary)

Root relaxation: objective -5.486099e+03, 2110 iterations, 0.11 seconds

    Nodes    |    Current Node    |     Objective Bounds      |     Work
 Expl Unexpl |  Obj  Depth IntInf | Incumbent    BestBd   Gap | It/Node Time

     0     0 -5486.0995    0  348          - -5486.0995      -     -    0s
     0     0 -5449.2623    0  577          - -5449.2623      -     -    0s
     0     0 -5412.6975    0  668          - -5412.6975      -     -    0s
     0     0 -5409.9736    0  645          - -5409.9736      -     -    1s
     0     0 -5409.4043    0  645          - -5409.4043      -     -    1s
     0     0 -5409.4043    0  387          - -5409.4043      -     -    1s
     0     2 -5409.4043    0  387          - -5409.4043      -     -    1s
   528   543 -4966.9995   40   70          - -5379.4439      -  69.9    5s
  2176  2064 -5213.8925   44  458          - -5368.3008      -  34.1   10s
  3174  2840 -5196.9278   54  138          - -5355.0967      -  36.9   15s
* 8057  3851             214    -4705.507876 -5355.0967  13.8%  20.2   16s
H 8167  3685                    -4727.714979 -5342.2310  13.0%  20.1   17s
H 8238  3677                    -4729.886952 -5342.2310  12.9%  20.0   17s
H 8264  3540                    -4756.912418 -5342.2310  12.3%  19.9   17s
H 8469  3258                    -4848.369727 -5342.2310  10.2%  19.8   18s
H 8641  3448                    -4853.698461 -5342.2310  10.1%  19.7   18s
H 8655  3414                    -4861.932925 -5342.2310  9.88%  19.7   18s
H 8894  3478                    -4877.051131 -5342.2310  9.54%  19.5   19s
  9964  4459 -5172.2334   67   73 -4877.0511 -5341.8430  9.53%  19.3   20s
*12113  6056             136    -4884.044018 -5339.4996  9.33%  18.6   22s
*13035  3477             107    -5144.165983 -5337.1718  3.75%  18.4   23s
*13355  3330             106    -5147.676325 -5335.9180  3.66%  18.4   23s
H13742  3351                    -5165.013758 -5335.4823  3.30%  18.6   24s
 14317  3910 -5314.2953   31  257 -5165.0138 -5335.2371  3.30%  18.9   25s
H16603  5535                    -5165.759618 -5333.7537  3.25%  19.6   27s
H16671  5103                    -5184.091351 -5333.7537  2.89%  19.6   27s
 19063  6827 -5299.3597   33  262 -5184.0914 -5331.6025  2.85%  20.4   30s
H21328  7908                    -5192.244645 -5330.8518  2.67%  21.2   33s
H21438  7841                    -5193.667465 -5330.8518  2.64%  21.3   33s
 22197  8573 -5215.8754   63   73 -5193.6675 -5330.4161  2.63%  21.6   35s
H23052  8681                    -5194.595884 -5330.0618  2.61%  21.6   35s
H23262  8488                    -5197.752327 -5330.0618  2.55%  21.7   35s
H25382 10127                    -5198.680746 -5329.0128  2.51%  22.5   39s
H25505  9852                    -5202.819280 -5328.9401  2.42%  22.5   39s
 25822 10273     cutoff   74      -5202.8193 -5328.8128  2.42%  22.6   40s
 30979 13576 -5243.7274   56  111 -5202.8193 -5325.8651  2.36%  23.8   45s
 35196 16049 -5271.6873   34  149 -5202.8193 -5323.8307  2.33%  24.6   50s
 39324 17760 -5282.3182   42   71 -5202.8193 -5322.4111  2.30%  25.0   55s
H39327 15942                    -5215.329686 -5322.4111  2.05%  25.0   55s
 43301 18506 -5301.5269   32  199 -5215.3297 -5319.8912  2.00%  25.8   60s
 47279 20454 -5295.6382   33  246 -5215.3297 -5317.6101  1.96%  26.4   65s
 52244 22750 -5264.7973   36  123 -5215.3297 -5314.8508  1.91%  27.2   71s
 56440 24731 -5226.7007   55   76 -5215.3297 -5313.1104  1.87%  27.8   75s
 60638 26780 -5223.9282   40   61 -5215.3297 -5310.9359  1.83%  28.3   80s
 66218 29316     cutoff   47      -5215.3297 -5308.7635  1.79%  28.8   86s
 70431 31340 -5219.6533   48   28 -5215.3297 -5307.2434  1.76%  29.2   91s
 73822 32991 -5294.5652   30  192 -5215.3297 -5306.1070  1.74%  29.4   95s
 78539 35012 -5218.8233   38  201 -5215.3297 -5304.8046  1.72%  29.7  100s
 82775 36842 -5273.7802   45   20 -5215.3297 -5303.8336  1.70%  30.1  105s
 87419 38967     cutoff   41      -5215.3297 -5302.7944  1.68%  30.3  111s
 90722 40010 -5272.6512   34  214 -5215.3297 -5301.9914  1.66%  30.6  117s
H90732 38783                    -5219.346005 -5301.9914  1.58%  30.6  117s
H91409 30444                    -5234.752963 -5301.9157  1.28%  30.6  119s
 91893 30575     cutoff   35      -5234.7530 -5301.7447  1.28%  30.6  120s
H91894 30575                    -5234.752975 -5301.7447  1.28%  30.6  120s
 96161 31959 -5270.3725   29  165 -5234.7530 -5300.4932  1.26%  30.9  125s
 99381 33098 -5250.9534   35  194 -5234.7530 -5299.6487  1.24%  31.1  130s
 104149 34769 -5270.6729   37  112 -5234.7530 -5298.3463  1.21%  31.4  135s
 109018 36433 -5256.8593   45  132 -5234.7530 -5297.1781  1.19%  31.6  141s
 112915 37657 -5239.3696   68   53 -5234.7530 -5296.4270  1.18%  31.8  145s
 118041 39465     cutoff   39      -5234.7530 -5295.3614  1.16%  31.9  151s
 122037 40881     cutoff   43      -5234.7530 -5294.7169  1.15%  32.0  155s
 126076 42298 -5254.5201   64   74 -5234.7530 -5293.9649  1.13%  32.1  160s
 131610 44121 -5246.8911   40   66 -5234.7530 -5293.1845  1.12%  32.2  166s
 135491 45447 -5287.2306   45  100 -5234.7530 -5292.5981  1.11%  32.3  170s
 139407 46933 -5244.5948   47  103 -5234.7530 -5292.0524  1.09%  32.4  175s
 144565 48587 -5251.6891   37  150 -5234.7530 -5291.3615  1.08%  32.4  181s
 148298 50098 -5252.9118   35  283 -5234.7530 -5290.7860  1.07%  32.6  185s
 152240 51422 -5257.6739   34  130 -5234.7530 -5290.3439  1.06%  32.7  190s
 157512 52998 -5265.4665   31  213 -5234.7530 -5289.5564  1.05%  32.8  196s
 161655 54349     cutoff   32      -5234.7530 -5289.0783  1.04%  32.8  200s
 165603 55802     cutoff   56      -5234.7530 -5288.6531  1.03%  32.9  205s
 169866 57264     cutoff   42      -5234.7530 -5288.2529  1.02%  32.9  210s
 174159 58665 -5267.7984   35  204 -5234.7530 -5287.7521  1.01%  33.0  215s
 179786 60449 -5255.6409   33  127 -5234.7530 -5287.1744  1.00%  33.0  221s
 184146 61844     cutoff   43      -5234.7530 -5286.6123  0.99%  33.1  226s
 188403 63426 -5278.5274   37  196 -5234.7530 -5286.1925  0.98%  33.1  231s
 192953 65057     cutoff   43      -5234.7530 -5285.7689  0.97%  33.1  236s
 197371 66533 -5280.1412   41  127 -5234.7530 -5285.3251  0.97%  33.2  241s
 200196 67476 -5258.8959   49  117 -5234.7530 -5285.0739  0.96%  33.2  245s
 204591 68850 -5235.8830   35  208 -5234.7530 -5284.6839  0.95%  33.3  250s
 208820 70640 -5271.7254   41  144 -5234.7530 -5284.3032  0.95%  33.3  255s
 213536 72419 -5272.3008   55   86 -5234.7530 -5283.9928  0.94%  33.3  260s
*217083 69358              80    -5238.581911 -5283.7547  0.86%  33.3  264s
 218189 69457 -5245.0381   37  233 -5238.5819 -5283.6339  0.86%  33.3  268s
 218833 69853 -5244.9613   40  193 -5238.5819 -5283.5569  0.86%  33.3  270s
 223364 71240 -5244.9905   52  127 -5238.5819 -5283.1649  0.85%  33.4  275s
 228104 72676 -5250.6804   34  189 -5238.5819 -5282.7519  0.84%  33.4  280s
 232700 73962 -5243.9439   43  176 -5238.5819 -5282.3719  0.84%  33.4  285s
 237492 75448 -5249.5249   32  211 -5238.5819 -5282.0487  0.83%  33.5  290s
 242432 76973 -5247.8934   38  243 -5238.5819 -5281.6970  0.82%  33.5  296s
 245723 77848     cutoff   35      -5238.5819 -5281.4750  0.82%  33.5  301s
 248493 78843 -5250.4885   41  147 -5238.5819 -5281.2736  0.81%  33.5  305s
 253368 80349 -5239.5719   35  302 -5238.5819 -5280.9460  0.81%  33.6  310s
 258611 81663 -5259.1421   43  161 -5238.5819 -5280.6111  0.80%  33.6  316s
 263772 83267 infeasible   44      -5238.5819 -5280.3009  0.80%  33.6  321s
 266960 84216     cutoff   40      -5238.5819 -5280.0819  0.79%  33.6  325s
 272416 85875 -5245.7979   35  211 -5238.5819 -5279.7335  0.79%  33.6  330s
 277877 87541 -5261.6249   41  140 -5238.5819 -5279.3721  0.78%  33.6  336s
H281285 88096                    -5238.581914 -5279.2390  0.78%  33.6  338s
 281463 88541     cutoff   64      -5238.5819 -5279.1494  0.77%  33.6  340s
 286347 89941 -5273.3153   46   97 -5238.5819 -5278.8410  0.77%  33.7  346s
H287064 89941                    -5238.581921 -5278.8330  0.77%  33.7  346s
 289783 90915 -5250.4551   47  148 -5238.5819 -5278.6321  0.76%  33.7  350s
H293633 91771                    -5238.581924 -5278.4603  0.76%  33.7  354s
 294947 92266 -5265.8677   33  203 -5238.5819 -5278.3652  0.76%  33.7  356s
 300430 93797 -5250.5169   50   42 -5238.5819 -5278.0367  0.75%  33.7  361s
 304239 94730 -5258.8594   42   91 -5238.5819 -5277.8470  0.75%  33.7  365s
 307854 95559 -5241.9441   51   31 -5238.5819 -5277.6418  0.75%  33.7  370s
 312448 97181 -5271.7247   40  168 -5238.5819 -5277.4055  0.74%  33.7  375s
 318161 98760 -5269.8876   51   82 -5238.5819 -5277.1257  0.74%  33.7  381s
 321771 99761 -5242.3218   41  184 -5238.5819 -5276.9446  0.73%  33.7  385s
 327265 101367     cutoff   38      -5238.5819 -5276.7218  0.73%  33.7  391s
 332844 103111 -5270.9979   40  174 -5238.5819 -5276.4569  0.72%  33.7  396s
 336443 103940 -5255.4239   47  154 -5238.5819 -5276.2742  0.72%  33.7  400s
 341526 105430 -5240.7186   40  231 -5238.5819 -5276.0365  0.71%  33.8  406s
H343437 103639                    -5239.931259 -5275.9407  0.69%  33.8  408s
 345248 104063 -5252.2089   36  216 -5239.9313 -5275.8595  0.69%  33.8  411s
 350401 105242 -5249.9886   50  114 -5239.9313 -5275.6052  0.68%  33.8  416s
 353729 106102 -5239.9707   52   98 -5239.9313 -5275.4282  0.68%  33.8  420s
 359335 107541 -5241.1239   39  199 -5239.9313 -5275.1758  0.67%  33.8  426s
 362942 108434 -5247.9340   65   54 -5239.9313 -5275.0158  0.67%  33.8  430s
 368187 109596 -5243.5371   38  249 -5239.9313 -5274.7847  0.67%  33.8  436s
 371738 110542 -5257.7528   54  117 -5239.9313 -5274.6298  0.66%  33.8  440s
 377127 111734 -5247.7789   42  147 -5239.9313 -5274.3917  0.66%  33.8  446s
 380743 112578 -5249.3526   46  151 -5239.9313 -5274.2309  0.65%  33.8  450s
 386113 113811 -5246.3481   54  117 -5239.9313 -5274.0317  0.65%  33.8  456s
 389735 114532 -5252.4958   41  157 -5239.9313 -5273.8852  0.65%  33.8  460s
 394820 115920 -5262.7656   64   50 -5239.9313 -5273.6595  0.64%  33.8  466s
 398369 116737 -5256.2915   33  256 -5239.9313 -5273.5036  0.64%  33.8  470s
 403463 117905 -5252.6692   41  150 -5239.9313 -5273.3005  0.64%  33.8  476s
 407039 118665 -5262.0895   41  101 -5239.9313 -5273.1526  0.63%  33.8  480s
 412336 119843 -5242.9620   46  144 -5239.9313 -5272.9558  0.63%  33.8  486s
 415828 120680 -5244.1965   50  110 -5239.9313 -5272.8490  0.63%  33.8  490s
 421229 121828 -5262.3772   40  165 -5239.9313 -5272.6173  0.62%  33.8  496s
 424795 122524 -5241.1748   58   56 -5239.9313 -5272.4851  0.62%  33.8  500s
 429784 123535 -5265.0089   37  175 -5239.9313 -5272.2948  0.62%  33.9  506s
 433383 124316     cutoff   47      -5239.9313 -5272.1783  0.62%  33.9  510s
 437297 125176 -5243.8721   46   64 -5239.9313 -5272.0293  0.61%  33.9  516s
 440718 125694 -5260.5156   42   43 -5239.9313 -5271.8941  0.61%  33.9  520s
 445834 126649 infeasible   42      -5239.9313 -5271.6778  0.61%  33.9  526s
 449292 127400 -5248.6151   52  167 -5239.9313 -5271.5451  0.60%  33.9  530s
 454811 128466 -5256.6141   41  142 -5239.9313 -5271.3613  0.60%  33.9  536s
 458169 129178 -5241.1672   44  162 -5239.9313 -5271.2381  0.60%  33.9  540s
 463411 130199     cutoff   58      -5239.9313 -5271.0218  0.59%  33.9  545s
 468497 131174 -5248.6361   40   76 -5239.9313 -5270.8601  0.59%  33.9  551s
 471960 131741     cutoff   39      -5239.9313 -5270.7348  0.59%  33.9  555s
 477477 132744     cutoff   50      -5239.9313 -5270.5377  0.58%  33.9  561s
 481174 133455 -5256.3650   46   70 -5239.9313 -5270.4103  0.58%  33.9  565s
 486178 134373 -5240.6266   64   59 -5239.9313 -5270.2495  0.58%  33.9  571s
 489730 135057 -5250.6062   63   38 -5239.9313 -5270.1421  0.58%  33.9  575s
 495205 135871 -5247.5708   58   46 -5239.9313 -5269.9363  0.57%  33.9  581s
 496982 135934 -5243.7502   51  111 -5239.9313 -5269.8727  0.57%  33.9  585s
 500879 136933 -5255.1623   42  172 -5239.9313 -5269.7385  0.57%  33.9  591s
 504525 137536     cutoff   55      -5239.9313 -5269.6316  0.57%  33.9  595s
 509900 138494     cutoff   41      -5239.9313 -5269.4522  0.56%  33.9  601s
 513620 139206 -5256.6294   53   48 -5239.9313 -5269.3372  0.56%  33.9  605s
 518806 140120 -5245.7958   49   80 -5239.9313 -5269.1684  0.56%  33.9  611s
 524398 140957     cutoff   36      -5239.9313 -5268.9866  0.55%  33.9  616s
 527994 141596 -5248.3789   54  138 -5239.9313 -5268.8706  0.55%  33.9  620s
 533375 142441 -5250.7099   45   63 -5239.9313 -5268.6933  0.55%  33.9  626s
 536900 143029     cutoff   71      -5239.9313 -5268.5716  0.55%  33.9  630s
 542020 143845     cutoff   50      -5239.9313 -5268.4121  0.54%  34.0  636s
 545541 144351     cutoff   36      -5239.9313 -5268.3027  0.54%  34.0  640s
 550914 145195 -5244.4682   49  103 -5239.9313 -5268.1445  0.54%  34.0  646s
 554540 145675 -5252.7489   50  130 -5239.9313 -5268.0370  0.54%  34.0  650s
 559955 146314 infeasible   57      -5239.9313 -5267.8850  0.53%  34.0  656s
 563305 146782     cutoff   57      -5239.9313 -5267.7762  0.53%  34.0  660s
 568831 147629     cutoff   44      -5239.9313 -5267.6235  0.53%  34.0  666s
 573809 148211     cutoff   47      -5239.9313 -5267.5053  0.53%  34.0  671s
 577336 148625 -5243.0704   36  115 -5239.9313 -5267.3680  0.52%  34.0  675s
 582599 149392 -5255.7450   42  151 -5239.9313 -5267.2272  0.52%  34.0  681s
 584756 149608 -5254.6054   43  195 -5239.9313 -5267.1852  0.52%  34.0  685s
 589855 150184 -5249.5650   45   75 -5239.9313 -5267.0244  0.52%  34.0  691s
 593513 150743 -5254.2069   45  130 -5239.9313 -5266.9232  0.52%  34.0  695s
 598923 151295 -5244.4702   47   89 -5239.9313 -5266.7848  0.51%  34.0  701s
 602454 151772 -5241.3937   55   86 -5239.9313 -5266.6803  0.51%  34.0  705s
 607744 152465     cutoff   48      -5239.9313 -5266.5523  0.51%  34.0  710s
 612957 153046 -5243.5951   51   41 -5239.9313 -5266.4113  0.51%  34.0  716s
 616592 153470     cutoff   39      -5239.9313 -5266.3201  0.50%  34.0  720s
 622016 154168 -5257.8195   49  175 -5239.9313 -5266.1769  0.50%  34.0  726s
 625478 154519     cutoff   43      -5239.9313 -5266.0649  0.50%  34.0  730s
 631096 155118 -5241.3898   44  123 -5239.9313 -5265.9118  0.50%  34.0  736s
 634660 155493     cutoff   50      -5239.9313 -5265.8121  0.49%  34.0  740s
 639889 156129 -5243.5563   49  120 -5239.9313 -5265.6746  0.49%  34.0  746s
 645235 156681     cutoff   50      -5239.9313 -5265.5337  0.49%  34.0  751s
 648610 157067 -5253.5109   43  118 -5239.9313 -5265.4340  0.49%  34.0  755s
 653919 157544 -5252.7387   45   62 -5239.9313 -5265.2925  0.48%  34.0  761s
 657479 157948 -5245.8032   51   12 -5239.9313 -5265.2044  0.48%  34.1  765s
 662716 158549 infeasible   47      -5239.9313 -5265.0672  0.48%  34.0  771s
 666335 158873 -5244.9234   51  114 -5239.9313 -5264.9672  0.48%  34.0  775s
 671844 159397 -5242.3198   51   99 -5239.9313 -5264.8176  0.47%  34.0  781s
 675221 159637 -5251.1847   32  248 -5239.9313 -5264.7297  0.47%  34.0  785s
 680266 160053 -5245.8056   42  167 -5239.9313 -5264.5842  0.47%  34.1  791s
 683837 160267     cutoff   51      -5239.9313 -5264.4879  0.47%  34.1  795s
 688873 160664     cutoff   45      -5239.9313 -5264.3387  0.47%  34.1  801s
 692167 160986 -5242.0087   42  202 -5239.9313 -5264.2530  0.46%  34.1  805s
 697261 161370 -5241.7404   53  100 -5239.9313 -5264.1253  0.46%  34.1  811s
 700825 161566 -5252.2004   43  180 -5239.9313 -5264.0303  0.46%  34.1  815s
 705956 161921 -5244.4990   40  124 -5239.9313 -5263.8943  0.46%  34.1  821s
 709257 162205 -5246.6650   36  191 -5239.9313 -5263.8133  0.46%  34.1  825s
 714497 162485     cutoff   43      -5239.9313 -5263.6883  0.45%  34.1  831s
 719826 162827     cutoff   60      -5239.9313 -5263.5501  0.45%  34.1  836s
 723217 163012 infeasible   66      -5239.9313 -5263.4763  0.45%  34.1  840s
 728097 163399 -5249.9806   44  222 -5239.9313 -5263.3595  0.45%  34.1  846s
 731454 163669     cutoff   50      -5239.9313 -5263.2752  0.45%  34.1  850s
 736558 163967 -5241.3541   45  111 -5239.9313 -5263.1508  0.44%  34.1  856s
 740199 164190 -5245.3193   45  102 -5239.9313 -5263.0561  0.44%  34.1  860s
 745136 164548 -5244.6429   47  135 -5239.9313 -5262.9353  0.44%  34.1  866s
 747272 164661 -5241.2949   53   90 -5239.9313 -5262.8924  0.44%  34.1  871s
 750859 164722     cutoff   35      -5239.9313 -5262.7973  0.44%  34.1  875s
 755687 164907     cutoff   53      -5239.9313 -5262.6663  0.43%  34.1  881s
 759165 164944     cutoff   50      -5239.9313 -5262.5812  0.43%  34.2  885s
 764639 165101     cutoff   44      -5239.9313 -5262.4294  0.43%  34.2  891s
 767859 165273     cutoff   46      -5239.9313 -5262.3526  0.43%  34.2  895s
 773061 165523 -5250.7603   39  150 -5239.9313 -5262.2385  0.43%  34.2  901s
 776385 165619 -5250.4038   57   94 -5239.9313 -5262.1580  0.42%  34.2  905s
 781585 165771     cutoff   47      -5239.9313 -5262.0223  0.42%  34.2  910s
 785979 166017 -5248.4257   37  243 -5239.9313 -5261.9201  0.42%  34.2  916s
 789467 166186 -5251.2608   65   17 -5239.9313 -5261.8359  0.42%  34.2  920s
 794819 166397     cutoff   63      -5239.9313 -5261.7164  0.42%  34.2  926s
 798174 166463 -5243.0670   45  130 -5239.9313 -5261.6469  0.41%  34.2  930s
 803436 166572 -5243.5422   42   88 -5239.9313 -5261.5164  0.41%  34.2  936s
 807076 166661 -5245.2862   37   96 -5239.9313 -5261.4334  0.41%  34.2  940s
 812131 166839 -5251.3200   52  133 -5239.9313 -5261.3171  0.41%  34.2  945s
 817274 166909 -5247.2561   48  117 -5239.9313 -5261.2002  0.41%  34.2  951s
 820761 166994 -5247.8800   43  188 -5239.9313 -5261.1176  0.40%  34.2  955s
 826249 167126 -5252.2437   41  133 -5239.9313 -5260.9881  0.40%  34.2  961s
 829968 167216     cutoff   41      -5239.9313 -5260.9014  0.40%  34.2  965s
 835078 167342 -5257.6642   37  190 -5239.9313 -5260.7859  0.40%  34.2  971s
 840467 167227 -5240.9784   36  152 -5239.9313 -5260.6454  0.40%  34.2  977s
 843823 167244 -5246.5186   45  137 -5239.9313 -5260.5676  0.39%  34.2  981s
 847359 167252     cutoff   37      -5239.9313 -5260.4860  0.39%  34.2  985s
 852790 167442     cutoff   50      -5239.9313 -5260.3658  0.39%  34.2  990s
 856094 167432     cutoff   45      -5239.9313 -5260.2943  0.39%  34.2  995s
 861876 167368 -5245.1173   38  262 -5239.9313 -5260.1501  0.39%  34.2 1001s
 865710 167319     cutoff   42      -5239.9313 -5260.0769  0.38%  34.2 1005s
 871050 167276 -5253.3521   70  122 -5239.9313 -5259.9584  0.38%  34.2 1011s
 874063 167227     cutoff   49      -5239.9313 -5259.8967  0.38%  34.2 1016s
 878992 167233     cutoff   47      -5239.9313 -5259.7859  0.38%  34.2 1023s
 880133 167191 -5249.6525   41  105 -5239.9313 -5259.7816  0.38%  34.2 1028s
 884782 167267 -5252.2061   48  208 -5239.9313 -5259.6691  0.38%  34.2 1030s
 890683 167315     cutoff   47      -5239.9313 -5259.5530  0.37%  34.2 1036s
 894275 167237     cutoff   55      -5239.9313 -5259.4802  0.37%  34.2 1040s
 899897 167135     cutoff   47      -5239.9313 -5259.3548  0.37%  34.2 1046s
 903798 167086 -5252.3203   36  186 -5239.9313 -5259.2814  0.37%  34.2 1050s
 909230 167055     cutoff   47      -5239.9313 -5259.1609  0.37%  34.2 1056s
 913037 167076 -5253.1920   52   51 -5239.9313 -5259.0786  0.37%  34.2 1060s
 918651 167057 -5247.8229   51   53 -5239.9313 -5258.9730  0.36%  34.2 1066s
 922535 167032 -5249.9633   43  155 -5239.9313 -5258.8913  0.36%  34.2 1070s
 927888 166832     cutoff   53      -5239.9313 -5258.7873  0.36%  34.2 1076s
 931546 166714 -5243.3942   40  163 -5239.9313 -5258.6987  0.36%  34.2 1080s
 937158 166537     cutoff   56      -5239.9313 -5258.5737  0.36%  34.2 1086s
 939047 166539     cutoff   52      -5239.9313 -5258.5357  0.36%  34.2 1092s
 940912 166499     cutoff   39      -5239.9313 -5258.4947  0.35%  34.2 1096s
 946614 166368     cutoff   50      -5239.9313 -5258.3831  0.35%  34.2 1101s
 950324 166259 infeasible   48      -5239.9313 -5258.3123  0.35%  34.2 1105s
 955646 166088 -5245.5269   59   61 -5239.9313 -5258.2066  0.35%  34.1 1111s
 959411 165954     cutoff   36      -5239.9313 -5258.1299  0.35%  34.1 1115s
 964977 165791 -5242.2824   46  152 -5239.9313 -5258.0222  0.35%  34.1 1120s
 970412 165566 -5244.9938   31  324 -5239.9313 -5257.9090  0.34%  34.1 1126s
 976079 165461     cutoff   48      -5239.9313 -5257.8018  0.34%  34.1 1131s
 979744 165272     cutoff   47      -5239.9313 -5257.7240  0.34%  34.1 1135s
 985278 164962     cutoff   44      -5239.9313 -5257.6093  0.34%  34.1 1141s
 988534 164784     cutoff   43      -5239.9313 -5257.5438  0.34%  34.1 1145s
 994213 164457     cutoff   48      -5239.9313 -5257.4159  0.33%  34.1 1150s
 999717 164187 -5242.9613   37  188 -5239.9313 -5257.3012  0.33%  34.1 1156s
 1002962 163937 -5244.0786   57   54 -5239.9313 -5257.2337  0.33%  34.1 1160s
 1008612 163706 -5244.9461   51  119 -5239.9313 -5257.1205  0.33%  34.1 1166s
 1014199 163427 -5251.3324   43  102 -5239.9313 -5257.0105  0.33%  34.1 1171s
 1017574 163255 -5246.2774   53  134 -5239.9313 -5256.9431  0.32%  34.1 1175s
 1023142 162937     cutoff   52      -5239.9313 -5256.8448  0.32%  34.0 1181s
 1028588 162625     cutoff   59      -5239.9313 -5256.7289  0.32%  34.0 1186s
 1032090 162397     cutoff   48      -5239.9313 -5256.6688  0.32%  34.0 1190s
 1037683 161937 -5249.2256   49  134 -5239.9313 -5256.5524  0.32%  34.0 1196s
 1042996 161505     cutoff   52      -5239.9313 -5256.4417  0.32%  34.0 1201s
 1046494 161171 -5253.6098   46  190 -5239.9313 -5256.3727  0.31%  34.0 1205s
 1052091 160665 -5248.8878   39  295 -5239.9313 -5256.2607  0.31%  34.0 1211s
 1057474 160152 -5248.6404   44  156 -5239.9313 -5256.1512  0.31%  34.0 1216s
 1061232 159853     cutoff   53      -5239.9313 -5256.0762  0.31%  34.0 1220s
 1066894 159484 -5244.8823   45  163 -5239.9313 -5255.9711  0.31%  33.9 1225s
 1072072 159108     cutoff   44      -5239.9313 -5255.8712  0.30%  33.9 1231s
 1077677 158758     cutoff   59      -5239.9313 -5255.7782  0.30%  33.9 1236s
 1081207 158623     cutoff   59      -5239.9313 -5255.7059  0.30%  33.9 1241s
 1086225 158049     cutoff   62      -5239.9313 -5255.6205  0.30%  33.9 1246s
 1089977 157736     cutoff   63      -5239.9313 -5255.5416  0.30%  33.9 1250s
 1095453 157284 -5251.4920   59   31 -5239.9313 -5255.4398  0.30%  33.9 1255s
 1100999 156834 -5247.5769   48   98 -5239.9313 -5255.3334  0.29%  33.9 1261s
 1106415 156333     cutoff   44      -5239.9313 -5255.2284  0.29%  33.8 1266s
 1109679 155908 -5251.9836   54  145 -5239.9313 -5255.1656  0.29%  33.8 1270s
 1115155 155346 -5253.9134   49   83 -5239.9313 -5255.0526  0.29%  33.8 1275s
 1120884 154765 -5242.0578   58   82 -5239.9313 -5254.9458  0.29%  33.8 1281s
 1126180 154246 -5240.3655   60   22 -5239.9313 -5254.8472  0.28%  33.8 1286s
 1128027 154130     cutoff   47      -5239.9313 -5254.8159  0.28%  33.8 1292s
 1131285 153597 -5241.8946   52   61 -5239.9313 -5254.7482  0.28%  33.8 1296s
 1135550 153175 -5250.3072   49   87 -5239.9313 -5254.6740  0.28%  33.8 1300s
 1141392 152495 -5250.7950   56   81 -5239.9313 -5254.5551  0.28%  33.7 1306s
 1147313 151848 -5247.5328   42  135 -5239.9313 -5254.4521  0.28%  33.7 1311s
 1150949 151373     cutoff   61      -5239.9313 -5254.3786  0.28%  33.7 1315s
 1156470 150712 -5241.8414   60   53 -5239.9313 -5254.2683  0.27%  33.7 1320s
 1162091 150067 -5251.6875   43  113 -5239.9313 -5254.1556  0.27%  33.7 1326s
 1167743 149348     cutoff   46      -5239.9313 -5254.0525  0.27%  33.7 1331s
 1171610 148824 -5247.2228   67   72 -5239.9313 -5253.9808  0.27%  33.7 1335s
 1177188 147995     cutoff   43      -5239.9313 -5253.8751  0.27%  33.7 1340s
 1182759 147187 -5246.1785   46  101 -5239.9313 -5253.7683  0.26%  33.6 1346s
 1188555 146430 -5245.1514   58  169 -5239.9313 -5253.6591  0.26%  33.6 1351s
 1192338 145831 -5241.1727   41   92 -5239.9313 -5253.5844  0.26%  33.6 1355s
 1198117 145044 infeasible   61      -5239.9313 -5253.4769  0.26%  33.6 1360s
 1203696 144204 -5251.8399   53   38 -5239.9313 -5253.3676  0.26%  33.6 1366s
 1209470 143419 -5250.7492   57   95 -5239.9313 -5253.2640  0.25%  33.6 1371s
 1213351 142914     cutoff   56      -5239.9313 -5253.1974  0.25%  33.6 1375s
 1219123 141983     cutoff   43      -5239.9313 -5253.0928  0.25%  33.5 1380s
 1224751 141025 -5249.3185   58   84 -5239.9313 -5252.9877  0.25%  33.5 1385s
 1230038 140073     cutoff   60      -5239.9313 -5252.8821  0.25%  33.5 1390s
 1235892 139269 -5245.3217   44   88 -5239.9313 -5252.7859  0.25%  33.5 1396s
 1239780 138537     cutoff   55      -5239.9313 -5252.7134  0.24%  33.5 1400s
 1245716 137470     cutoff   42      -5239.9313 -5252.6000  0.24%  33.4 1405s
 1251530 136554 infeasible   49      -5239.9313 -5252.4855  0.24%  33.4 1410s
 1257391 135528 infeasible   67      -5239.9313 -5252.3852  0.24%  33.4 1415s
 1263000 134452     cutoff   55      -5239.9313 -5252.2780  0.24%  33.4 1421s
 1268992 133336     cutoff   64      -5239.9313 -5252.1587  0.23%  33.4 1426s
 1272717 132628     cutoff   53      -5239.9313 -5252.0917  0.23%  33.3 1430s
 1278612 131612 -5243.0579   57   93 -5239.9313 -5251.9825  0.23%  33.3 1435s
 1284373 130398 -5244.4376   56  145 -5239.9313 -5251.8717  0.23%  33.3 1440s
 1289991 129140 -5246.6381   52   77 -5239.9313 -5251.7646  0.23%  33.3 1445s
 1296209 127792 -5248.1875   51   73 -5239.9313 -5251.6377  0.22%  33.2 1451s
 1299957 127031     cutoff   58      -5239.9313 -5251.5744  0.22%  33.2 1455s
 1306156 125630     cutoff   54      -5239.9313 -5251.4463  0.22%  33.2 1460s
 1312387 124193     cutoff   46      -5239.9313 -5251.3279  0.22%  33.2 1466s
 1318642 122779     cutoff   46      -5239.9313 -5251.2046  0.22%  33.1 1471s
 1322860 121785     cutoff   47      -5239.9313 -5251.1256  0.21%  33.1 1475s
 1328890 120388 -5240.9252   34  191 -5239.9313 -5251.0080  0.21%  33.1 1480s
 1335026 118920 -5243.3141   59   28 -5239.9313 -5250.8930  0.21%  33.1 1486s
 1341038 117382 -5241.7072   46  128 -5239.9313 -5250.7746  0.21%  33.1 1491s
 1345373 116237 -5240.7340   38  151 -5239.9313 -5250.6864  0.21%  33.0 1495s
 1351806 114682     cutoff   60      -5239.9313 -5250.5574  0.20%  33.0 1500s
 1358304 112948     cutoff   49      -5239.9313 -5250.4233  0.20%  33.0 1506s
 1362737 111715 -5248.8183   65   44 -5239.9313 -5250.3362  0.20%  33.0 1510s
 1369775 109920 -5248.7344   45   26 -5239.9313 -5250.1890  0.20%  32.9 1516s
 1374273 108565     cutoff   55      -5239.9313 -5250.0867  0.19%  32.9 1520s
 1381361 106762     cutoff   47      -5239.9313 -5249.9409  0.19%  32.9 1526s
 1385751 105553     cutoff   58      -5239.9313 -5249.8540  0.19%  32.8 1530s
 1392704 103658 -5243.0179   51   89 -5239.9313 -5249.7048  0.19%  32.8 1536s
 1397336 102292     cutoff   41      -5239.9313 -5249.6079  0.18%  32.8 1540s
 1404325 100268     cutoff   46      -5239.9313 -5249.4649  0.18%  32.8 1546s
 1409228 98708 -5244.4969   55   73 -5239.9313 -5249.3649  0.18%  32.7 1550s
 1416754 96313 -5246.2081   40  151 -5239.9313 -5249.1909  0.18%  32.7 1556s
 1421578 94748     cutoff   57      -5239.9313 -5249.0873  0.17%  32.7 1560s
 1426632 93570     cutoff   44      -5239.9313 -5248.9598  0.17%  32.6 1567s
 1430713 91563 -5243.9711   44  135 -5239.9313 -5248.8697  0.17%  32.6 1572s
 1436342 89659 -5246.7043   54  108 -5239.9313 -5248.7462  0.17%  32.6 1576s
 1442325 87644 -5246.6999   60    4 -5239.9313 -5248.6028  0.17%  32.6 1581s
 1448306 85718     cutoff   58      -5239.9313 -5248.4637  0.16%  32.5 1586s
 1454077 83532 -5243.8526   58   95 -5239.9313 -5248.3449  0.16%  32.5 1591s
 1460220 81328     cutoff   66      -5239.9313 -5248.1806  0.16%  32.5 1596s
 1466175 79023     cutoff   47      -5239.9313 -5248.0267  0.15%  32.4 1600s
 1472122 76696     cutoff   62      -5239.9313 -5247.8709  0.15%  32.4 1605s
 1480805 73259     cutoff   45      -5239.9313 -5247.6440  0.15%  32.3 1612s
 1486793 70795     cutoff   50      -5239.9313 -5247.4728  0.14%  32.3 1616s
 1492685 68262     cutoff   43      -5239.9313 -5247.3063  0.14%  32.3 1621s
 1498634 65702     cutoff   62      -5239.9313 -5247.1256  0.14%  32.2 1625s
 1507772 61791     cutoff   69      -5239.9313 -5246.8758  0.13%  32.2 1632s
 1513919 58988     cutoff   53      -5239.9313 -5246.6779  0.13%  32.1 1636s
 1519941 56010     cutoff   60      -5239.9313 -5246.4935  0.13%  32.1 1641s
 1526434 52767     cutoff   38      -5239.9313 -5246.2805  0.12%  32.0 1646s
 1533178 49364 -5242.1761   68   69 -5239.9313 -5246.0403  0.12%  32.0 1650s
 1539510 46058     cutoff   66      -5239.9313 -5245.8116  0.11%  31.9 1655s
 1546387 42195     cutoff   54      -5239.9313 -5245.5573  0.11%  31.9 1660s
 1553409 38008     cutoff   49      -5239.9313 -5245.2986  0.10%  31.8 1665s
 1561935 32617     cutoff   38      -5239.9313 -5244.9049  0.09%  31.8 1671s
 1566655 29380 -5242.9808   48  153 -5239.9313 -5244.6846  0.09%  31.7 1675s
 1577168 21762     cutoff   59      -5239.9313 -5244.1027  0.08%  31.6 1682s
 1582860 17533     cutoff   51      -5239.9313 -5243.6614  0.07%  31.6 1686s
 1594121  9285     cutoff   66      -5239.9313 -5242.7239  0.05%  31.5 1692s
 1603334  1543     cutoff   57      -5239.9313 -5241.3279  0.03%  31.3 1696s

Cutting planes:
  Gomory: 11
  Cover: 159
  Flow cover: 33
  Inf proof: 540
  Zero half: 28
  RLT: 159
  Lazy constraints: 1247

Explored 1607356 nodes (50292221 simplex iterations) in 1696.74 seconds
Thread count was 12 (of 12 available processors)

Solution count 10: -5239.93 -5238.58 -5234.75 ... -5193.67

Optimal solution found (tolerance 1.00e-04)
Best objective -5.239931258737e+03, best bound -5.240433338751e+03, gap 0.0096%

User-callback calls 3253422, time in user-callback 8.57 sec
