/projects/academic/josewalt/sriavoba/python
Using license file /util/academic/gurobi/licenses/gurobi.lic
Set parameter TokenServer to value srv-m14-36.cbls.ccr.buffalo.edu
Set parameter TSPort to value 46325
Changed value of parameter lazyConstraints to 1
   Prev: 0  Min: 0  Max: 1  Default: 0
Changed value of parameter TimeLimit to 21600.0
   Prev: inf  Min: 0.0  Max: inf  Default: inf
Gurobi Optimizer version 9.1.1 build v9.1.1rc0 (linux64)
Thread count: 12 physical cores, 12 logical processors, using up to 12 threads
Optimize a model with 4424 rows, 5736 columns and 21637 nonzeros
Model fingerprint: 0xd0865098
Variable types: 806 continuous, 4930 integer (4755 binary)
Coefficient statistics:
  Matrix range     [1e+00, 4e+03]
  Objective range  [1e+00, 1e+00]
  Bounds range     [1e+00, 9e+01]
  RHS range        [1e+00, 4e+03]
Presolve removed 3238 rows and 1697 columns
Presolve time: 0.04s
Presolved: 1186 rows, 4039 columns, 12139 nonzeros
Variable types: 389 continuous, 3650 integer (3475 binary)

Root relaxation: objective -5.146648e+03, 1657 iterations, 0.05 seconds

    Nodes    |    Current Node    |     Objective Bounds      |     Work
 Expl Unexpl |  Obj  Depth IntInf | Incumbent    BestBd   Gap | It/Node Time

     0     0 -5146.6477    0  472          - -5146.6477      -     -    0s
     0     0 -5097.9898    0  530          - -5097.9898      -     -    0s
     0     0 -5075.8466    0  651          - -5075.8466      -     -    0s
     0     0 -5073.9225    0  661          - -5073.9225      -     -    0s
     0     0 -5073.8674    0  660          - -5073.8674      -     -    1s
     0     0 -5073.8674    0  396          - -5073.8674      -     -    1s
     0     2 -5073.8674    0  396          - -5073.8674      -     -    1s
   760   828 -5042.8713   36  394          - -5071.7619      -  72.3    5s
* 3283  3153             162    -4582.242193 -5070.4960  10.7%  32.6    7s
H 3349  3149                    -4605.439695 -5066.6047  10.0%  32.8    7s
  3463  3180 -4970.6783   59  384 -4605.4397 -5053.9775  9.74%  33.4   10s
H 3466  3022                    -4622.723839 -5053.9775  9.33%  33.4   11s
  3470  3029 -5053.9775   14  466 -4622.7238 -5053.9775  9.33%  35.9   15s
H 3504  2899                    -4639.025774 -5052.6280  8.92%  37.6   16s
H 3550  2792                    -4704.242384 -5052.6280  7.41%  38.5   18s
H 3579  2678                    -4707.348264 -5052.6280  7.33%  38.9   19s
H 3583  2548                    -4744.094510 -5052.6280  6.50%  38.9   19s
  3592  2557 -5039.8373   21  132 -4744.0945 -5052.6280  6.50%  38.9   20s
H 3634  2461                    -4747.200390 -5052.6280  6.43%  39.1   21s
H 3638  2342                    -4766.492569 -5052.6280  6.00%  39.2   21s
H 4704  2902                    -4768.888718 -5052.6280  5.95%  38.0   23s
  4908  2974 -4930.8837   68   76 -4768.8887 -5052.6280  5.95%  37.5   25s
* 5881  3366              99    -4791.531457 -5052.6280  5.45%  35.2   26s
H 6328  2837                    -4872.712245 -5052.6280  3.69%  34.5   28s
  7216  3406 -5001.5864   27  140 -4872.7122 -5051.9187  3.68%  34.0   30s
  7870  3618 -4982.7812   35  140 -4872.7122 -5051.9187  3.68%  33.3   37s
  9263  4561     cutoff   95      -4872.7122 -5044.5628  3.53%  32.1   40s
 12760  7220 -4951.9462   86   58 -4872.7122 -5043.4998  3.50%  31.3   45s
 15799  9919 -4981.4765   32  272 -4872.7122 -5039.5998  3.42%  31.7   50s
 19319 12987 -5000.4148   42   16 -4872.7122 -5038.6213  3.40%  31.3   55s
 21869 15456 -4912.3747   66   16 -4872.7122 -5037.5583  3.38%  31.4   60s
*25251 17538              72    -4873.795418 -5036.3843  3.34%  31.1   64s
 26139 18565 -4952.7190   54   43 -4873.7954 -5036.1405  3.33%  31.0   66s
*26560 18566              94    -4873.877775 -5036.0692  3.33%  30.8   66s
 29473 21533     cutoff   95      -4873.8778 -5035.4069  3.31%  30.6   70s
 33056 24743 -4991.7598   32  186 -4873.8778 -5034.8700  3.30%  30.3   75s
 36923 27977 -4940.0605   52   45 -4873.8778 -5034.2163  3.29%  30.0   80s
 41594 31440 -5000.5835   28  153 -4873.8778 -5033.6746  3.28%  29.6   87s
*44408 20412              64    -4941.506918 -5033.3429  1.86%  29.4   89s
 45280 20730     cutoff   75      -4941.5069 -5033.2811  1.86%  29.3   91s
 48144 22476 -4996.1468   33  154 -4941.5069 -5032.7121  1.85%  29.6   95s
H48257 21896                    -4944.175679 -5032.7121  1.79%  29.6   95s
 52405 24281 -4994.9105   29  247 -4944.1757 -5031.8875  1.77%  29.9  101s
*53830 25091              64    -4944.342851 -5031.7275  1.77%  30.0  103s
 54632 26016 -5017.7902   32  217 -4944.3429 -5031.4924  1.76%  30.0  105s
H54805 23085                    -4955.429032 -5031.4849  1.53%  30.1  105s
H56110 23139                    -4955.429035 -5031.3297  1.53%  30.2  109s
H56111 22507                    -4958.444743 -5031.3297  1.47%  30.2  112s
H56177 20644                    -4964.097953 -5031.2586  1.35%  30.3  112s
H56641 19589                    -4967.421478 -5031.2077  1.28%  30.4  112s
 57975 20813     cutoff   31      -4967.4215 -5030.9787  1.28%  30.6  115s
 61750 22884 -5024.1058   27  127 -4967.4215 -5030.0863  1.26%  31.2  122s
 63863 23922 -5010.3328   37  150 -4967.4215 -5029.7233  1.25%  31.4  125s
*63961 23660              54    -4968.172862 -5029.7111  1.24%  31.5  125s
 67841 25681 -5004.4983   34  149 -4968.1729 -5029.1931  1.23%  31.9  132s
 70463 27049 -5014.9918   28  129 -4968.1729 -5028.7795  1.22%  32.2  136s
 73222 28475 -5013.8216   42  156 -4968.1729 -5028.4135  1.21%  32.5  140s
 76501 30242 -5006.7024   30  119 -4968.1729 -5027.9588  1.20%  32.9  146s
*78299 30187              49    -4970.335467 -5027.7782  1.16%  33.0  149s
 79502 30779 -5002.2222   37  125 -4970.3355 -5027.6155  1.15%  33.0  151s
*80375 29577              48    -4973.230926 -5027.5883  1.09%  33.1  151s
 82087 30696 -5012.0812   26  307 -4973.2309 -5027.3234  1.09%  33.3  155s
 85693 32284 -4990.4710   30  201 -4973.2309 -5026.8719  1.08%  33.7  161s
 88267 33489 -4996.3429   25  266 -4973.2309 -5026.5046  1.07%  34.0  166s
 90378 34338 infeasible   49      -4973.2309 -5026.2457  1.07%  34.1  170s
 94202 36094 -4985.3720   39  123 -4973.2309 -5025.7154  1.06%  34.5  177s
 96645 37355 -4990.9769   45  106 -4973.2309 -5025.4619  1.05%  34.8  181s
 99270 38495     cutoff   44      -4973.2309 -5025.1823  1.04%  35.0  186s
 101794 39670     cutoff   48      -4973.2309 -5024.9049  1.04%  35.2  190s
 105990 41454     cutoff   38      -4973.2309 -5024.4089  1.03%  35.4  197s
 108573 42603 -5004.1307   26  167 -4973.2309 -5024.1452  1.02%  35.6  201s
 111020 43594 -4976.4700   40    - -4973.2309 -5023.8670  1.02%  35.8  205s
 113411 44658 -5003.7287   36  209 -4973.2309 -5023.6149  1.01%  36.0  210s
 117691 46506 -5010.3951   31  156 -4973.2309 -5023.2345  1.01%  36.2  217s
 120610 47606 -5001.9126   28  161 -4973.2309 -5023.0400  1.00%  36.3  221s
 123397 48881 -4994.3608   27  261 -4973.2309 -5022.7546  1.00%  36.4  226s
 126330 49981     cutoff   41      -4973.2309 -5022.5344  0.99%  36.5  231s
 128931 51113 -4983.1453   34  157 -4973.2309 -5022.2817  0.99%  36.7  236s
 131536 52214 -4991.6381   38  197 -4973.2309 -5022.0485  0.98%  36.9  241s
 134389 53521 -4981.2219   35  105 -4973.2309 -5021.7773  0.98%  36.9  246s
 137198 54575 -5011.7934   39  121 -4973.2309 -5021.5363  0.97%  37.1  251s
 139754 55218     cutoff   46      -4973.2309 -5021.3163  0.97%  37.3  257s
H139755 55136                    -4973.355563 -5021.3163  0.96%  37.3  257s
 140210 55412 -4987.9164   33  179 -4973.3556 -5021.3020  0.96%  37.3  260s
H140937 55412                    -4973.355568 -5021.3020  0.96%  37.3  260s
 142425 56525     cutoff   47      -4973.3556 -5021.1008  0.96%  37.3  265s
 145435 57689 -4978.1936   40   29 -4973.3556 -5020.8884  0.96%  37.4  270s
 148179 58653 -5009.8653   39   71 -4973.3556 -5020.6942  0.95%  37.5  275s
 150656 59685 -5005.0519   29  238 -4973.3556 -5020.5236  0.95%  37.7  280s
 153386 60865 -4991.9672   33  160 -4973.3556 -5020.2763  0.94%  37.8  285s
 156157 62057 -4982.0008   46   61 -4973.3556 -5020.0661  0.94%  37.9  290s
 160268 63724 infeasible   32      -4973.3556 -5019.7285  0.93%  38.1  297s
 163336 64951 -4979.1055   36   56 -4973.3556 -5019.4627  0.93%  38.1  302s
 164887 65424     cutoff   65      -4973.3556 -5019.3713  0.93%  38.1  305s
 167758 66421 -4998.9004   31   94 -4973.3556 -5019.1038  0.92%  38.2  310s
 170931 67633 -5007.5055   28  233 -4973.3556 -5018.9372  0.92%  38.3  315s
 173809 68895 -4981.3033   43   34 -4973.3556 -5018.7075  0.91%  38.3  320s
 176826 69995 -5009.2850   25  242 -4973.3556 -5018.5404  0.91%  38.4  325s
 179890 70996 infeasible   40      -4973.3556 -5018.3133  0.90%  38.4  331s
 182739 71945 -4978.4827   45  161 -4973.3556 -5018.1487  0.90%  38.5  336s
 185689 73006 -4974.0364   54  106 -4973.3556 -5017.9587  0.90%  38.6  341s
 188497 74100 -4975.4277   33   41 -4973.3556 -5017.7832  0.89%  38.7  347s
 191392 75091 -4996.2021   38   49 -4973.3556 -5017.6056  0.89%  38.8  352s
 192891 75636 -4983.3971   34  157 -4973.3556 -5017.5364  0.89%  38.8  355s
 195835 76834     cutoff   51      -4973.3556 -5017.3403  0.88%  38.9  360s
 198820 77912 -5012.8075   38   73 -4973.3556 -5017.1455  0.88%  38.9  365s
 201824 78884 -4984.6714   38  200 -4973.3556 -5016.9660  0.88%  39.0  371s
*202970 78778              62    -4973.519180 -5016.9343  0.87%  39.0  371s
 203335 78987 -4991.6477   31  120 -4973.5192 -5016.8715  0.87%  39.0  376s
 205499 80093 -4976.0510   46  243 -4973.5192 -5016.7378  0.87%  39.1  382s
 206999 80626 -5008.1190   28  215 -4973.5192 -5016.6765  0.87%  39.1  385s
 209911 81643 -5011.9808   31  108 -4973.5192 -5016.5254  0.86%  39.2  390s
*210829 76397              56    -4978.108325 -5016.4977  0.77%  39.2  390s
 211289 76723 -4987.4932   47  199 -4978.1083 -5016.4450  0.77%  39.2  425s
H211629 71562                    -4980.901382 -5016.4297  0.71%  39.2  425s
 213855 72461 -4997.4992   34   35 -4980.9014 -5016.2394  0.71%  39.3  431s
 217069 73275     cutoff   42      -4980.9014 -5016.0409  0.71%  39.4  437s
 218590 73683     cutoff   42      -4980.9014 -5015.8874  0.70%  39.5  440s
 221870 74652 -4986.5947   30  241 -4980.9014 -5015.6628  0.70%  39.6  446s
 223539 75156 -5002.7190   38  142 -4980.9014 -5015.5423  0.70%  39.6  450s
 227067 75541     cutoff   39      -4980.9014 -5015.2959  0.69%  39.7  457s
H227087 75541                    -4980.901383 -5015.2959  0.69%  39.7  457s
 227140 75942     cutoff   39      -4980.9014 -5015.2805  0.69%  39.7  460s
 230517 76638 -4982.9274   35   79 -4980.9014 -5015.0654  0.69%  39.8  467s
 232176 77016 -4989.6793   34  117 -4980.9014 -5014.9287  0.68%  39.8  470s
 235654 77839 -5000.7828   27  268 -4980.9014 -5014.7432  0.68%  39.9  476s
 237250 78198 -4987.0707   43   81 -4980.9014 -5014.6483  0.68%  40.0  480s
 240652 78945     cutoff   37      -4980.9014 -5014.4509  0.67%  40.1  486s
 244030 79745     cutoff   39      -4980.9014 -5014.2086  0.67%  40.2  492s
 245641 80242     cutoff   37      -4980.9014 -5014.1396  0.67%  40.2  496s
 248964 81029 -4995.9621   35  177 -4980.9014 -5013.9041  0.66%  40.4  502s
 250655 81470 -4993.6064   46   89 -4980.9014 -5013.8353  0.66%  40.4  506s
 254022 82278     cutoff   35      -4980.9014 -5013.6365  0.66%  40.5  512s
 255730 82702 -4983.8894   26  200 -4980.9014 -5013.5397  0.66%  40.6  516s
 259141 83513     cutoff   46      -4980.9014 -5013.3758  0.65%  40.7  522s
 261044 83840 -4984.2386   26  145 -4980.9014 -5013.2573  0.65%  40.7  526s
 264705 84633 -5000.6270   37  219 -4980.9014 -5013.0346  0.65%  40.7  532s
 266319 85104     cutoff   41      -4980.9014 -5012.9807  0.64%  40.8  536s
 269718 85943 -5011.0400   37   89 -4980.9014 -5012.7998  0.64%  40.9  542s
 271402 86394     cutoff   34      -4980.9014 -5012.6831  0.64%  40.9  545s
 275015 87181 -4994.5241   30  184 -4980.9014 -5012.5080  0.63%  41.0  552s
 276945 87627 -4995.8111   27  237 -4980.9014 -5012.4011  0.63%  41.0  555s
 280357 88325 -5004.0904   33  202 -4980.9014 -5012.2109  0.63%  41.0  562s
 282043 88689 -5000.1632   40  170 -4980.9014 -5012.1203  0.63%  41.1  565s
 285711 89411     cutoff   34      -4980.9014 -5011.9078  0.62%  41.1  572s
 287278 89820 -4997.6558   29  219 -4980.9014 -5011.8272  0.62%  41.2  575s
 290791 90621     cutoff   35      -4980.9014 -5011.6487  0.62%  41.2  582s
 292606 90666 -5006.4951   37  116 -4980.9014 -5011.5535  0.62%  41.3  587s
H292722 90666                    -4980.901384 -5011.5535  0.62%  41.3  587s
 292733 91016 -5006.4902   38  115 -4980.9014 -5011.5453  0.62%  41.3  590s
 296066 91796     cutoff   44      -4980.9014 -5011.3717  0.61%  41.3  597s
 297912 92166 -4986.0803   41  130 -4980.9014 -5011.2885  0.61%  41.4  600s
 301106 92942     cutoff   29      -4980.9014 -5011.1241  0.61%  41.4  606s
 302862 93301 -4980.9536   26  194 -4980.9014 -5011.0476  0.61%  41.5  610s
 306256 93991 -4982.5772   47  143 -4980.9014 -5010.8690  0.60%  41.5  616s
 307962 94392 -4982.6794   38  146 -4980.9014 -5010.7926  0.60%  41.6  620s
 311272 94977 -4986.9303   26  106 -4980.9014 -5010.6491  0.60%  41.6  627s
 312896 95317     cutoff   57      -4980.9014 -5010.5818  0.60%  41.7  630s
 316282 96066     cutoff   42      -4980.9014 -5010.4221  0.59%  41.7  637s
 318070 96443     cutoff   33      -4980.9014 -5010.3313  0.59%  41.8  640s
 321554 97143 -4986.3641   30  200 -4980.9014 -5010.1700  0.59%  41.8  646s
 323222 97427 -4984.8130   28  240 -4980.9014 -5010.0906  0.59%  41.8  650s
 324889 97582 -5006.3980   40  148 -4980.9014 -5010.0169  0.58%  41.9  658s
H325080 97582                    -4980.901388 -5010.0090  0.58%  41.9  658s
H325172 71025                    -4989.110620 -5010.0090  0.42%  41.9  658s
 325893 70980     cutoff   38      -4989.1106 -5010.0086  0.42%  41.9  661s
 327518 71063 -4999.0330   35  152 -4989.1106 -5009.8731  0.42%  41.9  665s
 330732 71052     cutoff   33      -4989.1106 -5009.6253  0.41%  42.0  671s
 332367 71088     cutoff   38      -4989.1106 -5009.4787  0.41%  42.1  675s
 336081 71245     cutoff   35      -4989.1106 -5009.2426  0.40%  42.2  682s
 337753 71308 infeasible   27      -4989.1106 -5009.1011  0.40%  42.2  685s
 340900 71382 -4993.3027   28  335 -4989.1106 -5008.9025  0.40%  42.3  692s
 342562 71416 -4998.4604   39  111 -4989.1106 -5008.7560  0.39%  42.4  695s
 346070 71428     cutoff   40      -4989.1106 -5008.5204  0.39%  42.4  701s
 347743 71419     cutoff   40      -4989.1106 -5008.4112  0.39%  42.5  705s
 351355 71397 -4990.3897   49   26 -4989.1106 -5008.1682  0.38%  42.5  712s
 353107 71401 -4994.3993   28  255 -4989.1106 -5008.0336  0.38%  42.5  715s
 356783 71365 -4992.0287   35  143 -4989.1106 -5007.7965  0.37%  42.6  722s
 358524 71348 -4992.3049   46  191 -4989.1106 -5007.6582  0.37%  42.6  725s
 361969 71202 -4996.3596   25  238 -4989.1106 -5007.4353  0.37%  42.7  732s
 363739 71161 -4998.4046   40  140 -4989.1106 -5007.3172  0.36%  42.7  736s
 367562 71066 -4991.0080   33  178 -4989.1106 -5007.0886  0.36%  42.7  743s
 369366 70972     cutoff   33      -4989.1106 -5006.9480  0.36%  42.8  746s
 371043 70905 -5002.7080   39   37 -4989.1106 -5006.8274  0.36%  42.8  750s
 374508 70815 -4997.4316   32  183 -4989.1106 -5006.5915  0.35%  42.8  757s
 376303 70736 -4991.3428   34   66 -4989.1106 -5006.4707  0.35%  42.9  760s
 379825 70639 -4989.8936   37   19 -4989.1106 -5006.2248  0.34%  42.9  767s
 381669 70582     cutoff   29      -4989.1106 -5006.1275  0.34%  43.0  770s
 385258 70394 -4993.7117   31  224 -4989.1106 -5005.8995  0.34%  43.0  777s
 387065 70294     cutoff   35      -4989.1106 -5005.7894  0.33%  43.0  780s
 390556 70130 -4997.4994   32  193 -4989.1106 -5005.5662  0.33%  43.0  787s
 392254 69986     cutoff   26      -4989.1106 -5005.4481  0.33%  43.0  790s
 395756 69812 -5004.6508   34  216 -4989.1106 -5005.2471  0.32%  43.1  797s
 397548 69685 -4993.4970   38  144 -4989.1106 -5005.1406  0.32%  43.1  800s
 401189 69419     cutoff   29      -4989.1106 -5004.9144  0.32%  43.1  806s
 402950 69271 -4997.1597   36  174 -4989.1106 -5004.8147  0.31%  43.1  810s
 406377 68966     cutoff   40      -4989.1106 -5004.5977  0.31%  43.2  816s
 408228 68792 -4996.3692   36   82 -4989.1106 -5004.4829  0.31%  43.2  820s
 411833 68532 -4990.4494   30  144 -4989.1106 -5004.2570  0.30%  43.2  827s
 413688 68308     cutoff   41      -4989.1106 -5004.1514  0.30%  43.2  830s
 417168 68029     cutoff   38      -4989.1106 -5003.9212  0.30%  43.2  837s
 419103 67861     cutoff   36      -4989.1106 -5003.8213  0.29%  43.2  840s
 422773 67420 -4994.5381   41  139 -4989.1106 -5003.6071  0.29%  43.2  847s
 424520 67219     cutoff   43      -4989.1106 -5003.5148  0.29%  43.3  850s
 428001 66727 -4991.3941   38   60 -4989.1106 -5003.2825  0.28%  43.3  857s
 429816 66502 -4994.1620   38  126 -4989.1106 -5003.1770  0.28%  43.3  860s
 433465 66037     cutoff   34      -4989.1106 -5002.9337  0.28%  43.3  867s
 435256 65817 -4992.6968   39  167 -4989.1106 -5002.8278  0.27%  43.3  870s
H436174 47491                    -4993.207547 -5002.8214  0.19%  43.3  871s
 437086 47311 -5002.0345   37   58 -4993.2075 -5002.7296  0.19%  43.3  878s
 437456 46690 -4996.0174   38   54 -4993.2075 -5002.7246  0.19%  43.3  882s
 439384 46031 -4998.9557   41   61 -4993.2075 -5002.5019  0.19%  43.3  886s
 443712 44553 -4993.7744   39   86 -4993.2075 -5002.1824  0.18%  43.3  893s
 445884 43675     cutoff   38      -4993.2075 -5001.9673  0.18%  43.3  897s
 448190 42769     cutoff   36      -4993.2075 -5001.7700  0.17%  43.3  902s
 450476 41804 infeasible   45      -4993.2075 -5001.5352  0.17%  43.2  906s
 452979 40722 -4994.9137   31   81 -4993.2075 -5001.2826  0.16%  43.2  911s
 455660 39500     cutoff   39      -4993.2075 -5001.0533  0.16%  43.2  915s
 458392 38154     cutoff   35      -4993.2075 -5000.7573  0.15%  43.2  920s
 461381 36735     cutoff   44      -4993.2075 -5000.4623  0.15%  43.1  925s
*463443 17462              47    -4996.829725 -5000.4378  0.07%  43.1  925s
 466230 13820     cutoff   33      -4996.8297 -4999.7567  0.06%  43.0  932s
 468390 11739     cutoff   42      -4996.8297 -4999.3712  0.05%  42.9  935s
 473228  6936     cutoff   34      -4996.8297 -4998.5297  0.03%  42.7  941s
 475868  4170     cutoff   37      -4996.8297 -4998.0635  0.02%  42.5  945s

Cutting planes:
  Gomory: 16
  Cover: 172
  MIR: 2
  StrongCG: 1
  Flow cover: 34
  Inf proof: 467
  Zero half: 21
  RLT: 163
  Lazy constraints: 2177

Explored 481837 nodes (20325636 simplex iterations) in 949.06 seconds
Thread count was 12 (of 12 available processors)

Solution count 10: -4996.83 -4993.21 -4989.11 ... -4968.17

Optimal solution found (tolerance 1.00e-04)
Best objective -4.996829724852e+03, best bound -4.997030439563e+03, gap 0.0040%

User-callback calls 1018502, time in user-callback 6.51 sec
