/projects/academic/josewalt/sriavoba/python
Using license file /util/academic/gurobi/licenses/gurobi.lic
Set parameter TokenServer to value srv-m14-36.cbls.ccr.buffalo.edu
Set parameter TSPort to value 46325
Changed value of parameter lazyConstraints to 1
   Prev: 0  Min: 0  Max: 1  Default: 0
Changed value of parameter TimeLimit to 21600.0
   Prev: inf  Min: 0.0  Max: inf  Default: inf
Gurobi Optimizer version 9.1.1 build v9.1.1rc0 (linux64)
Thread count: 12 physical cores, 12 logical processors, using up to 12 threads
Optimize a model with 4976 rows, 6659 columns and 25139 nonzeros
Model fingerprint: 0x47602979
Variable types: 807 continuous, 5852 integer (5642 binary)
Coefficient statistics:
  Matrix range     [1e+00, 4e+02]
  Objective range  [1e+00, 1e+00]
  Bounds range     [1e+00, 9e+01]
  RHS range        [1e+00, 4e+02]
Presolve removed 479 rows and 173 columns
Presolve time: 0.06s
Presolved: 4497 rows, 6486 columns, 23856 nonzeros
Variable types: 730 continuous, 5756 integer (5546 binary)

Root relaxation: objective -4.974416e+03, 2985 iterations, 0.18 seconds

    Nodes    |    Current Node    |     Objective Bounds      |     Work
 Expl Unexpl |  Obj  Depth IntInf | Incumbent    BestBd   Gap | It/Node Time

     0     0 -4974.4161    0  370          - -4974.4161      -     -    0s
     0     0 -4961.5228    0  524          - -4961.5228      -     -    0s
     0     0 -4961.4145    0  502          - -4961.4145      -     -    0s
     0     0 -4928.2044    0  696          - -4928.2044      -     -    1s
     0     0 -4928.1787    0  687          - -4928.1787      -     -    1s
     0     0 -4928.1775    0  686          - -4928.1775      -     -    1s
     0     0 -4909.2984    0  792          - -4909.2984      -     -    1s
     0     0 -4909.1526    0  792          - -4909.1526      -     -    1s
     0     0 -4909.1526    0  396          - -4909.1526      -     -    2s
     0     2 -4909.1526    0  396          - -4909.1526      -     -    2s
   135   152 -4895.4946   13  482          - -4900.5596      -   134    5s
  2966  2955 -4887.2264    7  515          - -4900.5596      -  30.8   10s
  4063  3858 -4410.5067  142  478          - -4893.1115      -  28.9   15s
  4093  3878 -4850.3528   28  713          - -4884.6630      -  28.7   20s
  4102  3887 -4883.9656   16  644          - -4883.9656      -  33.0   26s
  4189  3958 -4849.3533   22  331          - -4883.2851      -  37.3   30s
  6732  5758 -4707.5092   23  408          - -4882.8814      -  36.0   35s
H 7485  5641                    -4562.748447 -4882.8814  7.02%  34.1   36s
H 7781  5187                    -4574.925782 -4882.8814  6.73%  33.6   37s
H 8029  5071                    -4598.598458 -4882.8814  6.18%  34.0   38s
  8310  5182 -4705.5521   40  232 -4598.5985 -4882.8814  6.18%  33.9   40s
H 8393  4893                    -4614.503073 -4882.8814  5.82%  33.9   40s
H 8484  4057                    -4691.637423 -4882.8814  4.08%  34.0   41s
H 8677  3734                    -4698.013043 -4882.2493  3.92%  34.0   42s
  8839  3883 -4873.0282   27  339 -4698.0130 -4882.2493  3.92%  34.6   45s
H 8939  3574                    -4707.612732 -4882.2493  3.71%  34.7   45s
 10064  4254 -4862.1828   26  396 -4707.6127 -4880.2658  3.67%  35.2   50s
 10818  4480 -4739.0716   23  480 -4707.6127 -4875.8995  3.57%  35.2   55s
H10844  4306                    -4710.608168 -4875.8995  3.51%  35.3   55s
 11776  4907     cutoff   49      -4710.6082 -4873.3526  3.45%  36.2   60s
 12770  5630 -4818.7913   34  141 -4710.6082 -4873.3526  3.45%  36.5   70s
 14519  7070 -4767.6146   28  234 -4710.6082 -4869.8714  3.38%  37.1   75s
 16587  8644 -4747.2298   54  155 -4710.6082 -4867.6763  3.33%  37.1   80s
 18714 10647 -4783.0220   39  212 -4710.6082 -4866.2650  3.30%  37.2   85s
 21622 12948 -4742.7893   82   47 -4710.6082 -4865.3107  3.28%  36.4   91s
 24020 14767 -4782.9636   47   92 -4710.6082 -4864.3007  3.26%  36.3   96s
 25076 14855 -4839.9770   31  211 -4710.6082 -4863.8617  3.25%  36.4  100s
 26406 17021 -4828.1026   34  235 -4710.6082 -4863.6695  3.25%  36.6  106s
 29300 18933 -4810.5198   38  217 -4710.6082 -4862.9288  3.23%  36.5  111s
 31543 20622 -4840.3901   32  392 -4710.6082 -4861.9543  3.21%  36.5  117s
 32888 21782 -4765.6979   58   54 -4710.6082 -4861.5374  3.20%  36.8  120s
*34241 20866              87    -4721.211203 -4861.1705  2.96%  36.8  120s
H34643 21034                    -4726.091633 -4860.9524  2.85%  36.8  123s
H35015 20566                    -4728.788514 -4860.7680  2.79%  36.9  123s
 36009 21355     cutoff   65      -4728.7885 -4860.4851  2.78%  36.9  126s
 38306 22322 -4819.3506   36  117 -4728.7885 -4859.9255  2.77%  37.2  130s
 38500 22366 -4845.5664   31  334 -4728.7885 -4859.6363  2.77%  37.3  137s
 38577 23363 -4843.3776   32  366 -4728.7885 -4859.5707  2.77%  37.3  141s
H39310 22462                    -4733.668944 -4859.5510  2.66%  37.3  141s
 41595 24376 -4770.0061   42  117 -4733.6689 -4858.9429  2.65%  37.4  147s
H41714 24131                    -4734.826679 -4858.9429  2.62%  37.4  147s
 42677 25129 -4739.1426   44  141 -4734.8267 -4858.4191  2.61%  37.4  151s
 45408 26716 -4753.2004   43  213 -4734.8267 -4857.7774  2.60%  37.8  157s
 46869 27714 -4841.0076   39  110 -4734.8267 -4857.4312  2.59%  37.9  160s
H48316 26708                    -4742.980469 -4857.1170  2.41%  38.1  164s
 49784 27755 -4777.6619   22  382 -4742.9805 -4856.6732  2.40%  38.2  167s
 51353 28763 -4763.3461   37  193 -4742.9805 -4856.1444  2.39%  38.2  170s
H52479 28354                    -4744.394240 -4856.0340  2.35%  38.1  170s
 54275 29939 -4756.5341   63   82 -4744.3942 -4855.3258  2.34%  38.3  177s
 55281 30883 -4822.0598   30  238 -4744.3942 -4855.1158  2.33%  38.4  180s
 57973 32868     cutoff   71      -4744.3942 -4854.6248  2.32%  38.6  186s
 59518 33805 -4754.1967   57   92 -4744.3942 -4854.2878  2.32%  38.6  190s
 62216 35600 -4750.1796   56   65 -4744.3942 -4853.8193  2.31%  38.8  196s
 63653 36639 -4772.9037   53   24 -4744.3942 -4853.5929  2.30%  38.9  200s
 66335 38591     cutoff   47      -4744.3942 -4853.1866  2.29%  38.9  206s
 69312 40565 -4823.6427   39  149 -4744.3942 -4852.6489  2.28%  38.9  212s
 70816 41297 -4827.9549   41   43 -4744.3942 -4852.3544  2.28%  38.9  215s
 73428 43075 -4799.8003   44   74 -4744.3942 -4851.8336  2.26%  39.0  222s
 74766 44004     cutoff   81      -4744.3942 -4851.6816  2.26%  39.1  225s
 77668 45577 -4829.2052   35  311 -4744.3942 -4851.2601  2.25%  39.2  231s
 79630 47076 -4798.9336   35  208 -4744.3942 -4851.0696  2.25%  39.5  237s
 80939 47979 -4750.2468   42  143 -4744.3942 -4850.9265  2.25%  39.6  240s
 83530 49601 -4785.9592   39  154 -4744.3942 -4850.5087  2.24%  39.7  246s
 86123 51264 -4799.0231   48  136 -4744.3942 -4850.1619  2.23%  39.8  253s
 87365 51866 -4819.1589   29  223 -4744.3942 -4850.0199  2.23%  39.9  256s
 89810 53179 -4755.5927   62    2 -4744.3942 -4849.6260  2.22%  40.0  266s
 91912 54974 -4800.5309   30  168 -4744.3942 -4849.2350  2.21%  40.1  272s
 93289 55967 -4776.6390   47   18 -4744.3942 -4849.0484  2.21%  40.2  276s
 95979 57738 -4787.1180   47  223 -4744.3942 -4848.7697  2.20%  40.2  282s
 97285 58610 -4759.1699   56   48 -4744.3942 -4848.6464  2.20%  40.3  285s
 100099 60349 -4787.0948   50  204 -4744.3942 -4848.2823  2.19%  40.3  292s
 101271 61192 infeasible   48      -4744.3942 -4848.1149  2.19%  40.4  295s
 103904 62809 -4767.3195   49  134 -4744.3942 -4847.7905  2.18%  40.4  302s
 105191 63569 infeasible   58      -4744.3942 -4847.5667  2.17%  40.5  305s
 107617 65138     cutoff   45      -4744.3942 -4847.3021  2.17%  40.6  312s
 108874 66005 -4803.2135   40  116 -4744.3942 -4847.1485  2.17%  40.6  315s
 111325 67876 -4825.0410   42  143 -4744.3942 -4846.8437  2.16%  40.8  322s
 112837 68657 -4765.4778   51  130 -4744.3942 -4846.7499  2.16%  40.7  325s
 115338 70256 -4771.6815   45  229 -4744.3942 -4846.4471  2.15%  40.8  332s
 116680 71162 -4792.5521   33  253 -4744.3942 -4846.3060  2.15%  40.8  336s
 119037 72697     cutoff   53      -4744.3942 -4846.1024  2.14%  41.0  342s
 120327 73347 -4833.9348   38  185 -4744.3942 -4845.9694  2.14%  41.0  345s
 122508 74985 -4827.6646   30  220 -4744.3942 -4845.7244  2.14%  41.2  352s
 123824 75687 -4764.1085   53  183 -4744.3942 -4845.6054  2.13%  41.2  355s
 126272 77078 -4807.2060   41  114 -4744.3942 -4845.2845  2.13%  41.3  362s
 127494 77787 -4803.3461   39  171 -4744.3942 -4845.1345  2.12%  41.3  365s
 129828 79397 -4751.7695   52  147 -4744.3942 -4844.9330  2.12%  41.4  372s
 131173 80306 -4754.5906   58   99 -4744.3942 -4844.7909  2.12%  41.4  376s
 133855 81985 -4764.3268   74   45 -4744.3942 -4844.5455  2.11%  41.4  383s
 135121 82778     cutoff   77      -4744.3942 -4844.4016  2.11%  41.4  386s
 137460 84369 -4838.7951   26  246 -4744.3942 -4844.1518  2.10%  41.5  393s
 138727 85253 -4747.3430   60   19 -4744.3942 -4844.1036  2.10%  41.5  396s
 139998 86187     cutoff   59      -4744.3942 -4843.9864  2.10%  41.5  400s
 142657 87874 -4812.4015   42  170 -4744.3942 -4843.7452  2.09%  41.5  407s
 143968 88726 -4783.1939   42  203 -4744.3942 -4843.6594  2.09%  41.5  411s
 146599 90303 -4800.2916   49  138 -4744.3942 -4843.4732  2.09%  41.5  417s
 147818 91002 -4808.5850   30  237 -4744.3942 -4843.3333  2.09%  41.5  420s
 150210 92384 -4780.7387   47  115 -4744.3942 -4843.1171  2.08%  41.6  427s
 151365 93043 -4833.8001   31  140 -4744.3942 -4843.0241  2.08%  41.7  431s
 153688 94375 -4798.3772   42  185 -4744.3942 -4842.9336  2.08%  41.8  438s
 154781 95268 -4797.8373   41   59 -4744.3942 -4842.8694  2.08%  41.8  441s
 156061 96021 -4775.6873   47  124 -4744.3942 -4842.7949  2.07%  41.8  445s
 158746 97400 -4777.6249   48  108 -4744.3942 -4842.5216  2.07%  41.8  451s
 159988 98136     cutoff   62      -4744.3942 -4842.4223  2.07%  41.8  455s
 162452 99602 -4776.6020   31  216 -4744.3942 -4842.2445  2.06%  41.9  462s
 163738 100273 -4772.8193   47  207 -4744.3942 -4842.1205  2.06%  41.9  466s
 166058 101635 -4814.2553   45  225 -4744.3942 -4841.9352  2.06%  42.0  477s
 166992 102455 -4769.8116   42  266 -4744.3942 -4841.8591  2.05%  41.9  480s
H168551 100533                    -4748.810470 -4841.7376  1.96%  42.0  484s
 169304 101348 -4821.6442   39  251 -4748.8105 -4841.6522  1.96%  42.0  487s
 170537 102023 -4750.5993   62   69 -4748.8105 -4841.5543  1.95%  42.0  491s
 171702 102829 -4760.4297   42  191 -4748.8105 -4841.4501  1.95%  42.0  495s
 174091 103952 -4816.3652   37  442 -4748.8105 -4841.3212  1.95%  42.1  502s
 175160 104610 -4774.8908   50  227 -4748.8105 -4841.1934  1.95%  42.1  505s
H176355 102222                    -4751.708425 -4841.1117  1.88%  42.2  509s
H176464 101648                    -4752.207991 -4841.0892  1.87%  42.2  509s
 177012 102314 -4812.5681   45  206 -4752.2080 -4841.0696  1.87%  42.2  513s
 178167 103113 -4814.7703   33  361 -4752.2080 -4840.9024  1.87%  42.2  516s
 179465 103805 -4826.0235   34  226 -4752.2080 -4840.8210  1.86%  42.2  520s
 181931 105484 -4788.9160   33  221 -4752.2080 -4840.6034  1.86%  42.3  527s
 183170 106315     cutoff   64      -4752.2080 -4840.5317  1.86%  42.3  531s
 185684 107734 -4801.0601   37  208 -4752.2080 -4840.3705  1.86%  42.3  538s
 186948 108449 -4760.4878   59   58 -4752.2080 -4840.2150  1.85%  42.3  541s
 188159 109141 infeasible   52      -4752.2080 -4840.1633  1.85%  42.4  545s
 190908 110761 infeasible   65      -4752.2080 -4839.8997  1.85%  42.4  552s
 192186 111352 -4824.4922   37  213 -4752.2080 -4839.8286  1.84%  42.4  556s
 193222 112226 -4760.0408   42  113 -4752.2080 -4839.7586  1.84%  42.5  560s
 196054 113752     cutoff   51      -4752.2080 -4839.5988  1.84%  42.4  567s
 197369 114582 -4800.5756   43  138 -4752.2080 -4839.4699  1.84%  42.4  571s
 198633 115433 -4786.9968   49  158 -4752.2080 -4839.3632  1.83%  42.5  575s
*200526 115480              76    -4752.731865 -4839.2504  1.82%  42.5  579s
 201011 116124 infeasible   47      -4752.7319 -4839.2074  1.82%  42.5  582s
 202157 116911     cutoff   55      -4752.7319 -4839.1442  1.82%  42.6  586s
 203505 117570 -4753.9074   56  205 -4752.7319 -4839.0370  1.82%  42.6  590s
 206067 119067 -4800.8472   36  137 -4752.7319 -4838.8495  1.81%  42.6  598s
 207348 119710 -4823.4029   31  263 -4752.7319 -4838.7734  1.81%  42.7  601s
 208512 120454 -4815.1665   31  256 -4752.7319 -4838.6801  1.81%  42.7  605s
H209735 103998                    -4763.447921 -4838.6012  1.58%  42.7  609s
 210389 104592 -4815.3695   39  174 -4763.4479 -4838.5912  1.58%  42.7  613s
 211580 105270 -4815.0512   36  110 -4763.4479 -4838.4568  1.57%  42.7  617s
 212811 105867 -4788.9968   45  307 -4763.4479 -4838.4003  1.57%  42.8  620s
 215307 107370 -4806.2387   49    6 -4763.4479 -4838.1656  1.57%  42.8  628s
 216724 108049 -4763.7531   56   37 -4763.4479 -4838.1067  1.57%  42.8  632s
 218110 108771 -4833.4104   34  195 -4763.4479 -4838.0262  1.57%  42.8  636s
 219381 109412 -4836.0029   38  206 -4763.4479 -4837.9413  1.56%  42.9  640s
 222033 110953 -4774.0725   59  108 -4763.4479 -4837.7341  1.56%  42.9  647s
 223355 111636 -4819.2454   37  119 -4763.4479 -4837.6846  1.56%  42.9  651s
 224741 111824 -4811.6655   31  252 -4763.4479 -4837.6084  1.56%  42.9  657s
 225180 112433 -4800.4727   36  172 -4763.4479 -4837.5662  1.56%  42.9  661s
 227593 113606 -4830.8699   44  105 -4763.4479 -4837.4115  1.55%  43.0  668s
 228979 114269     cutoff   73      -4763.4479 -4837.3200  1.55%  43.0  672s
 230356 114995 -4770.7746   53   53 -4763.4479 -4837.2427  1.55%  43.0  676s
 231732 115470 -4804.4680   41  236 -4763.4479 -4837.1204  1.55%  43.0  680s
 232863 116128 -4796.7082   50   82 -4763.4479 -4837.0534  1.55%  43.1  685s
 235588 117439 -4800.9844   44  168 -4763.4479 -4836.9103  1.54%  43.1  693s
 236852 118098 -4812.3947   30  444 -4763.4479 -4836.8196  1.54%  43.1  697s
 238239 118849 -4817.0882   35  316 -4763.4479 -4836.7298  1.54%  43.1  701s
 239634 119560 -4803.3389   35  205 -4763.4479 -4836.6505  1.54%  43.1  705s
 242462 121178 -4789.9183   50   57 -4763.4479 -4836.4842  1.53%  43.1  714s
 243893 121879 -4828.7496   34  197 -4763.4479 -4836.4328  1.53%  43.1  718s
 245253 122470 -4772.8780   47  113 -4763.4479 -4836.3556  1.53%  43.2  722s
 246689 123214 -4776.4488   33  303 -4763.4479 -4836.2921  1.53%  43.2  726s
 248019 124061 -4820.6559   41  141 -4763.4479 -4836.2391  1.53%  43.2  730s
 249499 124824 -4786.1402   37  211 -4763.4479 -4836.1455  1.53%  43.2  735s
 252492 126183 -4815.6489   42  193 -4763.4479 -4836.0051  1.52%  43.2  743s
 253905 126807 -4810.6380   48  174 -4763.4479 -4835.9385  1.52%  43.2  747s
 255114 127473 -4794.1642   43  190 -4763.4479 -4835.8536  1.52%  43.2  751s
 256544 127690 -4780.9622   39  233 -4763.4479 -4835.7713  1.52%  43.2  758s
 256892 128581 -4814.7937   55  118 -4763.4479 -4835.7500  1.52%  43.2  763s
 258405 129237     cutoff   62      -4763.4479 -4835.6965  1.52%  43.2  767s
 259697 130001 -4776.4100   52   36 -4763.4479 -4835.6283  1.52%  43.3  771s
 261384 130892     cutoff   60      -4763.4479 -4835.5598  1.51%  43.2  776s
 262931 131695 -4795.3585   38  253 -4763.4479 -4835.4576  1.51%  43.2  780s
 266047 133042 infeasible   54      -4763.4479 -4835.3100  1.51%  43.2  788s
 267097 133946 -4781.5374   40  161 -4763.4479 -4835.2438  1.51%  43.2  792s
 268736 134617 -4808.7130   41  179 -4763.4479 -4835.1600  1.51%  43.2  796s
 270133 135361 -4789.5142   38  218 -4763.4479 -4835.0922  1.50%  43.2  800s
 271434 136087 -4813.9951   35  256 -4763.4479 -4835.0400  1.50%  43.3  805s
 273772 137379 -4783.0412   52  131 -4763.4479 -4834.8829  1.50%  43.3  813s
*274892 122131              68    -4770.754507 -4834.8501  1.34%  43.3  813s
 275162 122577     cutoff   48      -4770.7545 -4834.8173  1.34%  43.3  818s
 276589 123147 infeasible   66      -4770.7545 -4834.7463  1.34%  43.3  822s
 277939 123754 infeasible   41      -4770.7545 -4834.6729  1.34%  43.3  826s
 279480 124438     cutoff   51      -4770.7545 -4834.5861  1.34%  43.3  830s
 282353 125743     cutoff   63      -4770.7545 -4834.3974  1.33%  43.3  839s
 283664 126354 infeasible   48      -4770.7545 -4834.3211  1.33%  43.3  843s
 284954 127004 -4803.3652   36  264 -4770.7545 -4834.2416  1.33%  43.4  848s
 286287 127769 infeasible   50      -4770.7545 -4834.1741  1.33%  43.4  852s
 287803 128484 -4781.7951   41   69 -4770.7545 -4834.1060  1.33%  43.4  856s
 289302 129081 infeasible   57      -4770.7545 -4834.0379  1.33%  43.4  860s
 290860 129724 -4792.6823   39  237 -4770.7545 -4833.9537  1.32%  43.4  865s
 293724 130959 -4815.8384   38  125 -4770.7545 -4833.8025  1.32%  43.4  874s
 295249 131768 -4811.3590   37  324 -4770.7545 -4833.7661  1.32%  43.4  878s
 296842 132652 -4804.1027   44  186 -4770.7545 -4833.6711  1.32%  43.4  882s
 298443 133281 infeasible   63      -4770.7545 -4833.6109  1.32%  43.4  887s
*299563 112554              71    -4779.060558 -4833.5767  1.14%  43.4  887s
 299917 113052     cutoff   64      -4779.0606 -4833.5245  1.14%  43.4  891s
 301181 113584     cutoff   64      -4779.0606 -4833.4784  1.14%  43.4  896s
 302427 114158 -4794.3879   36  154 -4779.0606 -4833.3981  1.14%  43.4  900s
 305389 115291 -4790.2616   48  142 -4779.0606 -4833.2407  1.13%  43.4  909s
 306730 115593 -4796.4826   39  116 -4779.0606 -4833.1373  1.13%  43.5  913s
H306857 109026                    -4781.484460 -4833.1373  1.08%  43.5  913s
 307411 109631 -4785.8329   49   32 -4781.4845 -4833.1294  1.08%  43.5  918s
 308901 110079 -4792.9347   43  237 -4781.4845 -4833.0027  1.08%  43.5  922s
 310259 110695 -4806.5354   42  230 -4781.4845 -4832.9356  1.08%  43.5  927s
 311807 111255     cutoff   47      -4781.4845 -4832.8547  1.07%  43.5  932s
 313284 111919 -4811.9682   41  130 -4781.4845 -4832.8023  1.07%  43.6  936s
 314913 112635 -4805.7412   40  268 -4781.4845 -4832.6824  1.07%  43.5  940s
 316555 113108     cutoff   40      -4781.4845 -4832.6053  1.07%  43.5  945s
 319599 114202 -4785.9125   36  201 -4781.4845 -4832.4849  1.07%  43.6  954s
 321020 114844 -4805.0211   38  195 -4781.4845 -4832.4063  1.06%  43.6  958s
 322613 115377 -4784.4024   46  184 -4781.4845 -4832.3190  1.06%  43.6  963s
 324094 115942 -4786.8195   43   83 -4781.4845 -4832.2367  1.06%  43.6  967s
 325648 116556     cutoff   56      -4781.4845 -4832.1535  1.06%  43.6  972s
 327397 117158 -4791.2500   44   98 -4781.4845 -4832.0605  1.06%  43.6  976s
 328957 117741 -4796.3883   37  332 -4781.4845 -4832.0033  1.06%  43.6  981s
*330129 117024              66    -4781.767931 -4831.9812  1.05%  43.6  981s
 330523 117458 -4787.1722   40  210 -4781.7679 -4831.9431  1.05%  43.6  986s
H330706 117447                    -4781.772349 -4831.9431  1.05%  43.6  986s
 332168 117932     cutoff   49      -4781.7723 -4831.8757  1.05%  43.6  993s
 333320 118475 -4791.5775   38   96 -4781.7723 -4831.7882  1.05%  43.6  998s
 334937 119100 -4826.3233   35  184 -4781.7723 -4831.7185  1.04%  43.6 1003s
 336446 119316 -4805.2150   43  147 -4781.7723 -4831.6356  1.04%  43.6 1009s
 337157 119934 -4790.8844   41  208 -4781.7723 -4831.6122  1.04%  43.6 1013s
 338735 120579 -4818.3696   35  181 -4781.7723 -4831.5237  1.04%  43.6 1018s
 340329 121283 -4788.4861   43  141 -4781.7723 -4831.4480  1.04%  43.7 1023s
 341966 121753 -4783.7466   47   89 -4781.7723 -4831.3683  1.04%  43.7 1027s
 343559 122344 -4804.7844   34  303 -4781.7723 -4831.3063  1.04%  43.7 1032s
 345150 122975 -4805.8488   44  172 -4781.7723 -4831.1919  1.03%  43.7 1037s
 346730 123444 -4789.3564   40  215 -4781.7723 -4831.1299  1.03%  43.7 1042s
 348328 124088 -4795.0345   33  299 -4781.7723 -4831.0651  1.03%  43.7 1047s
 350054 124640 -4786.2470   47  148 -4781.7723 -4831.0191  1.03%  43.7 1052s
 351646 125244 -4803.3066   43  187 -4781.7723 -4830.9104  1.03%  43.7 1056s
 353223 125910 -4802.9161   47  215 -4781.7723 -4830.8419  1.03%  43.7 1061s
 354986 126610     cutoff   61      -4781.7723 -4830.7846  1.02%  43.7 1066s
 356704 127111     cutoff   42      -4781.7723 -4830.7217  1.02%  43.7 1071s
 358302 127675 -4785.9951   42  109 -4781.7723 -4830.6625  1.02%  43.7 1076s
 359879 128309 -4806.7059   41  330 -4781.7723 -4830.5842  1.02%  43.8 1080s
 361495 128964 -4797.0916   37  138 -4781.7723 -4830.5018  1.02%  43.8 1086s
 363499 129525     cutoff   38      -4781.7723 -4830.4308  1.02%  43.7 1091s
 365308 130130 -4796.5839   46   78 -4781.7723 -4830.3557  1.02%  43.7 1095s
 367229 130592 -4805.0919   45  141 -4781.7723 -4830.2902  1.01%  43.7 1100s
 368832 131176 -4791.9821   37  150 -4781.7723 -4830.2659  1.01%  43.7 1105s
 370505 131810 -4800.9369   51  116 -4781.7723 -4830.1751  1.01%  43.7 1110s
 372103 132389 -4802.3421   45  207 -4781.7723 -4830.1068  1.01%  43.7 1115s
 373752 133042 -4815.8365   41  179 -4781.7723 -4830.0374  1.01%  43.7 1120s
 375450 133160 -4813.2848   50  124 -4781.7723 -4829.9719  1.01%  43.7 1125s
H375577 133160                    -4781.772358 -4829.9719  1.01%  43.7 1125s
 375768 133766 -4812.9862   51  118 -4781.7724 -4829.9643  1.01%  43.8 1131s
 377531 134338 -4796.6522   29  350 -4781.7724 -4829.9068  1.01%  43.8 1136s
 379158 134905 infeasible   49      -4781.7724 -4829.8207  1.00%  43.8 1140s
 380881 135356 -4791.6500   43  103 -4781.7724 -4829.7613  1.00%  43.8 1145s
 382506 135921 -4819.0495   33  266 -4781.7724 -4829.6930  1.00%  43.8 1150s
 384143 136587 -4790.2327   48  125 -4781.7724 -4829.6340  1.00%  43.8 1155s
 385869 137265 -4789.9586   68   59 -4781.7724 -4829.5579  1.00%  43.8 1160s
*385872 106082              71    -4791.714087 -4829.5579  0.79%  43.8 1160s
 387632 106414 infeasible   55      -4791.7141 -4829.4798  0.79%  43.8 1165s
 389311 106936 -4795.0111   43  128 -4791.7141 -4829.4139  0.79%  43.8 1170s
*390083 95019              68    -4795.197682 -4829.3871  0.71%  43.8 1170s
 391138 95362     cutoff   46      -4795.1977 -4829.3294  0.71%  43.8 1178s
H391243 83841                    -4798.522081 -4829.3294  0.64%  43.8 1178s
 392498 84081 -4799.8857   49  113 -4798.5221 -4829.2460  0.64%  43.8 1183s
 394206 84293 infeasible   39      -4798.5221 -4829.1725  0.64%  43.8 1188s
 395796 84611     cutoff   35      -4798.5221 -4829.0660  0.64%  43.8 1193s
 397433 84922 -4807.5948   38  174 -4798.5221 -4828.9731  0.63%  43.8 1198s
 398949 85142     cutoff   31      -4798.5221 -4828.8819  0.63%  43.8 1202s
 400624 85484 -4822.2078   38  298 -4798.5221 -4828.7841  0.63%  43.8 1207s
 402353 85748 -4815.0650   42  249 -4798.5221 -4828.7188  0.63%  43.8 1211s
 404060 85960 -4809.8364   49  102 -4798.5221 -4828.6307  0.63%  43.9 1216s
 405799 86141 -4821.1249   28  343 -4798.5221 -4828.5400  0.63%  43.9 1223s
 406863 86506 -4812.5887   37  190 -4798.5221 -4828.4950  0.62%  43.9 1228s
 408578 86758 -4804.0263   56   69 -4798.5221 -4828.4158  0.62%  43.9 1232s
 410251 87078 -4811.4796   35  302 -4798.5221 -4828.3446  0.62%  43.9 1237s
 412036 87364 infeasible   44      -4798.5221 -4828.2688  0.62%  43.9 1242s
 413733 87655 -4805.3135   34  200 -4798.5221 -4828.1903  0.62%  43.9 1247s
 415480 87980 -4809.5056   31  334 -4798.5221 -4828.1190  0.62%  43.9 1251s
 417384 88226 -4812.2322   36  302 -4798.5221 -4828.0260  0.61%  43.9 1256s
 419163 88523 -4817.8283   32  298 -4798.5221 -4827.9476  0.61%  43.9 1261s
 420933 88813 -4808.6831   42  215 -4798.5221 -4827.8535  0.61%  43.9 1266s
 422529 89092 infeasible   45      -4798.5221 -4827.7894  0.61%  43.9 1270s
 424286 89346 infeasible   54      -4798.5221 -4827.7070  0.61%  43.9 1275s
 425952 89673     cutoff   32      -4798.5221 -4827.6289  0.61%  43.9 1280s
 427806 89944 -4809.0943   35  193 -4798.5221 -4827.5243  0.60%  43.9 1285s
 429592 90233 -4801.9605   37  219 -4798.5221 -4827.4564  0.60%  43.9 1290s
 431404 90527     cutoff   41      -4798.5221 -4827.3799  0.60%  43.9 1295s
 434969 91044     cutoff   54      -4798.5221 -4827.2292  0.60%  43.9 1304s
 436647 91341 -4817.2373   37  238 -4798.5221 -4827.1676  0.60%  43.9 1309s
 438414 91436 -4820.4134   41  178 -4798.5221 -4827.0724  0.59%  43.9 1315s
 439119 91843 -4821.9990   49  123 -4798.5221 -4827.0595  0.59%  43.9 1320s
 440991 92108     cutoff   38      -4798.5221 -4826.9955  0.59%  43.9 1325s
 442844 92398 -4823.3974   37  141 -4798.5221 -4826.8951  0.59%  43.9 1330s
 444657 92772 -4801.8409   41  239 -4798.5221 -4826.8486  0.59%  43.9 1335s
 446622 93044 -4804.0257   61  102 -4798.5221 -4826.7687  0.59%  43.8 1340s
 450368 93548     cutoff   42      -4798.5221 -4826.6278  0.59%  43.8 1349s
 452008 93877 -4805.9637   42  149 -4798.5221 -4826.5543  0.58%  43.8 1354s
 453844 94197 -4811.9040   40   46 -4798.5221 -4826.4838  0.58%  43.8 1359s
 455733 94490 -4824.3528   40  133 -4798.5221 -4826.4154  0.58%  43.8 1364s
 457559 94866 -4798.7870   39  243 -4798.5221 -4826.3502  0.58%  43.8 1369s
 459453 95137 -4806.6099   36  257 -4798.5221 -4826.2879  0.58%  43.8 1374s
 461276 95436 -4803.9527   32  178 -4798.5221 -4826.2077  0.58%  43.8 1379s
 463219 95655 -4809.2733   43  143 -4798.5221 -4826.1320  0.58%  43.8 1383s
 464965 95930     cutoff   34      -4798.5221 -4826.0594  0.57%  43.8 1388s
 466809 96198 -4802.9091   41   94 -4798.5221 -4825.9934  0.57%  43.8 1393s
 468462 96455 -4798.6459   29  326 -4798.5221 -4825.9223  0.57%  43.8 1397s
 470286 96491 -4808.6381   40  295 -4798.5221 -4825.8786  0.57%  43.8 1404s
 470952 96739 -4806.3918   40  197 -4798.5221 -4825.8537  0.57%  43.8 1409s
 472706 97016 -4801.1713   27  395 -4798.5221 -4825.7863  0.57%  43.8 1413s
 474574 97186 -4802.8924   42  149 -4798.5221 -4825.7102  0.57%  43.8 1418s
 476034 97433 -4805.1949   44  146 -4798.5221 -4825.6621  0.57%  43.8 1423s
 477859 97658 -4801.7438   44   92 -4798.5221 -4825.6159  0.56%  43.8 1428s
 479636 97887     cutoff   34      -4798.5221 -4825.5193  0.56%  43.8 1433s
 481495 98088 -4803.5356   39  227 -4798.5221 -4825.4617  0.56%  43.8 1438s
H482940 98088                    -4798.522081 -4825.4431  0.56%  43.8 1438s
 483275 98347     cutoff   41      -4798.5221 -4825.3957  0.56%  43.8 1443s
 485068 98625 -4800.2750   58   28 -4798.5221 -4825.3311  0.56%  43.8 1448s
 486637 98886     cutoff   35      -4798.5221 -4825.2766  0.56%  43.8 1452s
 488416 99185 -4819.6448   31  287 -4798.5221 -4825.2132  0.56%  43.8 1457s
 490278 99440     cutoff   42      -4798.5221 -4825.1437  0.55%  43.7 1462s
 492137 99616 -4803.4532   38  137 -4798.5221 -4825.0753  0.55%  43.7 1467s
 493919 99829 -4817.0048   39  289 -4798.5221 -4825.0117  0.55%  43.7 1472s
 495682 100031 -4809.4883   45  225 -4798.5221 -4824.9439  0.55%  43.7 1477s
 497345 100233     cutoff   42      -4798.5221 -4824.8972  0.55%  43.7 1515s
 498483 100489     cutoff   38      -4798.5221 -4824.8526  0.55%  43.7 1520s
 500301 100705     cutoff   40      -4798.5221 -4824.7916  0.55%  43.7 1525s
 502012 100894     cutoff   46      -4798.5221 -4824.7420  0.55%  43.7 1530s
 503538 101220     cutoff   38      -4798.5221 -4824.6854  0.55%  43.7 1535s
 505411 101508     cutoff   46      -4798.5221 -4824.6229  0.54%  43.7 1540s
 507293 101720     cutoff   48      -4798.5221 -4824.5676  0.54%  43.7 1545s
 509113 101913 -4801.5814   36  359 -4798.5221 -4824.5146  0.54%  43.7 1550s
 510924 102210 -4821.4249   39  196 -4798.5221 -4824.4503  0.54%  43.7 1555s
 512832 102392 -4801.3680   43  189 -4798.5221 -4824.3817  0.54%  43.7 1560s
 514478 102573 -4800.3281   44  195 -4798.5221 -4824.3429  0.54%  43.7 1565s
 516325 102890 -4816.3937   41  239 -4798.5221 -4824.2742  0.54%  43.7 1570s
 518173 103153     cutoff   40      -4798.5221 -4824.2086  0.54%  43.7 1575s
 520037 103359     cutoff   43      -4798.5221 -4824.1553  0.53%  43.7 1580s
 521874 103565 infeasible   52      -4798.5221 -4824.1200  0.53%  43.7 1585s
 523827 103784     cutoff   38      -4798.5221 -4824.0308  0.53%  43.7 1590s
 525827 104073 infeasible   44      -4798.5221 -4823.9686  0.53%  43.7 1596s
 527702 104270 -4818.0388   43  251 -4798.5221 -4823.9155  0.53%  43.7 1601s
 529643 104452 -4804.8898   35  159 -4798.5221 -4823.8565  0.53%  43.6 1606s
 531510 104693     cutoff   31      -4798.5221 -4823.8092  0.53%  43.6 1611s
 533470 104893 -4811.8329   43  201 -4798.5221 -4823.7396  0.53%  43.6 1616s
 535425 105126 -4809.6480   34  332 -4798.5221 -4823.6844  0.52%  43.6 1621s
 537374 105375 -4803.1100   43  152 -4798.5221 -4823.6132  0.52%  43.6 1626s
 539367 105612 -4803.2950   36   80 -4798.5221 -4823.5673  0.52%  43.6 1631s
 541381 105846 -4820.6964   39  149 -4798.5221 -4823.5012  0.52%  43.6 1636s
 543379 106110 -4813.3120   39  244 -4798.5221 -4823.4540  0.52%  43.6 1641s
 545344 106331 -4812.2110   40  298 -4798.5221 -4823.3931  0.52%  43.6 1646s
 547263 106489 -4814.1597   36  228 -4798.5221 -4823.3288  0.52%  43.6 1651s
 549073 106749 -4799.1075   43  108 -4798.5221 -4823.2817  0.52%  43.6 1656s
 550955 107020     cutoff   58      -4798.5221 -4823.2173  0.51%  43.5 1661s
 553169 107270 -4801.6862   43   99 -4798.5221 -4823.1680  0.51%  43.5 1666s
 555164 107516 -4803.1226   41  242 -4798.5221 -4823.1165  0.51%  43.5 1671s
 557195 107721 -4799.3905   36  112 -4798.5221 -4823.0573  0.51%  43.5 1676s
 559084 107918 -4815.9104   44  116 -4798.5221 -4823.0004  0.51%  43.5 1681s
 560962 108136 -4805.5604   41  134 -4798.5221 -4822.9518  0.51%  43.5 1687s
 562836 108373 -4804.9811   40  198 -4798.5221 -4822.8977  0.51%  43.5 1691s
 564828 108583 -4806.5077   31  282 -4798.5221 -4822.8371  0.51%  43.4 1697s
 566734 108820 -4808.0027   43  173 -4798.5221 -4822.8036  0.51%  43.4 1702s
 568845 109037     cutoff   38      -4798.5221 -4822.7300  0.50%  43.4 1706s
 570863 109315     cutoff   42      -4798.5221 -4822.6791  0.50%  43.4 1712s
 572943 109523 -4808.1488   39  147 -4798.5221 -4822.6144  0.50%  43.4 1717s
 574651 109756     cutoff   39      -4798.5221 -4822.5674  0.50%  43.4 1722s
 576692 110015     cutoff   45      -4798.5221 -4822.5194  0.50%  43.4 1727s
 578778 110236 -4802.3076   36  209 -4798.5221 -4822.4685  0.50%  43.3 1732s
 580801 110456 -4799.0669   50  111 -4798.5221 -4822.4230  0.50%  43.3 1736s
 582728 110662     cutoff   43      -4798.5221 -4822.3594  0.50%  43.3 1741s
 584634 110901     cutoff   30      -4798.5221 -4822.3074  0.50%  43.3 1746s
 586729 111108     cutoff   44      -4798.5221 -4822.2466  0.49%  43.3 1751s
 588592 111271 infeasible   44      -4798.5221 -4822.1971  0.49%  43.3 1756s
 590557 111480     cutoff   34      -4798.5221 -4822.1496  0.49%  43.3 1761s
 592483 111706 -4799.6150   38  202 -4798.5221 -4822.0989  0.49%  43.3 1766s
 594501 112013 -4800.6638   34  270 -4798.5221 -4822.0523  0.49%  43.3 1771s
 596679 112077 infeasible   38      -4798.5221 -4821.9947  0.49%  43.2 1777s
 597312 112275     cutoff   33      -4798.5221 -4821.9857  0.49%  43.2 1783s
 599369 112544     cutoff   38      -4798.5221 -4821.9339  0.49%  43.2 1788s
 601496 112800 -4799.4391   49  111 -4798.5221 -4821.8718  0.49%  43.2 1793s
 603512 112989 -4801.9946   56   52 -4798.5221 -4821.8185  0.49%  43.2 1798s
 605523 113191 -4807.1259   46  244 -4798.5221 -4821.7677  0.48%  43.2 1803s
 607418 113391 -4809.3435   37  130 -4798.5221 -4821.7102  0.48%  43.2 1808s
 609425 113628 -4803.5365   39  126 -4798.5221 -4821.6732  0.48%  43.1 1812s
 611527 113792     cutoff   51      -4798.5221 -4821.6195  0.48%  43.1 1818s
 612928 114078 -4810.5215   41  139 -4798.5221 -4821.5915  0.48%  43.1 1823s
 614979 114252     cutoff   41      -4798.5221 -4821.5350  0.48%  43.1 1827s
 616884 114428 -4809.1789   49  121 -4798.5221 -4821.4863  0.48%  43.1 1833s
 619048 114591 -4809.5375   40  258 -4798.5221 -4821.4210  0.48%  43.1 1837s
 620973 114799     cutoff   44      -4798.5221 -4821.3744  0.48%  43.1 1842s
 623208 115017 -4810.7657   40  163 -4798.5221 -4821.3233  0.48%  43.0 1847s
 625219 115213 -4806.0250   45  180 -4798.5221 -4821.2688  0.47%  43.0 1852s
 627274 115474 -4802.5694   39  232 -4798.5221 -4821.2211  0.47%  43.0 1857s
 629316 115725     cutoff   37      -4798.5221 -4821.1814  0.47%  43.0 1862s
 631362 115926 -4805.0135   50   30 -4798.5221 -4821.1266  0.47%  43.0 1867s
 633393 116079     cutoff   29      -4798.5221 -4821.0878  0.47%  43.0 1872s
 635546 116276 -4806.8550   37  375 -4798.5221 -4821.0375  0.47%  42.9 1877s
 637500 116400 -4817.9659   40  241 -4798.5221 -4820.9863  0.47%  42.9 1882s
 638960 116630     cutoff   44      -4798.5221 -4820.9695  0.47%  42.9 1887s
 641033 116833 -4811.9384   58   46 -4798.5221 -4820.9044  0.47%  42.9 1892s
 643142 116944 -4800.6501   44  116 -4798.5221 -4820.8442  0.47%  42.9 1897s
 645138 117099 -4804.3792   36  312 -4798.5221 -4820.7960  0.46%  42.9 1901s
 647165 117318 -4808.6518   36  181 -4798.5221 -4820.7624  0.46%  42.9 1906s
 649221 117500     cutoff   46      -4798.5221 -4820.6936  0.46%  42.9 1911s
 651316 117720 -4812.3070   43  215 -4798.5221 -4820.6444  0.46%  42.8 1916s
 653384 117886 -4801.3474   50   33 -4798.5221 -4820.6021  0.46%  42.8 1921s
 655445 118026     cutoff   40      -4798.5221 -4820.5575  0.46%  42.8 1925s
 657538 118184 infeasible   42      -4798.5221 -4820.5081  0.46%  42.8 1930s
 659654 118382 -4809.4993   46   97 -4798.5221 -4820.4541  0.46%  42.8 1935s
 661666 118564 -4801.2973   31  235 -4798.5221 -4820.4090  0.46%  42.8 1940s
 663823 118746 -4810.0876   37  235 -4798.5221 -4820.3642  0.46%  42.7 1945s
 666021 118972     cutoff   46      -4798.5221 -4820.3169  0.45%  42.7 1950s
 668055 118983 -4802.4782   40  196 -4798.5221 -4820.2795  0.45%  42.7 1958s
 668237 119155 -4799.9028   41  222 -4798.5221 -4820.2767  0.45%  42.7 1963s
 670289 119390 -4805.6984   38  214 -4798.5221 -4820.2318  0.45%  42.7 1968s
 672421 119628 -4805.6327   47   97 -4798.5221 -4820.1875  0.45%  42.7 1973s
 674664 119893 -4806.0699   38  222 -4798.5221 -4820.1352  0.45%  42.6 1977s
 676877 120054 -4807.5625   67   36 -4798.5221 -4820.0887  0.45%  42.6 1983s
 678987 120215 -4806.4462   37  133 -4798.5221 -4820.0466  0.45%  42.6 1988s
 681098 120399 -4803.1627   58  113 -4798.5221 -4820.0019  0.45%  42.6 1993s
 683205 120625 -4810.9894   42  333 -4798.5221 -4819.9387  0.45%  42.6 1997s
 685232 120773 -4809.9176   30  387 -4798.5221 -4819.8987  0.45%  42.6 2002s
 687228 120915 -4800.7346   35  223 -4798.5221 -4819.8564  0.44%  42.5 2007s
 689384 121059 -4799.5307   37  221 -4798.5221 -4819.8038  0.44%  42.5 2012s
 691530 121164 -4816.6031   36  182 -4798.5221 -4819.7576  0.44%  42.5 2017s
 693465 121318     cutoff   45      -4798.5221 -4819.7197  0.44%  42.5 2022s
 695500 121442     cutoff   59      -4798.5221 -4819.6733  0.44%  42.5 2027s
 697625 121648 -4809.8605   35  142 -4798.5221 -4819.6339  0.44%  42.5 2032s
 699746 121861 -4808.0515   37  109 -4798.5221 -4819.5936  0.44%  42.4 2037s
 702020 122023     cutoff   41      -4798.5221 -4819.5378  0.44%  42.4 2042s
 704205 122105 -4801.4618   36  135 -4798.5221 -4819.4825  0.44%  42.4 2047s
 706262 122236     cutoff   47      -4798.5221 -4819.4351  0.44%  42.4 2052s
 708252 122399     cutoff   48      -4798.5221 -4819.3863  0.43%  42.4 2057s
 710449 122560 -4805.1357   40  145 -4798.5221 -4819.3494  0.43%  42.4 2062s
 712631 122704 -4812.1661   51   14 -4798.5221 -4819.2937  0.43%  42.3 2066s
 714754 122850 -4803.9736   62   32 -4798.5221 -4819.2431  0.43%  42.3 2071s
 716911 122999 -4814.0009   33  326 -4798.5221 -4819.2051  0.43%  42.3 2076s
 719182 123104     cutoff   38      -4798.5221 -4819.1593  0.43%  42.3 2081s
 721376 123190 infeasible   51      -4798.5221 -4819.1037  0.43%  42.3 2086s
 723452 123322 -4815.4325   51   67 -4798.5221 -4819.0653  0.43%  42.2 2091s
 725625 123435 -4805.3149   36  223 -4798.5221 -4819.0245  0.43%  42.2 2096s
 727737 123607 -4811.2035   40  180 -4798.5221 -4818.9789  0.43%  42.2 2100s
 729971 123709 -4805.3464   49  159 -4798.5221 -4818.9306  0.43%  42.2 2106s
 731918 123816     cutoff   40      -4798.5221 -4818.8912  0.42%  42.2 2110s
 734087 123987     cutoff   48      -4798.5221 -4818.8471  0.42%  42.1 2115s
 736292 124159 -4801.7370   44  280 -4798.5221 -4818.8031  0.42%  42.1 2120s
 738469 124345     cutoff   47      -4798.5221 -4818.7639  0.42%  42.1 2125s
 740760 124510 -4804.6340   41  319 -4798.5221 -4818.7082  0.42%  42.1 2130s
 743011 124693 -4817.1274   57   77 -4798.5221 -4818.6802  0.42%  42.1 2135s
 745188 124820     cutoff   37      -4798.5221 -4818.6234  0.42%  42.0 2140s
 746811 124988 -4804.6682   49  131 -4798.5221 -4818.5942  0.42%  42.0 2145s
 749211 125215 -4812.0074   46  111 -4798.5221 -4818.5559  0.42%  42.0 2150s
 751501 125327 -4806.8788   43  232 -4798.5221 -4818.5155  0.42%  42.0 2155s
 753726 125422 -4804.9374   30  327 -4798.5221 -4818.4697  0.42%  41.9 2160s
 755988 125570 -4810.1522   43  126 -4798.5221 -4818.4225  0.41%  41.9 2165s
 758033 125750 -4816.5033   51   20 -4798.5221 -4818.3861  0.41%  41.9 2170s
 760343 125923 -4810.2349   40  213 -4798.5221 -4818.3366  0.41%  41.9 2175s
 762616 126135     cutoff   42      -4798.5221 -4818.2946  0.41%  41.8 2180s
 765035 126342 -4803.8381   42   96 -4798.5221 -4818.2471  0.41%  41.8 2185s
 769461 126577 -4810.8627   35   89 -4798.5221 -4818.1602  0.41%  41.8 2194s
 771596 126731     cutoff   47      -4798.5221 -4818.1181  0.41%  41.8 2199s
 773770 126938     cutoff   39      -4798.5221 -4818.0860  0.41%  41.7 2204s
 775891 127119     cutoff   60      -4798.5221 -4818.0397  0.41%  41.7 2209s
 778042 127236 -4805.7083   36  260 -4798.5221 -4817.9962  0.41%  41.7 2214s
 780383 127360 -4813.8334   60   50 -4798.5221 -4817.9568  0.41%  41.7 2219s
 782570 127479 infeasible   55      -4798.5221 -4817.9178  0.40%  41.7 2223s
 784899 127573 -4805.4787   33  215 -4798.5221 -4817.8795  0.40%  41.6 2228s
 787058 127669 -4809.1469   40  121 -4798.5221 -4817.8421  0.40%  41.6 2233s
 789152 127800 -4806.6188   40  166 -4798.5221 -4817.8020  0.40%  41.6 2238s
 791347 127984 -4804.6085   63   33 -4798.5221 -4817.7634  0.40%  41.6 2243s
 793661 128173 -4807.3662   29  195 -4798.5221 -4817.7222  0.40%  41.6 2248s
 795701 128358 -4812.8925   42   79 -4798.5221 -4817.6876  0.40%  41.5 2253s
 798013 128518     cutoff   44      -4798.5221 -4817.6536  0.40%  41.5 2258s
 800269 128579 -4799.6256   50  110 -4798.5221 -4817.6185  0.40%  41.5 2263s
 802461 128653 -4812.5673   32  140 -4798.5221 -4817.5691  0.40%  41.5 2267s
 804672 128700 -4802.6036   46  177 -4798.5221 -4817.5289  0.40%  41.4 2272s
 806785 128849     cutoff   54      -4798.5221 -4817.4915  0.40%  41.4 2277s
 809051 128991 -4799.7212   38  190 -4798.5221 -4817.4466  0.39%  41.4 2282s
 811293 129070     cutoff   45      -4798.5221 -4817.4064  0.39%  41.4 2287s
 813535 129234 -4812.2216   36  196 -4798.5221 -4817.3634  0.39%  41.4 2291s
 815828 129429     cutoff   42      -4798.5221 -4817.3210  0.39%  41.3 2296s
 818273 129572 -4804.4818   38   46 -4798.5221 -4817.2821  0.39%  41.3 2301s
 820636 129664 -4814.5564   46  117 -4798.5221 -4817.2444  0.39%  41.3 2306s
 822891 129740 -4812.4761   46   34 -4798.5221 -4817.2189  0.39%  41.3 2311s
 825034 129839     cutoff   37      -4798.5221 -4817.1851  0.39%  41.2 2315s
 827091 130002     cutoff   55      -4798.5221 -4817.1473  0.39%  41.2 2320s
 829313 130126     cutoff   57      -4798.5221 -4817.1042  0.39%  41.2 2325s
 831692 130246 -4807.3057   37  152 -4798.5221 -4817.0695  0.39%  41.2 2330s
 833208 130329 -4803.0431   53  113 -4798.5221 -4817.0353  0.39%  41.2 2335s
 835277 130441     cutoff   42      -4798.5221 -4817.0045  0.39%  41.2 2340s
 837583 130503 -4801.2006   52   80 -4798.5221 -4816.9665  0.38%  41.1 2345s
 842039 130768 -4813.4133   34  344 -4798.5221 -4816.8816  0.38%  41.1 2354s
 844181 130850 -4808.8892   50  107 -4798.5221 -4816.8427  0.38%  41.1 2359s
 846329 131011 -4810.1945   42  149 -4798.5221 -4816.8095  0.38%  41.1 2363s
 848583 131049 -4813.0827   43  184 -4798.5221 -4816.7692  0.38%  41.0 2368s
 850708 131084     cutoff   44      -4798.5221 -4816.7373  0.38%  41.0 2373s
 853065 131146 -4801.5855   41  179 -4798.5221 -4816.6815  0.38%  41.0 2378s
 855211 131201 -4799.0802   40  239 -4798.5221 -4816.6543  0.38%  41.0 2382s
 857112 131222 -4805.6747   41  207 -4798.5221 -4816.6073  0.38%  41.0 2387s
 859430 131303 -4812.3555   56   86 -4798.5221 -4816.5681  0.38%  40.9 2392s
 861445 131424 -4813.5438   39  158 -4798.5221 -4816.5309  0.38%  40.9 2396s
 863790 131508     cutoff   54      -4798.5221 -4816.4971  0.37%  40.9 2401s
 865905 131529 -4806.6121   44  137 -4798.5221 -4816.4512  0.37%  40.9 2407s
 866702 131605     cutoff   45      -4798.5221 -4816.4481  0.37%  40.9 2412s
 868971 131688 -4803.3892   57   91 -4798.5221 -4816.4010  0.37%  40.9 2417s
 871250 131806 -4812.7554   58  105 -4798.5221 -4816.3636  0.37%  40.8 2421s
 873554 131913 -4808.9707   35  279 -4798.5221 -4816.3357  0.37%  40.8 2426s
 875812 131991     cutoff   43      -4798.5221 -4816.2901  0.37%  40.8 2431s
 878068 132131 -4801.0700   44  179 -4798.5221 -4816.2486  0.37%  40.8 2436s
 880470 132140     cutoff   43      -4798.5221 -4816.2126  0.37%  40.7 2441s
 882545 132186 -4799.2226   37   92 -4798.5221 -4816.1735  0.37%  40.7 2445s
 884663 132245 -4807.5175   57   68 -4798.5221 -4816.1335  0.37%  40.7 2450s
 886837 132290     cutoff   40      -4798.5221 -4816.0966  0.37%  40.7 2455s
 891362 132433     cutoff   41      -4798.5221 -4816.0348  0.36%  40.7 2464s
 893720 132440     cutoff   36      -4798.5221 -4815.9873  0.36%  40.6 2469s
 895890 132548 -4814.4899   50   79 -4798.5221 -4815.9535  0.36%  40.6 2473s
 898108 132653     cutoff   30      -4798.5221 -4815.9217  0.36%  40.6 2478s
 900459 132720 -4813.6781   53   75 -4798.5221 -4815.8858  0.36%  40.6 2483s
 902736 132826     cutoff   59      -4798.5221 -4815.8462  0.36%  40.5 2488s
 905061 132877 -4814.2425   52   84 -4798.5221 -4815.8099  0.36%  40.5 2492s
 907352 132896     cutoff   57      -4798.5221 -4815.7730  0.36%  40.5 2497s
 909046 132962 -4799.3411   46  250 -4798.5221 -4815.7430  0.36%  40.5 2502s
 911255 133005     cutoff   41      -4798.5221 -4815.7088  0.36%  40.5 2507s
 913364 133007 -4804.7099   42  199 -4798.5221 -4815.6743  0.36%  40.4 2511s
 915554 133038 -4812.5073   50   30 -4798.5221 -4815.6358  0.36%  40.4 2516s
 917228 133112 -4811.7934   32  350 -4798.5221 -4815.6060  0.36%  40.4 2520s
 919429 133170 infeasible   58      -4798.5221 -4815.5705  0.36%  40.4 2525s
 921703 133162 -4800.2385   42  119 -4798.5221 -4815.5362  0.35%  40.4 2530s
 926166 133288 -4805.7279   40  189 -4798.5221 -4815.4669  0.35%  40.3 2539s
 928348 133302 -4800.6619   36  173 -4798.5221 -4815.4329  0.35%  40.3 2544s
 930733 133291 -4809.5742   54  184 -4798.5221 -4815.3926  0.35%  40.3 2549s
 932912 133287 -4807.6549   39  242 -4798.5221 -4815.3594  0.35%  40.3 2552s
 934829 133360     cutoff   47      -4798.5221 -4815.3272  0.35%  40.2 2557s
 937265 133333 -4806.7778   59   53 -4798.5221 -4815.2881  0.35%  40.2 2562s
 939522 133359     cutoff   39      -4798.5221 -4815.2526  0.35%  40.2 2566s
 941225 133350     cutoff   48      -4798.5221 -4815.2247  0.35%  40.2 2570s
 945244 133401     cutoff   38      -4798.5221 -4815.1647  0.35%  40.1 2579s
 947279 133404     cutoff   33      -4798.5221 -4815.1370  0.35%  40.1 2583s
 949451 133433 -4805.8641   53   51 -4798.5221 -4815.1079  0.35%  40.1 2588s
 951592 133413 -4813.1432   41   28 -4798.5221 -4815.0723  0.34%  40.1 2593s
 953863 133447 -4802.6340   29  263 -4798.5221 -4815.0449  0.34%  40.1 2598s
 956282 133503 -4805.3924   39  363 -4798.5221 -4815.0023  0.34%  40.1 2603s
 958442 133517     cutoff   46      -4798.5221 -4814.9672  0.34%  40.0 2607s
 960943 133537     cutoff   47      -4798.5221 -4814.9235  0.34%  40.0 2611s
 962552 133535     cutoff   44      -4798.5221 -4814.8996  0.34%  40.0 2616s
 965114 133598 -4801.4389   42  159 -4798.5221 -4814.8589  0.34%  40.0 2620s
 967472 133590 -4805.0314   55  104 -4798.5221 -4814.8413  0.34%  39.9 2625s
 969035 133651 -4801.9102   44   93 -4798.5221 -4814.8128  0.34%  39.9 2631s
 971851 133670 -4800.0288   51   73 -4798.5221 -4814.7668  0.34%  39.9 2636s
 974158 133649     cutoff   38      -4798.5221 -4814.7374  0.34%  39.9 2640s
 977932 133616     cutoff   46      -4798.5221 -4814.6786  0.34%  39.8 2649s
 980003 133583 -4805.4943   43  164 -4798.5221 -4814.6550  0.34%  39.8 2653s
 981990 133592     cutoff   36      -4798.5221 -4814.6231  0.34%  39.8 2657s
 984366 133569 -4799.0256   36  315 -4798.5221 -4814.5877  0.33%  39.8 2662s
 986807 133596 -4803.3971   24  257 -4798.5221 -4814.5532  0.33%  39.8 2666s
 989261 133625 infeasible   42      -4798.5221 -4814.5150  0.33%  39.7 2671s
 991571 133648 -4807.1961   40  225 -4798.5221 -4814.4831  0.33%  39.7 2676s
 993775 133645 -4812.0670   41  178 -4798.5221 -4814.4466  0.33%  39.7 2681s
 994927 133605 -4800.1529   40  208 -4798.5221 -4814.4427  0.33%  39.7 2690s
 1001405 133626     cutoff   57      -4798.5221 -4814.3442  0.33%  39.6 2698s
 1003760 133615 -4809.6362   43  172 -4798.5221 -4814.3028  0.33%  39.6 2702s
 1005496 133612 -4808.5766   62   80 -4798.5221 -4814.2778  0.33%  39.6 2705s
 1007403 133658 infeasible   56      -4798.5221 -4814.2484  0.33%  39.6 2710s
 1009748 133661     cutoff   52      -4798.5221 -4814.2138  0.33%  39.5 2715s
 1013951 133729 -4808.5866   35  285 -4798.5221 -4814.1552  0.33%  39.5 2723s
 1016237 133683 -4803.1410   44  200 -4798.5221 -4814.1165  0.32%  39.5 2728s
 1018454 133711 -4805.4301   39  166 -4798.5221 -4814.0838  0.32%  39.5 2732s
 1019780 133698 -4807.2033   32  148 -4798.5221 -4814.0664  0.32%  39.5 2737s
 1022078 133666     cutoff   34      -4798.5221 -4814.0297  0.32%  39.4 2741s
 1025702 133611     cutoff   39      -4798.5221 -4813.9731  0.32%  39.4 2749s
 1028024 133617 -4804.2645   38  175 -4798.5221 -4813.9454  0.32%  39.4 2753s
 1029652 133599 -4804.1528   42  126 -4798.5221 -4813.9198  0.32%  39.4 2757s
 1031980 133618 -4803.5601   56   40 -4798.5221 -4813.8884  0.32%  39.4 2762s
 1034327 133549 -4803.2065   55   29 -4798.5221 -4813.8583  0.32%  39.3 2766s
 1036685 133517 -4805.3325   40  280 -4798.5221 -4813.8193  0.32%  39.3 2770s
 1040544 133517 -4804.9616   60  142 -4798.5221 -4813.7660  0.32%  39.3 2777s
 1042308 133447 infeasible   41      -4798.5221 -4813.7408  0.32%  39.3 2782s
 1044598 133407     cutoff   41      -4798.5221 -4813.7091  0.32%  39.2 2786s
 1048259 133370 -4807.0197   53   46 -4798.5221 -4813.6610  0.32%  39.2 2794s
 1050674 133343 infeasible   44      -4798.5221 -4813.6241  0.31%  39.2 2797s
 1052281 133288     cutoff   47      -4798.5221 -4813.5999  0.31%  39.2 2802s
 1054714 133236 infeasible   46      -4798.5221 -4813.5661  0.31%  39.1 2805s
 1058129 133143     cutoff   37      -4798.5221 -4813.5129  0.31%  39.1 2812s
 1059910 133095     cutoff   41      -4798.5221 -4813.4900  0.31%  39.1 2816s
 1061700 133017 -4808.7599   52  123 -4798.5221 -4813.4660  0.31%  39.1 2820s
 1065119 132887 -4805.6193   47  170 -4798.5221 -4813.4192  0.31%  39.1 2827s
 1066995 132857 -4802.0255   38  273 -4798.5221 -4813.3848  0.31%  39.0 2831s
 1068838 132813 -4803.0444   59   30 -4798.5221 -4813.3590  0.31%  39.0 2835s
 1073086 132740 infeasible   48      -4798.5221 -4813.3070  0.31%  39.0 2842s
 1074679 132703 -4809.4478   52   94 -4798.5221 -4813.2898  0.31%  39.0 2846s
 1078378 132550 -4803.0704   45   78 -4798.5221 -4813.2343  0.31%  38.9 2853s
 1080103 132489     cutoff   45      -4798.5221 -4813.2080  0.31%  38.9 2856s
 1081855 132487 -4800.6449   36  114 -4798.5221 -4813.1840  0.31%  38.9 2865s
 1084132 132333     cutoff   57      -4798.5221 -4813.1514  0.30%  38.9 2874s
 1086550 132300     cutoff   62      -4798.5221 -4813.1236  0.30%  38.9 2877s
 1088230 132270 -4802.7507   37  121 -4798.5221 -4813.0982  0.30%  38.8 2881s
 1091964 132117 -4811.6671   51   64 -4798.5221 -4813.0446  0.30%  38.8 2888s
 1093662 132077 -4808.4881   61   69 -4798.5221 -4813.0207  0.30%  38.8 2892s
 1095489 132081 -4806.2680   44  111 -4798.5221 -4812.9955  0.30%  38.8 2895s
 1097337 131977     cutoff   39      -4798.5221 -4812.9727  0.30%  38.8 2900s
 1101599 131916 -4810.9602   36  171 -4798.5221 -4812.9153  0.30%  38.7 2907s
 1102978 131888 infeasible   53      -4798.5221 -4812.8982  0.30%  38.7 2911s
 1106754 131820 infeasible   63      -4798.5221 -4812.8532  0.30%  38.7 2918s
 1108526 131809 -4805.2089   53   73 -4798.5221 -4812.8267  0.30%  38.7 2922s
 1110505 131774     cutoff   44      -4798.5221 -4812.8009  0.30%  38.7 2925s
 1114496 131643 -4800.7604   43  107 -4798.5221 -4812.7497  0.30%  38.6 2933s
 1116337 131600 -4804.8134   52  165 -4798.5221 -4812.7256  0.30%  38.6 2936s
 1118346 131515     cutoff   45      -4798.5221 -4812.6992  0.30%  38.6 2940s
 1121982 131374     cutoff   61      -4798.5221 -4812.6526  0.29%  38.5 2947s
 1123484 131311 -4810.7612   51  132 -4798.5221 -4812.6299  0.29%  38.5 2950s
 1127151 131201     cutoff   43      -4798.5221 -4812.5740  0.29%  38.5 2958s
 1128944 131162 -4803.6757   39  266 -4798.5221 -4812.5548  0.29%  38.5 2961s
 1130806 131079 -4800.3983   64   38 -4798.5221 -4812.5268  0.29%  38.5 2965s
 1134579 130972     cutoff   40      -4798.5221 -4812.4760  0.29%  38.4 2972s
 1136203 130921 -4805.3299   56   92 -4798.5221 -4812.4535  0.29%  38.4 2976s
 1140049 130870 -4808.6797   41  276 -4798.5221 -4812.4009  0.29%  38.4 2983s
 1141876 130765     cutoff   42      -4798.5221 -4812.3803  0.29%  38.4 2986s
 1143667 130718     cutoff   43      -4798.5221 -4812.3555  0.29%  38.3 2990s
 1147106 130532     cutoff   49      -4798.5221 -4812.3053  0.29%  38.3 2997s
 1148925 130503 -4808.7386   40  136 -4798.5221 -4812.2813  0.29%  38.3 3001s
 1152407 130323     cutoff   62      -4798.5221 -4812.2400  0.29%  38.3 3008s
 1154237 130257     cutoff   48      -4798.5221 -4812.2093  0.29%  38.3 3012s
 1156182 130201 -4809.2684   54   40 -4798.5221 -4812.1851  0.28%  38.2 3015s
 1159829 129989     cutoff   41      -4798.5221 -4812.1384  0.28%  38.2 3022s
 1161656 129972     cutoff   41      -4798.5221 -4812.1097  0.28%  38.2 3026s
 1163621 129904 -4801.6105   36  264 -4798.5221 -4812.0856  0.28%  38.2 3030s
 1167893 129733 -4803.2950   59   59 -4798.5221 -4812.0293  0.28%  38.1 3037s
 1169349 129660     cutoff   46      -4798.5221 -4812.0152  0.28%  38.1 3041s
 1173176 129438     cutoff   54      -4798.5221 -4811.9576  0.28%  38.1 3048s
 1174912 129331     cutoff   65      -4798.5221 -4811.9376  0.28%  38.1 3052s
 1176799 129231     cutoff   38      -4798.5221 -4811.9168  0.28%  38.1 3055s
 1180598 129082 -4805.4061   57   35 -4798.5221 -4811.8675  0.28%  38.0 3063s
 1183155 129007 -4802.4899   52   41 -4798.5221 -4811.8335  0.28%  38.0 3067s
 1184764 128894 -4805.7577   56  104 -4798.5221 -4811.8114  0.28%  38.0 3070s
 1188070 128663 infeasible   38      -4798.5221 -4811.7622  0.28%  38.0 3077s
 1190056 128518 -4809.7397   59   72 -4798.5221 -4811.7373  0.28%  37.9 3081s
 1193788 128357     cutoff   53      -4798.5221 -4811.6937  0.27%  37.9 3088s
 1195716 128216 -4803.0100   57   92 -4798.5221 -4811.6676  0.27%  37.9 3091s
 1199383 127987 -4802.2657   50   39 -4798.5221 -4811.6209  0.27%  37.9 3098s
 1201208 127863 -4809.7250   50   70 -4798.5221 -4811.5954  0.27%  37.8 3101s
 1202895 127793     cutoff   40      -4798.5221 -4811.5659  0.27%  37.8 3105s
 1206500 127618     cutoff   42      -4798.5221 -4811.5179  0.27%  37.8 3112s
 1208147 127527     cutoff   54      -4798.5221 -4811.4982  0.27%  37.8 3115s
 1212011 127425 -4801.5238   44  241 -4798.5221 -4811.4506  0.27%  37.8 3122s
 1213954 127291 -4808.0966   33  264 -4798.5221 -4811.4292  0.27%  37.7 3127s
 1216295 127187 -4806.8680   36  135 -4798.5221 -4811.3980  0.27%  37.7 3130s
 1220077 126973 -4800.5076   33  162 -4798.5221 -4811.3514  0.27%  37.7 3137s
 1221704 126819     cutoff   55      -4798.5221 -4811.3213  0.27%  37.7 3140s
 1225152 126616 infeasible   46      -4798.5221 -4811.2851  0.27%  37.6 3148s
 1227085 126491     cutoff   32      -4798.5221 -4811.2561  0.27%  37.6 3152s
 1229060 126405 -4799.3625   53   67 -4798.5221 -4811.2313  0.26%  37.6 3155s
 1233005 126145 -4806.5776   58   59 -4798.5221 -4811.1851  0.26%  37.6 3162s
 1234846 125980     cutoff   67      -4798.5221 -4811.1583  0.26%  37.6 3166s
 1238468 125717     cutoff   42      -4798.5221 -4811.1135  0.26%  37.5 3172s
 1240356 125638     cutoff   57      -4798.5221 -4811.0893  0.26%  37.5 3176s
 1244010 125316 infeasible   34      -4798.5221 -4811.0436  0.26%  37.5 3183s
 1245910 125198     cutoff   49      -4798.5221 -4811.0202  0.26%  37.5 3186s
 1247730 125179 -4803.8743   54   71 -4798.5221 -4810.9937  0.26%  37.4 3194s
 1248464 125029 -4802.9448   55   64 -4798.5221 -4810.9925  0.26%  37.4 3197s
 1250483 124919 -4807.8468   53  189 -4798.5221 -4810.9551  0.26%  37.4 3201s
 1252500 124784     cutoff   65      -4798.5221 -4810.9306  0.26%  37.4 3205s
 1256517 124407     cutoff   50      -4798.5221 -4810.8813  0.26%  37.4 3212s
 1258434 124302 -4799.2352   33  192 -4798.5221 -4810.8553  0.26%  37.4 3215s
 1262188 124036     cutoff   37      -4798.5221 -4810.7996  0.26%  37.3 3222s
 1263642 123830     cutoff   45      -4798.5221 -4810.7845  0.26%  37.3 3226s
 1267524 123482     cutoff   46      -4798.5221 -4810.7297  0.25%  37.3 3233s
 1269498 123324 -4805.5537   56   69 -4798.5221 -4810.7007  0.25%  37.3 3236s
 1271375 123204     cutoff   49      -4798.5221 -4810.6792  0.25%  37.3 3240s
 1275290 122914 infeasible   53      -4798.5221 -4810.6287  0.25%  37.2 3246s
 1277149 122750     cutoff   36      -4798.5221 -4810.6097  0.25%  37.2 3250s
 1280900 122409 -4801.2216   58   65 -4798.5221 -4810.5617  0.25%  37.2 3256s
 1282771 122252 -4804.1937   46  112 -4798.5221 -4810.5375  0.25%  37.2 3260s
 1286411 121924 -4804.9061   40  175 -4798.5221 -4810.4957  0.25%  37.1 3266s
 1288308 121801     cutoff   28      -4798.5221 -4810.4719  0.25%  37.1 3270s
 1291933 121512 -4804.1626   62   69 -4798.5221 -4810.4246  0.25%  37.1 3276s
 1293736 121299 -4798.6160   51    4 -4798.5221 -4810.4002  0.25%  37.1 3280s
 1297278 120944 -4799.0294   42  211 -4798.5221 -4810.3582  0.25%  37.0 3286s
 1299288 120779     cutoff   38      -4798.5221 -4810.3282  0.25%  37.0 3290s
 1302853 120479     cutoff   41      -4798.5221 -4810.2818  0.25%  37.0 3296s
 1306511 120211     cutoff   41      -4798.5221 -4810.2414  0.24%  37.0 3303s
 1308324 120020 -4808.6363   39   86 -4798.5221 -4810.2217  0.24%  36.9 3306s
 1312042 119637     cutoff   45      -4798.5221 -4810.1748  0.24%  36.9 3313s
 1313867 119448     cutoff   53      -4798.5221 -4810.1466  0.24%  36.9 3316s
 1315694 119245 -4799.8078   41  110 -4798.5221 -4810.1235  0.24%  36.9 3320s
 1319461 118858 -4804.3370   48   44 -4798.5221 -4810.0752  0.24%  36.9 3326s
 1321308 118704 -4806.5989   51   45 -4798.5221 -4810.0505  0.24%  36.8 3330s
 1324873 118381 -4803.8868   44  261 -4798.5221 -4810.0069  0.24%  36.8 3336s
 1328500 117956 -4806.9685   51   73 -4798.5221 -4809.9603  0.24%  36.8 3343s
 1330324 117747     cutoff   42      -4798.5221 -4809.9339  0.24%  36.8 3346s
 1334121 117335 -4804.7343   34  110 -4798.5221 -4809.8801  0.24%  36.7 3353s
 1335948 117154     cutoff   42      -4798.5221 -4809.8534  0.24%  36.7 3356s
 1339565 116764 -4805.9320   57   71 -4798.5221 -4809.8091  0.24%  36.7 3362s
 1341345 116591 -4806.1352   49   63 -4798.5221 -4809.7845  0.23%  36.7 3365s
 1345112 116252     cutoff   40      -4798.5221 -4809.7334  0.23%  36.6 3372s
 1346791 116037     cutoff   58      -4798.5221 -4809.7172  0.23%  36.6 3375s
 1348550 115823     cutoff   52      -4798.5221 -4809.6992  0.23%  36.6 3402s
 1350305 115541     cutoff   41      -4798.5221 -4809.6697  0.23%  36.6 3406s
 1352773 115313     cutoff   43      -4798.5221 -4809.6385  0.23%  36.6 3410s
 1356837 114853 -4803.2521   58   75 -4798.5221 -4809.5863  0.23%  36.6 3418s
 1359084 114602 -4808.9493   59   58 -4798.5221 -4809.5596  0.23%  36.5 3421s
 1361253 114365     cutoff   44      -4798.5221 -4809.5297  0.23%  36.5 3425s
 1365302 113850     cutoff   43      -4798.5221 -4809.4802  0.23%  36.5 3432s
 1367326 113661     cutoff   37      -4798.5221 -4809.4491  0.23%  36.5 3435s
 1371193 113264 -4802.2399   51   59 -4798.5221 -4809.3966  0.23%  36.4 3442s
 1373032 113076     cutoff   34      -4798.5221 -4809.3707  0.23%  36.4 3445s
 1376752 112562 -4800.9168   40  108 -4798.5221 -4809.3217  0.23%  36.4 3452s
 1378683 112321 -4803.7290   47  172 -4798.5221 -4809.2974  0.22%  36.4 3455s
 1382447 111814     cutoff   41      -4798.5221 -4809.2511  0.22%  36.4 3462s
 1384199 111671 -4807.7008   52   36 -4798.5221 -4809.2255  0.22%  36.3 3465s
 1386015 111679 -4806.9636   54   36 -4798.5221 -4809.2045  0.22%  36.4 3472s
 1386451 111691 -4808.2852   34  324 -4798.5221 -4809.2045  0.22%  36.4 3475s
 1387429 111106 -4802.3324   33  306 -4798.5221 -4809.2045  0.22%  36.4 3489s
 1391441 110773     cutoff   58      -4798.5221 -4809.1731  0.22%  36.4 3495s
 1397017 110071 -4800.0283   52   56 -4798.5221 -4809.0932  0.22%  36.4 3504s
 1399522 109795     cutoff   43      -4798.5221 -4809.0587  0.22%  36.4 3508s
 1401843 109513     cutoff   62      -4798.5221 -4809.0243  0.22%  36.4 3512s
 1403888 109173 -4808.4383   60   16 -4798.5221 -4809.0009  0.22%  36.3 3516s
 1406181 108868 -4802.9340   61   30 -4798.5221 -4808.9701  0.22%  36.3 3520s
 1410561 108248 -4800.8862   45  223 -4798.5221 -4808.9080  0.22%  36.3 3527s
 1412647 107957     cutoff   50      -4798.5221 -4808.8749  0.22%  36.3 3531s
 1416606 107368 -4802.5004   62   39 -4798.5221 -4808.8224  0.21%  36.2 3538s
 1418794 107020     cutoff   49      -4798.5221 -4808.7913  0.21%  36.2 3542s
 1420803 106720 -4802.2897   41  134 -4798.5221 -4808.7579  0.21%  36.2 3545s
 1424873 106108     cutoff   37      -4798.5221 -4808.6998  0.21%  36.2 3552s
 1426857 105817 -4803.6101   48  136 -4798.5221 -4808.6734  0.21%  36.2 3556s
 1428850 105764     cutoff   42      -4798.5221 -4808.6496  0.21%  36.1 3564s
 1429397 105388     cutoff   43      -4798.5221 -4808.6480  0.21%  36.1 3568s
 1431575 105041     cutoff   57      -4798.5221 -4808.6149  0.21%  36.1 3571s
 1433805 104726     cutoff   65      -4798.5221 -4808.5784  0.21%  36.1 3575s
 1438115 104137 infeasible   42      -4798.5221 -4808.5195  0.21%  36.1 3582s
 1440216 103879 -4801.6794   47   58 -4798.5221 -4808.4940  0.21%  36.1 3585s
 1444339 103283 -4802.5341   42  278 -4798.5221 -4808.4423  0.21%  36.0 3592s
 1446206 103020 -4804.5830   55   47 -4798.5221 -4808.4132  0.21%  36.0 3596s
 1450145 102382 -4805.4098   61  101 -4798.5221 -4808.3613  0.21%  36.0 3602s
 1452271 102076 -4804.2348   41  144 -4798.5221 -4808.3329  0.20%  36.0 3606s
 1456260 101459 -4802.2253   31  185 -4798.5221 -4808.2781  0.20%  35.9 3612s
 1458205 101302     cutoff   43      -4798.5221 -4808.2509  0.20%  35.9 3616s
 1461242 100626 -4800.1873   39  136 -4798.5221 -4808.2075  0.20%  35.9 3622s
 1463240 100331 infeasible   53      -4798.5221 -4808.1705  0.20%  35.9 3626s
 1467131 99628 -4800.4261   50  239 -4798.5221 -4808.1215  0.20%  35.8 3633s
 1469132 99270 infeasible   60      -4798.5221 -4808.0875  0.20%  35.8 3636s
 1472959 98617 -4806.1221   66   94 -4798.5221 -4808.0317  0.20%  35.8 3643s
 1474964 98285 -4806.1090   54   21 -4798.5221 -4808.0030  0.20%  35.8 3646s
 1478742 97622 infeasible   41      -4798.5221 -4807.9526  0.20%  35.8 3653s
 1480779 97262 -4805.5572   45   95 -4798.5221 -4807.9252  0.20%  35.7 3656s
 1484727 96558     cutoff   58      -4798.5221 -4807.8633  0.19%  35.7 3663s
 1486702 96227     cutoff   59      -4798.5221 -4807.8346  0.19%  35.7 3666s
 1490499 95506     cutoff   43      -4798.5221 -4807.7748  0.19%  35.7 3672s
 1492167 95122 infeasible   50      -4798.5221 -4807.7486  0.19%  35.7 3676s
 1495907 94419     cutoff   48      -4798.5221 -4807.6971  0.19%  35.6 3682s
 1497994 94049     cutoff   35      -4798.5221 -4807.6638  0.19%  35.6 3686s
 1501968 93178 -4807.1725   52  143 -4798.5221 -4807.5967  0.19%  35.6 3693s
 1504013 92803     cutoff   45      -4798.5221 -4807.5660  0.19%  35.6 3696s
 1507910 92381     cutoff   62      -4798.5221 -4807.5012  0.19%  35.6 3700s
 1510062 91558     cutoff   56      -4798.5221 -4807.4664  0.19%  35.5 3706s
 1514169 90772 infeasible   54      -4798.5221 -4807.4060  0.19%  35.5 3713s
 1516122 90408 -4807.2573   61   50 -4798.5221 -4807.3723  0.18%  35.5 3716s
 1519927 89625 -4804.2609   50   89 -4798.5221 -4807.3131  0.18%  35.5 3723s
 1521608 89208     cutoff   41      -4798.5221 -4807.2813  0.18%  35.5 3726s
 1525630 88424 -4803.3295   48  159 -4798.5221 -4807.2203  0.18%  35.4 3733s
 1527595 88037     cutoff   43      -4798.5221 -4807.1896  0.18%  35.4 3736s
 1531698 87113     cutoff   46      -4798.5221 -4807.1258  0.18%  35.4 3742s
 1533617 86693 -4805.3787   42  111 -4798.5221 -4807.0919  0.18%  35.4 3746s
 1537534 85848 -4798.7528   61  109 -4798.5221 -4807.0274  0.18%  35.3 3752s
 1539537 85662 -4800.6719   39  234 -4798.5221 -4806.9888  0.18%  35.3 3756s
 1542469 84687     cutoff   45      -4798.5221 -4806.9409  0.18%  35.3 3762s
 1544454 84213     cutoff   42      -4798.5221 -4806.9127  0.17%  35.3 3766s
 1548398 83270 infeasible   59      -4798.5221 -4806.8429  0.17%  35.3 3773s
 1550318 82819 -4805.7427   54   18 -4798.5221 -4806.8062  0.17%  35.2 3776s
 1554536 81917     cutoff   55      -4798.5221 -4806.7390  0.17%  35.2 3783s
 1556616 81414     cutoff   62      -4798.5221 -4806.7051  0.17%  35.2 3786s
 1558748 80966 -4803.2727   40  151 -4798.5221 -4806.6683  0.17%  35.2 3790s
 1562797 80016     cutoff   58      -4798.5221 -4806.6063  0.17%  35.1 3796s
 1564778 79459     cutoff   36      -4798.5221 -4806.5724  0.17%  35.1 3800s
 1568728 78416     cutoff   51      -4798.5221 -4806.5077  0.17%  35.1 3807s
 1570833 77954 infeasible   40      -4798.5221 -4806.4557  0.17%  35.1 3810s
 1574670 76946 -4803.1262   50  123 -4798.5221 -4806.3910  0.16%  35.1 3816s
 1576634 76379 -4798.8061   56  130 -4798.5221 -4806.3571  0.16%  35.0 3820s
 1580737 75271 -4801.9289   33  154 -4798.5221 -4806.2750  0.16%  35.0 3826s
 1582770 74751     cutoff   47      -4798.5221 -4806.2431  0.16%  35.0 3830s
 1586791 73635     cutoff   54      -4798.5221 -4806.1569  0.16%  35.0 3836s
 1590813 72496     cutoff   59      -4798.5221 -4806.0734  0.16%  34.9 3843s
 1592761 71905     cutoff   41      -4798.5221 -4806.0369  0.16%  34.9 3846s
 1596961 70896     cutoff   42      -4798.5221 -4805.9634  0.16%  34.9 3853s
 1598975 70407     cutoff   42      -4798.5221 -4805.9235  0.15%  34.9 3856s
 1602712 69247     cutoff   46      -4798.5221 -4805.8527  0.15%  34.9 3862s
 1604932 68582 -4805.2515   51   71 -4798.5221 -4805.8167  0.15%  34.8 3866s
 1607147 67951 -4803.4608   55   91 -4798.5221 -4805.7671  0.15%  34.8 3870s
 1611323 66626 -4802.6144   41  114 -4798.5221 -4805.6680  0.15%  34.8 3877s
 1613495 65939 -4799.4552   38  278 -4798.5221 -4805.6250  0.15%  34.8 3880s
 1617878 64641 -4801.8676   42  143 -4798.5221 -4805.5271  0.15%  34.7 3891s
 1619796 63857     cutoff   51      -4798.5221 -4805.4790  0.14%  34.7 3895s
 1622370 63314     cutoff   45      -4798.5221 -4805.4256  0.14%  34.7 3900s
 1626562 61519     cutoff   59      -4798.5221 -4805.3256  0.14%  34.7 3909s
 1629390 60638     cutoff   58      -4798.5221 -4805.2577  0.14%  34.7 3913s
 1632058 59785 -4803.8303   49  126 -4798.5221 -4805.2006  0.14%  34.6 3917s
 1634761 58909     cutoff   54      -4798.5221 -4805.1382  0.14%  34.6 3921s
 1637321 57932     cutoff   41      -4798.5221 -4805.0777  0.14%  34.6 3925s
 1642606 56049     cutoff   50      -4798.5221 -4804.9321  0.13%  34.6 3933s
 1645263 55131 -4801.4739   48  123 -4798.5221 -4804.8745  0.13%  34.6 3938s
 1647881 54226 -4801.9333   53   52 -4798.5221 -4804.8060  0.13%  34.5 3942s
 1650236 53225     cutoff   48      -4798.5221 -4804.7485  0.13%  34.5 3946s
 1652970 52271 -4801.1530   50   76 -4798.5221 -4804.6654  0.13%  34.5 3950s
 1658010 50194     cutoff   48      -4798.5221 -4804.5212  0.13%  34.5 3958s
 1660635 49212     cutoff   41      -4798.5221 -4804.4445  0.12%  34.4 3963s
 1663425 48102     cutoff   44      -4798.5221 -4804.3612  0.12%  34.4 3967s
 1666188 46987 -4803.5885   51  152 -4798.5221 -4804.2836  0.12%  34.4 3971s
 1668958 45805     cutoff   38      -4798.5221 -4804.1962  0.12%  34.4 3976s
 1671882 44462 -4803.3384   57   54 -4798.5221 -4804.1241  0.12%  34.4 3980s
 1674887 43190 -4799.7814   39  364 -4798.5221 -4804.0222  0.11%  34.3 3985s
 1677900 43019     cutoff   42      -4798.5221 -4803.9100  0.11%  34.3 3997s
 1678297 41659 -4802.2316   58   95 -4798.5221 -4803.9057  0.11%  34.3 4002s
 1681579 40333     cutoff   47      -4798.5221 -4803.8006  0.11%  34.3 4007s
 1684536 38872 -4798.7189   52   81 -4798.5221 -4803.6894  0.11%  34.3 4012s
 1687808 37327 -4803.5413   57   39 -4798.5221 -4803.5678  0.11%  34.2 4017s
 1690990 35710 -4802.9318   54   26 -4798.5221 -4803.4461  0.10%  34.2 4022s
 1694361 34150 -4799.1527   53   98 -4798.5221 -4803.2973  0.10%  34.2 4027s
 1697665 32339 infeasible   41      -4798.5221 -4803.1885  0.10%  34.2 4033s
 1701134 30556 -4802.9649   56   41 -4798.5221 -4803.0176  0.09%  34.1 4038s
 1704546 28717 -4802.7474   60   83 -4798.5221 -4802.8555  0.09%  34.1 4043s
 1707981 26736 -4800.3620   44   56 -4798.5221 -4802.6998  0.09%  34.1 4049s
 1711662 24724 -4800.8344   56   69 -4798.5221 -4802.5120  0.08%  34.0 4055s
 1714914 22333 -4798.6682   45  120 -4798.5221 -4802.3058  0.08%  34.0 4061s
 1718824 19638     cutoff   44      -4798.5221 -4802.0338  0.07%  34.0 4067s
 1722951 16976     cutoff   49      -4798.5221 -4801.7430  0.07%  33.9 4076s
 1726832 13648     cutoff   57      -4798.5221 -4801.4579  0.06%  33.9 4083s
 1731300 12254     cutoff   57      -4798.5221 -4800.9230  0.05%  33.9 4091s
 1733043  8488     cutoff   49      -4798.5221 -4800.9197  0.05%  33.8 4098s
 1737564  4072     cutoff   41      -4798.5221 -4800.1905  0.03%  33.8 4105s
 1742361     0     cutoff   44      -4798.5221 -4799.3412  0.02%  33.7 4111s

Cutting planes:
  Gomory: 27
  Cover: 331
  Clique: 1
  MIR: 1
  Flow cover: 81
  Inf proof: 161
  Zero half: 76
  RLT: 198
  Lazy constraints: 2681

Explored 1746520 nodes (58845065 simplex iterations) in 4111.28 seconds
Thread count was 12 (of 12 available processors)

Solution count 10: -4798.52 -4795.2 -4791.71 ... -4763.45
No other solutions better than -4798.52

Optimal solution found (tolerance 1.00e-04)
Best objective -4.798522081245e+03, best bound -4.798522081245e+03, gap 0.0000%

User-callback calls 3641109, time in user-callback 12.61 sec
