/projects/academic/josewalt/sriavoba/python
Using license file /util/academic/gurobi/licenses/gurobi.lic
Set parameter TokenServer to value srv-m14-36.cbls.ccr.buffalo.edu
Set parameter TSPort to value 46325
Changed value of parameter lazyConstraints to 1
   Prev: 0  Min: 0  Max: 1  Default: 0
Changed value of parameter TimeLimit to 21600.0
   Prev: inf  Min: 0.0  Max: inf  Default: inf
Gurobi Optimizer version 9.1.1 build v9.1.1rc0 (linux64)
Thread count: 12 physical cores, 12 logical processors, using up to 12 threads
Optimize a model with 4424 rows, 5736 columns and 21637 nonzeros
Model fingerprint: 0xa93ed201
Variable types: 806 continuous, 4930 integer (4755 binary)
Coefficient statistics:
  Matrix range     [1e+00, 6e+02]
  Objective range  [1e+00, 1e+00]
  Bounds range     [1e+00, 9e+01]
  RHS range        [1e+00, 6e+02]
Presolve removed 486 rows and 177 columns
Presolve time: 0.05s
Presolved: 3938 rows, 5559 columns, 20373 nonzeros
Variable types: 727 continuous, 4832 integer (4657 binary)

Root relaxation: objective -5.146648e+03, 2249 iterations, 0.11 seconds

    Nodes    |    Current Node    |     Objective Bounds      |     Work
 Expl Unexpl |  Obj  Depth IntInf | Incumbent    BestBd   Gap | It/Node Time

     0     0 -5146.6477    0  354          - -5146.6477      -     -    0s
     0     0 -5114.9590    0  406          - -5114.9590      -     -    0s
     0     0 -5079.4404    0  541          - -5079.4404      -     -    0s
     0     0 -5074.3572    0  666          - -5074.3572      -     -    1s
     0     0 -5074.2520    0  668          - -5074.2520      -     -    1s
     0     0 -5073.9024    0  657          - -5073.9024      -     -    1s
     0     0 -5073.8674    0  660          - -5073.8674      -     -    1s
     0     0 -5073.8674    0  396          - -5073.8674      -     -    1s
     0     2 -5073.8674    0  396          - -5073.8674      -     -    1s
   510   541 -5006.3907   29   94          - -5066.8361      -  85.3    5s
  3740  3576 -4997.3449   17  163          - -5060.1470      -  29.7   10s
  3894  3592 -4727.5365  123  477          - -5043.9468      -  29.7   15s
  3899  3601 -5023.5708   12  257          - -5043.9239      -  32.3   20s
  7245  5994 -5032.6265   25  325          - -5043.2988      -  27.9   25s
H 8983  5333                    -4614.536490 -5043.2988  9.29%  24.9   27s
H 9183  4988                    -4625.661160 -5043.2988  9.03%  24.7   27s
H 9190  4813                    -4630.996618 -5043.2988  8.90%  24.7   27s
H 9190  4541                    -4656.298594 -5043.2988  8.31%  24.7   27s
* 9257  4171             133    -4707.012165 -5043.2988  7.14%  24.7   27s
H 9339  4019                    -4707.117426 -5043.2988  7.14%  24.8   28s
H 9342  3859                    -4713.306214 -5043.2988  7.00%  24.8   28s
H 9353  3118                    -4827.243149 -5043.2988  4.48%  24.9   28s
H 9472  3033                    -4830.258860 -5043.2988  4.41%  25.1   28s
H 9564  2700                    -4865.331780 -5043.2988  3.66%  25.4   30s
H 9666  2604                    -4869.668339 -5043.2988  3.57%  25.7   31s
H 9800  1849                    -4948.022812 -5043.2988  1.93%  25.9   32s
 10027  1983 -5038.3436   20  438 -4948.0228 -5042.9748  1.92%  26.2   35s
 11941  3513 -4980.2186   38   78 -4948.0228 -5041.8656  1.90%  30.2   40s
 14294  5228 -4961.6362   37   50 -4948.0228 -5039.8954  1.86%  32.5   45s
H15095  5257                    -4957.636047 -5039.8138  1.66%  33.4   47s
 16242  6341 -4989.1971   44   39 -4957.6360 -5039.1999  1.65%  34.6   50s
 18296  7847 -5005.4677   32  121 -4957.6360 -5038.1918  1.62%  37.2   55s
 20587  9643 -4988.7944   47  115 -4957.6360 -5037.3080  1.61%  38.6   68s
 21326 10299 -4996.3218   42  159 -4957.6360 -5037.0003  1.60%  39.0   70s
H22467  7652                    -4982.682553 -5036.6403  1.08%  39.6   73s
 22907  8208     cutoff   33      -4982.6826 -5036.4205  1.08%  39.9   75s
 26209  9767 -4995.9986   49   11 -4982.6826 -5035.2003  1.05%  41.8   81s
 28139 11225     cutoff   35      -4982.6826 -5034.7077  1.04%  42.6   85s
 30631 12437 -5021.9801   20  245 -4982.6826 -5033.9450  1.03%  43.9   90s
 33424 13789 -4989.7817   28  172 -4982.6826 -5033.1705  1.01%  45.0   95s
 36149 14940 -5025.9701   29  178 -4982.6826 -5032.2497  0.99%  45.9  101s
 37480 15013     cutoff   50      -4982.6826 -5031.9886  0.99%  46.4  105s
 39214 16303 -4986.1978   41   97 -4982.6826 -5031.5217  0.98%  46.9  110s
 41582 17155 -4997.5799   30  145 -4982.6826 -5030.8146  0.97%  47.8  115s
 44374 18494 -4982.9579   37   28 -4982.6826 -5030.2737  0.96%  48.8  120s
 47021 19636     cutoff   45      -4982.6826 -5029.6795  0.94%  49.8  125s
 49507 20740 -4985.8462   49   14 -4982.6826 -5029.0243  0.93%  50.4  131s
 52237 21914     cutoff   52      -4982.6826 -5028.4183  0.92%  51.1  136s
 54938 22996 -4999.8940   23  375 -4982.6826 -5027.8925  0.91%  51.8  141s
 57950 24167 -5017.7022   31   63 -4982.6826 -5027.3144  0.90%  52.2  146s
 60594 25167 -5004.3862   33  163 -4982.6826 -5026.8407  0.89%  52.7  152s
 63526 26210 -4995.8458   30  103 -4982.6826 -5026.3326  0.88%  53.0  157s
 65053 26805 -4983.1483   46   60 -4982.6826 -5026.0929  0.87%  53.2  160s
 67864 27947 -4998.9875   39  134 -4982.6826 -5025.6437  0.86%  53.5  165s
 70719 28980 -4991.1546   28  106 -4982.6826 -5025.2364  0.85%  53.8  170s
 73460 29787 -4995.6523   31  184 -4982.6826 -5024.8710  0.85%  54.3  176s
 76232 30828 -4990.9050   37  131 -4982.6826 -5024.5187  0.84%  54.6  181s
 78959 31862 -4997.8052   26  166 -4982.6826 -5024.1203  0.83%  54.9  186s
 82014 32846 -5010.4931   25  159 -4982.6826 -5023.6847  0.82%  55.0  191s
 84721 33736 -4999.2515   28  217 -4982.6826 -5023.2332  0.81%  55.3  197s
 86094 34171 -4985.3177   24  103 -4982.6826 -5023.0136  0.81%  55.5  200s
 88714 34920 -5003.3673   28  340 -4982.6826 -5022.7141  0.80%  55.6  205s
 91129 36124 -4999.7226   28  254 -4982.6826 -5022.4232  0.80%  55.7  211s
 94286 37069 -5011.5599   27  101 -4982.6826 -5022.0328  0.79%  55.7  216s
 97216 38109     cutoff   38      -4982.6826 -5021.7091  0.78%  56.0  222s
 99788 38534 -4987.1138   33   86 -4982.6826 -5021.5243  0.78%  56.0  225s
 101696 39449     cutoff   51      -4982.6826 -5021.2438  0.77%  56.2  230s
 104795 40334 -5005.1126   21  253 -4982.6826 -5020.9301  0.77%  56.3  235s
 107554 41246 -5010.3858   24  219 -4982.6826 -5020.5395  0.76%  56.6  241s
 110479 42185 -4999.3099   27  206 -4982.6826 -5020.2829  0.75%  56.8  246s
 113304 43028 -4997.0161   31  100 -4982.6826 -5019.9691  0.75%  57.0  252s
 114671 43480     cutoff   33      -4982.6826 -5019.8228  0.75%  57.1  255s
 117626 44335     cutoff   34      -4982.6826 -5019.5621  0.74%  57.2  261s
 120533 45163 -4998.1486   32  190 -4982.6826 -5019.2779  0.73%  57.3  266s
 123402 46059     cutoff   32      -4982.6826 -5018.9280  0.73%  57.5  272s
 124986 46450 -5003.4149   29  166 -4982.6826 -5018.8076  0.73%  57.5  275s
 127950 47219 -4990.3695   33  292 -4982.6826 -5018.5586  0.72%  57.7  281s
 130902 48129 -4987.1562   33  169 -4982.6826 -5018.2904  0.71%  57.8  287s
 132514 48655 -4994.7917   25  306 -4982.6826 -5018.1318  0.71%  57.9  290s
 135536 49661     cutoff   37      -4982.6826 -5017.8969  0.71%  58.0  296s
 138629 50483 infeasible   30      -4982.6826 -5017.6264  0.70%  58.0  302s
 140119 50830     cutoff   38      -4982.6826 -5017.5033  0.70%  58.1  305s
 143135 51602 -4994.0658   34  153 -4982.6826 -5017.3057  0.69%  58.2  311s
 146249 52549 infeasible   42      -4982.6826 -5017.0268  0.69%  58.2  317s
 147835 52816     cutoff   30      -4982.6826 -5016.8603  0.69%  58.3  320s
 150356 53579 -5005.6500   31  150 -4982.6826 -5016.6567  0.68%  58.4  326s
 153339 54417     cutoff   41      -4982.6826 -5016.4423  0.68%  58.6  332s
 154934 54924 -4996.8213   29  338 -4982.6826 -5016.3299  0.68%  58.6  335s
 158091 55642 -4991.6262   41  164 -4982.6826 -5016.0875  0.67%  58.7  342s
 159593 55860 -4995.4217   27  114 -4982.6826 -5015.9689  0.67%  58.7  345s
 162081 56756 -5003.1043   34  101 -4982.6826 -5015.7948  0.66%  58.8  352s
 163677 57171 -5000.3540   36   69 -4982.6826 -5015.6683  0.66%  58.9  355s
 166645 57980     cutoff   29      -4982.6826 -5015.4540  0.66%  59.0  361s
 169695 58598 -4995.8990   38  176 -4982.6826 -5015.2116  0.65%  59.1  368s
 171287 58868 -5005.6791   30  240 -4982.6826 -5015.1234  0.65%  59.1  371s
 174427 59659     cutoff   38      -4982.6826 -5014.9171  0.65%  59.2  377s
 175992 60029     cutoff   37      -4982.6826 -5014.8404  0.65%  59.3  381s
H177201 60033                    -4982.682560 -5014.8026  0.64%  59.3  381s
 178881 60856     cutoff   47      -4982.6826 -5014.6547  0.64%  59.4  388s
 180485 61188 -4992.9535   32  134 -4982.6826 -5014.5217  0.64%  59.4  391s
 182096 61551 -4991.1485   27  182 -4982.6826 -5014.4065  0.64%  59.4  395s
H183868 61859                    -4982.682562 -5014.3103  0.63%  59.5  398s
 185154 62198     cutoff   37      -4982.6826 -5014.2377  0.63%  59.5  401s
 186617 62549     cutoff   29      -4982.6826 -5014.1148  0.63%  59.6  415s
 189530 63322 infeasible   41      -4982.6826 -5013.9077  0.63%  59.7  422s
 191217 63746 -4989.8206   40  106 -4982.6826 -5013.8053  0.62%  59.7  425s
 194544 64518     cutoff   33      -4982.6826 -5013.5731  0.62%  59.8  432s
 196222 64866 -4998.3822   36   52 -4982.6826 -5013.4693  0.62%  59.8  435s
 199632 65626 -5003.1437   24  227 -4982.6826 -5013.2932  0.61%  59.9  442s
 201253 66002     cutoff   38      -4982.6826 -5013.2081  0.61%  59.9  446s
 204566 66619 -5001.6813   37   45 -4982.6826 -5013.0044  0.61%  60.0  452s
 206177 67060     cutoff   31      -4982.6826 -5012.9059  0.61%  60.0  456s
 209555 67790 -4997.2649   29  140 -4982.6826 -5012.7388  0.60%  60.1  463s
 211210 68149     cutoff   32      -4982.6826 -5012.6360  0.60%  60.1  466s
 212837 68476 -4986.4714   29  217 -4982.6826 -5012.5725  0.60%  60.2  470s
 216316 69174 -5004.2760   31  138 -4982.6826 -5012.3556  0.60%  60.2  476s
 218005 69519 -4984.0587   38    8 -4982.6826 -5012.2811  0.59%  60.2  480s
 221434 70194 -4983.3799   45  129 -4982.6826 -5012.1084  0.59%  60.3  487s
 223145 70498     cutoff   38      -4982.6826 -5012.0040  0.59%  60.3  491s
 226490 71267 -4993.4298   32  173 -4982.6826 -5011.8308  0.58%  60.3  498s
 228198 71626 -4989.4192   26  140 -4982.6826 -5011.7373  0.58%  60.3  501s
 229932 71901 -4998.0561   34  241 -4982.6826 -5011.6295  0.58%  60.3  522s
 231307 72006     cutoff   46      -4982.6826 -5011.5755  0.58%  60.3  528s
 231717 72111 -4983.8835   35  184 -4982.6826 -5011.5708  0.58%  60.3  534s
 232224 72426 -4988.1008   30  139 -4982.6826 -5011.5295  0.58%  60.3  537s
 233935 72775     cutoff   26      -4982.6826 -5011.4400  0.58%  60.3  541s
 235721 73079     cutoff   25      -4982.6826 -5011.3297  0.57%  60.3  545s
 239113 73791 -4996.1923   30   88 -4982.6826 -5011.1571  0.57%  60.4  552s
 240883 74136     cutoff   29      -4982.6826 -5011.0466  0.57%  60.4  556s
 244351 74791     cutoff   27      -4982.6826 -5010.8704  0.57%  60.5  563s
 246020 75092 -4999.9127   26  228 -4982.6826 -5010.7960  0.56%  60.5  567s
 247683 75396 -4991.8260   29  307 -4982.6826 -5010.6875  0.56%  60.6  570s
 251174 76154 -4999.4457   29  118 -4982.6826 -5010.5105  0.56%  60.6  577s
 252735 76479     cutoff   34      -4982.6826 -5010.4239  0.56%  60.7  581s
 254351 76853     cutoff   27      -4982.6826 -5010.3472  0.56%  60.7  585s
 257752 77462     cutoff   40      -4982.6826 -5010.2023  0.55%  60.7  592s
 259508 77704 -4997.5285   41  220 -4982.6826 -5010.1268  0.55%  60.8  596s
*262783 77364              52    -4983.535257 -5009.9401  0.53%  60.8  599s
 262947 77367 -4994.1173   32  145 -4983.5353 -5009.9401  0.53%  60.8  607s
 263078 77618     cutoff   33      -4983.5353 -5009.9383  0.53%  60.8  611s
 266517 78155 -4990.7968   32  171 -4983.5353 -5009.7778  0.53%  60.8  618s
 268354 78437 -4986.1408   47   71 -4983.5353 -5009.6792  0.52%  60.8  622s
 270156 78766 -4989.2027   41  112 -4983.5353 -5009.5851  0.52%  60.9  625s
 273675 79155 -4986.7820   30   22 -4983.5353 -5009.4178  0.52%  60.9  633s
 275272 79391     cutoff   35      -4983.5353 -5009.3482  0.52%  60.9  636s
 277083 79639 -4989.2792   35  218 -4983.5353 -5009.2585  0.52%  60.9  640s
 280273 80204 -4985.4368   32  251 -4983.5353 -5009.1160  0.51%  61.0  647s
 282063 80431 -4985.4200   29  208 -4983.5353 -5009.0433  0.51%  61.0  651s
 285391 80911     cutoff   33      -4983.5353 -5008.8623  0.51%  61.0  658s
 287213 81261 -4989.6739   27  178 -4983.5353 -5008.8140  0.51%  61.0  662s
 289042 81527     cutoff   38      -4983.5353 -5008.7282  0.51%  61.0  665s
*290616 40991              51    -4996.829725 -5008.6543  0.24%  61.0  666s
 292364 39828     cutoff   35      -4996.8297 -5008.5062  0.23%  61.1  673s
 294134 39272 -4998.4751   29  127 -4996.8297 -5008.1667  0.23%  61.1  677s
 296103 38625     cutoff   31      -4996.8297 -5007.9309  0.22%  61.1  681s
 297934 37982 -5001.3358   44  194 -4996.8297 -5007.5932  0.22%  61.1  685s
 300420 37340 -4999.6371   36  162 -4996.8297 -5007.2810  0.21%  61.1  690s
 304202 35641     cutoff   32      -4996.8297 -5006.7092  0.20%  61.1  699s
 306369 34643     cutoff   38      -4996.8297 -5006.3231  0.19%  61.2  704s
 308789 33552     cutoff   28      -4996.8297 -5005.9658  0.18%  61.2  709s
 311361 32301     cutoff   29      -4996.8297 -5005.5715  0.17%  61.1  715s
 313911 30881     cutoff   29      -4996.8297 -5005.1580  0.17%  61.1  720s
 316678 29386     cutoff   36      -4996.8297 -5004.6979  0.16%  61.1  725s
 319537 27770     cutoff   37      -4996.8297 -5004.2516  0.15%  61.0  731s
 322350 26027     cutoff   34      -4996.8297 -5003.7411  0.14%  61.0  736s
 325362 23998 -5000.2451   36  289 -4996.8297 -5003.2363  0.13%  60.9  742s
 328528 21685     cutoff   41      -4996.8297 -5002.6413  0.12%  60.7  747s
 331933 19031     cutoff   32      -4996.8297 -5002.0195  0.10%  60.6  753s
 335537 16187     cutoff   37      -4996.8297 -5001.3736  0.09%  60.3  759s
 339244 12894     cutoff   27      -4996.8297 -5000.6364  0.08%  60.1  764s
 343113  9223     cutoff   35      -4996.8297 -4999.8646  0.06%  59.7  769s
 347088  5175     cutoff   32      -4996.8297 -4998.9362  0.04%  59.3  773s
 351268   723     cutoff   32      -4996.8297 -4997.9989  0.02%  58.9  778s

Cutting planes:
  Gomory: 22
  Cover: 182
  MIR: 1
  Flow cover: 36
  GUB cover: 2
  Inf proof: 408
  Zero half: 88
  RLT: 165
  Lazy constraints: 1562

Explored 355773 nodes (20732796 simplex iterations) in 778.20 seconds
Thread count was 12 (of 12 available processors)

Solution count 10: -4996.83 -4983.54 -4982.68 ... -4713.31

Optimal solution found (tolerance 1.00e-04)
Best objective -4.996829724852e+03, best bound -4.996991171105e+03, gap 0.0032%

User-callback calls 756572, time in user-callback 4.76 sec
