/projects/academic/josewalt/sriavoba/python
Using license file /util/academic/gurobi/licenses/gurobi.lic
Set parameter TokenServer to value srv-m14-36.cbls.ccr.buffalo.edu
Set parameter TSPort to value 46325
Changed value of parameter lazyConstraints to 1
   Prev: 0  Min: 0  Max: 1  Default: 0
Changed value of parameter TimeLimit to 21600.0
   Prev: inf  Min: 0.0  Max: inf  Default: inf
Gurobi Optimizer version 9.1.1 build v9.1.1rc0 (linux64)
Thread count: 12 physical cores, 12 logical processors, using up to 12 threads
Optimize a model with 4287 rows, 5481 columns and 20733 nonzeros
Model fingerprint: 0xca2bf98c
Variable types: 781 continuous, 4700 integer (4530 binary)
Coefficient statistics:
  Matrix range     [1e+00, 6e+03]
  Objective range  [1e+00, 1e+00]
  Bounds range     [1e+00, 1e+02]
  RHS range        [1e+00, 6e+03]
Presolve removed 3137 rows and 1644 columns
Presolve time: 0.03s
Presolved: 1150 rows, 3837 columns, 11531 nonzeros
Variable types: 377 continuous, 3460 integer (3290 binary)

Root relaxation: objective -5.486099e+03, 1656 iterations, 0.05 seconds

    Nodes    |    Current Node    |     Objective Bounds      |     Work
 Expl Unexpl |  Obj  Depth IntInf | Incumbent    BestBd   Gap | It/Node Time

     0     0 -5486.0995    0  348          - -5486.0995      -     -    0s
     0     0 -5449.2623    0  583          - -5449.2623      -     -    0s
     0     0 -5411.1574    0  655          - -5411.1574      -     -    0s
     0     0 -5406.2647    0  646          - -5406.2647      -     -    0s
     0     0 -5406.2647    0  646          - -5406.2647      -     -    1s
     0     2 -5406.2647    0  646          - -5406.2647      -     -    1s
  2022  2183 -5160.1316   86  248          - -5379.1016      -  36.3    5s
* 3083  2869             256    -4694.846096 -5379.1016  14.6%  30.3    6s
H 3190  2868                    -4720.815576 -5379.1016  13.9%  30.3    6s
H 3207  2865                    -4725.032214 -5379.1016  13.8%  30.4    6s
  3899  3479 -5286.5327   23  322 -4725.0322 -5379.1016  13.8%  30.0   10s
H 3911  3312                    -4750.145556 -5373.1966  13.1%  30.0   13s
  3913  3317 -5265.0968   12  381 -4750.1456 -5372.1673  13.1%  32.6   16s
  3975  3372 -5122.0087   17  300 -4750.1456 -5368.7662  13.0%  36.1   20s
H 3997  3211                    -4773.517832 -5368.7662  12.5%  36.8   20s
  4720  3654 -4969.6716   52   99 -4773.5178 -5368.7662  12.5%  37.0   26s
H 4738  3413                    -5063.558157 -5368.7662  6.03%  37.0   27s
  6106  4050 -5222.1288   40   77 -5063.5582 -5367.8137  6.01%  35.2   30s
* 6592  3981             110    -5076.151569 -5367.8137  5.75%  33.9   30s
H 7460  3858                    -5108.709211 -5362.6531  4.97%  32.5   31s
  8830  4697 -5162.1883   76   75 -5108.7092 -5339.5551  4.52%  30.8   35s
H 8856  4182                    -5137.590785 -5339.5551  3.93%  30.7   35s
 12782  6604 -5241.3200   38  100 -5137.5908 -5334.0321  3.82%  28.2   40s
 17747 10755 -5207.8954   32  202 -5137.5908 -5330.5097  3.76%  26.6   45s
H22493 13561                    -5143.376426 -5329.0806  3.61%  25.5   50s
H22494 13492                    -5145.067419 -5329.0806  3.58%  25.5   50s
H22555 12674                    -5156.501282 -5329.0806  3.35%  25.5   50s
 25685 15763 -5302.4386   23  186 -5156.5013 -5327.6886  3.32%  25.6   55s
 30337 19412 -5245.1436   43   58 -5156.5013 -5325.6869  3.28%  25.7   60s
 35083 22986 -5285.0461   28  181 -5156.5013 -5324.0253  3.25%  26.0   66s
 39883 26254 -5165.1462   62   49 -5156.5013 -5322.9211  3.23%  25.8   71s
 43729 28681 -5297.5916   33  235 -5156.5013 -5321.5167  3.20%  26.1   76s
 46919 31011 -5255.9363   31  140 -5156.5013 -5320.2623  3.18%  26.3   80s
 50614 33633 -5194.5420   65   44 -5156.5013 -5319.2835  3.16%  26.5   85s
 55565 36569 -5177.5557   51   83 -5156.5013 -5317.8391  3.13%  26.7   91s
 58703 39063 -5249.4757   52   62 -5156.5013 -5317.0616  3.11%  26.8   95s
 62159 41614     cutoff   76      -5156.5013 -5316.0031  3.09%  27.0  100s
 67161 45070 -5229.3541   58   42 -5156.5013 -5314.8618  3.07%  27.0  106s
*67269 44566              80    -5159.914448 -5314.8133  3.00%  27.0  106s
H69322 43578                    -5167.410283 -5314.2019  2.84%  27.1  107s
H69624 43756                    -5168.699357 -5314.1070  2.81%  27.1  109s
 70347 44441 -5225.6177   37  151 -5168.6994 -5313.8356  2.81%  27.2  111s
 73254 46493     cutoff   76      -5168.6994 -5313.3954  2.80%  27.5  116s
H74355 41377                    -5183.011603 -5313.2331  2.51%  27.6  117s
 76257 42681     cutoff   40      -5183.0116 -5312.7824  2.50%  27.7  120s
 78527 43881 infeasible   48      -5183.0116 -5312.1192  2.49%  27.8  129s
 79692 44641 -5200.0752   49  116 -5183.0116 -5311.8990  2.49%  27.9  131s
 82950 46790 -5284.1800   28  140 -5183.0116 -5310.9204  2.47%  28.0  136s
 84489 47705 -5219.6036   35  215 -5183.0116 -5310.4955  2.46%  28.0  140s
 87983 50028 -5268.7125   30  147 -5183.0116 -5309.6244  2.44%  28.2  145s
 92934 52871 -5192.1376   44  147 -5183.0116 -5308.5864  2.42%  28.3  151s
 96553 55160 -5266.8619   24  244 -5183.0116 -5307.7690  2.41%  28.4  156s
 100168 57182 -5237.3296   30  229 -5183.0116 -5307.0468  2.39%  28.5  161s
 103547 59079 -5261.6614   47  127 -5183.0116 -5306.4423  2.38%  28.7  166s
 106815 61168     cutoff   43      -5183.0116 -5305.9293  2.37%  28.8  171s
 110202 63008 -5246.1787   30  172 -5183.0116 -5305.1627  2.36%  28.9  175s
 113290 65043 -5247.4944   30  244 -5183.0116 -5304.6500  2.35%  29.2  180s
 116577 66935 -5199.5508   40   30 -5183.0116 -5304.2430  2.34%  29.3  185s
H117327 66754                    -5183.421251 -5304.1462  2.33%  29.3  185s
H118159 67201                    -5183.421251 -5303.9462  2.33%  29.4  187s
 119497 68645 -5276.4254   25  240 -5183.4213 -5303.6161  2.32%  29.4  190s
 121897 69434 -5222.2415   45   74 -5183.4213 -5303.2545  2.31%  29.4  206s
H122127 69722                    -5183.546140 -5303.2459  2.31%  29.4  209s
 122533 70402     cutoff   67      -5183.5461 -5303.2187  2.31%  29.4  211s
 124892 71877 -5287.8017   27  256 -5183.5461 -5302.7134  2.30%  29.6  215s
 128670 74266     cutoff   75      -5183.5461 -5302.1953  2.29%  29.7  220s
 132508 76552 -5207.3266   38  207 -5183.5461 -5301.7338  2.28%  29.8  226s
 135040 78183 -5267.1092   31  152 -5183.5461 -5301.4176  2.27%  29.9  230s
 138938 80480 -5197.4839   41  117 -5183.5461 -5300.8132  2.26%  30.0  236s
 143096 82969     cutoff   37      -5183.5461 -5300.3251  2.25%  30.0  241s
 145435 84461 -5297.2426   32  161 -5183.5461 -5300.0413  2.25%  30.1  245s
 149390 86771     cutoff   81      -5183.5461 -5299.6053  2.24%  30.2  251s
 151920 88228 -5207.2215   37  279 -5183.5461 -5299.2932  2.23%  30.3  255s
 155507 90313 -5227.9120   52   55 -5183.5461 -5298.8436  2.22%  30.3  261s
 159356 92570     cutoff   41      -5183.5461 -5298.4159  2.22%  30.4  266s
 161980 94247 -5219.9464   51  105 -5183.5461 -5298.1842  2.21%  30.4  270s
 165705 96403 -5267.3988   25  229 -5183.5461 -5297.6743  2.20%  30.5  276s
 168221 97716     cutoff   45      -5183.5461 -5297.4486  2.20%  30.6  280s
 172281 100176 -5212.4362   41  195 -5183.5461 -5296.9496  2.19%  30.6  285s
 173664 101015 -5240.6843   31  284 -5183.5461 -5296.7721  2.18%  30.6  290s
 177408 103150 -5251.2567   36  131 -5183.5461 -5296.3774  2.18%  30.7  296s
 179897 104480 -5184.9108   36  154 -5183.5461 -5296.1432  2.17%  30.7  300s
 183964 106729 -5198.4267   77   54 -5183.5461 -5295.7745  2.17%  30.8  306s
 185107 106968     cutoff   83      -5183.5461 -5295.6784  2.16%  30.8  310s
H185197 100662                    -5191.716173 -5295.6784  2.00%  30.8  310s
 187820 102585 -5236.8482   31  229 -5191.7162 -5295.4704  2.00%  30.9  316s
 190168 103903 -5253.7512   34  171 -5191.7162 -5295.2097  1.99%  31.0  320s
 194263 106402 -5268.7195   34  121 -5191.7162 -5294.7918  1.99%  31.0  326s
 196920 107876     cutoff   74      -5191.7162 -5294.5096  1.98%  31.0  330s
 199470 109159 -5196.3000   42  170 -5191.7162 -5294.2309  1.97%  31.1  335s
 202686 111139 -5220.4294   41   89 -5191.7162 -5293.9397  1.97%  31.1  341s
 205099 112677 -5198.4632   38  161 -5191.7162 -5293.6982  1.96%  31.2  345s
 209274 114961 -5209.1465   32  261 -5191.7162 -5293.3661  1.96%  31.2  352s
 211756 116691 -5256.6982   38   34 -5191.7162 -5293.1504  1.95%  31.3  356s
 214477 118316 -5278.3962   26  379 -5191.7162 -5292.9756  1.95%  31.3  361s
 217369 119829 -5239.8439   31  319 -5191.7162 -5292.8099  1.95%  31.3  365s
 221162 122222 -5254.0703   53  153 -5191.7162 -5292.5187  1.94%  31.3  371s
 223590 123518 -5278.5584   32  219 -5191.7162 -5292.2873  1.94%  31.4  376s
 226182 124842 -5215.9158   33  148 -5191.7162 -5292.1150  1.93%  31.4  380s
 229992 126771 infeasible   41      -5191.7162 -5291.8831  1.93%  31.5  386s
 232561 128338 -5229.2687   58   55 -5191.7162 -5291.6395  1.92%  31.5  391s
 235165 129742 -5203.4919   45   77 -5191.7162 -5291.4589  1.92%  31.5  395s
 238997 131790     cutoff   40      -5191.7162 -5291.1702  1.92%  31.6  401s
 241493 133200 -5241.6935   29  242 -5191.7162 -5290.9957  1.91%  31.6  406s
 244041 134678     cutoff   35      -5191.7162 -5290.7772  1.91%  31.7  410s
 248083 137127 -5242.2511   35  226 -5191.7162 -5290.5250  1.90%  31.7  416s
 250818 138566 -5279.3788   34  233 -5191.7162 -5290.3258  1.90%  31.7  421s
 253499 139920 -5196.7102   49   29 -5191.7162 -5290.1776  1.90%  31.7  425s
 255991 141568 -5241.3256   38  107 -5191.7162 -5290.0000  1.89%  31.7  430s
 258733 142873     cutoff   37      -5191.7162 -5289.8040  1.89%  31.7  435s
 262628 145095 -5194.8408   55   55 -5191.7162 -5289.4999  1.88%  31.8  441s
*264192 99547              75    -5216.427511 -5289.4309  1.40%  31.8  444s
 265344 99736 -5263.0722   41  136 -5216.4275 -5289.3520  1.40%  31.8  446s
 267589 100850     cutoff   28      -5216.4275 -5289.1204  1.39%  31.8  450s
 270149 101873 -5224.2451   45  122 -5216.4275 -5288.9130  1.39%  31.9  455s
 273913 103372 -5249.2845   33  144 -5216.4275 -5288.5708  1.38%  31.9  461s
*275480 101654              73    -5217.530719 -5288.4515  1.36%  31.9  464s
 276385 102159 -5225.6986   33  195 -5217.5307 -5288.3814  1.36%  31.9  466s
 278784 103167 -5243.5931   32  192 -5217.5307 -5288.1706  1.35%  32.0  470s
 281314 104122 -5266.7475   29  357 -5217.5307 -5287.9418  1.35%  32.0  475s
 284765 105780 -5251.9631   45  170 -5217.5307 -5287.6270  1.34%  32.0  481s
 287347 106831 -5257.6371   31  116 -5217.5307 -5287.3758  1.34%  32.1  486s
 289747 107737     cutoff   41      -5217.5307 -5287.2002  1.34%  32.1  490s
H290475 107737                    -5217.530722 -5287.1559  1.33%  32.1  490s
H290998 64482                    -5238.581911 -5287.1110  0.93%  32.1  492s
 291759 64673 -5271.9775   34  192 -5238.5819 -5286.9882  0.92%  32.1  495s
 295421 65564 -5241.6218   29  249 -5238.5819 -5286.5873  0.92%  32.2  502s
 297866 65897 -5270.9722   33  199 -5238.5819 -5286.2885  0.91%  32.2  506s
 299727 66526 -5253.7874   51  180 -5238.5819 -5286.0427  0.91%  32.3  510s
 302457 67084 -5260.8660   35  131 -5238.5819 -5285.7871  0.90%  32.3  515s
 306416 68114 -5262.9867   44  194 -5238.5819 -5285.3371  0.89%  32.3  522s
 309046 68848 -5275.1923   36  119 -5238.5819 -5285.0443  0.89%  32.3  526s
 311911 69571 -5242.6658   50   28 -5238.5819 -5284.7465  0.88%  32.4  531s
 314701 70221 -5257.7850   43  146 -5238.5819 -5284.4723  0.88%  32.4  536s
 317314 71035 -5251.6762   38  133 -5238.5819 -5284.2287  0.87%  32.4  540s
 320308 71669 -5252.6056   38  110 -5238.5819 -5283.9633  0.87%  32.4  545s
 323007 72273     cutoff   47      -5238.5819 -5283.6923  0.86%  32.5  550s
 326985 73428     cutoff   31      -5238.5819 -5283.3122  0.85%  32.5  557s
 329778 74024     cutoff   30      -5238.5819 -5283.0771  0.85%  32.5  562s
 332731 74788 -5261.3200   34   99 -5238.5819 -5282.7965  0.84%  32.5  567s
 335574 75408     cutoff   42      -5238.5819 -5282.5426  0.84%  32.5  571s
 338408 76282 -5243.5925   29  186 -5238.5819 -5282.3232  0.83%  32.6  576s
 341276 77067     cutoff   33      -5238.5819 -5282.0378  0.83%  32.6  581s
 344285 77664 -5239.6233   38  135 -5238.5819 -5281.7665  0.82%  32.6  586s
 347248 78377 -5253.0676   36  199 -5238.5819 -5281.5707  0.82%  32.7  592s
 348702 78465 -5254.6620   33  216 -5238.5819 -5281.4804  0.82%  32.7  596s
H348709 75695                    -5239.931259 -5281.4804  0.79%  32.7  596s
 350639 76438 -5248.1582   29  215 -5239.9313 -5281.3289  0.79%  32.7  601s
 353782 77075     cutoff   31      -5239.9313 -5281.0943  0.79%  32.7  606s
 356807 77860 -5262.4817   50  107 -5239.9313 -5280.8335  0.78%  32.7  611s
 359966 78563 -5267.9703   37   61 -5239.9313 -5280.5713  0.78%  32.7  616s
 363138 79200 -5252.3770   41  151 -5239.9313 -5280.3064  0.77%  32.7  621s
 365988 79854 -5265.8232   48  149 -5239.9313 -5280.1154  0.77%  32.8  626s
 369222 80614 infeasible   37      -5239.9313 -5279.9062  0.76%  32.8  632s
 372386 81209 -5249.9430   40  179 -5239.9313 -5279.6505  0.76%  32.8  637s
 373903 81583     cutoff   28      -5239.9313 -5279.5589  0.76%  32.8  640s
 377108 82273     cutoff   39      -5239.9313 -5279.3390  0.75%  32.8  645s
 380127 82986     cutoff   38      -5239.9313 -5279.0641  0.75%  32.8  650s
 383386 83712 -5244.7953   36  162 -5239.9313 -5278.8566  0.74%  32.9  656s
 385005 83784     cutoff   35      -5239.9313 -5278.7733  0.74%  32.9  660s
 387133 84587     cutoff   46      -5239.9313 -5278.6171  0.74%  32.9  665s
 390407 85327     cutoff   31      -5239.9313 -5278.4215  0.73%  32.9  670s
 393670 86091 -5258.8769   44  119 -5239.9313 -5278.1947  0.73%  32.9  676s
 396989 86904 -5240.8073   26  105 -5239.9313 -5277.9788  0.73%  32.9  681s
 400397 87544 -5261.5008   38   32 -5239.9313 -5277.7782  0.72%  32.9  687s
 403648 88248 -5251.0499   40  191 -5239.9313 -5277.5465  0.72%  33.0  692s
 405320 88603 -5259.7514   39  165 -5239.9313 -5277.4368  0.72%  33.0  695s
 408559 89360     cutoff   31      -5239.9313 -5277.2379  0.71%  33.0  701s
 412068 90093 -5252.0774   39   43 -5239.9313 -5277.0105  0.71%  33.0  706s
 415528 90711     cutoff   28      -5239.9313 -5276.7774  0.70%  33.0  711s
 418908 91437 -5252.6527   40   96 -5239.9313 -5276.5678  0.70%  33.0  717s
 422287 92057 -5257.7077   47   41 -5239.9313 -5276.3594  0.70%  33.0  722s
 424097 92511 -5266.4597   39   74 -5239.9313 -5276.2695  0.69%  33.0  725s
 427521 93116     cutoff   51      -5239.9313 -5276.0589  0.69%  33.0  730s
 430866 93696     cutoff   34      -5239.9313 -5275.9087  0.69%  33.0  736s
 434091 94413     cutoff   52      -5239.9313 -5275.7499  0.68%  33.0  742s
 437492 94963 -5248.1387   32  129 -5239.9313 -5275.5591  0.68%  33.0  747s
 439142 95221     cutoff   33      -5239.9313 -5275.4728  0.68%  33.0  750s
 442421 95807 -5246.2963   29  232 -5239.9313 -5275.2959  0.67%  33.0  755s
 445788 96414 -5253.5469   52    8 -5239.9313 -5275.0879  0.67%  33.0  761s
 449246 97043 -5242.4946   38  157 -5239.9313 -5274.8872  0.67%  33.0  766s
 452646 97704     cutoff   38      -5239.9313 -5274.7006  0.66%  33.0  772s
 456262 98402 -5248.8702   36  221 -5239.9313 -5274.5559  0.66%  33.0  777s
 457919 98720 -5243.2663   42  123 -5239.9313 -5274.4575  0.66%  33.0  780s
 459662 98823     cutoff   27      -5239.9313 -5274.3753  0.66%  33.0  788s
 460193 99175 infeasible   28      -5239.9313 -5274.3694  0.66%  33.0  790s
 463220 99738     cutoff   54      -5239.9313 -5274.1715  0.65%  33.0  796s
 466850 100324 -5241.2857   45  109 -5239.9313 -5274.0146  0.65%  33.0  802s
 470290 100884     cutoff   33      -5239.9313 -5273.8209  0.65%  33.0  807s
 472058 101204 -5246.7931   59   42 -5239.9313 -5273.7483  0.65%  33.0  810s
 475603 101748 -5260.2818   48  157 -5239.9313 -5273.5583  0.64%  33.0  815s
 479148 102303     cutoff   43      -5239.9313 -5273.3984  0.64%  33.0  821s
 482606 102912 -5261.2431   39  162 -5239.9313 -5273.2353  0.64%  33.0  826s
 486052 103483     cutoff   30      -5239.9313 -5273.0556  0.63%  33.0  832s
 489649 104027 -5263.8371   39  118 -5239.9313 -5272.8833  0.63%  33.0  837s
 491425 104350 -5250.6749   34   76 -5239.9313 -5272.7950  0.63%  33.0  840s
 494998 104950 -5245.5012   34  260 -5239.9313 -5272.6258  0.62%  33.0  845s
 498480 105504     cutoff   48      -5239.9313 -5272.4712  0.62%  33.0  851s
 501978 106007 -5250.5360   45   59 -5239.9313 -5272.3315  0.62%  33.0  856s
 505673 106471 -5252.1943   41  171 -5239.9313 -5272.1404  0.61%  33.0  862s
 507383 106795     cutoff   40      -5239.9313 -5272.0790  0.61%  33.0  865s
 510907 107420 -5256.0356   44   86 -5239.9313 -5271.9400  0.61%  33.0  870s
 514307 108008 -5257.8571   30  205 -5239.9313 -5271.7804  0.61%  33.0  876s
 517901 108437 -5246.5858   38  148 -5239.9313 -5271.6243  0.60%  33.0  883s
 519616 108729     cutoff   41      -5239.9313 -5271.5418  0.60%  33.0  886s
 523127 108947     cutoff   30      -5239.9313 -5271.3860  0.60%  33.0  896s
 524974 109589 -5266.4648   39  134 -5239.9313 -5271.2971  0.60%  33.0  901s
 528672 110226     cutoff   29      -5239.9313 -5271.1494  0.60%  33.0  907s
 532358 110664 -5260.5375   32  122 -5239.9313 -5270.9912  0.59%  33.0  912s
 534095 110900     cutoff   50      -5239.9313 -5270.9224  0.59%  33.0  915s
 537751 111452 -5242.1579   45   80 -5239.9313 -5270.7469  0.59%  33.0  920s
 541317 112076 -5258.7409   37  217 -5239.9313 -5270.5904  0.59%  33.0  926s
 544812 112542 -5243.4511   36  163 -5239.9313 -5270.4515  0.58%  33.0  931s
 548191 113048 -5254.6961   42  122 -5239.9313 -5270.3149  0.58%  33.0  937s
 549852 113268 -5240.1009   37  180 -5239.9313 -5270.2505  0.58%  33.0  940s
 553349 113794 -5240.1334   37  171 -5239.9313 -5270.1041  0.58%  33.0  945s
 556761 114227 -5246.5396   57   51 -5239.9313 -5269.9632  0.57%  33.0  951s
 560259 114852 -5252.7912   44   45 -5239.9313 -5269.8372  0.57%  33.0  957s
 562083 115071 -5243.3768   46  129 -5239.9313 -5269.7800  0.57%  33.0  960s
 565394 115497 -5245.3312   56   91 -5239.9313 -5269.6605  0.57%  33.0  965s
 568901 115920 -5264.6966   35  189 -5239.9313 -5269.5242  0.56%  33.0  971s
 572711 116449 -5258.0657   28  325 -5239.9313 -5269.3658  0.56%  33.0  977s
 576297 116876 -5246.9387   38  147 -5239.9313 -5269.2274  0.56%  33.0  982s
 578057 117085 -5256.0498   47  102 -5239.9313 -5269.1617  0.56%  33.0  985s
 579941 117171     cutoff   30      -5239.9313 -5269.0951  0.56%  33.0  990s
 582991 117524 -5263.8812   44  105 -5239.9313 -5268.9818  0.55%  33.0  996s
 586507 118002 -5257.9805   35  242 -5239.9313 -5268.8584  0.55%  33.0 1001s
 590107 118525     cutoff   30      -5239.9313 -5268.7257  0.55%  33.0 1006s
 593653 118919 infeasible   42      -5239.9313 -5268.6264  0.55%  33.0 1012s
 595417 119157 -5247.9014   39  175 -5239.9313 -5268.5389  0.55%  33.0 1015s
 599283 119549 -5241.9465   27  300 -5239.9313 -5268.4101  0.54%  32.9 1020s
 602782 120012 -5245.0147   33  184 -5239.9313 -5268.2677  0.54%  32.9 1026s
 606120 120322 -5255.5025   49   33 -5239.9313 -5268.1898  0.54%  33.0 1031s
 609724 120728     cutoff   33      -5239.9313 -5268.0333  0.54%  32.9 1036s
 613065 121112 -5248.6038   33  130 -5239.9313 -5267.9153  0.53%  32.9 1042s
 614849 121280 -5243.4851   37  196 -5239.9313 -5267.8580  0.53%  32.9 1045s
 618410 121636 -5243.0662   45  168 -5239.9313 -5267.7274  0.53%  32.9 1050s
 621865 122020     cutoff   40      -5239.9313 -5267.6132  0.53%  33.0 1055s
 625463 122409 -5243.8377   39  128 -5239.9313 -5267.5025  0.53%  32.9 1061s
 629062 122781     cutoff   44      -5239.9313 -5267.3678  0.52%  32.9 1067s
 630890 122996 -5245.5349   40  135 -5239.9313 -5267.3043  0.52%  32.9 1070s
 634499 123287 -5254.4392   36  118 -5239.9313 -5267.1884  0.52%  32.9 1075s
 638026 123617 -5262.9311   34  182 -5239.9313 -5267.0737  0.52%  32.9 1081s
 641484 123883     cutoff   43      -5239.9313 -5266.9580  0.52%  32.9 1087s
 644961 124209     cutoff   40      -5239.9313 -5266.8320  0.51%  32.9 1092s
 646789 124333 -5253.7271   41  147 -5239.9313 -5266.7692  0.51%  32.9 1095s
 650248 124641     cutoff   38      -5239.9313 -5266.6445  0.51%  32.9 1100s
 653628 124970 -5251.0380   38  137 -5239.9313 -5266.5307  0.51%  32.9 1106s
 657162 125325     cutoff   44      -5239.9313 -5266.4079  0.51%  32.9 1111s
 660916 125699 -5252.0907   38  275 -5239.9313 -5266.2717  0.50%  32.9 1117s
 662659 125856 -5244.0696   29  238 -5239.9313 -5266.2262  0.50%  32.9 1120s
 666175 126159 -5257.6449   36  246 -5239.9313 -5266.1199  0.50%  32.9 1125s
 669679 126418 -5241.9506   43  180 -5239.9313 -5265.9886  0.50%  32.9 1131s
 673075 126788 -5245.5025   38  206 -5239.9313 -5265.8602  0.49%  32.9 1136s
 676654 127045 -5243.0262   39  111 -5239.9313 -5265.7540  0.49%  32.9 1142s
 678378 127220     cutoff   31      -5239.9313 -5265.7043  0.49%  32.9 1145s
 681788 127557 -5246.5450   50   45 -5239.9313 -5265.5812  0.49%  32.9 1150s
 685239 127874 -5251.2014   43   72 -5239.9313 -5265.4586  0.49%  32.9 1156s
 688689 128062 -5247.3785   34  164 -5239.9313 -5265.3530  0.49%  32.9 1162s
 692049 128318 -5250.6372   43   63 -5239.9313 -5265.2483  0.48%  32.9 1167s
 693905 128415 -5248.0535   43  143 -5239.9313 -5265.1842  0.48%  32.9 1170s
 697540 128669     cutoff   37      -5239.9313 -5265.0619  0.48%  32.9 1176s
 701261 128952 -5259.3773   44  135 -5239.9313 -5264.9524  0.48%  32.9 1181s
 704639 129157 -5243.7162   41  109 -5239.9313 -5264.8544  0.48%  32.9 1187s
 706267 129272 -5249.3334   42  153 -5239.9313 -5264.8108  0.47%  32.9 1190s
 709915 129518 -5255.0838   34  174 -5239.9313 -5264.6950  0.47%  32.9 1195s
 713298 129654 -5257.8265   37  113 -5239.9313 -5264.5763  0.47%  32.9 1201s
 716849 129899     cutoff   38      -5239.9313 -5264.4703  0.47%  32.9 1207s
 718649 129982 -5249.5454   43  202 -5239.9313 -5264.4023  0.47%  32.9 1210s
 721993 130150 -5259.8859   45   79 -5239.9313 -5264.3084  0.47%  32.9 1215s
 725484 130254 -5260.5611   37  229 -5239.9313 -5264.1995  0.46%  32.9 1221s
 729125 130382 -5252.1980   41  160 -5239.9313 -5264.0955  0.46%  32.9 1227s
 732525 130568 -5255.3028   43  194 -5239.9313 -5263.9991  0.46%  32.9 1232s
 734355 130667 -5258.0742   39  120 -5239.9313 -5263.9336  0.46%  32.9 1235s
 737938 130912 -5241.7368   45   33 -5239.9313 -5263.8372  0.46%  32.9 1241s
 741243 131050 -5248.6830   32  228 -5239.9313 -5263.7401  0.45%  32.9 1247s
 744600 131198 -5244.4323   32  258 -5239.9313 -5263.6440  0.45%  32.9 1252s
 746329 131293 -5245.6748   38  194 -5239.9313 -5263.5942  0.45%  32.9 1255s
 749958 131428 -5245.9020   46   62 -5239.9313 -5263.4871  0.45%  32.9 1260s
 753389 131588 infeasible   39      -5239.9313 -5263.3897  0.45%  32.9 1266s
 756789 131639 infeasible   42      -5239.9313 -5263.2889  0.45%  32.9 1271s
 760232 131737 -5246.7716   38  144 -5239.9313 -5263.1863  0.44%  32.9 1277s
 761942 131838 -5257.0445   36  229 -5239.9313 -5263.1387  0.44%  32.9 1280s
 765263 131966 -5240.6144   33  166 -5239.9313 -5263.0332  0.44%  32.9 1285s
 768918 132019     cutoff   40      -5239.9313 -5262.9331  0.44%  32.9 1291s
 772389 132222 -5245.0079   36  166 -5239.9313 -5262.8261  0.44%  32.9 1296s
 775817 132262 -5241.5611   41   86 -5239.9313 -5262.7416  0.44%  32.9 1302s
 776729 132317 -5250.1771   41  129 -5239.9313 -5262.7339  0.44%  32.9 1307s
 780129 132427     cutoff   38      -5239.9313 -5262.6149  0.43%  32.9 1310s
 783700 132468 -5244.0720   44  155 -5239.9313 -5262.4986  0.43%  32.9 1316s
 787252 132580 -5249.1494   30  309 -5239.9313 -5262.4068  0.43%  32.9 1321s
 790886 132702 -5248.7863   32  148 -5239.9313 -5262.3010  0.43%  32.9 1327s
 794535 132740 -5250.8108   34  166 -5239.9313 -5262.2065  0.43%  32.8 1332s
 796302 132771 -5239.9853   46   46 -5239.9313 -5262.1491  0.42%  32.8 1335s
 799888 132859     cutoff   42      -5239.9313 -5262.0501  0.42%  32.8 1340s
 803393 132879 -5245.4045   43   85 -5239.9313 -5261.9511  0.42%  32.8 1346s
 807167 132947 -5241.7994   35  181 -5239.9313 -5261.8396  0.42%  32.8 1351s
 810619 132945 -5246.3117   39  208 -5239.9313 -5261.7431  0.42%  32.8 1357s
 812205 133040     cutoff   47      -5239.9313 -5261.6938  0.42%  32.8 1360s
 815905 133136     cutoff   47      -5239.9313 -5261.5918  0.41%  32.8 1366s
 819512 133186     cutoff   26      -5239.9313 -5261.4949  0.41%  32.8 1371s
 822949 133304 -5244.1984   36  183 -5239.9313 -5261.4056  0.41%  32.8 1377s
 826258 133337 -5241.8971   46  201 -5239.9313 -5261.3159  0.41%  32.8 1382s
 828063 133411     cutoff   35      -5239.9313 -5261.2661  0.41%  32.8 1385s
 831672 133476 -5248.3517   27  210 -5239.9313 -5261.1609  0.41%  32.8 1390s
 835193 133509     cutoff   37      -5239.9313 -5261.0784  0.40%  32.8 1396s
 838809 133597     cutoff   45      -5239.9313 -5260.9799  0.40%  32.8 1401s
 841948 133653 -5251.8215   39  133 -5239.9313 -5260.9051  0.40%  32.8 1407s
 843838 133649 -5248.8372   39   41 -5239.9313 -5260.8595  0.40%  32.8 1410s
 847224 133581 -5251.2262   36  113 -5239.9313 -5260.7592  0.40%  32.8 1415s
 850779 133596 -5251.0814   51  147 -5239.9313 -5260.6581  0.40%  32.8 1421s
 854120 133546     cutoff   36      -5239.9313 -5260.5630  0.39%  32.8 1426s
 857696 133578     cutoff   40      -5239.9313 -5260.4609  0.39%  32.8 1432s
 861280 133597     cutoff   37      -5239.9313 -5260.3772  0.39%  32.8 1437s
 863197 133566     cutoff   49      -5239.9313 -5260.3235  0.39%  32.8 1440s
 866403 133552     cutoff   38      -5239.9313 -5260.2361  0.39%  32.8 1445s
 869833 133440 -5254.6672   45  147 -5239.9313 -5260.1511  0.39%  32.8 1451s
 873446 133370     cutoff   39      -5239.9313 -5260.0538  0.38%  32.8 1456s
 876963 133332     cutoff   44      -5239.9313 -5259.9639  0.38%  32.8 1462s
 878762 133312     cutoff   42      -5239.9313 -5259.9052  0.38%  32.8 1480s
 880047 132677     cutoff   37      -5239.9313 -5259.8853  0.38%  32.8 1492s
 886480 132634 -5249.4462   30  197 -5239.9313 -5259.7623  0.38%  32.8 1496s
 888957 132659     cutoff   37      -5239.9313 -5259.7183  0.38%  32.8 1500s
 894312 132482     cutoff   31      -5239.9313 -5259.5699  0.37%  32.7 1508s
 896681 132442 -5245.8093   38  105 -5239.9313 -5259.5174  0.37%  32.7 1511s
 901090 132396 -5240.2223   36  129 -5239.9313 -5259.3996  0.37%  32.7 1518s
 903121 132320 -5243.1226   48  171 -5239.9313 -5259.3286  0.37%  32.7 1521s
 906876 132221 -5242.5768   44   72 -5239.9313 -5259.2335  0.37%  32.7 1526s
 910567 132075 -5248.5200   31  269 -5239.9313 -5259.1296  0.37%  32.7 1531s
 914050 131975 -5240.1611   34  213 -5239.9313 -5259.0382  0.36%  32.7 1537s
 916004 131988 -5251.1324   43   85 -5239.9313 -5258.9918  0.36%  32.7 1540s
 919716 131856 -5251.6587   59  140 -5239.9313 -5258.9002  0.36%  32.7 1545s
 923477 131779     cutoff   47      -5239.9313 -5258.8021  0.36%  32.7 1551s
 927081 131596 -5256.8330   33  203 -5239.9313 -5258.7182  0.36%  32.7 1556s
 930538 131541     cutoff   38      -5239.9313 -5258.6203  0.36%  32.7 1562s
 934377 131375 -5242.4361   41  164 -5239.9313 -5258.5292  0.35%  32.7 1567s
 936222 131266     cutoff   57      -5239.9313 -5258.4683  0.35%  32.7 1570s
 939785 131145     cutoff   36      -5239.9313 -5258.3851  0.35%  32.7 1575s
 943385 130989     cutoff   41      -5239.9313 -5258.2933  0.35%  32.7 1581s
 946926 130753 -5243.2373   41  133 -5239.9313 -5258.1943  0.35%  32.7 1586s
 950381 130601 -5252.2346   41  124 -5239.9313 -5258.1004  0.35%  32.7 1592s
 952298 130481     cutoff   37      -5239.9313 -5258.0483  0.35%  32.7 1595s
 956074 130268     cutoff   46      -5239.9313 -5257.9547  0.34%  32.7 1600s
 959745 130037 -5244.0246   43  106 -5239.9313 -5257.8667  0.34%  32.7 1606s
 963468 129849 -5242.1191   47  187 -5239.9313 -5257.7593  0.34%  32.7 1612s
 967023 129599 -5242.3475   47   81 -5239.9313 -5257.6799  0.34%  32.7 1617s
 968808 129506     cutoff   37      -5239.9313 -5257.6351  0.34%  32.7 1620s
 972376 129218 -5247.1350   39   91 -5239.9313 -5257.5492  0.34%  32.7 1625s
 976056 129034 -5241.6119   55   43 -5239.9313 -5257.4488  0.33%  32.7 1631s
 979698 128832     cutoff   47      -5239.9313 -5257.3647  0.33%  32.7 1636s
 983240 128580     cutoff   51      -5239.9313 -5257.2743  0.33%  32.7 1642s
 985147 128450 -5249.5804   40  214 -5239.9313 -5257.2263  0.33%  32.7 1645s
 988700 128145 infeasible   36      -5239.9313 -5257.1325  0.33%  32.7 1650s
 992209 127842     cutoff   34      -5239.9313 -5257.0363  0.33%  32.7 1655s
 996005 127540 infeasible   51      -5239.9313 -5256.9370  0.32%  32.7 1661s
 999384 127276     cutoff   49      -5239.9313 -5256.8464  0.32%  32.7 1666s
 1003065 127017     cutoff   39      -5239.9313 -5256.7620  0.32%  32.7 1672s
 1006622 126719 -5247.9693   36  222 -5239.9313 -5256.6715  0.32%  32.7 1677s
 1008524 126616 -5244.7148   31  239 -5239.9313 -5256.6236  0.32%  32.6 1680s
 1011663 126347     cutoff   56      -5239.9313 -5256.5462  0.32%  32.6 1685s
 1015609 126005     cutoff   41      -5239.9313 -5256.4374  0.32%  32.6 1691s
 1019403 125783 -5246.2912   33  176 -5239.9313 -5256.3441  0.31%  32.6 1696s
 1022744 125445     cutoff   43      -5239.9313 -5256.2626  0.31%  32.6 1702s
 1026307 125108 -5246.6867   44  116 -5239.9313 -5256.1776  0.31%  32.6 1707s
 1027669 124937 -5242.2155   55   37 -5239.9313 -5256.1501  0.31%  32.6 1710s
 1031569 124627     cutoff   49      -5239.9313 -5256.0533  0.31%  32.6 1716s
 1035200 124291 -5255.6337   40   83 -5239.9313 -5255.9558  0.31%  32.6 1721s
 1038508 123872 infeasible   39      -5239.9313 -5255.8784  0.30%  32.6 1726s
 1042161 123438     cutoff   41      -5239.9313 -5255.7823  0.30%  32.6 1732s
 1044080 123357 -5246.5721   35  158 -5239.9313 -5255.7297  0.30%  32.6 1735s
 1047090 122909     cutoff   28      -5239.9313 -5255.6608  0.30%  32.6 1741s
 1050748 122521     cutoff   43      -5239.9313 -5255.5734  0.30%  32.6 1746s
 1054492 122078     cutoff   38      -5239.9313 -5255.4752  0.30%  32.6 1752s
 1058195 121677 -5244.1577   50  118 -5239.9313 -5255.3784  0.29%  32.6 1757s
 1059853 121532 -5249.5590   38  160 -5239.9313 -5255.3388  0.29%  32.6 1760s
 1063462 121094 -5243.2546   39  212 -5239.9313 -5255.2530  0.29%  32.6 1766s
 1067282 120549 -5244.7015   34  283 -5239.9313 -5255.1625  0.29%  32.6 1771s
 1071123 120100     cutoff   51      -5239.9313 -5255.0590  0.29%  32.6 1777s
 1074803 119641 -5248.7942   47   75 -5239.9313 -5254.9719  0.29%  32.6 1782s
 1076641 119402 -5250.2199   47   83 -5239.9313 -5254.9228  0.29%  32.6 1785s
 1079820 118978     cutoff   49      -5239.9313 -5254.8394  0.28%  32.6 1790s
 1083581 118586 -5250.7911   52   58 -5239.9313 -5254.7434  0.28%  32.6 1796s
 1087401 118130 -5246.6672   38  150 -5239.9313 -5254.6524  0.28%  32.5 1801s
 1091171 117539 -5250.0552   34  186 -5239.9313 -5254.5619  0.28%  32.5 1807s
 1093079 117307     cutoff   41      -5239.9313 -5254.5064  0.28%  32.5 1811s
 1094474 116979 -5248.9319   49   68 -5239.9313 -5254.4946  0.28%  32.5 1815s
 1098439 116387 -5246.4035   35  214 -5239.9313 -5254.3718  0.28%  32.5 1821s
 1102406 115678     cutoff   36      -5239.9313 -5254.2561  0.27%  32.5 1827s
 1104466 115452 -5242.2048   31  221 -5239.9313 -5254.2046  0.27%  32.5 1830s
 1108302 115118 -5241.8984   61   10 -5239.9313 -5254.1076  0.27%  32.5 1838s
 1108806 114744     cutoff   53      -5239.9313 -5254.1064  0.27%  32.5 1842s
 1111047 114737     cutoff   44      -5239.9313 -5254.0373  0.27%  32.5 1848s
 1111077 114326     cutoff   39      -5239.9313 -5254.0357  0.27%  32.5 1852s
 1113327 114017 -5242.7892   34  259 -5239.9313 -5253.9801  0.27%  32.5 1855s
 1117796 113297     cutoff   44      -5239.9313 -5253.8733  0.27%  32.5 1861s
 1121940 112534 -5241.7444   40  190 -5239.9313 -5253.7550  0.26%  32.5 1867s
 1124042 112218 -5249.1380   35  118 -5239.9313 -5253.7025  0.26%  32.5 1870s
 1128208 111606 -5251.0535   30  235 -5239.9313 -5253.5930  0.26%  32.5 1876s
 1131974 110892     cutoff   39      -5239.9313 -5253.5067  0.26%  32.5 1882s
 1133995 110547 -5247.5727   39  166 -5239.9313 -5253.4468  0.26%  32.5 1885s
 1138139 109921 -5241.1041   45  106 -5239.9313 -5253.3564  0.26%  32.5 1894s
 1140212 109502     cutoff   36      -5239.9313 -5253.2906  0.25%  32.4 1897s
 1142263 109132     cutoff   39      -5239.9313 -5253.2378  0.25%  32.4 1900s
 1146828 108333     cutoff   36      -5239.9313 -5253.1252  0.25%  32.4 1906s
 1151367 107643     cutoff   47      -5239.9313 -5253.0074  0.25%  32.4 1912s
 1153506 107269 infeasible   35      -5239.9313 -5252.9577  0.25%  32.4 1915s
 1157852 106481     cutoff   47      -5239.9313 -5252.8418  0.25%  32.4 1921s
 1162229 105803     cutoff   47      -5239.9313 -5252.7269  0.24%  32.4 1927s
 1164157 105402     cutoff   41      -5239.9313 -5252.6721  0.24%  32.4 1930s
 1168398 104488 -5241.2096   32  175 -5239.9313 -5252.5655  0.24%  32.4 1936s
 1170390 104052     cutoff   42      -5239.9313 -5252.5140  0.24%  32.4 1940s
 1174769 103202 -5243.9785   35  129 -5239.9313 -5252.3920  0.24%  32.4 1946s
 1179247 102263     cutoff   37      -5239.9313 -5252.2750  0.24%  32.4 1952s
 1181557 101844 -5245.4130   52   22 -5239.9313 -5252.2187  0.23%  32.3 1955s
 1185534 101075     cutoff   54      -5239.9313 -5252.1173  0.23%  32.3 1961s
 1189754 100191     cutoff   57      -5239.9313 -5252.0145  0.23%  32.3 1967s
 1191845 99781     cutoff   37      -5239.9313 -5251.9610  0.23%  32.3 1970s
 1196121 98876     cutoff   48      -5239.9313 -5251.8396  0.23%  32.3 1976s
 1200361 97931     cutoff   35      -5239.9313 -5251.7331  0.23%  32.3 1981s
 1204585 97033     cutoff   44      -5239.9313 -5251.6405  0.22%  32.3 1987s
 1206769 96519 -5244.3391   32  175 -5239.9313 -5251.5814  0.22%  32.3 1990s
 1210914 95703 -5249.1877   45  146 -5239.9313 -5251.4618  0.22%  32.3 1998s
 1212965 95130     cutoff   51      -5239.9313 -5251.4160  0.22%  32.3 2001s
 1217553 93954 infeasible   44      -5239.9313 -5251.2815  0.22%  32.2 2007s
 1219759 93387     cutoff   36      -5239.9313 -5251.2208  0.22%  32.2 2010s
 1223800 92343     cutoff   43      -5239.9313 -5251.1069  0.21%  32.2 2016s
 1228332 91272     cutoff   33      -5239.9313 -5250.9830  0.21%  32.2 2022s
 1230421 90747 -5242.9183   43  114 -5239.9313 -5250.9201  0.21%  32.2 2025s
 1234834 89586 -5244.7207   41  107 -5239.9313 -5250.7892  0.21%  32.2 2030s
 1239020 88535 infeasible   54      -5239.9313 -5250.6757  0.21%  32.2 2036s
 1243267 87347     cutoff   30      -5239.9313 -5250.5639  0.20%  32.1 2042s
 1247307 86806 -5243.2018   49   54 -5239.9313 -5250.4960  0.20%  32.1 2045s
 1249818 85739     cutoff   33      -5239.9313 -5250.3918  0.20%  32.1 2050s
 1254125 84695 -5243.2754   48   94 -5239.9313 -5250.2769  0.20%  32.1 2056s
 1258378 83594 -5244.2516   33  189 -5239.9313 -5250.1522  0.20%  32.1 2062s
 1260576 82981     cutoff   32      -5239.9313 -5250.0953  0.19%  32.1 2065s
 1264888 81744     cutoff   35      -5239.9313 -5249.9736  0.19%  32.1 2070s
 1269190 80537 -5241.3835   44   51 -5239.9313 -5249.8388  0.19%  32.0 2076s
 1273541 79250 -5246.6414   43   55 -5239.9313 -5249.7201  0.19%  32.0 2082s
 1275630 78543 infeasible   34      -5239.9313 -5249.6594  0.19%  32.0 2085s
 1280238 77134     cutoff   40      -5239.9313 -5249.5060  0.18%  32.0 2091s
 1284855 75636 -5242.3373   50   61 -5239.9313 -5249.3698  0.18%  32.0 2097s
 1287395 74916     cutoff   37      -5239.9313 -5249.2954  0.18%  32.0 2100s
 1292028 73305     cutoff   45      -5239.9313 -5249.1512  0.18%  32.0 2107s
 1294513 72590     cutoff   46      -5239.9313 -5249.0786  0.17%  31.9 2110s
 1299219 71097 -5248.7586   43   65 -5239.9313 -5248.9345  0.17%  31.9 2116s
 1304083 69474     cutoff   49      -5239.9313 -5248.8001  0.17%  31.9 2122s
 1306518 68571 -5240.3265   38  200 -5239.9313 -5248.6950  0.17%  31.9 2125s
 1311483 66801 -5243.7323   61   67 -5239.9313 -5248.5446  0.16%  31.9 2132s
 1313963 65847     cutoff   55      -5239.9313 -5248.4539  0.16%  31.9 2135s
 1319261 64013     cutoff   44      -5239.9313 -5248.2813  0.16%  31.8 2141s
 1321949 63084     cutoff   48      -5239.9313 -5248.2025  0.16%  31.8 2146s
 1324416 61978     cutoff   32      -5239.9313 -5248.1253  0.16%  31.8 2150s
 1329931 59843 infeasible   50      -5239.9313 -5247.9115  0.15%  31.8 2157s
 1332930 58777     cutoff   36      -5239.9313 -5247.8066  0.15%  31.7 2160s
 1338585 56333 -5246.0290   40  153 -5239.9313 -5247.5902  0.15%  31.7 2168s
 1341589 54971 -5241.3222   53   74 -5239.9313 -5247.4901  0.14%  31.7 2173s
 1344574 53551     cutoff   61      -5239.9313 -5247.3787  0.14%  31.7 2177s
 1347799 52171 -5241.4102   46   79 -5239.9313 -5247.2353  0.14%  31.7 2180s
 1353666 49535 -5242.0715   48   80 -5239.9313 -5247.0192  0.14%  31.6 2188s
 1356855 48195     cutoff   46      -5239.9313 -5246.8737  0.13%  31.6 2192s
 1359809 46743     cutoff   35      -5239.9313 -5246.7508  0.13%  31.6 2195s
 1366288 43727     cutoff   42      -5239.9313 -5246.4924  0.13%  31.6 2204s
 1369095 42037     cutoff   62      -5239.9313 -5246.4105  0.12%  31.5 2208s
 1372655 40050     cutoff   52      -5239.9313 -5246.2262  0.12%  31.5 2213s
 1376501 37975     cutoff   47      -5239.9313 -5246.0456  0.12%  31.5 2217s
 1380293 35663     cutoff   38      -5239.9313 -5245.8110  0.11%  31.5 2222s
 1384616 33289     cutoff   37      -5239.9313 -5245.5912  0.11%  31.4 2227s
 1388956 30707     cutoff   51      -5239.9313 -5245.3574  0.10%  31.4 2231s
 1393523 27901     cutoff   45      -5239.9313 -5245.0920  0.10%  31.4 2236s
 1398112 25074     cutoff   42      -5239.9313 -5244.8075  0.09%  31.3 2242s
 1402521 21668     cutoff   40      -5239.9313 -5244.5611  0.09%  31.3 2247s
 1407578 18355     cutoff   44      -5239.9313 -5244.0996  0.08%  31.3 2253s
 1412647 14784 -5241.6275   51  144 -5239.9313 -5243.7386  0.07%  31.2 2258s
 1417436 10849     cutoff   47      -5239.9313 -5243.1545  0.06%  31.2 2263s
 1422095  7304     cutoff   34      -5239.9313 -5242.5290  0.05%  31.1 2267s
 1426273  4189     cutoff   37      -5239.9313 -5241.9284  0.04%  31.1 2271s

Cutting planes:
  Gomory: 9
  Cover: 156
  Flow cover: 41
  Inf proof: 722
  Zero half: 48
  RLT: 163
  Relax-and-lift: 1
  Lazy constraints: 1413

Explored 1432560 nodes (44402056 simplex iterations) in 2274.28 seconds
Thread count was 12 (of 12 available processors)

Solution count 10: -5239.93 -5238.58 -5217.53 ... -5168.7

Optimal solution found (tolerance 1.00e-04)
Best objective -5.239931258737e+03, best bound -5.240432056808e+03, gap 0.0096%

User-callback calls 2938636, time in user-callback 8.29 sec
