/projects/academic/josewalt/sriavoba/python
Using license file /util/academic/gurobi/licenses/gurobi.lic
Set parameter TokenServer to value srv-m14-36.cbls.ccr.buffalo.edu
Set parameter TSPort to value 46325
Changed value of parameter lazyConstraints to 1
   Prev: 0  Min: 0  Max: 1  Default: 0
Changed value of parameter TimeLimit to 21600.0
   Prev: inf  Min: 0.0  Max: inf  Default: inf
Gurobi Optimizer version 9.1.1 build v9.1.1rc0 (linux64)
Thread count: 12 physical cores, 12 logical processors, using up to 12 threads
Optimize a model with 4287 rows, 5481 columns and 20733 nonzeros
Model fingerprint: 0xb2d21287
Variable types: 781 continuous, 4700 integer (4530 binary)
Coefficient statistics:
  Matrix range     [1e+00, 3e+02]
  Objective range  [1e+00, 1e+00]
  Bounds range     [1e+00, 1e+02]
  RHS range        [1e+00, 3e+02]
Presolve removed 318 rows and 95 columns
Presolve time: 0.05s
Presolved: 3969 rows, 5386 columns, 19938 nonzeros
Variable types: 714 continuous, 4672 integer (4502 binary)

Root relaxation: objective -5.559214e+03, 2970 iterations, 0.16 seconds

    Nodes    |    Current Node    |     Objective Bounds      |     Work
 Expl Unexpl |  Obj  Depth IntInf | Incumbent    BestBd   Gap | It/Node Time

     0     0 -5559.2140    0  294          - -5559.2140      -     -    0s
     0     0 -5532.3004    0  603          - -5532.3004      -     -    0s
     0     0 -5504.1203    0  632          - -5504.1203      -     -    0s
     0     0 -5499.2210    0  665          - -5499.2210      -     -    1s
     0     0 -5499.2210    0  668          - -5499.2210      -     -    1s
     0     0 -5498.1077    0  571          - -5498.1077      -     -    1s
     0     0 -5498.1077    0  571          - -5498.1077      -     -    1s
     0     0 -5497.2625    0  536          - -5497.2625      -     -    1s
     0     0 -5497.2166    0  564          - -5497.2166      -     -    1s
     0     0 -5496.4555    0  581          - -5496.4555      -     -    1s
     0     0 -5496.4555    0  594          - -5496.4555      -     -    1s
     0     0 -5495.7939    0  560          - -5495.7939      -     -    1s
     0     0 -5495.7939    0  560          - -5495.7939      -     -    1s
     0     2 -5495.7939    0  336          - -5495.7939      -     -    2s
   389   432 -4831.3848   27  131          - -5474.3062      -  92.4    5s
  3232  3208 -5317.4017   28  170          - -5474.0673      -  30.4   10s
  3662  3487 -4996.2001   99  471          - -5452.3080      -  30.8   15s
  3678  3501 -5440.0183   12  534          - -5444.2945      -  34.1   24s
  3680  3504 -5361.9332   13  347          - -5439.7700      -  34.7   26s
  4009  3753 -5365.5725   26  171          - -5438.3493      -  40.9   30s
H 5738  4686                    -4753.609394 -5438.3493  14.4%  38.5   32s
H 5799  4310                    -5077.959021 -5438.3493  7.10%  38.3   32s
  5897  4267     cutoff  104      -5077.9590 -5410.4030  6.55%  38.0   36s
H 5990  4125                    -5086.000561 -5410.4030  6.38%  38.0   36s
H 6009  3910                    -5106.778116 -5410.4030  5.95%  38.1   36s
H 6419  3854                    -5107.383993 -5410.4030  5.93%  37.7   38s
H 6706  3753                    -5149.181867 -5410.4030  5.07%  37.2   38s
  7370  4123 -5406.6495   20  354 -5149.1819 -5408.9956  5.05%  35.7   40s
  9350  5159 -5407.2895   20  325 -5149.1819 -5408.3668  5.03%  33.9   45s
 11670  6490 -5339.5230   36  181 -5149.1819 -5405.0547  4.97%  32.8   50s
 15867  9892 -5284.2121   47   44 -5149.1819 -5401.3519  4.90%  31.5   55s
*16698 10369             112    -5150.225558 -5399.9882  4.85%  31.3   56s
 18617 12283 infeasible  125      -5150.2256 -5398.2691  4.82%  31.0   60s
H18642 10681                    -5199.956101 -5398.2143  3.81%  31.0   60s
 22338 13727 -5306.6546   44  122 -5199.9561 -5396.4777  3.78%  30.9   65s
 26933 17202 infeasible   84      -5199.9561 -5394.4733  3.74%  30.8   70s
 30507 20094 -5283.0632   49  138 -5199.9561 -5393.3825  3.72%  30.5   75s
 32758 21363     cutoff   71      -5199.9561 -5392.4087  3.70%  30.6   80s
 35950 24914 -5358.6602   28  230 -5199.9561 -5391.5353  3.68%  30.7   85s
 38796 27135 -5245.7884   78   72 -5199.9561 -5390.9994  3.67%  30.8   90s
 42918 30433 -5238.1977   69   84 -5199.9561 -5390.0135  3.65%  30.6   96s
*45689 22175              77    -5259.591531 -5389.6260  2.47%  30.5   98s
H46639 20204                    -5270.896857 -5389.2599  2.25%  30.6   99s
H46639 20159                    -5271.089725 -5389.2599  2.24%  30.6   99s
 47107 20890     cutoff   53      -5271.0897 -5389.1311  2.24%  30.7  101s
H47111 20141                    -5274.657801 -5389.1311  2.17%  30.7  101s
H47288 14449                    -5301.737781 -5389.0919  1.65%  30.7  101s
 49234 15398 -5303.3104   50  135 -5301.7378 -5388.3229  1.63%  31.0  105s
 52725 17169 infeasible   73      -5301.7378 -5386.5940  1.60%  31.6  111s
 56107 18803 -5365.7135   26  322 -5301.7378 -5385.1940  1.57%  32.0  116s
 58670 19881 -5356.1415   28  282 -5301.7378 -5384.3399  1.56%  32.3  120s
 62325 21600 -5371.4573   31  194 -5301.7378 -5382.9912  1.53%  32.7  125s
 65385 23242 infeasible   46      -5301.7378 -5382.0328  1.51%  33.1  131s
 68922 24816 -5329.0490   29  313 -5301.7378 -5380.7537  1.49%  33.4  136s
 70908 25841 infeasible   46      -5301.7378 -5380.0816  1.48%  33.6  140s
 74305 27473 -5344.3740   28  274 -5301.7378 -5379.0870  1.46%  33.9  145s
 77950 29054 -5345.5640   35  201 -5301.7378 -5378.1376  1.44%  34.2  151s
 80284 29915 -5324.7610   40  224 -5301.7378 -5377.5229  1.43%  34.4  155s
 83273 31573 -5362.3884   33  246 -5301.7378 -5376.6669  1.41%  34.6  161s
H84535 29498                    -5308.083880 -5376.3799  1.29%  34.8  164s
 84613 29940 -5337.4960   37  178 -5308.0839 -5376.3350  1.29%  34.8  166s
H85979 28178                    -5312.413255 -5375.9164  1.20%  34.9  168s
 86565 28497     cutoff   49      -5312.4133 -5375.7048  1.19%  34.9  170s
 89650 29719 -5318.6589   37  176 -5312.4133 -5374.7524  1.17%  35.2  176s
 93212 31124 infeasible   36      -5312.4133 -5373.7416  1.15%  35.5  181s
H94735 31217                    -5313.184841 -5373.4561  1.13%  35.6  183s
 95526 31641 -5345.9866   28  244 -5313.1848 -5373.1764  1.13%  35.6  185s
 98715 32786 -5318.4052   34  207 -5313.1848 -5372.2598  1.11%  35.9  191s
H99721 30958                    -5316.168417 -5372.1027  1.05%  36.0  191s
 100998 31710 -5346.7040   40  248 -5316.1684 -5371.7980  1.05%  36.1  195s
 104555 33174     cutoff   37      -5316.1684 -5370.9034  1.03%  36.3  201s
 107036 34210     cutoff   45      -5316.1684 -5370.3438  1.02%  36.4  205s
*108696 32039              68    -5319.789139 -5370.0443  0.94%  36.5  207s
 110557 32893 -5320.9803   43  186 -5319.7891 -5369.5118  0.93%  36.7  212s
H111867 21302                    -5334.193838 -5369.2730  0.66%  36.7  214s
H112376 20960                    -5334.612169 -5369.1149  0.65%  36.8  214s
 112805 21108 infeasible   30      -5334.6122 -5368.9728  0.64%  36.8  216s
 115233 21446 -5337.6871   30  251 -5334.6122 -5368.2964  0.63%  36.9  220s
 119155 22064 -5358.9422   37  268 -5334.6122 -5367.2995  0.61%  37.1  226s
 121760 22435 -5343.1239   24  244 -5334.6122 -5366.5985  0.60%  37.2  230s
 125768 23217 -5342.9683   32  175 -5334.6122 -5365.5968  0.58%  37.4  236s
 128386 23625 -5337.9399   32  258 -5334.6122 -5365.1355  0.57%  37.5  241s
 131100 24091     cutoff   39      -5334.6122 -5364.5274  0.56%  37.6  245s
 135081 24847     cutoff   45      -5334.6122 -5363.7606  0.55%  37.8  252s
 138015 25259 -5340.3474   28  306 -5334.6122 -5363.2728  0.54%  37.8  256s
 140842 25804 -5341.3699   36  288 -5334.6122 -5362.7473  0.53%  37.9  261s
 143612 26170 -5349.6502   34  336 -5334.6122 -5362.2116  0.52%  37.9  265s
 146470 26583 -5350.4965   41  166 -5334.6122 -5361.7436  0.51%  38.0  270s
 150662 27083 -5340.0845   36  260 -5334.6122 -5361.0657  0.50%  38.1  277s
 153678 27545     cutoff   32      -5334.6122 -5360.6386  0.49%  38.2  281s
 156777 27920     cutoff   43      -5334.6122 -5360.1523  0.48%  38.2  286s
 159700 28360     cutoff   60      -5334.6122 -5359.8145  0.47%  38.3  291s
 162891 28738     cutoff   45      -5334.6122 -5359.3837  0.46%  38.3  296s
 165795 29126     cutoff   35      -5334.6122 -5358.9816  0.46%  38.4  301s
 169000 29525 -5343.9358   37  182 -5334.6122 -5358.5770  0.45%  38.4  306s
 172222 29931     cutoff   39      -5334.6122 -5358.1882  0.44%  38.5  311s
 175571 30199     cutoff   32      -5334.6122 -5357.7858  0.43%  38.6  316s
 177127 30273 -5336.6877   42  139 -5334.6122 -5357.5713  0.43%  38.6  320s
H177136 30273                    -5334.612174 -5357.5713  0.43%  38.6  320s
 177647 30271     cutoff   43      -5334.6122 -5357.5666  0.43%  38.6  329s
H177671 30271                    -5334.612184 -5357.5666  0.43%  38.6  329s
H177675 29786                    -5335.145601 -5357.5666  0.42%  38.6  329s
 177678 29909 -5335.7280   44   75 -5335.1456 -5357.5640  0.42%  38.6  332s
 181034 30309     cutoff   26      -5335.1456 -5357.1910  0.41%  38.7  337s
 182871 30393     cutoff   32      -5335.1456 -5356.9709  0.41%  38.7  340s
 186406 30718     cutoff   33      -5335.1456 -5356.6414  0.40%  38.8  345s
 189929 31018 -5340.0060   43  210 -5335.1456 -5356.2448  0.40%  38.8  351s
 193543 31435 -5347.9313   37  245 -5335.1456 -5355.8337  0.39%  38.8  356s
 197400 31729 -5350.1932   34  109 -5335.1456 -5355.5088  0.38%  38.8  362s
 199290 31851 -5342.9409   33  160 -5335.1456 -5355.3080  0.38%  38.9  365s
 202882 32069 -5345.2794   50   86 -5335.1456 -5354.9200  0.37%  38.9  370s
 206678 32331 -5336.2986   31  263 -5335.1456 -5354.5516  0.36%  38.9  376s
 210509 32491     cutoff   57      -5335.1456 -5354.1682  0.36%  39.0  382s
H210512 32491                    -5335.145602 -5354.1682  0.36%  39.0  382s
 211928 32526 -5346.4012   47   60 -5335.1456 -5354.0621  0.35%  39.0  385s
 215468 32719 -5341.6389   40  169 -5335.1456 -5353.7027  0.35%  39.0  391s
 219448 32896 -5344.4164   42   63 -5335.1456 -5353.3404  0.34%  39.1  396s
 223178 32997 -5342.0328   57  167 -5335.1456 -5353.0299  0.34%  39.1  402s
 225055 33084 -5340.3806   44  225 -5335.1456 -5352.9064  0.33%  39.1  405s
 228763 33156 -5345.6129   46  136 -5335.1456 -5352.5812  0.33%  39.1  411s
 232519 33272     cutoff   45      -5335.1456 -5352.2339  0.32%  39.2  416s
 236375 33291 -5339.6747   42  171 -5335.1456 -5351.9411  0.31%  39.2  422s
 238207 33311     cutoff   30      -5335.1456 -5351.7825  0.31%  39.2  425s
 241777 33341     cutoff   42      -5335.1456 -5351.6014  0.31%  39.2  431s
 245239 33338     cutoff   43      -5335.1456 -5351.3780  0.30%  39.2  436s
 249088 33345     cutoff   42      -5335.1456 -5350.9403  0.30%  39.2  442s
 250960 33398 -5338.2779   44  157 -5335.1456 -5350.8012  0.29%  39.3  445s
 254792 33288 -5336.6830   34  163 -5335.1456 -5350.5296  0.29%  39.3  450s
 258461 33345 -5335.8728   52  127 -5335.1456 -5350.2816  0.28%  39.3  456s
 262084 33293     cutoff   52      -5335.1456 -5350.0253  0.28%  39.2  461s
 265960 33257 -5343.4433   41  180 -5335.1456 -5349.7384  0.27%  39.2  467s
 267911 33139 -5345.1897   46  148 -5335.1456 -5349.6189  0.27%  39.2  470s
 271222 32985 infeasible   38      -5335.1456 -5349.3724  0.27%  39.2  475s
 274819 32794 -5337.4772   45   77 -5335.1456 -5349.1153  0.26%  39.3  481s
 278546 32576     cutoff   48      -5335.1456 -5348.8427  0.26%  39.3  486s
H280741 32533                    -5335.145608 -5348.7186  0.25%  39.3  489s
 282231 32455     cutoff   29      -5335.1456 -5348.5812  0.25%  39.3  492s
 283894 32346 -5337.7885   42  176 -5335.1456 -5348.4835  0.25%  39.2  495s
 287522 32069     cutoff   36      -5335.1456 -5348.2579  0.25%  39.3  500s
H287645 32069                    -5335.145608 -5348.2502  0.25%  39.3  500s
H287775 32069                    -5335.145621 -5348.2502  0.25%  39.3  500s
H287922 32071                    -5335.145622 -5348.2475  0.25%  39.3  500s
 290959 31847 -5336.6687   30  262 -5335.1456 -5348.0270  0.24%  39.3  506s
 294867 31538 infeasible   31      -5335.1456 -5347.7654  0.24%  39.3  511s
 298556 31168     cutoff   36      -5335.1456 -5347.5021  0.23%  39.3  517s
 302246 30860 -5337.6822   46   67 -5335.1456 -5347.2497  0.23%  39.3  523s
 303322 30659     cutoff   48      -5335.1456 -5347.1856  0.23%  39.3  525s
 307183 30179     cutoff   50      -5335.1456 -5346.9070  0.22%  39.3  531s
 310914 29712 -5345.6916   47  195 -5335.1456 -5346.6333  0.22%  39.3  536s
 314718 29177 -5340.8902   42  162 -5335.1456 -5346.3534  0.21%  39.3  542s
 318433 28581     cutoff   41      -5335.1456 -5346.0808  0.20%  39.3  547s
 322188 27988 -5339.1726   52   25 -5335.1456 -5345.8181  0.20%  39.2  552s
 325990 27329 -5337.7385   28  236 -5335.1456 -5345.4992  0.19%  39.2  557s
 327799 26922     cutoff   44      -5335.1456 -5345.3769  0.19%  39.2  560s
 331293 26148 -5340.8397   50   70 -5335.1456 -5345.0973  0.19%  39.2  565s
 334996 25208     cutoff   39      -5335.1456 -5344.7771  0.18%  39.2  570s
 338345 24339     cutoff   45      -5335.1456 -5344.5121  0.18%  39.2  575s
 342231 23245     cutoff   48      -5335.1456 -5344.1679  0.17%  39.2  581s
 346313 22070     cutoff   40      -5335.1456 -5343.8147  0.16%  39.2  587s
 348472 21382     cutoff   55      -5335.1456 -5343.6208  0.16%  39.2  590s
 352908 19919     cutoff   44      -5335.1456 -5343.1848  0.15%  39.1  595s
 357283 18247     cutoff   41      -5335.1456 -5342.7318  0.14%  39.1  602s
 359641 17303     cutoff   51      -5335.1456 -5342.5088  0.14%  39.1  605s
H363393 16307                    -5335.145629 -5342.2117  0.13%  39.0  608s
 364453 15294 -5336.2915   33  201 -5335.1456 -5341.9776  0.13%  39.0  612s
 366853 14043     cutoff   44      -5335.1456 -5341.6965  0.12%  39.0  615s
 372546 11009 -5336.4908   48   74 -5335.1456 -5340.9575  0.11%  38.9  623s
 375589  9197     cutoff   54      -5335.1456 -5340.4576  0.10%  38.8  627s
 378876  7425     cutoff   37      -5335.1456 -5339.9365  0.09%  38.7  630s
 384474  3220 -5335.8531   59  103 -5335.1456 -5338.6684  0.07%  38.6  635s

Cutting planes:
  Gomory: 12
  Cover: 130
  Implied bound: 18
  Clique: 1
  MIR: 4
  Flow cover: 81
  Inf proof: 347
  Zero half: 64
  RLT: 142
  Lazy constraints: 1416

Explored 390375 nodes (14943691 simplex iterations) in 638.30 seconds
Thread count was 12 (of 12 available processors)

Solution count 10: -5335.15 -5334.61 -5334.19 ... -5274.66
No other solutions better than -5335.15

Optimal solution found (tolerance 1.00e-04)
Best objective -5.335145628919e+03, best bound -5.335145628919e+03, gap 0.0000%

User-callback calls 803917, time in user-callback 3.96 sec
