/projects/academic/josewalt/sriavoba/python
Using license file /util/academic/gurobi/licenses/gurobi.lic
Set parameter TokenServer to value srv-m14-36.cbls.ccr.buffalo.edu
Set parameter TSPort to value 46325
Changed value of parameter lazyConstraints to 1
   Prev: 0  Min: 0  Max: 1  Default: 0
Changed value of parameter TimeLimit to 21600.0
   Prev: inf  Min: 0.0  Max: inf  Default: inf
Gurobi Optimizer version 9.1.1 build v9.1.1rc0 (linux64)
Thread count: 12 physical cores, 12 logical processors, using up to 12 threads
Optimize a model with 4976 rows, 6659 columns and 25139 nonzeros
Model fingerprint: 0x90293424
Variable types: 807 continuous, 5852 integer (5642 binary)
Coefficient statistics:
  Matrix range     [1e+00, 3e+03]
  Objective range  [1e+00, 1e+00]
  Bounds range     [1e+00, 9e+01]
  RHS range        [1e+00, 3e+03]
Presolve removed 3623 rows and 1887 columns
Presolve time: 0.05s
Presolved: 1353 rows, 4772 columns, 14452 nonzeros
Variable types: 392 continuous, 4380 integer (4170 binary)

Root relaxation: objective -4.968269e+03, 2061 iterations, 0.08 seconds

    Nodes    |    Current Node    |     Objective Bounds      |     Work
 Expl Unexpl |  Obj  Depth IntInf | Incumbent    BestBd   Gap | It/Node Time

     0     0 -4968.2688    0  471          - -4968.2688      -     -    0s
     0     0 -4944.2638    0  540          - -4944.2638      -     -    0s
     0     0 -4917.7673    0  759          - -4917.7673      -     -    0s
     0     0 -4917.7652    0  759          - -4917.7652      -     -    0s
     0     0 -4909.2883    0  799          - -4909.2883      -     -    1s
     0     0 -4909.2840    0  796          - -4909.2840      -     -    1s
     0     0 -4908.3506    0  797          - -4908.3506      -     -    1s
     0     0 -4908.3482    0  797          - -4908.3482      -     -    1s
     0     0 -4908.3482    0  797          - -4908.3482      -     -    1s
     0     2 -4908.3482    0  795          - -4908.3482      -     -    1s
   270   300 -4819.3817   24  547          - -4902.2910      -   160    5s
  5019  5069 -4872.0424    9  294          - -4900.1006      -  31.3   10s
  7801  7557 -4870.0954   35  458          - -4897.0628      -  26.0   15s
  7807  7566 -4896.9632   12  525          - -4896.9632      -  27.5   21s
  7880  7627 -4895.2642   17  388          - -4895.7851      -  30.1   25s
  8741  8312 -4727.9646   63   80          - -4895.0059      -  37.7   30s
H10384  8982                    -4547.842651 -4895.0059  7.63%  36.1   31s
H10543  7768                    -4662.118665 -4895.0054  5.00%  36.0   32s
 10833  7809 -4886.7636   21  365 -4662.1187 -4893.3491  4.96%  36.5   35s
H10864  7289                    -4682.732822 -4893.3491  4.50%  36.6   35s
H10865  6913                    -4688.315169 -4893.3491  4.37%  36.6   35s
H10966  6594                    -4693.776025 -4893.3491  4.25%  36.9   37s
 11685  7078 -4824.4867   27  265 -4693.7760 -4893.2954  4.25%  37.9   40s
H12411  6788                    -4708.880907 -4893.2954  3.92%  37.8   42s
 12749  7085 -4766.8236   36  146 -4708.8809 -4888.8845  3.82%  38.2   48s
 13539  7495 -4840.2381   34  204 -4708.8809 -4886.7435  3.78%  38.4   50s
 15774  8638 -4860.4109   23  261 -4708.8809 -4885.3884  3.75%  38.9   55s
 18258 10190 -4829.2260   35  263 -4708.8809 -4884.7329  3.73%  39.7   60s
 20136 11044     cutoff   70      -4708.8809 -4883.1072  3.70%  40.7   65s
 21729 11744 -4838.5207   20  426 -4708.8809 -4881.7943  3.67%  41.4   70s
 24432 12977 -4732.5301   60  158 -4708.8809 -4879.8060  3.63%  41.9   76s
H26419 13710                    -4710.880705 -4878.7793  3.56%  42.2   81s
H26428 13565                    -4713.126701 -4878.7793  3.51%  42.2   81s
 27368 15002 -4784.5489   48  219 -4713.1267 -4878.4462  3.51%  42.6   85s
 30289 17373 infeasible   68      -4713.1267 -4877.6626  3.49%  44.0   91s
 32841 19514 -4757.1983   39  224 -4713.1267 -4876.1849  3.46%  44.0   96s
*35064 20483              93    -4713.855034 -4875.6681  3.43%  44.2   98s
 35682 21651 -4794.0850   35  257 -4713.8550 -4874.9898  3.42%  44.3  101s
*36441 21584              94    -4714.962528 -4874.9104  3.39%  44.4  101s
 38502 23204     cutoff   79      -4714.9625 -4873.9125  3.37%  44.5  106s
 40446 25469 -4762.2188   51  103 -4714.9625 -4873.0673  3.35%  44.6  112s
 42352 26279 -4839.3393   25  272 -4714.9625 -4872.5681  3.34%  44.4  115s
 44777 28157 infeasible   54      -4714.9625 -4872.0029  3.33%  45.2  120s
 47353 29813 -4756.4731   47   16 -4714.9625 -4871.1571  3.31%  45.7  125s
 49884 31506 -4717.5086   60   46 -4714.9625 -4870.5260  3.30%  46.3  130s
 52248 33269 -4832.2986   29  314 -4714.9625 -4869.9900  3.29%  46.7  135s
 54884 35159 -4849.2719   38  372 -4714.9625 -4869.6108  3.28%  47.0  141s
 57337 37046 infeasible   72      -4714.9625 -4869.0660  3.27%  47.4  146s
 59783 38784 -4833.9938   28  219 -4714.9625 -4868.4723  3.26%  47.7  151s
 62325 40962 -4774.7091   50   93 -4714.9625 -4867.9764  3.25%  47.7  157s
 63903 41090 -4736.0300   71   30 -4714.9625 -4867.9157  3.24%  47.7  161s
 65336 42935     cutoff   82      -4714.9625 -4867.3847  3.23%  47.8  167s
 66584 44122 -4801.6021   37  196 -4714.9625 -4867.1610  3.23%  47.9  170s
 69693 46180 infeasible   84      -4714.9625 -4866.7309  3.22%  47.9  175s
 72198 47886 -4858.7728   19  310 -4714.9625 -4866.2254  3.21%  48.1  181s
 74913 50049 -4780.4484   34  164 -4714.9625 -4865.6231  3.20%  48.2  186s
 77916 52069     cutoff   80      -4714.9625 -4865.2522  3.19%  48.2  192s
 79218 53072 -4765.7530   38  272 -4714.9625 -4865.0739  3.18%  48.3  195s
 81900 54948 infeasible   69      -4714.9625 -4864.6478  3.17%  48.4  200s
 84590 56639 -4737.2436   54   65 -4714.9625 -4864.3737  3.17%  48.5  206s
 87036 58299 -4745.9649   37  141 -4714.9625 -4863.8908  3.16%  48.7  211s
 89095 59853 -4755.0943   54  265 -4714.9625 -4863.5248  3.15%  48.9  216s
 90374 60036 -4798.8047   45   79 -4714.9625 -4863.2937  3.15%  49.0  221s
H90461 22839                    -4794.357532 -4863.2937  1.44%  49.0  221s
H90679 22354                    -4796.025476 -4863.2914  1.40%  49.0  224s
 91392 22807 infeasible   39      -4796.0255 -4863.1040  1.40%  49.2  227s
 93401 23580 -4811.2384   29  528 -4796.0255 -4862.5609  1.39%  49.7  232s
 95136 24236     cutoff   44      -4796.0255 -4862.1168  1.38%  50.2  237s
 95979 24552 -4803.6428   36  294 -4796.0255 -4861.9274  1.37%  50.5  240s
 98068 25309 -4837.6001   29  466 -4796.0255 -4861.1628  1.36%  51.0  245s
 99971 26074 -4857.6312   27  470 -4796.0255 -4860.5952  1.35%  51.4  250s
 102245 26827 -4832.9332   27  413 -4796.0255 -4860.0722  1.34%  51.8  255s
 104245 27534 -4839.3281   28  374 -4796.0255 -4859.4026  1.32%  52.3  260s
 106348 28180 -4825.7107   35  151 -4796.0255 -4858.7391  1.31%  52.7  266s
 108398 28883 -4824.6593   32  324 -4796.0255 -4858.1680  1.30%  53.1  271s
 110221 29547 -4796.4440   36  211 -4796.0255 -4857.6247  1.28%  53.7  276s
 112367 30239     cutoff   37      -4796.0255 -4857.0704  1.27%  54.1  281s
 114477 30831 -4838.8589   25  245 -4796.0255 -4856.6296  1.26%  54.4  287s
 115667 31171 -4837.7445   34  332 -4796.0255 -4856.4949  1.26%  54.6  290s
 117941 31934 -4808.7168   36  238 -4796.0255 -4855.8510  1.25%  54.9  295s
 120068 32565 infeasible   32      -4796.0255 -4855.3293  1.24%  55.2  300s
 122263 33211 -4803.6191   40  400 -4796.0255 -4854.6546  1.22%  55.6  306s
 124388 33825 -4813.7133   36  377 -4796.0255 -4854.1019  1.21%  55.9  311s
 126170 34459 infeasible   33      -4796.0255 -4853.6853  1.20%  56.3  317s
 127395 34810     cutoff   40      -4796.0255 -4853.4977  1.20%  56.4  320s
 128678 35205 -4830.5690   33  206 -4796.0255 -4853.1802  1.19%  56.5  326s
 130946 35865 -4820.7182   23  421 -4796.0255 -4852.6956  1.18%  56.8  332s
 132129 36150 -4804.9431   36  190 -4796.0255 -4852.4901  1.18%  56.9  335s
 134600 36840 -4819.1827   30  470 -4796.0255 -4851.8718  1.16%  57.1  340s
 136855 37442 -4825.1752   41  386 -4796.0255 -4851.4717  1.16%  57.4  346s
 139210 38001 -4799.9501   35  249 -4796.0255 -4850.9963  1.15%  57.7  352s
 140672 38258 -4813.0082   27  326 -4796.0255 -4850.8343  1.14%  57.7  355s
 142680 38897 -4827.3706   28  231 -4796.0255 -4850.4300  1.13%  58.1  361s
 145051 39546 infeasible   39      -4796.0255 -4850.0443  1.13%  58.4  367s
 146237 39889 -4818.3125   32  232 -4796.0255 -4849.7040  1.12%  58.5  370s
 148880 40523 -4817.6147   34  204 -4796.0255 -4849.2662  1.11%  58.7  376s
 151015 40979     cutoff   24      -4796.0255 -4848.9036  1.10%  58.8  382s
 152240 41309 -4825.0658   25  244 -4796.0255 -4848.6285  1.10%  58.9  385s
 154866 41970 -4835.3909   28  327 -4796.0255 -4848.1884  1.09%  59.1  391s
 157679 42639 -4842.5554   28  291 -4796.0255 -4847.7377  1.08%  59.2  397s
 158969 42950 -4827.9266   35  214 -4796.0255 -4847.5479  1.07%  59.3  400s
 161437 43618 -4817.8059   34  320 -4796.0255 -4847.1083  1.07%  59.5  406s
 163962 44231 -4805.6879   29  382 -4796.0255 -4846.6232  1.05%  59.7  412s
 165145 44504 -4804.4797   26  221 -4796.0255 -4846.4247  1.05%  59.8  415s
 167679 45092 -4832.9335   35  247 -4796.0255 -4845.9922  1.04%  60.0  421s
 170008 45655 -4809.5060   31  243 -4796.0255 -4845.6193  1.03%  60.2  427s
 171244 45991 -4815.5758   27  397 -4796.0255 -4845.4225  1.03%  60.3  430s
 173532 46506 -4828.9188   31  290 -4796.0255 -4845.1056  1.02%  60.5  436s
 175946 46940 -4818.3040   33  375 -4796.0255 -4844.6818  1.01%  60.7  444s
 176737 47250 -4818.3969   32  207 -4796.0255 -4844.6000  1.01%  60.8  447s
 178011 47582 -4827.7711   27  337 -4796.0255 -4844.3722  1.01%  60.9  451s
 180503 48194 -4819.9133   28  402 -4796.0255 -4844.0306  1.00%  61.1  457s
 181897 48449     cutoff   34      -4796.0255 -4843.8084  1.00%  61.1  460s
 184216 48960     cutoff   29      -4796.0255 -4843.4206  0.99%  61.3  466s
 186778 49506     cutoff   38      -4796.0255 -4843.0962  0.98%  61.5  473s
 188155 49768 -4822.5600   33  225 -4796.0255 -4842.9234  0.98%  61.6  476s
 190861 50368     cutoff   30      -4796.0255 -4842.5197  0.97%  61.8  482s
 192199 50678     cutoff   26      -4796.0255 -4842.3568  0.97%  61.9  486s
 195098 51106 infeasible   30      -4796.0255 -4841.9740  0.96%  62.0  492s
 195924 51397 infeasible   36      -4796.0255 -4841.8721  0.96%  62.1  496s
 198492 51903 infeasible   34      -4796.0255 -4841.5399  0.95%  62.3  502s
 199734 52230 -4820.6428   33  423 -4796.0255 -4841.4117  0.95%  62.4  506s
 202751 52853 -4806.4798   35  172 -4796.0255 -4841.0357  0.94%  62.5  513s
 204138 53152 -4815.3732   31  238 -4796.0255 -4840.8774  0.94%  62.6  516s
 206960 53675 -4797.0435   35  103 -4796.0255 -4840.6145  0.93%  62.7  523s
 208259 53959 -4809.3523   38  171 -4796.0255 -4840.4300  0.93%  62.8  526s
 211164 54578 -4797.1616   36  180 -4796.0255 -4840.1120  0.92%  62.9  533s
 212643 54872 -4802.3101   25  215 -4796.0255 -4839.9419  0.92%  63.0  536s
 214043 55214 -4799.6837   40  297 -4796.0255 -4839.7903  0.91%  63.0  540s
 217013 55813 -4813.8736   38  341 -4796.0255 -4839.4343  0.91%  63.1  547s
 218508 56086 -4807.7187   29  328 -4796.0255 -4839.2716  0.90%  63.1  550s
 221184 56434 -4822.6226   25  199 -4796.0255 -4838.9435  0.89%  63.3  560s
H221530 56434                    -4796.025476 -4838.9435  0.89%  63.3  560s
H221693 56683                    -4796.025477 -4838.9173  0.89%  63.3  564s
 222773 56985     cutoff   41      -4796.0255 -4838.7088  0.89%  63.3  568s
 224235 57374 -4807.3424   29  252 -4796.0255 -4838.5516  0.89%  63.4  571s
 225895 57799 -4821.7351   39  353 -4796.0255 -4838.4295  0.88%  63.4  575s
 229111 58408 -4817.7765   34  199 -4796.0255 -4838.0846  0.88%  63.4  582s
 230737 58706 -4797.7729   31  255 -4796.0255 -4837.9691  0.87%  63.4  586s
 233767 59307     cutoff   40      -4796.0255 -4837.6748  0.87%  63.5  593s
 235362 59569     cutoff   37      -4796.0255 -4837.4982  0.86%  63.5  597s
 236960 59866 -4823.2987   27  205 -4796.0255 -4837.3209  0.86%  63.6  600s
 239895 60467 -4802.0728   36  272 -4796.0255 -4837.0436  0.86%  63.7  608s
 241545 60780     cutoff   37      -4796.0255 -4836.8715  0.85%  63.7  611s
 243108 61129 -4810.1308   34  186 -4796.0255 -4836.7224  0.85%  63.7  615s
 246630 61818 -4817.9843   28  352 -4796.0255 -4836.3364  0.84%  63.7  625s
 249803 62465 -4796.3081   35  185 -4796.0255 -4836.0183  0.83%  63.8  632s
 251505 62788 -4828.9452   32  265 -4796.0255 -4835.8761  0.83%  63.8  636s
 253173 63171     cutoff   36      -4796.0255 -4835.6911  0.83%  63.8  640s
 256642 63729 -4809.4174   32  240 -4796.0255 -4835.4035  0.82%  63.8  647s
 258299 63933 -4804.5537   50   39 -4796.0255 -4835.2465  0.82%  63.9  651s
 259981 64359     cutoff   29      -4796.0255 -4835.0549  0.81%  63.9  655s
 263479 65036 -4802.1203   35  241 -4796.0255 -4834.7506  0.81%  63.9  663s
 265322 65307 -4797.5084   37   74 -4796.0255 -4834.6054  0.80%  63.9  667s
 267056 65705 -4802.7950   34  201 -4796.0255 -4834.4682  0.80%  63.9  671s
 268935 66035     cutoff   37      -4796.0255 -4834.3432  0.80%  63.9  675s
 272614 66688 -4815.5409   26  201 -4796.0255 -4834.0226  0.79%  63.8  683s
 274441 66997 infeasible   38      -4796.0255 -4833.8662  0.79%  63.8  687s
 276290 67408 -4799.4962   45  280 -4796.0255 -4833.7228  0.79%  63.8  691s
 278248 67741 -4798.1685   40  118 -4796.0255 -4833.5664  0.78%  63.8  695s
H280011 67492                    -4796.745034 -4833.4416  0.77%  63.8  701s
 281344 67520     cutoff   48      -4796.7450 -4833.3537  0.76%  63.8  707s
H281345 66145                    -4798.522081 -4833.3537  0.73%  63.8  707s
 281644 66498     cutoff   49      -4798.5221 -4833.3424  0.73%  63.8  711s
 283529 66804 -4811.5266   29  298 -4798.5221 -4833.2068  0.72%  63.8  715s
 287111 67317 -4817.4953   35  343 -4798.5221 -4832.8817  0.72%  63.9  723s
 289038 67519     cutoff   36      -4798.5221 -4832.7381  0.71%  63.8  727s
 290651 67776 -4808.7400   42  386 -4798.5221 -4832.6174  0.71%  63.9  730s
 294325 68413 -4816.8278   27  427 -4798.5221 -4832.2484  0.70%  63.9  739s
 296425 68748 -4809.8890   34  200 -4798.5221 -4832.0942  0.70%  63.8  743s
 298420 68969 -4804.0195   30  325 -4798.5221 -4831.9593  0.70%  63.8  747s
 300311 69230 -4804.8222   37  336 -4798.5221 -4831.8025  0.69%  63.8  751s
 302178 69517 infeasible   47      -4798.5221 -4831.6539  0.69%  63.8  755s
 306268 70287 -4822.3346   31  282 -4798.5221 -4831.3877  0.68%  63.8  764s
 308305 70569 -4800.4499   41  190 -4798.5221 -4831.2122  0.68%  63.8  768s
 310079 70859 -4809.8878   37  217 -4798.5221 -4831.0729  0.68%  63.8  772s
 311995 71205 -4819.3550   36  151 -4798.5221 -4830.9439  0.68%  63.8  776s
 314136 71403 -4803.5797   30  265 -4798.5221 -4830.7540  0.67%  63.7  780s
 315952 71746     cutoff   68      -4798.5221 -4830.6140  0.67%  63.8  785s
 320053 72230 -4806.4535   32  258 -4798.5221 -4830.2962  0.66%  63.7  793s
 321925 72623     cutoff   42      -4798.5221 -4830.1741  0.66%  63.7  797s
 324001 73020 infeasible   53      -4798.5221 -4830.0466  0.66%  63.7  802s
 326164 73235     cutoff   36      -4798.5221 -4829.8975  0.65%  63.6  822s
 328124 73471 -4806.4460   38   95 -4798.5221 -4829.7891  0.65%  63.6  826s
 330014 73801 -4813.7665   30  168 -4798.5221 -4829.6613  0.65%  63.6  830s
 334041 74295     cutoff   32      -4798.5221 -4829.3865  0.64%  63.6  838s
 335999 74588 -4805.1259   37  241 -4798.5221 -4829.2628  0.64%  63.6  843s
 338276 74842 -4818.6842   33  224 -4798.5221 -4829.1073  0.64%  63.5  847s
 340363 75141 -4804.5249   35  301 -4798.5221 -4828.9800  0.63%  63.5  851s
 342548 75413 -4804.0460   41  303 -4798.5221 -4828.8216  0.63%  63.5  855s
 344575 75723 -4810.8924   35  401 -4798.5221 -4828.6682  0.63%  63.4  860s
 348709 76394 -4807.2277   29  220 -4798.5221 -4828.4508  0.62%  63.4  868s
 350846 76713 -4811.2270   39  277 -4798.5221 -4828.3028  0.62%  63.4  872s
 352876 76942 -4803.3321   39  202 -4798.5221 -4828.2005  0.62%  63.3  876s
 354891 77217     cutoff   36      -4798.5221 -4828.0764  0.62%  63.3  881s
 356868 77604     cutoff   35      -4798.5221 -4827.9657  0.61%  63.3  885s
 361232 78248     cutoff   45      -4798.5221 -4827.7098  0.61%  63.2  893s
 363363 78568     cutoff   41      -4798.5221 -4827.6234  0.61%  63.2  897s
 365616 78770 -4800.2561   42   14 -4798.5221 -4827.4639  0.60%  63.1  904s
 366941 79059     cutoff   42      -4798.5221 -4827.4225  0.60%  63.1  908s
 369070 79259 -4804.3978   37  201 -4798.5221 -4827.2991  0.60%  63.1  912s
 371084 79497 -4811.0746   47  158 -4798.5221 -4827.2003  0.60%  63.1  916s
H371955 79497                    -4798.522085 -4827.1703  0.60%  63.1  916s
 372909 79562 infeasible   27      -4798.5221 -4827.0861  0.60%  63.1  924s
H372913 79562                    -4798.522094 -4827.0861  0.60%  63.1  924s
 373449 79785 -4803.9297   28  321 -4798.5221 -4827.0817  0.60%  63.1  928s
 375412 80064     cutoff   32      -4798.5221 -4826.9561  0.59%  63.1  933s
 377524 80351 -4807.3167   25  297 -4798.5221 -4826.8539  0.59%  63.0  937s
 379727 80678 -4802.9678   32  224 -4798.5221 -4826.7531  0.59%  63.0  941s
 381813 80947     cutoff   44      -4798.5221 -4826.6129  0.59%  63.0  945s
 386259 81585     cutoff   30      -4798.5221 -4826.3667  0.58%  62.9  954s
 388646 81810 -4814.9845   28  307 -4798.5221 -4826.2477  0.58%  62.8  958s
 390853 82183 infeasible   34      -4798.5221 -4826.1439  0.58%  62.8  962s
 393199 82497 infeasible   34      -4798.5221 -4826.0497  0.57%  62.7  966s
 395314 82784     cutoff   31      -4798.5221 -4825.9376  0.57%  62.7  971s
 397288 83074 -4808.9260   36  172 -4798.5221 -4825.8374  0.57%  62.7  975s
 401802 83645     cutoff   35      -4798.5221 -4825.6015  0.56%  62.6  983s
 404208 84029     cutoff   33      -4798.5221 -4825.4872  0.56%  62.5  988s
 406608 84429 -4801.1816   38  255 -4798.5221 -4825.3543  0.56%  62.4  992s
 409058 84729     cutoff   48      -4798.5221 -4825.2297  0.56%  62.4  996s
 411436 85019 -4813.7089   39  275 -4798.5221 -4825.1217  0.55%  62.3 1000s
 415615 85535 -4810.9247   42  116 -4798.5221 -4824.9318  0.55%  62.2 1008s
 417789 85791     cutoff   30      -4798.5221 -4824.8505  0.55%  62.2 1012s
 420048 86065 -4809.1151   34  300 -4798.5221 -4824.7214  0.55%  62.1 1017s
 422267 86443     cutoff   57      -4798.5221 -4824.6140  0.54%  62.1 1021s
 424758 86651     cutoff   33      -4798.5221 -4824.5101  0.54%  62.0 1025s
 428978 87199 -4805.2029   34  333 -4798.5221 -4824.3146  0.54%  61.9 1033s
 431231 87479 -4814.7489   35  160 -4798.5221 -4824.2341  0.54%  61.9 1037s
 433640 87795     cutoff   36      -4798.5221 -4824.1166  0.53%  61.8 1041s
 436060 88019 -4807.6769   35  228 -4798.5221 -4824.0096  0.53%  61.7 1045s
 438307 88181 -4807.0524   36  276 -4798.5221 -4823.9101  0.53%  61.7 1053s
 440054 88350 -4803.5606   47   61 -4798.5221 -4823.8606  0.53%  61.6 1057s
 442222 88655 -4815.9767   52   14 -4798.5221 -4823.7971  0.53%  61.6 1061s
 444570 88869 -4802.6223   40  187 -4798.5221 -4823.6460  0.52%  61.6 1065s
 449051 89349     cutoff   47      -4798.5221 -4823.4651  0.52%  61.5 1073s
 451116 89573     cutoff   27      -4798.5221 -4823.3504  0.52%  61.4 1077s
 453312 89724 -4811.2733   43   75 -4798.5221 -4823.2653  0.52%  61.4 1081s
 455484 89870 -4803.2885   36  349 -4798.5221 -4823.1628  0.51%  61.4 1085s
 460024 90262     cutoff   47      -4798.5221 -4822.9839  0.51%  61.3 1093s
 462044 90402 -4817.6062   47   75 -4798.5221 -4822.9044  0.51%  61.3 1097s
 464261 90605 -4816.4572   36  121 -4798.5221 -4822.7774  0.51%  61.2 1101s
 466650 90868     cutoff   37      -4798.5221 -4822.6805  0.50%  61.2 1105s
 471118 91326     cutoff   46      -4798.5221 -4822.4856  0.50%  61.1 1114s
 473255 91521     cutoff   41      -4798.5221 -4822.4237  0.50%  61.1 1118s
 475410 91744     cutoff   48      -4798.5221 -4822.3242  0.50%  61.0 1121s
 477594 91858 -4807.6734   35  238 -4798.5221 -4822.2517  0.49%  61.0 1126s
 481583 92213 -4811.3088   53   68 -4798.5221 -4822.0707  0.49%  60.9 1134s
 483742 92467 -4812.1460   52   94 -4798.5221 -4821.9992  0.49%  60.9 1138s
 486179 92645 -4814.9489   38  231 -4798.5221 -4821.9079  0.49%  60.8 1142s
 488504 92950 -4818.1987   35  194 -4798.5221 -4821.8171  0.49%  60.8 1146s
 491005 93125     cutoff   35      -4798.5221 -4821.7326  0.48%  60.7 1150s
 495386 93440     cutoff   41      -4798.5221 -4821.5588  0.48%  60.6 1158s
 497558 93707     cutoff   38      -4798.5221 -4821.4800  0.48%  60.6 1162s
 499972 93970     cutoff   39      -4798.5221 -4821.3865  0.48%  60.5 1166s
 502428 94097 -4804.5091   31  262 -4798.5221 -4821.2950  0.47%  60.4 1170s
 506929 94461 -4801.1713   30  293 -4798.5221 -4821.1141  0.47%  60.4 1178s
 509298 94668 -4806.7952   60   49 -4798.5221 -4821.0240  0.47%  60.3 1182s
 511479 94803 infeasible   54      -4798.5221 -4820.9451  0.47%  60.3 1186s
 513590 94963 -4802.5359   49  122 -4798.5221 -4820.8588  0.47%  60.2 1190s
 517971 95313     cutoff   34      -4798.5221 -4820.7015  0.46%  60.1 1198s
 520336 95476     cutoff   39      -4798.5221 -4820.6059  0.46%  60.1 1202s
 522639 95812 -4819.2222   40  153 -4798.5221 -4820.5144  0.46%  60.0 1206s
 525232 95951 -4806.2785   40    2 -4798.5221 -4820.4268  0.46%  60.0 1210s
 529868 96322     cutoff   34      -4798.5221 -4820.2811  0.45%  59.8 1218s
 532187 96554 -4803.9203   40  113 -4798.5221 -4820.1786  0.45%  59.8 1223s
 534515 96691     cutoff   35      -4798.5221 -4820.1009  0.45%  59.7 1227s
 536831 96864 -4813.0970   34  129 -4798.5221 -4820.0407  0.45%  59.7 1231s
 539067 96921 -4807.5881   32  260 -4798.5221 -4819.9516  0.45%  59.6 1235s
H540579 96920                    -4798.522095 -4819.9389  0.45%  59.6 1235s
 543105 97034 -4800.2843   39  318 -4798.5221 -4819.8001  0.44%  59.6 1242s
 544568 97096     cutoff   28      -4798.5221 -4819.7413  0.44%  59.6 1248s
 545643 97281 infeasible   62      -4798.5221 -4819.7319  0.44%  59.6 1252s
 547888 97412 -4809.0389   34  337 -4798.5221 -4819.6498  0.44%  59.5 1256s
 552502 97661 -4802.4528   37  134 -4798.5221 -4819.4881  0.44%  59.4 1263s
 554633 97745 -4805.8623   39  264 -4798.5221 -4819.4072  0.44%  59.4 1267s
 557007 97883 -4799.1102   36  122 -4798.5221 -4819.3172  0.43%  59.3 1271s
 559334 97954     cutoff   57      -4798.5221 -4819.2450  0.43%  59.3 1275s
 563976 98261     cutoff   27      -4798.5221 -4819.0724  0.43%  59.2 1283s
 566334 98328 -4802.1106   51  125 -4798.5221 -4818.9968  0.43%  59.1 1287s
 568424 98455     cutoff   52      -4798.5221 -4818.9124  0.42%  59.1 1291s
 570724 98553 -4807.4519   39  218 -4798.5221 -4818.8286  0.42%  59.0 1295s
 575193 98782     cutoff   45      -4798.5221 -4818.6915  0.42%  58.9 1302s
 577232 98850     cutoff   46      -4798.5221 -4818.6252  0.42%  58.9 1306s
 579302 98900 -4801.6572   49   20 -4798.5221 -4818.5561  0.42%  58.9 1310s
 583807 99070     cutoff   31      -4798.5221 -4818.3986  0.41%  58.8 1318s
 586036 99114 -4811.4632   39  187 -4798.5221 -4818.3223  0.41%  58.8 1322s
 587416 99226 -4800.9145   36  308 -4798.5221 -4818.2950  0.41%  58.7 1326s
 589671 99312 -4810.6441   48  135 -4798.5221 -4818.2084  0.41%  58.7 1330s
 594155 99400 -4801.4672   40  121 -4798.5221 -4818.0576  0.41%  58.6 1337s
 596411 99495 -4805.2190   38  256 -4798.5221 -4817.9989  0.41%  58.6 1340s
 600302 99637 -4804.0060   52  110 -4798.5221 -4817.8839  0.40%  58.5 1348s
 602417 99676     cutoff   45      -4798.5221 -4817.7957  0.40%  58.4 1352s
 604560 99736 -4807.1696   46   61 -4798.5221 -4817.7404  0.40%  58.4 1356s
 606605 99842 -4812.8756   45   88 -4798.5221 -4817.6642  0.40%  58.3 1360s
 611242 99914     cutoff   55      -4798.5221 -4817.5394  0.40%  58.2 1370s
 615499 99967 -4807.0890   37  225 -4798.5221 -4817.4207  0.39%  58.2 1378s
 617745 100032     cutoff   43      -4798.5221 -4817.3230  0.39%  58.1 1382s
 619980 100073 -4799.1912   45  205 -4798.5221 -4817.2719  0.39%  58.1 1385s
 624007 100114 -4798.7435   30  224 -4798.5221 -4817.1409  0.39%  58.0 1392s
 626350 100124 -4805.3119   44  112 -4798.5221 -4817.0621  0.39%  57.9 1396s
 628714 100197     cutoff   35      -4798.5221 -4816.9935  0.38%  57.9 1400s
 633519 100387 -4799.4275   58   54 -4798.5221 -4816.8555  0.38%  57.8 1408s
 635231 100423 -4800.0509   32  310 -4798.5221 -4816.8281  0.38%  57.7 1412s
 637643 100411     cutoff   35      -4798.5221 -4816.7381  0.38%  57.7 1415s
 641207 100481     cutoff   32      -4798.5221 -4816.6358  0.38%  57.6 1421s
 643185 100497 -4804.0671   34  225 -4798.5221 -4816.5732  0.38%  57.6 1425s
 647052 100544 -4800.4393   55   57 -4798.5221 -4816.4556  0.37%  57.5 1432s
 649327 100513 -4805.3481   41  121 -4798.5221 -4816.3974  0.37%  57.5 1436s
 651578 100524     cutoff   45      -4798.5221 -4816.3288  0.37%  57.4 1444s
 653686 100451 -4806.4918   55   57 -4798.5221 -4816.2522  0.37%  57.4 1447s
 656026 100431     cutoff   27      -4798.5221 -4816.1949  0.37%  57.3 1451s
 659616 100421     cutoff   34      -4798.5221 -4816.0917  0.37%  57.3 1457s
 661512 100362     cutoff   26      -4798.5221 -4816.0227  0.36%  57.2 1460s
 664196 100393     cutoff   48      -4798.5221 -4815.9419  0.36%  57.2 1467s
 666561 100391 -4800.7118   30  154 -4798.5221 -4815.8714  0.36%  57.1 1470s
 670135 100360 -4811.6960   48   76 -4798.5221 -4815.7768  0.36%  57.1 1476s
 671911 100397     cutoff   39      -4798.5221 -4815.7216  0.36%  57.0 1480s
 675862 100247 -4807.9187   50   39 -4798.5221 -4815.6041  0.36%  56.9 1487s
 677552 100161 -4801.9144   34  129 -4798.5221 -4815.5588  0.36%  56.9 1490s
 681553 100035     cutoff   33      -4798.5221 -4815.4547  0.35%  56.9 1497s
 683353 99990     cutoff   35      -4798.5221 -4815.4023  0.35%  56.8 1500s
 686849 99859     cutoff   29      -4798.5221 -4815.2981  0.35%  56.8 1506s
 690581 99819 -4799.6413   36  152 -4798.5221 -4815.2120  0.35%  56.7 1512s
 692506 99776 -4804.5965   51   45 -4798.5221 -4815.1416  0.35%  56.7 1516s
 694910 99748     cutoff   36      -4798.5221 -4815.0726  0.34%  56.6 1520s
 699530 99639     cutoff   42      -4798.5221 -4814.9549  0.34%  56.6 1527s
 701286 99608 -4802.6982   33  278 -4798.5221 -4814.9082  0.34%  56.5 1530s
 704802 99362 -4801.4241   29  320 -4798.5221 -4814.8021  0.34%  56.5 1536s
 708364 99276     cutoff   37      -4798.5221 -4814.7061  0.34%  56.4 1542s
 710128 99228     cutoff   31      -4798.5221 -4814.6586  0.34%  56.4 1546s
 713792 98961 -4799.1562   36  124 -4798.5221 -4814.5634  0.33%  56.3 1552s
 715669 98853     cutoff   52      -4798.5221 -4814.5040  0.33%  56.3 1555s
 719115 98657 -4804.4427   49   83 -4798.5221 -4814.3852  0.33%  56.2 1561s
 722703 98351 -4805.7659   50   64 -4798.5221 -4814.2940  0.33%  56.2 1567s
 724484 98167 -4805.9404   32  111 -4798.5221 -4814.2230  0.33%  56.2 1570s
 728149 97972     cutoff   35      -4798.5221 -4814.1191  0.33%  56.1 1577s
 729943 97822     cutoff   37      -4798.5221 -4814.0668  0.32%  56.1 1580s
 733638 97685     cutoff   48      -4798.5221 -4813.9678  0.32%  56.0 1586s
 735616 97589     cutoff   32      -4798.5221 -4813.9217  0.32%  56.0 1590s
 739504 97444 -4807.8919   35  206 -4798.5221 -4813.8002  0.32%  55.9 1598s
 739860 97319 -4807.3360   36  198 -4798.5221 -4813.7985  0.32%  55.9 1602s
 742031 97165 -4802.4358   40  177 -4798.5221 -4813.7365  0.32%  55.9 1608s
 743843 97040     cutoff   36      -4798.5221 -4813.6883  0.32%  55.9 1612s
 745952 96895     cutoff   40      -4798.5221 -4813.6214  0.31%  55.8 1616s
 750374 96602 -4804.0410   60  112 -4798.5221 -4813.4936  0.31%  55.7 1622s
 752144 96488 -4805.5796   46  124 -4798.5221 -4813.4480  0.31%  55.7 1626s
 756029 96215 -4802.2674   36  134 -4798.5221 -4813.3479  0.31%  55.7 1632s
 758120 96075 -4799.4456   46   69 -4798.5221 -4813.2906  0.31%  55.6 1636s
 761691 95742     cutoff   49      -4798.5221 -4813.1891  0.31%  55.6 1642s
 763699 95599     cutoff   31      -4798.5221 -4813.1254  0.30%  55.5 1645s
 767540 95259 -4802.5849   50   86 -4798.5221 -4813.0310  0.30%  55.5 1652s
 769468 95130     cutoff   33      -4798.5221 -4812.9821  0.30%  55.5 1655s
 773132 94810     cutoff   53      -4798.5221 -4812.8834  0.30%  55.4 1661s
 776981 94476 infeasible   31      -4798.5221 -4812.7734  0.30%  55.3 1667s
 778812 94301 -4810.7322   49  117 -4798.5221 -4812.7179  0.30%  55.3 1670s
 782378 94030 -4798.6135   50  101 -4798.5221 -4812.6333  0.29%  55.2 1676s
 786100 93691 -4801.8291   47   92 -4798.5221 -4812.5312  0.29%  55.2 1682s
 788060 93606 -4802.6753   41   52 -4798.5221 -4812.4822  0.29%  55.1 1685s
 791344 93278 -4803.5596   60   34 -4798.5221 -4812.3919  0.29%  55.1 1691s
 793274 93251 -4800.4673   35  175 -4798.5221 -4812.3477  0.29%  55.1 1721s
 794263 93026 infeasible   51      -4798.5221 -4812.3293  0.29%  55.0 1725s
 799004 92650     cutoff   46      -4798.5221 -4812.1943  0.28%  55.0 1733s
 801319 92434     cutoff   36      -4798.5221 -4812.1370  0.28%  54.9 1736s
 803614 92239 infeasible   35      -4798.5221 -4812.0717  0.28%  54.9 1740s
 807375 91941 -4806.8218   53   50 -4798.5221 -4811.9890  0.28%  54.8 1746s
 811580 91439     cutoff   49      -4798.5221 -4811.8656  0.28%  54.7 1752s
 813468 91249     cutoff   48      -4798.5221 -4811.8173  0.28%  54.7 1756s
 817341 90772     cutoff   34      -4798.5221 -4811.7041  0.27%  54.6 1761s
 821174 90398     cutoff   62      -4798.5221 -4811.6036  0.27%  54.6 1767s
 823137 90212     cutoff   33      -4798.5221 -4811.5413  0.27%  54.5 1770s
 826915 89772 -4798.6472   39   10 -4798.5221 -4811.4402  0.27%  54.5 1776s
 830110 89352 -4801.9628   37  176 -4798.5221 -4811.3510  0.27%  54.4 1782s
 832028 89163     cutoff   32      -4798.5221 -4811.2955  0.27%  54.4 1785s
 836005 88692     cutoff   53      -4798.5221 -4811.2023  0.26%  54.3 1791s
 839838 88244     cutoff   39      -4798.5221 -4811.0911  0.26%  54.2 1796s
 843543 87798     cutoff   45      -4798.5221 -4810.9969  0.26%  54.1 1802s
 847155 87315     cutoff   39      -4798.5221 -4810.8959  0.26%  54.1 1807s
 848989 87143     cutoff   37      -4798.5221 -4810.8463  0.26%  54.0 1810s
 852238 86764     cutoff   44      -4798.5221 -4810.7939  0.26%  54.0 1815s
 855920 86296 -4803.6572   41  228 -4798.5221 -4810.6678  0.25%  53.9 1821s
 859208 85766     cutoff   30      -4798.5221 -4810.5727  0.25%  53.9 1826s
 862964 85162 -4800.2140   53   24 -4798.5221 -4810.4859  0.25%  53.8 1832s
 864810 84907     cutoff   43      -4798.5221 -4810.4320  0.25%  53.8 1835s
 868712 84333 -4800.6273   46   69 -4798.5221 -4810.3320  0.25%  53.7 1841s
 872468 83773     cutoff   43      -4798.5221 -4810.2300  0.24%  53.6 1846s
 876031 83184     cutoff   59      -4798.5221 -4810.1324  0.24%  53.5 1851s
 879663 82563     cutoff   65      -4798.5221 -4810.0359  0.24%  53.5 1857s
 881298 82312 -4805.5610   43   80 -4798.5221 -4809.9923  0.24%  53.5 1860s
 884898 81792     cutoff   47      -4798.5221 -4809.8963  0.24%  53.4 1865s
 888713 81218     cutoff   33      -4798.5221 -4809.7997  0.24%  53.3 1871s
 892523 80699 -4802.0657   57   55 -4798.5221 -4809.7057  0.23%  53.2 1876s
 896161 80114     cutoff   41      -4798.5221 -4809.6171  0.23%  53.2 1881s
 899816 79596     cutoff   57      -4798.5221 -4809.5312  0.23%  53.1 1887s
 901489 79305 -4805.5996   45   99 -4798.5221 -4809.4880  0.23%  53.1 1890s
 905336 78574 -4800.1319   50   74 -4798.5221 -4809.3916  0.23%  53.0 1895s
 909136 78001 -4807.0564   39  158 -4798.5221 -4809.3020  0.22%  52.9 1900s
 912957 77483 -4802.3694   33  277 -4798.5221 -4809.2046  0.22%  52.9 1905s
 916401 76733     cutoff   32      -4798.5221 -4809.1069  0.22%  52.8 1911s
 920294 76163     cutoff   47      -4798.5221 -4809.0043  0.22%  52.7 1916s
 924266 75533 -4800.6172   33  352 -4798.5221 -4808.9140  0.22%  52.6 1921s
 927917 74926 -4803.8881   47  196 -4798.5221 -4808.8209  0.21%  52.5 1926s
 931783 74248 -4802.5285   50  134 -4798.5221 -4808.7253  0.21%  52.5 1931s
 935283 73559 -4806.0850   45   78 -4798.5221 -4808.6406  0.21%  52.4 1937s
 939118 72855 infeasible   54      -4798.5221 -4808.5310  0.21%  52.3 1942s
 942761 72151 -4801.3271   25  357 -4798.5221 -4808.4458  0.21%  52.2 1947s
 944695 71804     cutoff   47      -4798.5221 -4808.3997  0.21%  52.2 1950s
 948259 71096     cutoff   45      -4798.5221 -4808.3142  0.20%  52.1 1955s
 952129 70377 -4804.1742   42  291 -4798.5221 -4808.2104  0.20%  52.1 1961s
 955929 69603 -4801.4716   51   50 -4798.5221 -4808.1098  0.20%  52.0 1966s
 959619 68864 -4799.9162   46   51 -4798.5221 -4808.0154  0.20%  51.9 1971s
 963447 68212     cutoff   31      -4798.5221 -4807.9230  0.20%  51.8 1976s
 967000 67262     cutoff   52      -4798.5221 -4807.8351  0.19%  51.8 1982s
 971102 66397     cutoff   37      -4798.5221 -4807.7275  0.19%  51.7 1987s
 973323 65957     cutoff   56      -4798.5221 -4807.6756  0.19%  51.6 1990s
 977526 65090 infeasible   42      -4798.5221 -4807.5655  0.19%  51.6 1995s
 981477 64088     cutoff   46      -4798.5221 -4807.4702  0.19%  51.5 2000s
 985466 63243     cutoff   39      -4798.5221 -4807.3630  0.18%  51.4 2006s
 989609 62377     cutoff   51      -4798.5221 -4807.2579  0.18%  51.3 2011s
 993799 61459     cutoff   32      -4798.5221 -4807.1517  0.18%  51.2 2016s
 998090 60455     cutoff   53      -4798.5221 -4807.0533  0.18%  51.1 2021s
 1002214 59474 -4799.5933   36  276 -4798.5221 -4806.9276  0.18%  51.0 2027s
 1003751 58999 -4802.8041   60   18 -4798.5221 -4806.9071  0.17%  51.0 2030s
 1008307 57872 -4803.2933   35  147 -4798.5221 -4806.7674  0.17%  50.9 2035s
 1012873 56839     cutoff   48      -4798.5221 -4806.6367  0.17%  50.8 2041s
 1016988 55845 -4801.5691   41  120 -4798.5221 -4806.5184  0.17%  50.7 2046s
 1020869 54705     cutoff   52      -4798.5221 -4806.4396  0.16%  50.7 2052s
 1025454 53549 -4802.4874   48   82 -4798.5221 -4806.2833  0.16%  50.6 2057s
 1027691 52904     cutoff   42      -4798.5221 -4806.2221  0.16%  50.5 2060s
 1032111 51698 infeasible   40      -4798.5221 -4806.0964  0.16%  50.4 2065s
 1036303 50453 -4799.3601   51  139 -4798.5221 -4805.9838  0.16%  50.3 2070s
 1040674 49199     cutoff   46      -4798.5221 -4805.8529  0.15%  50.2 2075s
 1045192 47888     cutoff   50      -4798.5221 -4805.7200  0.15%  50.1 2081s
 1049694 46488 -4799.0410   46   25 -4798.5221 -4805.5792  0.15%  50.0 2086s
 1053998 45105 -4803.1401   45  117 -4798.5221 -4805.4451  0.14%  50.0 2091s
 1058560 43641 -4803.6725   50   65 -4798.5221 -4805.3060  0.14%  49.9 2097s
 1061017 42868 -4800.8512   51   53 -4798.5221 -4805.2417  0.14%  49.8 2100s
 1065880 41313 -4802.4105   60  105 -4798.5221 -4805.0832  0.14%  49.7 2105s
 1070556 39647     cutoff   31      -4798.5221 -4804.9279  0.13%  49.6 2110s
 1074996 38008     cutoff   58      -4798.5221 -4804.7914  0.13%  49.5 2116s
 1079663 36189     cutoff   38      -4798.5221 -4804.6218  0.13%  49.4 2121s
 1084889 34243     cutoff   38      -4798.5221 -4804.4108  0.12%  49.3 2127s
 1087438 33893     cutoff   54      -4798.5221 -4804.3267  0.12%  49.2 2130s
 1091309 31676     cutoff   56      -4798.5221 -4804.1739  0.12%  49.1 2136s
 1096695 29387 -4800.3987   50    8 -4798.5221 -4803.9663  0.11%  49.0 2143s
 1099511 28064     cutoff   55      -4798.5221 -4803.8430  0.11%  49.0 2146s
 1105642 25057     cutoff   55      -4798.5221 -4803.5502  0.10%  48.8 2152s
 1108943 23488 -4799.2311   34  234 -4798.5221 -4803.3834  0.10%  48.8 2156s
 1112215 21740 -4800.4406   49   58 -4798.5221 -4803.2206  0.10%  48.7 2160s
 1119162 18200     cutoff   50      -4798.5221 -4802.8350  0.09%  48.5 2167s
 1122556 16094     cutoff   45      -4798.5221 -4802.6005  0.08%  48.4 2170s
 1130050 11150     cutoff   46      -4798.5221 -4802.0524  0.07%  48.3 2178s
 1134199  8664     cutoff   52      -4798.5221 -4801.6411  0.06%  48.1 2182s
 1138029  6042     cutoff   50      -4798.5221 -4801.2688  0.06%  48.0 2186s
 1144745  1743     cutoff   54      -4798.5221 -4800.3008  0.04%  47.9 2190s

Cutting planes:
  Gomory: 5
  Cover: 213
  Flow cover: 27
  Inf proof: 558
  Zero half: 34
  RLT: 197
  Lazy constraints: 1701

Explored 1148432 nodes (54825209 simplex iterations) in 2191.89 seconds
Thread count was 12 (of 12 available processors)

Solution count 10: -4798.52 -4796.75 -4796.03 ... -4708.88
No other solutions better than -4798.52

Optimal solution found (tolerance 1.00e-04)
Best objective -4.798522094578e+03, best bound -4.798522094578e+03, gap 0.0000%

User-callback calls 2384311, time in user-callback 8.49 sec
