Using license file /util/academic/gurobi/licenses/gurobi.lic
Set parameter TokenServer to value srv-m14-36.cbls.ccr.buffalo.edu
Set parameter TSPort to value 46325
Changed value of parameter lazyConstraints to 1
   Prev: 0  Min: 0  Max: 1  Default: 0
Changed value of parameter TimeLimit to 21600.0
   Prev: inf  Min: 0.0  Max: inf  Default: inf
Gurobi Optimizer version 9.1.1 build v9.1.1rc0 (linux64)
Thread count: 12 physical cores, 12 logical processors, using up to 12 threads
Optimize a model with 5120 rows, 6739 columns and 25505 nonzeros
Model fingerprint: 0xbdef60fc
Variable types: 1159 continuous, 5580 integer (5580 binary)
Coefficient statistics:
  Matrix range     [5e-01, 4e+02]
  Objective range  [1e+00, 1e+00]
  Bounds range     [1e+00, 1e+02]
  RHS range        [1e-01, 4e+02]
Presolve removed 437 rows and 153 columns
Presolve time: 0.07s
Presolved: 4683 rows, 6586 columns, 24383 nonzeros
Variable types: 745 continuous, 5841 integer (5841 binary)

Root relaxation: objective -5.573720e+03, 4295 iterations, 0.33 seconds

    Nodes    |    Current Node    |     Objective Bounds      |     Work
 Expl Unexpl |  Obj  Depth IntInf | Incumbent    BestBd   Gap | It/Node Time

     0     0 -5573.7196    0  503          - -5573.7196      -     -    0s
H    0     0                    -4351.791376 -5573.7196  28.1%     -    0s
     0     0 -5557.3001    0  540 -4351.7914 -5557.3001  27.7%     -    0s
H    0     0                    -4352.933766 -5557.3001  27.7%     -    0s
     0     0 -5551.2500    0  777 -4352.9338 -5551.2500  27.5%     -    1s
     0     0 -5551.0974    0  755 -4352.9338 -5551.0974  27.5%     -    1s
     0     0 -5551.0505    0  778 -4352.9338 -5551.0505  27.5%     -    1s
     0     0 -5551.0500    0  801 -4352.9338 -5551.0500  27.5%     -    1s
     0     0 -5549.8123    0  775 -4352.9338 -5549.8123  27.5%     -    2s
     0     0 -5549.6722    0  770 -4352.9338 -5549.6722  27.5%     -    2s
     0     0 -5549.0560    0  809 -4352.9338 -5549.0560  27.5%     -    2s
     0     0 -5548.9087    0  834 -4352.9338 -5548.9087  27.5%     -    2s
     0     0 -5548.8990    0  871 -4352.9338 -5548.8990  27.5%     -    2s
     0     0 -5548.8976    0  872 -4352.9338 -5548.8976  27.5%     -    2s
     0     0 -5548.1787    0  839 -4352.9338 -5548.1787  27.5%     -    3s
     0     0 -5548.0531    0  849 -4352.9338 -5548.0531  27.5%     -    3s
     0     0 -5547.9303    0  863 -4352.9338 -5547.9303  27.5%     -    3s
     0     0 -5547.9241    0  872 -4352.9338 -5547.9241  27.5%     -    3s
     0     0 -5547.8898    0  896 -4352.9338 -5547.8898  27.5%     -    3s
H    0     0                    -4354.481255 -5547.8898  27.4%     -    3s
     0     0 -5547.8533    0  913 -4354.4813 -5547.8533  27.4%     -    3s
     0     0 -5547.8532    0  933 -4354.4813 -5547.8532  27.4%     -    3s
     0     0 -5547.7678    0  985 -4354.4813 -5547.7678  27.4%     -    3s
     0     0 -5547.7678    0  953 -4354.4813 -5547.7678  27.4%     -    3s
     0     0 -5547.4689    0  953 -4354.4813 -5547.4689  27.4%     -    5s
     0     2 -5547.4689    0  946 -4354.4813 -5547.4689  27.4%     -    5s
H   79    81                    -4608.408777 -5543.8489  20.3%   208    7s
H  104   107                    -4609.430893 -5543.8489  20.3%   212    8s
H  115   118                    -4611.217573 -5543.8489  20.2%   220    8s
   139   144 -5540.9497   10  689 -4611.2176 -5543.8489  20.2%   229   12s
   368   365 -5522.1026   16  570 -4611.2176 -5543.8489  20.2%   232   16s
   806   822 -5459.3976   38  351 -4611.2176 -5543.8489  20.2%   215   20s
H 1593  1608                    -4718.985944 -5542.8983  17.5%   191   23s
  2372  2449 -5375.8659   17  364 -4718.9859 -5542.8983  17.5%   155   25s
  3023  2800 -5243.1360  129  953 -4718.9859 -5542.8983  17.5%   139   33s
H 3025  2660                    -4720.152729 -5472.3265  15.9%   139   34s
  3032  2665 -5448.7900   29  561 -4720.1527 -5448.7900  15.4%   139   35s
H 3034  2533                    -4721.700218 -5443.5323  15.3%   139   35s
H 3037  2408                    -4768.255896 -5442.8060  14.1%   138   36s
H 3046  2294                    -4769.917489 -5442.7692  14.1%   143   38s
  3061  2304 -5440.4350    6  471 -4769.9175 -5440.4350  14.1%   142   40s
H 3061  2188                    -4772.249457 -5440.4350  14.0%   142   40s
  3067  2195 -5082.1592   23  556 -4772.2495 -5440.3508  14.0%   147   49s
  3069  2199 -5081.1796   24  607 -4772.2495 -5440.0058  14.0%   147   54s
  3073  2205 -5076.1093   25  612 -4772.2495 -5439.4668  14.0%   147   55s
H 3094  2112                    -4774.736951 -5439.4261  13.9%   150   56s
H 3095  2008                    -4778.213330 -5439.4261  13.8%   150   56s
H 3140  1929                    -4811.393622 -5439.4261  13.1%   152   58s
  3159  1945 -5015.2375   29  552 -4811.3936 -5439.4261  13.1%   154   60s
H 3178  1859                    -4858.726884 -5439.4261  12.0%   155   60s
H 3236  1791                    -4919.631853 -5439.4261  10.6%   157   64s
  3273  1806 -4948.6021   34  488 -4919.6319 -5439.4261  10.6%   158   66s
  3391  1870 -4993.2954   39  515 -4919.6319 -5439.4261  10.6%   163   70s
H 3402  1781                    -5011.242848 -5439.4261  8.54%   163   70s
H 3406  1699                    -5081.046578 -5439.4261  7.05%   163   70s
  4954  2561 -5419.0654   30  318 -5081.0466 -5437.8421  7.02%   143   75s
H 6140  3113                    -5149.067080 -5437.8421  5.61%   130   77s
  7548  3815 -5315.4377   45  378 -5149.0671 -5437.6208  5.60%   118   80s
H 7684  3809                    -5150.764064 -5437.6208  5.57%   117   80s
  9756  5760     cutoff   93      -5150.7641 -5436.0482  5.54%   108   85s
 12414  7679 -5266.7321   44  325 -5150.7641 -5434.5311  5.51%   103   90s
 14706  9959 -5216.1040   48  202 -5150.7641 -5428.2187  5.39%  98.4  104s
 15185 10492 -5390.2453   41  447 -5150.7641 -5428.2187  5.39%  98.1  105s
 17983 13118 -5351.1301   36  376 -5150.7641 -5425.5752  5.34%  94.1  110s
 22184 15773 -5369.9257   41  379 -5150.7641 -5423.5637  5.30%  88.9  116s
H22286 15726                    -5152.432224 -5423.5637  5.26%  88.9  116s
 24704 18013 -5155.7181  291    4 -5152.4322 -5421.8156  5.23%  84.6  120s
*25941 19012             299    -5153.136078 -5420.2389  5.18%  84.2  122s
 27991 21042 -5199.7533   61  149 -5153.1361 -5418.9320  5.16%  84.1  126s
 30452 23311 -5167.2641   58  186 -5153.1361 -5417.3949  5.13%  85.6  130s
 36167 28471 -5321.9390   39  295 -5153.1361 -5414.9185  5.08%  83.6  137s
 40212 30452 -5314.6674   43  348 -5153.1361 -5414.1069  5.06%  82.2  141s
 42696 33712 -5372.2008   40  333 -5153.1361 -5413.0396  5.04%  82.2  146s
 47423 37578 -5186.3471   83  226 -5153.1361 -5411.3558  5.01%  79.9  151s
 50990 41188 -5322.6521   92   57 -5153.1361 -5410.7860  5.00%  79.2  156s
*53616 38663             246    -5177.837822 -5410.1477  4.49%  78.4  158s
*53617 37263             246    -5185.309337 -5410.1477  4.34%  78.4  158s
 54880 37862 -5334.6681   36  289 -5185.3093 -5409.8064  4.33%  78.2  160s
 57655 40702 -5381.8677   34  418 -5185.3093 -5409.2690  4.32%  80.7  166s
 60888 43262 -5365.0622   55  317 -5185.3093 -5408.8406  4.31%  80.7  170s
*65392 40645             148    -5206.784796 -5408.1811  3.87%  79.9  174s
*65394 39871             149    -5209.443961 -5408.1811  3.81%  79.9  174s
*65398 39566             147    -5210.551299 -5408.1811  3.79%  79.9  174s
*65900 31654             119    -5241.114608 -5408.1392  3.19%  79.9  174s
 66172 31966 -5343.9262   43  213 -5241.1146 -5408.1292  3.19%  80.0  176s
 68467 33797 -5365.1171   39  397 -5241.1146 -5407.5924  3.18%  81.1  180s
H70815 32614                    -5250.388325 -5407.0826  2.98%  81.5  182s
 71894 33633 -5363.4609   40  364 -5250.3883 -5406.7535  2.98%  81.8  186s
 74008 35481     cutoff   51      -5250.3883 -5406.3790  2.97%  82.8  190s
 77866 38475 -5279.7396   49  388 -5250.3883 -5405.7291  2.96%  83.5  196s
 81023 40687 -5298.8258   71  113 -5250.3883 -5405.1636  2.95%  83.5  201s
H82894 40648                    -5253.545579 -5404.8760  2.88%  84.0  203s
 83797 41213 -5283.0333   37  354 -5253.5456 -5404.7261  2.88%  84.0  205s
*85659 42254             115    -5254.960361 -5404.4363  2.84%  84.8  209s
H86247 41960                    -5255.847372 -5404.4151  2.83%  84.7  209s
 86766 42756 -5394.5752   39  311 -5255.8474 -5404.1756  2.82%  85.1  211s
 89303 44994 -5299.4936  112   35 -5255.8474 -5403.6547  2.81%  85.5  215s
H91111 43237                    -5262.263165 -5403.4168  2.68%  85.5  217s
H91811 44127                    -5262.958714 -5403.4168  2.67%  85.4  219s
H91893 42991                    -5265.628309 -5403.2877  2.61%  85.5  219s
H92285 41341                    -5269.490979 -5403.2550  2.54%  85.6  219s
 93304 42248 -5299.3474   49  128 -5269.4910 -5403.1690  2.54%  85.5  221s
 96184 44342 -5325.9338   56  197 -5269.4910 -5402.7557  2.53%  85.5  226s
 98838 45942 -5394.2759   44  284 -5269.4910 -5402.3501  2.52%  85.8  230s
H99598 45645                    -5270.186528 -5402.2105  2.51%  86.1  230s
 101308 47500 -5292.5463   46  287 -5270.1865 -5401.7517  2.50%  86.8  236s
 103971 49328 -5371.2113   39  280 -5270.1865 -5401.5172  2.49%  87.2  240s
 107734 52141 -5378.9084   49  278 -5270.1865 -5400.8621  2.48%  87.5  246s
 109819 53538 -5339.1196   64  171 -5270.1865 -5400.3980  2.47%  88.2  250s
 113382 55971 -5365.0619   39  271 -5270.1865 -5399.8309  2.46%  89.0  256s
 115679 57880 -5300.5088   78  105 -5270.1865 -5399.4556  2.45%  89.4  260s
 119228 60398     cutoff   58      -5270.1865 -5398.8295  2.44%  90.0  267s
 121501 61471 -5320.3191   65  207 -5270.1865 -5398.5065  2.43%  90.5  271s
 123627 63948 -5366.3586   37  316 -5270.1865 -5398.1895  2.43%  91.0  275s
H127032 65308                    -5270.289735 -5397.9062  2.42%  90.5  278s
 127394 66054 infeasible  125      -5270.2897 -5397.8055  2.42%  90.4  280s
H127720 59697                    -5281.029320 -5397.7252  2.21%  90.5  280s
H128020 58789                    -5282.338870 -5397.7231  2.18%  90.5  280s
H128534 59049                    -5282.338880 -5397.7121  2.18%  90.6  282s
 129241 59160 -5286.4212   65  126 -5282.3389 -5397.7121  2.18%  91.0  285s
H129242 59160                    -5282.338889 -5397.7121  2.18%  91.0  285s
 130944 61179     cutoff  108      -5282.3389 -5397.4036  2.18%  91.1  290s
 134993 63915 -5325.2061   44  341 -5282.3389 -5396.7858  2.17%  91.3  296s
 138019 66360 -5340.6552   75   61 -5282.3389 -5396.4231  2.16%  91.3  301s
 140766 67830 -5292.7681   72  232 -5282.3389 -5396.0291  2.15%  91.5  305s
 143007 69543     cutoff   64      -5282.3389 -5395.7484  2.15%  92.0  310s
 146642 71500 -5329.6883   47  301 -5282.3389 -5395.2598  2.14%  92.5  316s
 148575 72789 -5293.0598   60  159 -5282.3389 -5394.7404  2.13%  93.1  320s
 152583 75618 -5315.7043   51  219 -5282.3389 -5394.1399  2.12%  93.4  326s
 155115 77545 -5321.2065   52  379 -5282.3389 -5393.6962  2.11%  93.6  331s
 157964 78864 -5351.8169   39  360 -5282.3389 -5393.2760  2.10%  93.7  335s
 160391 81039 -5363.8933   46  261 -5282.3389 -5393.0495  2.10%  94.0  340s
 163654 83157 -5311.6414   98  185 -5282.3389 -5392.7510  2.09%  93.9  345s
 167489 85707 -5367.5067   49  326 -5282.3389 -5392.3390  2.08%  94.2  351s
 170115 87338 infeasible   63      -5282.3389 -5392.0133  2.08%  94.3  356s
 172689 89002 -5362.4834   36  317 -5282.3389 -5391.6570  2.07%  94.5  360s
 173800 89014 -5283.1798   94  147 -5282.3389 -5391.5783  2.07%  94.7  366s
 175367 91169 -5375.4642   43  438 -5282.3389 -5391.3689  2.06%  94.6  370s
 178329 92973 -5338.7183   46  397 -5282.3389 -5391.0107  2.06%  94.6  375s
 182635 95612 -5358.0315   38  352 -5282.3389 -5390.6299  2.05%  94.8  382s
 185398 97386 -5320.0882   48  335 -5282.3389 -5390.4898  2.05%  94.9  387s
 188009 99237 -5377.8878   42  385 -5282.3389 -5390.3145  2.04%  94.9  391s
 190912 101136 infeasible  150      -5282.3389 -5390.0004  2.04%  95.0  396s
 193181 102687 -5377.4929   38  450 -5282.3389 -5389.7588  2.03%  95.3  401s
 195882 104595 -5356.3893   48  176 -5282.3389 -5389.5434  2.03%  95.4  405s
 198258 106079 -5320.4666   51  402 -5282.3389 -5389.2517  2.02%  95.6  410s
 201199 107960 -5365.8387   53  309 -5282.3389 -5388.9363  2.02%  95.6  415s
 204776 110149 -5362.0502   42  353 -5282.3389 -5388.6371  2.01%  96.0  421s
 207319 111769 -5368.2047   46  428 -5282.3389 -5388.3912  2.01%  96.2  426s
 210014 113836     cutoff   75      -5282.3389 -5388.1407  2.00%  96.3  431s
 212894 115753 -5367.5132   45  314 -5282.3389 -5387.9398  2.00%  96.4  436s
H213012 89347                    -5300.956774 -5387.9398  1.64%  96.4  436s
*215175 74460              78    -5310.351729 -5387.8314  1.46%  96.3  438s
 215696 75188 -5366.2617   42  324 -5310.3517 -5387.7650  1.46%  96.3  441s
H215770 66333                    -5315.930403 -5387.7650  1.35%  96.3  441s
H216247 62696                    -5318.245681 -5387.7307  1.31%  96.3  441s
 218240 63731 -5320.7673  199    8 -5318.2457 -5387.5589  1.30%  96.4  446s
 220523 64738 -5358.9498   44  238 -5318.2457 -5387.1985  1.30%  96.7  450s
H221316 59745                    -5321.435028 -5387.1286  1.23%  96.9  450s
 222509 60775 -5338.0226   48  273 -5321.4350 -5386.8929  1.23%  97.1  455s
 224974 61743 -5324.9361   53  314 -5321.4350 -5386.5871  1.22%  97.4  460s
 227378 63049 -5343.5888   48  248 -5321.4350 -5386.1804  1.22%  97.7  465s
H228620 60401                    -5323.132012 -5386.1188  1.18%  97.8  465s
 231158 61988 -5337.0601   43  334 -5323.1320 -5385.6576  1.17%  98.1  472s
 233012 63023 infeasible   56      -5323.1320 -5385.4422  1.17%  98.5  476s
 235507 64098 -5330.1452   62  132 -5323.1320 -5385.0363  1.16%  98.8  481s
 238164 65246 -5341.1194   44  211 -5323.1320 -5384.7501  1.16%  99.0  486s
 240810 66533 -5347.5269   40  250 -5323.1320 -5384.4198  1.15%  99.3  491s
 243445 67588 -5350.9139   46  274 -5323.1320 -5384.0425  1.14%  99.5  496s
H244096 67136                    -5323.449551 -5384.0175  1.14%   100  496s
 245759 68446 -5344.7434   48  264 -5323.4496 -5383.7755  1.13%   100  501s
 248579 69743 -5358.7597   53  230 -5323.4496 -5383.4713  1.13%   100  506s
 251303 71107 -5348.2148   51  241 -5323.4496 -5383.0741  1.12%   100  511s
 254193 72246 -5359.3277   53  301 -5323.4496 -5382.7462  1.11%   100  516s
 256670 73246     cutoff   53      -5323.4496 -5382.4706  1.11%   100  520s
 259212 74423 -5327.6838   58  159 -5323.4496 -5382.1349  1.10%   101  526s
 262182 75719 -5335.7406   57  135 -5323.4496 -5381.7913  1.10%   101  531s
 264732 76864 -5352.0382   41  278 -5323.4496 -5381.5290  1.09%   101  536s
 267566 78180 -5356.5241   55  212 -5323.4496 -5381.1109  1.08%   101  541s
 270600 79540 -5364.4668   45  319 -5323.4496 -5380.7639  1.08%   101  546s
 273695 80886 -5346.6530   47  369 -5323.4496 -5380.4937  1.07%   101  551s
 276396 82367 -5354.3982   41  190 -5323.4496 -5380.1554  1.07%   102  556s
 279501 83646 -5341.0725   59   77 -5323.4496 -5379.8388  1.06%   102  561s
 282551 84889 -5331.6840   59  132 -5323.4496 -5379.4855  1.05%   102  567s
 285390 86053 -5351.1576   48  345 -5323.4496 -5379.1839  1.05%   102  572s
 286854 86742     cutoff   45      -5323.4496 -5379.0247  1.04%   102  575s
 289771 87951 -5327.5614   73  220 -5323.4496 -5378.7621  1.04%   102  580s
 292861 89376 -5341.2810   45  528 -5323.4496 -5378.4583  1.03%   102  585s
 296136 90884 -5337.4473   56  225 -5323.4496 -5378.1051  1.03%   102  591s
 299609 92362 -5348.9911   50  276 -5323.4496 -5377.7993  1.02%   102  596s
 302699 93645 -5335.8187   67  247 -5323.4496 -5377.4894  1.02%   102  602s
 304370 94290 -5363.5931   37  423 -5323.4496 -5377.3855  1.01%   102  605s
 307752 95908 -5345.7483   40  251 -5323.4496 -5377.0443  1.01%   102  611s
 310945 97242     cutoff   38      -5323.4496 -5376.7719  1.00%   102  616s
 314040 98636 -5350.9758   42  284 -5323.4496 -5376.4792  1.00%   103  622s
 315523 99220 -5337.6111   46  272 -5323.4496 -5376.3599  0.99%   103  625s
 318670 100940 -5366.7325   50  328 -5323.4496 -5376.0267  0.99%   103  630s
 322330 102214 -5363.9318   40  302 -5323.4496 -5375.7565  0.98%   103  636s
 326102 103873 -5337.0549   42  187 -5323.4496 -5375.4824  0.98%   103  642s
 327791 104717 -5337.8756   50  192 -5323.4496 -5375.3650  0.98%   103  645s
 331667 106567 -5355.7922   59  121 -5323.4496 -5375.1056  0.97%   103  650s
 335305 107914 -5362.8646   52  331 -5323.4496 -5374.7980  0.96%   103  656s
 338697 109544 -5356.6582   49  252 -5323.4496 -5374.5168  0.96%   103  662s
 340612 110190 -5343.9690   71  114 -5323.4496 -5374.4111  0.96%   103  665s
 343798 111521 -5329.3930   75  217 -5323.4496 -5374.2027  0.95%   103  671s
 347156 113045 -5334.4964   37  264 -5323.4496 -5373.9749  0.95%   103  676s
 350399 114278 -5347.6358   42  281 -5323.4496 -5373.6749  0.94%   103  682s
 352178 115140 -5365.1585   49  288 -5323.4496 -5373.5497  0.94%   103  685s
 356101 116714 -5347.8364   55  376 -5323.4496 -5373.2612  0.94%   103  690s
 359532 118374     cutoff   46      -5323.4496 -5373.0376  0.93%   103  696s
 363474 120142     cutoff   46      -5323.4496 -5372.7782  0.93%   103  702s
 365369 120934 -5353.4766   48  432 -5323.4496 -5372.6120  0.92%   103  705s
 369348 122735 -5346.8401   49  373 -5323.4496 -5372.2908  0.92%   102  711s
 373591 124546 -5342.3824   47  246 -5323.4496 -5372.0471  0.91%   102  717s
 375510 125459 -5339.5673   38  346 -5323.4496 -5371.9078  0.91%   102  720s
H378831 120727                    -5325.997197 -5371.7401  0.86%   102  723s
 379633 121220 -5354.4547   57  225 -5325.9972 -5371.6662  0.86%   102  727s
H380177 121198                    -5326.009639 -5371.6572  0.86%   102  727s
 380836 122007 -5362.5878   46  459 -5326.0096 -5371.6202  0.86%   102  730s
 384977 123744 infeasible   62      -5326.0096 -5371.3221  0.85%   102  736s
 389274 125673 -5346.5068   42  248 -5326.0096 -5371.0567  0.85%   102  742s
 391715 126634 -5356.4147   49  210 -5326.0096 -5370.9347  0.84%   102  745s
 395832 128077 -5361.8248   51  249 -5326.0096 -5370.6506  0.84%   102  752s
 397473 128888 -5343.3953   47  264 -5326.0096 -5370.5661  0.84%   102  755s
 401963 130785 -5352.9704   40  434 -5326.0096 -5370.2669  0.83%   102  761s
 404286 131652 -5327.5489   53  365 -5326.0096 -5370.1546  0.83%   102  765s
 408684 133371 -5345.2822   50  218 -5326.0096 -5369.8708  0.82%   102  771s
 413170 135182 -5327.1421   54   51 -5326.0096 -5369.6370  0.82%   101  778s
 415703 136211 -5350.8605   45  276 -5326.0096 -5369.5244  0.82%   101  781s
 420271 138060     cutoff   44      -5326.0096 -5369.2544  0.81%   101  787s
 422521 138872     cutoff   50      -5326.0096 -5369.1306  0.81%   101  791s
 426834 140558 -5355.0333   55  202 -5326.0096 -5368.8639  0.80%   101  797s
 428986 141601 -5339.6926   45  173 -5326.0096 -5368.7482  0.80%   101  800s
 433870 143654 -5344.0825   48  174 -5326.0096 -5368.5410  0.80%   101  807s
 436352 144496     cutoff   58      -5326.0096 -5368.3699  0.80%   101  810s
 441024 145561 -5329.5396   49  300 -5326.0096 -5368.1140  0.79%   101  820s
 443306 147574 -5349.4269   49  216 -5326.0096 -5368.0016  0.79%   101  826s
 445792 148647 -5345.5077   64   96 -5326.0096 -5367.8877  0.79%   100  830s
 450845 150810 -5340.4132   48  195 -5326.0096 -5367.6660  0.78%   100  836s
 455596 152549 -5345.9827   49  174 -5326.0096 -5367.4707  0.78%   100  843s
 457754 153597 -5340.1983   50  138 -5326.0096 -5367.3412  0.78%   100  846s
 462120 155375 -5344.3114   52  214 -5326.0096 -5367.1594  0.77%   100  852s
 464905 156164 -5333.6192   46  426 -5326.0096 -5367.0463  0.77%   100  855s
 469511 158190 -5349.7189   52  263 -5326.0096 -5366.8010  0.77%   100  862s
 471847 159229 -5331.2148   43  194 -5326.0096 -5366.6871  0.76%   100  865s
 476743 160851     cutoff   53      -5326.0096 -5366.4881  0.76%  99.4  871s
 478863 161686     cutoff   45      -5326.0096 -5366.3535  0.76%  99.4  875s
 483631 163777 -5338.9612   49  221 -5326.0096 -5366.1588  0.75%  99.3  881s
 488819 165808 -5330.9418   67   48 -5326.0096 -5365.9463  0.75%  99.1  887s
 491504 166834 -5338.6246   54  289 -5326.0096 -5365.8535  0.75%  98.9  890s
 496439 168683 -5335.5117   40  460 -5326.0096 -5365.6197  0.74%  98.8  897s
 498773 169726 -5327.4021   85   58 -5326.0096 -5365.5443  0.74%  98.7  900s
 503504 171413 -5335.3861   63   65 -5326.0096 -5365.3802  0.74%  98.6  906s
 508240 173140 -5336.7701   43  280 -5326.0096 -5365.1691  0.74%  98.4  912s
 510455 174071 -5328.3872   51  333 -5326.0096 -5365.0669  0.73%  98.4  915s
 515083 176030 -5348.2325   48  315 -5326.0096 -5364.8783  0.73%  98.3  922s
 517754 176962 -5354.5931   44  348 -5326.0096 -5364.7758  0.73%  98.2  925s
 522179 178502 -5350.5084   51   77 -5326.0096 -5364.6389  0.73%  98.0  931s
 526350 180224     cutoff   46      -5326.0096 -5364.4208  0.72%  97.9  937s
 529080 181153 -5338.7090   47  230 -5326.0096 -5364.3120  0.72%  97.8  940s
 533946 182809 -5339.6224   48  140 -5326.0096 -5364.1145  0.72%  97.6  946s
 536202 183846 -5362.7045   52  141 -5326.0096 -5364.0303  0.71%  97.6  950s
 541417 185618     cutoff   54      -5326.0096 -5363.8488  0.71%  97.4  956s
 545855 187481     cutoff   51      -5326.0096 -5363.6952  0.71%  97.3  962s
 548278 188476     cutoff   46      -5326.0096 -5363.6166  0.71%  97.3  965s
 553203 190639 -5335.0355   54  135 -5326.0096 -5363.4595  0.70%  97.1  971s
 558315 192507 -5333.8710   49  272 -5326.0096 -5363.2974  0.70%  96.9  978s
 560836 193787 -5336.0867   60  205 -5326.0096 -5363.2377  0.70%  96.8  981s
 566343 195661 -5332.6381   46  266 -5326.0096 -5363.0361  0.70%  96.6  987s
 568670 196598 -5332.2104   50  186 -5326.0096 -5362.9603  0.69%  96.5  990s
 573573 198579 -5331.7044   96   92 -5326.0096 -5362.7977  0.69%  96.4  997s
 576411 199570 -5342.3996   50  461 -5326.0096 -5362.7157  0.69%  96.2 1000s
 581628 201333 -5340.3236   77  198 -5326.0096 -5362.5307  0.69%  96.0 1007s
 584080 202374 -5351.2396   45  316 -5326.0096 -5362.4732  0.68%  96.0 1010s
 588922 204105     cutoff   39      -5326.0096 -5362.3219  0.68%  95.8 1016s
 593834 205804 -5331.4493   46  318 -5326.0096 -5362.1600  0.68%  95.7 1022s
 596043 206692 -5334.9911   54  261 -5326.0096 -5362.1007  0.68%  95.7 1025s
 601134 208503 -5340.8932  131    4 -5326.0096 -5361.9614  0.68%  95.5 1032s
 603241 209418 -5334.0961  133   34 -5326.0096 -5361.8737  0.67%  95.4 1035s
 608246 211151 -5334.5344  120    - -5326.0096 -5361.7184  0.67%  95.3 1041s
 613125 212847 -5350.9383   36  458 -5326.0096 -5361.5710  0.67%  95.2 1047s
 615478 214009     cutoff   54      -5326.0096 -5361.4939  0.67%  95.1 1050s
 620806 215986     cutoff   52      -5326.0096 -5361.3629  0.66%  94.9 1057s
 623625 216821 -5330.1827   68  125 -5326.0096 -5361.2752  0.66%  94.8 1060s
 627859 218479 -5327.6416   66   74 -5326.0096 -5361.1516  0.66%  94.7 1067s
 630580 219403 -5331.7303   75  119 -5326.0096 -5361.0594  0.66%  94.6 1070s
 635502 221144     cutoff   58      -5326.0096 -5360.9040  0.66%  94.4 1076s
 640960 223055     cutoff   51      -5326.0096 -5360.7496  0.65%  94.3 1082s
 643510 223956 -5334.8596   44  409 -5326.0096 -5360.6751  0.65%  94.2 1085s
 648680 225839 -5341.5352   40  365 -5326.0096 -5360.5275  0.65%  94.0 1092s
 651317 226626 -5341.3027   41  458 -5326.0096 -5360.4603  0.65%  93.9 1095s
 655854 228321 -5330.1850  100  170 -5326.0096 -5360.3320  0.64%  93.8 1101s
 660997 230043 -5355.2711   50  143 -5326.0096 -5360.2094  0.64%  93.6 1107s
 663365 231042     cutoff   51      -5326.0096 -5360.1031  0.64%  93.6 1110s
 668661 232613 -5354.4836   49  319 -5326.0096 -5359.9830  0.64%  93.4 1116s
 673696 234485 -5339.5323   47  241 -5326.0096 -5359.8359  0.64%  93.3 1122s
 676526 235394     cutoff   52      -5326.0096 -5359.7665  0.63%  93.2 1125s
 681768 237228 -5328.5483   48  142 -5326.0096 -5359.6081  0.63%  93.0 1131s
 686904 239158 -5332.3439   66   50 -5326.0096 -5359.4912  0.63%  92.9 1137s
 689761 240036 -5345.8622   54  133 -5326.0096 -5359.4094  0.63%  92.7 1140s
 694963 241772     cutoff   64      -5326.0096 -5359.2887  0.62%  92.6 1146s
 700159 243466 -5327.6134   65  126 -5326.0096 -5359.1648  0.62%  92.5 1152s
 702787 244518 -5340.3636   52  159 -5326.0096 -5359.1199  0.62%  92.4 1155s
 708127 246486 -5349.6979   50  231 -5326.0096 -5358.9654  0.62%  92.2 1161s
 713948 248613 -5335.4397   55  202 -5326.0096 -5358.8209  0.62%  92.0 1167s
 716678 249428 -5331.8657   62  130 -5326.0096 -5358.7636  0.61%  91.9 1170s
 721954 251397 infeasible  133      -5326.0096 -5358.6343  0.61%  91.7 1176s
 727799 253364 -5343.4510   65  161 -5326.0096 -5358.5072  0.61%  91.5 1182s
 730523 254187 -5328.1971   53  188 -5326.0096 -5358.4479  0.61%  91.4 1185s
 735741 255904     cutoff   65      -5326.0096 -5358.3134  0.61%  91.3 1191s
 740964 258609 -5341.5217   59  191 -5326.0096 -5358.2132  0.60%  91.1 1197s
 744045 259623 -5330.5244   55  248 -5326.0096 -5358.1431  0.60%  90.9 1200s
 749563 261366 -5329.1617   54  208 -5326.0096 -5358.0277  0.60%  90.8 1206s
 755207 263454 -5329.2592   49  197 -5326.0096 -5357.8934  0.60%  90.6 1212s
 758056 264471 -5330.8192   40  320 -5326.0096 -5357.8246  0.60%  90.5 1215s
 763403 266241 -5333.8938   73   82 -5326.0096 -5357.7075  0.60%  90.3 1221s
 769084 268152 -5341.7214   49  280 -5326.0096 -5357.5917  0.59%  90.2 1227s
 771831 269202 -5326.8617   60  100 -5326.0096 -5357.5264  0.59%  90.1 1230s
 777134 270946 -5330.4262   74  122 -5326.0096 -5357.4319  0.59%  89.9 1236s
 782382 272845     cutoff   54      -5326.0096 -5357.3176  0.59%  89.7 1242s
 785051 273892 -5338.7040   58  313 -5326.0096 -5357.2573  0.59%  89.7 1245s
 790688 275794 -5344.8677   65  151 -5326.0096 -5357.1310  0.58%  89.5 1251s
 796345 277492     cutoff   41      -5326.0096 -5357.0299  0.58%  89.3 1256s
 801802 279602     cutoff   54      -5326.0096 -5356.9312  0.58%  89.1 1262s
 804649 280684 -5346.0486   50  307 -5326.0096 -5356.8760  0.58%  89.0 1265s
 810665 282778 -5337.7303   55  150 -5326.0096 -5356.7656  0.58%  88.8 1272s
 816096 284569 -5337.5539   56  194 -5326.0096 -5356.6785  0.58%  88.7 1277s
 818905 285667 -5343.6389   48  322 -5326.0096 -5356.6131  0.57%  88.6 1280s
 824605 288006 -5333.1572   70  155 -5326.0096 -5356.5068  0.57%  88.4 1286s
 830722 290251 -5326.1033  125    - -5326.0096 -5356.4013  0.57%  88.2 1292s
 833785 291309 infeasible  125      -5326.0096 -5356.3409  0.57%  88.0 1295s
 838809 292710 -5329.2387   62   75 -5326.0096 -5356.2500  0.57%  87.9 1301s
 844357 294533     cutoff   44      -5326.0096 -5356.1376  0.57%  87.8 1307s
 847215 295519 -5341.3782   59  126 -5326.0096 -5356.0972  0.56%  87.7 1310s
 852887 297315     cutoff   64      -5326.0096 -5356.0006  0.56%  87.5 1317s
 855444 298375 -5334.6481   61   14 -5326.0096 -5355.9478  0.56%  87.4 1320s
 860397 300109 -5353.3091   51   77 -5326.0096 -5355.8621  0.56%  87.3 1325s
 865936 301970 -5337.4762   51  138 -5326.0096 -5355.7745  0.56%  87.1 1331s
 871490 304093 -5342.9245   62   98 -5326.0096 -5355.6695  0.56%  87.0 1337s
 874550 305093     cutoff   76      -5326.0096 -5355.6285  0.56%  86.9 1340s
 880076 306874 -5344.4007   56  127 -5326.0096 -5355.5432  0.55%  86.7 1345s
 886160 309035 -5338.3874   49  255 -5326.0096 -5355.4505  0.55%  86.5 1351s
 891961 310958 infeasible   76      -5326.0096 -5355.3527  0.55%  86.3 1357s
 894872 311882     cutoff   48      -5326.0096 -5355.3085  0.55%  86.3 1360s
 900960 314484 -5326.4194  101    - -5326.0096 -5355.2226  0.55%  86.1 1365s
 907264 316333 -5349.0017   63  195 -5326.0096 -5355.1169  0.55%  85.8 1371s
 912987 318246 -5333.5980   45  175 -5326.0096 -5355.0185  0.54%  85.7 1377s
 915794 319059 -5337.4755   63  112 -5326.0096 -5354.9660  0.54%  85.6 1380s
 921333 320902 -5340.0683   41  271 -5326.0096 -5354.8903  0.54%  85.4 1386s
 927265 322775 -5341.2626   68  106 -5326.0096 -5354.8055  0.54%  85.3 1392s
 932986 324558 -5333.0837   63  110 -5326.0096 -5354.7223  0.54%  85.1 1397s
 935798 325619 -5337.8187   53  397 -5326.0096 -5354.6842  0.54%  85.0 1400s
 941193 327446 infeasible  117      -5326.0096 -5354.6096  0.54%  84.9 1406s
 947053 329192     cutoff   64      -5326.0096 -5354.5175  0.54%  84.7 1412s
 949725 329957 -5331.3502   59   65 -5326.0096 -5354.4818  0.53%  84.6 1415s
 955271 331672     cutoff   57      -5326.0096 -5354.3929  0.53%  84.5 1420s
H955804 331672                    -5326.009640 -5354.3927  0.53%  84.5 1420s
 961140 333841 -5345.4187   41  329 -5326.0096 -5354.3145  0.53%  84.3 1426s
 966820 335707 -5332.1346   53  174 -5326.0096 -5354.2383  0.53%  84.2 1432s
 972154 337430 -5345.8085   60  101 -5326.0096 -5354.1746  0.53%  84.1 1437s
 975246 338385 -5332.3821   78  116 -5326.0096 -5354.1294  0.53%  84.0 1440s
 981297 340420 -5332.5338   54  176 -5326.0096 -5354.0505  0.53%  83.8 1445s
 987013 342311 -5336.6760   50  242 -5326.0096 -5353.9738  0.53%  83.6 1451s
 993042 344278     cutoff   57      -5326.0096 -5353.8805  0.52%  83.5 1457s
 998764 345852 -5334.5280   60  130 -5326.0096 -5353.8017  0.52%  83.3 1462s
 1001552 346837 -5348.3347   50  231 -5326.0096 -5353.7690  0.52%  83.3 1465s
 1007406 348515 -5327.4280   58  172 -5326.0096 -5353.7104  0.52%  83.1 1470s
H1007414 348515                    -5326.009642 -5353.7104  0.52%  83.1 1471s
 1012042 349969 -5342.9368   54  270 -5326.0096 -5353.6324  0.52%  83.0 1476s
 1017632 351545 -5350.0861   58  152 -5326.0096 -5353.5578  0.52%  82.8 1482s
 1023510 353335 -5330.9926   63   61 -5326.0096 -5353.4795  0.52%  82.7 1487s
 1026480 354342 -5331.6449   56  186 -5326.0096 -5353.4406  0.52%  82.6 1490s
 1032055 355891     cutoff   45      -5326.0096 -5353.3706  0.51%  82.5 1495s
 1037781 357690 -5333.0417   58  120 -5326.0096 -5353.2891  0.51%  82.3 1501s
 1043294 359247 -5341.0158   59  198 -5326.0096 -5353.2177  0.51%  82.2 1506s
 1048940 360954 -5339.7790   60   78 -5326.0096 -5353.1466  0.51%  82.1 1512s
 1054499 362473 -5348.0178   54  129 -5326.0096 -5353.0774  0.51%  82.0 1517s
 1057270 363294 -5335.4023   71  127 -5326.0096 -5353.0364  0.51%  81.9 1520s
 1062913 365264 -5337.4928   42  417 -5326.0096 -5352.9577  0.51%  81.8 1525s
 1068913 366936 -5333.9530   64  248 -5326.0096 -5352.8816  0.50%  81.6 1531s
 1074884 368375 -5326.6685   53  164 -5326.0096 -5352.8112  0.50%  81.5 1537s
 1077428 369126     cutoff   61      -5326.0096 -5352.7764  0.50%  81.4 1540s
 1082852 371015     cutoff   59      -5326.0096 -5352.7136  0.50%  81.3 1545s
 1088757 372574 infeasible   57      -5326.0096 -5352.6415  0.50%  81.2 1550s
 1094161 374078     cutoff   54      -5326.0096 -5352.5673  0.50%  81.1 1556s
 1099838 375594     cutoff   62      -5326.0096 -5352.4978  0.50%  80.9 1561s
 1105227 376937     cutoff   51      -5326.0096 -5352.4197  0.50%  80.8 1567s
 1111060 378689     cutoff   57      -5326.0096 -5352.3521  0.49%  80.7 1572s
 1114029 379460 -5335.7100   62  104 -5326.0096 -5352.3142  0.49%  80.6 1575s
 1119825 381079     cutoff   52      -5326.0096 -5352.2483  0.49%  80.5 1580s
 1124874 382663 -5331.0645   56  377 -5326.0096 -5352.1868  0.49%  80.4 1585s
 1130736 384447 -5349.6719   55   78 -5326.0096 -5352.1241  0.49%  80.2 1591s
 1136211 385890 -5334.3638   52  274 -5326.0096 -5352.0562  0.49%  80.1 1596s
 1141869 387395     cutoff   65      -5326.0096 -5351.9859  0.49%  80.0 1602s
 1147284 389010 -5345.3168   53   60 -5326.0096 -5351.9256  0.49%  79.9 1607s
 1150150 389898 -5336.2313   51  149 -5326.0096 -5351.8925  0.49%  79.9 1610s
 1155962 391535 -5346.2396   60   33 -5326.0096 -5351.8257  0.48%  79.7 1615s
 1161709 393139 -5338.5167   65   65 -5326.0096 -5351.7552  0.48%  79.6 1621s
 1167147 394682 -5342.0434   57   81 -5326.0096 -5351.6975  0.48%  79.5 1627s
 1173229 396366 -5337.7621   61  127 -5326.0096 -5351.6228  0.48%  79.3 1632s
 1176201 396960 -5334.7307   55   71 -5326.0096 -5351.5985  0.48%  79.3 1635s
 1181604 398335 -5343.1781   67  182 -5326.0096 -5351.5318  0.48%  79.2 1640s
 1186752 399848 -5337.0890   61  101 -5326.0096 -5351.4831  0.48%  79.1 1645s
 1192576 401129 -5342.8049   55  110 -5326.0096 -5351.4154  0.48%  79.0 1651s
H1193397 401131                    -5326.009646 -5351.4131  0.48%  79.0 1651s
 1197139 402590 infeasible   41      -5326.0096 -5351.3602  0.48%  78.9 1656s
 1202190 404207 infeasible   97      -5326.0096 -5351.3083  0.48%  78.8 1661s
 1208236 405763 -5331.5854   61  112 -5326.0096 -5351.2457  0.47%  78.6 1667s
H1210610 405772                    -5326.009649 -5351.2372  0.47%  78.6 1667s
 1213804 407252 -5338.7908   56  153 -5326.0096 -5351.1753  0.47%  78.5 1672s
 1216815 407975 -5335.5567   69  131 -5326.0096 -5351.1419  0.47%  78.5 1675s
 1222389 409720 -5332.6916   62  219 -5326.0096 -5351.0865  0.47%  78.4 1680s
H1227742 410543                    -5326.009653 -5351.0473  0.47%  78.2 1683s
 1228191 411032 infeasible  141      -5326.0097 -5351.0180  0.47%  78.2 1686s
 1232782 412384 -5349.7190   47  336 -5326.0097 -5350.9725  0.47%  78.1 1691s
 1238359 413862     cutoff   58      -5326.0097 -5350.9088  0.47%  78.0 1696s
 1243690 415445 -5343.0379   58  129 -5326.0097 -5350.8607  0.47%  77.9 1701s
 1249849 416791     cutoff   56      -5326.0097 -5350.8018  0.47%  77.8 1707s
 1255949 418360 -5326.0471   54  124 -5326.0097 -5350.7476  0.46%  77.7 1712s
 1261927 419979 -5338.0861   48  167 -5326.0097 -5350.6855  0.46%  77.6 1717s
 1265000 420709 -5336.8041   63   54 -5326.0097 -5350.6607  0.46%  77.5 1720s
 1270371 422058 -5346.6619   58  232 -5326.0097 -5350.6005  0.46%  77.4 1726s
 1276061 423391 -5332.3071   62  205 -5326.0097 -5350.5491  0.46%  77.3 1731s
 1281592 424946     cutoff   63      -5326.0097 -5350.4805  0.46%  77.2 1736s
H1285902 425748                    -5326.009654 -5350.4495  0.46%  77.1 1739s
 1287532 426598 -5349.2010   55  128 -5326.0097 -5350.4323  0.46%  77.1 1742s
 1293372 428120 -5337.4585   50  144 -5326.0097 -5350.3708  0.46%  77.0 1747s
 1299308 429674 -5338.6347   56  133 -5326.0097 -5350.3096  0.46%  76.8 1752s
 1302006 430324 -5336.5312   68  144 -5326.0097 -5350.2849  0.46%  76.8 1755s
 1307434 431579 -5343.4124   56  204 -5326.0097 -5350.2363  0.45%  76.7 1760s
 1313092 433137 -5328.1591   81    6 -5326.0097 -5350.1778  0.45%  76.6 1765s
 1319036 434724 -5340.4308   55   55 -5326.0097 -5350.1213  0.45%  76.5 1770s
 1324730 436199 -5330.7291   58  184 -5326.0097 -5350.0657  0.45%  76.4 1775s
 1327488 436187 infeasible   97      -5326.0097 -5350.0431  0.45%  76.3 1782s
 1330391 437499 -5327.6297  139   26 -5326.0097 -5350.0214  0.45%  76.3 1787s
 1335867 438813 -5330.8753   55  152 -5326.0097 -5349.9682  0.45%  76.2 1792s
 1339332 439374     cutoff   60      -5326.0097 -5349.9410  0.45%  76.1 1795s
 1345862 440741 infeasible  119      -5326.0097 -5349.8903  0.45%  76.0 1800s
 1352309 442473 -5333.7351   60  186 -5326.0097 -5349.8161  0.45%  75.9 1807s
 1357486 443650     cutoff   55      -5326.0097 -5349.7716  0.45%  75.8 1812s
 1360159 444282 -5337.0472   53  273 -5326.0097 -5349.7357  0.45%  75.8 1815s
 1365711 445801 -5338.1567   72   79 -5326.0097 -5349.6879  0.44%  75.7 1820s
 1370981 447097 -5337.0653   58   46 -5326.0097 -5349.6418  0.44%  75.6 1825s
 1376410 448363 -5330.0075   53  132 -5326.0097 -5349.5834  0.44%  75.5 1830s
 1381827 449649 -5341.7056   50   32 -5326.0097 -5349.5379  0.44%  75.5 1835s
 1387137 451033     cutoff   61      -5326.0097 -5349.4950  0.44%  75.4 1840s
 1392842 452242     cutoff   56      -5326.0097 -5349.4486  0.44%  75.3 1845s
 1398279 453480 -5340.8631   60   53 -5326.0097 -5349.3890  0.44%  75.2 1850s
 1403920 454837 -5342.7105   58   94 -5326.0097 -5349.3484  0.44%  75.1 1855s
 1409132 455780 -5344.2889   50  216 -5326.0097 -5349.3013  0.44%  75.0 1860s
 1414205 457064 -5334.0283   72   89 -5326.0097 -5349.2517  0.44%  74.9 1865s
 1419964 458338 -5335.5028   72  162 -5326.0097 -5349.2003  0.44%  74.8 1870s
 1425431 459585 -5345.3668   63   81 -5326.0097 -5349.1512  0.43%  74.7 1875s
 1431004 460982 -5346.0995   64   63 -5326.0097 -5349.1047  0.43%  74.6 1880s
 1436428 462111     cutoff   57      -5326.0097 -5349.0632  0.43%  74.5 1885s
 1441926 463465 -5335.7328   65   33 -5326.0097 -5349.0056  0.43%  74.5 1890s
 1447345 464696 -5335.4110   74   96 -5326.0097 -5348.9557  0.43%  74.4 1895s
 1452554 465689 -5335.4352   60  108 -5326.0097 -5348.9117  0.43%  74.3 1900s
 1458316 467065     cutoff   83      -5326.0097 -5348.8673  0.43%  74.2 1905s
 1463366 468054     cutoff   54      -5326.0097 -5348.8283  0.43%  74.2 1910s
 1468604 469170 infeasible   94      -5326.0097 -5348.7841  0.43%  74.1 1915s
 1473660 470260     cutoff   70      -5326.0097 -5348.7481  0.43%  74.0 1920s
 1478867 471300 -5329.3764   63   31 -5326.0097 -5348.6906  0.43%  73.9 1925s
 1484486 472365 -5331.6404   77   43 -5326.0097 -5348.6449  0.42%  73.9 1930s
 1489298 473691     cutoff   54      -5326.0097 -5348.6068  0.42%  73.8 1935s
 1494875 474814 infeasible   43      -5326.0097 -5348.5605  0.42%  73.7 1940s
 1502910 476497 infeasible   52      -5326.0097 -5348.4919  0.42%  73.6 1947s
 1508405 477648 -5331.4324   54  379 -5326.0097 -5348.4512  0.42%  73.5 1952s
 1514151 478665     cutoff   47      -5326.0097 -5348.4106  0.42%  73.4 1957s
 1519744 479669 -5328.0720   54  107 -5326.0097 -5348.3639  0.42%  73.3 1962s
 1525238 480781 -5332.7393   71  132 -5326.0097 -5348.3320  0.42%  73.3 1967s
 1530948 481907 -5334.3190   69  158 -5326.0097 -5348.2818  0.42%  73.2 1972s
 1536755 483075 infeasible  131      -5326.0097 -5348.2292  0.42%  73.1 1976s
 1542150 484004 -5338.1761   61   93 -5326.0097 -5348.1932  0.42%  73.0 1981s
 1547829 485141 -5327.4470   60  146 -5326.0097 -5348.1448  0.42%  72.9 1986s
 1552655 486015 -5327.1118   55  118 -5326.0097 -5348.1151  0.42%  72.9 1991s
 1557881 486979 -5339.0038   59  247 -5326.0097 -5348.0660  0.41%  72.8 1997s
 1563006 488181 -5338.8605   71  195 -5326.0097 -5348.0228  0.41%  72.7 2001s
 1568855 489299 -5331.3063   68  138 -5326.0097 -5347.9767  0.41%  72.6 2006s
 1574343 490532 -5336.8861   68  133 -5326.0097 -5347.9312  0.41%  72.6 2011s
 1579371 491349     cutoff   58      -5326.0097 -5347.8963  0.41%  72.5 2016s
 1584335 492296     cutoff   74      -5326.0097 -5347.8499  0.41%  72.4 2021s
 1589833 493199 -5339.1481   50  210 -5326.0097 -5347.8111  0.41%  72.4 2025s
 1595349 494131     cutoff   69      -5326.0097 -5347.7707  0.41%  72.3 2030s
 1600921 495280     cutoff   63      -5326.0097 -5347.7209  0.41%  72.2 2035s
 1606451 496109     cutoff   49      -5326.0097 -5347.6784  0.41%  72.1 2040s
 1610985 497075 -5329.6742   59  256 -5326.0097 -5347.6524  0.41%  72.1 2045s
 1616532 498146     cutoff   75      -5326.0097 -5347.6026  0.41%  72.0 2050s
 1623172 499401 -5334.1260   72   82 -5326.0097 -5347.5504  0.40%  71.9 2057s
 1628782 500557 -5333.4614   48  309 -5326.0097 -5347.5066  0.40%  71.9 2061s
 1634620 501582 -5343.7193   46  312 -5326.0097 -5347.4714  0.40%  71.8 2066s
 1640001 502680 -5339.0584   61  111 -5326.0097 -5347.4236  0.40%  71.7 2071s
 1645537 503669     cutoff   62      -5326.0097 -5347.3835  0.40%  71.6 2076s
 1651158 504734 -5333.3694   51  215 -5326.0097 -5347.3385  0.40%  71.6 2080s
 1656637 505883     cutoff   52      -5326.0097 -5347.3004  0.40%  71.5 2085s
 1662028 506952 -5332.1727   59  114 -5326.0097 -5347.2598  0.40%  71.4 2091s
 1667458 507959 -5326.2344   62   61 -5326.0097 -5347.2248  0.40%  71.3 2096s
 1672852 508969 -5343.9985   63   71 -5326.0097 -5347.1809  0.40%  71.3 2101s
 1678426 509828 -5329.8005   52  188 -5326.0097 -5347.1438  0.40%  71.2 2105s
 1683894 510798 -5336.0592   55   47 -5326.0097 -5347.1059  0.40%  71.1 2110s
 1689536 511475 -5334.8639   60   50 -5326.0097 -5347.0620  0.40%  71.1 2115s
 1693755 512544     cutoff   48      -5326.0097 -5347.0344  0.39%  71.0 2120s
 1701811 513956     cutoff   68      -5326.0097 -5346.9778  0.39%  70.9 2127s
 1707000 514912     cutoff   59      -5326.0097 -5346.9402  0.39%  70.8 2131s
 1712400 515916     cutoff   52      -5326.0097 -5346.8967  0.39%  70.8 2136s
 1717977 516764 infeasible   71      -5326.0097 -5346.8551  0.39%  70.7 2141s
 1723278 517626 -5335.3439   72  118 -5326.0097 -5346.8228  0.39%  70.6 2146s
 1728643 518648     cutoff   69      -5326.0097 -5346.7738  0.39%  70.6 2150s
 1734429 519869 infeasible  133      -5326.0097 -5346.7355  0.39%  70.5 2155s
 1740530 520850 -5328.2133   59  104 -5326.0097 -5346.7007  0.39%  70.4 2160s
 1747966 522180 -5342.6059   65  133 -5326.0097 -5346.6458  0.39%  70.3 2167s
 1753505 523136 -5327.9793   59  258 -5326.0097 -5346.6048  0.39%  70.3 2171s
 1759027 524009 -5340.8496   65  197 -5326.0097 -5346.5695  0.39%  70.2 2176s
 1764852 524864     cutoff   51      -5326.0097 -5346.5390  0.39%  70.1 2181s
 1769897 525755 -5336.1244   62   69 -5326.0097 -5346.4998  0.38%  70.1 2185s
 1775307 526732     cutoff   49      -5326.0097 -5346.4644  0.38%  70.0 2190s
 1780964 527547 -5339.6374   58  157 -5326.0097 -5346.4239  0.38%  69.9 2195s
 1785923 528667 -5342.5608   64  101 -5326.0097 -5346.3923  0.38%  69.9 2200s
 1794581 530166 -5343.7525   51   44 -5326.0097 -5346.3334  0.38%  69.7 2207s
 1800080 531056     cutoff   49      -5326.0097 -5346.2970  0.38%  69.7 2211s
 1805538 531962 -5338.1106   67  157 -5326.0097 -5346.2637  0.38%  69.6 2216s
 1810638 532735 -5333.7288   47  173 -5326.0097 -5346.2297  0.38%  69.6 2220s
 1816490 533648 -5334.1724   51  271 -5326.0097 -5346.1865  0.38%  69.5 2225s
 1821964 534294 -5328.7564   68  134 -5326.0097 -5346.1505  0.38%  69.4 2230s
 1829741 535421 -5334.3438   36  397 -5326.0097 -5346.1086  0.38%  69.3 2237s
 1834979 536245 -5329.2042   69   90 -5326.0097 -5346.0627  0.38%  69.3 2242s
 1837810 536608 -5336.8440   57  150 -5326.0097 -5346.0438  0.38%  69.3 2245s
 1846025 537851 -5328.0018   78  130 -5326.0097 -5345.9895  0.38%  69.2 2252s
 1851205 538749 -5328.2890   72   32 -5326.0097 -5345.9545  0.37%  69.1 2257s
 1854053 539247     cutoff   52      -5326.0097 -5345.9353  0.37%  69.1 2260s
 1859531 539960 -5328.2766   62  126 -5326.0097 -5345.9008  0.37%  69.0 2265s
 1865013 540842 -5328.1413   63  156 -5326.0097 -5345.8600  0.37%  68.9 2270s
 1870544 541742 -5327.5392   67   42 -5326.0097 -5345.8190  0.37%  68.9 2275s
 1875623 542495 -5333.9904   66  165 -5326.0097 -5345.7886  0.37%  68.8 2280s
 1881169 543475     cutoff   70      -5326.0097 -5345.7539  0.37%  68.8 2285s
 1889369 544783 -5332.7969   62   58 -5326.0097 -5345.7086  0.37%  68.7 2292s
 1895103 545662     cutoff   68      -5326.0097 -5345.6693  0.37%  68.6 2296s
 1900600 546451 -5329.6710   42  332 -5326.0097 -5345.6351  0.37%  68.5 2301s
 1906328 547340 -5339.0271   62  163 -5326.0097 -5345.5969  0.37%  68.5 2306s
 1911714 548173 -5332.5797   79  109 -5326.0097 -5345.5630  0.37%  68.4 2310s
 1917392 548925 -5337.3436   73  198 -5326.0097 -5345.5276  0.37%  68.3 2315s
 1922553 549812 -5341.5813   73  151 -5326.0097 -5345.4893  0.37%  68.3 2320s
 1931381 550905 -5340.7785   64  214 -5326.0097 -5345.4453  0.36%  68.2 2326s
 1936358 551637 -5330.5923   66  102 -5326.0097 -5345.4172  0.36%  68.1 2331s
 1941922 552488 -5334.0108   56  112 -5326.0097 -5345.3802  0.36%  68.1 2336s
 1947594 553149 infeasible   55      -5326.0097 -5345.3450  0.36%  68.0 2340s
 1953147 554163 -5336.0015   41  494 -5326.0097 -5345.3076  0.36%  68.0 2345s
 1958735 554869 -5328.0497   63  154 -5326.0097 -5345.2780  0.36%  67.9 2350s
 1966642 555820 -5332.0171   76  166 -5326.0097 -5345.2258  0.36%  67.8 2356s
 1970006 556407 -5327.5243   50  185 -5326.0097 -5345.2062  0.36%  67.8 2361s
 1975352 557207 -5332.2915   73  142 -5326.0097 -5345.1669  0.36%  67.7 2366s
 1981185 557930     cutoff   73      -5326.0097 -5345.1271  0.36%  67.7 2370s
 1986580 558719 -5328.5328   71  223 -5326.0097 -5345.0960  0.36%  67.6 2375s
 1995099 559897     cutoff   54      -5326.0097 -5345.0481  0.36%  67.5 2382s
 2000156 560718 -5326.1577   71   68 -5326.0097 -5345.0186  0.36%  67.5 2386s
 2005513 561432     cutoff   83      -5326.0097 -5344.9923  0.36%  67.4 2391s
 2011085 562082 -5337.9881   61  189 -5326.0097 -5344.9518  0.36%  67.4 2396s
 2016523 562848     cutoff   61      -5326.0097 -5344.9173  0.36%  67.3 2401s
 2021919 563450 -5333.7638   64  298 -5326.0097 -5344.8817  0.35%  67.3 2406s
 2027416 564175 -5333.8462   55  182 -5326.0097 -5344.8474  0.35%  67.2 2411s
 2032703 564937 -5335.2203   49  131 -5326.0097 -5344.8175  0.35%  67.2 2416s
 2037649 565544 -5340.3581   56  139 -5326.0097 -5344.7948  0.35%  67.1 2421s
 2043174 566196 infeasible   58      -5326.0097 -5344.7498  0.35%  67.1 2426s
 2048437 567046 -5340.3627   70  231 -5326.0097 -5344.7196  0.35%  67.0 2430s
 2053950 567705 -5331.6744   62  179 -5326.0097 -5344.6869  0.35%  66.9 2435s
 2062038 568531 -5327.4502   65   53 -5326.0097 -5344.6392  0.35%  66.9 2441s
 2067642 569246     cutoff   83      -5326.0097 -5344.6046  0.35%  66.8 2446s
 2073243 569820 -5332.9776   63  127 -5326.0097 -5344.5728  0.35%  66.8 2451s
 2078641 570543 -5327.7851   62  152 -5326.0097 -5344.5366  0.35%  66.7 2455s
 2083920 571193     cutoff   65      -5326.0097 -5344.5096  0.35%  66.7 2460s
 2089643 571964 -5329.8468   45  180 -5326.0097 -5344.4687  0.35%  66.6 2465s
 2095078 572666 -5331.4494   63  163 -5326.0097 -5344.4371  0.35%  66.5 2470s
 2103429 573750     cutoff   61      -5326.0097 -5344.3918  0.35%  66.5 2476s
 2108763 574392     cutoff   77      -5326.0097 -5344.3602  0.34%  66.4 2481s
 2114384 575222     cutoff   41      -5326.0097 -5344.3270  0.34%  66.3 2485s
 2119947 575889     cutoff   67      -5326.0097 -5344.2986  0.34%  66.3 2490s
 2128169 576743     cutoff   78      -5326.0097 -5344.2437  0.34%  66.2 2497s
 2133715 577316 -5332.5833   72  132 -5326.0097 -5344.2120  0.34%  66.2 2502s
 2138808 577816 -5331.8455   75  106 -5326.0097 -5344.1819  0.34%  66.1 2506s
 2144192 578539 infeasible   70      -5326.0097 -5344.1507  0.34%  66.1 2511s
 2149760 579219 -5335.3801   79  152 -5326.0097 -5344.1210  0.34%  66.0 2516s
 2155483 579956 infeasible  104      -5326.0097 -5344.0891  0.34%  66.0 2521s
 2161246 580759 -5327.0694   69  121 -5326.0097 -5344.0636  0.34%  65.9 2525s
 2166267 581360 -5329.2621   79  132 -5326.0097 -5344.0365  0.34%  65.8 2530s
 2174325 582110 infeasible   53      -5326.0097 -5343.9902  0.34%  65.8 2536s
 2179556 582559 -5335.3215   62   79 -5326.0097 -5343.9575  0.34%  65.7 2541s
 2184928 583271 -5329.7854   55  189 -5326.0097 -5343.9269  0.34%  65.7 2545s
 2193471 584142 -5334.7603   66   75 -5326.0097 -5343.8832  0.34%  65.6 2552s
 2198658 584834 -5329.2943   68  138 -5326.0097 -5343.8519  0.34%  65.6 2556s
 2203728 585459 -5334.9864   57   94 -5326.0097 -5343.8262  0.33%  65.5 2560s
 2209298 586256 -5330.2899   58   53 -5326.0097 -5343.7985  0.33%  65.5 2565s
 2217815 587122 -5331.5330   75   54 -5326.0097 -5343.7533  0.33%  65.4 2571s
 2223358 587716 -5336.2073   54  207 -5326.0097 -5343.7282  0.33%  65.3 2576s
 2228805 588236 -5330.1685   77   40 -5326.0097 -5343.6956  0.33%  65.3 2580s
 2236078 589098     cutoff   76      -5326.0097 -5343.6549  0.33%  65.2 2587s
 2241667 589674 -5333.6633   63   80 -5326.0097 -5343.6267  0.33%  65.2 2591s
 2247029 590322 -5334.8122   68  121 -5326.0097 -5343.5996  0.33%  65.1 2596s
 2252510 591061 -5332.8143   53   50 -5326.0097 -5343.5722  0.33%  65.1 2600s
 2260717 592042 -5334.0838   52  212 -5326.0097 -5343.5259  0.33%  65.0 2607s
 2266284 592568 -5330.3955   63   94 -5326.0097 -5343.5013  0.33%  64.9 2611s
 2271526 593147     cutoff   45      -5326.0097 -5343.4707  0.33%  64.9 2616s
 2276710 593794 -5326.2467   53  215 -5326.0097 -5343.4383  0.33%  64.9 2620s
 2284910 594593 -5337.9130   70   92 -5326.0097 -5343.3949  0.33%  64.8 2627s
 2289936 594743 -5326.3272   61  122 -5326.0097 -5343.3693  0.33%  64.7 2636s
 2292582 595273 infeasible   69      -5326.0097 -5343.3510  0.33%  64.7 2641s
 2297639 595881 -5329.3895   63   91 -5326.0097 -5343.3225  0.33%  64.7 2646s
 2303118 596363     cutoff   72      -5326.0097 -5343.2940  0.32%  64.6 2650s
 2308539 596885 -5336.7199   52  174 -5326.0097 -5343.2641  0.32%  64.6 2655s
 2316583 597522 -5327.1426   55  204 -5326.0097 -5343.2200  0.32%  64.5 2661s
 2322017 598215 -5327.3559   66   71 -5326.0097 -5343.1910  0.32%  64.5 2665s
 2327395 598752     cutoff   47      -5326.0097 -5343.1650  0.32%  64.4 2670s
 2335389 599444     cutoff   74      -5326.0097 -5343.1222  0.32%  64.4 2676s
 2340847 599928 -5336.8810   55  109 -5326.0097 -5343.0934  0.32%  64.3 2680s
 2346453 600408 -5328.6586   67   28 -5326.0097 -5343.0626  0.32%  64.3 2685s
 2354892 601404     cutoff   58      -5326.0097 -5343.0206  0.32%  64.2 2691s
 2360412 602041 -5326.6314   53   90 -5326.0097 -5342.9935  0.32%  64.1 2696s
 2366167 602550 infeasible   61      -5326.0097 -5342.9660  0.32%  64.1 2700s
 2374452 603304 -5328.8691   63   70 -5326.0097 -5342.9214  0.32%  64.0 2707s
 2379681 603815 infeasible   58      -5326.0097 -5342.8939  0.32%  64.0 2711s
 2385400 604314 -5334.0149   67  149 -5326.0097 -5342.8635  0.32%  63.9 2716s
 2390525 604690 -5326.7718   50  296 -5326.0097 -5342.8400  0.32%  63.9 2720s
 2399065 605382 -5329.9146   58  179 -5326.0097 -5342.7927  0.32%  63.8 2727s
 2404635 605941 -5331.1208   62  128 -5326.0097 -5342.7661  0.31%  63.7 2731s
 2410143 606494 -5329.8804   76  143 -5326.0097 -5342.7404  0.31%  63.7 2735s
 2415844 607100 -5333.7647   62   48 -5326.0097 -5342.7117  0.31%  63.6 2740s
 2424220 607759 -5337.9199   70  114 -5326.0097 -5342.6688  0.31%  63.6 2746s
 2429251 608352 -5330.0704   67  119 -5326.0097 -5342.6487  0.31%  63.5 2750s
 2434801 608792 -5333.3153   78   70 -5326.0097 -5342.6193  0.31%  63.5 2755s
 2443091 609464 -5330.2219  102  149 -5326.0097 -5342.5751  0.31%  63.4 2762s
 2448678 609854     cutoff   48      -5326.0097 -5342.5482  0.31%  63.4 2766s
 2453897 610330 -5330.0769   85  182 -5326.0097 -5342.5241  0.31%  63.3 2771s
 2458973 610709 -5329.8290   63  179 -5326.0097 -5342.4970  0.31%  63.3 2775s
 2467490 611394 -5330.8859   58   88 -5326.0097 -5342.4515  0.31%  63.2 2781s
 2473226 611867     cutoff   74      -5326.0097 -5342.4228  0.31%  63.2 2786s
 2478172 612336 -5334.8852   76  145 -5326.0097 -5342.3996  0.31%  63.1 2790s
 2486537 613155 -5338.2143   65  104 -5326.0097 -5342.3568  0.31%  63.1 2796s
 2492079 613562     cutoff   67      -5326.0097 -5342.3354  0.31%  63.0 2800s
 2497741 613964 -5332.9618   58   27 -5326.0097 -5342.3055  0.31%  63.0 2805s
 2506137 614572     cutoff   42      -5326.0097 -5342.2589  0.31%  62.9 2811s
 2511397 614883 -5331.0160   73  170 -5326.0097 -5342.2363  0.30%  62.9 2815s
 2519629 615396     cutoff   62      -5326.0097 -5342.1949  0.30%  62.8 2821s
 2525296 615827 -5326.4285   64   94 -5326.0097 -5342.1654  0.30%  62.8 2826s
 2530613 616221 -5331.2748   65  286 -5326.0097 -5342.1416  0.30%  62.7 2830s
 2538956 616759 -5333.5260   74   58 -5326.0097 -5342.1015  0.30%  62.6 2836s
 2544644 617180     cutoff   55      -5326.0097 -5342.0734  0.30%  62.6 2840s
 2550508 617493     cutoff   78      -5326.0097 -5342.0443  0.30%  62.5 2845s
 2555611 617805 -5329.4687   53   36 -5326.0097 -5342.0192  0.30%  62.5 2850s
 2564172 618204     cutoff   55      -5326.0097 -5341.9865  0.30%  62.4 2856s
 2566896 618225     cutoff   61      -5326.0097 -5341.9714  0.30%  62.4 2860s
 2572104 618767 -5328.5834   59  113 -5326.0097 -5341.9464  0.30%  62.4 2866s
 2577361 619073 -5327.8806   45  228 -5326.0097 -5341.9208  0.30%  62.3 2870s
 2582889 619402     cutoff   71      -5326.0097 -5341.8911  0.30%  62.3 2875s
 2591031 619892 -5331.2539   65  110 -5326.0097 -5341.8471  0.30%  62.2 2881s
 2596653 620160     cutoff   55      -5326.0097 -5341.8216  0.30%  62.2 2885s
 2604958 620823     cutoff   79      -5326.0097 -5341.7832  0.30%  62.1 2892s
 2610590 621190     cutoff   58      -5326.0097 -5341.7560  0.30%  62.1 2896s
 2616146 621546 -5330.1290   56   89 -5326.0097 -5341.7327  0.30%  62.0 2900s
 2624282 621835 -5336.1285   58  131 -5326.0097 -5341.6911  0.29%  62.0 2906s
 2630061 621992     cutoff   58      -5326.0097 -5341.6662  0.29%  61.9 2910s
 2635609 622299 -5327.3179   66   60 -5326.0097 -5341.6383  0.29%  61.9 2915s
 2643675 622586 -5330.9459   62  152 -5326.0097 -5341.5999  0.29%  61.8 2920s
 2650687 622828     cutoff   46      -5326.0097 -5341.5684  0.29%  61.8 2926s
 2655268 623007 -5330.7156   75   53 -5326.0097 -5341.5429  0.29%  61.8 2930s
 2663569 623470 -5333.9807   66  133 -5326.0097 -5341.5040  0.29%  61.7 2936s
 2669170 623824     cutoff   62      -5326.0097 -5341.4787  0.29%  61.7 2940s
 2676323 624025     cutoff   63      -5326.0097 -5341.4533  0.29%  61.6 2945s
 2682981 624449 -5332.3423   60   60 -5326.0097 -5341.4165  0.29%  61.6 2951s
 2688602 624689 -5334.1790   58  130 -5326.0097 -5341.3899  0.29%  61.5 2955s
 2696816 624970     cutoff   74      -5326.0097 -5341.3525  0.29%  61.5 2961s
 2702494 625087     cutoff   81      -5326.0097 -5341.3256  0.29%  61.4 2965s
 2710477 625392     cutoff   50      -5326.0097 -5341.2879  0.29%  61.3 2971s
 2715946 625508 -5337.0626   70  151 -5326.0097 -5341.2659  0.29%  61.3 2976s
 2721833 625643 infeasible   52      -5326.0097 -5341.2413  0.29%  61.3 2980s
 2730106 625997 -5333.3274   62   55 -5326.0097 -5341.2036  0.29%  61.2 2986s
 2735767 626191     cutoff   57      -5326.0097 -5341.1789  0.28%  61.2 2990s
 2743271 626553 -5329.7835   50   73 -5326.0097 -5341.1468  0.28%  61.1 2996s
 2748853 626764 -5332.1069   64   56 -5326.0097 -5341.1213  0.28%  61.1 3000s
 2756951 626930     cutoff   71      -5326.0097 -5341.0872  0.28%  61.0 3006s
 2762553 627176 -5330.0889   61   63 -5326.0097 -5341.0611  0.28%  61.0 3010s
 2770939 627599 -5331.6841   73  131 -5326.0097 -5341.0235  0.28%  60.9 3016s
 2776573 627753 -5329.7811   65   92 -5326.0097 -5340.9992  0.28%  60.9 3020s
 2783981 627972 -5330.6374   69   67 -5326.0097 -5340.9629  0.28%  60.8 3026s
 2789686 628039 -5329.5347   64   41 -5326.0097 -5340.9413  0.28%  60.8 3030s
 2797804 628320 -5328.1620   57   42 -5326.0097 -5340.9049  0.28%  60.7 3036s
 2803648 628395     cutoff   59      -5326.0097 -5340.8814  0.28%  60.7 3040s
 2810860 628568 -5333.0417   72  114 -5326.0097 -5340.8509  0.28%  60.6 3046s
 2816586 628761 -5329.8797   61   56 -5326.0097 -5340.8260  0.28%  60.6 3050s
 2823963 628890 -5337.0168   58   27 -5326.0097 -5340.7955  0.28%  60.5 3055s
 2832380 629051 -5326.6668   78   71 -5326.0097 -5340.7562  0.28%  60.5 3061s
 2836904 629100     cutoff   56      -5326.0097 -5340.7351  0.28%  60.4 3065s
 2844244 629173     cutoff   53      -5326.0097 -5340.7002  0.28%  60.4 3070s
 2850870 629291 -5331.2804   55  210 -5326.0097 -5340.6690  0.28%  60.4 3075s
 2857322 629181 -5335.0742   44  429 -5326.0097 -5340.6447  0.27%  60.3 3080s
 2864659 629356     cutoff   65      -5326.0097 -5340.6140  0.27%  60.3 3086s
 2870790 629489 -5332.5932   59   60 -5326.0097 -5340.5871  0.27%  60.2 3091s
 2877702 629471 -5332.6297   69   87 -5326.0097 -5340.5545  0.27%  60.2 3096s
 2883200 629491     cutoff   83      -5326.0097 -5340.5286  0.27%  60.2 3100s
 2890223 629415 -5329.7328   61  109 -5326.0097 -5340.4972  0.27%  60.1 3105s
 2895532 629385 -5335.8976   54  144 -5326.0097 -5340.4723  0.27%  60.1 3110s
 2902523 629418 -5330.0273   72  143 -5326.0097 -5340.4391  0.27%  60.1 3115s
*2908599 620514             118    -5326.512422 -5340.4167  0.26%  60.0 3119s
 2909657 620356 -5333.9524   69   80 -5326.5124 -5340.4077  0.26%  60.0 3121s
 2915203 620314     cutoff   61      -5326.5124 -5340.3818  0.26%  60.0 3125s
 2921554 620196 -5329.9739   47  374 -5326.5124 -5340.3516  0.26%  60.0 3131s
 2927957 619971 infeasible   51      -5326.5124 -5340.3194  0.26%  59.9 3136s
 2934478 619795     cutoff   72      -5326.5124 -5340.2879  0.26%  59.9 3141s
 2939562 619714 -5330.8802   58   31 -5326.5124 -5340.2670  0.26%  59.9 3145s
 2945715 619580     cutoff   62      -5326.5124 -5340.2385  0.26%  59.8 3150s
 2953062 619259     cutoff   66      -5326.5124 -5340.2053  0.26%  59.8 3155s
 2959459 619098     cutoff   60      -5326.5124 -5340.1752  0.26%  59.8 3160s
 2966637 618997     cutoff   48      -5326.5124 -5340.1412  0.26%  59.7 3166s
 2972052 618788 -5336.6202   55  135 -5326.5124 -5340.1172  0.26%  59.7 3170s
 2979383 618571 -5330.0784   63   86 -5326.5124 -5340.0798  0.25%  59.7 3176s
 2984667 618287 -5327.0767   63  112 -5326.5124 -5340.0560  0.25%  59.6 3180s
 2991689 618117 -5332.5985   68   72 -5326.5124 -5340.0254  0.25%  59.6 3186s
 2997276 617895 -5332.5506   59  170 -5326.5124 -5339.9989  0.25%  59.6 3190s
 3004703 617541 -5329.5788   64   62 -5326.5124 -5339.9639  0.25%  59.5 3195s
 3010093 617272     cutoff   45      -5326.5124 -5339.9406  0.25%  59.5 3200s
 3017528 616954 infeasible   76      -5326.5124 -5339.9069  0.25%  59.5 3205s
 3024728 616651 -5328.9404   70   80 -5326.5124 -5339.8732  0.25%  59.4 3211s
 3030138 616318 -5332.3462   54  161 -5326.5124 -5339.8477  0.25%  59.4 3215s
 3037417 615955     cutoff   59      -5326.5124 -5339.8130  0.25%  59.4 3220s
 3042949 615756 -5327.1838   65  118 -5326.5124 -5339.7832  0.25%  59.3 3225s
 3049985 615463 -5327.9465   64  137 -5326.5124 -5339.7521  0.25%  59.3 3230s
 3056154 615287     cutoff   66      -5326.5124 -5339.7277  0.25%  59.3 3235s
 3063621 615007     cutoff   69      -5326.5124 -5339.6926  0.25%  59.2 3240s
 3069694 614816     cutoff   73      -5326.5124 -5339.6660  0.25%  59.2 3245s
 3076672 614428     cutoff   59      -5326.5124 -5339.6336  0.25%  59.2 3250s
 3084125 613984     cutoff   53      -5326.5124 -5339.6018  0.25%  59.1 3256s
 3089183 613614 -5336.1273   56  238 -5326.5124 -5339.5785  0.25%  59.1 3260s
 3096220 613125     cutoff   61      -5326.5124 -5339.5446  0.24%  59.1 3265s
 3103649 612798 -5334.1461   49  108 -5326.5124 -5339.5089  0.24%  59.0 3271s
 3108181 612570     cutoff   54      -5326.5124 -5339.4907  0.24%  59.0 3275s
 3113094 612213 -5329.7777   47  138 -5326.5124 -5339.4689  0.24%  59.0 3280s
 3119332 611939     cutoff   61      -5326.5124 -5339.4408  0.24%  58.9 3285s
 3127477 611475 -5331.5482   49  235 -5326.5124 -5339.4051  0.24%  58.9 3291s
 3133759 611119     cutoff   68      -5326.5124 -5339.3781  0.24%  58.9 3295s
 3141092 610512 infeasible   66      -5326.5124 -5339.3432  0.24%  58.8 3300s
 3146457 610125     cutoff   76      -5326.5124 -5339.3180  0.24%  58.8 3305s
 3154000 609532     cutoff   68      -5326.5124 -5339.2842  0.24%  58.8 3310s
 3161413 609049 -5336.9962   72  101 -5326.5124 -5339.2511  0.24%  58.7 3316s
 3166930 608580     cutoff   59      -5326.5124 -5339.2276  0.24%  58.7 3320s
 3174088 608075 -5336.7257   67  189 -5326.5124 -5339.1931  0.24%  58.7 3325s
 3179584 607664     cutoff   67      -5326.5124 -5339.1690  0.24%  58.6 3330s
 3186962 607145     cutoff   69      -5326.5124 -5339.1331  0.24%  58.6 3335s
 3194151 606771 -5330.7904   63   84 -5326.5124 -5339.1019  0.24%  58.6 3341s
 3199621 606308 -5327.4385   55   90 -5326.5124 -5339.0751  0.24%  58.6 3345s
 3206696 605812     cutoff   62      -5326.5124 -5339.0423  0.24%  58.5 3351s
 3212411 605367 -5336.6021   56  127 -5326.5124 -5339.0190  0.23%  58.5 3355s
 3219659 604814 -5331.6517   61  203 -5326.5124 -5338.9822  0.23%  58.5 3360s
 3226696 604193     cutoff   69      -5326.5124 -5338.9520  0.23%  58.4 3366s
 3232117 603627     cutoff   68      -5326.5124 -5338.9235  0.23%  58.4 3370s
 3239607 602928 -5327.2313   77  135 -5326.5124 -5338.8872  0.23%  58.4 3376s
 3245169 602374     cutoff   56      -5326.5124 -5338.8622  0.23%  58.4 3380s
 3252143 601508 -5335.5183   63   58 -5326.5124 -5338.8277  0.23%  58.3 3385s
 3259771 600797 -5335.0510   68   59 -5326.5124 -5338.7913  0.23%  58.3 3391s
 3265544 600439 -5329.1748   61  141 -5326.5124 -5338.7669  0.23%  58.3 3395s
 3272892 599688 -5330.3786   80  108 -5326.5124 -5338.7323  0.23%  58.2 3401s
 3278244 599192 -5336.1503   73   72 -5326.5124 -5338.7095  0.23%  58.2 3405s
 3285529 598344 -5332.6796   73  103 -5326.5124 -5338.6761  0.23%  58.2 3410s
 3291288 597760 -5337.4772   59  180 -5326.5124 -5338.6463  0.23%  58.2 3415s
 3298660 597017 -5329.5158   64  132 -5326.5124 -5338.6124  0.23%  58.1 3420s
 3304225 596364     cutoff   69      -5326.5124 -5338.5860  0.23%  58.1 3425s
 3311507 595477 -5327.9029   57  105 -5326.5124 -5338.5513  0.23%  58.1 3430s
 3316959 594865     cutoff   54      -5326.5124 -5338.5256  0.23%  58.0 3435s
 3324344 593889 -5328.9653   87  209 -5326.5124 -5338.4902  0.22%  58.0 3440s
 3331728 592956     cutoff   65      -5326.5124 -5338.4560  0.22%  58.0 3446s
 3337007 592467 -5329.4260   63   86 -5326.5124 -5338.4343  0.22%  58.0 3450s
 3344287 591536     cutoff   68      -5326.5124 -5338.3997  0.22%  57.9 3456s
 3349784 590866     cutoff   63      -5326.5124 -5338.3709  0.22%  57.9 3460s
 3357168 589890 infeasible   57      -5326.5124 -5338.3345  0.22%  57.9 3466s
 3362513 589100 -5326.5229   72   59 -5326.5124 -5338.3102  0.22%  57.9 3470s
 3369682 588298     cutoff   73      -5326.5124 -5338.2769  0.22%  57.8 3476s
 3375214 587576 -5329.6069   66  164 -5326.5124 -5338.2503  0.22%  57.8 3480s
 3382632 586729 -5328.4468   62  108 -5326.5124 -5338.2165  0.22%  57.8 3485s
 3387851 585985     cutoff   68      -5326.5124 -5338.1912  0.22%  57.8 3490s
 3395195 584967     cutoff   54      -5326.5124 -5338.1589  0.22%  57.7 3495s
 3400848 584131 infeasible   73      -5326.5124 -5338.1289  0.22%  57.7 3500s
 3408478 583290 -5328.4225   68  111 -5326.5124 -5338.0933  0.22%  57.7 3505s
 3413260 582338 infeasible   60      -5326.5124 -5338.0670  0.22%  57.7 3510s
 3421220 581187 -5329.0922   77  166 -5326.5124 -5338.0312  0.22%  57.6 3516s
 3427130 580400     cutoff   65      -5326.5124 -5338.0044  0.22%  57.6 3520s
 3433537 579602 -5332.9055   63  125 -5326.5124 -5337.9750  0.22%  57.6 3525s
 3440411 578497 -5327.1251   59  122 -5326.5124 -5337.9409  0.21%  57.6 3530s
 3446333 577779 -5328.5727   66  122 -5326.5124 -5337.9122  0.21%  57.5 3535s
 3451587 576870 -5328.5081   57   98 -5326.5124 -5337.8852  0.21%  57.5 3540s
 3459181 575761 -5332.0273   59   37 -5326.5124 -5337.8478  0.21%  57.5 3546s
 3464972 574883 -5334.9434   61  104 -5326.5124 -5337.8191  0.21%  57.5 3550s
 3472706 573773     cutoff   68      -5326.5124 -5337.7803  0.21%  57.4 3556s
 3478331 572916     cutoff   59      -5326.5124 -5337.7549  0.21%  57.4 3560s
 3486139 571657 -5331.0673   54   37 -5326.5124 -5337.7160  0.21%  57.4 3566s
 3491817 570938 -5334.1074   53  230 -5326.5124 -5337.6893  0.21%  57.4 3570s
 3499844 569657 -5327.7539   79   78 -5326.5124 -5337.6533  0.21%  57.3 3576s
 3505637 568794 -5333.1681   80  191 -5326.5124 -5337.6258  0.21%  57.3 3580s
 3513078 567485     cutoff   91      -5326.5124 -5337.5891  0.21%  57.3 3586s
 3519035 566536     cutoff   74      -5326.5124 -5337.5612  0.21%  57.2 3590s
 3524730 565642 -5330.3642   55  147 -5326.5124 -5337.5366  0.21%  57.2 3595s
 3532385 564366     cutoff   59      -5326.5124 -5337.4966  0.21%  57.2 3600s
 3538454 563476     cutoff   61      -5326.5124 -5337.4688  0.21%  57.2 3605s
 3546108 562200     cutoff   72      -5326.5124 -5337.4301  0.20%  57.1 3610s
 3553655 560892     cutoff   71      -5326.5124 -5337.3935  0.20%  57.1 3616s
 3559410 559945 -5328.2479   52  182 -5326.5124 -5337.3671  0.20%  57.1 3620s
 3566954 558676 -5328.4189   55   18 -5326.5124 -5337.3318  0.20%  57.1 3626s
 3572371 557639     cutoff   70      -5326.5124 -5337.3085  0.20%  57.0 3630s
 3580176 556442     cutoff   64      -5326.5124 -5337.2676  0.20%  57.0 3636s
H3580894 556442                    -5326.512429 -5337.2676  0.20%  57.0 3636s
 3581079 556438 -5334.4268   61  141 -5326.5124 -5337.2676  0.20%  57.0 3641s
 3584832 555492 infeasible   69      -5326.5124 -5337.2455  0.20%  57.0 3646s
 3591319 554388     cutoff   59      -5326.5124 -5337.2165  0.20%  57.0 3651s
 3597678 553276     cutoff   88      -5326.5124 -5337.1828  0.20%  56.9 3656s
 3603938 552278 -5332.0685   61  119 -5326.5124 -5337.1531  0.20%  56.9 3660s
 3609993 551340 -5328.5227   73  123 -5326.5124 -5337.1255  0.20%  56.9 3665s
 3618133 549948 -5329.6599   62   18 -5326.5124 -5337.0879  0.20%  56.9 3671s
 3623927 548833 infeasible   73      -5326.5124 -5337.0595  0.20%  56.8 3675s
 3630272 547653 -5327.3569   57  261 -5326.5124 -5337.0305  0.20%  56.8 3680s
 3638296 546099     cutoff   80      -5326.5124 -5336.9907  0.20%  56.8 3686s
 3644202 545049 -5330.0832   61  135 -5326.5124 -5336.9612  0.20%  56.8 3690s
 3650113 543921     cutoff   56      -5326.5124 -5336.9332  0.20%  56.7 3695s
 3658042 542496 -5329.9223   53  342 -5326.5124 -5336.8954  0.19%  56.7 3701s
 3664150 541314 -5333.4632   60   68 -5326.5124 -5336.8650  0.19%  56.7 3705s
 3670211 540201 -5333.3358   55  185 -5326.5124 -5336.8353  0.19%  56.7 3710s
 3678685 538513 -5330.8141   59   88 -5326.5124 -5336.7939  0.19%  56.6 3716s
 3685194 537399 infeasible   59      -5326.5124 -5336.7635  0.19%  56.6 3721s
 3691564 536242 -5330.5164   56  109 -5326.5124 -5336.7355  0.19%  56.6 3726s
 3697833 535000 -5328.7309   65  116 -5326.5124 -5336.7033  0.19%  56.5 3731s
 3704369 533758     cutoff   69      -5326.5124 -5336.6714  0.19%  56.5 3735s
 3710662 532628     cutoff   50      -5326.5124 -5336.6415  0.19%  56.5 3740s
 3717055 531331 -5328.6675   60  138 -5326.5124 -5336.6125  0.19%  56.5 3745s
 3725455 529636 -5329.0700   65   74 -5326.5124 -5336.5739  0.19%  56.4 3751s
 3731612 528337     cutoff   51      -5326.5124 -5336.5396  0.19%  56.4 3756s
 3738054 526986     cutoff   56      -5326.5124 -5336.5108  0.19%  56.4 3761s
 3744369 525695     cutoff   64      -5326.5124 -5336.4783  0.19%  56.4 3765s
 3750968 524429     cutoff   61      -5326.5124 -5336.4468  0.19%  56.3 3770s
 3759108 522702 -5328.5264   73   68 -5326.5124 -5336.4069  0.19%  56.3 3776s
 3765601 521356 -5326.5409   64  139 -5326.5124 -5336.3765  0.19%  56.3 3780s
 3771700 520157 -5329.4392   83  156 -5326.5124 -5336.3460  0.18%  56.3 3785s
 3780080 518374 -5329.3776   58  254 -5326.5124 -5336.3070  0.18%  56.2 3791s
 3785848 517196 -5327.8441   54  178 -5326.5124 -5336.2853  0.18%  56.2 3796s
 3792323 515635     cutoff   63      -5326.5124 -5336.2465  0.18%  56.2 3801s
 3798651 514178 -5331.0989   69  147 -5326.5124 -5336.2152  0.18%  56.1 3806s
 3802798 513209     cutoff   54      -5326.5124 -5336.1939  0.18%  56.1 3810s
 3811553 511110     cutoff   60      -5326.5124 -5336.1491  0.18%  56.1 3816s
 3818043 509454 -5330.1942   59  128 -5326.5124 -5336.1162  0.18%  56.1 3821s
 3824404 508022 -5330.3007   60   48 -5326.5124 -5336.0866  0.18%  56.1 3825s
 3830867 506481 -5328.5760   54  216 -5326.5124 -5336.0556  0.18%  56.0 3830s
 3837314 504892 -5329.1128   63   72 -5326.5124 -5336.0247  0.18%  56.0 3835s
 3843343 503406 -5328.0524   77  221 -5326.5124 -5335.9960  0.18%  56.0 3840s
 3852274 501235     cutoff   68      -5326.5124 -5335.9490  0.18%  55.9 3846s
 3858462 499608     cutoff   66      -5326.5124 -5335.9169  0.18%  55.9 3850s
 3865163 497925     cutoff   74      -5326.5124 -5335.8816  0.18%  55.9 3855s
 3871592 496522     cutoff   60      -5326.5124 -5335.8515  0.18%  55.9 3860s
 3878282 494824 -5329.2543   54  136 -5326.5124 -5335.8193  0.17%  55.8 3865s
 3884926 493206 -5327.2030   59  146 -5326.5124 -5335.7857  0.17%  55.8 3870s
 3893767 490919     cutoff   73      -5326.5124 -5335.7410  0.17%  55.8 3876s
 3899543 489439     cutoff   52      -5326.5124 -5335.7107  0.17%  55.8 3881s
 3906159 487710     cutoff   59      -5326.5124 -5335.6780  0.17%  55.7 3886s
 3913093 486014     cutoff   74      -5326.5124 -5335.6424  0.17%  55.7 3890s
 3919517 484264     cutoff   76      -5326.5124 -5335.6076  0.17%  55.7 3895s
 3926240 482572     cutoff   59      -5326.5124 -5335.5751  0.17%  55.7 3900s
 3934991 480158 infeasible   53      -5326.5124 -5335.5280  0.17%  55.6 3906s
 3939356 478977     cutoff   67      -5326.5124 -5335.5040  0.17%  55.6 3910s
 3948097 476643     cutoff   40      -5326.5124 -5335.4607  0.17%  55.6 3916s
 3954741 474787 -5328.5374   69  118 -5326.5124 -5335.4262  0.17%  55.6 3921s
 3961465 472840 -5327.6067   62   84 -5326.5124 -5335.3895  0.17%  55.5 3926s
 3968040 470887     cutoff   65      -5326.5124 -5335.3565  0.17%  55.5 3931s
 3972687 469559 -5332.0315   64  145 -5326.5124 -5335.3292  0.17%  55.5 3935s
 3979610 467610     cutoff   60      -5326.5124 -5335.2937  0.16%  55.5 3940s
 3985948 465870     cutoff   67      -5326.5124 -5335.2602  0.16%  55.4 3945s
 3992722 463768     cutoff   71      -5326.5124 -5335.2264  0.16%  55.4 3950s
 3999645 461822 -5332.9329   49  242 -5326.5124 -5335.1901  0.16%  55.4 3955s
 4006079 459980     cutoff   62      -5326.5124 -5335.1563  0.16%  55.4 3960s
 4013116 457988 -5331.6420   62   37 -5326.5124 -5335.1201  0.16%  55.3 3965s
 4019799 455852 -5332.2804   54   53 -5326.5124 -5335.0836  0.16%  55.3 3971s
 4026863 453582 -5330.0530   61  103 -5326.5124 -5335.0474  0.16%  55.3 3976s
 4033828 451424     cutoff   78      -5326.5124 -5335.0062  0.16%  55.3 3981s
 4038586 450050 infeasible   61      -5326.5124 -5334.9799  0.16%  55.3 3985s
 4045397 447906     cutoff   71      -5326.5124 -5334.9429  0.16%  55.2 3990s
 4052177 445792     cutoff   64      -5326.5124 -5334.9053  0.16%  55.2 3995s
 4059009 443853     cutoff   62      -5326.5124 -5334.8687  0.16%  55.2 4000s
 4065150 441728     cutoff   65      -5326.5124 -5334.8381  0.16%  55.2 4005s
 4072972 439154 -5327.6461   59  227 -5326.5124 -5334.7906  0.16%  55.1 4010s
 4080505 436741 -5330.0469   69   92 -5326.5124 -5334.7531  0.15%  55.1 4015s
 4088297 434236     cutoff   61      -5326.5124 -5334.7049  0.15%  55.1 4021s
 4095890 431696 -5327.2612   65  135 -5326.5124 -5334.6646  0.15%  55.0 4026s
 4103745 429185 -5328.6492   61  137 -5326.5124 -5334.6203  0.15%  55.0 4031s
 4111091 426885     cutoff   61      -5326.5124 -5334.5812  0.15%  55.0 4036s
 4116015 425243 -5331.0306   64  141 -5326.5124 -5334.5538  0.15%  55.0 4040s
 4123738 422585 -5329.6161   72  224 -5326.5124 -5334.5103  0.15%  54.9 4045s
 4131249 420163     cutoff   72      -5326.5124 -5334.4680  0.15%  54.9 4050s
 4138570 417569     cutoff   50      -5326.5124 -5334.4260  0.15%  54.9 4055s
 4146318 414903 -5326.7788   59  186 -5326.5124 -5334.3848  0.15%  54.9 4060s
 4153572 412448 -5327.8238   68  100 -5326.5124 -5334.3430  0.15%  54.8 4065s
 4161178 409912     cutoff   58      -5326.5124 -5334.3024  0.15%  54.8 4071s
 4168544 407580 -5328.3613   52  118 -5326.5124 -5334.2602  0.15%  54.8 4076s
 4175329 404859     cutoff   58      -5326.5124 -5334.2192  0.14%  54.7 4081s
 4180612 402766     cutoff   65      -5326.5124 -5334.1897  0.14%  54.7 4085s
 4188518 399950 -5329.7140   74  149 -5326.5124 -5334.1422  0.14%  54.7 4090s
 4196553 397153     cutoff   56      -5326.5124 -5334.0984  0.14%  54.7 4095s
 4204310 394241     cutoff   66      -5326.5124 -5334.0564  0.14%  54.6 4101s
 4211596 391539     cutoff   61      -5326.5124 -5334.0126  0.14%  54.6 4106s
 4217105 389558 -5332.5481   73  227 -5326.5124 -5333.9819  0.14%  54.6 4110s
 4225150 386674     cutoff   55      -5326.5124 -5333.9314  0.14%  54.6 4115s
 4233586 384229     cutoff   66      -5326.5124 -5333.8840  0.14%  54.5 4127s
H4234022 384229                    -5326.512430 -5333.8828  0.14%  54.5 4127s
 4237288 381744     cutoff   61      -5326.5124 -5333.8589  0.14%  54.5 4132s
 4244064 379382     cutoff   54      -5326.5124 -5333.8220  0.14%  54.5 4137s
 4250314 377090 -5331.3468   66  101 -5326.5124 -5333.7840  0.14%  54.5 4141s
 4256447 374703     cutoff   62      -5326.5124 -5333.7480  0.14%  54.4 4146s
 4262383 372462 infeasible   66      -5326.5124 -5333.7118  0.14%  54.4 4150s
 4271208 368813     cutoff   69      -5326.5124 -5333.6587  0.13%  54.4 4156s
 4277401 366480     cutoff   71      -5326.5124 -5333.6187  0.13%  54.4 4161s
 4283224 364115     cutoff   69      -5326.5124 -5333.5865  0.13%  54.3 4165s
 4292417 360324     cutoff   63      -5326.5124 -5333.5306  0.13%  54.3 4171s
 4298300 357873     cutoff   59      -5326.5124 -5333.4886  0.13%  54.3 4176s
 4304262 355320     cutoff   65      -5326.5124 -5333.4510  0.13%  54.3 4180s
 4313521 351438     cutoff   61      -5326.5124 -5333.3898  0.13%  54.2 4187s
 4319318 348862     cutoff  109      -5326.5124 -5333.3555  0.13%  54.2 4191s
 4325524 346148 -5329.2250   52   90 -5326.5124 -5333.3169  0.13%  54.2 4196s
 4331949 343498 -5327.7077   66   91 -5326.5124 -5333.2757  0.13%  54.2 4200s
 4338292 340735     cutoff   95      -5326.5124 -5333.2348  0.13%  54.1 4205s
 4347762 336338     cutoff   62      -5326.5124 -5333.1711  0.13%  54.1 4211s
 4354586 333505 -5330.5962   76  132 -5326.5124 -5333.1309  0.12%  54.1 4216s
 4360569 331191 -5330.2179   52  310 -5326.5124 -5333.0914  0.12%  54.0 4220s
 4369946 326945 infeasible   75      -5326.5124 -5333.0278  0.12%  54.0 4226s
 4376495 323839 -5330.6992   68   37 -5326.5124 -5332.9853  0.12%  54.0 4231s
 4383320 320924 -5329.5231   61  159 -5326.5124 -5332.9426  0.12%  53.9 4235s
 4393699 316293     cutoff   54      -5326.5124 -5332.8722  0.12%  53.9 4241s
 4400939 312961 -5330.8484   60   67 -5326.5124 -5332.8228  0.12%  53.9 4246s
 4407931 309508     cutoff   66      -5326.5124 -5332.7714  0.12%  53.8 4251s
 4414533 306235     cutoff   73      -5326.5124 -5332.7272  0.12%  53.8 4255s
 4421946 302796     cutoff   54      -5326.5124 -5332.6755  0.12%  53.8 4260s
 4429249 299146 -5327.4376   72  135 -5326.5124 -5332.6235  0.11%  53.8 4265s
 4439541 293996     cutoff   57      -5326.5124 -5332.5479  0.11%  53.7 4272s
 4447132 290234     cutoff   65      -5326.5124 -5332.4943  0.11%  53.7 4277s
 4454899 286389     cutoff   73      -5326.5124 -5332.4340  0.11%  53.7 4281s
 4462473 282568     cutoff   76      -5326.5124 -5332.3822  0.11%  53.6 4286s
 4469813 279034 -5327.1781   62   36 -5326.5124 -5332.3298  0.11%  53.6 4291s
 4477426 275009     cutoff   55      -5326.5124 -5332.2678  0.11%  53.6 4297s
 4485109 274184 infeasible  139      -5326.5124 -5332.2251  0.11%  53.5 4302s
 4490901 272152     cutoff   62      -5326.5124 -5332.1896  0.11%  53.5 4305s
 4498657 267758 -5327.2954   55  149 -5326.5124 -5332.1329  0.11%  53.5 4310s
 4506894 263204 -5327.6024   70  129 -5326.5124 -5332.0669  0.10%  53.4 4315s
 4515609 258492 -5329.5905   71   62 -5326.5124 -5331.9972  0.10%  53.4 4320s
 4523831 254052 -5328.7768   59  224 -5326.5124 -5331.9306  0.10%  53.3 4326s
 4532534 248873     cutoff   50      -5326.5124 -5331.8578  0.10%  53.3 4331s
 4541330 243753 -5327.5854   68  142 -5326.5124 -5331.7802  0.10%  53.3 4336s
 4549462 239133     cutoff   69      -5326.5124 -5331.7202  0.10%  53.2 4341s
 4558171 233880     cutoff   59      -5326.5124 -5331.6418  0.10%  53.2 4347s
 4563095 231154     cutoff   56      -5326.5124 -5331.5973  0.10%  53.2 4350s
 4572762 225792     cutoff   64      -5326.5124 -5331.5097  0.09%  53.1 4356s
 4582199 219507     cutoff   60      -5326.5124 -5331.4275  0.09%  53.1 4362s
 4587201 216354     cutoff   65      -5326.5124 -5331.3782  0.09%  53.1 4365s
 4596905 210189     cutoff   59      -5326.5124 -5331.2848  0.09%  53.0 4371s
 4606974 204023 -5326.7016   52   66 -5326.5124 -5331.1921  0.09%  53.0 4377s
 4612079 200742     cutoff   61      -5326.5124 -5331.1437  0.09%  53.0 4381s
 4620180 195169     cutoff   58      -5326.5124 -5331.0726  0.09%  52.9 4387s
 4626279 191065     cutoff   82      -5326.5124 -5330.9988  0.08%  52.9 4391s
 4632585 186917     cutoff   64      -5326.5124 -5330.9401  0.08%  52.9 4395s
 4645418 178409 infeasible   67      -5326.5124 -5330.8068  0.08%  52.8 4402s
 4651715 174218 -5326.8161   62    6 -5326.5124 -5330.7381  0.08%  52.8 4405s
 4664479 166362     cutoff   68      -5326.5124 -5330.6099  0.08%  52.7 4412s
 4670483 161349     cutoff   78      -5326.5124 -5330.5533  0.08%  52.7 4416s
 4677771 156483     cutoff   67      -5326.5124 -5330.4601  0.07%  52.6 4420s
 4692489 146163 -5329.1626   58  117 -5326.5124 -5330.2925  0.07%  52.6 4428s
 4700034 140895     cutoff   67      -5326.5124 -5330.2080  0.07%  52.5 4432s
 4707384 135765     cutoff   72      -5326.5124 -5330.1166  0.07%  52.5 4436s
 4714692 130246     cutoff   78      -5326.5124 -5330.0248  0.07%  52.4 4441s
 4722297 125220     cutoff   59      -5326.5124 -5329.9354  0.06%  52.4 4445s
 4736939 114041     cutoff   83      -5326.5124 -5329.7361  0.06%  52.3 4453s
 4744413 108398     cutoff   76      -5326.5124 -5329.6331  0.06%  52.3 4457s
 4751872 102596     cutoff   60      -5326.5124 -5329.5170  0.06%  52.2 4460s
 4766744 91082 -5327.3081   69  133 -5326.5124 -5329.2896  0.05%  52.1 4467s
 4774038 85126     cutoff   68      -5326.5124 -5329.1696  0.05%  52.1 4471s
 4788817 73259     cutoff   69      -5326.5124 -5328.9050  0.04%  52.0 4478s
 4796095 67335     cutoff   59      -5326.5124 -5328.7567  0.04%  52.0 4481s
 4810317 55653     cutoff   63      -5326.5124 -5328.4733  0.04%  51.9 4488s
 4817863 51197     cutoff   92      -5326.5124 -5328.3202  0.03%  51.8 4491s
 4832048 39251     cutoff   57      -5326.5124 -5328.0832  0.03%  51.7 4496s
 4845162 27227     cutoff   48      -5326.5124 -5327.7293  0.02%  51.6 4502s
 4857937 15203 infeasible   62      -5326.5124 -5327.3197  0.02%  51.5 4506s

Cutting planes:
  Gomory: 11
  Cover: 111
  Implied bound: 6
  MIR: 7
  Flow cover: 77
  Inf proof: 959
  Zero half: 10
  RLT: 129
  Lazy constraints: 1132

Explored 4870261 nodes (250346972 simplex iterations) in 4509.22 seconds
Thread count was 12 (of 12 available processors)

Solution count 10: -5326.51 -5326.51 -5326.01 ... -5321.44

Optimal solution found (tolerance 1.00e-04)
Best objective -5.326512430040e+03, best bound -5.326967110721e+03, gap 0.0085%

User-callback calls 9906967, time in user-callback 16.24 sec
-1
['A-n34-k6', 5326.512430039945, 321.0498417889074, 4509.226898908615, 8.536179846847577e-05, 1, [[0, [71.72057468146623, 78.51310600330012]], [7.1864262482957315, [78.51310600330012]], [4.503554151999964, [74.98275240868193]], [3.681847362396269, [107.83172830910772, 42.25638652087645]], [4.825769944323923, [74.98275240868193]], [3.9951706958280937, [78.10951542706384, 46.65486168407632, 92.80939908991385]], [0, [78.10951542706384]], [7.103383387899967, [74.98275240868193, 71.72057468146623]], [8.2378024307951, [46.65486168407632, 127.54872302858803, 74.98275240868193]], [1.1667857082100852, [132.68259379123745, 42.25638652087645, 132.68259379123745]], [3.5016266061452654, [127.54872302858803, 74.98275240868193]], [1.983613425599799, [92.80939908991385]], [0, [92.80939908991385]], [0, [78.10951542706384]], [5.9047438555765694, [42.25638652087645, 78.10951542706384, 71.72057468146623]], [2.769125413472139, [127.54872302858803, 127.54872302858803]], [2.368133348346646, [107.83172830910772]], [0, [107.83172830910772, 107.83172830910772]], [4.834051670755073, [107.83172830910772, 71.72057468146623]], [7.179929587999553, [74.98275240868193, 42.25638652087645, 42.25638652087645]], [0.6491447364656437, [78.51310600330012, 92.80939908991385, 71.72057468146623]], [2.130258200308319, [127.54872302858803, 78.10951542706384, 74.98275240868193]], [1.7464249196467279, [132.68259379123745, 74.98275240868193, 78.51310600330012]], [0.5385164807113796, [132.68259379123745, 46.65486168407632]], [1.0960788698211559, [127.54872302858803, 46.65486168407632, 132.68259379123745]], [2.402082429889745, [107.83172830910772, 71.72057468146623]], [3.1876933492544737, [127.54872302858803]], [0, [74.98275240868193, 71.72057468146623, 74.98275240868193]], [6.351749540258524, [78.51310600330012, 127.54872302858803]], [2.7948862032032764, [107.83172830910772, 78.10951542706384, 127.54872302858803]], [0, [92.80939908991385]], [0, [78.10951542706384, 71.72057468146623, 46.65486168407632]]]]
