Using license file /util/academic/gurobi/licenses/gurobi.lic
Set parameter TokenServer to value srv-m14-36.cbls.ccr.buffalo.edu
Set parameter TSPort to value 46325
Changed value of parameter lazyConstraints to 1
   Prev: 0  Min: 0  Max: 1  Default: 0
Changed value of parameter TimeLimit to 21600.0
   Prev: inf  Min: 0.0  Max: inf  Default: inf
Gurobi Optimizer version 9.1.1 build v9.1.1rc0 (linux64)
Thread count: 12 physical cores, 12 logical processors, using up to 12 threads
Optimize a model with 4552 rows, 5808 columns and 21963 nonzeros
Model fingerprint: 0x86acc19b
Variable types: 1158 continuous, 4650 integer (4650 binary)
Coefficient statistics:
  Matrix range     [4e-01, 4e+02]
  Objective range  [1e+00, 1e+00]
  Bounds range     [1e+00, 1e+02]
  RHS range        [1e-01, 4e+02]
Presolve removed 407 rows and 139 columns
Presolve time: 0.05s
Presolved: 4145 rows, 5669 columns, 20963 nonzeros
Variable types: 745 continuous, 4924 integer (4924 binary)

Root relaxation: objective -5.789452e+03, 3996 iterations, 0.24 seconds

    Nodes    |    Current Node    |     Objective Bounds      |     Work
 Expl Unexpl |  Obj  Depth IntInf | Incumbent    BestBd   Gap | It/Node Time

     0     0 -5789.4522    0  405          - -5789.4522      -     -    0s
     0     0 -5774.7977    0  375          - -5774.7977      -     -    0s
     0     0 -5762.9439    0  360          - -5762.9439      -     -    1s
     0     0 -5762.4673    0  399          - -5762.4673      -     -    1s
H    0     0                    -4984.270739 -5762.4673  15.6%     -    1s
     0     0 -5762.4562    0  399 -4984.2707 -5762.4562  15.6%     -    1s
     0     0 -5757.8779    0  442 -4984.2707 -5757.8779  15.5%     -    1s
     0     0 -5757.8779    0  442 -4984.2707 -5757.8779  15.5%     -    1s
     0     0 -5757.8062    0  398 -4984.2707 -5757.8062  15.5%     -    1s
     0     0 -5757.8062    0  399 -4984.2707 -5757.8062  15.5%     -    2s
     0     0 -5757.8062    0  399 -4984.2707 -5757.8062  15.5%     -    2s
H    0     0                    -5076.403477 -5757.4647  13.4%     -    2s
     0     2 -5757.4647    0  397 -5076.4035 -5757.4647  13.4%     -    2s
    36    30 -5756.2812    6  424 -5076.4035 -5756.5027  13.4%   241    6s
    73    73 -5675.8687    8  692 -5076.4035 -5756.3640  13.4%   449   10s
   327   313 -5686.7251   25  353 -5076.4035 -5756.3640  13.4%   265   16s
H 1057  1116                    -5079.226469 -5756.3640  13.3%   182   19s
  1346  1433 -5477.4922  120   52 -5079.2265 -5756.3640  13.3%   158   20s
  1977  1827 -5648.9116   10  299 -5079.2265 -5648.9116  11.2%   123   25s
H 1981  1738                    -5102.495606 -5648.5960  10.7%   123   26s
H 1983  1651                    -5134.985883 -5648.5960  10.0%   123   27s
  1999  1663 -5529.6134   62  318 -5134.9859 -5648.5954  10.0%   131   30s
H 2012  1588                    -5137.025316 -5645.9282  9.91%   130   34s
  2016  1591 -5587.6090   34  328 -5137.0253 -5645.9038  9.91%   130   35s
  2020  1596 -5644.4531   23  393 -5137.0253 -5644.4531  9.88%   137   41s
H 2054  1533                    -5138.232030 -5640.9196  9.78%   142   43s
H 2060  1455                    -5140.285780 -5640.9196  9.74%   142   43s
H 2095  1398                    -5146.805431 -5640.4443  9.59%   143   44s
  2118  1424     cutoff   33      -5146.8054 -5640.4108  9.59%   143   45s
H 2139  1362                    -5148.012145 -5640.4108  9.56%   145   45s
H 2143  1295                    -5413.776243 -5640.4108  4.19%   145   45s
H 2149  1231                    -5423.991312 -5640.4108  3.99%   145   45s
H 2203  1216                    -5430.172138 -5640.4108  3.87%   146   46s
H 2314  1210                    -5431.659068 -5640.4108  3.84%   146   47s
H 2453  1244                    -5507.589115 -5640.4108  2.41%   143   48s
  2826  1324 infeasible   54      -5507.5891 -5639.4629  2.39%   137   50s
  5174  2184 -5567.8959   34  355 -5507.5891 -5631.1336  2.24%   108   55s
H 7413  4013                    -5510.130724 -5621.7645  2.03%  91.6   59s
  7929  4493 -5561.7603   53  213 -5510.1307 -5621.7645  2.03%  90.0   60s
 11047  6991 -5582.3011   65   97 -5510.1307 -5618.5136  1.97%  82.4   65s
 12894  7777 -5572.8860   50  146 -5510.1307 -5617.8122  1.95%  75.8   70s
 15918  9834 -5578.0432   61  230 -5510.1307 -5614.8918  1.90%  74.2   75s
 20629 13159 -5602.5071   34  290 -5510.1307 -5612.6642  1.86%  70.0   80s
H21733 13209                    -5510.536610 -5612.6642  1.85%  69.3   82s
H21762 13038                    -5512.092245 -5612.6642  1.82%  69.3   82s
H21783 12467                    -5515.822576 -5612.6642  1.76%  69.3   82s
H21813 10856                    -5525.697846 -5612.6642  1.57%  69.2   82s
H21826  7700                    -5543.606768 -5612.6642  1.25%  69.2   82s
 23175  9204     cutoff   59      -5543.6068 -5610.6912  1.21%  68.8   85s
 27989 11551     cutoff   86      -5543.6068 -5606.9891  1.14%  66.8   90s
H28435 11191                    -5545.568290 -5606.9011  1.11%  66.7   90s
 32151 13881 -5571.4452   38  148 -5545.5683 -5604.0430  1.05%  65.7   95s
 38690 17658 infeasible   57      -5545.5683 -5601.3255  1.01%  62.7  101s
 44560 20473 -5572.5155   63  213 -5545.5683 -5599.0063  0.96%  61.2  106s
 49409 22645 -5575.1804   47  263 -5545.5683 -5597.1854  0.93%  60.3  111s
 55332 25229 -5568.0187   52  247 -5545.5683 -5595.1653  0.89%  59.2  115s
 61121 27704 -5549.6556   47  204 -5545.5683 -5593.6123  0.87%  58.2  120s
 66827 30047 -5580.6723   49  284 -5545.5683 -5591.6596  0.83%  57.5  125s
 74604 33620 infeasible  151      -5545.5683 -5589.9457  0.80%  56.1  131s
 80600 36045 -5556.2922   37  359 -5545.5683 -5588.7300  0.78%  55.4  135s
 86603 38362 infeasible   57      -5545.5683 -5587.6150  0.76%  54.8  140s
 94309 41317 -5574.6684   64  208 -5545.5683 -5586.0774  0.73%  54.1  145s
 99657 43243 -5559.4193   48  263 -5545.5683 -5585.1242  0.71%  53.8  150s
 107853 46251 infeasible   44      -5545.5683 -5584.0398  0.69%  53.1  156s
 113925 48557     cutoff   60      -5545.5683 -5582.9999  0.67%  52.7  160s
H116142 46086                    -5547.539233 -5582.7732  0.64%  52.5  162s
 119279 47367     cutoff   63      -5547.5392 -5582.3895  0.63%  52.2  165s
 122788 48570 -5568.5205   43  267 -5547.5392 -5581.7777  0.62%  52.0  180s
 130650 51221 -5549.9945   67  213 -5547.5392 -5580.7009  0.60%  51.4  186s
 137079 52910 -5573.1486   71   70 -5547.5392 -5579.7765  0.58%  51.1  191s
 143151 54704     cutoff   68      -5547.5392 -5578.8529  0.56%  50.9  195s
 149285 56219 -5553.0933   64   82 -5547.5392 -5578.0010  0.55%  50.6  200s
 155675 57838 -5560.4040   63   89 -5547.5392 -5577.1363  0.53%  50.3  205s
 157983 57856 infeasible  117      -5547.5392 -5576.8466  0.53%  50.2  211s
 162063 59308 -5565.8157   57  157 -5547.5392 -5576.2038  0.52%  50.1  216s
 168708 60498     cutoff   77      -5547.5392 -5575.3846  0.50%  49.9  221s
 176119 62060 infeasible   93      -5547.5392 -5574.5621  0.49%  49.6  226s
 183372 63506 -5553.2093   73   66 -5547.5392 -5573.7694  0.47%  49.2  231s
 190964 64520 -5550.3741   55  170 -5547.5392 -5572.8681  0.46%  48.9  236s
 197965 65448 -5548.1095   95  100 -5547.5392 -5571.9704  0.44%  48.7  241s
 203064 66030 -5550.4098   65  181 -5547.5392 -5571.4787  0.43%  48.5  245s
H205023 64166                    -5548.013178 -5571.4368  0.42%  48.4  245s
 209991 64899 -5553.0088   61  214 -5548.0132 -5570.7829  0.41%  48.1  250s
 217039 65576 -5553.6622   62  240 -5548.0132 -5570.0489  0.40%  48.0  255s
 226597 66614 infeasible  131      -5548.0132 -5569.1132  0.38%  47.6  261s
 233672 66801 -5548.0653   68  102 -5548.0132 -5568.3239  0.37%  47.4  265s
 239396 67081     cutoff   59      -5548.0132 -5567.8025  0.36%  47.3  270s
*242506 64717             132    -5548.657611 -5567.5602  0.34%  47.3  271s
 247702 64566     cutoff   58      -5548.6576 -5566.9487  0.33%  47.2  275s
 254923 64315 -5553.9495   49  243 -5548.6576 -5566.1750  0.32%  47.1  281s
 260680 63858 -5554.8692   54  152 -5548.6576 -5565.5708  0.30%  47.0  285s
 268487 63300 -5550.1770   74   76 -5548.6576 -5564.7683  0.29%  46.9  290s
 276460 62644 -5555.1395   45  226 -5548.6576 -5564.0563  0.28%  46.7  296s
H280156 62107                    -5548.657616 -5563.6787  0.27%  46.6  298s
 281741 61877     cutoff   64      -5548.6576 -5563.5000  0.27%  46.6  300s
H284132 61627                    -5548.657622 -5563.3144  0.26%  46.6  301s
 289678 60604 -5555.6819   63  273 -5548.6576 -5562.7563  0.25%  46.4  305s
 295285 59443     cutoff   75      -5548.6576 -5562.2138  0.24%  46.3  310s
 304701 57264 -5555.4600   54  182 -5548.6576 -5561.3053  0.23%  46.1  316s
 311590 55720     cutoff  118      -5548.6576 -5560.6756  0.22%  46.0  321s
 318262 53945     cutoff   57      -5548.6576 -5560.0128  0.20%  45.9  325s
 325035 52221 -5553.9978   79   94 -5548.6576 -5559.3424  0.19%  45.7  330s
 332081 49866     cutoff   68      -5548.6576 -5558.6869  0.18%  45.6  335s
 340289 47361 -5550.3628   58  152 -5548.6576 -5557.8881  0.17%  45.4  341s
 346462 45217 infeasible   50      -5548.6576 -5557.3640  0.16%  45.2  345s
 355727 41840     cutoff   60      -5548.6576 -5556.4708  0.14%  45.0  351s
 361222 39128 -5549.9928   65  174 -5548.6576 -5555.9570  0.13%  44.8  355s
 371349 35441 -5550.3645   93    - -5548.6576 -5555.0709  0.12%  44.5  361s
 378175 32952     cutoff   67      -5548.6576 -5554.5267  0.11%  44.3  365s
 388195 28678     cutoff   87      -5548.6576 -5553.7012  0.09%  44.0  371s
 394860 25403 -5550.2679   79    - -5548.6576 -5553.1396  0.08%  43.8  375s
 406249 19895 infeasible  102      -5548.6576 -5552.2510  0.06%  43.4  381s
 414849 14163 -5549.9900   53  146 -5548.6576 -5551.4594  0.05%  43.0  385s
 428703  2821     cutoff   60      -5548.6576 -5549.7933  0.02%  42.2  390s

Cutting planes:
  Gomory: 10
  Cover: 463
  Implied bound: 4
  MIR: 10
  Flow cover: 76
  Inf proof: 192
  Zero half: 7
  RLT: 102
  Lazy constraints: 487

Explored 433087 nodes (18155221 simplex iterations) in 390.55 seconds
Thread count was 12 (of 12 available processors)

Solution count 10: -5548.66 -5548.66 -5548.01 ... -5510.54

Optimal solution found (tolerance 1.00e-04)
Best objective -5.548657622343e+03, best bound -5.549124973766e+03, gap 0.0084%

User-callback calls 904477, time in user-callback 2.76 sec
-1
['A-n34-k5', 5548.657622343241, 261.32499861421695, 390.5490765571594, 8.422783568693996e-05, 1, [[2.6675748453509414, [73.77576911871948, 80.7629443436384]], [3.260463498064283, [80.7629443436384]], [4.603327299054257, [77.13142643039308]], [0, [110.92170868314325, 43.46726765089855]], [1.215603680353368, [77.13142643039308]], [1.8608122479737261, [80.34778864664153, 47.991783657021855, 95.46890595501567]], [2.3887557108569837, [80.34778864664153]], [1.9627296533885357, [77.13142643039308, 73.77576911871948]], [6.815126965471066, [47.991783657021855, 131.203705259438, 77.13142643039308]], [6.76485690083836, [136.4846900501029, 43.46726765089855, 136.4846900501029]], [0.3820413008470922, [131.203705259438, 77.13142643039308]], [1.5404794458458895, [95.46890595501567]], [1.9822287378674872, [95.46890595501567]], [2.0808545253217545, [80.34778864664153]], [2.8229928956433668, [43.46726765089855, 80.34778864664153, 73.77576911871948]], [4.030296377297958, [131.203705259438, 131.203705259438]], [7.891342654382399, [110.92170868314325]], [0.41144730997767454, [110.92170868314325, 110.92170868314325]], [1.694881182330377, [110.92170868314325, 73.77576911871948]], [4.989985526577101, [77.13142643039308, 43.46726765089855, 43.46726765089855]], [2.133843688947948, [80.7629443436384, 95.46890595501567, 73.77576911871948]], [0, [131.203705259438, 80.34778864664153, 77.13142643039308]], [0, [136.4846900501029, 77.13142643039308, 80.7629443436384]], [2.5573336809153773, [136.4846900501029, 47.991783657021855]], [1.7375933843079423, [131.203705259438, 47.991783657021855, 136.4846900501029]], [1.3966994060161255, [110.92170868314325, 73.77576911871948]], [7.539620714461435, [131.203705259438]], [0, [77.13142643039308, 73.77576911871948, 77.13142643039308]], [2.883161844608395, [80.7629443436384, 131.203705259438]], [7.452468643934324, [110.92170868314325, 80.34778864664153, 131.203705259438]], [1.181505630775007, [95.46890595501567]], [5.887553727046772, [80.34778864664153, 73.77576911871948, 47.991783657021855]]]]
