Using license file /util/academic/gurobi/licenses/gurobi.lic
Set parameter TokenServer to value srv-m14-36.cbls.ccr.buffalo.edu
Set parameter TSPort to value 46325
Changed value of parameter lazyConstraints to 1
   Prev: 0  Min: 0  Max: 1  Default: 0
Changed value of parameter TimeLimit to 43200.0
   Prev: inf  Min: 0.0  Max: inf  Default: inf
Gurobi Optimizer version 9.1.1 build v9.1.1rc0 (linux64)
Thread count: 12 physical cores, 12 logical processors, using up to 12 threads
Optimize a model with 18010 rows, 23829 columns and 88543 nonzeros
Model fingerprint: 0x21246025
Variable types: 5833 continuous, 17996 integer (17996 binary)
Coefficient statistics:
  Matrix range     [4e-01, 9e+03]
  Objective range  [1e+00, 1e+00]
  Bounds range     [1e+00, 6e+03]
  RHS range        [1e+00, 9e+03]
Presolve removed 7146 rows and 2981 columns
Presolve time: 0.36s
Presolved: 10864 rows, 20848 columns, 70002 nonzeros
Variable types: 3906 continuous, 16942 integer (16942 binary)
Found heuristic solution: objective -173183.9262

Root relaxation: objective -2.866735e+05, 5550 iterations, 0.27 seconds

    Nodes    |    Current Node    |     Objective Bounds      |     Work
 Expl Unexpl |  Obj  Depth IntInf | Incumbent    BestBd   Gap | It/Node Time

     0     0 -286673.46    0  384 -173183.93 -286673.46  65.5%     -    0s
     0     0 -286500.99    0  534 -173183.93 -286500.99  65.4%     -    1s
     0     0 -286500.99    0  534 -173183.93 -286500.99  65.4%     -    1s
     0     0 -286210.45    0  283 -173183.93 -286210.45  65.3%     -    2s
H    0     0                    -283218.6340 -286210.45  1.06%     -    2s
     0     0 -286210.45    0  283 -283218.63 -286210.45  1.06%     -    2s
     0     0 -286200.72    0  204 -283218.63 -286200.72  1.05%     -    2s
H    0     0                    -283582.5140 -286200.72  0.92%     -    2s
H    0     0                    -284212.6640 -286200.72  0.70%     -    2s
     0     0 -286200.72    0  136 -284212.66 -286200.72  0.70%     -    3s
     0     0 -286200.72    0  136 -284212.66 -286200.72  0.70%     -    3s
H    0     0                    -285206.6940 -286200.72  0.35%     -    3s
     0     0 -286200.72    0  132 -285206.69 -286200.72  0.35%     -    4s
     0     0 -286200.72    0  402 -285206.69 -286200.72  0.35%     -    5s
     0     0 -286145.63    0  410 -285206.69 -286145.63  0.33%     -    5s
     0     0 -286144.18    0  152 -285206.69 -286144.18  0.33%     -    5s
     0     0 -286144.18    0  149 -285206.69 -286144.18  0.33%     -    5s
     0     0 -286139.46    0  180 -285206.69 -286139.46  0.33%     -    6s
     0     0 -286139.46    0  180 -285206.69 -286139.46  0.33%     -    6s
     0     0 -286139.38    0  188 -285206.69 -286139.38  0.33%     -    6s
     0     0 -286138.58    0  192 -285206.69 -286138.58  0.33%     -    6s
     0     0 -286138.53    0  191 -285206.69 -286138.53  0.33%     -    6s
     0     0 -286138.53    0  189 -285206.69 -286138.53  0.33%     -    6s
     0     0 -286134.69    0  446 -285206.69 -286134.69  0.33%     -    7s
     0     0 -286130.56    0  287 -285206.69 -286130.56  0.32%     -    8s
     0     0 -286130.56    0  287 -285206.69 -286130.56  0.32%     -    8s
H    0     0                    -285403.0140 -286130.56  0.25%     -    9s
     0     0 -286129.14    0  277 -285403.01 -286129.14  0.25%     -    9s
     0     0 -286129.14    0  274 -285403.01 -286129.14  0.25%     -    9s
     0     0 -286129.14    0  242 -285403.01 -286129.14  0.25%     -    9s
     0     0 -286129.14    0  247 -285403.01 -286129.14  0.25%     -    9s
     0     0 -285918.50    0  269 -285403.01 -285918.50  0.18%     -   10s
     0     0 -285858.87    0  254 -285403.01 -285858.87  0.16%     -   10s
     0     0 -285857.77    0  257 -285403.01 -285857.77  0.16%     -   10s
     0     0 -285702.59    0   77 -285403.01 -285702.59  0.10%     -   10s
     0     0 -285702.59    0   77 -285403.01 -285702.59  0.10%     -   10s
     0     0 -285692.65    0  295 -285403.01 -285692.65  0.10%     -   10s
     0     0 -285692.65    0  268 -285403.01 -285692.65  0.10%     -   11s
     0     0 -285692.65    0   55 -285403.01 -285692.65  0.10%     -   11s
     0     0 -285692.65    0  232 -285403.01 -285692.65  0.10%     -   11s
     0     0 -285692.65    0  262 -285403.01 -285692.65  0.10%     -   11s
     0     0 -285692.65    0  351 -285403.01 -285692.65  0.10%     -   11s
     0     0 -285688.42    0  351 -285403.01 -285688.42  0.10%     -   11s
     0     0 -285688.42    0  350 -285403.01 -285688.42  0.10%     -   11s
     0     0 -285679.88    0  302 -285403.01 -285679.88  0.10%     -   11s
     0     0 -285679.88    0  296 -285403.01 -285679.88  0.10%     -   11s
     0     0 -285677.31    0  381 -285403.01 -285677.31  0.10%     -   11s
     0     0 -285676.17    0  385 -285403.01 -285676.17  0.10%     -   11s
     0     0 -285675.68    0  382 -285403.01 -285675.68  0.10%     -   11s
     0     0 -285675.68    0  382 -285403.01 -285675.68  0.10%     -   11s
     0     0 -285675.68    0  326 -285403.01 -285675.68  0.10%     -   12s
     0     2 -285675.45    0  326 -285403.01 -285675.45  0.10%     -   12s

Cutting planes:
  Gomory: 13
  Cover: 26
  MIR: 12
  Flow cover: 11
  Mod-K: 8
  RLT: 29

Explored 11 nodes (42315 simplex iterations) in 12.51 seconds
Thread count was 12 (of 12 available processors)

Solution count 6: -285403 -285207 -284213 ... -173184
No other solutions better than -285403

Optimal solution found (tolerance 1.00e-04)
Best objective -2.854030139543e+05, best bound -2.854030139543e+05, gap 0.0000%

User-callback calls 1878, time in user-callback 0.11 sec
-1
Leader's objective: 285403
Customers decisions:
Customer 1 - Obj: 151.376   part1: 151.376   part2: 1.54538e-11
1, 9: 0 772.666 621.29
0, 9: 0 -
63, 9: 0 772.666 347.988 621.29
64, 9: 0 772.666 363.973 621.29
65, 9: 0 772.666 437.018 621.29
66, 9: 0 772.666 493.322 621.29
67, 9: 1 772.666 0 621.29
68, 9: 0 772.666 653.446 621.29
69, 9: 0 772.666 517.15 621.29
70, 9: 0 772.666 362.026 621.29
71, 9: 0 772.666 423.755 621.29
72, 9: 0 772.666 581.301 621.29
73, 9: 0 772.666 400.307 621.29
74, 9: 0 772.666 1068.52 621.29
75, 9: 0 772.666 484.095 621.29
76, 9: 0 772.666 517.917 621.29
77, 9: 0 772.666 629.58 621.29
78, 9: 0 772.666 0 621.29
79, 9: 0 772.666 785.161 621.29
80, 9: 0 772.666 669.97 621.29
Customer 2 - Obj: 151.376   part1: 151.376   part2: 3.00654e-11
2, 6: 0 2331.17 2179.8
0, 6: 0 -
63, 6: 0 2331.17 573.74 2179.8
64, 6: 0 2331.17 600.663 2179.8
65, 6: 0 2331.17 723.658 2179.8
66, 6: 0 2331.17 818.476 2179.8
67, 6: 1 2331.17 0 2179.8
68, 6: 0 2331.17 1100.83 2179.8
69, 6: 0 2331.17 858.599 2179.8
70, 6: 0 2331.17 597.386 2179.8
71, 6: 0 2331.17 701.324 2179.8
72, 6: 0 2331.17 966.618 2179.8
73, 6: 0 2331.17 661.841 2179.8
74, 6: 0 2331.17 1787.06 2179.8
75, 6: 0 2331.17 802.932 2179.8
76, 6: 0 2331.17 859.886 2179.8
77, 6: 0 2331.17 1047.92 2179.8
78, 6: 0 2331.17 0 2179.8
79, 6: 0 2331.17 1309.9 2179.8
80, 6: 0 2331.17 1115.93 2179.8
Customer 3 - Obj: 151.376   part1: 151.376   part2: 2.98131e-11
3, 6: 0 2331.17 2179.8
0, 6: 0 -
63, 6: 0 2331.17 385.822 2397.78
64, 6: 0 2331.17 444.462 1735.34
65, 6: 0 2331.17 712.35 2179.8
66, 6: 0 2331.17 918.855 2179.8
67, 6: 1 2331.17 0 2179.8
68, 6: 0 2331.17 1678.43 2179.8
69, 6: 0 2331.17 1369.32 2179.8
70, 6: 0 2331.17 781.015 2179.8
71, 6: 0 2331.17 1007.4 2179.8
72, 6: 0 2331.17 1585.22 2179.8
73, 6: 0 2331.17 921.4 2179.8
74, 6: 0 2331.17 3372.18 2179.8
75, 6: 0 2331.17 1228.7 2179.8
76, 6: 0 2331.17 1352.75 2179.8
77, 6: 0 2331.17 1762.29 2179.8
78, 6: 0 2331.17 0 2179.8
79, 6: 0 2331.17 2332.91 2179.8
80, 6: 0 2331.17 1910.43 2179.8
Customer 4 - Obj: 46.8107   part1: 151.376   part2: 104.565
4, 8: 0 8678.31 8526.93
0, 8: 0 -
63, 8: 0 8678.31 182.205 9379.62
64, 8: 0 8678.31 107.806 8419.12
65, 8: 1 8678.31 104.565 8526.93
66, 8: 0 8678.31 220.704 8306.23
67, 8: 0 8678.31 0 8526.93
68, 8: 0 8678.31 507.23 8019.7
69, 8: 0 8678.31 441.973 8084.96
70, 8: 0 8678.31 414.105 8112.82
71, 8: 0 8678.31 525.305 8001.62
72, 8: 0 8678.31 574.372 7952.56
73, 8: 0 8678.31 520.214 8006.72
74, 8: 0 8678.31 1015.05 7511.88
75, 8: 0 8678.31 880.133 7646.8
76, 8: 0 8678.31 611.522 7915.41
77, 8: 0 8678.31 849.974 7676.96
78, 8: 0 8678.31 0 8526.93
79, 8: 0 8678.31 1156.61 7370.31
80, 8: 0 8678.31 949.091 9379.62
Customer 5 - Obj: 151.376   part1: 151.376   part2: 8.90208e-11
5, 5: 0 6816.69 6665.31
0, 5: 0 -
63, 5: 0 6816.69 28.474 6636.84
64, 5: 0 6816.69 15.9611 6649.35
65, 5: 0 6816.69 18.2284 6647.08
66, 5: 0 6816.69 43.279 6622.03
67, 5: 1 6816.69 0 6665.31
68, 5: 0 6816.69 129.24 6536.07
69, 5: 0 6816.69 90.1345 6575.18
70, 5: 0 6816.69 73.4547 6591.86
71, 5: 0 6816.69 82.062 6583.25
72, 5: 0 6816.69 111.032 6554.28
73, 5: 0 6816.69 96.9335 6568.38
74, 5: 0 6816.69 202.083 7331.84
75, 5: 0 6816.69 153.147 6665.31
76, 5: 0 6816.69 117.14 6665.31
77, 5: 0 6816.69 146.09 6665.31
78, 5: 0 6816.69 0 7331.84
79, 5: 0 6816.69 237.761 7331.84
80, 5: 0 6816.69 191.839 6665.31
Customer 6 - Obj: 151.376   part1: 151.376   part2: 2.90037e-11
6, 7: 0 4659.51 4508.14
0, 7: 0 -
63, 7: 0 4659.51 116.626 4958.95
64, 7: 0 4659.51 79.5479 4958.95
65, 7: 0 4659.51 5.22364 4958.95
66, 7: 0 4659.51 76.8521 4958.95
67, 7: 1 4659.51 0 4508.14
68, 7: 0 4659.51 322.646 4958.95
69, 7: 0 4659.51 216.856 4958.95
70, 7: 0 4659.51 245.242 4958.95
71, 7: 0 4659.51 245.799 4958.95
72, 7: 0 4659.51 300.629 4958.95
73, 7: 0 4659.51 312.376 4958.95
74, 7: 0 4659.51 573.85 4958.95
75, 7: 0 4659.51 473.111 4958.95
76, 7: 0 4659.51 370.154 4958.95
77, 7: 0 4659.51 428.878 4958.95
78, 7: 0 4659.51 0 4958.95
79, 7: 0 4659.51 643.092 4958.95
80, 7: 0 4659.51 519.465 4958.95
Customer 7 - Obj: -44.7862   part1: 151.376   part2: 196.162
7, 8: 0 8678.31 8526.93
0, 8: 0 -
63, 8: 0 8678.31 91.1442 8526.93
64, 8: 0 8678.31 66.1972 9379.62
65, 8: 0 8678.31 129.421 8397.51
66, 8: 1 8678.31 196.162 8526.93
67, 8: 0 8678.31 0 9379.62
68, 8: 0 8678.31 423.572 8526.93
69, 8: 0 8678.31 244.442 9379.62
70, 8: 0 8678.31 132.077 9379.62
71, 8: 0 8678.31 197.645 9379.62
72, 8: 0 8678.31 299.286 9379.62
73, 8: 0 8678.31 194.638 9379.62
74, 8: 0 8678.31 590.208 9379.62
75, 8: 0 8678.31 344.415 9379.62
76, 8: 0 8678.31 248.473 9379.62
77, 8: 0 8678.31 389.063 9379.62
78, 8: 0 8678.31 0 8526.93
79, 8: 0 8678.31 569.856 9379.62
80, 8: 0 8678.31 447.502 9379.62
Customer 8 - Obj: 151.376   part1: 151.376   part2: 5.95518e-11
8, 2: 0 3291.48 3140.11
0, 2: 0 -
63, 2: 0 3291.48 96.3352 3454.12
64, 2: 0 3291.48 73.6132 3454.12
65, 2: 0 3291.48 94.6734 3454.12
66, 2: 0 3291.48 155.656 3454.12
67, 2: 1 3291.48 0 3140.11
68, 2: 0 3291.48 359.16 3140.11
69, 2: 0 3291.48 202.064 3454.12
70, 2: 0 3291.48 117.365 3454.12
71, 2: 0 3291.48 177.095 3454.12
72, 2: 0 3291.48 252.025 3454.12
73, 2: 0 3291.48 174.356 3454.12
74, 2: 0 3291.48 473.022 3140.11
75, 2: 0 3291.48 310.797 3454.12
76, 2: 0 3291.48 223.398 3454.12
77, 2: 0 3291.48 351.47 3140.11
78, 2: 0 3291.48 0 3454.12
79, 2: 0 3291.48 516.166 3140.11
80, 2: 0 3291.48 404.706 3140.11
Customer 9 - Obj: 151.376   part1: 151.376   part2: 8.73348e-11
9, 0: 0 6331.72 6180.34
0, 0: 0 -
63, 0: 0 6331.72 47.2741 6133.07
64, 0: 0 6331.72 35.7676 6144.57
65, 0: 0 6331.72 64.9319 6115.41
66, 0: 0 6331.72 95.7223 6180.34
67, 0: 1 6331.72 0 6180.34
68, 0: 0 6331.72 200.63 6180.34
69, 0: 0 6331.72 108.959 6180.34
70, 0: 0 6331.72 49.7571 6130.58
71, 0: 0 6331.72 80.0041 6180.34
72, 0: 0 6331.72 134.26 6180.34
73, 0: 0 6331.72 78.6174 6180.34
74, 0: 0 6331.72 261.099 6798.38
75, 0: 0 6331.72 147.712 6180.34
76, 0: 0 6331.72 103.452 6180.34
77, 0: 0 6331.72 168.308 6180.34
78, 0: 0 6331.72 0 6180.34
79, 0: 0 6331.72 251.711 6180.34
80, 0: 0 6331.72 195.267 6180.34
Customer 10 - Obj: 151.376   part1: 151.376   part2: 0
10, 3: 1 1132.6 981.225
0, 3: 0 -
63, 3: 0 1132.6 161.004 1079.35
64, 3: 0 1132.6 111.863 1079.35
65, 3: 0 1132.6 5.83597 1079.35
66, 3: 0 1132.6 94.7262 1079.35
67, 3: 0 1132.6 0 981.225
68, 3: 0 1132.6 407.73 981.225
69, 3: 0 1132.6 273.007 981.225
70, 3: 0 1132.6 324.783 981.225
71, 3: 0 1132.6 309.869 981.225
72, 3: 0 1132.6 379.693 981.225
73, 3: 0 1132.6 410.279 981.225
74, 3: 0 1132.6 727.617 981.225
75, 3: 0 1132.6 614.966 981.225
76, 3: 0 1132.6 483.851 981.225
77, 3: 0 1132.6 543.004 981.225
78, 3: 0 1132.6 0 1079.35
79, 3: 0 1132.6 815.798 981.225
80, 3: 0 1132.6 658.367 981.225
Customer 11 - Obj: 151.376   part1: 151.376   part2: 5.863e-11
11, 2: 0 3291.48 3140.11
0, 2: 0 -
63, 2: 0 3291.48 212.94 3454.12
64, 2: 0 3291.48 158.44 3454.12
65, 2: 0 3291.48 40.8504 3454.12
66, 2: 0 3291.48 136.788 3454.12
67, 2: 1 3291.48 0 3140.11
68, 2: 0 3291.48 483.926 3140.11
69, 2: 0 3291.48 262.054 3454.12
70, 2: 0 3291.48 333.638 3140.11
71, 2: 0 3291.48 295.278 3454.12
72, 2: 0 3291.48 375.281 3140.11
73, 2: 0 3291.48 428.458 3140.11
74, 2: 0 3291.48 796.998 3140.11
75, 2: 0 3291.48 655.467 3140.11
76, 2: 0 3291.48 510.053 3140.11
77, 2: 0 3291.48 553.837 3140.11
78, 2: 0 3291.48 0 3454.12
79, 2: 0 3291.48 894.796 3140.11
80, 2: 0 3291.48 681.775 3140.11
Customer 12 - Obj: 24.7675   part1: 151.376   part2: 126.608
12, 8: 0 8678.31 8526.93
0, 8: 0 -
63, 8: 0 8678.31 556.037 9379.62
64, 8: 0 8678.31 461.198 6389.57
65, 8: 1 8678.31 126.608 8526.93
66, 8: 0 8678.31 385.008 6389.57
67, 8: 0 8678.31 0 6389.57
68, 8: 0 8678.31 1234.41 9379.62
69, 8: 0 8678.31 654.352 6389.57
70, 8: 0 8678.31 790.512 6389.57
71, 8: 0 8678.31 737.698 9379.62
72, 8: 0 8678.31 938.399 6389.57
73, 8: 0 8678.31 1028.37 9379.62
74, 8: 0 8678.31 1996.34 9379.62
75, 8: 0 8678.31 1597.86 9379.62
76, 8: 0 8678.31 1233.08 9379.62
77, 8: 0 8678.31 1386.34 9379.62
78, 8: 0 8678.31 0 6389.57
79, 8: 0 8678.31 2241.69 9379.62
80, 8: 0 8678.31 1707.29 9379.62
Customer 13 - Obj: 151.376   part1: 151.376   part2: 0
13, 9: 0 772.666 621.29
0, 9: 0 -
63, 9: 0 772.666 1681.26 621.29
64, 9: 0 772.666 1531.67 621.29
65, 9: 0 772.666 1244.96 621.29
66, 9: 0 772.666 1007.62 621.29
67, 9: 1 772.666 0 621.29
68, 9: 0 772.666 93.2156 683.419
69, 9: 0 772.666 927.26 621.29
70, 9: 0 772.666 1722.52 621.29
71, 9: 0 772.666 1536.29 621.29
72, 9: 0 772.666 1273.17 621.29
73, 9: 0 772.666 1982.19 621.29
74, 9: 0 772.666 1355.59 621.29
75, 9: 0 772.666 2596.38 621.29
76, 9: 0 772.666 2686.86 621.29
77, 9: 0 772.666 2083.97 621.29
78, 9: 0 772.666 0 683.419
79, 9: 0 772.666 2342.32 621.29
80, 9: 0 772.666 2991.96 621.29
Customer 14 - Obj: 151.376   part1: 151.376   part2: 8.72951e-11
14, 0: 0 6331.72 6180.34
0, 0: 0 -
63, 0: 0 6331.72 733.475 6798.38
64, 0: 0 6331.72 649.056 6798.38
65, 0: 0 6331.72 515.941 6798.38
66, 0: 0 6331.72 405.738 6798.38
67, 0: 1 6331.72 0 6180.34
68, 0: 0 6331.72 48.7969 6798.38
69, 0: 0 6331.72 360.123 6798.38
70, 0: 0 6331.72 729.362 6798.38
71, 0: 0 6331.72 642.895 6798.38
72, 0: 0 6331.72 480.66 6798.38
73, 0: 0 6331.72 849.931 6798.38
74, 0: 0 6331.72 621.146 6798.38
75, 0: 0 6331.72 1135.1 5045.24
76, 0: 0 6331.72 1137.04 5043.3
77, 0: 0 6331.72 857.116 6798.38
78, 0: 0 6331.72 0 6798.38
79, 0: 0 6331.72 977.071 6798.38
80, 0: 0 6331.72 1278.7 4901.64
Customer 15 - Obj: 151.376   part1: 151.376   part2: 0
15, 4: 0 3370.61 3219.23
0, 4: 0 -
63, 4: 0 3370.61 883.844 3541.15
64, 4: 0 3370.61 813.324 3541.15
65, 4: 0 3370.61 702.108 3541.15
66, 4: 0 3370.61 610.048 3541.15
67, 4: 1 3370.61 0 3219.23
68, 4: 0 3370.61 231.298 3541.15
69, 4: 0 3370.61 456.329 3541.15
70, 4: 0 3370.61 791.394 3541.15
71, 4: 0 3370.61 719.157 3541.15
72, 4: 0 3370.61 450.365 3541.15
73, 4: 0 3370.61 883.961 3541.15
74, 4: 0 3370.61 317.83 3541.15
75, 4: 0 3370.61 1122.2 3219.23
76, 4: 0 3370.61 998.728 2220.5
77, 4: 0 3370.61 764.869 3541.15
78, 4: 0 3370.61 0 3541.15
79, 4: 0 3370.61 865.084 3541.15
80, 4: 0 3370.61 1117.07 3219.23
Customer 16 - Obj: -1624.23   part1: 151.376   part2: 1775.61
16, 8: 0 8678.31 8526.93
0, 8: 0 -
63, 8: 0 8678.31 2218.96 9379.62
64, 8: 0 8678.31 2046.91 9379.62
65, 8: 1 8678.31 1775.61 8526.93
66, 8: 0 8678.31 1551.03 9379.62
67, 8: 0 8678.31 0 9379.62
68, 8: 0 8678.31 614.02 6389.57
69, 8: 0 8678.31 1176.03 6389.57
70, 8: 0 8678.31 1993.42 6389.57
71, 8: 0 8678.31 1817.2 9379.62
72, 8: 0 8678.31 1161.48 9379.62
73, 8: 0 8678.31 2219.22 9379.62
74, 8: 0 8678.31 718.198 6389.57
75, 8: 0 8678.31 2800.43 9379.62
76, 8: 0 8678.31 2499.22 9379.62
77, 8: 0 8678.31 1928.72 9379.62
78, 8: 0 8678.31 0 6389.57
79, 8: 0 8678.31 2173.19 9379.62
80, 8: 0 8678.31 2787.92 9379.62
Customer 17 - Obj: 151.376   part1: 151.376   part2: 0
17, 1: 0 8355.3 8203.92
0, 1: 0 -
63, 1: 0 8355.3 5115.98 8203.92
64, 1: 0 8355.3 4890.78 8203.92
65, 1: 0 8355.3 4229.06 8203.92
66, 1: 0 8355.3 3914.31 8203.92
67, 1: 1 8355.3 0 8203.92
68, 1: 0 8355.3 2307.2 5896.72
69, 1: 0 8355.3 2542.14 5661.78
70, 1: 0 8355.3 5079.1 8203.92
71, 1: 0 8355.3 3107.98 8203.92
72, 1: 0 8355.3 2521.03 5682.89
73, 1: 0 8355.3 4853.01 8203.92
74, 1: 0 8355.3 982.085 8203.92
75, 1: 0 8355.3 5536.34 8203.92
76, 1: 0 8355.3 4315.43 8203.92
77, 1: 0 8355.3 3633.83 8203.92
78, 1: 0 8355.3 0 9024.31
79, 1: 0 8355.3 3119.97 8203.92
80, 1: 0 8355.3 4273.07 8203.92
Customer 18 - Obj: 151.376   part1: 151.376   part2: 3.05452e-11
18, 7: 0 4659.51 4508.14
0, 7: 0 -
63, 7: 0 4659.51 2697.32 4508.14
64, 7: 0 4659.51 2581.39 4508.14
65, 7: 0 4659.51 2240.77 4508.14
66, 7: 0 4659.51 2078.76 4508.14
67, 7: 1 4659.51 0 4508.14
68, 7: 0 4659.51 1251.48 4508.14
69, 7: 0 4659.51 1690.06 4508.14
70, 7: 0 4659.51 2603.88 4508.14
71, 7: 0 4659.51 1589.23 4508.14
72, 7: 0 4659.51 1679.21 4508.14
73, 7: 0 4659.51 2487.5 4508.14
74, 7: 0 4659.51 494.906 4508.14
75, 7: 0 4659.51 2839.25 4508.14
76, 7: 0 4659.51 2210.77 4508.14
77, 7: 0 4659.51 1859.91 4508.14
78, 7: 0 4659.51 0 4958.95
79, 7: 0 4659.51 1595.4 4508.14
80, 7: 0 4659.51 2188.97 4508.14
Customer 19 - Obj: 151.376   part1: 151.376   part2: 0
19, 1: 0 8355.3 8203.92
0, 1: 0 -
63, 1: 0 8355.3 1478.69 6725.23
64, 1: 0 8355.3 1548.49 6655.43
65, 1: 0 8355.3 1867.34 6336.58
66, 1: 0 8355.3 2113.15 6090.77
67, 1: 1 8355.3 0 8203.92
68, 1: 0 8355.3 2614.95 5588.97
69, 1: 0 8355.3 1889.54 6314.37
70, 1: 0 8355.3 945.898 9024.31
71, 1: 0 8355.3 1193.21 7010.71
72, 1: 0 8355.3 1860.37 6343.55
73, 1: 0 8355.3 684.638 9024.31
74, 1: 0 8355.3 3438.47 8203.92
75, 1: 0 8355.3 622.881 9024.31
76, 1: 0 8355.3 1075.76 7128.16
77, 1: 0 8355.3 1522.3 6681.61
78, 1: 0 8355.3 0 9024.31
79, 1: 0 8355.3 2201.48 6002.44
80, 1: 0 8355.3 1698.62 6505.3
Customer 20 - Obj: 151.376   part1: 151.376   part2: 5.83712e-11
20, 4: 0 3370.61 3219.23
0, 4: 0 -
63, 4: 0 3370.61 2434.08 3219.23
64, 4: 0 3370.61 2555.24 3219.23
65, 4: 0 3370.61 3108.91 3219.23
66, 4: 0 3370.61 3535.69 3219.23
67, 4: 1 3370.61 0 3219.23
68, 4: 0 3370.61 4418.87 3219.23
69, 4: 0 3370.61 3159.31 3219.23
70, 4: 0 3370.61 1508.93 3219.23
71, 4: 0 3370.61 1976.83 3219.23
72, 4: 0 3370.61 3171 3219.23
73, 4: 0 3370.61 1474.2 3219.23
74, 4: 0 3370.61 6255.81 3219.23
75, 4: 0 3370.61 1366.97 3219.23
76, 4: 0 3370.61 2153.32 3219.23
77, 4: 0 3370.61 2928.68 3219.23
78, 4: 0 3370.61 0 3541.15
79, 4: 0 3370.61 4107.96 3219.23
80, 4: 0 3370.61 3234.83 3219.23
Customer 21 - Obj: 104.94   part1: 151.376   part2: 46.436
21, 8: 0 8678.31 8526.93
0, 8: 0 -
63, 8: 0 8678.31 41.0216 9379.62
64, 8: 0 8678.31 39.7455 9379.62
65, 8: 1 8678.31 46.436 8526.93
66, 8: 0 8678.31 53.4996 6389.57
67, 8: 0 8678.31 0 6389.57
68, 8: 0 8678.31 64.3494 9379.62
69, 8: 0 8678.31 45.6699 9379.62
70, 8: 0 8678.31 23.7715 9379.62
71, 8: 0 8678.31 27.7395 9379.62
72, 8: 0 8678.31 44.9186 9379.62
73, 8: 0 8678.31 14.6431 9379.62
74, 8: 0 8678.31 85.5553 9379.62
75, 8: 0 8678.31 13.0528 9379.62
76, 8: 0 8678.31 24.715 9379.62
77, 8: 0 8678.31 36.2133 9379.62
78, 8: 0 8678.31 0 6389.57
79, 8: 0 8678.31 53.7022 9379.62
80, 8: 0 8678.31 40.7536 9379.62
Customer 22 - Obj: 151.376   part1: 151.376   part2: 0
22, 3: 0 1132.6 981.225
0, 3: 0 -
63, 3: 0 1132.6 1724.11 981.225
64, 3: 0 1132.6 1591.52 981.225
65, 3: 0 1132.6 1393.1 981.225
66, 3: 0 1132.6 1384.76 981.225
67, 3: 1 1132.6 0 981.225
68, 3: 0 1132.6 2040.89 981.225
69, 3: 0 1132.6 1102.61 981.225
70, 3: 0 1132.6 705.735 981.225
71, 3: 0 1132.6 307.565 981.225
72, 3: 0 1132.6 1064.85 981.225
73, 3: 0 1132.6 548.056 981.225
74, 3: 0 1132.6 2048.84 981.225
75, 3: 0 1132.6 1328.72 981.225
76, 3: 0 1132.6 668.52 981.225
77, 3: 0 1132.6 910.566 981.225
78, 3: 0 1132.6 0 1079.35
79, 3: 0 1132.6 1962.17 981.225
80, 3: 0 1132.6 1359.28 981.225
Customer 23 - Obj: 151.376   part1: 151.376   part2: 1.55745e-11
23, 3: 0 1132.6 981.225
0, 3: 0 -
63, 3: 0 1132.6 227.732 981.225
64, 3: 0 1132.6 207.143 1079.35
65, 3: 0 1132.6 259.328 981.225
66, 3: 0 1132.6 234.497 981.225
67, 3: 1 1132.6 0 981.225
68, 3: 0 1132.6 336.384 981.225
69, 3: 0 1132.6 190.683 1079.35
70, 3: 0 1132.6 77.7112 1079.35
71, 3: 0 1132.6 77.8709 1079.35
72, 3: 0 1132.6 187.971 1079.35
73, 3: 0 1132.6 67.2142 1079.35
74, 3: 0 1132.6 340.769 981.225
75, 3: 0 1132.6 188.44 1079.35
76, 3: 0 1132.6 85.9205 1079.35
77, 3: 0 1132.6 137.141 1079.35
78, 3: 0 1132.6 0 1079.35
79, 3: 0 1132.6 300.439 981.225
80, 3: 0 1132.6 206.82 1079.35
Customer 24 - Obj: 151.376   part1: 151.376   part2: 0
24, 2: 0 3291.48 3140.11
0, 2: 0 -
63, 2: 0 3291.48 657.016 3140.11
64, 2: 0 3291.48 615.943 3140.11
65, 2: 0 3291.48 432.624 3140.11
66, 2: 0 3291.48 331.512 3140.11
67, 2: 1 3291.48 0 3140.11
68, 2: 0 3291.48 565.106 3140.11
69, 2: 0 3291.48 223.463 3454.12
70, 2: 0 3291.48 298.38 3454.12
71, 2: 0 3291.48 218.221 3454.12
72, 2: 0 3291.48 157.069 3454.12
73, 2: 0 3291.48 349.536 3140.11
74, 2: 0 3291.48 461.871 3140.11
75, 2: 0 3291.48 598.76 3140.11
76, 2: 0 3291.48 391.66 3140.11
77, 2: 0 3291.48 193.267 3454.12
78, 2: 0 3291.48 0 3454.12
79, 2: 0 3291.48 471.581 3140.11
80, 2: 0 3291.48 475.189 3140.11
Customer 25 - Obj: 151.376   part1: 151.376   part2: 2.96386e-11
25, 7: 0 4659.51 4508.14
0, 7: 0 -
63, 7: 0 4659.51 1589.05 4508.14
64, 7: 0 4659.51 1487.72 4508.14
65, 7: 0 4659.51 1105.38 3402.76
66, 7: 0 4659.51 956.829 4958.95
67, 7: 1 4659.51 0 4508.14
68, 7: 0 4659.51 1568.49 4508.14
69, 7: 0 4659.51 719.592 4958.95
70, 7: 0 4659.51 774.166 4958.95
71, 7: 0 4659.51 506.446 4958.95
72, 7: 0 4659.51 561.757 4958.95
73, 7: 0 4659.51 710.357 4958.95
74, 7: 0 4659.51 1313.79 4508.14
75, 7: 0 4659.51 1307 4508.14
76, 7: 0 4659.51 802.424 4958.95
77, 7: 0 4659.51 493.798 4958.95
78, 7: 0 4659.51 0 4958.95
79, 7: 0 4659.51 1230.19 4508.14
80, 7: 0 4659.51 1165.54 3342.6
Customer 26 - Obj: 151.376   part1: 151.376   part2: 5.90199e-11
26, 2: 0 3291.48 3140.11
0, 2: 0 -
63, 2: 0 3291.48 1219.28 3140.11
64, 2: 0 3291.48 1138.94 3140.11
65, 2: 0 3291.48 1066.87 3140.11
66, 2: 0 3291.48 926.636 3140.11
67, 2: 1 3291.48 0 3140.11
68, 2: 0 3291.48 1366.05 3140.11
69, 2: 0 3291.48 738.563 3140.11
70, 2: 0 3291.48 633.929 3140.11
71, 2: 0 3291.48 516.311 3140.11
72, 2: 0 3291.48 566.26 3140.11
73, 2: 0 3291.48 592.972 3140.11
74, 2: 0 3291.48 1162.44 3140.11
75, 2: 0 3291.48 1065.97 3140.11
76, 2: 0 3291.48 533.845 3140.11
77, 2: 0 3291.48 223.711 3454.12
78, 2: 0 3291.48 0 3454.12
79, 2: 0 3291.48 910.163 3140.11
80, 2: 0 3291.48 672.061 3140.11
Customer 27 - Obj: 151.376   part1: 151.376   part2: 1.56019e-11
27, 9: 0 772.666 621.29
0, 9: 0 -
63, 9: 0 772.666 173.923 621.29
64, 9: 0 772.666 163.8 621.29
65, 9: 0 772.666 125.606 621.29
66, 9: 0 772.666 110.842 510.448
67, 9: 1 772.666 0 621.29
68, 9: 0 772.666 163.104 621.29
69, 9: 0 772.666 87.1418 534.148
70, 9: 0 772.666 92.5199 528.77
71, 9: 0 772.666 65.7746 683.419
72, 9: 0 772.666 62.3234 683.419
73, 9: 0 772.666 83.3213 683.419
74, 9: 0 772.666 137.447 621.29
75, 9: 0 772.666 142.922 621.29
76, 9: 0 772.666 84.3391 683.419
77, 9: 0 772.666 21.1199 621.29
78, 9: 0 772.666 0 683.419
79, 9: 0 772.666 104.744 683.419
80, 9: 0 772.666 90.6013 683.419
Customer 28 - Obj: 151.376   part1: 151.376   part2: 5.9336e-11
28, 4: 0 3370.61 3219.23
0, 4: 0 -
63, 4: 0 3370.61 1391.8 3219.23
64, 4: 0 3370.61 1323.42 3219.23
65, 4: 0 3370.61 1044.33 3219.23
66, 4: 0 3370.61 867.418 3541.15
67, 4: 1 3370.61 0 3219.23
68, 4: 0 3370.61 777.321 3541.15
69, 4: 0 3370.61 558.192 3541.15
70, 4: 0 3370.61 841.95 3541.15
71, 4: 0 3370.61 661.305 3541.15
72, 4: 0 3370.61 354.924 3541.15
73, 4: 0 3370.61 879.915 3541.15
74, 4: 0 3370.61 522.97 3541.15
75, 4: 0 3370.61 1294.82 3219.23
76, 4: 0 3370.61 941.71 3541.15
77, 4: 0 3370.61 534.429 3541.15
78, 4: 0 3370.61 0 3541.15
79, 4: 0 3370.61 618.147 3541.15
80, 4: 0 3370.61 1181.8 3219.23
Customer 29 - Obj: 151.376   part1: 151.376   part2: 5.93456e-11
29, 4: 0 3370.61 3219.23
0, 4: 0 -
63, 4: 0 3370.61 96.0017 3123.23
64, 4: 0 3370.61 91.4367 3219.23
65, 4: 0 3370.61 72.8066 3219.23
66, 4: 0 3370.61 60.9977 3158.23
67, 4: 1 3370.61 0 3219.23
68, 4: 0 3370.61 54.9836 3219.23
69, 4: 0 3370.61 40.3564 3219.23
70, 4: 0 3370.61 59.2985 3219.23
71, 4: 0 3370.61 47.2394 3219.23
72, 4: 0 3370.61 26.788 3541.15
73, 4: 0 3370.61 61.8319 3157.4
74, 4: 0 3370.61 34.6121 3219.23
75, 4: 0 3370.61 89.5279 3219.23
76, 4: 0 3370.61 66.0337 3219.23
77, 4: 0 3370.61 38.8478 3219.23
78, 4: 0 3370.61 0 3219.23
79, 4: 0 3370.61 38.459 3219.23
80, 4: 0 3370.61 68.8573 3541.15
Customer 30 - Obj: 151.376   part1: 151.376   part2: 8.91452e-11
30, 5: 0 6816.69 6665.31
0, 5: 0 -
63, 5: 0 6816.69 738.004 6665.31
64, 5: 0 6816.69 709.907 6665.31
65, 5: 0 6816.69 609.53 6665.31
66, 5: 0 6816.69 543.66 6665.31
67, 5: 1 6816.69 0 6665.31
68, 5: 0 6816.69 373.911 7331.84
69, 5: 0 6816.69 390.567 7331.84
70, 5: 0 6816.69 512.098 6665.31
71, 5: 0 6816.69 437.875 6665.31
72, 5: 0 6816.69 312.833 7331.84
73, 5: 0 6816.69 527.696 6665.31
74, 5: 0 6816.69 15.8761 7331.84
75, 5: 0 6816.69 966.424 6665.31
76, 5: 0 6816.69 719.368 6665.31
77, 5: 0 6816.69 460.982 6665.31
78, 5: 0 6816.69 0 7331.84
79, 5: 0 6816.69 397.974 7331.84
80, 5: 0 6816.69 710.797 6665.31
Customer 31 - Obj: 151.376   part1: 151.376   part2: 8.81363e-11
31, 5: 0 6816.69 6665.31
0, 5: 0 -
63, 5: 0 6816.69 4268.07 6665.31
64, 5: 0 6816.69 3853.51 6665.31
65, 5: 0 6816.69 2419.87 6665.31
66, 5: 0 6816.69 2169.97 6665.31
67, 5: 1 6816.69 0 6665.31
68, 5: 0 6816.69 1526.02 6665.31
69, 5: 0 6816.69 1589.18 6665.31
70, 5: 0 6816.69 2050.23 6665.31
71, 5: 0 6816.69 1768.67 6665.31
72, 5: 0 6816.69 1294.3 6665.31
73, 5: 0 6816.69 3035.02 6665.31
74, 5: 0 6816.69 144.439 7331.84
75, 5: 0 6816.69 3559.58 6665.31
76, 5: 0 6816.69 2622.34 6665.31
77, 5: 0 6816.69 1642.11 6665.31
78, 5: 0 6816.69 0 7331.84
79, 5: 0 6816.69 1360.55 6665.31
80, 5: 0 6816.69 2589.82 6665.31
Customer 32 - Obj: 151.376   part1: 151.376   part2: 0
32, 5: 0 6816.69 6665.31
0, 5: 0 -
63, 5: 0 6816.69 1426 6665.31
64, 5: 0 6816.69 1287.93 6665.31
65, 5: 0 6816.69 820.619 6665.31
66, 5: 0 6816.69 737.388 6665.31
67, 5: 1 6816.69 0 6665.31
68, 5: 0 6816.69 522.922 6665.31
69, 5: 0 6816.69 543.96 6665.31
70, 5: 0 6816.69 697.511 6665.31
71, 5: 0 6816.69 603.738 6665.31
72, 5: 0 6816.69 445.751 6665.31
73, 5: 0 6816.69 1015.34 6665.31
74, 5: 0 6816.69 74.8974 7331.84
75, 5: 0 6816.69 1190.04 6665.31
76, 5: 0 6816.69 877.895 6665.31
77, 5: 0 6816.69 512.52 6665.31
78, 5: 0 6816.69 0 7331.84
79, 5: 0 6816.69 445.581 6665.31
80, 5: 0 6816.69 867.065 6665.31
Customer 33 - Obj: 151.376   part1: 151.376   part2: 8.909e-11
33, 5: 0 6816.69 6665.31
0, 5: 0 -
63, 5: 0 6816.69 2639.64 6665.31
64, 5: 0 6816.69 2545.14 6665.31
65, 5: 0 6816.69 2267.5 6665.31
66, 5: 0 6816.69 2135.44 6665.31
67, 5: 1 6816.69 0 6665.31
68, 5: 0 6816.69 1394.62 6665.31
69, 5: 0 6816.69 1914.31 6665.31
70, 5: 0 6816.69 2379.48 6665.31
71, 5: 0 6816.69 2240.2 6665.31
72, 5: 0 6816.69 1905.46 6665.31
73, 5: 0 6816.69 2284.61 6665.31
74, 5: 0 6816.69 1078.39 6665.31
75, 5: 0 6816.69 2571.33 6665.31
76, 5: 0 6816.69 2059.05 6665.31
77, 5: 0 6816.69 1773.06 6665.31
78, 5: 0 6816.69 0 7331.84
79, 5: 0 6816.69 1557.45 6665.31
80, 5: 0 6816.69 2041.28 6665.31
Customer 34 - Obj: 151.376   part1: 151.376   part2: -1.06652e-13
34, 9: 2.5091e-14 772.666 621.29
0, 9: 0 -
63, 9: 0 772.666 3842.56 621.29
64, 9: 0 772.666 3708.17 621.29
65, 9: 0 772.666 3313.34 621.29
66, 9: 0 772.666 3125.53 621.29
67, 9: 1 772.666 0 621.29
68, 9: 0 772.666 2072.01 621.29
69, 9: 0 772.666 2811.06 621.29
70, 9: 0 772.666 3410.83 621.29
71, 9: 0 772.666 3212.77 621.29
72, 9: 0 772.666 2869.24 621.29
73, 9: 0 772.666 3275.92 621.29
74, 9: 0 772.666 1560.54 621.29
75, 9: 0 772.666 3683.66 621.29
76, 9: 0 772.666 2955.15 621.29
77, 9: 0 772.666 2548.44 621.29
78, 9: 0 772.666 0 683.419
79, 9: 0 772.666 2241.82 621.29
80, 9: 0 772.666 2929.87 621.29
Customer 35 - Obj: -2670.84   part1: 151.376   part2: 2822.22
35, 8: 0 8678.31 8526.93
0, 8: 0 -
63, 8: 0 8678.31 2144.56 9379.62
64, 8: 0 8678.31 2219.09 9379.62
65, 8: 0 8678.31 2559.68 6389.57
66, 8: 1 8678.31 2822.22 8526.93
67, 8: 0 8678.31 0 6389.57
68, 8: 0 8678.31 3354.32 9379.62
69, 8: 0 8678.31 2579.5 9379.62
70, 8: 0 8678.31 1633.03 9379.62
71, 8: 0 8678.31 1616.16 9379.62
72, 8: 0 8678.31 2548.33 6389.57
73, 8: 0 8678.31 1072.92 9379.62
74, 8: 0 8678.31 4053.64 6389.57
75, 8: 0 8678.31 453.666 9379.62
76, 8: 0 8678.31 1486.29 6389.57
77, 8: 0 8678.31 2006.94 9379.62
78, 8: 0 8678.31 0 9379.62
79, 8: 0 8678.31 2732.37 9379.62
80, 8: 0 8678.31 2195.26 9379.62
Customer 36 - Obj: 151.376   part1: 151.376   part2: 2.99983e-11
36, 7: 0 4659.51 4508.14
0, 7: 0 -
63, 7: 0 4659.51 1825.68 4508.14
64, 7: 0 4659.51 1887.57 4508.14
65, 7: 0 4659.51 2170.32 4508.14
66, 7: 0 4659.51 2388.27 4508.14
67, 7: 1 4659.51 0 4508.14
68, 7: 0 4659.51 2569.91 4508.14
69, 7: 0 4659.51 1926.66 4508.14
70, 7: 0 4659.51 1192.13 3316
71, 7: 0 4659.51 1328.77 4508.14
72, 7: 0 4659.51 1900.79 4508.14
73, 7: 0 4659.51 877.806 4508.14
74, 7: 0 4659.51 3410.57 4508.14
75, 7: 0 4659.51 363.716 4958.95
76, 7: 0 4659.51 1279.21 4508.14
77, 7: 0 4659.51 1711.45 4508.14
78, 7: 0 4659.51 0 4958.95
79, 7: 0 4659.51 2313.69 4508.14
80, 7: 0 4659.51 1867.79 4508.14
Customer 37 - Obj: 151.376   part1: 151.376   part2: 0
37, 7: 0 4659.51 4508.14
0, 7: 0 -
63, 7: 0 4659.51 9.56162 4958.95
64, 7: 0 4659.51 9.87205 4958.95
65, 7: 0 4659.51 11.2903 4958.95
66, 7: 0 4659.51 12.3835 4958.95
67, 7: 1 4659.51 0 4508.14
68, 7: 0 4659.51 13.024 4958.95
69, 7: 0 4659.51 9.79761 4958.95
70, 7: 0 4659.51 6.55151 4958.95
71, 7: 0 4659.51 7.40955 4958.95
72, 7: 0 4659.51 9.66784 4958.95
73, 7: 0 4659.51 5.45425 4502.68
74, 7: 0 4659.51 17.5111 4958.95
75, 7: 0 4659.51 2.959 4505.18
76, 7: 0 4659.51 5.6754 4502.46
77, 7: 0 4659.51 8.98864 4958.95
78, 7: 0 4659.51 0 4508.14
79, 7: 0 4659.51 12.0094 4958.95
80, 7: 0 4659.51 9.77284 4958.95
Customer 38 - Obj: 151.376   part1: 151.376   part2: 2.98602e-11
38, 6: 0 2331.17 2179.8
0, 6: 0 -
63, 6: 0 2331.17 730.86 2179.8
64, 6: 0 2331.17 754.467 2179.8
65, 6: 0 2331.17 862.312 2179.8
66, 6: 0 2331.17 945.452 2179.8
67, 6: 1 2331.17 0 2179.8
68, 6: 0 2331.17 967.416 2179.8
69, 6: 0 2331.17 722.061 2179.8
70, 6: 0 2331.17 475.207 2179.8
71, 6: 0 2331.17 540.458 2179.8
72, 6: 0 2331.17 712.193 2179.8
73, 6: 0 2331.17 379.606 2397.78
74, 6: 0 2331.17 1214.85 2179.8
75, 6: 0 2331.17 185.318 2397.78
76, 6: 0 2331.17 408.582 2397.78
77, 6: 0 2331.17 566.75 2179.8
78, 6: 0 2331.17 0 2397.78
79, 6: 0 2331.17 796.466 2179.8
80, 6: 0 2331.17 626.386 2179.8
Customer 39 - Obj: 151.376   part1: 151.376   part2: 1.55312e-11
39, 3: 0 1132.6 981.225
0, 3: 0 -
63, 3: 0 1132.6 896.748 981.225
64, 3: 0 1132.6 780.71 981.225
65, 3: 0 1132.6 880.975 981.225
66, 3: 0 1132.6 907.146 981.225
67, 3: 1 1132.6 0 981.225
68, 3: 0 1132.6 1102.9 981.225
69, 3: 0 1132.6 822.966 981.225
70, 3: 0 1132.6 541.318 981.225
71, 3: 0 1132.6 615.767 981.225
72, 3: 0 1132.6 811.7 981.225
73, 3: 0 1132.6 370.726 981.225
74, 3: 0 1132.6 1385.22 981.225
75, 3: 0 1132.6 146.996 1079.35
76, 3: 0 1132.6 465.303 981.225
77, 3: 0 1132.6 645.764 981.225
78, 3: 0 1132.6 0 1079.35
79, 3: 0 1132.6 907.858 981.225
80, 3: 0 1132.6 713.805 981.225
Customer 40 - Obj: 151.376   part1: 151.376   part2: 1.55127e-11
40, 9: 0 772.666 621.29
0, 9: 0 -
63, 9: 0 772.666 49.9021 571.388
64, 9: 0 772.666 52.3159 568.974
65, 9: 0 772.666 61.52 559.77
66, 9: 0 772.666 63.9224 557.368
67, 9: 1 772.666 0 621.29
68, 9: 0 772.666 81.8924 539.398
69, 9: 0 772.666 56.1949 621.29
70, 9: 0 772.666 30.3403 621.29
71, 9: 0 772.666 37.1745 621.29
72, 9: 0 772.666 55.1613 621.29
73, 9: 0 772.666 20.2123 683.419
74, 9: 0 772.666 100.025 683.419
75, 9: 0 772.666 26.4421 621.29
76, 9: 0 772.666 14.5856 621.29
77, 9: 0 772.666 31.853 621.29
78, 9: 0 772.666 0 683.419
79, 9: 0 772.666 56.2045 683.419
80, 9: 0 772.666 33.3926 683.419
Customer 41 - Obj: 151.376   part1: 151.376   part2: 5.94649e-11
41, 4: 0 3370.61 3219.23
0, 4: 0 -
63, 4: 0 3370.61 704.753 3541.15
64, 4: 0 3370.61 737.704 3541.15
65, 4: 0 3370.61 863.383 3541.15
66, 4: 0 3370.61 896.187 3541.15
67, 4: 1 3370.61 0 3219.23
68, 4: 0 3370.61 1141.56 3219.23
69, 4: 0 3370.61 790.671 3541.15
70, 4: 0 3370.61 437.635 3541.15
71, 4: 0 3370.61 530.953 3541.15
72, 4: 0 3370.61 776.557 3541.15
73, 4: 0 3370.61 299.348 3541.15
74, 4: 0 3370.61 1495.43 3219.23
75, 4: 0 3370.61 384.406 3541.15
76, 4: 0 3370.61 342.352 3541.15
77, 4: 0 3370.61 568.554 3541.15
78, 4: 0 3370.61 0 3541.15
79, 4: 0 3370.61 756.205 3541.15
80, 4: 0 3370.61 504.077 3541.15
Customer 42 - Obj: 151.376   part1: 151.376   part2: 0
42, 2: 0 3291.48 3140.11
0, 2: 0 -
63, 2: 0 3291.48 1351.32 3140.11
64, 2: 0 3291.48 1119.78 3140.11
65, 2: 0 3291.48 1012.93 3140.11
66, 2: 0 3291.48 902.732 3140.11
67, 2: 1 3291.48 0 3140.11
68, 2: 0 3291.48 1226.02 3140.11
69, 2: 0 3291.48 726.297 3140.11
70, 2: 0 3291.48 759.581 3140.11
71, 2: 0 3291.48 605.012 3140.11
72, 2: 0 3291.48 550.364 3140.11
73, 2: 0 3291.48 662.647 3140.11
74, 2: 0 3291.48 1079.42 3140.11
75, 2: 0 3291.48 955.621 3140.11
76, 2: 0 3291.48 432.164 3140.11
77, 2: 0 3291.48 143.151 3454.12
78, 2: 0 3291.48 0 3454.12
79, 2: 0 3291.48 502.85 3140.11
80, 2: 0 3291.48 333.579 3140.11
Customer 43 - Obj: -2444.4   part1: 151.376   part2: 2595.77
43, 8: 0 8678.31 8526.93
0, 8: 0 -
63, 8: 0 8678.31 3600.56 9379.62
64, 8: 0 8678.31 2748.89 9379.62
65, 8: 1 8678.31 2595.77 8526.93
66, 8: 0 8678.31 2129.09 6389.57
67, 8: 0 8678.31 0 6389.57
68, 8: 0 8678.31 2171.27 9379.62
69, 8: 0 8678.31 1596.88 9379.62
70, 8: 0 8678.31 2070.41 9379.62
71, 8: 0 8678.31 1791.35 9379.62
72, 8: 0 8678.31 1263.95 9379.62
73, 8: 0 8678.31 1887.82 9379.62
74, 8: 0 8678.31 1381.1 9379.62
75, 8: 0 8678.31 2855.22 9379.62
76, 8: 0 8678.31 1496.59 9379.62
77, 8: 0 8678.31 828.768 9379.62
78, 8: 0 8678.31 0 9379.62
79, 8: 0 8678.31 456.616 9379.62
80, 8: 0 8678.31 1289.62 9379.62
Customer 44 - Obj: 151.376   part1: 151.376   part2: 0
44, 1: 0 8355.3 8203.92
0, 1: 0 -
63, 1: 0 8355.3 5611.84 8203.92
64, 1: 0 8355.3 4908.23 8203.92
65, 1: 0 8355.3 4191.83 8203.92
66, 1: 0 8355.3 3438.94 8203.92
67, 1: 1 8355.3 0 8203.92
68, 1: 0 8355.3 3507 8203.92
69, 1: 0 8355.3 2580.37 5623.55
70, 1: 0 8355.3 3813.66 8203.92
71, 1: 0 8355.3 2894.11 8203.92
72, 1: 0 8355.3 2043.24 6160.68
73, 1: 0 8355.3 3519.09 8203.92
74, 1: 0 8355.3 2363.84 5840.08
75, 1: 0 8355.3 4409.38 8203.92
76, 1: 0 8355.3 2818.7 8203.92
77, 1: 0 8355.3 1341.18 6862.74
78, 1: 0 8355.3 0 9024.31
79, 1: 0 8355.3 533.072 9024.31
80, 1: 0 8355.3 1876.94 6326.98
Customer 45 - Obj: -32.1796   part1: 151.376   part2: 183.555
45, 8: 0 8678.31 8526.93
0, 8: 0 -
63, 8: 0 8678.31 266.003 9379.62
64, 8: 0 8678.31 232.077 9379.62
65, 8: 0 8678.31 219.859 6389.57
66, 8: 1 8678.31 183.555 8526.93
67, 8: 0 8678.31 0 9379.62
68, 8: 0 8678.31 186.837 6389.57
69, 8: 0 8678.31 142.155 9379.62
70, 8: 0 8678.31 179.298 9379.62
71, 8: 0 8678.31 148.825 6389.57
72, 8: 0 8678.31 116.255 6389.57
73, 8: 0 8678.31 165.094 6389.57
74, 8: 0 8678.31 126.955 9379.62
75, 8: 0 8678.31 208.023 9379.62
76, 8: 0 8678.31 131.322 6389.57
77, 8: 0 8678.31 77.6435 9379.62
78, 8: 0 8678.31 0 9379.62
79, 8: 0 8678.31 12.2926 9379.62
80, 8: 0 8678.31 85.9115 9379.62
Customer 46 - Obj: 151.376   part1: 151.376   part2: 2.98007e-11
46, 6: 0 2331.17 2179.8
0, 6: 0 -
63, 6: 0 2331.17 541.171 2179.8
64, 6: 0 2331.17 476.374 2179.8
65, 6: 0 2331.17 453.038 2179.8
66, 6: 0 2331.17 383.7 2397.78
67, 6: 1 2331.17 0 2179.8
68, 6: 0 2331.17 389.968 2397.78
69, 6: 0 2331.17 304.626 2397.78
70, 6: 0 2331.17 375.568 2397.78
71, 6: 0 2331.17 317.365 2397.78
72, 6: 0 2331.17 255.161 2397.78
73, 6: 0 2331.17 348.44 2397.78
74, 6: 0 2331.17 229.139 2397.78
75, 6: 0 2331.17 430.432 2397.78
76, 6: 0 2331.17 283.937 2397.78
77, 6: 0 2331.17 190.652 2397.78
78, 6: 0 2331.17 0 2397.78
79, 6: 0 2331.17 45.2519 2397.78
80, 6: 0 2331.17 197.203 2397.78
Customer 47 - Obj: 151.376   part1: 151.376   part2: 0
47, 1: 0 8355.3 8203.92
0, 1: 0 -
63, 1: 0 8355.3 2084.02 6119.9
64, 1: 0 8355.3 1817.74 6386.18
65, 1: 0 8355.3 1721.85 6482.07
66, 1: 0 8355.3 1436.91 6767.01
67, 1: 1 8355.3 0 8203.92
68, 1: 0 8355.3 1462.67 6741.25
69, 1: 0 8355.3 1111.97 7091.95
70, 1: 0 8355.3 1403.49 6800.43
71, 1: 0 8355.3 1164.32 7039.6
72, 1: 0 8355.3 908.689 9024.31
73, 1: 0 8355.3 1292.01 6911.9
74, 1: 0 8355.3 1077.84 7126.08
75, 1: 0 8355.3 1628.95 6574.97
76, 1: 0 8355.3 1026.95 9024.31
77, 1: 0 8355.3 643.612 9024.31
78, 1: 0 8355.3 0 9024.31
79, 1: 0 8355.3 29.7796 9024.31
80, 1: 0 8355.3 670.532 9024.31
Customer 48 - Obj: 151.376   part1: 151.376   part2: 8.79961e-11
48, 0: 0 6331.72 6180.34
0, 0: 0 -
63, 0: 0 6331.72 272.184 6798.38
64, 0: 0 6331.72 237.025 6798.38
65, 0: 0 6331.72 224.365 6180.34
66, 0: 0 6331.72 186.744 6180.34
67, 0: 1 6331.72 0 6180.34
68, 0: 0 6331.72 190.145 6180.34
69, 0: 0 6331.72 143.844 6180.34
70, 0: 0 6331.72 182.332 6180.34
71, 0: 0 6331.72 150.754 6180.34
72, 0: 0 6331.72 117.004 6063.34
73, 0: 0 6331.72 167.614 6180.34
74, 0: 0 6331.72 145.055 6180.34
75, 0: 0 6331.72 212.101 6180.34
76, 0: 0 6331.72 132.617 6180.34
77, 0: 0 6331.72 82.0042 6098.34
78, 0: 0 6331.72 0 6180.34
79, 0: 0 6331.72 8.83504 6171.51
80, 0: 0 6331.72 85.5585 6094.78
Customer 49 - Obj: 151.376   part1: 151.376   part2: 0
49, 4: 0 3370.61 3219.23
0, 4: 0 -
63, 4: 0 3370.61 488.507 3541.15
64, 4: 0 3370.61 425.741 3541.15
65, 4: 0 3370.61 403.138 3541.15
66, 4: 0 3370.61 335.976 3541.15
67, 4: 1 3370.61 0 3219.23
68, 4: 0 3370.61 342.047 3541.15
69, 4: 0 3370.61 259.383 3541.15
70, 4: 0 3370.61 328.098 3541.15
71, 4: 0 3370.61 271.722 3541.15
72, 4: 0 3370.61 211.47 3541.15
73, 4: 0 3370.61 301.822 3541.15
74, 4: 0 3370.61 262.721 3541.15
75, 4: 0 3370.61 381.24 3541.15
76, 4: 0 3370.61 239.343 3541.15
77, 4: 0 3370.61 148.986 3541.15
78, 4: 0 3370.61 0 3541.15
79, 4: 0 3370.61 35.4511 3541.15
80, 4: 0 3370.61 155.332 3541.15
Customer 50 - Obj: 151.376   part1: 151.376   part2: 8.81461e-11
50, 0: 0 6331.72 6180.34
0, 0: 0 -
63, 0: 0 6331.72 1682.1 6180.34
64, 0: 0 6331.72 1470.49 6180.34
65, 0: 0 6331.72 1394.29 4786.05
66, 0: 0 6331.72 1167.86 5012.48
67, 0: 1 6331.72 0 6180.34
68, 0: 0 6331.72 1188.32 4992.03
69, 0: 0 6331.72 909.633 6798.38
70, 0: 0 6331.72 1141.29 5039.05
71, 0: 0 6331.72 951.233 6798.38
72, 0: 0 6331.72 748.09 6798.38
73, 0: 0 6331.72 1052.71 5127.63
74, 0: 0 6331.72 1025.13 5155.21
75, 0: 0 6331.72 1320.46 4859.88
76, 0: 0 6331.72 842.068 6798.38
77, 0: 0 6331.72 537.438 6798.38
78, 0: 0 6331.72 0 6798.38
79, 0: 0 6331.72 91.4994 6798.38
80, 0: 0 6331.72 429.494 6798.38
Customer 51 - Obj: 151.376   part1: 151.376   part2: 0
51, 1: 0 8355.3 8203.92
0, 1: 0 -
63, 1: 0 8355.3 364.582 9024.31
64, 1: 0 8355.3 318.627 9024.31
65, 1: 0 8355.3 302.078 9024.31
66, 1: 0 8355.3 252.903 9024.31
67, 1: 1 8355.3 0 8203.92
68, 1: 0 8355.3 257.348 9024.31
69, 1: 0 8355.3 196.824 9024.31
70, 1: 0 8355.3 247.136 9024.31
71, 1: 0 8355.3 205.859 9024.31
72, 1: 0 8355.3 161.742 9024.31
73, 1: 0 8355.3 227.897 9024.31
74, 1: 0 8355.3 221.907 9024.31
75, 1: 0 8355.3 286.045 9024.31
76, 1: 0 8355.3 182.151 9024.31
77, 1: 0 8355.3 115.994 9024.31
78, 1: 0 8355.3 0 9024.31
79, 1: 0 8355.3 36.8828 9024.31
80, 1: 0 8355.3 92.5521 9024.31
Customer 52 - Obj: 151.376   part1: 151.376   part2: 8.79739e-11
52, 5: 0 6816.69 6665.31
0, 5: 0 -
63, 5: 0 6816.69 3047.69 6665.31
64, 5: 0 6816.69 2670.58 6665.31
65, 5: 0 6816.69 2534.78 6665.31
66, 5: 0 6816.69 2131.25 6665.31
67, 5: 1 6816.69 0 6665.31
68, 5: 0 6816.69 2167.71 6665.31
69, 5: 0 6816.69 1671.07 6665.31
70, 5: 0 6816.69 2083.91 6665.31
71, 5: 0 6816.69 1745.19 6665.31
72, 5: 0 6816.69 1383.18 6665.31
73, 5: 0 6816.69 1926.05 6665.31
74, 5: 0 6816.69 1876.9 6665.31
75, 5: 0 6816.69 2403.22 6665.31
76, 5: 0 6816.69 1550.66 6665.31
77, 5: 0 6816.69 1007.78 6665.31
78, 5: 0 6816.69 0 7331.84
79, 5: 0 6816.69 212.151 7331.84
80, 5: 0 6816.69 815.407 6665.31
Customer 53 - Obj: 151.376   part1: 151.376   part2: 1.56274e-11
53, 9: 0 772.666 621.29
0, 9: 0 -
63, 9: 0 772.666 6290.92 621.29
64, 9: 0 772.666 5809.79 621.29
65, 9: 0 772.666 5088.16 621.29
66, 9: 0 772.666 4807.75 621.29
67, 9: 1 772.666 0 621.29
68, 9: 0 772.666 3375.98 621.29
69, 9: 0 772.666 4620.01 621.29
70, 9: 0 772.666 5061.33 621.29
71, 9: 0 772.666 4765.63 621.29
72, 9: 0 772.666 4252.72 621.29
73, 9: 0 772.666 4859.91 621.29
74, 9: 0 772.666 2179.97 621.29
75, 9: 0 772.666 5468.7 621.29
76, 9: 0 772.666 4380.98 621.29
77, 9: 0 772.666 3773.78 621.29
78, 9: 0 772.666 0 621.29
79, 9: 0 772.666 2176.16 621.29
80, 9: 0 772.666 3304.37 621.29
Customer 54 - Obj: 151.376   part1: 151.376   part2: 5.89814e-11
54, 4: 0 3370.61 3219.23
0, 4: 0 -
63, 4: 0 3370.61 81.3813 3137.85
64, 4: 0 3370.61 72.9072 3219.23
65, 4: 0 3370.61 69.8554 3149.37
66, 4: 0 3370.61 60.7874 3158.44
67, 4: 1 3370.61 0 3219.23
68, 4: 0 3370.61 61.6071 3219.23
69, 4: 0 3370.61 50.4462 3219.23
70, 4: 0 3370.61 59.7235 3219.23
71, 4: 0 3370.61 52.1122 3219.23
72, 4: 0 3370.61 43.9768 3219.23
73, 4: 0 3370.61 56.1761 3219.23
74, 4: 0 3370.61 40.9789 3219.23
75, 4: 0 3370.61 66.8989 3219.23
76, 4: 0 3370.61 47.7404 3219.23
77, 4: 0 3370.61 35.5407 3219.23
78, 4: 0 3370.61 0 3219.23
79, 4: 0 3370.61 17.7209 3219.23
80, 4: 0 3370.61 31.2179 3541.15
Customer 55 - Obj: -1176.76   part1: 151.376   part2: 1328.13
55, 8: 0 8678.31 8526.93
0, 8: 0 -
63, 8: 0 8678.31 1785.45 8526.93
64, 8: 0 8678.31 1597.27 8526.93
65, 8: 0 8678.31 1529.5 8526.93
66, 8: 1 8678.31 1328.13 8526.93
67, 8: 0 8678.31 0 9379.62
68, 8: 0 8678.31 1346.33 8526.93
69, 8: 0 8678.31 1098.49 8526.93
70, 8: 0 8678.31 1304.52 9379.62
71, 8: 0 8678.31 1135.49 8526.93
72, 8: 0 8678.31 954.837 9379.62
73, 8: 0 8678.31 1225.73 9379.62
74, 8: 0 8678.31 888.257 8526.93
75, 8: 0 8678.31 1463.85 8526.93
76, 8: 0 8678.31 1038.4 9379.62
77, 8: 0 8678.31 767.494 8526.93
78, 8: 0 8678.31 0 9379.62
79, 8: 0 8678.31 371.778 9379.62
80, 8: 0 8678.31 671.498 9379.62
Customer 56 - Obj: 151.376   part1: 151.376   part2: 1.55263e-11
56, 9: 0 772.666 621.29
0, 9: 0 -
63, 9: 0 772.666 3911.85 621.29
64, 9: 0 772.666 3517.43 621.29
65, 9: 0 772.666 3774.42 621.29
66, 9: 0 772.666 2954.72 621.29
67, 9: 1 772.666 0 621.29
68, 9: 0 772.666 2992.87 621.29
69, 9: 0 772.666 2473.41 621.29
70, 9: 0 772.666 2903.83 621.29
71, 9: 0 772.666 2790.88 621.29
72, 9: 0 772.666 2172.32 621.29
73, 9: 0 772.666 2738.71 621.29
74, 9: 0 772.666 2032.77 621.29
75, 9: 0 772.666 3237.78 621.29
76, 9: 0 772.666 2346.08 621.29
77, 9: 0 772.666 1779.66 621.29
78, 9: 0 772.666 0 621.29
79, 9: 0 772.666 950.277 621.29
80, 9: 0 772.666 1671 621.29
Customer 57 - Obj: -8561.36   part1: 151.376   part2: 8712.74
57, 8: 0 8678.31 8526.93
0, 8: 0 -
63, 8: 0 8678.31 9031.18 8526.93
64, 8: 0 8678.31 8117.2 9379.62
65, 8: 1 8678.31 8712.74 8526.93
66, 8: 0 8678.31 7016.2 9379.62
67, 8: 0 8678.31 0 9379.62
68, 8: 0 8678.31 7104.61 9379.62
69, 8: 0 8678.31 5900.89 8526.93
70, 8: 0 8678.31 6695.32 9379.62
71, 8: 0 8678.31 6433.59 9379.62
72, 8: 0 8678.31 5203.14 9379.62
73, 8: 0 8678.31 6312.67 9379.62
74, 8: 0 8678.31 4879.81 8526.93
75, 8: 0 8678.31 7469.18 8526.93
76, 8: 0 8678.31 5402.84 9379.62
77, 8: 0 8678.31 4293.27 9379.62
78, 8: 0 8678.31 0 9379.62
79, 8: 0 8678.31 2371.32 9379.62
80, 8: 0 8678.31 3838.47 9379.62
Customer 58 - Obj: 151.376   part1: 151.376   part2: 2.99491e-11
58, 6: 0 2331.17 2179.8
0, 6: 0 -
63, 6: 0 2331.17 911.343 2179.8
64, 6: 0 2331.17 832.036 2179.8
65, 6: 0 2331.17 817.553 2179.8
66, 6: 0 2331.17 732.692 2179.8
67, 6: 1 2331.17 0 2179.8
68, 6: 0 2331.17 681.042 2179.8
69, 6: 0 2331.17 635.919 2179.8
70, 6: 0 2331.17 708.662 2179.8
71, 6: 0 2331.17 659.921 2179.8
72, 6: 0 2331.17 575.376 2179.8
73, 6: 0 2331.17 675.461 2179.8
74, 6: 0 2331.17 326.916 2397.78
75, 6: 0 2331.17 775.809 2179.8
76, 6: 0 2331.17 596.518 2179.8
77, 6: 0 2331.17 496.426 2179.8
78, 6: 0 2331.17 0 2397.78
79, 6: 0 2331.17 306.529 2397.78
80, 6: 0 2331.17 492.498 2179.8
Customer 59 - Obj: 151.376   part1: 151.376   part2: 5.94468e-11
59, 4: 0 3370.61 3219.23
0, 4: 0 -
63, 4: 0 3370.61 539.768 3541.15
64, 4: 0 3370.61 493.939 3541.15
65, 4: 0 3370.61 485.57 3541.15
66, 4: 0 3370.61 436.53 3541.15
67, 4: 1 3370.61 0 3219.23
68, 4: 0 3370.61 406.682 3541.15
69, 4: 0 3370.61 380.604 3541.15
70, 4: 0 3370.61 422.644 3541.15
71, 4: 0 3370.61 394.475 3541.15
72, 4: 0 3370.61 345.62 3541.15
73, 4: 0 3370.61 403.457 3541.15
74, 4: 0 3370.61 202.039 3541.15
75, 4: 0 3370.61 461.446 3541.15
76, 4: 0 3370.61 357.837 3541.15
77, 4: 0 3370.61 299.996 3541.15
78, 4: 0 3370.61 0 3541.15
79, 4: 0 3370.61 190.256 3541.15
80, 4: 0 3370.61 297.724 3541.15
Customer 60 - Obj: 151.376   part1: 151.376   part2: 8.79712e-11
60, 5: 0 6816.69 6665.31
0, 5: 0 -
63, 5: 0 6816.69 5741.84 6665.31
64, 5: 0 6816.69 5223.99 6665.31
65, 5: 0 6816.69 4942.79 6665.31
66, 5: 0 6816.69 4388.68 6665.31
67, 5: 1 6816.69 0 6665.31
68, 5: 0 6816.69 4438.76 6665.31
69, 5: 0 6816.69 3756.76 6665.31
70, 5: 0 6816.69 4418.41 6665.31
71, 5: 0 6816.69 3858.57 6665.31
72, 5: 0 6816.69 3361.45 6665.31
73, 5: 0 6816.69 4201.62 6665.31
74, 5: 0 6816.69 2380.83 6665.31
75, 5: 0 6816.69 4856.85 6665.31
76, 5: 0 6816.69 3686.15 6665.31
77, 5: 0 6816.69 2845.95 6665.31
78, 5: 0 6816.69 0 7331.84
79, 5: 0 6816.69 1757.05 6665.31
80, 5: 0 6816.69 2799.86 6665.31
Customer 61 - Obj: 151.376   part1: 151.376   part2: 5.92871e-11
61, 2: 0 3291.48 3140.11
0, 2: 0 -
63, 2: 0 3291.48 6890.46 3140.11
64, 2: 0 3291.48 6296.99 3140.11
65, 2: 0 3291.48 5975.84 3140.11
66, 2: 0 3291.48 5340.79 3140.11
67, 2: 1 3291.48 0 3140.11
68, 2: 0 3291.48 5398.19 3140.11
69, 2: 0 3291.48 4616.57 3140.11
70, 2: 0 3291.48 5373.74 3140.11
71, 2: 0 3291.48 4733.24 3140.11
72, 2: 0 3291.48 4163.53 3140.11
73, 2: 0 3291.48 5125.28 3140.11
74, 2: 0 3291.48 3134.53 3140.11
75, 2: 0 3291.48 5876.22 3140.11
76, 2: 0 3291.48 4534.51 3140.11
77, 2: 0 3291.48 3572.71 3140.11
78, 2: 0 3291.48 0 3454.12
79, 2: 0 3291.48 2324.77 3140.11
80, 2: 0 3291.48 3518.73 3140.11
Customer 62 - Obj: 151.376   part1: 151.376   part2: 5.95487e-11
62, 4: 0 3370.61 3219.23
0, 4: 0 -
63, 4: 0 3370.61 638.532 3541.15
64, 4: 0 3370.61 584.088 3541.15
65, 4: 0 3370.61 559.84 3541.15
66, 4: 0 3370.61 501.581 3541.15
67, 4: 1 3370.61 0 3219.23
68, 4: 0 3370.61 506.847 3541.15
69, 4: 0 3370.61 435.147 3541.15
70, 4: 0 3370.61 499.393 3541.15
71, 4: 0 3370.61 483.805 3541.15
72, 4: 0 3370.61 393.584 3541.15
73, 4: 0 3370.61 476.6 3541.15
74, 4: 0 3370.61 311.558 3541.15
75, 4: 0 3370.61 545.491 3541.15
76, 4: 0 3370.61 422.405 3541.15
77, 4: 0 3370.61 339.388 3541.15
78, 4: 0 3370.61 0 3541.15
79, 4: 0 3370.61 224.905 3541.15
80, 4: 0 3370.61 329.225 3541.15
Routing:
10, 0, 1
65, 0, 1
65, 10, 1
66, 0, 0
67, 0, 0
67, 66, 0
Routing cost: 1791.74
[285403.0139542591, 1791.7399999987101, 12.515613079071045, 0.0, 1, 0.0, 0.9838709677419355, 0.9838709677419355, 0.9838709677419355]
