[2.1753886  6.86612528 4.58939488 6.48976785 8.18659675 5.25663914
 5.00746976 2.14700756 3.45625987 4.99921667]
[8 6]
[8 5]
[2 0 6]
[8]
[9]
[0]
[8 4]
[7]
[1]
[4]
[8]
[3 2]
[7]
[9 2]
[3 5 4]
[7 8 9]
[3]
[9]
[4]
[2]
[8 6 1]
[4 0]
[1 9 4]
[8 9]
[4]
[5]
[3 4 2]
[9 0]
[8 6]
[7 1]
[3 0 6]
[1]
[2 4 9]
[5]
[8 9]
[7 5 0]
[1 7 4]
[6 3 8]
[0 6 8]
[3]
Using license file /util/academic/gurobi/licenses/gurobi.lic
Set parameter TokenServer to value srv-m14-36.cbls.ccr.buffalo.edu
Set parameter TSPort to value 46325
Changed value of parameter lazyConstraints to 1
   Prev: 0  Min: 0  Max: 1  Default: 0
Changed value of parameter TimeLimit to 172800.0
   Prev: inf  Min: 0.0  Max: inf  Default: inf
Gurobi Optimizer version 9.1.1 build v9.1.1rc0 (linux64)
Thread count: 12 physical cores, 12 logical processors, using up to 12 threads
Optimize a model with 3768 rows, 5669 columns and 20734 nonzeros
Model fingerprint: 0x2faa37d3
Variable types: 985 continuous, 4684 integer (4684 binary)
Coefficient statistics:
  Matrix range     [1e+00, 9e+03]
  Objective range  [1e+00, 1e+00]
  Bounds range     [1e+00, 6e+03]
  RHS range        [1e+00, 9e+03]
Presolve removed 795 rows and 295 columns
Presolve time: 0.06s
Presolved: 2973 rows, 5374 columns, 19204 nonzeros
Variable types: 579 continuous, 4795 integer (4795 binary)

Root relaxation: objective -3.299021e+05, 2019 iterations, 0.05 seconds

    Nodes    |    Current Node    |     Objective Bounds      |     Work
 Expl Unexpl |  Obj  Depth IntInf | Incumbent    BestBd   Gap | It/Node Time

     0     0 -329902.13    0  384          - -329902.13      -     -    0s
     0     0 -328546.51    0  394          - -328546.51      -     -    0s
     0     0 -328532.82    0  416          - -328532.82      -     -    0s
     0     0 -328402.49    0  439          - -328402.49      -     -    0s
     0     0 -328346.68    0  439          - -328346.68      -     -    0s
     0     0 -328341.69    0  444          - -328341.69      -     -    0s
     0     0 -328331.91    0  443          - -328331.91      -     -    1s
     0     0 -328280.92    0  557          - -328280.92      -     -    1s
     0     0 -328275.26    0  596          - -328275.26      -     -    1s
H    0     0                    -269775.4270 -328275.26  21.7%     -    1s
H    0     0                    -278302.3566 -328275.26  18.0%     -    1s
     0     0 -328275.26    0  596 -278302.36 -328275.26  18.0%     -    1s
     0     0 -328270.04    0  533 -278302.36 -328270.04  18.0%     -    1s
     0     0 -328269.18    0  531 -278302.36 -328269.18  18.0%     -    1s
     0     0 -328266.73    0  569 -278302.36 -328266.73  18.0%     -    1s
     0     0 -328266.73    0  569 -278302.36 -328266.73  18.0%     -    1s
     0     2 -328263.58    0  569 -278302.36 -328263.58  18.0%     -    2s
H   27    40                    -291958.7128 -328259.94  12.4%   386    3s
H   28    40                    -297522.4071 -328259.94  10.3%   380    3s
H   79    92                    -314961.6596 -328227.44  4.21%   309    4s
H  108   118                    -316434.8557 -328214.53  3.72%   365    4s
H  109   118                    -316453.6847 -328214.53  3.72%   369    4s
H  117   131                    -316698.8455 -328206.00  3.63%   372    5s
H  126   131                    -316798.3421 -328206.00  3.60%   374    5s
H  177   189                    -316807.9511 -328206.00  3.60%   323    5s
H  179   189                    -316812.1247 -328206.00  3.60%   319    5s
H  187   189                    -316956.6821 -328206.00  3.55%   313    5s
H  245   262                    -316966.2911 -328206.00  3.55%   258    6s
H  246   262                    -316970.4647 -328206.00  3.54%   257    6s
H  390   385                    -320007.5331 -328206.00  2.56%   199    7s
H  399   385                    -320171.0393 -328206.00  2.51%   197    7s
H 1071  1040                    -320249.1305 -328206.00  2.48%   127    8s
H 1258  1188                    -320601.6705 -328206.00  2.37%   117    9s
  2363  2395 -326067.68   10  426 -320601.67 -328180.47  2.36%  85.1   10s
H 2602  2394                    -320633.4705 -328180.47  2.35%  81.0   10s
  2623  2408 -325100.90   11  296 -320633.47 -325100.90  1.39%  80.4   15s
H 2637  2296                    -320707.8405 -325014.12  1.34%  80.0   17s
H 2641  2182                    -320874.4711 -325002.52  1.29%  79.8   18s
H 2648  2079                    -321066.3311 -325002.52  1.23%  87.4   19s
  2653  2082 -323882.63   60  257 -321066.33 -325002.52  1.23%  87.2   20s
  2677  2100 -324931.62   24  217 -321066.33 -324931.62  1.20%  91.6   26s
  2682  2102 -324899.89   26  163 -321066.33 -324900.20  1.19%  92.4   30s
H 2747  2046                    -321107.3958 -324899.73  1.18%  94.6   32s
H 2761  1956                    -321397.9439 -324899.73  1.09%  95.3   32s
H 2800  1877                    -322110.5300 -324899.73  0.87%  96.5   33s
H 2811  1797                    -322131.2861 -324899.73  0.86%  97.2   33s
H 2814  1710                    -322169.7623 -324899.73  0.85%  97.5   33s
H 2823  1626                    -322199.9133 -324899.73  0.84%  97.4   33s
H 2852  1584                    -322220.6694 -324899.73  0.83%  98.1   34s
  2869  1590 -324791.25   36  279 -322220.67 -324899.73  0.83%  98.7   35s
H 2870  1517                    -322304.3995 -324899.73  0.81%  98.7   35s
H 2875  1445                    -322574.4594 -324899.73  0.72%  98.8   35s
H 3060  1490                    -322869.8194 -324899.73  0.63%   100   36s
  5333  2418 -324644.57   36  279 -322869.82 -324834.93  0.61%  85.6   40s
  9411  5243 -323577.90   67  240 -322869.82 -324687.47  0.56%  76.7   45s
  9779  5531 -323589.82   92  121 -322869.82 -324687.47  0.56%  76.4   50s
H 9835  5357                    -322920.2223 -324687.47  0.55%  76.4   50s
H10299  5336                    -323003.9514 -324687.47  0.52%  74.9   51s
 15299  8921 infeasible  121      -323003.95 -324602.69  0.49%  67.9   55s
 20093 12616 -324372.72   33  292 -323003.95 -324553.92  0.48%  64.2   60s
 24060 15728     cutoff  187      -323003.95 -324516.46  0.47%  61.5   65s
 30592 20285     cutoff   49      -323003.95 -324474.70  0.46%  60.1   70s
 32397 20854 infeasible   97      -323003.95 -324462.75  0.45%  59.8   79s
H32448 18720                    -323124.3938 -324462.75  0.41%  59.8   79s
 33290 18970 -323378.88   55  204 -323124.39 -324454.68  0.41%  59.9   81s
 35585 21409 -323883.91   55  202 -323124.39 -324440.93  0.41%  60.7   85s
 42281 25665     cutoff   74      -323124.39 -324406.27  0.40%  60.9   90s
 49219 29439 -323817.65   40  278 -323124.39 -324370.65  0.39%  60.5   96s
 54278 32680 infeasible  102      -323124.39 -324347.44  0.38%  60.5  101s
 60734 36032     cutoff  112      -323124.39 -324321.53  0.37%  60.9  106s
 66680 39424 -323600.00   44  180 -323124.39 -324298.55  0.36%  61.5  111s
H68443 38721                    -323138.8238 -324295.39  0.36%  61.5  111s
 69538 40218 -324033.00   36  239 -323138.82 -324288.27  0.36%  61.5  116s
 74312 42342     cutoff   57      -323138.82 -324276.45  0.35%  61.5  120s
 80529 46098 infeasible  109      -323138.82 -324259.13  0.35%  61.6  126s
 85029 48131 -324028.99   45   68 -323138.82 -324248.07  0.34%  61.7  130s
 91319 51430 -323326.61   61  107 -323138.82 -324235.86  0.34%  62.3  135s
 98238 54444     cutoff   67      -323138.82 -324221.44  0.34%  62.2  141s
 101760 57171     cutoff   52      -323138.82 -324210.92  0.33%  62.1  145s
 108677 60583 -323602.92   51  230 -323138.82 -324197.64  0.33%  62.1  151s
 112792 62659 -323242.66   72   13 -323138.82 -324188.87  0.32%  62.3  155s
 119835 66272 -324106.08   50  217 -323138.82 -324175.66  0.32%  62.2  161s
 124340 68233 -323508.52   70  192 -323138.82 -324167.11  0.32%  62.2  165s
 129464 70573     cutoff  110      -323138.82 -324157.89  0.32%  62.2  170s
 136412 73753 -323590.22   62  129 -323138.82 -324147.82  0.31%  62.0  176s
 140647 75946 -323796.46   48  132 -323138.82 -324139.27  0.31%  62.0  180s
 146583 78255 -323928.48   52  167 -323138.82 -324128.85  0.31%  62.1  185s
 152427 81000     cutoff   99      -323138.82 -324118.64  0.30%  62.4  191s
 158268 83230 infeasible   71      -323138.82 -324111.04  0.30%  62.6  196s
 161816 85197 -323357.83  117   47 -323138.82 -324105.15  0.30%  62.5  200s
 167201 87515 -323159.63   77   25 -323138.82 -324096.70  0.30%  62.8  205s
 173275 90117 -323954.86   45  269 -323138.82 -324088.93  0.29%  62.8  210s
H175145 90196                    -323138.8338 -324086.84  0.29%  62.9  214s
 175166 90367 -323399.17   69   93 -323138.83 -324086.84  0.29%  62.9  217s
 177372 92041 -323161.96   55  174 -323138.83 -324083.62  0.29%  63.0  221s
 183588 94509 -323314.15   59  101 -323138.83 -324074.62  0.29%  63.0  226s
 187284 96082 -323738.92   57   96 -323138.83 -324071.18  0.29%  63.2  230s
 192868 98661 -323635.80   48  183 -323138.83 -324065.04  0.29%  63.1  235s
 198812 101043 -323802.86   56  211 -323138.83 -324057.46  0.28%  63.1  241s
 202771 102818 infeasible   80      -323138.83 -324052.78  0.28%  63.1  245s
 209169 105679     cutoff  102      -323138.83 -324047.18  0.28%  62.9  250s
 215078 107975 -323907.45   47  237 -323138.83 -324040.94  0.28%  62.9  256s
 219010 109092 -323305.48   55   13 -323138.83 -324036.51  0.28%  62.9  260s
 224667 111373     cutoff   56      -323138.83 -324029.71  0.28%  62.9  265s
 230066 113436     cutoff   67      -323138.83 -324023.42  0.27%  63.0  270s
 235676 115653 -323813.56   41  219 -323138.83 -324016.80  0.27%  63.0  275s
 241589 117867     cutoff   38      -323138.83 -324010.25  0.27%  62.9  281s
 246030 119508 -323515.02   62  163 -323138.83 -324005.82  0.27%  63.0  286s
 249670 120869 -323789.99   42  179 -323138.83 -324001.87  0.27%  63.1  290s
 255228 123055 infeasible  103      -323138.83 -323995.15  0.26%  63.1  295s
 260988 125180     cutoff   95      -323138.83 -323990.46  0.26%  63.0  301s
 266459 127061 -323552.76   44  248 -323138.83 -323983.96  0.26%  63.1  306s
 271624 128861 -323601.81   49  173 -323138.83 -323978.54  0.26%  63.2  311s
 275222 130151 -323172.84   60  132 -323138.83 -323974.97  0.26%  63.2  315s
 281073 131962 -323832.98   46  396 -323138.83 -323970.14  0.26%  63.1  320s
 286426 133719 -323499.08   38  254 -323138.83 -323965.43  0.26%  63.1  326s
 291506 135225 -323442.02   46  189 -323138.83 -323960.00  0.25%  63.2  331s
 294797 136287 -323674.36   51  101 -323138.83 -323956.31  0.25%  63.3  335s
 299881 137815 -323549.19   55  161 -323138.83 -323951.77  0.25%  63.4  340s
 304855 139460 -323188.50   96   14 -323138.83 -323946.73  0.25%  63.4  345s
 309975 141148 -323684.56   50  121 -323138.83 -323942.05  0.25%  63.5  350s
 315329 142972     cutoff  105      -323138.83 -323938.29  0.25%  63.4  356s
 320584 144541     cutoff   99      -323138.83 -323933.42  0.25%  63.4  361s
 323842 145499     cutoff  103      -323138.83 -323931.30  0.25%  63.5  365s
 329066 147389 -323232.23   46  133 -323138.83 -323926.36  0.24%  63.5  370s
 333356 148779 -323223.60  101   68 -323138.83 -323922.20  0.24%  63.5  375s
 338530 150356 infeasible  107      -323138.83 -323918.04  0.24%  63.5  381s
 343697 151916     cutoff   73      -323138.83 -323914.39  0.24%  63.5  386s
 347313 153024 -323406.04   49  216 -323138.83 -323911.02  0.24%  63.5  390s
 352296 154470 -323277.84   59   80 -323138.83 -323906.69  0.24%  63.6  395s
 357255 155828 -323452.33   55  130 -323138.83 -323902.99  0.24%  63.7  400s
 362421 157183     cutoff   43      -323138.83 -323899.36  0.24%  63.7  406s
 365984 158240     cutoff  129      -323138.83 -323896.89  0.23%  63.7  410s
 371244 159793 -323456.26   62    2 -323138.83 -323892.82  0.23%  63.7  415s
 376413 161504 -323690.02   52  117 -323138.83 -323889.51  0.23%  63.6  421s
 381142 162628 infeasible   80      -323138.83 -323886.00  0.23%  63.7  426s
 384591 163668 -323163.66   53  182 -323138.83 -323883.32  0.23%  63.7  430s
 389836 165224 -323450.66   53  170 -323138.83 -323879.73  0.23%  63.7  435s
 394739 166433 -323757.99   54  131 -323138.83 -323876.51  0.23%  63.7  441s
 399467 167636 -323144.70   55  173 -323138.83 -323872.73  0.23%  63.8  446s
 402730 168553     cutoff   63      -323138.83 -323870.83  0.23%  63.8  450s
 407757 170009 -323591.07   48  109 -323138.83 -323867.30  0.23%  63.8  456s
 412679 171201     cutoff   44      -323138.83 -323863.69  0.22%  63.8  461s
 415902 172126 -323227.97   46  189 -323138.83 -323861.38  0.22%  63.8  465s
 421140 173384 -323548.30   51  114 -323138.83 -323857.85  0.22%  63.8  470s
 426259 174859 -323365.06   55  202 -323138.83 -323854.74  0.22%  63.7  476s
 429500 175536     cutoff   60      -323138.83 -323852.48  0.22%  63.7  498s
 430777 175879 -323527.77   57  125 -323138.83 -323852.01  0.22%  63.7  500s
 435431 177297 infeasible  109      -323138.83 -323849.09  0.22%  63.7  506s
 438827 178084     cutoff   81      -323138.83 -323846.88  0.22%  63.7  510s
 443947 179410 -323326.43   57  216 -323138.83 -323843.50  0.22%  63.7  516s
 447415 180361 -323413.18   60  249 -323138.83 -323841.39  0.22%  63.7  520s
 452736 181621 -323752.62   39  180 -323138.83 -323838.22  0.22%  63.7  526s
 456171 182581 -323373.00   46  142 -323138.83 -323836.39  0.22%  63.7  530s
 461418 183683 -323176.57   48  204 -323138.83 -323833.08  0.21%  63.7  535s
H464408 179812                    -323146.7386 -323831.74  0.21%  63.8  538s
 466494 180517 -323169.83  104    - -323146.74 -323830.16  0.21%  63.7  541s
 468164 180695     cutoff  104      -323146.74 -323828.90  0.21%  63.8  545s
H468727 178790                    -323151.5986 -323828.75  0.21%  63.8  545s
 472526 179825 -323604.57   53  100 -323151.60 -323826.25  0.21%  63.8  551s
 476183 180659 -323668.94   49  219 -323151.60 -323824.16  0.21%  63.8  555s
 482164 182303     cutoff  106      -323151.60 -323821.06  0.21%  63.7  561s
 484052 182447 -323174.07   60  158 -323151.60 -323820.19  0.21%  63.6  565s
 488063 183687 -323619.87   48  181 -323151.60 -323817.69  0.21%  63.6  571s
 491643 184449     cutoff   52      -323151.60 -323815.67  0.21%  63.6  575s
 497006 185536 -323193.98   76    2 -323151.60 -323812.96  0.20%  63.6  581s
 500540 186397 -323507.23   55   98 -323151.60 -323811.32  0.20%  63.6  585s
 505755 187458 -323336.20   85   22 -323151.60 -323808.40  0.20%  63.6  591s
 509418 188088 -323279.56   53  210 -323151.60 -323806.44  0.20%  63.5  595s
H514600 189106                    -323151.5986 -323803.86  0.20%  63.5  601s
 517951 189914 -323439.58   56  161 -323151.60 -323801.93  0.20%  63.5  605s
 523097 190942     cutoff   54      -323151.60 -323798.88  0.20%  63.6  611s
 526575 191474 -323225.33   54  216 -323151.60 -323797.01  0.20%  63.6  615s
 531667 192369 -323176.51   51  173 -323151.60 -323793.96  0.20%  63.6  621s
 535113 193121     cutoff   84      -323151.60 -323792.24  0.20%  63.6  625s
 540182 194034 -323412.79   53  208 -323151.60 -323789.60  0.20%  63.6  631s
 543576 194751 infeasible   96      -323151.60 -323788.12  0.20%  63.6  635s
 549136 195768     cutoff   49      -323151.60 -323785.05  0.20%  63.6  641s
 552728 196503     cutoff   50      -323151.60 -323783.38  0.20%  63.5  645s
 557957 197662 infeasible  103      -323151.60 -323780.63  0.19%  63.5  651s
 561303 198328 -323261.18   54  121 -323151.60 -323779.15  0.19%  63.6  655s
 566050 199180     cutoff   40      -323151.60 -323776.76  0.19%  63.6  661s
 569530 199879 -323575.17   51  133 -323151.60 -323774.89  0.19%  63.6  666s
 573542 200752 -323224.78   43  245 -323151.60 -323773.44  0.19%  63.5  670s
H577339 201324                    -323151.5987 -323771.69  0.19%  63.5  674s
 578553 201331 -323428.32   62  255 -323151.60 -323770.98  0.19%  63.5  678s
H578564 188638                    -323177.7609 -323770.98  0.18%  63.5  678s
 578573 188893 -323396.41   63  257 -323177.76 -323770.97  0.18%  63.5  680s
 583653 189757     cutoff   47      -323177.76 -323768.39  0.18%  63.6  687s
 587097 190378 -323463.18   51  157 -323177.76 -323766.79  0.18%  63.5  691s
 590493 190927 -323318.78   56   37 -323177.76 -323764.76  0.18%  63.5  695s
 595668 191800 infeasible  112      -323177.76 -323761.91  0.18%  63.5  701s
 599119 192326     cutoff   53      -323177.76 -323760.42  0.18%  63.5  706s
 602719 192856     cutoff   55      -323177.76 -323758.61  0.18%  63.5  710s
H605018 193197                    -323177.7612 -323757.61  0.18%  63.5  712s
 607047 193660 -323693.04   53   77 -323177.76 -323756.71  0.18%  63.5  717s
 610422 194191     cutoff   53      -323177.76 -323754.75  0.18%  63.5  721s
 613751 194460 -323371.08   48  153 -323177.76 -323753.37  0.18%  63.5  725s
 617077 195225 -323282.42   60  161 -323177.76 -323752.06  0.18%  63.5  730s
 622321 195895     cutoff  103      -323177.76 -323749.41  0.18%  63.5  736s
 625768 196406     cutoff   51      -323177.76 -323747.86  0.18%  63.5  741s
 629216 196907 infeasible   50      -323177.76 -323745.86  0.18%  63.5  745s
 634864 197900 -323617.55   51  146 -323177.76 -323743.50  0.18%  63.4  752s
 638472 198420     cutoff   56      -323177.76 -323741.74  0.17%  63.4  756s
 641923 198985 -323286.37   51  184 -323177.76 -323739.97  0.17%  63.4  760s
H644394 199249                    -323177.7618 -323738.99  0.17%  63.4  762s
H644639 199249                    -323177.7620 -323738.99  0.17%  63.4  762s
 646887 199865     cutoff  120      -323177.76 -323737.92  0.17%  63.4  767s
 650447 200442 -323680.26   47  276 -323177.76 -323736.90  0.17%  63.4  771s
H651858 200458                    -323177.7625 -323736.38  0.17%  63.4  771s
 653882 200791 -323539.78   52   80 -323177.76 -323735.17  0.17%  63.4  776s
 657266 201266     cutoff   61      -323177.76 -323733.72  0.17%  63.4  780s
 662611 201988 -323643.27   40  273 -323177.76 -323731.37  0.17%  63.4  787s
 665964 202359     cutoff   61      -323177.76 -323729.70  0.17%  63.4  791s
 669693 202944 infeasible  111      -323177.76 -323728.19  0.17%  63.3  796s
 673221 203422 -323545.49   53  254 -323177.76 -323726.73  0.17%  63.3  800s
 678366 204248     cutoff   62      -323177.76 -323724.56  0.17%  63.3  806s
 681657 204525 -323540.15   52  110 -323177.76 -323723.20  0.17%  63.3  811s
 685051 204901     cutoff   59      -323177.76 -323721.77  0.17%  63.3  815s
 690614 205684 infeasible  112      -323177.76 -323719.49  0.17%  63.3  821s
 694120 206089 -323487.08   48   80 -323177.76 -323718.09  0.17%  63.2  825s
 699220 206649 -323437.95   58   37 -323177.76 -323716.12  0.17%  63.2  832s
 702635 207087 -323480.17   50  212 -323177.76 -323714.55  0.17%  63.2  836s
 705965 207408 -323233.61   57  101 -323177.76 -323713.14  0.17%  63.2  840s
 711250 208078 -323639.25   49  161 -323177.76 -323711.32  0.17%  63.2  847s
 714657 208379 -323241.63   49  140 -323177.76 -323709.80  0.16%  63.2  851s
 718040 208693 infeasible   51      -323177.76 -323708.30  0.16%  63.2  855s
 723063 209232     cutoff   54      -323177.76 -323706.19  0.16%  63.2  861s
 726552 209615 -323477.71   52  220 -323177.76 -323704.67  0.16%  63.2  865s
 731846 210083     cutoff   74      -323177.76 -323702.50  0.16%  63.2  872s
 735157 210660     cutoff  116      -323177.76 -323701.15  0.16%  63.2  876s
 738501 211062 -323187.09   54  206 -323177.76 -323699.85  0.16%  63.2  880s
 743450 211655     cutoff   56      -323177.76 -323698.01  0.16%  63.2  886s
 746876 212026 -323566.54   42  298 -323177.76 -323696.49  0.16%  63.2  890s
 752280 212841     cutoff   98      -323177.76 -323694.43  0.16%  63.1  896s
 755597 213169 -323548.32   56  261 -323177.76 -323693.30  0.16%  63.2  900s
 760666 213839 -323248.26   57  235 -323177.76 -323691.43  0.16%  63.1  906s
 764146 214231 -323676.02   47  283 -323177.76 -323689.96  0.16%  63.1  910s
 769505 214930 infeasible   60      -323177.76 -323688.14  0.16%  63.1  916s
 773340 215473     cutoff   58      -323177.76 -323686.78  0.16%  63.0  921s
 776902 215777 -323370.76   53   85 -323177.76 -323685.39  0.16%  63.0  925s
 781367 216236 -323396.93   53  242 -323177.76 -323683.76  0.16%  63.0  931s
 785044 216683 -323344.38   50  162 -323177.76 -323682.08  0.16%  63.0  935s
 790132 216975 infeasible  103      -323177.76 -323680.08  0.16%  63.0  941s
 793326 217307 -323320.72   66  178 -323177.76 -323678.75  0.16%  63.0  945s
 796647 217690 -323469.42   37  171 -323177.76 -323677.61  0.15%  63.0  950s
 799804 218054 -323433.71   50  144 -323177.76 -323676.45  0.15%  63.0  955s
 805195 218527 -323245.01   48  173 -323177.76 -323674.79  0.15%  62.9  961s
 808791 218928 infeasible   49      -323177.76 -323673.38  0.15%  62.9  965s
 812149 219284 -323507.15   46  287 -323177.76 -323672.03  0.15%  62.9  970s
 817459 219914     cutoff   60      -323177.76 -323670.10  0.15%  62.9  976s
 820739 220364 -323274.16   50  138 -323177.76 -323669.00  0.15%  62.9  980s
 825950 221087     cutoff  100      -323177.76 -323667.21  0.15%  62.9  986s
 829244 221494 -323387.75   55  212 -323177.76 -323665.98  0.15%  62.9  990s
 834865 222161     cutoff  101      -323177.76 -323664.16  0.15%  62.8  996s
 838196 222436     cutoff   59      -323177.76 -323662.72  0.15%  62.8 1000s
 843348 222915 -323379.62   55  254 -323177.76 -323660.73  0.15%  62.8 1007s
 846580 223155 -323209.15   68   53 -323177.76 -323659.53  0.15%  62.8 1011s
 849934 223483 -323205.71   56  180 -323177.76 -323658.38  0.15%  62.8 1015s
 855090 224247     cutoff   58      -323177.76 -323656.51  0.15%  62.8 1021s
 858250 224570 -323377.15   57  137 -323177.76 -323655.66  0.15%  62.8 1025s
 863230 224961     cutoff   71      -323177.76 -323653.80  0.15%  62.8 1034s
 863514 225012     cutoff   71      -323177.76 -323653.73  0.15%  62.8 1036s
 866875 225275 infeasible   68      -323177.76 -323652.35  0.15%  62.8 1041s
 870466 225756 -323530.45   49  288 -323177.76 -323651.20  0.15%  62.8 1045s
 875657 226323 -323247.85   42  159 -323177.76 -323649.43  0.15%  62.7 1051s
 879127 226760 -323315.97   48  194 -323177.76 -323648.29  0.15%  62.7 1055s
 884057 227156 -323522.45   52  219 -323177.76 -323646.76  0.15%  62.8 1062s
 887536 227323 -323260.85   52  116 -323177.76 -323645.56  0.14%  62.7 1067s
 890139 227499     cutoff   50      -323177.76 -323644.64  0.14%  62.7 1071s
 893154 227715 -323600.90   41  135 -323177.76 -323643.74  0.14%  62.8 1075s
 897940 228177 -323482.17   53  215 -323177.76 -323642.02  0.14%  62.8 1081s
 901296 228652 -323326.98   77   45 -323177.76 -323640.93  0.14%  62.8 1085s
 906786 228915 -323406.90   46  220 -323177.76 -323639.13  0.14%  62.8 1091s
 910450 229314 -323276.47   56  188 -323177.76 -323638.10  0.14%  62.7 1096s
 913759 229566     cutoff   92      -323177.76 -323636.78  0.14%  62.7 1100s
 918813 229984     cutoff   59      -323177.76 -323635.31  0.14%  62.7 1107s
 922465 230497     cutoff   55      -323177.76 -323634.33  0.14%  62.7 1111s
 925749 230692 -323319.63   44  250 -323177.76 -323633.32  0.14%  62.7 1115s
 930703 231180 -323506.65   49  242 -323177.76 -323631.57  0.14%  62.7 1121s
 934239 231424     cutoff   60      -323177.76 -323630.78  0.14%  62.7 1125s
 938997 231778 -323351.74   49  101 -323177.76 -323628.91  0.14%  62.7 1131s
 942308 232089     cutoff   57      -323177.76 -323627.91  0.14%  62.7 1135s
 945743 232253 -323464.77   50  104 -323177.76 -323626.64  0.14%  62.7 1140s
 950975 232644 -323336.78   51   67 -323177.76 -323624.89  0.14%  62.7 1146s
 954382 232911     cutoff   79      -323177.76 -323623.90  0.14%  62.7 1150s
 959384 233289     cutoff   59      -323177.76 -323622.07  0.14%  62.7 1156s
 962709 233679 -323509.94   45  258 -323177.76 -323620.96  0.14%  62.7 1160s
 967611 234086 -323254.53   65  128 -323177.76 -323619.64  0.14%  62.7 1166s
 971008 234306     cutoff   55      -323177.76 -323618.54  0.14%  62.7 1170s
 976204 234741     cutoff   59      -323177.76 -323617.01  0.14%  62.7 1177s
 979554 234823 -323285.33   64  184 -323177.76 -323616.01  0.14%  62.7 1181s
 982713 235154 -323239.06   54  196 -323177.76 -323615.07  0.14%  62.7 1185s
 987525 235600 -323322.77   48  173 -323177.76 -323613.55  0.13%  62.7 1191s
 991114 235952     cutoff   66      -323177.76 -323612.56  0.13%  62.7 1196s
 994618 236092     cutoff   56      -323177.76 -323611.53  0.13%  62.6 1200s
 997950 236286 -323278.10   51  221 -323177.76 -323610.37  0.13%  62.6 1205s
 1001266 236394 -323562.75   58  192 -323177.76 -323609.32  0.13%  62.7 1210s
 1006773 236968 -323500.90   53  130 -323177.76 -323607.61  0.13%  62.6 1216s
 1010032 237195 -323216.30   60  144 -323177.76 -323606.74  0.13%  62.6 1220s
 1014195 237398     cutoff   67      -323177.76 -323605.56  0.13%  62.6 1225s
 1018908 237931     cutoff   62      -323177.76 -323604.17  0.13%  62.6 1231s
 1021788 238179 -323248.16   60   51 -323177.76 -323603.27  0.13%  62.6 1235s
 1026807 238569 -323211.73   51  151 -323177.76 -323601.87  0.13%  62.6 1241s
 1030122 238763 infeasible   69      -323177.76 -323600.94  0.13%  62.6 1246s
 1033585 239155 -323557.04   47  238 -323177.76 -323600.01  0.13%  62.5 1250s
 1036937 239363 -323353.65   56   49 -323177.76 -323599.14  0.13%  62.5 1256s
 1039049 239624 -323244.38   52   78 -323177.76 -323598.53  0.13%  62.5 1260s
 1042681 239847 -323213.48   71   23 -323177.76 -323597.50  0.13%  62.5 1265s
 1047421 240182 -323367.17   86   17 -323177.76 -323596.15  0.13%  62.5 1271s
 1050699 240357 -323238.69   85   86 -323177.76 -323595.16  0.13%  62.5 1275s
 1055740 240794 -323482.86   51  123 -323177.76 -323593.48  0.13%  62.5 1282s
 1058574 241020 -323267.37   59  140 -323177.76 -323592.70  0.13%  62.5 1286s
 1061621 241192 infeasible   58      -323177.76 -323591.74  0.13%  62.5 1290s
 1066451 241467 -323295.04   56  204 -323177.76 -323590.26  0.13%  62.5 1296s
 1069805 241526 -323421.01   56  185 -323177.76 -323589.32  0.13%  62.5 1300s
 1072989 241667 -323254.28   54  190 -323177.76 -323588.19  0.13%  62.5 1305s
 1077637 241998 -323538.41   45  173 -323177.76 -323586.90  0.13%  62.5 1311s
 1080689 242236     cutoff   52      -323177.76 -323586.25  0.13%  62.6 1315s
 1083981 242540 -323187.48   51  132 -323177.76 -323585.38  0.13%  62.6 1320s
 1089251 242893 -323385.10   56  129 -323177.76 -323584.06  0.13%  62.5 1327s
 1092448 242932 -323318.13   41  180 -323177.76 -323583.19  0.13%  62.5 1331s
 1094022 242975     cutoff   56      -323177.76 -323582.64  0.13%  62.5 1362s
 1096858 243189     cutoff   56      -323177.76 -323581.98  0.13%  62.5 1368s
 1097290 243354 -323364.76   49  292 -323177.76 -323581.79  0.13%  62.5 1370s
 1100540 243611     cutoff   59      -323177.76 -323580.84  0.12%  62.5 1375s
 1105555 243856 -323269.81   59  194 -323177.76 -323579.36  0.12%  62.5 1381s
 1109170 244621 -323426.14   71   23 -323177.76 -323578.41  0.12%  62.5 1386s
 1113163 244811 -323249.32   54   44 -323177.76 -323577.59  0.12%  62.5 1390s
 1118073 245197 -323488.29   50  114 -323177.76 -323576.21  0.12%  62.5 1397s
 1119850 245197     cutoff   53      -323177.76 -323575.83  0.12%  62.5 1400s
 1123618 245440 -323353.96   53  124 -323177.76 -323574.69  0.12%  62.5 1407s
 1126626 245645 -323441.08   55  249 -323177.76 -323574.04  0.12%  62.5 1411s
 1129781 245695     cutoff   62      -323177.76 -323573.31  0.12%  62.5 1416s
 1133132 245882     cutoff   69      -323177.76 -323572.10  0.12%  62.5 1421s
 1136475 246142     cutoff   61      -323177.76 -323571.18  0.12%  62.5 1426s
 1139990 246296     cutoff   65      -323177.76 -323570.16  0.12%  62.5 1430s
 1144877 246393     cutoff   59      -323177.76 -323568.74  0.12%  62.5 1437s
 1148037 246659 -323224.99   64  161 -323177.76 -323567.87  0.12%  62.5 1441s
 1151546 246838     cutoff   59      -323177.76 -323566.94  0.12%  62.5 1446s
 1154919 246986     cutoff   55      -323177.76 -323565.90  0.12%  62.5 1451s
 1158431 247287     cutoff   57      -323177.76 -323565.03  0.12%  62.5 1456s
 1161704 247451     cutoff   53      -323177.76 -323564.02  0.12%  62.5 1461s
 1165016 247517 -323499.17   50  277 -323177.76 -323563.15  0.12%  62.5 1465s
 1168171 247672     cutoff   60      -323177.76 -323562.42  0.12%  62.5 1470s
 1171746 247876     cutoff  111      -323177.76 -323561.34  0.12%  62.5 1475s
 1176438 248285     cutoff   60      -323177.76 -323560.21  0.12%  62.5 1481s
 1179803 248553 -323319.84   47  180 -323177.76 -323559.48  0.12%  62.5 1485s
 1184693 248893 -323525.86   42  238 -323177.76 -323558.17  0.12%  62.5 1491s
 1187983 249010 -323224.27   50  201 -323177.76 -323557.20  0.12%  62.5 1496s
 1191383 249240     cutoff  107      -323177.76 -323556.37  0.12%  62.5 1501s
 1194637 249394     cutoff   80      -323177.76 -323555.40  0.12%  62.5 1505s
 1198000 249801 -323253.51   58  150 -323177.76 -323554.70  0.12%  62.5 1510s
 1203083 249914 -323406.00   55  260 -323177.76 -323553.33  0.12%  62.5 1516s
 1206360 250206 -323437.83   56  191 -323177.76 -323552.44  0.12%  62.5 1520s
 1209646 250274 -323205.66   60  162 -323177.76 -323551.64  0.12%  62.5 1525s
 1214468 250590 -323438.27   52  292 -323177.76 -323550.31  0.12%  62.5 1531s
 1217700 250721 -323427.06   51  142 -323177.76 -323549.61  0.12%  62.5 1535s
 1221123 250996     cutoff   59      -323177.76 -323548.69  0.11%  62.5 1540s
 1224585 251054     cutoff   57      -323177.76 -323547.82  0.11%  62.5 1545s
 1227915 251094 -323226.15   49  108 -323177.76 -323546.98  0.11%  62.5 1550s
 1233091 251301 -323298.78   47  265 -323177.76 -323545.65  0.11%  62.5 1556s
 1236291 251366 infeasible   91      -323177.76 -323544.90  0.11%  62.5 1561s
 1239645 251487 -323300.49   48  213 -323177.76 -323543.91  0.11%  62.5 1565s
 1243092 251572 -323283.96   54   19 -323177.76 -323543.05  0.11%  62.5 1570s
 1247942 251643     cutoff   55      -323177.76 -323541.65  0.11%  62.6 1576s
 1251376 251696 -323292.65   50  236 -323177.76 -323540.78  0.11%  62.6 1581s
 1254518 251766     cutoff   48      -323177.76 -323539.83  0.11%  62.6 1585s
 1258775 251940     cutoff   46      -323177.76 -323538.69  0.11%  62.6 1592s
 1262192 252145 infeasible   71      -323177.76 -323538.01  0.11%  62.6 1596s
 1265365 252225     cutoff   54      -323177.76 -323537.10  0.11%  62.6 1600s
 1268751 252307 -323467.02   57  208 -323177.76 -323536.22  0.11%  62.6 1605s
 1272333 252445 -323245.21   49  154 -323177.76 -323535.42  0.11%  62.6 1610s
 1277516 252512 -323309.58   59  145 -323177.76 -323534.11  0.11%  62.6 1616s
 1280944 252697 -323357.79   73   33 -323177.76 -323533.22  0.11%  62.6 1621s
 1284659 252823 -323396.17   54  185 -323177.76 -323532.44  0.11%  62.6 1626s
 1287812 252851 -323453.75   46  267 -323177.76 -323531.62  0.11%  62.6 1631s
 1290114 252964 -323417.94   59  165 -323177.76 -323531.04  0.11%  62.6 1635s
 1293671 253062     cutoff   50      -323177.76 -323530.08  0.11%  62.6 1640s
 1298535 253387     cutoff   67      -323177.76 -323528.94  0.11%  62.6 1646s
 1301766 253500 -323235.27   58  162 -323177.76 -323528.02  0.11%  62.6 1650s
 1305182 253570 -323320.50   58  123 -323177.76 -323527.16  0.11%  62.6 1655s
 1308662 253864     cutoff   52      -323177.76 -323526.45  0.11%  62.7 1660s
 1313752 254034 -323420.82   51  123 -323177.76 -323525.30  0.11%  62.6 1666s
 1316797 253970 -323226.38   58  185 -323177.76 -323524.63  0.11%  62.7 1671s
 1320880 254098 -323277.79   60  208 -323177.76 -323523.61  0.11%  62.7 1676s
 1324228 254108 -323249.72   56   93 -323177.76 -323523.02  0.11%  62.7 1680s
 1327862 254257     cutoff   70      -323177.76 -323521.88  0.11%  62.7 1685s
 1332826 254310 -323244.83   55  207 -323177.76 -323520.55  0.11%  62.7 1691s
 1335785 254466     cutoff   58      -323177.76 -323519.76  0.11%  62.7 1696s
 1339169 254582 -323413.65   41  220 -323177.76 -323519.05  0.11%  62.7 1700s
 1342373 254825 -323287.04   61  183 -323177.76 -323518.36  0.11%  62.7 1706s
 1344296 255023 -323191.27   55   43 -323177.76 -323517.89  0.11%  62.7 1711s
 1347577 255181 -323382.45   43  170 -323177.76 -323517.14  0.11%  62.7 1716s
 1351014 255373 -323408.69   46  175 -323177.76 -323516.13  0.10%  62.7 1720s
 1355475 255530 -323500.75   57  147 -323177.76 -323515.11  0.10%  62.7 1727s
 1358651 255552     cutoff   60      -323177.76 -323514.28  0.10%  62.7 1732s
 1362190 255796 -323222.37   57  259 -323177.76 -323513.54  0.10%  62.7 1736s
 1365362 255856     cutoff   53      -323177.76 -323512.86  0.10%  62.7 1740s
 1368387 255846 -323343.98   56  221 -323177.76 -323512.15  0.10%  62.7 1745s
 1371947 255903 -323344.71   56  161 -323177.76 -323511.34  0.10%  62.8 1750s
 1375460 255947     cutoff   61      -323177.76 -323510.45  0.10%  62.8 1755s
 1378794 255932     cutoff   59      -323177.76 -323509.50  0.10%  62.8 1760s
 1383990 256094 -323407.57   48  120 -323177.76 -323508.18  0.10%  62.8 1767s
 1387454 256087 -323342.96   53  227 -323177.76 -323507.54  0.10%  62.7 1771s
 1390691 256189     cutoff   49      -323177.76 -323506.65  0.10%  62.8 1776s
 1394482 256233     cutoff   49      -323177.76 -323505.66  0.10%  62.8 1780s
 1397871 256328 -323236.04   51  115 -323177.76 -323504.96  0.10%  62.7 1785s
 1402962 256396     cutoff   58      -323177.76 -323503.92  0.10%  62.7 1791s
 1404316 256489 -323229.89   53  165 -323177.76 -323503.50  0.10%  62.8 1795s
 1409516 256798 -323441.01   54  224 -323177.76 -323502.37  0.10%  62.8 1801s
 1412975 257295 -323281.46   74  189 -323177.76 -323501.86  0.10%  62.7 1807s
 1416079 257318 -323194.49   50  140 -323177.76 -323501.35  0.10%  62.8 1812s
 1420005 257651 infeasible  119      -323177.76 -323500.49  0.10%  62.8 1817s
 1421579 257656 -323184.31   66   81 -323177.76 -323500.17  0.10%  62.8 1820s
 1425547 257880 -323232.47   65  159 -323177.76 -323499.38  0.10%  62.8 1827s
 1428771 257893 -323293.60   55   49 -323177.76 -323498.66  0.10%  62.8 1832s
 1432186 257974 infeasible  117      -323177.76 -323497.97  0.10%  62.8 1836s
 1435631 258012 -323282.89   45  278 -323177.76 -323497.24  0.10%  62.8 1841s
 1438948 258105 -323304.01   45  261 -323177.76 -323496.43  0.10%  62.8 1845s
 1442389 258163     cutoff   54      -323177.76 -323495.55  0.10%  62.8 1850s
 1447166 258255 -323293.42   52  199 -323177.76 -323494.60  0.10%  62.8 1856s
 1450422 258403 -323439.84   49  211 -323177.76 -323493.77  0.10%  62.8 1860s
 1453244 258545     cutoff   47      -323177.76 -323493.11  0.10%  62.8 1865s
 1458016 258599 -323411.46   53  216 -323177.76 -323491.99  0.10%  62.8 1871s
 1461206 258483 -323259.07   56  195 -323177.76 -323491.24  0.10%  62.8 1876s
 1464786 258485 -323406.58   53  254 -323177.76 -323490.55  0.10%  62.8 1880s
 1468082 258600 -323205.88   64   22 -323177.76 -323489.92  0.10%  62.9 1885s
 1471344 258599 -323294.58   45   74 -323177.76 -323489.16  0.10%  62.9 1890s
 1476760 258721 -323207.47   48  123 -323177.76 -323488.24  0.10%  62.8 1896s
 1480137 258736     cutoff   52      -323177.76 -323487.46  0.10%  62.8 1901s
 1482030 258799 -323264.60   55  346 -323177.76 -323487.21  0.10%  62.9 1905s
 1484080 258859     cutoff   59      -323177.76 -323486.78  0.10%  62.8 1910s
 1487211 258862 -323275.09   50  197 -323177.76 -323486.17  0.10%  62.9 1915s
 1490692 259064     cutoff   51      -323177.76 -323485.35  0.10%  62.9 1920s
 1493941 259121     cutoff   60      -323177.76 -323484.71  0.09%  62.9 1925s
 1499467 259254     cutoff  114      -323177.76 -323483.50  0.09%  62.9 1932s
 1502647 259424 -323341.95   49  169 -323177.76 -323482.89  0.09%  62.9 1936s
 1505729 259465 -323271.67   59  203 -323177.76 -323482.13  0.09%  62.9 1940s
 1510521 259558     cutoff   60      -323177.76 -323481.28  0.09%  62.9 1947s
 1513969 259612     cutoff   56      -323177.76 -323480.42  0.09%  62.9 1952s
 1517275 259479 -323196.31  105  148 -323177.76 -323479.66  0.09%  62.9 1957s
 1519411 259390 -323271.52   51  127 -323177.76 -323479.36  0.09%  62.9 1960s
 1522857 259341     cutoff   50      -323177.76 -323478.53  0.09%  62.9 1965s
 1525970 259386 -323178.16   52   80 -323177.76 -323478.03  0.09%  62.9 1970s
 1529599 259405 -323337.20   49  279 -323177.76 -323477.30  0.09%  62.9 1975s
 1533238 259355 -323411.58   58  253 -323177.76 -323476.56  0.09%  62.9 1980s
 1536725 259431 -323271.35   61  308 -323177.76 -323475.79  0.09%  62.9 1985s
 1539877 259453 -323327.95   60  107 -323177.76 -323475.04  0.09%  62.9 1990s
 1543363 259462 infeasible   63      -323177.76 -323474.37  0.09%  62.9 1995s
 1546962 259468 -323353.88   55  252 -323177.76 -323473.61  0.09%  62.9 2000s
 1549900 259463     cutoff   51      -323177.76 -323472.94  0.09%  62.9 2006s
 1553431 259510     cutoff   57      -323177.76 -323472.21  0.09%  63.0 2010s
 1556918 259547 -323249.34   46   74 -323177.76 -323471.62  0.09%  63.0 2015s
 1562130 259643 -323241.80   43  184 -323177.76 -323470.58  0.09%  63.0 2022s
 1563939 259699 -323418.36   45  202 -323177.76 -323470.20  0.09%  63.0 2025s
 1567662 259720 -323256.31   53  107 -323177.76 -323469.27  0.09%  63.0 2030s
 1571180 259697 -323204.70   57  137 -323177.76 -323468.58  0.09%  63.0 2035s
 1574893 259983 -323316.61   61   41 -323177.76 -323467.91  0.09%  63.0 2040s
 1578380 259931 -323308.10   46   65 -323177.76 -323467.30  0.09%  63.0 2045s
 1583978 259758 -323442.30   53  142 -323177.76 -323466.29  0.09%  63.0 2052s
 1587529 259884 -323303.98   59  185 -323177.76 -323465.60  0.09%  63.0 2056s
 1591232 259902 -323330.03   50  238 -323177.76 -323464.81  0.09%  63.0 2061s
 1594545 259743 -323372.94   59  242 -323177.76 -323464.38  0.09%  63.0 2066s
 1597883 259743 -323240.48   62  193 -323177.76 -323463.61  0.09%  63.0 2070s
 1599911 259765 -323368.70   62   40 -323177.76 -323463.21  0.09%  63.0 2076s
 1603375 259682 infeasible   60      -323177.76 -323462.50  0.09%  63.0 2081s
 1607062 259727     cutoff   56      -323177.76 -323461.58  0.09%  63.0 2086s
 1610741 259796 -323243.14   57  203 -323177.76 -323460.94  0.09%  63.0 2091s
 1614204 259792 infeasible  108      -323177.76 -323460.31  0.09%  63.0 2095s
 1617697 259864 -323315.00   40  295 -323177.76 -323459.54  0.09%  63.0 2100s
 1622431 259805     cutoff   54      -323177.76 -323458.61  0.09%  63.0 2107s
 1625948 259889 -323452.41   50  171 -323177.76 -323457.88  0.09%  63.0 2111s
 1629546 260068     cutoff   90      -323177.76 -323457.35  0.09%  63.0 2116s
 1633208 260200 -323437.04   82   23 -323177.76 -323456.65  0.09%  63.0 2122s
 1637140 260223 -323249.17   46   97 -323177.76 -323455.93  0.09%  63.0 2126s
 1640466 260020     cutoff   56      -323177.76 -323455.18  0.09%  63.0 2131s
 1644235 259936 -323218.72   47  182 -323177.76 -323454.41  0.09%  63.0 2136s
 1648123 259830 -323201.99   40  290 -323177.76 -323453.68  0.09%  63.0 2141s
 1651638 259774 -323437.34   50  184 -323177.76 -323452.92  0.09%  63.0 2145s
 1655125 259716 -323343.66   41  279 -323177.76 -323452.23  0.08%  63.1 2150s
 1658941 259640 infeasible   78      -323177.76 -323451.57  0.08%  63.1 2155s
 1662665 259732     cutoff   47      -323177.76 -323450.92  0.08%  63.1 2160s
 1666044 259650 -323296.06   64  213 -323177.76 -323450.15  0.08%  63.1 2165s
 1671586 259606 -323304.04   43   69 -323177.76 -323449.24  0.08%  63.1 2171s
 1675084 259594     cutoff   42      -323177.76 -323448.55  0.08%  63.1 2176s
 1677984 259492 -323278.13   53  194 -323177.76 -323448.05  0.08%  63.1 2182s
 1680175 259495 infeasible   50      -323177.76 -323447.50  0.08%  63.1 2185s
 1684036 259359 -323254.65   56  178 -323177.76 -323446.67  0.08%  63.1 2190s
 1687928 259364 -323285.71   74   28 -323177.76 -323445.94  0.08%  63.1 2195s
 1693141 259272 -323234.30   45  276 -323177.76 -323444.74  0.08%  63.1 2202s
 1696588 259350 -323258.14   71  239 -323177.76 -323444.02  0.08%  63.1 2207s
 1699986 259280 -323354.88   61   69 -323177.76 -323443.37  0.08%  63.1 2211s
 1703699 259259 -323346.66   60  137 -323177.76 -323442.67  0.08%  63.1 2217s
 1705621 259237 -323362.04   48  209 -323177.76 -323442.23  0.08%  63.1 2220s
 1709128 259053 -323320.34   43  344 -323177.76 -323441.54  0.08%  63.1 2225s
 1713004 259050     cutoff   56      -323177.76 -323440.71  0.08%  63.1 2230s
 1716252 258963     cutoff   57      -323177.76 -323440.19  0.08%  63.2 2235s
 1721524 258744 -323211.19   63   11 -323177.76 -323439.35  0.08%  63.2 2242s
 1725287 258625 -323282.96   49   98 -323177.76 -323438.54  0.08%  63.2 2246s
 1728722 258513     cutoff   43      -323177.76 -323437.86  0.08%  63.2 2251s
 1733492 260108     cutoff   61      -323177.76 -323437.36  0.08%  63.1 2256s
 1735805 259990     cutoff   53      -323177.76 -323437.04  0.08%  63.1 2262s
 1738344 260027     cutoff   58      -323177.76 -323436.46  0.08%  63.1 2265s
 1742353 259923 -323354.18   52  140 -323177.76 -323435.64  0.08%  63.1 2271s
 1746246 259787 -323249.69   50  189 -323177.76 -323434.77  0.08%  63.1 2277s
 1748321 259851     cutoff   49      -323177.76 -323434.44  0.08%  63.1 2280s
 1752392 259801     cutoff   88      -323177.76 -323433.83  0.08%  63.1 2286s
 1756111 259720 -323215.02   48   83 -323177.76 -323433.09  0.08%  63.1 2291s
 1759839 259579 -323210.30   58  162 -323177.76 -323432.38  0.08%  63.1 2296s
 1763508 259491 -323407.52   50  140 -323177.76 -323431.70  0.08%  63.1 2333s
 1764599 259359 -323269.52   54  198 -323177.76 -323431.67  0.08%  63.1 2337s
 1766954 259224 -323366.90   53  130 -323177.76 -323431.01  0.08%  63.1 2340s
 1771623 259174 -323197.14   49  154 -323177.76 -323430.14  0.08%  63.1 2347s
 1775495 259126     cutoff   47      -323177.76 -323429.39  0.08%  63.1 2352s
 1777181 258979     cutoff   59      -323177.76 -323429.07  0.08%  63.2 2355s
 1780692 258788 -323216.69   62  144 -323177.76 -323428.34  0.08%  63.2 2360s
 1784482 258764 -323202.25   53  164 -323177.76 -323427.64  0.08%  63.2 2366s
 1788051 258885     cutoff   72      -323177.76 -323427.00  0.08%  63.2 2371s
 1791826 258713 infeasible   57      -323177.76 -323426.30  0.08%  63.2 2375s
 1795277 258622 -323191.19   46  137 -323177.76 -323425.73  0.08%  63.2 2381s
 1798756 258602 -323260.49   56  251 -323177.76 -323425.14  0.08%  63.2 2385s
 1802403 258434     cutoff   61      -323177.76 -323424.43  0.08%  63.2 2390s
 1805962 258350 -323213.13   50   90 -323177.76 -323423.78  0.08%  63.2 2395s
 1809738 258321 -323244.69   58  227 -323177.76 -323423.15  0.08%  63.2 2400s
 1813296 258293 -323255.92   59  230 -323177.76 -323422.50  0.08%  63.2 2405s
 1816976 258126 infeasible   58      -323177.76 -323421.84  0.08%  63.2 2410s
 1822634 257977 -323299.99   63  107 -323177.76 -323420.92  0.08%  63.2 2417s
 1824609 257971     cutoff   50      -323177.76 -323420.63  0.08%  63.2 2421s
 1827175 257690 -323271.66   54  194 -323177.76 -323420.25  0.08%  63.2 2427s
 1830998 257445 -323403.26   53  272 -323177.76 -323419.50  0.07%  63.2 2432s
 1834753 257211     cutoff   61      -323177.76 -323418.78  0.07%  63.2 2437s
 1838324 257141 -323235.83   50  125 -323177.76 -323418.09  0.07%  63.2 2441s
 1841857 257070 -323371.38   46  243 -323177.76 -323417.41  0.07%  63.2 2446s
 1845586 256928 -323268.75   48  217 -323177.76 -323416.90  0.07%  63.2 2451s
 1849212 256608 -323303.58   45  281 -323177.76 -323416.10  0.07%  63.2 2456s
 1852879 256541 -323211.53   47  316 -323177.76 -323415.60  0.07%  63.3 2461s
 1856247 256296     cutoff   62      -323177.76 -323414.93  0.07%  63.3 2467s
 1860066 256067     cutoff   54      -323177.76 -323414.20  0.07%  63.3 2472s
 1863757 255889     cutoff   50      -323177.76 -323413.60  0.07%  63.3 2478s
 1864713 255848     cutoff   62      -323177.76 -323413.58  0.07%  63.3 2481s
 1869151 255713 infeasible   41      -323177.76 -323412.62  0.07%  63.3 2487s
 1871168 255700     cutoff   51      -323177.76 -323412.33  0.07%  63.3 2490s
 1874952 255602 -323226.31   54   52 -323177.76 -323411.70  0.07%  63.3 2495s
 1878967 255574 -323348.54   47  163 -323177.76 -323410.99  0.07%  63.3 2500s
 1882726 255388 -323214.00   60   94 -323177.76 -323410.17  0.07%  63.3 2505s
 1886396 255203 infeasible   54      -323177.76 -323409.57  0.07%  63.3 2510s
 1890226 255185 infeasible   97      -323177.76 -323408.93  0.07%  63.3 2515s
 1895924 254784 -323304.62   48  238 -323177.76 -323407.80  0.07%  63.3 2522s
 1897695 254719 -323284.25   51   57 -323177.76 -323407.51  0.07%  63.3 2525s
 1901218 254423 -323248.99   48  313 -323177.76 -323406.86  0.07%  63.3 2530s
 1904903 254070     cutoff   58      -323177.76 -323406.16  0.07%  63.3 2535s
 1908659 253845     cutoff  112      -323177.76 -323405.56  0.07%  63.3 2540s
 1912768 254115 -323357.52   76   31 -323177.76 -323405.06  0.07%  63.3 2545s
 1916318 253801     cutoff   51      -323177.76 -323404.41  0.07%  63.3 2550s
 1920098 253647 infeasible  110      -323177.76 -323403.66  0.07%  63.3 2555s
 1925569 253334 -323377.48   57  173 -323177.76 -323402.63  0.07%  63.3 2562s
 1929126 253036     cutoff   62      -323177.76 -323402.01  0.07%  63.3 2566s
 1932899 252821     cutoff   71      -323177.76 -323401.35  0.07%  63.3 2571s
 1936281 252536 -323247.01   62  231 -323177.76 -323400.82  0.07%  63.3 2576s
 1940048 252328 -323185.18   62   35 -323177.76 -323400.16  0.07%  63.3 2581s
 1943846 252152     cutoff   53      -323177.76 -323399.40  0.07%  63.3 2586s
 1947528 251921 -323251.69   47  236 -323177.76 -323398.77  0.07%  63.3 2591s
 1951206 251693 -323250.35   49   77 -323177.76 -323398.23  0.07%  63.3 2596s
 1954907 251320 -323291.92   54  195 -323177.76 -323397.40  0.07%  63.3 2600s
 1958565 251233 -323370.93   58  295 -323177.76 -323396.62  0.07%  63.3 2605s
 1962113 250927 -323293.21   60  194 -323177.76 -323395.95  0.07%  63.3 2610s
 1965421 250577 -323255.59   43  237 -323177.76 -323395.50  0.07%  63.3 2615s
 1969169 250301 -323390.60   51  127 -323177.76 -323394.66  0.07%  63.3 2620s
 1972861 250155 -323371.11   56  246 -323177.76 -323393.98  0.07%  63.3 2625s
 1978510 249887 -323343.96   56  189 -323177.76 -323392.94  0.07%  63.3 2632s
 1981925 249537 -323327.98   56  229 -323177.76 -323392.26  0.07%  63.3 2636s
 1985564 249260     cutoff   49      -323177.76 -323391.54  0.07%  63.3 2641s
 1989382 248976     cutoff   54      -323177.76 -323390.96  0.07%  63.3 2646s
 1993044 248655 -323207.54   52  195 -323177.76 -323390.26  0.07%  63.3 2650s
 1995622 248488 -323257.78   50  319 -323177.76 -323389.94  0.07%  63.3 2656s
 2000166 249076     cutoff  123      -323177.76 -323389.25  0.07%  63.3 2660s
 2003678 248922 -323226.72   56  176 -323177.76 -323388.66  0.07%  63.3 2665s
 2007275 248594 -323186.30   52  154 -323177.76 -323388.07  0.07%  63.3 2670s
 2010978 248409 infeasible   46      -323177.76 -323387.32  0.06%  63.3 2676s
 2013902 248238 infeasible   66      -323177.76 -323386.87  0.06%  63.3 2682s
 2014479 248093 -323305.97   56   67 -323177.76 -323386.86  0.06%  63.3 2685s
 2018752 247893 -323225.91   63  230 -323177.76 -323385.97  0.06%  63.3 2691s
 2022651 247615 -323365.96   41  169 -323177.76 -323385.33  0.06%  63.3 2696s
 2026510 247148     cutoff   56      -323177.76 -323384.64  0.06%  63.3 2701s
 2030352 247137 infeasible   92      -323177.76 -323383.97  0.06%  63.3 2706s
 2033876 246854     cutoff   60      -323177.76 -323383.39  0.06%  63.3 2710s
 2037394 246635 -323232.04   54  193 -323177.76 -323382.83  0.06%  63.3 2715s
 2041509 246387 infeasible   85      -323177.76 -323382.26  0.06%  63.3 2720s
 2045200 246029     cutoff   59      -323177.76 -323381.60  0.06%  63.3 2725s
 2048827 245599 -323252.05   44  372 -323177.76 -323380.95  0.06%  63.3 2730s
 2054105 245432 -323291.11   71   17 -323177.76 -323379.99  0.06%  63.3 2737s
 2057842 245106 -323239.59   56  162 -323177.76 -323379.38  0.06%  63.3 2742s
 2061485 244687     cutoff   87      -323177.76 -323378.76  0.06%  63.3 2746s
 2065226 244502     cutoff   54      -323177.76 -323378.15  0.06%  63.3 2751s
 2068794 244070 -323190.68   44  210 -323177.76 -323377.57  0.06%  63.3 2756s
 2072607 243608     cutoff   62      -323177.76 -323376.95  0.06%  63.3 2761s
 2076470 243261 -323181.57   96    - -323177.76 -323376.39  0.06%  63.3 2765s
 2080140 243085     cutoff   74      -323177.76 -323375.62  0.06%  63.3 2770s
 2085155 242545     cutoff   48      -323177.76 -323374.68  0.06%  63.3 2777s
 2088832 242322 -323250.74   58  112 -323177.76 -323373.95  0.06%  63.3 2781s
 2092494 241988 infeasible   61      -323177.76 -323373.30  0.06%  63.3 2786s
 2096254 241631 -323236.68   58  175 -323177.76 -323372.63  0.06%  63.3 2791s
 2099994 241206 -323299.89   53  236 -323177.76 -323372.01  0.06%  63.3 2795s
 2103485 240914     cutoff   48      -323177.76 -323371.43  0.06%  63.3 2800s
 2107175 240611     cutoff   56      -323177.76 -323370.80  0.06%  63.3 2805s
 2110947 240124 -323230.71   54  317 -323177.76 -323370.08  0.06%  63.3 2810s
 2116502 239772     cutoff   43      -323177.76 -323369.18  0.06%  63.3 2817s
 2120099 239463 -323307.00   54  243 -323177.76 -323368.57  0.06%  63.3 2821s
 2123605 239008 -323203.17   54  230 -323177.76 -323367.96  0.06%  63.3 2826s
 2127423 238856 -323227.51   50  184 -323177.76 -323367.40  0.06%  63.3 2831s
 2131155 238601 -323189.76   54  152 -323177.76 -323366.71  0.06%  63.3 2836s
 2134962 238147     cutoff   51      -323177.76 -323365.97  0.06%  63.3 2840s
 2138706 237852 -323258.52   49  212 -323177.76 -323365.31  0.06%  63.3 2845s
 2142379 237590 -323260.84   56   84 -323177.76 -323364.70  0.06%  63.3 2850s
 2146095 237339 -323312.57   55  229 -323177.76 -323364.13  0.06%  63.3 2855s
 2151491 236649     cutoff  105      -323177.76 -323363.01  0.06%  63.3 2862s
 2155276 236234     cutoff   49      -323177.76 -323362.33  0.06%  63.3 2867s
 2159106 235842 -323339.43   45  172 -323177.76 -323361.61  0.06%  63.3 2872s
 2162712 235287     cutoff   45      -323177.76 -323360.89  0.06%  63.3 2877s
 2166870 234801 -323301.01   47  167 -323177.76 -323360.10  0.06%  63.2 2882s
 2168876 234604     cutoff   65      -323177.76 -323359.80  0.06%  63.2 2885s
 2172904 234179 -323202.07   51   33 -323177.76 -323359.06  0.06%  63.2 2890s
 2176857 233813 -323197.71   52  155 -323177.76 -323358.31  0.06%  63.2 2895s
 2180905 233197 infeasible   66      -323177.76 -323357.57  0.06%  63.2 2901s
 2184750 232625 -323304.84   55  231 -323177.76 -323356.82  0.06%  63.2 2906s
 2188665 232385     cutoff   48      -323177.76 -323356.20  0.06%  63.2 2910s
 2192412 232013 -323308.00   64   50 -323177.76 -323355.57  0.06%  63.2 2915s
 2195906 231731     cutoff   76      -323177.76 -323354.95  0.05%  63.2 2921s
 2197826 231143 -323214.81   51   81 -323177.76 -323354.70  0.05%  63.2 2927s
 2199939 230949 -323348.37   58  160 -323177.76 -323354.18  0.05%  63.2 2930s
 2203911 230318     cutoff   46      -323177.76 -323353.43  0.05%  63.2 2935s
 2207868 229822     cutoff   48      -323177.76 -323352.69  0.05%  63.2 2941s
 2211745 229396     cutoff   60      -323177.76 -323352.03  0.05%  63.2 2946s
 2215721 228832 -323220.24   51  227 -323177.76 -323351.27  0.05%  63.2 2952s
 2217887 228573     cutoff   56      -323177.76 -323350.96  0.05%  63.2 2955s
 2221508 228078     cutoff   50      -323177.76 -323350.27  0.05%  63.2 2960s
 2225384 227555 -323191.64   55  229 -323177.76 -323349.62  0.05%  63.2 2965s
 2229119 226909 -323294.79   50  241 -323177.76 -323348.88  0.05%  63.2 2970s
 2232951 226475     cutoff   58      -323177.76 -323348.16  0.05%  63.2 2975s
 2235380 226183 -323220.82   66  235 -323177.76 -323347.76  0.05%  63.2 2982s
 2237440 226057 infeasible   52      -323177.76 -323347.40  0.05%  63.2 2985s
 2241684 225736 -323213.29   50  178 -323177.76 -323346.79  0.05%  63.2 2990s
 2245633 225156     cutoff   98      -323177.76 -323346.08  0.05%  63.1 2995s
 2249308 224614     cutoff   42      -323177.76 -323345.32  0.05%  63.1 3000s
 2252796 224008 -323328.36   47  182 -323177.76 -323344.74  0.05%  63.1 3005s
 2256784 223430 -323258.08   54   46 -323177.76 -323343.99  0.05%  63.1 3011s
 2260690 222902     cutoff   51      -323177.76 -323343.17  0.05%  63.1 3016s
 2264581 222452 infeasible   56      -323177.76 -323342.51  0.05%  63.1 3021s
 2268560 221886     cutoff   64      -323177.76 -323341.72  0.05%  63.1 3026s
 2272620 221201 -323265.54   54  362 -323177.76 -323340.97  0.05%  63.1 3031s
 2276772 220612     cutoff   95      -323177.76 -323340.23  0.05%  63.1 3036s
 2280624 220109     cutoff   49      -323177.76 -323339.57  0.05%  63.1 3041s
 2284645 219458     cutoff   59      -323177.76 -323338.81  0.05%  63.1 3045s
 2288595 218764 -323203.65   60  235 -323177.76 -323338.09  0.05%  63.1 3050s
 2292609 218068     cutoff   58      -323177.76 -323337.32  0.05%  63.1 3055s
 2296344 217279     cutoff   81      -323177.76 -323336.57  0.05%  63.1 3060s
 2300551 216796 -323301.05   56  128 -323177.76 -323335.84  0.05%  63.0 3065s
 2304601 216236     cutoff   42      -323177.76 -323335.19  0.05%  63.0 3071s
 2307562 215546 -323282.29   60  146 -323177.76 -323334.63  0.05%  63.0 3076s
 2311739 214912 -323219.23   51  171 -323177.76 -323333.79  0.05%  63.0 3081s
 2315934 214286 -323259.68   53  246 -323177.76 -323332.92  0.05%  63.0 3087s
 2318332 214016 -323203.83   52  298 -323177.76 -323332.59  0.05%  63.0 3090s
 2322628 213408 infeasible   52      -323177.76 -323331.88  0.05%  63.0 3095s
 2326714 212917     cutoff   53      -323177.76 -323331.11  0.05%  63.0 3100s
 2330953 212355 infeasible  107      -323177.76 -323330.38  0.05%  63.0 3105s
 2335120 211722 -323257.16   52  132 -323177.76 -323329.73  0.05%  63.0 3110s
 2339027 211062 -323277.83   54  274 -323177.76 -323329.03  0.05%  62.9 3115s
 2343079 210280     cutoff   57      -323177.76 -323328.21  0.05%  62.9 3120s
 2347132 209520 -323326.99   59  158 -323177.76 -323327.50  0.05%  62.9 3125s
 2351435 208548 -323200.10   63  200 -323177.76 -323326.76  0.05%  62.9 3130s
 2356181 207943     cutoff   68      -323177.76 -323326.07  0.05%  62.9 3135s
 2360300 207231 -323255.09   66  279 -323177.76 -323325.36  0.05%  62.9 3140s
 2364948 206542     cutoff   50      -323177.76 -323324.65  0.05%  62.8 3145s
 2368905 205786 -323316.40   63  158 -323177.76 -323323.96  0.05%  62.8 3150s
 2372995 205128     cutoff   51      -323177.76 -323323.15  0.04%  62.8 3155s
 2377175 204369     cutoff   53      -323177.76 -323322.45  0.04%  62.8 3160s
 2381266 203626 -323196.12   52   34 -323177.76 -323321.63  0.04%  62.8 3165s
 2385493 204755 -323310.32   69  179 -323177.76 -323320.88  0.04%  62.8 3170s
 2391676 209434     cutoff  104      -323177.76 -323320.87  0.04%  62.6 3176s
 2399332 212236 -323187.10   97   14 -323177.76 -323320.87  0.04%  62.5 3182s
 2406755 214175     cutoff   70      -323177.76 -323320.87  0.04%  62.4 3187s
 2410540 214952 -323316.83   89   36 -323177.76 -323320.87  0.04%  62.3 3190s
 2417970 216515     cutoff   77      -323177.76 -323320.87  0.04%  62.2 3196s
 2425402 217843 -323320.85   96  122 -323177.76 -323320.87  0.04%  62.1 3202s
 2428998 218341 -323311.31  121   31 -323177.76 -323320.87  0.04%  62.0 3205s
 2436175 219121 -323320.17   76  195 -323177.76 -323320.87  0.04%  61.9 3211s
 2443323 219786 -323320.84   80  120 -323177.76 -323320.86  0.04%  61.8 3216s
 2450495 220258     cutoff   84      -323177.76 -323320.86  0.04%  61.7 3222s
 2454021 220445     cutoff   70      -323177.76 -323320.86  0.04%  61.7 3225s
 2460983 220803 -323320.86   80  128 -323177.76 -323320.86  0.04%  61.6 3231s
 2468184 221157 -323320.86   82  124 -323177.76 -323320.86  0.04%  61.5 3237s
 2471744 221426     cutoff   88      -323177.76 -323320.86  0.04%  61.4 3240s
 2478906 221777 -323187.10   96   16 -323177.76 -323320.86  0.04%  61.3 3245s
 2486066 222094 -323312.11  103   31 -323177.76 -323320.86  0.04%  61.2 3253s
 2489582 222027 -323187.10   91   14 -323177.76 -323320.86  0.04%  61.2 3256s
 2495113 222021 -323310.98   79   31 -323177.76 -323320.86  0.04%  61.1 3262s
 2498616 222067 -323320.23   90  189 -323177.76 -323320.86  0.04%  61.1 3265s
 2504200 222086 -323320.86   95  121 -323177.76 -323320.86  0.04%  61.0 3273s
 2507687 222065 -323316.83   87   36 -323177.76 -323320.86  0.04%  61.0 3275s
 2512904 222269     cutoff   83      -323177.76 -323320.86  0.04%  60.9 3283s
 2516448 222245 -323316.83   83   36 -323177.76 -323320.86  0.04%  60.8 3285s
 2521934 222176 -323315.59   93   34 -323177.76 -323320.86  0.04%  60.8 3291s
 2523920 222070     cutoff   92      -323177.76 -323320.86  0.04%  60.7 3295s
 2529749 220354     cutoff   93      -323177.76 -323320.86  0.04%  60.7 3300s
 2532809 217071 infeasible   83      -323177.76 -323320.85  0.04%  60.6 3305s
 2536773 212714     cutoff   78      -323177.76 -323320.83  0.04%  60.6 3311s
 2540362 209936     cutoff  113      -323177.76 -323320.78  0.04%  60.5 3316s
 2543006 209774 -323232.07   52   57 -323177.76 -323320.45  0.04%  60.5 3320s
 2546654 208476 -323251.50   50  120 -323177.76 -323319.96  0.04%  60.5 3327s
 2549530 208054     cutoff   54      -323177.76 -323319.55  0.04%  60.5 3331s
 2555239 207083 infeasible   99      -323177.76 -323318.71  0.04%  60.5 3338s
 2558224 206616     cutoff  108      -323177.76 -323318.19  0.04%  60.5 3342s
 2560758 206049     cutoff   68      -323177.76 -323317.72  0.04%  60.5 3346s
 2567091 204783     cutoff   59      -323177.76 -323316.74  0.04%  60.4 3353s
 2570262 204110     cutoff   47      -323177.76 -323316.30  0.04%  60.4 3357s
 2573605 203468     cutoff   58      -323177.76 -323315.81  0.04%  60.4 3361s
 2576882 203292 -323222.20   57  240 -323177.76 -323315.33  0.04%  60.4 3365s
 2578131 202695 -323180.04   59  159 -323177.76 -323315.31  0.04%  60.4 3407s
 2581423 201581     cutoff   56      -323177.76 -323314.55  0.04%  60.4 3413s
 2586524 201017 -323233.49   59  146 -323177.76 -323313.81  0.04%  60.4 3418s
 2589764 200362 -323249.24   60  251 -323177.76 -323313.17  0.04%  60.4 3424s
 2594132 199770     cutoff   55      -323177.76 -323312.55  0.04%  60.4 3429s
 2598297 199368 -323220.49   60  185 -323177.76 -323312.03  0.04%  60.3 3433s
 2601935 198828 infeasible  110      -323177.76 -323311.62  0.04%  60.3 3437s
 2605411 198264 -323275.96   62  177 -323177.76 -323311.00  0.04%  60.3 3442s
 2608557 197649     cutoff   46      -323177.76 -323310.56  0.04%  60.3 3446s
 2611936 197230     cutoff   52      -323177.76 -323310.06  0.04%  60.3 3450s
 2618607 195968     cutoff  110      -323177.76 -323309.10  0.04%  60.3 3458s
 2621766 195428 -323263.76   55  211 -323177.76 -323308.60  0.04%  60.3 3462s
 2625001 194932 -323191.02   51  166 -323177.76 -323308.11  0.04%  60.3 3467s
 2628193 194360     cutoff   59      -323177.76 -323307.59  0.04%  60.3 3471s
 2631372 193649 -323246.15   49   95 -323177.76 -323307.17  0.04%  60.3 3475s
 2637922 192866 infeasible   65      -323177.76 -323306.09  0.04%  60.2 3483s
 2641271 192644     cutoff  105      -323177.76 -323305.78  0.04%  60.2 3486s
 2644368 192298     cutoff   56      -323177.76 -323305.39  0.04%  60.2 3490s
 2650416 191045     cutoff   53      -323177.76 -323304.45  0.04%  60.2 3498s
 2653551 190415     cutoff   55      -323177.76 -323303.98  0.04%  60.2 3502s
 2656861 189960 infeasible   73      -323177.76 -323303.36  0.04%  60.2 3506s
 2662730 188763     cutoff   62      -323177.76 -323302.47  0.04%  60.1 3514s
 2665900 188211 -323205.32   53   61 -323177.76 -323302.06  0.04%  60.1 3517s
 2669034 187583     cutoff   62      -323177.76 -323301.53  0.04%  60.1 3521s
 2672246 187078 -323204.26   61  217 -323177.76 -323300.98  0.04%  60.1 3525s
 2678423 185933     cutoff   55      -323177.76 -323299.97  0.04%  60.1 3532s
 2681759 185313     cutoff   55      -323177.76 -323299.46  0.04%  60.1 3536s
 2687669 184056     cutoff   83      -323177.76 -323298.57  0.04%  60.1 3543s
 2690839 183406     cutoff   77      -323177.76 -323298.06  0.04%  60.1 3546s
 2694079 182803 -323234.20   54  149 -323177.76 -323297.50  0.04%  60.1 3550s
 2700307 181598 -323199.64   55  121 -323177.76 -323296.38  0.04%  60.0 3557s
 2703391 181023 -323211.25   61  189 -323177.76 -323295.97  0.04%  60.0 3560s
 2709578 179789     cutoff   57      -323177.76 -323294.80  0.04%  60.0 3568s
 2712773 179213 -323243.93   47  203 -323177.76 -323294.30  0.04%  60.0 3572s
 2715896 178842 -323236.71   62  258 -323177.76 -323293.85  0.04%  60.0 3576s
 2719597 178353     cutoff  104      -323177.76 -323293.27  0.04%  60.0 3580s
 2725674 177468     cutoff   49      -323177.76 -323292.25  0.04%  59.9 3586s
 2727560 176776 -323284.69   62  192 -323177.76 -323292.19  0.04%  59.9 3590s
 2734201 175778     cutoff   55      -323177.76 -323290.96  0.04%  59.9 3597s
 2737173 175159     cutoff   66      -323177.76 -323290.44  0.03%  59.9 3601s
 2743524 174142 -323207.35   58  196 -323177.76 -323289.35  0.03%  59.9 3608s
 2746762 173405 -323184.72   48  219 -323177.76 -323289.07  0.03%  59.9 3611s
 2749739 172792     cutoff   65      -323177.76 -323288.34  0.03%  59.9 3615s
 2756033 171260 -323261.40   58  284 -323177.76 -323287.16  0.03%  59.8 3622s
 2759331 171682 -323266.90   50  127 -323177.76 -323286.59  0.03%  59.8 3626s
 2763426 171195 infeasible  114      -323177.76 -323286.24  0.03%  59.8 3630s
 2770210 169521     cutoff   59      -323177.76 -323285.24  0.03%  59.8 3637s
 2773060 168904     cutoff   64      -323177.76 -323284.70  0.03%  59.7 3640s
 2779248 167881 -323234.71   59  141 -323177.76 -323283.67  0.03%  59.7 3647s
 2782255 167290     cutoff   63      -323177.76 -323283.15  0.03%  59.7 3650s
 2787958 166144 infeasible   67      -323177.76 -323282.20  0.03%  59.7 3658s
 2790970 165430 -323209.54   59  117 -323177.76 -323281.61  0.03%  59.7 3661s
 2794151 164767 -323202.61   58  211 -323177.76 -323281.21  0.03%  59.7 3665s
 2800243 163567 -323214.33   54  138 -323177.76 -323280.00  0.03%  59.6 3673s
 2803491 162919     cutoff  101      -323177.76 -323279.43  0.03%  59.6 3677s
 2806558 162175 infeasible   96      -323177.76 -323278.91  0.03%  59.6 3681s
 2812576 161278 -323227.92   47   94 -323177.76 -323277.70  0.03%  59.6 3689s
 2813253 160449 -323227.92   48  169 -323177.76 -323277.67  0.03%  59.6 3693s
 2816785 159877 -323260.48   55  111 -323177.76 -323276.96  0.03%  59.6 3696s
 2819912 159298     cutoff   51      -323177.76 -323276.45  0.03%  59.6 3700s
 2826811 157826     cutoff   59      -323177.76 -323275.25  0.03%  59.5 3708s
 2829664 157120 infeasible   54      -323177.76 -323274.86  0.03%  59.5 3712s
 2832757 156371     cutoff   51      -323177.76 -323274.33  0.03%  59.5 3716s
 2839180 155003 infeasible   68      -323177.76 -323273.18  0.03%  59.5 3723s
 2842503 154801     cutoff   61      -323177.76 -323272.70  0.03%  59.5 3728s
 2845855 154060     cutoff   49      -323177.76 -323272.44  0.03%  59.5 3732s
 2849250 153232 -323198.55   54   74 -323177.76 -323271.76  0.03%  59.4 3736s
 2852488 152417     cutoff  104      -323177.76 -323271.26  0.03%  59.4 3740s
 2858715 150776 -323221.92   46  115 -323177.76 -323270.30  0.03%  59.4 3747s
 2861963 150128     cutoff   58      -323177.76 -323269.90  0.03%  59.4 3751s
 2867712 148686     cutoff  115      -323177.76 -323268.78  0.03%  59.4 3757s
 2870969 147719     cutoff   83      -323177.76 -323268.11  0.03%  59.3 3762s
 2874012 147512     cutoff   56      -323177.76 -323267.46  0.03%  59.3 3765s
 2878406 145708     cutoff   57      -323177.76 -323266.65  0.03%  59.3 3774s
 2881871 144992 infeasible  119      -323177.76 -323265.97  0.03%  59.3 3778s
 2885071 144139     cutoff   79      -323177.76 -323265.40  0.03%  59.3 3781s
 2888404 147910     cutoff   54      -323177.76 -323264.69  0.03%  59.2 3785s
 2897036 144498     cutoff   90      -323177.76 -323264.58  0.03%  59.1 3792s
 2900649 143396 -323201.14   58  126 -323177.76 -323264.32  0.03%  59.1 3796s
 2903958 142398     cutoff   47      -323177.76 -323263.69  0.03%  59.1 3800s
 2910885 140303     cutoff   51      -323177.76 -323262.43  0.03%  59.0 3807s
 2914231 139439     cutoff   65      -323177.76 -323261.82  0.03%  59.0 3811s
 2917579 138466 -323233.75   56  143 -323177.76 -323261.21  0.03%  59.0 3815s
 2924829 136400     cutoff   65      -323177.76 -323259.84  0.03%  58.9 3823s
 2928302 135192 infeasible   87      -323177.76 -323259.27  0.03%  58.9 3826s
 2932041 133905     cutoff   73      -323177.76 -323258.68  0.03%  58.9 3830s
 2938751 131579     cutoff   56      -323177.76 -323257.13  0.02%  58.9 3837s
 2942429 130335     cutoff   85      -323177.76 -323256.56  0.02%  58.8 3841s
 2948963 128096 infeasible   64      -323177.76 -323255.14  0.02%  58.8 3848s
 2952354 126933 -323235.12   62  218 -323177.76 -323254.24  0.02%  58.8 3851s
 2955702 125855 -323232.97   60  194 -323177.76 -323253.64  0.02%  58.8 3855s
 2962382 123498 -323197.49   60  129 -323177.76 -323252.12  0.02%  58.7 3862s
 2965908 122310 -323190.68   52  107 -323177.76 -323251.44  0.02%  58.7 3865s
 2973081 121805     cutoff   49      -323177.76 -323250.12  0.02%  58.6 3873s
 2977575 120292     cutoff   66      -323177.76 -323249.83  0.02%  58.6 3878s
 2981871 118749     cutoff   55      -323177.76 -323248.91  0.02%  58.6 3882s
 2985878 117382     cutoff   66      -323177.76 -323247.84  0.02%  58.5 3885s
 2993177 114689     cutoff   51      -323177.76 -323246.27  0.02%  58.5 3892s
 2996932 113407 -323180.68   73   86 -323177.76 -323245.46  0.02%  58.4 3896s
 3000473 113148     cutoff   62      -323177.76 -323244.47  0.02%  58.4 3900s
 3010203 120649     cutoff   99      -323177.76 -323243.79  0.02%  58.3 3908s
 3016618 124549 -323223.13  134   39 -323177.76 -323243.79  0.02%  58.2 3913s
 3023220 127724 -323241.01  105  100 -323177.76 -323243.79  0.02%  58.1 3918s
 3029282 130969 -323182.06  102  108 -323177.76 -323243.79  0.02%  58.0 3923s
 3035122 133967 -323229.97  117   84 -323177.76 -323243.74  0.02%  57.9 3927s
 3041034 136455 -323236.60  118   80 -323177.76 -323243.74  0.02%  57.8 3931s
 3046868 138595     cutoff  137      -323177.76 -323243.74  0.02%  57.7 3935s
 3057996 142421 -323243.64  102   98 -323177.76 -323243.74  0.02%  57.6 3947s
 3058729 145950 -323239.69  111   92 -323177.76 -323243.74  0.02%  57.5 3951s
 3064820 149198 infeasible  131      -323177.76 -323243.74  0.02%  57.5 3956s
 3070777 152195 -323181.63  114   97 -323177.76 -323243.74  0.02%  57.4 3960s
 3082264 157828 -323240.37   97  105 -323177.76 -323243.74  0.02%  57.2 3969s
 3088122 160888 -323243.66  104  106 -323177.76 -323243.74  0.02%  57.1 3974s
 3094029 163768 -323243.65   98  104 -323177.76 -323243.74  0.02%  57.0 3978s
 3099709 166136 -323243.10  111   87 -323177.76 -323243.74  0.02%  56.9 3982s
 3105230 167983 -323239.06  108  103 -323177.76 -323243.74  0.02%  56.9 3987s
 3110609 169482 -323238.49  116  100 -323177.76 -323243.74  0.02%  56.8 3991s
 3115557 171538 infeasible  111      -323177.76 -323243.74  0.02%  56.7 3995s
 3126195 174993 -323240.82  103  115 -323177.76 -323243.74  0.02%  56.6 4003s
 3129220 177284 -323243.38  105  110 -323177.76 -323243.74  0.02%  56.6 4007s
 3134409 178345 -323243.38   89   97 -323177.76 -323243.74  0.02%  56.5 4011s
 3137470 180335     cutoff  103      -323177.76 -323243.74  0.02%  56.5 4015s
 3147998 184961 -323215.33  108   31 -323177.76 -323243.74  0.02%  56.3 4023s
 3153381 187200 -323243.42  102  105 -323177.76 -323243.74  0.02%  56.3 4027s
 3158663 189241 -323224.06  113   88 -323177.76 -323243.74  0.02%  56.2 4031s
 3163872 191633 infeasible   90      -323177.76 -323243.74  0.02%  56.1 4035s
 3174203 193714     cutoff  117      -323177.76 -323243.74  0.02%  56.0 4045s
 3174330 195390 -323239.45  102  105 -323177.76 -323243.74  0.02%  56.0 4051s
 3179461 196791     cutoff  114      -323177.76 -323243.74  0.02%  55.9 4055s
 3184577 198888     cutoff   86      -323177.76 -323243.71  0.02%  55.9 4060s
 3195089 202396 -323243.28   95  115 -323177.76 -323243.70  0.02%  55.7 4068s
 3200109 204123 infeasible  125      -323177.76 -323243.70  0.02%  55.7 4072s
 3205311 206046 -323184.30  110   77 -323177.76 -323243.70  0.02%  55.6 4076s
 3210794 207673 -323243.65  104  104 -323177.76 -323243.70  0.02%  55.5 4081s
 3216068 208806 -323179.78  116   74 -323177.76 -323243.70  0.02%  55.5 4086s
 3221362 209077 -323225.53   92   42 -323177.76 -323243.69  0.02%  55.4 4090s
 3225748 209794 -323240.23  104   28 -323177.76 -323243.66  0.02%  55.3 4128s
 3231224 209507     cutoff   99      -323177.76 -323243.66  0.02%  55.3 4133s
 3236728 209019 infeasible   85      -323177.76 -323243.65  0.02%  55.2 4136s
 3243585 208141 -323183.13  110   25 -323177.76 -323243.65  0.02%  55.1 4141s
 3250688 206958 -323184.58  105  108 -323177.76 -323243.65  0.02%  55.1 4147s
 3254223 206362 -323184.57   96  106 -323177.76 -323243.65  0.02%  55.0 4150s
 3261343 205210 -323242.73   90   24 -323177.76 -323243.64  0.02%  55.0 4155s
 3268404 203808     cutoff  101      -323177.76 -323243.64  0.02%  54.9 4161s
 3275524 202609 -323239.71  112   33 -323177.76 -323243.61  0.02%  54.8 4166s
 3281910 201596 -323242.10   95  105 -323177.76 -323243.57  0.02%  54.8 4172s
 3285323 201148 -323221.43  110   31 -323177.76 -323243.52  0.02%  54.7 4175s
 3292372 200423 -323213.69   92  100 -323177.76 -323243.48  0.02%  54.7 4180s
 3299338 199522 -323217.18   85  100 -323177.76 -323243.46  0.02%  54.6 4186s
 3306468 198376 -323184.48   87  115 -323177.76 -323243.45  0.02%  54.5 4191s
 3312961 197489 -323243.43  105  102 -323177.76 -323243.44  0.02%  54.5 4196s
 3319802 196346 -323243.42  105  112 -323177.76 -323243.43  0.02%  54.4 4201s
 3326949 195031 infeasible   99      -323177.76 -323243.43  0.02%  54.3 4207s
 3330312 194406 infeasible   86      -323177.76 -323243.42  0.02%  54.3 4210s
 3337450 193271 infeasible   97      -323177.76 -323243.42  0.02%  54.3 4215s
 3343945 191743 -323239.76  113   30 -323177.76 -323243.41  0.02%  54.2 4221s
 3351146 190296 infeasible   97      -323177.76 -323243.40  0.02%  54.1 4226s
 3358297 189208 infeasible  105      -323177.76 -323243.40  0.02%  54.1 4231s
 3365352 187636     cutoff   54      -323177.76 -323243.39  0.02%  54.0 4236s
 3371952 186040 -323243.35   93  111 -323177.76 -323243.38  0.02%  54.0 4241s
 3375562 185887 -323242.60  101  112 -323177.76 -323243.37  0.02%  54.0 4245s
 3380242 184160 -323184.26   94  104 -323177.76 -323243.36  0.02%  53.9 4251s
 3387863 182348 -323223.34  108   49 -323177.76 -323243.33  0.02%  53.9 4257s
 3394751 180529 -323218.59  100  108 -323177.76 -323243.28  0.02%  53.8 4262s
 3401556 178880 -323243.20   99  106 -323177.76 -323243.24  0.02%  53.8 4267s
 3405064 178077 -323224.94   99   29 -323177.76 -323243.22  0.02%  53.7 4270s
 3412036 176349     cutoff   73      -323177.76 -323243.16  0.02%  53.7 4275s
 3418833 174621 infeasible  104      -323177.76 -323243.07  0.02%  53.6 4281s
 3425614 172834     cutoff  101      -323177.76 -323242.86  0.02%  53.6 4286s
 3432281 170979 infeasible  103      -323177.76 -323242.59  0.02%  53.5 4291s
 3439259 169538 -323187.72   60  170 -323177.76 -323242.26  0.02%  53.5 4297s
 3442480 168672 -323241.52   50   76 -323177.76 -323242.10  0.02%  53.5 4300s
 3449083 167242 -323214.91   57  136 -323177.76 -323241.60  0.02%  53.4 4305s
 3455993 165764     cutoff  102      -323177.76 -323241.30  0.02%  53.4 4311s
 3463256 164110 -323180.01  116  116 -323177.76 -323241.10  0.02%  53.3 4316s
 3470238 162511 -323193.83   53  240 -323177.76 -323240.94  0.02%  53.3 4322s
 3473892 161639 -323181.10  109  105 -323177.76 -323240.79  0.02%  53.3 4325s
 3480638 159906 -323232.96   50  279 -323177.76 -323240.62  0.02%  53.2 4330s
 3487238 158214 -323216.88  114   27 -323177.76 -323240.42  0.02%  53.2 4336s
 3494385 156471     cutoff  103      -323177.76 -323240.11  0.02%  53.1 4341s
 3500764 154991 -323238.18   97  101 -323177.76 -323239.67  0.02%  53.1 4347s
 3504258 154182     cutoff  105      -323177.76 -323239.49  0.02%  53.0 4351s
 3511410 152753     cutoff   69      -323177.76 -323239.29  0.02%  53.0 4357s
 3518240 150987     cutoff  116      -323177.76 -323239.14  0.02%  52.9 4363s
 3521754 150146 -323234.70   60  163 -323177.76 -323239.02  0.02%  52.9 4366s
 3528861 148298     cutoff  118      -323177.76 -323238.88  0.02%  52.8 4372s
 3535720 147375     cutoff  120      -323177.76 -323238.54  0.02%  52.8 4377s
 3538917 150501 -323235.87  124   20 -323177.76 -323238.37  0.02%  52.8 4383s
 3545567 148910 -323236.48  116   26 -323177.76 -323238.37  0.02%  52.7 4387s
 3551091 148031 infeasible  117      -323177.76 -323238.06  0.02%  52.6 4390s
 3558010 146261 -323182.09   60  245 -323177.76 -323237.45  0.02%  52.6 4396s
 3564699 143989     cutoff  118      -323177.76 -323236.82  0.02%  52.6 4401s
 3568279 142545 -323219.03  120   86 -323177.76 -323236.51  0.02%  52.5 4405s
 3575483 140043 -323235.85  116  103 -323177.76 -323236.09  0.02%  52.5 4411s
 3582790 137941 infeasible  124      -323177.76 -323235.41  0.02%  52.4 4416s
 3589325 135859 infeasible  131      -323177.76 -323234.87  0.02%  52.4 4422s
 3592902 134745     cutoff   48      -323177.76 -323234.65  0.02%  52.4 4425s
 3599739 132515 infeasible  133      -323177.76 -323233.90  0.02%  52.3 4430s
 3606447 130210 infeasible  126      -323177.76 -323233.22  0.02%  52.3 4436s
 3613483 131054 -323225.72   97   12 -323177.76 -323232.47  0.02%  52.2 4441s
 3617500 132494 -323231.95  129   71 -323177.76 -323232.31  0.02%  52.2 4445s
 3627845 139871 -323232.18   77  124 -323177.76 -323232.21  0.02%  52.0 4452s
 3634423 143152 infeasible  101      -323177.76 -323232.21  0.02%  52.0 4456s
 3648076 147651 -323232.19  106  123 -323177.76 -323232.21  0.02%  51.8 4463s
 3654775 148946     cutoff  132      -323177.76 -323232.21  0.02%  51.7 4466s
 3661627 150331     cutoff  130      -323177.76 -323232.20  0.02%  51.6 4470s
 3675374 152115 -323232.17  111  112 -323177.76 -323232.20  0.02%  51.4 4477s
 3682223 152675 infeasible  122      -323177.76 -323232.20  0.02%  51.4 4480s
 3695873 154095 -323232.18   91  120 -323177.76 -323232.20  0.02%  51.2 4488s
 3702421 154429 -323232.19   85  125 -323177.76 -323232.20  0.02%  51.1 4491s
 3709255 154690 -323230.93   92   17 -323177.76 -323232.20  0.02%  51.0 4495s
 3723016 154304 -323232.19   70  122 -323177.76 -323232.20  0.02%  50.9 4500s
 3733285 153844 -323232.17   73  119 -323177.76 -323232.19  0.02%  50.7 4505s
 3743306 152744 infeasible   78      -323177.76 -323232.19  0.02%  50.6 4511s
 3753293 151632 -323232.19   76  126 -323177.76 -323232.19  0.02%  50.5 4516s
 3763388 150004 -323232.18   98  120 -323177.76 -323232.19  0.02%  50.4 4521s
 3769950 148752 -323230.93   83   17 -323177.76 -323232.19  0.02%  50.3 4525s
 3780147 146803     cutoff   82      -323177.76 -323232.18  0.02%  50.2 4530s
 3790334 144748 -323232.17   84  118 -323177.76 -323232.18  0.02%  50.1 4536s
 3800414 142634 infeasible  115      -323177.76 -323232.17  0.02%  50.0 4541s
 3810293 140580 infeasible   96      -323177.76 -323232.17  0.02%  49.9 4546s
 3817144 139162 infeasible  108      -323177.76 -323232.16  0.02%  49.8 4550s
 3827267 137212 -323230.93  127   17 -323177.76 -323232.15  0.02%  49.7 4555s
 3837201 135251 -323230.19  119   14 -323177.76 -323232.13  0.02%  49.6 4560s
 3847215 133002     cutoff  109      -323177.76 -323232.10  0.02%  49.5 4566s
 3852424 131531     cutoff   93      -323177.76 -323232.08  0.02%  49.4 4570s
 3862103 128595     cutoff  104      -323177.76 -323231.90  0.02%  49.3 4577s
 3867864 126644 infeasible  121      -323177.76 -323231.35  0.02%  49.3 4582s
 3873819 124380     cutoff   65      -323177.76 -323230.83  0.02%  49.3 4587s
 3880723 121840 infeasible  113      -323177.76 -323230.17  0.02%  49.2 4592s
 3883711 121552 -323214.24  130   64 -323177.76 -323229.78  0.02%  49.2 4597s
 3884462 120152 infeasible  131      -323177.76 -323229.76  0.02%  49.2 4600s
 3892264 117434 -323186.56  127   86 -323177.76 -323229.34  0.02%  49.2 4605s
 3898910 115015 infeasible  126      -323177.76 -323228.78  0.02%  49.1 4611s
 3905897 112050 -323226.97  114   27 -323177.76 -323227.84  0.02%  49.1 4616s
 3912429 109658 -323226.94  107   83 -323177.76 -323227.00  0.02%  49.1 4622s
 3919268 106741 infeasible  111      -323177.76 -323226.45  0.02%  49.0 4627s
 3922436 105293     cutoff   58      -323177.76 -323226.28  0.02%  49.0 4630s
 3929501 102629     cutoff   56      -323177.76 -323225.15  0.01%  49.0 4636s
 3934042 100394 infeasible   57      -323177.76 -323224.85  0.01%  48.9 4643s
 3937639 98884     cutoff   92      -323177.76 -323223.80  0.01%  48.9 4646s
 3941137 97237 -323200.59   54   88 -323177.76 -323223.08  0.01%  48.9 4650s
 3948219 94749     cutoff   59      -323177.76 -323221.72  0.01%  48.9 4656s
 3952306 92227 infeasible  117      -323177.76 -323221.03  0.01%  48.8 4660s
 3959988 88982     cutoff   50      -323177.76 -323219.60  0.01%  48.8 4665s
 3967935 83640 infeasible  133      -323177.76 -323217.74  0.01%  48.8 4671s
 3977154 79600     cutoff   58      -323177.76 -323216.15  0.01%  48.7 4677s
 3981104 77662     cutoff  103      -323177.76 -323215.38  0.01%  48.7 4680s
 3989803 73538 -323199.31   57  211 -323177.76 -323213.51  0.01%  48.6 4687s
 3994135 71167 -323211.31   56  194 -323177.76 -323212.22  0.01%  48.6 4690s

Cutting planes:
  Learned: 2
  Gomory: 53
  Cover: 399
  Implied bound: 4
  Clique: 2
  MIR: 10
  Flow cover: 28
  Inf proof: 149
  Zero half: 29
  RLT: 82
  Lazy constraints: 4129

Explored 4003782 nodes (194378224 simplex iterations) in 4694.86 seconds
Thread count was 12 (of 12 available processors)

Solution count 10: -323178 -323178 -323152 ... -323004

Optimal solution found (tolerance 1.00e-04)
Best objective -3.231777625079e+05, best bound -3.232098484659e+05, gap 0.0099%

User-callback calls 8267566, time in user-callback 23.99 sec
-1
Leader's objective: 323178
Customers decisions:
Customer 1 - Obj: 409.831   part1: 421.105   part2: 11.274
1, 8: 0 8565.34 8526.93
0, 8: 0 -
41, 8, 0: 0 8565.34 10.6872 8526.93 8526.93
42, 8, 0: 1 8565.34 11.1781 8526.93 8526.93
1, 6: 0 2562.49 2179.8
0, 6: 0 -
41, 6, 1: 0 2562.49 10.6872 2179.8 2179.8
42, 6, 1: 1 2562.49 11.1781 2179.8 2179.8
Customer 2 - Obj: 71.3736   part1: 155.291   part2: 83.9173
2, 8: 0 8604.26 8526.93
0, 8: 0 -
41, 8, 2: 0 8604.26 80.1559 8526.93 8526.93
42, 8, 2: 1 8604.26 83.9173 8526.93 8526.93
2, 5: 0 6734.85 6665.31
0, 5: 0 -
41, 5, 3: 0 6734.85 80.1559 6665.31 6665.31
42, 5, 3: 1 6734.85 83.9173 6656.89 6665.31
Customer 3 - Obj: 279.736   part1: 283.242   part2: 3.50615
3, 2: 0 3141.71 3140.11
0, 2: 0 -
41, 2, 4: 0 3141.71 3.04357 3140.11 3140.11
42, 2, 4: 1 3141.71 3.50615 3136.6 3140.11
3, 0: 0 6255.37 6180.34
0, 0: 0 -
41, 0, 5: 0 6255.37 3.04357 6180.34 6180.34
42, 0, 5: 1 6255.37 3.50615 6180.34 6180.34
3, 6: 0 2382.9 2179.8
0, 6: 0 -
41, 6, 6: 0 2382.9 3.04357 2179.8 2179.8
42, 6, 6: 1 2382.9 3.50615 2179.8 2179.8
Customer 4 - Obj: -555.517   part1: 6.82107   part2: 562.338
4, 8: 1 8533.75 8526.93
0, 8: 0 -
41, 8, 7: 0 8533.75 15.7199 6389.57 8526.93
42, 8, 7: 0 8533.75 9.30108 6389.57 8526.93
Customer 5 - Obj: 24.0017   part1: 24.0017   part2: 1.36395e-12
5, 9: 1 645.292 621.29
0, 9: 0 -
41, 9, 8: 0 645.292 9.39247 621.29 621.29
42, 9, 8: 0 645.292 5.26494 621.29 621.29
Customer 6 - Obj: 30.4603   part1: 30.4603   part2: 1.00064e-11
6, 0: 1 6210.8 6180.34
0, 0: 0 -
41, 0, 9: 0 6210.8 23.8185 6180.34 6180.34
42, 0, 9: 0 6210.8 16.2461 6180.34 6180.34
Customer 7 - Obj: 292.507   part1: 326.008   part2: 33.5014
7, 8: 0 8826.76 8526.93
0, 8: 0 -
41, 8, 10: 0 8826.76 46.1257 8526.93 8526.93
42, 8, 10: 1 8826.76 33.5007 8526.93 8526.93
7, 4: 7.25725e-07 3245.41 3219.23
0, 4: 0 -
41, 4, 11: 0 3245.41 46.1257 3219.23 3219.23
42, 4, 11: 0.999999 3245.41 33.5007 3219.23 3219.23
Customer 8 - Obj: 277.466   part1: 307.744   part2: 30.2776
8, 7: 7.25724e-07 4785.6 4508.14
0, 7: 0 -
41, 7, 12: 0 4785.6 40.6926 4508.14 4508.14
42, 7, 12: 0.999999 4785.6 30.2776 4477.86 4508.14
Customer 9 - Obj: 44.235   part1: 239.734   part2: 195.499
9, 1: 0 8248.15 8203.92
0, 1: 0 -
41, 1, 13: 0 8248.15 204.279 8203.92 8203.92
42, 1, 13: 1 8248.15 195.499 8008.42 8203.92
Customer 10 - Obj: 22.9223   part1: 52.412   part2: 29.4896
10, 4: 0 3242.15 3219.23
0, 4: 0 -
41, 4, 14: 0 3242.15 28.1604 3219.23 3219.23
42, 4, 14: 1 3242.15 29.4896 3189.74 3219.23
Customer 11 - Obj: 226.61   part1: 314.63   part2: 88.02
11, 8: 0 8829.03 8526.93
0, 8: 0 -
41, 8, 15: 0 8829.03 83.8464 8526.93 8526.93
42, 8, 15: 1 8829.03 88.02 8514.4 8526.93
Customer 12 - Obj: 328.347   part1: 387.016   part2: 58.6696
12, 3: 0 1163.19 981.225
0, 3: 0 -
41, 3, 16: 0 1163.19 60.5532 981.225 981.225
42, 3, 16: 1 1163.19 58.6696 922.556 981.225
12, 2: 0 3286.49 3140.11
0, 2: 0 -
41, 2, 17: 0 3286.49 60.5532 3140.11 3140.11
42, 2, 17: 1 3286.49 58.6696 3140.11 3140.11
Customer 13 - Obj: 32.3032   part1: 73.4025   part2: 41.0994
13, 7: 0 4540.44 4508.14
0, 7: 0 -
41, 7, 18: 0 4540.44 44.5234 4508.14 4508.14
42, 7, 18: 1 4540.44 41.0994 4467.04 4508.14
Customer 14 - Obj: 107.71   part1: 162.829   part2: 55.1193
14, 9: 0 667.549 621.29
0, 9: 0 -
41, 9, 19: 0 667.549 60.598 621.29 621.29
42, 9, 19: 1 667.549 55.1193 566.171 621.29
14, 2: 0 3201.56 3140.11
0, 2: 0 -
41, 2, 20: 0 3201.56 60.598 3140.11 3140.11
42, 2, 20: 1 3201.56 55.1193 3140.11 3140.11
Customer 15 - Obj: 628.309   part1: 628.309   part2: 0
15, 3: 1 1409.7 981.225
0, 3: 0 -
41, 3, 21: 0 1409.7 184.656 981.225 981.225
42, 3, 21: 0 1409.7 173.112 981.225 981.225
15, 5: 1 6823.09 6665.31
0, 5: 0 -
41, 5, 22: 0 6823.09 184.656 6665.31 6665.31
42, 5, 22: 0 6823.09 173.112 6492.2 6665.31
15, 4: 1 3261.28 3219.23
0, 4: 0 -
41, 4, 23: 0 3261.28 184.656 3219.23 3219.23
42, 4, 23: 0 3261.28 173.112 3219.23 3219.23
Customer 16 - Obj: 185.85   part1: 234.607   part2: 48.7574
16, 7: 0 4605.76 4508.14
0, 7: 0 -
41, 7, 24: 0 4605.76 50.8845 4508.14 4508.14
42, 7, 24: 1 4605.76 47.6395 4508.14 4508.14
16, 8: 0 8633.92 8526.93
0, 8: 0 -
41, 8, 25: 0 8633.92 50.8845 8526.93 8526.93
42, 8, 25: 1 8633.92 47.6395 8526.93 8526.93
16, 9: 0 651.284 621.29
0, 9: 0 -
41, 9, 26: 0 651.284 50.8845 621.29 621.29
42, 9, 26: 1 651.284 47.6395 621.29 621.29
Customer 17 - Obj: 9.67999   part1: 9.67999   part2: 0
17, 3: 0 990.905 981.225
0, 3: 0 -
41, 3, 27: 0 990.905 71.6396 981.225 981.225
42, 3, 27: 1 990.905 0 981.225 981.225
Customer 18 - Obj: 115.401   part1: 115.401   part2: 6.42504e-13
18, 9: 1 736.691 621.29
0, 9: 0 -
41, 9, 28: 0 736.691 192.905 621.29 621.29
42, 9, 28: 0 736.691 181.678 621.29 621.29
Customer 19 - Obj: 114.858   part1: 114.858   part2: 9.55467e-12
19, 4: 1 3334.09 3219.23
0, 4: 0 -
41, 4, 29: 0 3334.09 254.995 3219.23 3219.23
42, 4, 29: 0 3334.09 242.87 3219.23 3219.23
Customer 20 - Obj: 89.7947   part1: 102.329   part2: 12.5339
20, 2: 0 3229.9 3140.11
0, 2: 0 -
41, 2, 30: 0 3229.9 13.03 3140.11 3140.11
42, 2, 30: 1 3229.9 12.5339 3127.57 3140.11
Customer 21 - Obj: 107.072   part1: 195.437   part2: 88.3645
21, 8: 0 8542.43 8526.93
0, 8: 0 -
41, 8, 31: 0 8542.43 97.8373 8526.93 8526.93
42, 8, 31: 1 8542.43 88.3645 8526.93 8526.93
21, 6: 0 2239.2 2179.8
0, 6: 0 -
41, 6, 32: 0 2239.2 97.8373 2179.8 2179.8
42, 6, 32: 1 2239.2 88.3645 2179.8 2179.8
21, 1: 0 8311.57 8203.92
0, 1: 0 -
41, 1, 33: 0 8311.57 97.8373 8203.92 8203.92
42, 1, 33: 1 8311.57 88.3645 8191.05 8203.92
Customer 22 - Obj: 50.977   part1: 481.229   part2: 430.252
22, 4: 0 3233.28 3219.23
0, 4: 0 -
41, 4, 34: 0 3233.28 446.227 3219.23 3219.23
42, 4, 34: 1 3233.28 430.252 3219.23 3219.23
22, 0: 0 6217.26 6180.34
0, 0: 0 -
41, 0, 35: 0 6217.26 446.227 6180.34 6180.34
42, 0, 35: 1 6217.26 430.252 5750.09 6180.34
Customer 23 - Obj: 326.587   part1: 579.45   part2: 252.863
23, 1: 0 8364.31 8203.92
0, 1: 0 -
41, 1, 36: 0 8364.31 262.027 8203.92 8203.92
42, 1, 36: 1 8364.31 252.863 8203.92 8203.92
23, 9: 0 672.772 621.29
0, 9: 0 -
41, 9, 37: 0 672.772 262.027 621.29 621.29
42, 9, 37: 1 672.772 252.863 621.29 621.29
23, 4: 0 3333.94 3219.23
0, 4: 0 -
41, 4, 38: 0 3333.94 262.027 3219.23 3219.23
42, 4, 38: 1 3333.94 252.863 2966.37 3219.23
Customer 24 - Obj: 380.882   part1: 509.224   part2: 128.342
24, 8: 0 8681.02 8526.93
0, 8: 0 -
41, 8, 39: 0 8681.02 124.031 8526.93 8526.93
42, 8, 39: 1 8681.02 128.342 8474.08 8526.93
24, 9: 0 923.572 621.29
0, 9: 0 -
41, 9, 40: 0 923.572 124.031 621.29 621.29
42, 9, 40: 1 923.572 128.342 621.29 621.29
Customer 25 - Obj: 149.121   part1: 208.104   part2: 58.9832
25, 4: 0 3368.35 3219.23
0, 4: 0 -
41, 4, 41: 0 3368.35 57.1377 3219.23 3219.23
42, 4, 41: 1 3368.35 58.9832 3160.25 3219.23
Customer 26 - Obj: 11.654   part1: 226.781   part2: 215.127
26, 5: 0 6676.97 6665.31
0, 5: 0 -
41, 5, 42: 0 6676.97 205.518 6665.31 6665.31
42, 5, 42: 1 6676.97 215.127 6450.19 6665.31
Customer 27 - Obj: 491.844   part1: 766.085   part2: 274.24
27, 3: 0 1199.52 981.225
0, 3: 0 -
41, 3, 43: 0 1199.52 330.944 981.225 981.225
42, 3, 43: 1 1199.52 274.24 770.044 981.225
27, 4: 0 3331.6 3219.23
0, 4: 0 -
41, 4, 44: 0 3331.6 330.944 3219.23 3219.23
42, 4, 44: 1 3331.6 274.24 3156.17 3219.23
27, 2: 0 3301.29 3140.11
0, 2: 0 -
41, 2, 45: 0 3301.29 330.944 3140.11 3140.11
42, 2, 45: 1 3301.29 274.24 3140.11 3140.11
Customer 28 - Obj: 240.857   part1: 240.857   part2: 0
28, 9: 1 829.773 621.29
0, 9: 0 -
41, 9, 46: 0 829.773 816.586 621.29 621.29
42, 9, 46: 0 829.773 623.433 621.29 621.29
28, 0: 1 6212.72 6180.34
0, 0: 0 -
41, 0, 47: 0 6212.72 816.586 6180.34 6180.34
42, 0, 47: 0 6212.72 623.433 6180.34 6180.34
Customer 29 - Obj: 142.233   part1: 142.233   part2: 0
29, 8: 1 8653.25 8526.93
0, 8: 0 -
41, 8, 48: 0 8653.25 182.046 8526.93 8526.93
42, 8, 48: 0 8653.25 159.221 8526.93 8526.93
29, 6: 1 2195.71 2179.8
0, 6: 0 -
41, 6, 49: 0 2195.71 182.046 2179.8 2179.8
42, 6, 49: 0 2195.71 159.221 2179.8 2179.8
Customer 30 - Obj: 132.587   part1: 132.587   part2: 0
30, 7: 1 4576.66 4508.14
0, 7: 0 -
41, 7, 50: 0 4576.66 297.921 4508.14 4508.14
42, 7, 50: 0 4576.66 259.924 4248.21 4508.14
30, 1: 1 8267.99 8203.92
0, 1: 0 -
41, 1, 51: 0 8267.99 297.921 8203.92 8203.92
42, 1, 51: 0 8267.99 259.924 8203.92 8203.92
Customer 31 - Obj: 394.012   part1: 561.051   part2: 167.039
31, 3: 0 1072.82 981.225
0, 3: 0 -
41, 3, 52: 0 1072.82 189.76 981.225 981.225
42, 3, 52: 1 1072.82 167.039 814.186 981.225
31, 0: 0 6310.6 6180.34
0, 0: 0 -
41, 0, 53: 0 6310.6 189.76 6180.34 6180.34
42, 0, 53: 1 6310.6 167.039 6180.34 6180.34
31, 6: 0 2351.96 2179.8
0, 6: 0 -
41, 6, 54: 0 2351.96 189.76 2179.8 2179.8
42, 6, 54: 1 2351.96 167.039 2179.8 2179.8
Customer 32 - Obj: 19.6533   part1: 19.6533   part2: 2.18276e-11
32, 1: 1 8223.57 8203.92
0, 1: 0 -
41, 1, 55: 0 8223.57 395.337 8203.92 8203.92
42, 1, 55: 0 8223.57 344.824 8203.92 8203.92
Customer 33 - Obj: 177.268   part1: 299.473   part2: 122.205
33, 2: 0 3145.82 3140.11
0, 2: 0 -
41, 2, 56: 0 3145.82 139.791 3140.11 3140.11
42, 2, 56: 1 3145.82 122.205 3017.9 3140.11
33, 4: 0 3297.2 3219.23
0, 4: 0 -
41, 4, 57: 0 3297.2 139.791 3219.23 3219.23
42, 4, 57: 1 3297.2 122.205 3219.23 3219.23
33, 9: 0 714.881 621.29
0, 9: 0 -
41, 9, 58: 0 714.881 139.791 621.29 621.29
42, 9, 58: 1 714.881 122.205 621.29 621.29
Customer 34 - Obj: 20.5794   part1: 20.5794   part2: 4.55031e-12
34, 5: 1 6685.89 6665.31
0, 5: 0 -
41, 5, 59: 0 6685.89 598.329 6665.31 6665.31
42, 5, 59: 0 6685.89 536.025 6665.31 6665.31
Customer 35 - Obj: 121.845   part1: 121.845   part2: 0
35, 8: 1 8634.56 8526.93
0, 8: 0 -
41, 8, 60: 0 8634.56 586.428 8526.93 8526.93
42, 8, 60: 0 8634.56 527.301 8526.93 8526.93
35, 9: 1 635.501 621.29
0, 9: 0 -
41, 9, 61: 0 635.501 586.428 621.29 621.29
42, 9, 61: 0 635.501 527.301 621.29 621.29
Customer 36 - Obj: 365.481   part1: 459.553   part2: 94.072
36, 7: 0 4526.71 4508.14
0, 7: 0 -
41, 7, 62: 0 4526.71 103.039 4508.14 4508.14
42, 7, 62: 1 4526.71 94.072 4508.14 4508.14
36, 5: 0 6817.75 6665.31
0, 5: 0 -
41, 5, 63: 0 6817.75 103.039 6665.31 6665.31
42, 5, 63: 1 6817.75 94.072 6665.31 6665.31
36, 0: 0 6374.82 6180.34
0, 0: 0 -
41, 0, 64: 0 6374.82 103.039 6180.34 6180.34
42, 0, 64: 1 6374.82 94.072 6086.27 6180.34
Customer 37 - Obj: 220.765   part1: 233.813   part2: 13.0478
37, 1: 0 8283.89 8203.92
0, 1: 0 -
41, 1, 65: 0 8283.89 14.2584 8203.92 8203.92
42, 1, 65: 1 8283.89 13.0478 8190.87 8203.92
37, 7: 0 4582.07 4508.14
0, 7: 0 -
41, 7, 66: 0 4582.07 14.2584 4508.14 4508.14
42, 7, 66: 1 4582.07 13.0478 4508.14 4508.14
37, 4: 0 3286.09 3219.23
0, 4: 0 -
41, 4, 67: 0 3286.09 14.2584 3219.23 3219.23
42, 4, 67: 1 3286.09 13.0478 3219.23 3219.23
Customer 38 - Obj: 395.719   part1: 504.538   part2: 108.819
38, 6: 0 2389.11 2179.8
0, 6: 0 -
41, 6, 68: 0 2389.11 119.606 2179.8 2179.8
42, 6, 68: 1 2389.11 108.819 2179.8 2179.8
38, 3: 0 1221.12 981.225
0, 3: 0 -
41, 3, 69: 0 1221.12 119.606 981.225 981.225
42, 3, 69: 1 1221.12 108.819 981.225 981.225
38, 8: 0 8548.94 8526.93
0, 8: 0 -
41, 8, 70: 0 8548.94 119.606 8526.93 8526.93
42, 8, 70: 1 8548.94 108.819 8493.6 8526.93
Customer 39 - Obj: 314.435   part1: 314.435   part2: 0
39, 0: 1 6367 6180.34
0, 0: 0 -
41, 0, 71: 0 6367 239.042 6180.34 6180.34
42, 0, 71: 0 6367 218.453 6180.34 6180.34
39, 6: 1 2198.22 2179.8
0, 6: 0 -
41, 6, 72: 0 2198.22 239.042 2179.8 2179.8
42, 6, 72: 0 2198.22 218.453 2179.8 2179.8
39, 8: 1 8636.28 8526.93
0, 8: 0 -
41, 8, 73: 0 8636.28 239.042 8526.93 8526.93
42, 8, 73: 0 8636.28 218.453 8526.93 8526.93
Customer 40 - Obj: 42.0667   part1: 42.0667   part2: 6.78404e-13
40, 3: 1 1023.29 981.225
0, 3: 0 -
41, 3, 74: 0 1023.29 683.694 981.225 981.225
42, 3, 74: 0 1023.29 625.399 981.225 981.225
Routing:
[5476.288830726923, 1070.339580642212, 1048.4499999985565, 989.279999998631]
[[21, 15], [22, 15], [23, 15], [28, 18], [29, 19], [46, 28], [47, 28], [48, 29], [49, 29], [50, 30], [51, 30], [55, 32], [59, 34], [60, 35], [61, 35], [71, 39], [72, 39], [73, 39], [74, 40]]
[[1, 1, 42], [3, 2, 42], [6, 3, 42], [9, 6], [14, 10, 42], [32, 21, 42], [36, 23, 42], [38, 23, 42], [42, 26, 42], [52, 31, 42], [57, 33, 42], [63, 36, 42], [67, 37, 42]]
[[0, 1, 42], [8, 5], [10, 7, 42], [11, 7, 42], [13, 9, 42], [15, 11, 42], [16, 12, 42], [25, 16, 42], [26, 16, 42], [27, 17, 42], [31, 21, 42], [33, 21, 42], [39, 24, 42], [43, 27, 42], [45, 27, 42], [54, 31, 42], [65, 37, 42], [69, 38, 42], [70, 38, 42]]
[[2, 2, 42], [4, 3, 42], [5, 3, 42], [7, 4], [12, 8, 42], [17, 12, 42], [18, 13, 42], [19, 14, 42], [20, 14, 42], [24, 16, 42], [30, 20, 42], [34, 22, 42], [35, 22, 42], [37, 23, 42], [40, 24, 42], [41, 25, 42], [44, 27, 42], [53, 31, 42], [56, 33, 42], [58, 33, 42], [62, 36, 42], [64, 36, 42], [66, 37, 42], [68, 38, 42]]
4, 0, 3
5, 0, 2
6, 0, 1
15, 0, 0
18, 0, 0
19, 15, 0
28, 19, 0
29, 28, 0
30, 29, 0
32, 30, 0
34, 32, 0
35, 34, 0
39, 35, 0
40, 18, 0
40, 39, 0
42, 0, 1
42, 6, 1
42, 0, 2
42, 5, 2
42, 0, 3
42, 4, 3
Routing cost: 8584.36
[323177.76250787673, 8584.358411366324, 4694.86195731163, 9.928269141412992e-05, 1, 2174.0321480706266, 0.7066666666666667, 0.65, 0.65]
