Using license file /util/academic/gurobi/licenses/gurobi.lic
Set parameter TokenServer to value srv-m14-36.cbls.ccr.buffalo.edu
Set parameter TSPort to value 46325
Changed value of parameter lazyConstraints to 1
   Prev: 0  Min: 0  Max: 1  Default: 0
Changed value of parameter TimeLimit to 600.0
   Prev: inf  Min: 0.0  Max: inf  Default: inf
Gurobi Optimizer version 9.1.1 build v9.1.1rc0 (linux64)
Thread count: 12 physical cores, 12 logical processors, using up to 12 threads
Optimize a model with 7080 rows, 12779 columns and 45068 nonzeros
Model fingerprint: 0x8559be54
Variable types: 2063 continuous, 10716 integer (10716 binary)
Coefficient statistics:
  Matrix range     [4e-01, 1e+04]
  Objective range  [1e+00, 1e+00]
  Bounds range     [1e+00, 6e+03]
  RHS range        [1e+00, 1e+04]
Presolve removed 1244 rows and 543 columns
Presolve time: 0.15s
Presolved: 5836 rows, 12236 columns, 41825 nonzeros
Variable types: 1238 continuous, 10998 integer (10998 binary)

Root relaxation: objective -5.279253e+05, 3349 iterations, 0.10 seconds

    Nodes    |    Current Node    |     Objective Bounds      |     Work
 Expl Unexpl |  Obj  Depth IntInf | Incumbent    BestBd   Gap | It/Node Time

     0     0 -527925.29    0  602          - -527925.29      -     -    0s
     0     0 -525783.94    0  844          - -525783.94      -     -    1s
     0     0 -523483.96    0  960          - -523483.96      -     -    1s
     0     0 -523328.48    0  942          - -523328.48      -     -    2s
     0     0 -523319.33    0  892          - -523319.33      -     -    2s
     0     0 -523318.46    0  894          - -523318.46      -     -    2s
     0     0 -523318.46    0  896          - -523318.46      -     -    2s
     0     0 -523318.46    0  889          - -523318.46      -     -    2s
     0     2 -523318.09    0  889          - -523318.09      -     -    3s
   148   180 -522409.24   12  814          - -523303.18      -   198    5s
  3718  3925 -520985.74   40  187          - -523297.16      -  36.7   10s
H 6224  5686                    -388670.5878 -523297.16  34.6%  29.4   14s
H 6224  5402                    -442620.6178 -523297.16  18.2%  29.4   14s
  6228  5405 -511333.77  260  546 -442620.62 -522549.34  18.1%  29.4   15s
H 6234  5138                    -443580.8947 -522484.04  17.8%  29.4   18s
H 6240  4885                    -452295.5747 -522335.48  15.5%  29.3   20s
  6253  4894 -516254.69   21  706 -452295.57 -522040.47  15.4%  29.3   25s
  6265  4902 -521689.57   15  780 -452295.57 -521952.43  15.4%  29.2   30s
H 6271  4660                    -459335.6047 -521918.03  13.6%  29.2   33s
  6278  4664 -512320.71  222  703 -459335.60 -521909.60  13.6%  29.2   35s
  6288  4671 -518977.29  110  693 -459335.60 -521893.59  13.6%  29.1   40s
H 6300  4443                    -461586.3864 -521865.85  13.1%  29.1   45s
  6317  4454 -509987.54  272  705 -461586.39 -521849.27  13.1%  29.0   50s
  6333  4465 -520073.21   56  772 -461586.39 -521829.14  13.1%  28.9   55s
  6350  4476 -519934.08   40  854 -461586.39 -521798.52  13.0%  28.8   60s
H 6365  4260                    -461596.2432 -521765.18  13.0%  28.8   65s
  6379  4270 -520258.74   38  967 -461596.24 -521752.16  13.0%  28.7   70s
H 6388  4059                    -475171.7287 -521742.86  9.80%  28.7   73s
  6396  4065 -515300.98  165  889 -475171.73 -521741.68  9.80%  43.1   75s
H 6398  3862                    -475181.5856 -521741.68  9.80%  43.1   76s
  6410  3870 -510169.16  171  888 -475181.59 -521739.94  9.80%  43.0   80s
H 6412  3678                    -475262.8465 -521735.67  9.78%  43.0   81s
  6423  3685 -519819.14   84  856 -475262.85 -521670.92  9.76%  42.9   85s
H 6431  3505                    -475781.7265 -521589.99  9.63%  42.9   89s
  6435  3508 -509924.67  276  973 -475781.73 -521578.45  9.63%  42.8   90s
  6446  3515 -520746.02   28  939 -475781.73 -521572.90  9.62%  42.8   95s
H 6452  3342                    -476125.8065 -521569.80  9.54%  42.7   98s
H 6452  3174                    -476396.3265 -521569.80  9.48%  42.7   99s
  6456  3177 -519627.36  111  985 -476396.33 -521568.72  9.48%  42.7  101s
  6459  3179 -519767.87   80  982 -476396.33 -521567.53  9.48%  42.7  105s
  6471  3187 -520634.56   35  938 -476396.33 -521541.40  9.48%  42.6  110s
  6480  3193 -521529.31    7  931 -476396.33 -521529.31  9.47%  42.5  115s
  6492  3201 -521375.99   40  897 -476396.33 -521511.92  9.47%  42.5  120s
  6505  3210 -520937.93   27  989 -476396.33 -521502.24  9.47%  42.4  125s
  6520  3221 -521500.13   13  874 -476396.33 -521500.13  9.47%  50.9  130s
  6530  3228 -514277.85  220  983 -476396.33 -521500.09  9.47%  50.8  135s
H 6530  3066                    -476411.7550 -521500.08  9.46%  50.8  135s
  6537  3071 -513201.48  249  961 -476411.76 -521499.35  9.46%  50.7  140s
  6543  3075 -503459.88  362 1031 -476411.76 -521496.51  9.46%  50.7  145s
  6550  3079 -519934.08   40 1031 -476411.76 -521495.39  9.46%  50.6  150s
  6553  3081 -516254.69   21 1025 -476411.76 -521494.98  9.46%  50.6  155s
  6560  3095 -521493.12   45  944 -476411.76 -521493.12  9.46%  56.2  160s
  6631  3147 -514492.21   49  479 -476411.76 -521487.78  9.46%  64.9  165s
  6712  3201 -516799.62   52  485 -476411.76 -521487.78  9.46%  70.5  171s
  6842  3287 -516712.61   58  425 -476411.76 -521487.78  9.46%  73.3  175s
  7290  3672 -514976.58   82  309 -476411.76 -521487.78  9.46%  74.8  180s
  8152  4307 -511957.26  139   94 -476411.76 -521487.78  9.46%  72.3  185s
  9327  5115 -508078.84  215   12 -476411.76 -521487.78  9.46%  67.4  190s
* 9579  4725             339    -499272.7317 -521487.78  4.45%  66.3  190s
* 9584  4577             340    -499276.9317 -521487.78  4.45%  66.2  190s
* 9591  4434             340    -499390.9517 -521487.78  4.42%  66.2  190s
* 9826  4378             342    -499391.3717 -521487.78  4.42%  65.8  192s
* 9827  4252             340    -499431.8617 -521487.78  4.42%  65.8  192s
 10453  4842 -504659.56  286   46 -499431.86 -521486.73  4.42%  64.4  195s
 11717  5625 -521298.07   50  529 -499431.86 -521486.72  4.42%  60.6  200s
 13573  7022 -519656.43   76  220 -499431.86 -521486.72  4.42%  55.6  205s
H14551  7545                    -499536.2517 -521486.72  4.39%  53.1  207s
H14781  7578                    -499856.7997 -521486.72  4.33%  52.7  207s
H14897  7563                    -500225.1017 -521486.72  4.25%  52.4  207s
H14977  7393                    -500554.9417 -521486.72  4.18%  52.2  207s
 15643  7934 -509044.64  227   41 -500554.94 -521415.40  4.17%  51.8  210s
 15912  8237 -505310.17  254   42 -500554.94 -521411.44  4.17%  51.5  216s
 16399  8430 -500937.91  276   21 -500554.94 -521384.74  4.16%  51.2  220s
 16679  8752 -520589.35   54  435 -500554.94 -521384.74  4.16%  50.7  241s
 17306  9227 -520361.22   64  408 -500554.94 -521384.74  4.16%  50.4  245s
 18374 10110 -503487.51  240   36 -500554.94 -521384.74  4.16%  50.6  252s
 18695 10773 -503457.30  271   33 -500554.94 -521378.78  4.16%  50.5  256s
 19517 11570 -500783.66  356    8 -500554.94 -521277.59  4.14%  50.7  260s
 21666 14550 -519077.85   83  234 -500554.94 -521261.43  4.14%  50.4  270s
 24051 16192 -501104.69  364   10 -500554.94 -521240.74  4.13%  48.4  275s
 25889 17773 -502024.93  308    4 -500554.94 -521232.48  4.13%  46.7  280s
 29286 19278 -500830.97  328    - -500554.94 -521209.59  4.13%  45.0  289s
 29400 20439 -500811.51  328    8 -500554.94 -521208.86  4.13%  45.3  294s
*29404 20429             331    -500580.1365 -521208.86  4.12%  45.3  294s
*29413 20414             331    -500620.9665 -521208.86  4.11%  45.3  294s
 30901 22050     cutoff  331      -500620.97 -521206.69  4.11%  44.9  299s
 32753 23285 -521050.33   54  600 -500620.97 -521183.25  4.11%  44.4  304s
 33020 23296 -520497.56   58  483 -500620.97 -521180.14  4.11%  44.4  305s
*33862 22155             257    -503047.8968 -521174.69  3.60%  44.3  305s
 34241 23972 -520571.39   52  677 -503047.90 -521173.04  3.60%  44.7  312s
 36341 26330 -520589.47   71  390 -503047.90 -521173.04  3.60%  44.4  320s
 39063 28012 -518494.96  103  193 -503047.90 -521173.04  3.60%  43.6  326s
 40994 29747 -515821.00  175   17 -503047.90 -521168.79  3.60%  43.3  331s
 43035 31142 -512077.82  317   10 -503047.90 -521157.05  3.60%  43.0  337s
 44620 32792 -516485.27   71  243 -503047.90 -521151.67  3.60%  43.1  343s
 46504 34422 -520567.78   50  685 -503047.90 -521148.45  3.60%  43.0  350s
 48231 36631 -517972.74   77  271 -503047.90 -521145.75  3.60%  42.7  359s
 51066 37706 -520865.49   65  484 -503047.90 -521134.69  3.60%  41.8  365s
 51901 40459 -520651.33   77  494 -503047.90 -521134.69  3.60%  42.3  373s
 54962 42700 -517835.54  131   67 -503047.90 -521134.69  3.60%  41.4  381s
 57803 45004 -516321.06  189   26 -503047.90 -521131.42  3.59%  40.7  389s
H58354 43583                    -504326.9210 -521131.42  3.33%  40.4  389s
 60339 43531 -506092.69  339   12 -504326.92 -521131.42  3.33%  39.9  419s
 60356 44514 -506034.02  340    2 -504326.92 -521129.32  3.33%  40.0  427s
H60684 44537                    -504327.3485 -521129.32  3.33%  39.9  427s
H60983 44534                    -504350.5768 -521129.32  3.33%  39.9  427s
H61495 44242                    -504666.0410 -521129.32  3.26%  40.1  427s
 61522 45572 -505262.91  342    - -504666.04 -521128.18  3.26%  40.2  435s
 63048 46927 -505148.70  342   23 -504666.04 -521117.53  3.26%  40.1  440s
*63049 46486             343    -505103.2898 -521117.53  3.17%  40.1  440s
 64640 48411 -519915.60   92  143 -505103.29 -521113.88  3.17%  40.0  448s
 66590 51252 -517937.95  147   77 -505103.29 -521113.88  3.17%  39.9  458s
 69983 53476 -515472.55  210   59 -505103.29 -521112.97  3.17%  39.1  467s
 72399 55363 -518021.08   85  161 -505103.29 -521112.97  3.17%  38.8  476s
H72861 36063                    -513525.3413 -521112.97  1.48%  38.9  476s
 74401 36890 -517012.35  149   23 -513525.34 -521104.03  1.48%  38.8  485s
 76176 38525 -516294.77  152   44 -513525.34 -521100.67  1.48%  38.8  494s
 77939 39811 -517724.13   80  250 -513525.34 -521097.14  1.47%  38.8  501s
H79021 34956                    -514638.2994 -521097.14  1.26%  38.9  501s
 79489 35959 -518275.95   68  363 -514638.30 -521095.31  1.25%  38.9  508s
 80830 37312 -519301.56   83  153 -514638.30 -521090.05  1.25%  39.2  516s
 82397 38339 -516766.07  132   57 -514638.30 -521088.36  1.25%  39.2  523s
 83657 40094 -519255.23   62  326 -514638.30 -521083.67  1.25%  39.5  532s
 85447 41600 -514915.81  132   97 -514638.30 -521083.24  1.25%  39.5  539s
 87238 42800 -520992.51   61  491 -514638.30 -521081.80  1.25%  39.6  547s
 88507 44762 -515521.79   94  215 -514638.30 -521079.66  1.25%  39.8  555s
 90846 45988 -515482.18   75  229 -514638.30 -521079.57  1.25%  39.6  561s
 92274 46805 -520743.21   57  581 -514638.30 -521079.57  1.25%  39.7  567s
 93202 47370 -515519.84   79  233 -514638.30 -521072.52  1.25%  39.9  572s
 93834 48413 -519542.20   79  178 -514638.30 -521071.28  1.25%  40.3  580s
 94919 49683 -517713.23  118    4 -514638.30 -521069.27  1.25%  40.4  587s
 96409 51129 -515645.12  185   28 -514638.30 -521068.05  1.25%  40.4  594s
 98014 52150 -515062.55  197   24 -514638.30 -521064.62  1.25%  40.4  600s

Cutting planes:
  Gomory: 84
  Cover: 328
  MIR: 24
  Flow cover: 131
  Inf proof: 5
  Zero half: 77
  RLT: 102
  Lazy constraints: 3017

Explored 99262 nodes (4018603 simplex iterations) in 600.15 seconds
Thread count was 12 (of 12 available processors)

Solution count 10: -514638 -513525 -505103 ... -500580

Time limit reached
Best objective -5.146382993824e+05, best bound -5.210637983608e+05, gap 1.2485%

User-callback calls 350481, time in user-callback 6.65 sec
-1
Leader's objective: 514638
Customers decisions:
Customer 1 - Obj: 340.747   part1: 452.528   part2: 111.781
1, 8: 0 8565.34 8526.93
0, 8: 0 -
63, 8: 0 8565.34 106.872 9379.62
64, 8: 1 8565.34 111.781 8495.51
65, 8: 0 8565.34 134.214 9379.62
1, 6: 0 2562.49 2179.8
0, 6: 0 -
63, 6: 0 2562.49 106.872 2397.78
64, 6: 1 2562.49 111.781 2179.8
65, 6: 0 2562.49 134.214 2397.78
Customer 2 - Obj: 66.5076   part1: 905.68   part2: 839.173
2, 8: 0 8604.26 8526.93
0, 8: 0 -
63, 8: 0 8604.26 801.559 9379.62
64, 8: 1 8604.26 839.173 8184.22
65, 8: 0 8604.26 1011.01 9379.62
2, 5: 0 6734.85 6665.31
0, 5: 0 -
63, 5: 0 6734.85 801.559 7331.84
64, 5: 1 6734.85 839.173 6249.21
65, 5: 0 6734.85 1011.01 7331.84
Customer 3 - Obj: 279.736   part1: 370.991   part2: 91.2554
3, 2: 0 3141.71 3140.11
0, 2: 0 -
63, 2: 0 3141.71 30.4357 3454.12
64, 2: 1 3141.71 35.0615 3105.04
65, 2: 0 3141.71 56.1939 3454.12
3, 0: 0 6255.37 6180.34
0, 0: 0 -
63, 0: 0 6255.37 30.4357 6149.91
64, 0: 1 6255.37 35.0615 6180.34
65, 0: 0 6255.37 56.1939 6180.34
3, 6: 0 2382.9 2179.8
0, 6: 0 -
63, 6: 0 2382.9 30.4357 2397.78
64, 6: 0 2382.9 35.0615 2179.8
65, 6: 1 2382.9 56.1939 2123.6
Customer 4 - Obj: -73.5368   part1: 16.6779   part2: 90.2147
4, 8: 0 8533.75 8526.93
0, 8: 0 -
63, 8: 0 8533.75 157.199 9379.62
64, 8: 0 8533.75 93.0108 9379.62
65, 8: 1 8533.75 90.2147 8517.07
Customer 5 - Obj: 24.0017   part1: 24.0017   part2: 1.36603e-12
5, 9: 1 645.292 621.29
0, 9: 0 -
63, 9: 0 645.292 93.9247 683.419
64, 9: 0 645.292 52.6494 683.419
65, 9: 0 645.292 60.1285 683.419
Customer 6 - Obj: 30.4603   part1: 30.4603   part2: 6.16256e-16
6, 0: 1 6210.8 6180.34
0, 0: 0 -
63, 0: 0 6210.8 238.185 6798.38
64, 0: 0 6210.8 162.461 6798.38
65, 0: 0 6210.8 10.6683 6798.38
Customer 7 - Obj: 326.008   part1: 326.008   part2: 0
7, 8: 1 8826.76 8526.93
0, 8: 0 -
63, 8: 0 8826.76 461.257 9379.62
64, 8: 0 8826.76 335.007 9379.62
65, 8: 0 8826.76 654.967 9379.62
7, 4: 1 3245.41 3219.23
0, 4: 0 -
63, 4: 0 3245.41 461.257 3541.15
64, 4: 0 3245.41 335.007 3541.15
65, 4: 0 3245.41 654.967 3541.15
Customer 8 - Obj: 277.466   part1: 277.466   part2: 1.63567e-11
8, 7: 1 4785.6 4508.14
0, 7: 0 -
63, 7: 0 4785.6 306.295 4958.95
64, 7: 0 4785.6 234.051 4958.95
65, 7: 0 4785.6 301.011 4958.95
Customer 9 - Obj: 44.235   part1: 44.235   part2: -4.48116e-15
9, 1: 1 8248.15 8203.92
0, 1: 0 -
63, 1: 0 8248.15 222.362 9024.31
64, 1: 0 8248.15 168.239 9024.31
65, 1: 0 8248.15 305.418 9024.31
Customer 10 - Obj: 22.9223   part1: 26.2647   part2: 3.34234
10, 4: 0 3242.15 3219.23
0, 4: 0 -
63, 4: 0 3242.15 92.2093 3541.15
64, 4: 0 3242.15 64.0653 3541.15
65, 4: 1 3242.15 3.34234 3215.89
Customer 11 - Obj: 218.637   part1: 302.102   part2: 83.4642
11, 8: 0 8829.03 8526.93
0, 8: 0 -
63, 8: 0 8829.03 345.357 9379.62
64, 8: 0 8829.03 256.965 9379.62
65, 8: 1 8829.03 66.2531 8526.93
Customer 12 - Obj: 328.347   part1: 380.364   part2: 52.0178
12, 3: 0 1163.19 981.225
0, 3: 0 -
63, 3: 0 1163.19 228.451 1079.35
64, 3: 0 1163.19 189.486 1079.35
65, 3: 1 1163.19 52.0178 981.225
12, 2: 0 3286.49 3140.11
0, 2: 0 -
63, 2: 0 3286.49 228.451 3454.12
64, 2: 0 3286.49 189.486 3454.12
65, 2: 1 3286.49 52.0178 3088.09
Customer 13 - Obj: 32.3032   part1: 32.3032   part2: 1.81888e-11
13, 7: 1 4540.44 4508.14
0, 7: 0 -
63, 7: 0 4540.44 568.731 4958.95
64, 7: 0 4540.44 518.13 4958.95
65, 7: 0 4540.44 421.141 4958.95
Customer 14 - Obj: 107.71   part1: 107.71   part2: 0
14, 9: 1 667.549 621.29
0, 9: 0 -
63, 9: 0 667.549 855.06 683.419
64, 9: 0 667.549 756.648 683.419
65, 9: 0 667.549 601.467 683.419
14, 2: 1 3201.56 3140.11
0, 2: 0 -
63, 2: 0 3201.56 855.06 3454.12
64, 2: 0 3201.56 756.648 3454.12
65, 2: 0 3201.56 601.467 3454.12
Customer 15 - Obj: 628.309   part1: 628.309   part2: 0
15, 3: 1 1409.7 981.225
0, 3: 0 -
63, 3: 0 1409.7 2598.58 1079.35
64, 3: 0 1409.7 2391.25 1079.35
65, 3: 0 1409.7 2064.26 1079.35
15, 5: 1 6823.09 6665.31
0, 5: 0 -
63, 5: 0 6823.09 2598.58 7331.84
64, 5: 0 6823.09 2391.25 7331.84
65, 5: 0 6823.09 2064.26 7331.84
15, 4: 1 3261.28 3219.23
0, 4: 0 -
63, 4: 0 3261.28 2598.58 3541.15
64, 4: 0 3261.28 2391.25 3541.15
65, 4: 0 3261.28 2064.26 3541.15
Customer 16 - Obj: 234.607   part1: 234.607   part2: 0
16, 7: 1 4605.76 4508.14
0, 7: 0 -
63, 7: 0 4605.76 751.755 4958.95
64, 7: 0 4605.76 693.466 4958.95
65, 7: 0 4605.76 601.555 4024.34
16, 8: 1 8633.92 8526.93
0, 8: 0 -
63, 8: 0 8633.92 751.755 9379.62
64, 8: 0 8633.92 693.466 9379.62
65, 8: 0 8633.92 601.555 9379.62
16, 9: 1 651.284 621.29
0, 9: 0 -
63, 9: 0 651.284 751.755 683.419
64, 9: 0 651.284 693.466 503.527
65, 9: 0 651.284 601.555 503.527
Customer 17 - Obj: 9.67999   part1: 9.67999   part2: 2.10161e-12
17, 3: 1 990.905 981.225
0, 3: 0 -
63, 3: 0 990.905 1739.4 1079.35
64, 3: 0 990.905 1662.84 1079.35
65, 3: 0 990.905 1437.86 1079.35
Customer 18 - Obj: 115.401   part1: 115.401   part2: 0
18, 9: 1 736.691 621.29
0, 9: 0 -
63, 9: 0 736.691 4237.76 683.419
64, 9: 0 736.691 4055.62 683.419
65, 9: 0 736.691 3520.48 683.419
Customer 19 - Obj: 114.858   part1: 114.858   part2: 3.88305e-13
19, 4: 0 3334.09 3219.23
0, 4: 0 -
63, 4: 0 3334.09 1748.77 3541.15
64, 4: 0 3334.09 1831.31 3541.15
65, 4: 1 3334.09 0 3219.23
Customer 20 - Obj: 89.7947   part1: 89.7947   part2: 1.81935e-11
20, 2: 1 3229.9 3140.11
0, 2: 0 -
63, 2: 0 3229.9 67.8279 3454.12
64, 2: 0 3229.9 71.2042 3454.12
65, 2: 0 3229.9 86.6327 3454.12
Customer 21 - Obj: 102.206   part1: 530.604   part2: 428.398
21, 8: 1 8542.43 8526.93
0, 8: 0 -
63, 8: 0 8542.43 378.447 8148.48
64, 8: 0 8542.43 366.674 8160.26
65, 8: 0 8542.43 428.398 8446.57
21, 6: 0 2239.2 2179.8
0, 6: 0 -
63, 6: 0 2239.2 378.447 2179.8
64, 6: 0 2239.2 366.674 2179.8
65, 6: 1 2239.2 428.398 1831.76
21, 1: 0 8311.57 8203.92
0, 1: 0 -
63, 1: 0 8311.57 378.447 9024.31
64, 1: 0 8311.57 366.674 8203.92
65, 1: 1 8311.57 428.398 8203.92
Customer 22 - Obj: 50.977   part1: 50.977   part2: 5.32349e-15
22, 4: 1 3233.28 3219.23
0, 4: 0 -
63, 4: 0 3233.28 1280.46 3541.15
64, 4: 0 3233.28 1181.99 3541.15
65, 4: 0 3233.28 1034.63 3541.15
22, 0: 1 6217.26 6180.34
0, 0: 0 -
63, 0: 0 6217.26 1280.46 6798.38
64, 0: 0 6217.26 1181.99 6798.38
65, 0: 0 6217.26 1034.63 6798.38
Customer 23 - Obj: 326.587   part1: 326.587   part2: 0
23, 1: 1 8364.31 8203.92
0, 1: 0 -
63, 1: 0 8364.31 624.803 9024.31
64, 1: 0 8364.31 568.314 9024.31
65, 1: 0 8364.31 711.491 9024.31
23, 9: 1 672.772 621.29
0, 9: 0 -
63, 9: 0 672.772 624.803 621.29
64, 9: 0 672.772 568.314 621.29
65, 9: 0 672.772 711.491 683.419
23, 4: 1 3333.94 3219.23
0, 4: 0 -
63, 4: 0 3333.94 624.803 2594.43
64, 4: 0 3333.94 568.314 2650.92
65, 4: 0 3333.94 711.491 2507.74
Customer 24 - Obj: 456.374   part1: 456.374   part2: 7.40541e-14
24, 8: 1 8681.02 8526.93
0, 8: 0 -
63, 8: 0 8681.02 1012.99 9379.62
64, 8: 0 8681.02 949.661 9379.62
65, 8: 0 8681.02 667.02 9379.62
24, 9: 1 923.572 621.29
0, 9: 0 -
63, 9: 0 923.572 1012.99 683.419
64, 9: 0 923.572 949.661 683.419
65, 9: 0 923.572 667.02 683.419
Customer 25 - Obj: 149.121   part1: 149.121   part2: 1.17976e-11
25, 4: 1 3368.35 3219.23
0, 4: 0 -
63, 4: 0 3368.35 425.052 3541.15
64, 4: 0 3368.35 397.946 3541.15
65, 4: 0 3368.35 295.675 3541.15
Customer 26 - Obj: 11.654   part1: 11.654   part2: 1.54626e-11
26, 5: 1 6676.97 6665.31
0, 5: 0 -
63, 5: 0 6676.97 2194.65 7331.84
64, 5: 0 6676.97 2050.05 7331.84
65, 5: 0 6676.97 1920.32 7331.84
Customer 27 - Obj: 491.844   part1: 491.844   part2: 0
27, 3: 1 1199.52 981.225
0, 3: 0 -
63, 3: 0 1199.52 2504.55 1079.35
64, 3: 0 1199.52 2358.77 1079.35
65, 3: 0 1199.52 1808.77 1079.35
27, 4: 1 3331.6 3219.23
0, 4: 0 -
63, 4: 0 3331.6 2504.55 3541.15
64, 4: 0 3331.6 2358.77 3541.15
65, 4: 0 3331.6 1808.77 3541.15
27, 2: 1 3301.29 3140.11
0, 2: 0 -
63, 2: 0 3301.29 2504.55 3454.12
64, 2: 0 3301.29 2358.77 3454.12
65, 2: 0 3301.29 1808.77 3454.12
Customer 28 - Obj: 240.857   part1: 240.857   part2: 0
28, 9: 1 829.773 621.29
0, 9: 0 -
63, 9: 0 829.773 5175.75 683.419
64, 9: 0 829.773 4921.47 683.419
65, 9: 0 829.773 3883.59 683.419
28, 0: 1 6212.72 6180.34
0, 0: 0 -
63, 0: 0 6212.72 5175.75 6798.38
64, 0: 0 6212.72 4921.47 6798.38
65, 0: 0 6212.72 3883.59 6798.38
Customer 29 - Obj: 142.233   part1: 142.233   part2: 0
29, 8: 0 8653.25 8526.93
0, 8: 0 -
63, 8: 0 8653.25 1234.14 9379.62
64, 8: 0 8653.25 1175.46 9379.62
65, 8: 1 8653.25 0 8526.93
29, 6: 0 2195.71 2179.8
0, 6: 0 -
63, 6: 0 2195.71 1234.14 1727.66
64, 6: 0 2195.71 1175.46 1727.66
65, 6: 1 2195.71 0 2179.8
Customer 30 - Obj: 132.587   part1: 132.587   part2: 1.26422e-10
30, 7: 1 4576.66 4508.14
0, 7: 0 -
63, 7: 0 4576.66 2566.12 4958.95
64, 7: 0 4576.66 2468.42 4958.95
65, 7: 0 4576.66 2119.4 4958.95
30, 1: 1 8267.99 8203.92
0, 1: 0 -
63, 1: 0 8267.99 2566.12 9024.31
64, 1: 0 8267.99 2468.42 9024.31
65, 1: 0 8267.99 2119.4 9024.31
Customer 31 - Obj: 394.012   part1: 394.012   part2: 8.26839e-11
31, 3: 1 1072.82 981.225
0, 3: 0 -
63, 3: 0 1072.82 2339.23 1079.35
64, 3: 0 1072.82 2112.01 770.044
65, 3: 0 1072.82 1326.27 1079.35
31, 0: 1 6310.6 6180.34
0, 0: 0 -
63, 0: 0 6310.6 2339.23 6798.38
64, 0: 0 6310.6 2112.01 6798.38
65, 0: 0 6310.6 1326.27 6798.38
31, 6: 1 2351.96 2179.8
0, 6: 0 -
63, 6: 0 2351.96 2339.23 2397.78
64, 6: 0 2351.96 2112.01 2397.78
65, 6: 0 2351.96 1326.27 2397.78
Customer 32 - Obj: 19.6533   part1: 19.6533   part2: 1.09144e-11
32, 1: 1 8223.57 8203.92
0, 1: 0 -
63, 1: 0 8223.57 5217.02 9024.31
64, 1: 0 8223.57 4711.9 9024.31
65, 1: 0 8223.57 3002.23 9024.31
Customer 33 - Obj: 177.268   part1: 177.268   part2: 0
33, 2: 1 3145.82 3140.11
0, 2: 0 -
63, 2: 0 3145.82 2048.57 3454.12
64, 2: 0 3145.82 1975.24 3454.12
65, 2: 0 3145.82 1759.76 3454.12
33, 4: 1 3297.2 3219.23
0, 4: 0 -
63, 4: 0 3297.2 2048.57 3541.15
64, 4: 0 3297.2 1975.24 3541.15
65, 4: 0 3297.2 1759.76 3541.15
33, 9: 1 714.881 621.29
0, 9: 0 -
63, 9: 0 714.881 2048.57 683.419
64, 9: 0 714.881 1975.24 683.419
65, 9: 0 714.881 1759.76 683.419
Customer 34 - Obj: 20.5794   part1: 20.5794   part2: 2.36464e-11
34, 5: 1 6685.89 6665.31
0, 5: 0 -
63, 5: 0 6685.89 7429.46 7331.84
64, 5: 0 6685.89 7169.62 7331.84
65, 5: 0 6685.89 6406.23 7331.84
Customer 35 - Obj: 121.845   part1: 121.845   part2: 0
35, 8: 1 8634.56 8526.93
0, 8: 0 -
63, 8: 0 8634.56 2977.15 9379.62
64, 8: 0 8634.56 3080.62 9379.62
65, 8: 0 8634.56 3553.44 9379.62
35, 9: 1 635.501 621.29
0, 9: 0 -
63, 9: 0 635.501 2977.15 683.419
64, 9: 0 635.501 3080.62 683.419
65, 9: 0 635.501 3553.44 683.419
Customer 36 - Obj: 365.481   part1: 365.481   part2: 1.82799e-10
36, 7: 1 4526.71 4508.14
0, 7: 0 -
63, 7: 0 4526.71 462.958 4958.95
64, 7: 0 4526.71 478.652 4958.95
65, 7: 0 4526.71 550.353 4958.95
36, 5: 1 6817.75 6665.31
0, 5: 0 -
63, 5: 0 6817.75 462.958 7331.84
64, 5: 0 6817.75 478.652 7331.84
65, 5: 0 6817.75 550.353 7331.84
36, 0: 1 6374.82 6180.34
0, 0: 0 -
63, 0: 0 6374.82 462.958 6798.38
64, 0: 0 6374.82 478.652 6798.38
65, 0: 0 6374.82 550.353 6798.38
Customer 37 - Obj: 220.765   part1: 297.832   part2: 77.0669
37, 1: 0 8283.89 8203.92
0, 1: 0 -
63, 1: 0 8283.89 65.2672 9024.31
64, 1: 0 8283.89 67.3861 9024.31
65, 1: 1 8283.89 77.0669 8126.85
37, 7: 0 4582.07 4508.14
0, 7: 0 -
63, 7: 0 4582.07 65.2672 4958.95
64, 7: 0 4582.07 67.3861 4958.95
65, 7: 1 4582.07 77.0669 4508.14
37, 4: 0 3286.09 3219.23
0, 4: 0 -
63, 4: 0 3286.09 65.2672 3541.15
64, 4: 0 3286.09 67.3861 3541.15
65, 4: 1 3286.09 77.0669 3219.23
Customer 38 - Obj: 471.211   part1: 471.211   part2: 0
38, 6: 1 2389.11 2179.8
0, 6: 0 -
63, 6: 0 2389.11 584.525 2397.78
64, 6: 0 2389.11 603.405 2397.78
65, 6: 0 2389.11 689.657 2397.78
38, 3: 1 1221.12 981.225
0, 3: 0 -
63, 3: 0 1221.12 584.525 1079.35
64, 3: 0 1221.12 603.405 1079.35
65, 3: 0 1221.12 689.657 1079.35
38, 8: 1 8548.94 8526.93
0, 8: 0 -
63, 8: 0 8548.94 584.525 9379.62
64, 8: 0 8548.94 603.405 9379.62
65, 8: 0 8548.94 689.657 9379.62
Customer 39 - Obj: 314.435   part1: 314.435   part2: 0
39, 0: 1 6367 6180.34
0, 0: 0 -
63, 0: 0 6367 1199.8 6798.38
64, 0: 0 6367 1044.55 6798.38
65, 0: 0 6367 1178.7 6798.38
39, 6: 1 2198.22 2179.8
0, 6: 0 -
63, 6: 0 2198.22 1199.8 2397.78
64, 6: 0 2198.22 1044.55 2397.78
65, 6: 0 2198.22 1178.7 2397.78
39, 8: 1 8636.28 8526.93
0, 8: 0 -
63, 8: 0 8636.28 1199.8 9379.62
64, 8: 0 8636.28 1044.55 9379.62
65, 8: 0 8636.28 1178.7 9379.62
Customer 40 - Obj: 42.0667   part1: 42.0667   part2: 1.59325e-12
40, 3: 1 1023.29 981.225
0, 3: 0 -
63, 3: 0 1023.29 2059.3 1079.35
64, 3: 0 1023.29 2158.9 1079.35
65, 3: 0 1023.29 2538.73 1079.35
Customer 41 - Obj: 198.022   part1: 198.022   part2: 2.68064e-14
41, 1: 1 8236.98 8203.92
0, 1: 0 -
63, 1: 0 8236.98 1576.71 9024.31
64, 1: 0 8236.98 1650.43 9024.31
65, 1: 0 8236.98 1931.6 9024.31
41, 2: 1 3305.06 3140.11
0, 2: 0 -
63, 2: 0 3305.06 1576.71 3454.12
64, 2: 0 3305.06 1650.43 3454.12
65, 2: 0 3305.06 1931.6 3454.12
Customer 42 - Obj: 51.4553   part1: 122.267   part2: 70.812
42, 4: 0 3264.11 3219.23
0, 4: 0 -
63, 4: 0 3264.11 94.4678 3541.15
64, 4: 0 3264.11 78.2816 3541.15
65, 4: 1 3264.11 70.812 3219.23
42, 7: 0 4514.71 4508.14
0, 7: 0 -
63, 7: 0 4514.71 94.4678 4958.95
64, 7: 0 4514.71 78.2816 4958.95
65, 7: 1 4514.71 70.812 4437.32
Customer 43 - Obj: 72.9355   part1: 72.9355   part2: 0
43, 5: 1 6738.25 6665.31
0, 5: 0 -
63, 5: 0 6738.25 472.423 7331.84
64, 5: 0 6738.25 360.677 7331.84
65, 5: 0 6738.25 340.587 7331.84
Customer 44 - Obj: 110.4   part1: 110.4   part2: 6.67376e-11
44, 7: 1 4563.83 4508.14
0, 7: 0 -
63, 7: 0 4563.83 1118.88 4958.95
64, 7: 0 4563.83 978.595 4958.95
65, 7: 0 4563.83 835.761 4958.95
44, 5: 1 6679.77 6665.31
0, 5: 0 -
63, 5: 0 6679.77 1118.88 7331.84
64, 5: 0 6679.77 978.595 7331.84
65, 5: 0 6679.77 835.761 7331.84
44, 3: 1 1021.48 981.225
0, 3: 0 -
63, 3: 0 1021.48 1118.88 1079.35
64, 3: 0 1021.48 978.595 1079.35
65, 3: 0 1021.48 835.761 1079.35
Customer 45 - Obj: 458.015   part1: 458.015   part2: 0
45, 3: 1 985.201 981.225
0, 3: 0 -
63, 3: 0 985.201 2472.97 1079.35
64, 3: 0 985.201 2157.56 1079.35
65, 3: 0 985.201 2043.98 1079.35
45, 5: 1 7039.18 6665.31
0, 5: 0 -
63, 5: 0 7039.18 2472.97 7331.84
64, 5: 0 7039.18 2157.56 7331.84
65, 5: 0 7039.18 2043.98 7331.84
45, 9: 1 701.464 621.29
0, 9: 0 -
63, 9: 0 701.464 2472.97 683.419
64, 9: 0 701.464 2157.56 683.419
65, 9: 0 701.464 2043.98 683.419
Customer 46 - Obj: 322.561   part1: 322.561   part2: 1.20938e-10
46, 5: 1 6926.51 6665.31
0, 5: 0 -
63, 5: 0 6926.51 219.653 6445.66
64, 5: 0 6926.51 193.353 6471.96
65, 5: 0 6926.51 183.882 7331.84
46, 1: 1 8265.28 8203.92
0, 1: 0 -
63, 1: 0 8265.28 219.653 9024.31
64, 1: 0 8265.28 193.353 9024.31
65, 1: 0 8265.28 183.882 9024.31
Customer 47 - Obj: 43.1709   part1: 43.1709   part2: 0
47, 3: 0 1024.4 981.225
0, 3: 0 -
63, 3: 0 1024.4 0 981.225
64, 3: 1 1024.4 0 981.225
65, 3: 0 1024.4 3373.06 1079.35
Customer 48 - Obj: 66.5742   part1: 66.5742   part2: 8.45846e-11
48, 0: 0 6182.76 6180.34
0, 0: 0 -
63, 0: 0 6182.76 568.613 6798.38
64, 0: 0 6182.76 495.165 6798.38
65, 0: 1 6182.76 0 6180.34
48, 1: 0 8235.61 8203.92
0, 1: 0 -
63, 1: 0 8235.61 568.613 9024.31
64, 1: 0 8235.61 495.165 9024.31
65, 1: 1 8235.61 0 8203.92
48, 4: 0 3251.69 3219.23
0, 4: 0 -
63, 4: 0 3251.69 568.613 3541.15
64, 4: 0 3251.69 495.165 3541.15
65, 4: 1 3251.69 0 3219.23
Customer 49 - Obj: 63.1867   part1: 63.1867   part2: 7.61702e-12
49, 3: 1 1005.29 981.225
0, 3: 0 -
63, 3: 0 1005.29 353.611 1079.35
64, 3: 0 1005.29 308.176 790.812
65, 3: 0 1005.29 291.815 770.044
49, 9: 1 660.417 621.29
0, 9: 0 -
63, 9: 0 660.417 353.611 683.419
64, 9: 0 660.417 308.176 503.527
65, 9: 0 660.417 291.815 683.419
Customer 50 - Obj: 147.77   part1: 147.77   part2: 0
50, 0: 1 6234.49 6180.34
0, 0: 0 -
63, 0: 0 6234.49 3783.31 6798.38
64, 0: 0 6234.49 3307.37 4753.11
65, 0: 0 6234.49 3135.98 4753.11
50, 6: 1 2199.81 2179.8
0, 6: 0 -
63, 6: 0 2199.81 3783.31 1727.66
64, 6: 0 2199.81 3307.37 2397.78
65, 6: 0 2199.81 3135.98 1727.66
50, 1: 1 8277.53 8203.92
0, 1: 0 -
63, 1: 0 8277.53 3783.31 9024.31
64, 1: 0 8277.53 3307.37 9024.31
65, 1: 0 8277.53 3135.98 9024.31
Customer 51 - Obj: 133.594   part1: 133.594   part2: 6.59943e-12
51, 4: 1 3352.82 3219.23
0, 4: 0 -
63, 4: 0 3352.82 2146.9 3541.15
64, 4: 0 3352.82 1876.29 3541.15
65, 4: 0 3352.82 1778.84 3541.15
Customer 52 - Obj: 147.019   part1: 147.019   part2: 4.90276e-11
52, 8: 1 8673.95 8526.93
0, 8: 0 -
63, 8: 0 8673.95 498.686 9379.62
64, 8: 0 8673.95 436.982 8089.95
65, 8: 0 8673.95 414.76 9379.62
Customer 53 - Obj: 23.1032   part1: 23.1032   part2: 1.31889e-11
53, 0: 1 6203.45 6180.34
0, 0: 0 -
63, 0: 0 6203.45 2307.39 6798.38
64, 0: 0 6203.45 2130.92 6798.38
65, 0: 0 6203.45 1866.24 6798.38
Customer 54 - Obj: 64.6266   part1: 64.6266   part2: 4.09306e-12
54, 6: 1 2244.42 2179.8
0, 6: 0 -
63, 6: 0 2244.42 8518.01 2397.78
64, 6: 0 2244.42 7631.04 2397.78
65, 6: 0 2244.42 7311.61 2397.78
Customer 55 - Obj: 26.484   part1: 26.484   part2: 1.41007e-11
55, 5: 1 6691.8 6665.31
0, 5: 0 -
63, 5: 0 6691.8 5235.74 7331.84
64, 5: 0 6691.8 4683.9 7331.84
65, 5: 0 6691.8 4485.17 7331.84
Customer 56 - Obj: 459.449   part1: 459.449   part2: 1.27793e-10
56, 1: 1 8486.21 8203.92
0, 1: 0 -
63, 1: 0 8486.21 2102.41 9024.31
64, 1: 0 8486.21 1890.43 9024.31
65, 1: 0 8486.21 2028.55 9024.31
56, 8: 1 8698.78 8526.93
0, 8: 0 -
63, 8: 0 8698.78 2102.41 9379.62
64, 8: 0 8698.78 1890.43 9379.62
65, 8: 0 8698.78 2028.55 9379.62
56, 7: 1 4513.45 4508.14
0, 7: 0 -
63, 7: 0 4513.45 2102.41 4958.95
64, 7: 0 4513.45 1890.43 4958.95
65, 7: 0 4513.45 2028.55 4958.95
Customer 57 - Obj: 154.534   part1: 154.534   part2: 4.37694e-11
57, 5: 1 6742.62 6665.31
0, 5: 0 -
63, 5: 0 6742.62 6.48272 7331.84
64, 5: 0 6742.62 5.82665 6659.49
65, 5: 0 6742.62 6.25414 6665.31
57, 9: 1 698.513 621.29
0, 9: 0 -
63, 9: 0 698.513 6.48272 614.807
64, 9: 0 698.513 5.82665 621.29
65, 9: 0 698.513 6.25414 615.036
Customer 58 - Obj: 418.821   part1: 418.821   part2: 0
58, 1: 1 8496.31 8203.92
0, 1: 0 -
63, 1: 0 8496.31 2911.87 9024.31
64, 1: 0 8496.31 2658.47 9024.31
65, 1: 0 8496.31 2612.2 9024.31
58, 4: 1 3311.75 3219.23
0, 4: 0 -
63, 4: 0 3311.75 2911.87 3541.15
64, 4: 0 3311.75 2658.47 3541.15
65, 4: 0 3311.75 2612.2 3541.15
58, 2: 1 3174.01 3140.11
0, 2: 0 -
63, 2: 0 3174.01 2911.87 3454.12
64, 2: 0 3174.01 2658.47 3454.12
65, 2: 0 3174.01 2612.2 3454.12
Customer 59 - Obj: 48.9317   part1: 48.9317   part2: 1.00074e-11
59, 7: 1 4557.07 4508.14
0, 7: 0 -
63, 7: 0 4557.07 4644.83 4958.95
64, 7: 0 4557.07 4250.47 4958.95
65, 7: 0 4557.07 4178.45 4958.95
Customer 60 - Obj: 362.969   part1: 377.032   part2: 14.0634
60, 9: 0 984.259 621.29
0, 9: 0 -
63, 9: 0 984.259 16.3369 683.419
64, 9: 0 984.259 14.8635 683.419
65, 9: 1 984.259 14.0634 607.227
Customer 61 - Obj: 124.433   part1: 124.433   part2: 0
61, 5: 1 6695.78 6665.31
0, 5: 0 -
63, 5: 0 6695.78 12760 7331.84
64, 5: 0 6695.78 11661 7331.84
65, 5: 0 6695.78 11066.2 7331.84
61, 2: 1 3234.07 3140.11
0, 2: 0 -
63, 2: 0 3234.07 12760 3454.12
64, 2: 0 3234.07 11661 3454.12
65, 2: 0 3234.07 11066.2 3454.12
Customer 62 - Obj: 415.148   part1: 415.148   part2: 1.48384e-10
62, 1: 1 8374.7 8203.92
0, 1: 0 -
63, 1: 0 8374.7 665.35 9024.31
64, 1: 0 8374.7 608.619 9024.31
65, 1: 0 8374.7 583.352 9024.31
62, 3: 1 1082.42 981.225
0, 3: 0 -
63, 3: 0 1082.42 665.35 1079.35
64, 3: 0 1082.42 608.619 1079.35
65, 3: 0 1082.42 583.352 1079.35
62, 8: 1 8670.09 8526.93
0, 8: 0 -
63, 8: 0 8670.09 665.35 9379.62
64, 8: 0 8670.09 608.619 9379.62
65, 8: 0 8670.09 583.352 9379.62
Routing:
6, 0, 2
7, 5, 0
8, 7, 0
9, 8, 0
14, 13, 1
15, 14, 1
16, 0, 1
16, 15, 1
17, 0, 0
18, 17, 0
20, 19, 0
21, 9, 0
21, 19, 0
23, 22, 0
25, 0, 1
25, 24, 1
26, 22, 0
27, 26, 0
28, 24, 1
29, 13, 1
31, 30, 1
32, 28, 1
32, 30, 1
33, 18, 0
34, 33, 0
35, 20, 0
36, 35, 0
39, 36, 0
39, 38, 0
40, 23, 0
41, 38, 0
41, 40, 0
43, 29, 1
44, 27, 0
44, 43, 1
45, 44, 0
46, 31, 1
48, 45, 0
48, 47, 0
49, 44, 1
51, 49, 1
51, 50, 1
52, 50, 1
53, 34, 0
54, 46, 1
55, 47, 0
56, 55, 0
56, 52, 1
57, 54, 1
57, 56, 1
58, 53, 0
59, 58, 0
61, 59, 0
62, 56, 0
62, 61, 0
64, 0, 0
64, 5, 0
65, 0, 2
65, 6, 2
Routing cost: 18128.3
[514638.29938235885, 18128.259999999977, 600.1576569080353, 0.012485465979071207, 1, 1456.6926488278964, 0.23076923076923078, 0.22580645161290322, 0.22580645161290322]
