Using license file /util/academic/gurobi/licenses/gurobi.lic
Set parameter TokenServer to value srv-m14-36.cbls.ccr.buffalo.edu
Set parameter TSPort to value 46325
Changed value of parameter lazyConstraints to 1
   Prev: 0  Min: 0  Max: 1  Default: 0
Changed value of parameter TimeLimit to 300.0
   Prev: inf  Min: 0.0  Max: inf  Default: inf
Gurobi Optimizer version 9.1.1 build v9.1.1rc0 (linux64)
Thread count: 12 physical cores, 12 logical processors, using up to 12 threads
Optimize a model with 2364 rows, 4857 columns and 16498 nonzeros
Model fingerprint: 0xa090f0d1
Variable types: 645 continuous, 4212 integer (4212 binary)
Coefficient statistics:
  Matrix range     [1e+00, 9e+03]
  Objective range  [1e+00, 1e+00]
  Bounds range     [1e+00, 6e+03]
  RHS range        [1e+00, 9e+03]
Presolve removed 463 rows and 199 columns
Presolve time: 0.02s
Presolved: 1901 rows, 4658 columns, 15421 nonzeros
Variable types: 327 continuous, 4331 integer (4331 binary)

Root relaxation: objective -3.295792e+05, 1741 iterations, 0.07 seconds

    Nodes    |    Current Node    |     Objective Bounds      |     Work
 Expl Unexpl |  Obj  Depth IntInf | Incumbent    BestBd   Gap | It/Node Time

     0     0 -329579.19    0  407          - -329579.19      -     -    0s
     0     0 -328107.22    0  421          - -328107.22      -     -    0s
     0     0 -328011.60    0  444          - -328011.60      -     -    0s
     0     0 -327946.03    0  441          - -327946.03      -     -    0s
     0     0 -327941.66    0  462          - -327941.66      -     -    0s
     0     0 -327941.66    0  463          - -327941.66      -     -    0s
     0     0 -327890.50    0  458          - -327890.50      -     -    0s
     0     0 -327824.64    0  475          - -327824.64      -     -    0s
     0     0 -327735.88    0  456          - -327735.88      -     -    0s
     0     0 -327724.87    0  464          - -327724.87      -     -    1s
     0     0 -327723.84    0  469          - -327723.84      -     -    1s
     0     0 -327723.84    0  469          - -327723.84      -     -    1s
     0     2 -327723.84    0  468          - -327723.84      -     -    1s
H 1449  1272                    -281297.3910 -327109.82  16.3%  72.4    3s
H 1473  1361                    -281498.7910 -327109.82  16.2%  72.3    3s
H 1475  1358                    -289886.9314 -327109.82  12.8%  72.4    3s
H 1491  1350                    -294860.4436 -327109.82  10.9%  72.0    3s
H 1731  1661                    -294925.2436 -327109.82  10.9%  66.1    3s
H 1885  1759                    -294934.6361 -327109.82  10.9%  62.5    4s
H 1927  1759                    -295140.1540 -327109.82  10.8%  61.6    4s
H 2275  2303                    -298370.1120 -327109.82  9.63%  54.2    4s
H 2591  2561                    -299217.9956 -327109.82  9.32%  49.5    4s
H 2808  2557                    -302473.7727 -327109.82  8.14%  46.6    4s
  2845  2791 -318149.92  141   46 -302473.77 -327109.82  8.14%  46.3    5s
H 3440  2922                    -303474.7763 -325058.87  7.11%  40.6    8s
  3449  2928 -322124.51   75  313 -303474.78 -324982.80  7.09%  40.4   10s
H 3451  2782                    -307647.5547 -324975.34  5.63%  40.4   10s
H 3481  2673                    -311351.0440 -324960.57  4.37%  46.1   14s
  3491  2682 -324877.42   17  312 -311351.04 -324960.57  4.37%  46.8   15s
H 3528  2565                    -311603.8619 -324939.61  4.28%  49.0   15s
H 3564  2478                    -312075.3619 -324939.61  4.12%  50.2   18s
H 3634  2409                    -312248.2533 -324939.61  4.06%  52.1   18s
H 3637  2295                    -312871.8223 -324939.61  3.86%  52.2   18s
H 3654  2181                    -313423.5979 -324939.61  3.67%  52.1   18s
H 3736  2143                    -314463.1603 -324939.61  3.33%  53.4   20s
  5897  3522 -322324.76   82   22 -314463.16 -324939.61  3.33%  43.9   27s
  7533  4272 -320808.71  168   45 -314463.16 -324939.61  3.33%  38.1   30s
 12685  8225     cutoff  152      -314463.16 -324844.92  3.30%  33.2   35s
 17387 12416 -323743.01   26  234 -314463.16 -324825.39  3.30%  31.2   40s
 24677 19125     cutoff  165      -314463.16 -324771.50  3.28%  29.7   45s
 30826 25521 -315063.49  124   15 -314463.16 -324740.26  3.27%  31.4   50s
H40200 32153                    -314775.9403 -324721.57  3.16%  30.3   56s
*43492 31862             234    -315128.0411 -324712.18  3.04%  30.6   57s
 44477 32514 -323145.84   42   59 -315128.04 -324706.87  3.04%  31.4   60s
 48036 37211 infeasible  210      -315128.04 -324699.01  3.04%  31.7   65s
*53020 36368             155    -316073.3269 -324686.60  2.73%  31.8   68s
 55858 39264 -320494.63   97   43 -316073.33 -324679.34  2.72%  31.6   70s
 61703 44323 -318330.40  144   18 -316073.33 -324664.89  2.72%  32.3   75s
*64116 41544             180    -316770.8326 -324661.17  2.49%  32.3   77s
H66951 41466                    -317144.4088 -324655.93  2.37%  32.4   79s
H67124 39286                    -317581.8829 -324655.93  2.23%  32.4   79s
 67702 40150     cutoff   96      -317581.88 -324654.85  2.23%  32.7   80s
 71930 44138 -322717.20   46  138 -317581.88 -324647.46  2.22%  33.0   85s
 74954 45888 -324115.29   27  356 -317581.88 -324636.65  2.22%  33.2   90s
 78587 48128 -317950.16   74   77 -317581.88 -324631.62  2.22%  33.8   96s
H78602 44439                    -318051.8971 -324631.62  2.07%  33.8   96s
H78603 44177                    -318098.7789 -324631.62  2.05%  33.8   96s
*79031 43611             153    -318334.1043 -324628.63  1.98%  33.8   98s
*80203 43910             151    -318412.4343 -324626.86  1.95%  34.0   99s
 81291 44741 -320501.35   42  288 -318412.43 -324624.10  1.95%  34.1  100s
 85514 48510 -319186.22  114   37 -318412.43 -324615.01  1.95%  34.2  105s
 92878 55202 -321689.06   85   46 -318412.43 -324601.59  1.94%  33.8  111s
 98093 59079 -321713.06   40  124 -318412.43 -324590.54  1.94%  33.7  115s
 104336 63822 -324203.92   27  331 -318412.43 -324577.70  1.94%  33.7  121s
 109112 67328     cutoff  117      -318412.43 -324566.40  1.93%  33.7  125s
 113329 72099 -322159.22   68   20 -318412.43 -324558.75  1.93%  33.9  130s
 119440 75585 -318896.82  169    - -318412.43 -324547.64  1.93%  34.0  136s
 122758 78260 infeasible  155      -318412.43 -324544.21  1.93%  34.3  140s
 127888 82577 infeasible  119      -318412.43 -324534.10  1.92%  34.5  146s
 131336 85737 -322486.29   38  126 -318412.43 -324523.69  1.92%  34.7  151s
 135717 89232 -322492.19   31  130 -318412.43 -324514.06  1.92%  34.8  156s
 139468 91704 -320183.53   73   77 -318412.43 -324508.39  1.91%  34.9  161s
 142941 95683 -322486.94   41  125 -318412.43 -324502.11  1.91%  35.1  166s
 147370 99072 -318820.19  178   16 -318412.43 -324496.48  1.91%  34.8  170s
 152798 102482 -320289.17   82   49 -318412.43 -324486.75  1.91%  34.7  175s
 157799 106195 -319976.37   42  223 -318412.43 -324480.65  1.91%  34.8  181s
 161242 109588 -321698.23   43  167 -318412.43 -324474.26  1.90%  35.1  186s
 164868 112346 -318657.96   50  179 -318412.43 -324466.96  1.90%  35.2  190s
 168675 115310 infeasible   64      -318412.43 -324458.70  1.90%  35.3  195s
H172946 100723                    -319108.0896 -324453.83  1.68%  35.3  200s
H173186 97970                    -319230.1846 -324451.81  1.64%  35.3  200s
 176383 100565 infeasible  110      -319230.18 -324447.19  1.63%  35.5  205s
H179091 95436                    -319536.8954 -324444.35  1.54%  35.6  208s
 180043 96178     cutoff   51      -319536.90 -324441.08  1.53%  35.6  210s
 183514 99036 -322393.97   43  145 -319536.90 -324429.29  1.53%  35.8  215s
 187363 102189 -320352.06   50  191 -319536.90 -324425.85  1.53%  35.8  220s
 191550 105725 -322751.89   38  126 -319536.90 -324417.07  1.53%  35.9  225s
 194987 107980     cutoff   51      -319536.90 -324412.84  1.53%  36.0  230s
 198392 110581     cutoff   64      -319536.90 -324404.42  1.52%  36.1  235s
 202243 113534 -322512.04   42  113 -319536.90 -324395.78  1.52%  36.2  240s
 205697 116474 -322091.57   48  248 -319536.90 -324387.30  1.52%  36.3  245s
 210129 120133 -321291.76   79   37 -319536.90 -324380.41  1.52%  36.3  250s
 214153 122744 infeasible   63      -319536.90 -324373.42  1.51%  36.4  255s
 217302 124764 -323433.62   29  134 -319536.90 -324370.30  1.51%  36.5  260s
 221323 128309 -322475.70   43  161 -319536.90 -324363.67  1.51%  36.6  266s
 225357 131753 -321186.93   92   39 -319536.90 -324359.25  1.51%  36.6  271s
 228305 134279 -322361.06   41  130 -319536.90 -324355.65  1.51%  36.6  275s
 232669 137671     cutoff  117      -319536.90 -324350.22  1.51%  36.6  281s
 236661 140896 -321241.40   96   81 -319536.90 -324342.87  1.50%  36.6  286s
 239162 143288 -319595.30   66   92 -319536.90 -324339.45  1.50%  36.7  290s
 243797 146296 -322292.52   40  274 -319536.90 -324334.59  1.50%  36.7  297s
 246216 148061     cutoff   70      -319536.90 -324331.53  1.50%  36.7  300s

Cutting planes:
  Gomory: 40
  Cover: 115
  Implied bound: 2
  MIR: 6
  Flow cover: 37
  Inf proof: 168
  Zero half: 50
  RLT: 89
  Lazy constraints: 2967

Explored 247146 nodes (9075486 simplex iterations) in 300.05 seconds
Thread count was 12 (of 12 available processors)

Solution count 10: -319537 -319230 -319108 ... -316771

Time limit reached
Best objective -3.195368953885e+05, best bound -3.243315256911e+05, gap 1.5005%

User-callback calls 515212, time in user-callback 3.55 sec
-1
Leader's objective: 319537
Customers decisions:
Customer 1 - Obj: 410.403   part1: 421.105   part2: 10.7021
1, 8: 0 8565.34 8526.93
0, 8: 0 -
41, 8: 1 8565.34 10.6872 8526.93
1, 6: 0 2562.49 2179.8
0, 6: 0 -
41, 6: 1 2562.49 10.6872 2179.8
Customer 2 - Obj: 71.3736   part1: 151.53   part2: 80.1559
2, 8: 0 8604.26 8526.93
0, 8: 0 -
41, 8: 1 8604.26 80.1559 8522.27
2, 5: 0 6734.85 6665.31
0, 5: 0 -
41, 5: 1 6734.85 80.1559 6665.31
Customer 3 - Obj: 279.736   part1: 282.78   part2: 3.04357
3, 2: 0 3141.71 3140.11
0, 2: 0 -
41, 2: 1 3141.71 3.04357 3137.06
3, 0: 0 6255.37 6180.34
0, 0: 0 -
41, 0: 1 6255.37 3.04357 6180.34
3, 6: 0 2382.9 2179.8
0, 6: 0 -
41, 6: 1 2382.9 3.04357 2179.8
Customer 4 - Obj: -555.517   part1: 6.82107   part2: 562.338
4, 8: 1 8533.75 8526.93
0, 8: 0 -
41, 8: 0 8533.75 15.7199 6389.57
Customer 5 - Obj: 24.0017   part1: 24.0017   part2: 1.36395e-12
5, 9: 1 645.292 621.29
0, 9: 0 -
41, 9: 0 645.292 9.39247 683.419
Customer 6 - Obj: 30.4603   part1: 30.4603   part2: 1.72784e-11
6, 0: 1 6210.8 6180.34
0, 0: 0 -
41, 0: 0 6210.8 23.8185 6798.38
Customer 7 - Obj: 278.9   part1: 326.008   part2: 47.1082
7, 8: 0 8826.76 8526.93
0, 8: 0 -
41, 8: 1 8826.76 46.1257 8526.93
7, 4: 0 3245.41 3219.23
0, 4: 0 -
41, 4: 1 3245.41 46.1257 3219.23
Customer 8 - Obj: 277.466   part1: 318.159   part2: 40.6926
8, 7: 0 4785.6 4508.14
0, 7: 0 -
41, 7: 1 4785.6 40.6926 4467.44
Customer 9 - Obj: 44.235   part1: 248.514   part2: 204.279
9, 1: 0 8248.15 8203.92
0, 1: 0 -
41, 1: 1 8248.15 204.279 7999.64
Customer 10 - Obj: 22.9223   part1: 51.0828   part2: 28.1604
10, 4: 0 3242.15 3219.23
0, 4: 0 -
41, 4: 1 3242.15 28.1604 3191.07
Customer 11 - Obj: 226.61   part1: 310.456   part2: 83.8464
11, 8: 0 8829.03 8526.93
0, 8: 0 -
41, 8: 1 8829.03 83.8464 8518.58
Customer 12 - Obj: 328.347   part1: 388.9   part2: 60.5532
12, 3: 0 1163.19 981.225
0, 3: 0 -
41, 3: 1 1163.19 60.5532 920.672
12, 2: 0 3286.49 3140.11
0, 2: 0 -
41, 2: 1 3286.49 60.5532 3140.11
Customer 13 - Obj: 32.3032   part1: 32.3032   part2: 1.36454e-16
13, 7: 1 4540.44 4508.14
0, 7: 0 -
41, 7: 0 4540.44 44.5234 4958.95
Customer 14 - Obj: 107.71   part1: 107.71   part2: 0
14, 9: 1 667.549 621.29
0, 9: 0 -
41, 9: 0 667.549 60.598 621.29
14, 2: 1 3201.56 3140.11
0, 2: 0 -
41, 2: 0 3201.56 60.598 3079.51
Customer 15 - Obj: 628.309   part1: 628.309   part2: 0
15, 3: 1 1409.7 981.225
0, 3: 0 -
41, 3: 0 1409.7 184.656 1079.35
15, 5: 1 6823.09 6665.31
0, 5: 0 -
41, 5: 0 6823.09 184.656 7331.84
15, 4: 1 3261.28 3219.23
0, 4: 0 -
41, 4: 0 3261.28 184.656 3541.15
Customer 16 - Obj: 183.723   part1: 234.607   part2: 50.8845
16, 7: 0 4605.76 4508.14
0, 7: 0 -
41, 7: 1 4605.76 50.8845 4508.14
16, 8: 0 8633.92 8526.93
0, 8: 0 -
41, 8: 1 8633.92 50.8845 8526.93
16, 9: 0 651.284 621.29
0, 9: 0 -
41, 9: 1 651.284 50.8845 621.29
Customer 17 - Obj: 9.67999   part1: 9.67999   part2: 1.47738e-12
17, 3: 1 990.905 981.225
0, 3: 0 -
41, 3: 0 990.905 71.6396 1079.35
Customer 18 - Obj: 115.401   part1: 115.401   part2: 1.26359e-12
18, 9: 1 736.691 621.29
0, 9: 0 -
41, 9: 0 736.691 192.905 683.419
Customer 19 - Obj: 114.858   part1: 114.858   part2: 5.91682e-12
19, 4: 1 3334.09 3219.23
0, 4: 0 -
41, 4: 0 3334.09 254.995 2964.23
Customer 20 - Obj: 89.7947   part1: 102.825   part2: 13.03
20, 2: 0 3229.9 3140.11
0, 2: 0 -
41, 2: 1 3229.9 13.03 3127.08
Customer 21 - Obj: 107.072   part1: 204.91   part2: 97.8373
21, 8: 0 8542.43 8526.93
0, 8: 0 -
41, 8: 1 8542.43 97.8373 8504.58
21, 6: 0 2239.2 2179.8
0, 6: 0 -
41, 6: 1 2239.2 97.8373 2179.8
21, 1: 0 8311.57 8203.92
0, 1: 0 -
41, 1: 1 8311.57 97.8373 8203.92
Customer 22 - Obj: 50.977   part1: 497.204   part2: 446.227
22, 4: 0 3233.28 3219.23
0, 4: 0 -
41, 4: 1 3233.28 446.227 2773
22, 0: 0 6217.26 6180.34
0, 0: 0 -
41, 0: 1 6217.26 446.227 6180.34
Customer 23 - Obj: 326.587   part1: 588.614   part2: 262.027
23, 1: 0 8364.31 8203.92
0, 1: 0 -
41, 1: 1 8364.31 262.027 7941.89
23, 9: 0 672.772 621.29
0, 9: 0 -
41, 9: 1 672.772 262.027 621.29
23, 4: 0 3333.94 3219.23
0, 4: 0 -
41, 4: 1 3333.94 262.027 3219.23
Customer 24 - Obj: 380.882   part1: 504.913   part2: 124.031
24, 8: 0 8681.02 8526.93
0, 8: 0 -
41, 8: 1 8681.02 124.031 8478.39
24, 9: 0 923.572 621.29
0, 9: 0 -
41, 9: 1 923.572 124.031 621.29
Customer 25 - Obj: 149.121   part1: 206.259   part2: 57.1377
25, 4: 0 3368.35 3219.23
0, 4: 0 -
41, 4: 1 3368.35 57.1377 3162.09
Customer 26 - Obj: 11.654   part1: 217.172   part2: 205.518
26, 5: 0 6676.97 6665.31
0, 5: 0 -
41, 5: 1 6676.97 205.518 6459.8
Customer 27 - Obj: 491.844   part1: 491.844   part2: 0
27, 3: 1 1199.52 981.225
0, 3: 0 -
41, 3: 0 1199.52 330.944 974.531
27, 4: 1 3331.6 3219.23
0, 4: 0 -
41, 4: 0 3331.6 330.944 3219.23
27, 2: 1 3301.29 3140.11
0, 2: 0 -
41, 2: 0 3301.29 330.944 2815.86
Customer 28 - Obj: 240.857   part1: 240.857   part2: 0
28, 9: 1 829.773 621.29
0, 9: 0 -
41, 9: 0 829.773 816.586 683.419
28, 0: 1 6212.72 6180.34
0, 0: 0 -
41, 0: 0 6212.72 816.586 6798.38
Customer 29 - Obj: 142.233   part1: 142.233   part2: 0
29, 8: 1 8653.25 8526.93
0, 8: 0 -
41, 8: 0 8653.25 182.046 9379.62
29, 6: 1 2195.71 2179.8
0, 6: 0 -
41, 6: 0 2195.71 182.046 2397.78
Customer 30 - Obj: 132.587   part1: 132.587   part2: 0
30, 7: 1 4576.66 4508.14
0, 7: 0 -
41, 7: 0 4576.66 297.921 4958.95
30, 1: 1 8267.99 8203.92
0, 1: 0 -
41, 1: 0 8267.99 297.921 9024.31
Customer 31 - Obj: 394.012   part1: 394.012   part2: 0
31, 3: 1 1072.82 981.225
0, 3: 0 -
41, 3: 0 1072.82 189.76 981.225
31, 0: 1 6310.6 6180.34
0, 0: 0 -
41, 0: 0 6310.6 189.76 6180.34
31, 6: 1 2351.96 2179.8
0, 6: 0 -
41, 6: 0 2351.96 189.76 1990.04
Customer 32 - Obj: 19.6533   part1: 19.6533   part2: 7.27497e-12
32, 1: 1 8223.57 8203.92
0, 1: 0 -
41, 1: 0 8223.57 395.337 9024.31
Customer 33 - Obj: 177.268   part1: 177.268   part2: 0
33, 2: 1 3145.82 3140.11
0, 2: 0 -
41, 2: 0 3145.82 139.791 3454.12
33, 4: 1 3297.2 3219.23
0, 4: 0 -
41, 4: 0 3297.2 139.791 3541.15
33, 9: 1 714.881 621.29
0, 9: 0 -
41, 9: 0 714.881 139.791 683.419
Customer 34 - Obj: 20.5794   part1: 20.5794   part2: 1.63745e-11
34, 5: 1 6685.89 6665.31
0, 5: 0 -
41, 5: 0 6685.89 598.329 7331.84
Customer 35 - Obj: 121.845   part1: 121.845   part2: 0
35, 8: 1 8634.56 8526.93
0, 8: 0 -
41, 8: 0 8634.56 586.428 9379.62
35, 9: 1 635.501 621.29
0, 9: 0 -
41, 9: 0 635.501 586.428 683.419
Customer 36 - Obj: 365.481   part1: 468.52   part2: 103.039
36, 7: 0 4526.71 4508.14
0, 7: 0 -
41, 7: 1 4526.71 103.039 4405.1
36, 5: 0 6817.75 6665.31
0, 5: 0 -
41, 5: 1 6817.75 103.039 6665.31
36, 0: 0 6374.82 6180.34
0, 0: 0 -
41, 0: 1 6374.82 103.039 6180.34
Customer 37 - Obj: 220.765   part1: 235.024   part2: 14.2584
37, 1: 0 8283.89 8203.92
0, 1: 0 -
41, 1: 1 8283.89 14.2584 8203.92
37, 7: 0 4582.07 4508.14
0, 7: 0 -
41, 7: 1 4582.07 14.2584 4493.88
37, 4: 0 3286.09 3219.23
0, 4: 0 -
41, 4: 1 3286.09 14.2584 3219.23
Customer 38 - Obj: 395.719   part1: 515.325   part2: 119.606
38, 6: 0 2389.11 2179.8
0, 6: 0 -
41, 6: 1 2389.11 119.606 2179.8
38, 3: 0 1221.12 981.225
0, 3: 0 -
41, 3: 1 1221.12 119.606 937.111
38, 8: 0 8548.94 8526.93
0, 8: 0 -
41, 8: 1 8548.94 119.606 8526.93
Customer 39 - Obj: 238.943   part1: 477.984   part2: 239.042
39, 0: 0 6367 6180.34
0, 0: 0 -
41, 0: 1 6367 239.042 6180.34
39, 6: 1 2198.22 2179.8
0, 6: 0 -
41, 6: 0 2198.22 239.042 2104.31
39, 8: 0 8636.28 8526.93
0, 8: 0 -
41, 8: 1 8636.28 239.042 8363.38
Customer 40 - Obj: 42.0667   part1: 42.0667   part2: 2.26767e-12
40, 3: 1 1023.29 981.225
0, 3: 0 -
41, 3: 0 1023.29 683.694 1079.35
Routing:
[5961.490000000002, 4320.110000000001, 1194.059999998659, 1194.059999998659]
4, 0, 0
4, 0, 2
4, 0, 3
5, 4, 0
6, 0, 1
14, 13, 1
15, 0, 0
15, 0, 1
17, 5, 0
18, 13, 1
18, 17, 1
19, 15, 0
27, 17, 1
28, 19, 0
29, 28, 0
30, 17, 0
31, 30, 0
32, 15, 1
32, 27, 1
33, 29, 0
34, 33, 0
35, 34, 0
39, 35, 0
40, 31, 0
40, 39, 0
41, 6, 1
41, 14, 1
41, 0, 2
41, 4, 2
41, 0, 3
41, 4, 3
Routing cost: 12669.7
[319536.8953885471, 12669.71999999732, 300.0483753681183, 0.015004934865872406, 1, 1729.5320708287659, 0.56, 0.525, 0.5]
