Using license file /util/academic/gurobi/licenses/gurobi.lic
Set parameter TokenServer to value srv-m14-36.cbls.ccr.buffalo.edu
Set parameter TSPort to value 46325
Changed value of parameter lazyConstraints to 1
   Prev: 0  Min: 0  Max: 1  Default: 0
Changed value of parameter TimeLimit to 43200.0
   Prev: inf  Min: 0.0  Max: inf  Default: inf
Gurobi Optimizer version 9.1.1 build v9.1.1rc0 (linux64)
Thread count: 12 physical cores, 12 logical processors, using up to 12 threads
Optimize a model with 18010 rows, 23829 columns and 88647 nonzeros
Model fingerprint: 0xd5570e11
Variable types: 5833 continuous, 17996 integer (17996 binary)
Coefficient statistics:
  Matrix range     [4e-01, 1e+07]
  Objective range  [1e+00, 1e+00]
  Bounds range     [1e+00, 6e+03]
  RHS range        [1e+00, 1e+07]
Presolve removed 16001 rows and 8061 columns
Presolve time: 0.06s
Presolved: 2009 rows, 15768 columns, 42934 nonzeros
Variable types: 2236 continuous, 13532 integer (13532 binary)

Root relaxation: objective -2.794447e+05, 2084 iterations, 0.03 seconds

    Nodes    |    Current Node    |     Objective Bounds      |     Work
 Expl Unexpl |  Obj  Depth IntInf | Incumbent    BestBd   Gap | It/Node Time

     0     0 -279444.66    0  292          - -279444.66      -     -    0s
     0     0 -278835.78    0  439          - -278835.78      -     -    0s
     0     0 -275744.83    0  770          - -275744.83      -     -    0s
     0     0 -275131.72    0  799          - -275131.72      -     -    1s
     0     0 -275128.02    0  807          - -275128.02      -     -    1s
     0     0 -275128.02    0  400          - -275128.02      -     -    1s
     0     2 -275128.02    0  400          - -275128.02      -     -    2s
  1215  1290 -273787.79   74  612          - -275026.95      -  31.3    5s
  4010  4225 -271603.64  204  583          - -275026.95      -  25.1   10s
  9758  9721 -265749.51  489  785          - -275026.95      -  19.6   15s
  9775  9732 -263619.43  652  729          - -274359.47      -  19.6   20s
  9791  9743 -272831.13   98  821          - -273835.41      -  19.6   25s
  9805  9752 -249428.81  755  746          - -273715.40      -  19.5   30s
  9817  9760 -260481.41  781  706          - -273669.84      -  19.5   35s
  9826  9766 -268681.75  411  788          - -273658.78      -  19.5   40s
  9843  9779 -273615.83   56  832          - -273615.83      -  21.0   45s
  9854  9786 -271134.96  332  806          - -273539.57      -  21.0   50s
  9858  9789 -265749.51  489  823          - -273536.21      -  21.0   60s
 10635 10391 -271682.03   69   22          - -273306.43      -  25.1   65s
 14038 12653 -273089.63   31  258          - -273294.95      -  23.7   70s
 17471 15063 -271734.18   71   20          - -273294.95      -  23.0   75s
 20638 16873 infeasible  142               - -273289.29      -  21.9   80s
*23019 15885             232    -264044.3840 -273289.29  3.50%  21.9   83s
H23350 15236                    -264105.2940 -273289.29  3.48%  21.8   84s
H23350 14628                    -264371.6040 -273289.29  3.37%  21.8   84s
 23700 14854 -269514.08  106   12 -264371.60 -273289.29  3.37%  21.9   85s
H24105 14481                    -264597.8940 -273289.29  3.28%  21.9   85s
H24248 12652                    -266678.4540 -273289.29  2.48%  21.9   85s
 25756 13622 -271225.68   56  104 -266678.45 -273272.17  2.47%  21.6   90s
*25852 13187             164    -266709.4640 -273272.17  2.46%  21.6   90s
H26018 12189                    -267255.3740 -273272.17  2.25%  21.7   90s
H27285 10510                    -268521.0740 -273253.10  1.76%  21.7   93s
 28141 11088 -271158.76   63   38 -268521.07 -273205.75  1.74%  21.7   95s
H29566 11686                    -268587.0240 -273190.91  1.71%  21.6   98s
H29654 11659                    -268604.2740 -273190.91  1.71%  21.6   98s
H29865 10825                    -269102.6240 -273190.91  1.52%  21.5   98s
 30108 11144     cutoff  110      -269102.62 -273190.91  1.52%  21.5  100s
 31603 12777 -271466.99   57   56 -269102.62 -273183.00  1.52%  21.9  105s
 34158 15001     cutoff  154      -269102.62 -273182.82  1.52%  21.9  111s
H35961 15685                    -269253.6240 -273161.52  1.45%  21.9  114s
 36352 16613 -270783.26   72    8 -269253.62 -273157.93  1.45%  21.9  116s
 38437 18091 -272363.27   44  201 -269253.62 -273144.18  1.44%  21.9  121s
 40287 20138 -271124.61   83   19 -269253.62 -273144.18  1.44%  21.9  126s
H42073 19530                    -269523.1240 -273125.31  1.34%  21.8  128s
 42705 20562 -272077.95   55  143 -269523.12 -273114.04  1.33%  21.8  131s
 44900 21956     cutoff   90      -269523.12 -273097.66  1.33%  21.9  135s
 46611 23196 -269834.01   94    2 -269523.12 -273079.72  1.32%  22.2  140s
 48322 25259 -271472.33   63   16 -269523.12 -273073.05  1.32%  22.5  146s
 50890 26944 -270769.05   56  175 -269523.12 -273064.45  1.31%  22.4  151s
 52794 28828 -271053.67   77   18 -269523.12 -273053.42  1.31%  22.6  156s
 55175 30543 -272922.38   33  472 -269523.12 -273047.03  1.31%  22.5  162s
 56129 30642 -272019.02   52   29 -269523.12 -273047.03  1.31%  22.6  165s
H56184 28753                    -269724.4840 -273047.03  1.23%  22.6  165s
H56536 29444                    -269730.3040 -273047.03  1.23%  22.6  168s
 57288 30272 -270207.99   97    6 -269730.30 -273038.41  1.23%  22.6  170s
H59368  3299                    -272420.5140 -273022.94  0.22%  22.7  176s
 60437  3495 -272869.90   36  302 -272420.51 -272995.45  0.21%  23.1  180s
 63706  3973 -272472.01   39  210 -272420.51 -272914.10  0.18%  24.1  186s
 65982  4033     cutoff   38      -272420.51 -272870.68  0.17%  24.8  190s
 68200  4019 infeasible   40      -272420.51 -272827.03  0.15%  25.6  195s
 72437  3554     cutoff   39      -272420.51 -272749.64  0.12%  26.9  201s
 75288  2948     cutoff   36      -272420.51 -272691.55  0.10%  27.7  206s
 78358  1942 -272528.58   35  439 -272420.51 -272619.85  0.07%  28.3  210s
 81889   565     cutoff   50      -272420.51 -272534.80  0.04%  28.6  215s

Cutting planes:
  Gomory: 40
  Cover: 365
  MIR: 4
  Flow cover: 74
  Inf proof: 45
  Zero half: 64
  Mod-K: 5
  RLT: 163
  Lazy constraints: 1528

Explored 84234 nodes (2403955 simplex iterations) in 216.36 seconds
Thread count was 12 (of 12 available processors)

Solution count 10: -272421 -269730 -269724 ... -267255
No other solutions better than -272421

Optimal solution found (tolerance 1.00e-04)
Best objective -2.724205139543e+05, best bound -2.724205139543e+05, gap 0.0000%

User-callback calls 186971, time in user-callback 4.29 sec
-1
Leader's objective: 272421
Customers decisions:
Customer 1 - Obj: 151.376   part1: 151.376   part2: 0
1, 9: 1 772.666 621.29
0, 9: 0 -
63, 9: 0 772.666 1e+07 621.29
64, 9: 0 772.666 1e+07 621.29
65, 9: 0 772.666 1e+07 503.527
66, 9: 0 772.666 1e+07 621.29
67, 9: 0 772.666 1e+07 503.527
68, 9: 0 772.666 1e+07 621.29
69, 9: 0 772.666 1e+07 503.527
70, 9: 0 772.666 1e+07 621.29
71, 9: 0 772.666 1e+07 621.29
72, 9: 0 772.666 1e+07 621.29
73, 9: 0 772.666 1e+07 621.29
74, 9: 0 772.666 1e+07 621.29
75, 9: 0 772.666 1e+07 503.527
76, 9: 0 772.666 1e+07 621.29
77, 9: 0 772.666 1e+07 621.29
78, 9: 0 772.666 1e+07 503.527
79, 9: 0 772.666 1e+07 503.527
80, 9: 0 772.666 1e+07 621.29
Customer 2 - Obj: 151.376   part1: 151.376   part2: 0
2, 6: 1 2331.17 2179.8
0, 6: 0 -
63, 6: 0 2331.17 1e+07 2179.8
64, 6: 0 2331.17 1e+07 2179.8
65, 6: 0 2331.17 1e+07 2179.8
66, 6: 0 2331.17 1e+07 2179.8
67, 6: 0 2331.17 1e+07 2179.8
68, 6: 0 2331.17 1e+07 2179.8
69, 6: 0 2331.17 1e+07 2179.8
70, 6: 0 2331.17 1e+07 2179.8
71, 6: 0 2331.17 1e+07 2179.8
72, 6: 0 2331.17 1e+07 2179.8
73, 6: 0 2331.17 1e+07 2179.8
74, 6: 0 2331.17 1e+07 2179.8
75, 6: 0 2331.17 1e+07 2179.8
76, 6: 0 2331.17 1e+07 2179.8
77, 6: 0 2331.17 1e+07 2179.8
78, 6: 0 2331.17 1e+07 2179.8
79, 6: 0 2331.17 1e+07 2179.8
80, 6: 0 2331.17 1e+07 2179.8
Customer 3 - Obj: 151.376   part1: 151.376   part2: 0
3, 6: 1 2331.17 2179.8
0, 6: 0 -
63, 6: 0 2331.17 1e+07 2179.8
64, 6: 0 2331.17 1e+07 2179.8
65, 6: 0 2331.17 1e+07 2179.8
66, 6: 0 2331.17 1e+07 2179.8
67, 6: 0 2331.17 1e+07 2179.8
68, 6: 0 2331.17 1e+07 2179.8
69, 6: 0 2331.17 1e+07 2179.8
70, 6: 0 2331.17 1e+07 2179.8
71, 6: 0 2331.17 1e+07 2179.8
72, 6: 0 2331.17 1e+07 2179.8
73, 6: 0 2331.17 1e+07 2179.8
74, 6: 0 2331.17 1e+07 2179.8
75, 6: 0 2331.17 1e+07 2179.8
76, 6: 0 2331.17 1e+07 2179.8
77, 6: 0 2331.17 1e+07 2179.8
78, 6: 0 2331.17 1e+07 2179.8
79, 6: 0 2331.17 1e+07 2179.8
80, 6: 0 2331.17 1e+07 2179.8
Customer 4 - Obj: 151.376   part1: 151.376   part2: 0
4, 8: 1 8678.31 8526.93
0, 8: 0 -
63, 8: 0 8678.31 1e+07 8526.93
64, 8: 0 8678.31 1e+07 8526.93
65, 8: 0 8678.31 1e+07 8526.93
66, 8: 0 8678.31 1e+07 8526.93
67, 8: 0 8678.31 1e+07 8526.93
68, 8: 0 8678.31 1e+07 8526.93
69, 8: 0 8678.31 1e+07 8526.93
70, 8: 0 8678.31 1e+07 8526.93
71, 8: 0 8678.31 1e+07 8526.93
72, 8: 0 8678.31 1e+07 8526.93
73, 8: 0 8678.31 1e+07 8526.93
74, 8: 0 8678.31 1e+07 8526.93
75, 8: 0 8678.31 1e+07 8526.93
76, 8: 0 8678.31 1e+07 8526.93
77, 8: 0 8678.31 1e+07 8526.93
78, 8: 0 8678.31 1e+07 8526.93
79, 8: 0 8678.31 1e+07 8526.93
80, 8: 0 8678.31 1e+07 8526.93
Customer 5 - Obj: 151.376   part1: 151.376   part2: 0
5, 5: 1 6816.69 6665.31
0, 5: 0 -
63, 5: 0 6816.69 1e+07 6665.31
64, 5: 0 6816.69 1e+07 6665.31
65, 5: 0 6816.69 1e+07 6665.31
66, 5: 0 6816.69 1e+07 6665.31
67, 5: 0 6816.69 1e+07 6665.31
68, 5: 0 6816.69 1e+07 6249.21
69, 5: 0 6816.69 1e+07 6665.31
70, 5: 0 6816.69 1e+07 6249.21
71, 5: 0 6816.69 1e+07 6665.31
72, 5: 0 6816.69 1e+07 6249.21
73, 5: 0 6816.69 1e+07 6665.31
74, 5: 0 6816.69 1e+07 6665.31
75, 5: 0 6816.69 1e+07 6249.21
76, 5: 0 6816.69 1e+07 6665.31
77, 5: 0 6816.69 1e+07 6665.31
78, 5: 0 6816.69 1e+07 6665.31
79, 5: 0 6816.69 1e+07 6665.31
80, 5: 0 6816.69 1e+07 6665.31
Customer 6 - Obj: 151.376   part1: 151.376   part2: 0
6, 7: 1 4659.51 4508.14
0, 7: 0 -
63, 7: 0 4659.51 1e+07 4508.14
64, 7: 0 4659.51 1e+07 4508.14
65, 7: 0 4659.51 1e+07 4508.14
66, 7: 0 4659.51 1e+07 4508.14
67, 7: 0 4659.51 1e+07 4508.14
68, 7: 0 4659.51 1e+07 4508.14
69, 7: 0 4659.51 1e+07 4508.14
70, 7: 0 4659.51 1e+07 4508.14
71, 7: 0 4659.51 1e+07 4508.14
72, 7: 0 4659.51 1e+07 4508.14
73, 7: 0 4659.51 1e+07 4508.14
74, 7: 0 4659.51 1e+07 4508.14
75, 7: 0 4659.51 1e+07 4508.14
76, 7: 0 4659.51 1e+07 4508.14
77, 7: 0 4659.51 1e+07 4508.14
78, 7: 0 4659.51 1e+07 4508.14
79, 7: 0 4659.51 1e+07 4508.14
80, 7: 0 4659.51 1e+07 4508.14
Customer 7 - Obj: 151.376   part1: 151.376   part2: 0
7, 8: 1 8678.31 8526.93
0, 8: 0 -
63, 8: 0 8678.31 1e+07 8526.93
64, 8: 0 8678.31 1e+07 8526.93
65, 8: 0 8678.31 1e+07 8526.93
66, 8: 0 8678.31 1e+07 8526.93
67, 8: 0 8678.31 1e+07 8526.93
68, 8: 0 8678.31 1e+07 8526.93
69, 8: 0 8678.31 1e+07 8526.93
70, 8: 0 8678.31 1e+07 8526.93
71, 8: 0 8678.31 1e+07 8526.93
72, 8: 0 8678.31 1e+07 8526.93
73, 8: 0 8678.31 1e+07 8526.93
74, 8: 0 8678.31 1e+07 8526.93
75, 8: 0 8678.31 1e+07 8526.93
76, 8: 0 8678.31 1e+07 8526.93
77, 8: 0 8678.31 1e+07 8526.93
78, 8: 0 8678.31 1e+07 8526.93
79, 8: 0 8678.31 1e+07 8526.93
80, 8: 0 8678.31 1e+07 8526.93
Customer 8 - Obj: 151.376   part1: 151.376   part2: 0
8, 2: 1 3291.48 3140.11
0, 2: 0 -
63, 2: 0 3291.48 1e+07 2815.86
64, 2: 0 3291.48 1e+07 3140.11
65, 2: 0 3291.48 1e+07 2815.86
66, 2: 0 3291.48 1e+07 2815.86
67, 2: 0 3291.48 1e+07 3140.11
68, 2: 0 3291.48 1e+07 3140.11
69, 2: 0 3291.48 1e+07 3140.11
70, 2: 0 3291.48 1e+07 2815.86
71, 2: 0 3291.48 1e+07 2815.86
72, 2: 0 3291.48 1e+07 3140.11
73, 2: 0 3291.48 1e+07 3140.11
74, 2: 0 3291.48 1e+07 2815.86
75, 2: 0 3291.48 1e+07 3140.11
76, 2: 0 3291.48 1e+07 3140.11
77, 2: 0 3291.48 1e+07 2815.86
78, 2: 0 3291.48 1e+07 3140.11
79, 2: 0 3291.48 1e+07 2815.86
80, 2: 0 3291.48 1e+07 3140.11
Customer 9 - Obj: 151.376   part1: 151.376   part2: 0
9, 0: 1 6331.72 6180.34
0, 0: 0 -
63, 0: 0 6331.72 1e+07 6180.34
64, 0: 0 6331.72 1e+07 6180.34
65, 0: 0 6331.72 1e+07 6180.34
66, 0: 0 6331.72 1e+07 6180.34
67, 0: 0 6331.72 1e+07 6180.34
68, 0: 0 6331.72 1e+07 6180.34
69, 0: 0 6331.72 1e+07 6180.34
70, 0: 0 6331.72 1e+07 6180.34
71, 0: 0 6331.72 1e+07 6180.34
72, 0: 0 6331.72 1e+07 6180.34
73, 0: 0 6331.72 1e+07 6180.34
74, 0: 0 6331.72 1e+07 6180.34
75, 0: 0 6331.72 1e+07 6180.34
76, 0: 0 6331.72 1e+07 6180.34
77, 0: 0 6331.72 1e+07 6180.34
78, 0: 0 6331.72 1e+07 6180.34
79, 0: 0 6331.72 1e+07 6180.34
80, 0: 0 6331.72 1e+07 6180.34
Customer 10 - Obj: 151.376   part1: 151.376   part2: 0
10, 3: 1 1132.6 981.225
0, 3: 0 -
63, 3: 0 1132.6 1e+07 770.044
64, 3: 0 1132.6 1e+07 981.225
65, 3: 0 1132.6 1e+07 770.044
66, 3: 0 1132.6 1e+07 981.225
67, 3: 0 1132.6 1e+07 981.225
68, 3: 0 1132.6 1e+07 770.044
69, 3: 0 1132.6 1e+07 770.044
70, 3: 0 1132.6 1e+07 770.044
71, 3: 0 1132.6 1e+07 981.225
72, 3: 0 1132.6 1e+07 981.225
73, 3: 0 1132.6 1e+07 981.225
74, 3: 0 1132.6 1e+07 981.225
75, 3: 0 1132.6 1e+07 770.044
76, 3: 0 1132.6 1e+07 770.044
77, 3: 0 1132.6 1e+07 770.044
78, 3: 0 1132.6 1e+07 770.044
79, 3: 0 1132.6 1e+07 981.225
80, 3: 0 1132.6 1e+07 770.044
Customer 11 - Obj: 151.376   part1: 151.376   part2: 0
11, 2: 1 3291.48 3140.11
0, 2: 0 -
63, 2: 0 3291.48 1e+07 2815.86
64, 2: 0 3291.48 1e+07 2815.86
65, 2: 0 3291.48 1e+07 2815.86
66, 2: 0 3291.48 1e+07 3140.11
67, 2: 0 3291.48 1e+07 2815.86
68, 2: 0 3291.48 1e+07 3140.11
69, 2: 0 3291.48 1e+07 2815.86
70, 2: 0 3291.48 1e+07 3140.11
71, 2: 0 3291.48 1e+07 2815.86
72, 2: 0 3291.48 1e+07 3140.11
73, 2: 0 3291.48 1e+07 3140.11
74, 2: 0 3291.48 1e+07 3140.11
75, 2: 0 3291.48 1e+07 3140.11
76, 2: 0 3291.48 1e+07 3140.11
77, 2: 0 3291.48 1e+07 2815.86
78, 2: 0 3291.48 1e+07 2815.86
79, 2: 0 3291.48 1e+07 3140.11
80, 2: 0 3291.48 1e+07 2815.86
Customer 12 - Obj: 151.376   part1: 151.376   part2: 0
12, 8: 1 8678.31 8526.93
0, 8: 0 -
63, 8: 0 8678.31 1e+07 8526.93
64, 8: 0 8678.31 1e+07 8526.93
65, 8: 0 8678.31 1e+07 8526.93
66, 8: 0 8678.31 1e+07 8526.93
67, 8: 0 8678.31 1e+07 8526.93
68, 8: 0 8678.31 1e+07 8526.93
69, 8: 0 8678.31 1e+07 8526.93
70, 8: 0 8678.31 1e+07 8526.93
71, 8: 0 8678.31 1e+07 8526.93
72, 8: 0 8678.31 1e+07 8526.93
73, 8: 0 8678.31 1e+07 8526.93
74, 8: 0 8678.31 1e+07 8526.93
75, 8: 0 8678.31 1e+07 8526.93
76, 8: 0 8678.31 1e+07 8526.93
77, 8: 0 8678.31 1e+07 8526.93
78, 8: 0 8678.31 1e+07 8526.93
79, 8: 0 8678.31 1e+07 8526.93
80, 8: 0 8678.31 1e+07 8526.93
Customer 13 - Obj: 151.376   part1: 151.376   part2: 0
13, 9: 1 772.666 621.29
0, 9: 0 -
63, 9: 0 772.666 1e+07 503.527
64, 9: 0 772.666 1e+07 503.527
65, 9: 0 772.666 1e+07 503.527
66, 9: 0 772.666 1e+07 621.29
67, 9: 0 772.666 1e+07 621.29
68, 9: 0 772.666 1e+07 503.527
69, 9: 0 772.666 1e+07 503.527
70, 9: 0 772.666 1e+07 503.527
71, 9: 0 772.666 1e+07 621.29
72, 9: 0 772.666 1e+07 503.527
73, 9: 0 772.666 1e+07 621.29
74, 9: 0 772.666 1e+07 503.527
75, 9: 0 772.666 1e+07 621.29
76, 9: 0 772.666 1e+07 503.527
77, 9: 0 772.666 1e+07 621.29
78, 9: 0 772.666 1e+07 621.29
79, 9: 0 772.666 1e+07 621.29
80, 9: 0 772.666 1e+07 503.527
Customer 14 - Obj: 151.376   part1: 151.376   part2: 0
14, 0: 1 6331.72 6180.34
0, 0: 0 -
63, 0: 0 6331.72 1e+07 6180.34
64, 0: 0 6331.72 1e+07 6180.34
65, 0: 0 6331.72 1e+07 6180.34
66, 0: 0 6331.72 1e+07 6180.34
67, 0: 0 6331.72 1e+07 6180.34
68, 0: 0 6331.72 1e+07 6180.34
69, 0: 0 6331.72 1e+07 6180.34
70, 0: 0 6331.72 1e+07 6180.34
71, 0: 0 6331.72 1e+07 6180.34
72, 0: 0 6331.72 1e+07 6180.34
73, 0: 0 6331.72 1e+07 6180.34
74, 0: 0 6331.72 1e+07 6180.34
75, 0: 0 6331.72 1e+07 6180.34
76, 0: 0 6331.72 1e+07 6180.34
77, 0: 0 6331.72 1e+07 6180.34
78, 0: 0 6331.72 1e+07 6180.34
79, 0: 0 6331.72 1e+07 6180.34
80, 0: 0 6331.72 1e+07 6180.34
Customer 15 - Obj: 151.376   part1: 151.376   part2: 0
15, 4: 1 3370.61 3219.23
0, 4: 0 -
63, 4: 0 3370.61 1e+07 3219.23
64, 4: 0 3370.61 1e+07 3219.23
65, 4: 0 3370.61 1e+07 3219.23
66, 4: 0 3370.61 1e+07 3219.23
67, 4: 0 3370.61 1e+07 3219.23
68, 4: 0 3370.61 1e+07 3219.23
69, 4: 0 3370.61 1e+07 3219.23
70, 4: 0 3370.61 1e+07 3219.23
71, 4: 0 3370.61 1e+07 3219.23
72, 4: 0 3370.61 1e+07 3219.23
73, 4: 0 3370.61 1e+07 3219.23
74, 4: 0 3370.61 1e+07 3219.23
75, 4: 0 3370.61 1e+07 3219.23
76, 4: 0 3370.61 1e+07 3219.23
77, 4: 0 3370.61 1e+07 3219.23
78, 4: 0 3370.61 1e+07 3219.23
79, 4: 0 3370.61 1e+07 3219.23
80, 4: 0 3370.61 1e+07 3219.23
Customer 16 - Obj: 151.376   part1: 151.376   part2: 0
16, 8: 1 8678.31 8526.93
0, 8: 0 -
63, 8: 0 8678.31 1e+07 8526.93
64, 8: 0 8678.31 1e+07 8526.93
65, 8: 0 8678.31 1e+07 8526.93
66, 8: 0 8678.31 1e+07 8526.93
67, 8: 0 8678.31 1e+07 8526.93
68, 8: 0 8678.31 1e+07 8526.93
69, 8: 0 8678.31 1e+07 8526.93
70, 8: 0 8678.31 1e+07 8526.93
71, 8: 0 8678.31 1e+07 8526.93
72, 8: 0 8678.31 1e+07 8526.93
73, 8: 0 8678.31 1e+07 8526.93
74, 8: 0 8678.31 1e+07 8526.93
75, 8: 0 8678.31 1e+07 8526.93
76, 8: 0 8678.31 1e+07 8526.93
77, 8: 0 8678.31 1e+07 8526.93
78, 8: 0 8678.31 1e+07 8526.93
79, 8: 0 8678.31 1e+07 8526.93
80, 8: 0 8678.31 1e+07 8526.93
Customer 17 - Obj: 151.376   part1: 151.376   part2: 0
17, 1: 1 8355.3 8203.92
0, 1: 0 -
63, 1: 0 8355.3 1e+07 8203.92
64, 1: 0 8355.3 1e+07 8203.92
65, 1: 0 8355.3 1e+07 8203.92
66, 1: 0 8355.3 1e+07 8203.92
67, 1: 0 8355.3 1e+07 8203.92
68, 1: 0 8355.3 1e+07 8203.92
69, 1: 0 8355.3 1e+07 8203.92
70, 1: 0 8355.3 1e+07 8203.92
71, 1: 0 8355.3 1e+07 8203.92
72, 1: 0 8355.3 1e+07 8203.92
73, 1: 0 8355.3 1e+07 8203.92
74, 1: 0 8355.3 1e+07 8203.92
75, 1: 0 8355.3 1e+07 8203.92
76, 1: 0 8355.3 1e+07 8203.92
77, 1: 0 8355.3 1e+07 8203.92
78, 1: 0 8355.3 1e+07 8203.92
79, 1: 0 8355.3 1e+07 8203.92
80, 1: 0 8355.3 1e+07 8203.92
Customer 18 - Obj: 151.376   part1: 151.376   part2: 0
18, 7: 1 4659.51 4508.14
0, 7: 0 -
63, 7: 0 4659.51 1e+07 4508.14
64, 7: 0 4659.51 1e+07 4508.14
65, 7: 0 4659.51 1e+07 4508.14
66, 7: 0 4659.51 1e+07 4508.14
67, 7: 0 4659.51 1e+07 4508.14
68, 7: 0 4659.51 1e+07 4508.14
69, 7: 0 4659.51 1e+07 4508.14
70, 7: 0 4659.51 1e+07 4508.14
71, 7: 0 4659.51 1e+07 4508.14
72, 7: 0 4659.51 1e+07 4508.14
73, 7: 0 4659.51 1e+07 4508.14
74, 7: 0 4659.51 1e+07 4508.14
75, 7: 0 4659.51 1e+07 4508.14
76, 7: 0 4659.51 1e+07 4508.14
77, 7: 0 4659.51 1e+07 4508.14
78, 7: 0 4659.51 1e+07 4508.14
79, 7: 0 4659.51 1e+07 4508.14
80, 7: 0 4659.51 1e+07 4508.14
Customer 19 - Obj: 151.376   part1: 151.376   part2: 0
19, 1: 1 8355.3 8203.92
0, 1: 0 -
63, 1: 0 8355.3 1e+07 8203.92
64, 1: 0 8355.3 1e+07 8203.92
65, 1: 0 8355.3 1e+07 8203.92
66, 1: 0 8355.3 1e+07 8203.92
67, 1: 0 8355.3 1e+07 8203.92
68, 1: 0 8355.3 1e+07 8203.92
69, 1: 0 8355.3 1e+07 8203.92
70, 1: 0 8355.3 1e+07 8203.92
71, 1: 0 8355.3 1e+07 8203.92
72, 1: 0 8355.3 1e+07 8203.92
73, 1: 0 8355.3 1e+07 8203.92
74, 1: 0 8355.3 1e+07 8203.92
75, 1: 0 8355.3 1e+07 8203.92
76, 1: 0 8355.3 1e+07 8203.92
77, 1: 0 8355.3 1e+07 8203.92
78, 1: 0 8355.3 1e+07 8203.92
79, 1: 0 8355.3 1e+07 8203.92
80, 1: 0 8355.3 1e+07 8203.92
Customer 20 - Obj: 151.376   part1: 151.376   part2: 0
20, 4: 1 3370.61 3219.23
0, 4: 0 -
63, 4: 0 3370.61 1e+07 3219.23
64, 4: 0 3370.61 1e+07 3219.23
65, 4: 0 3370.61 1e+07 3219.23
66, 4: 0 3370.61 1e+07 3219.23
67, 4: 0 3370.61 1e+07 3219.23
68, 4: 0 3370.61 1e+07 3219.23
69, 4: 0 3370.61 1e+07 3219.23
70, 4: 0 3370.61 1e+07 3219.23
71, 4: 0 3370.61 1e+07 3219.23
72, 4: 0 3370.61 1e+07 3219.23
73, 4: 0 3370.61 1e+07 3219.23
74, 4: 0 3370.61 1e+07 3219.23
75, 4: 0 3370.61 1e+07 3219.23
76, 4: 0 3370.61 1e+07 3219.23
77, 4: 0 3370.61 1e+07 3219.23
78, 4: 0 3370.61 1e+07 3219.23
79, 4: 0 3370.61 1e+07 3219.23
80, 4: 0 3370.61 1e+07 3219.23
Customer 21 - Obj: 151.376   part1: 151.376   part2: 0
21, 8: 1 8678.31 8526.93
0, 8: 0 -
63, 8: 0 8678.31 1e+07 8526.93
64, 8: 0 8678.31 1e+07 8526.93
65, 8: 0 8678.31 1e+07 8526.93
66, 8: 0 8678.31 1e+07 8526.93
67, 8: 0 8678.31 1e+07 8526.93
68, 8: 0 8678.31 1e+07 8526.93
69, 8: 0 8678.31 1e+07 8526.93
70, 8: 0 8678.31 1e+07 8526.93
71, 8: 0 8678.31 1e+07 8526.93
72, 8: 0 8678.31 1e+07 8526.93
73, 8: 0 8678.31 1e+07 8526.93
74, 8: 0 8678.31 1e+07 8526.93
75, 8: 0 8678.31 1e+07 8526.93
76, 8: 0 8678.31 1e+07 8526.93
77, 8: 0 8678.31 1e+07 8526.93
78, 8: 0 8678.31 1e+07 8526.93
79, 8: 0 8678.31 1e+07 8526.93
80, 8: 0 8678.31 1e+07 8526.93
Customer 22 - Obj: 151.376   part1: 151.376   part2: 0
22, 3: 1 1132.6 981.225
0, 3: 0 -
63, 3: 0 1132.6 1e+07 770.044
64, 3: 0 1132.6 1e+07 770.044
65, 3: 0 1132.6 1e+07 981.225
66, 3: 0 1132.6 1e+07 770.044
67, 3: 0 1132.6 1e+07 981.225
68, 3: 0 1132.6 1e+07 770.044
69, 3: 0 1132.6 1e+07 981.225
70, 3: 0 1132.6 1e+07 981.225
71, 3: 0 1132.6 1e+07 770.044
72, 3: 0 1132.6 1e+07 981.225
73, 3: 0 1132.6 1e+07 981.225
74, 3: 0 1132.6 1e+07 981.225
75, 3: 0 1132.6 1e+07 770.044
76, 3: 0 1132.6 1e+07 981.225
77, 3: 0 1132.6 1e+07 770.044
78, 3: 0 1132.6 1e+07 770.044
79, 3: 0 1132.6 1e+07 770.044
80, 3: 0 1132.6 1e+07 770.044
Customer 23 - Obj: 151.376   part1: 151.376   part2: 0
23, 3: 1 1132.6 981.225
0, 3: 0 -
63, 3: 0 1132.6 1e+07 981.225
64, 3: 0 1132.6 1e+07 981.225
65, 3: 0 1132.6 1e+07 981.225
66, 3: 0 1132.6 1e+07 770.044
67, 3: 0 1132.6 1e+07 770.044
68, 3: 0 1132.6 1e+07 981.225
69, 3: 0 1132.6 1e+07 770.044
70, 3: 0 1132.6 1e+07 981.225
71, 3: 0 1132.6 1e+07 981.225
72, 3: 0 1132.6 1e+07 981.225
73, 3: 0 1132.6 1e+07 981.225
74, 3: 0 1132.6 1e+07 770.044
75, 3: 0 1132.6 1e+07 981.225
76, 3: 0 1132.6 1e+07 981.225
77, 3: 0 1132.6 1e+07 770.044
78, 3: 0 1132.6 1e+07 981.225
79, 3: 0 1132.6 1e+07 770.044
80, 3: 0 1132.6 1e+07 981.225
Customer 24 - Obj: 151.376   part1: 151.376   part2: 0
24, 2: 1 3291.48 3140.11
0, 2: 0 -
63, 2: 0 3291.48 1e+07 3140.11
64, 2: 0 3291.48 1e+07 3140.11
65, 2: 0 3291.48 1e+07 2815.86
66, 2: 0 3291.48 1e+07 2815.86
67, 2: 0 3291.48 1e+07 3140.11
68, 2: 0 3291.48 1e+07 2815.86
69, 2: 0 3291.48 1e+07 3140.11
70, 2: 0 3291.48 1e+07 3140.11
71, 2: 0 3291.48 1e+07 3140.11
72, 2: 0 3291.48 1e+07 3140.11
73, 2: 0 3291.48 1e+07 2815.86
74, 2: 0 3291.48 1e+07 3140.11
75, 2: 0 3291.48 1e+07 3140.11
76, 2: 0 3291.48 1e+07 2815.86
77, 2: 0 3291.48 1e+07 2815.86
78, 2: 0 3291.48 1e+07 3140.11
79, 2: 0 3291.48 1e+07 3140.11
80, 2: 0 3291.48 1e+07 2815.86
Customer 25 - Obj: 151.376   part1: 151.376   part2: 0
25, 7: 1 4659.51 4508.14
0, 7: 0 -
63, 7: 0 4659.51 1e+07 4508.14
64, 7: 0 4659.51 1e+07 4508.14
65, 7: 0 4659.51 1e+07 4508.14
66, 7: 0 4659.51 1e+07 4508.14
67, 7: 0 4659.51 1e+07 4508.14
68, 7: 0 4659.51 1e+07 4508.14
69, 7: 0 4659.51 1e+07 4508.14
70, 7: 0 4659.51 1e+07 4508.14
71, 7: 0 4659.51 1e+07 4508.14
72, 7: 0 4659.51 1e+07 4508.14
73, 7: 0 4659.51 1e+07 4508.14
74, 7: 0 4659.51 1e+07 4508.14
75, 7: 0 4659.51 1e+07 4508.14
76, 7: 0 4659.51 1e+07 4508.14
77, 7: 0 4659.51 1e+07 4508.14
78, 7: 0 4659.51 1e+07 4508.14
79, 7: 0 4659.51 1e+07 4508.14
80, 7: 0 4659.51 1e+07 4508.14
Customer 26 - Obj: 151.376   part1: 151.376   part2: 0
26, 2: 1 3291.48 3140.11
0, 2: 0 -
63, 2: 0 3291.48 1e+07 3140.11
64, 2: 0 3291.48 1e+07 3140.11
65, 2: 0 3291.48 1e+07 3140.11
66, 2: 0 3291.48 1e+07 3140.11
67, 2: 0 3291.48 1e+07 3140.11
68, 2: 0 3291.48 1e+07 3140.11
69, 2: 0 3291.48 1e+07 2815.86
70, 2: 0 3291.48 1e+07 2815.86
71, 2: 0 3291.48 1e+07 3140.11
72, 2: 0 3291.48 1e+07 2815.86
73, 2: 0 3291.48 1e+07 3140.11
74, 2: 0 3291.48 1e+07 3140.11
75, 2: 0 3291.48 1e+07 3140.11
76, 2: 0 3291.48 1e+07 3140.11
77, 2: 0 3291.48 1e+07 3140.11
78, 2: 0 3291.48 1e+07 3140.11
79, 2: 0 3291.48 1e+07 3140.11
80, 2: 0 3291.48 1e+07 3140.11
Customer 27 - Obj: 151.376   part1: 151.376   part2: 0
27, 9: 1 772.666 621.29
0, 9: 0 -
63, 9: 0 772.666 1e+07 503.527
64, 9: 0 772.666 1e+07 621.29
65, 9: 0 772.666 1e+07 621.29
66, 9: 0 772.666 1e+07 621.29
67, 9: 0 772.666 1e+07 503.527
68, 9: 0 772.666 1e+07 503.527
69, 9: 0 772.666 1e+07 503.527
70, 9: 0 772.666 1e+07 503.527
71, 9: 0 772.666 1e+07 503.527
72, 9: 0 772.666 1e+07 503.527
73, 9: 0 772.666 1e+07 621.29
74, 9: 0 772.666 1e+07 503.527
75, 9: 0 772.666 1e+07 503.527
76, 9: 0 772.666 1e+07 503.527
77, 9: 0 772.666 1e+07 503.527
78, 9: 0 772.666 1e+07 503.527
79, 9: 0 772.666 1e+07 621.29
80, 9: 0 772.666 1e+07 621.29
Customer 28 - Obj: 151.376   part1: 151.376   part2: 0
28, 4: 1 3370.61 3219.23
0, 4: 0 -
63, 4: 0 3370.61 1e+07 3219.23
64, 4: 0 3370.61 1e+07 3219.23
65, 4: 0 3370.61 1e+07 3219.23
66, 4: 0 3370.61 1e+07 3219.23
67, 4: 0 3370.61 1e+07 3219.23
68, 4: 0 3370.61 1e+07 3219.23
69, 4: 0 3370.61 1e+07 3219.23
70, 4: 0 3370.61 1e+07 3219.23
71, 4: 0 3370.61 1e+07 3219.23
72, 4: 0 3370.61 1e+07 3219.23
73, 4: 0 3370.61 1e+07 3219.23
74, 4: 0 3370.61 1e+07 3219.23
75, 4: 0 3370.61 1e+07 3219.23
76, 4: 0 3370.61 1e+07 3219.23
77, 4: 0 3370.61 1e+07 3219.23
78, 4: 0 3370.61 1e+07 3219.23
79, 4: 0 3370.61 1e+07 3219.23
80, 4: 0 3370.61 1e+07 3219.23
Customer 29 - Obj: 151.376   part1: 151.376   part2: 0
29, 4: 1 3370.61 3219.23
0, 4: 0 -
63, 4: 0 3370.61 1e+07 3219.23
64, 4: 0 3370.61 1e+07 3219.23
65, 4: 0 3370.61 1e+07 3219.23
66, 4: 0 3370.61 1e+07 3219.23
67, 4: 0 3370.61 1e+07 3219.23
68, 4: 0 3370.61 1e+07 3219.23
69, 4: 0 3370.61 1e+07 3219.23
70, 4: 0 3370.61 1e+07 3219.23
71, 4: 0 3370.61 1e+07 3219.23
72, 4: 0 3370.61 1e+07 3219.23
73, 4: 0 3370.61 1e+07 3219.23
74, 4: 0 3370.61 1e+07 3219.23
75, 4: 0 3370.61 1e+07 3219.23
76, 4: 0 3370.61 1e+07 3219.23
77, 4: 0 3370.61 1e+07 3219.23
78, 4: 0 3370.61 1e+07 3219.23
79, 4: 0 3370.61 1e+07 3219.23
80, 4: 0 3370.61 1e+07 3219.23
Customer 30 - Obj: 151.376   part1: 151.376   part2: 0
30, 5: 1 6816.69 6665.31
0, 5: 0 -
63, 5: 0 6816.69 1e+07 6665.31
64, 5: 0 6816.69 1e+07 6665.31
65, 5: 0 6816.69 1e+07 6249.21
66, 5: 0 6816.69 1e+07 6665.31
67, 5: 0 6816.69 1e+07 6665.31
68, 5: 0 6816.69 1e+07 6665.31
69, 5: 0 6816.69 1e+07 6665.31
70, 5: 0 6816.69 1e+07 6249.21
71, 5: 0 6816.69 1e+07 6665.31
72, 5: 0 6816.69 1e+07 6249.21
73, 5: 0 6816.69 1e+07 6665.31
74, 5: 0 6816.69 1e+07 6665.31
75, 5: 0 6816.69 1e+07 6249.21
76, 5: 0 6816.69 1e+07 6249.21
77, 5: 0 6816.69 1e+07 6249.21
78, 5: 0 6816.69 1e+07 6665.31
79, 5: 0 6816.69 1e+07 6665.31
80, 5: 0 6816.69 1e+07 6665.31
Customer 31 - Obj: 151.376   part1: 151.376   part2: 0
31, 5: 1 6816.69 6665.31
0, 5: 0 -
63, 5: 0 6816.69 1e+07 6249.21
64, 5: 0 6816.69 1e+07 6665.31
65, 5: 0 6816.69 1e+07 6249.21
66, 5: 0 6816.69 1e+07 6665.31
67, 5: 0 6816.69 1e+07 6665.31
68, 5: 0 6816.69 1e+07 6665.31
69, 5: 0 6816.69 1e+07 6665.31
70, 5: 0 6816.69 1e+07 6249.21
71, 5: 0 6816.69 1e+07 6665.31
72, 5: 0 6816.69 1e+07 6665.31
73, 5: 0 6816.69 1e+07 6665.31
74, 5: 0 6816.69 1e+07 6665.31
75, 5: 0 6816.69 1e+07 6665.31
76, 5: 0 6816.69 1e+07 6665.31
77, 5: 0 6816.69 1e+07 6249.21
78, 5: 0 6816.69 1e+07 6665.31
79, 5: 0 6816.69 1e+07 6665.31
80, 5: 0 6816.69 1e+07 6665.31
Customer 32 - Obj: 151.376   part1: 151.376   part2: 0
32, 5: 1 6816.69 6665.31
0, 5: 0 -
63, 5: 0 6816.69 1e+07 6249.21
64, 5: 0 6816.69 1e+07 6665.31
65, 5: 0 6816.69 1e+07 6249.21
66, 5: 0 6816.69 1e+07 6249.21
67, 5: 0 6816.69 1e+07 6665.31
68, 5: 0 6816.69 1e+07 6665.31
69, 5: 0 6816.69 1e+07 6665.31
70, 5: 0 6816.69 1e+07 6665.31
71, 5: 0 6816.69 1e+07 6665.31
72, 5: 0 6816.69 1e+07 6665.31
73, 5: 0 6816.69 1e+07 6665.31
74, 5: 0 6816.69 1e+07 6665.31
75, 5: 0 6816.69 1e+07 6665.31
76, 5: 0 6816.69 1e+07 6249.21
77, 5: 0 6816.69 1e+07 6665.31
78, 5: 0 6816.69 1e+07 6665.31
79, 5: 0 6816.69 1e+07 6665.31
80, 5: 0 6816.69 1e+07 6665.31
Customer 33 - Obj: 151.376   part1: 151.376   part2: 0
33, 5: 1 6816.69 6665.31
0, 5: 0 -
63, 5: 0 6816.69 1e+07 6249.21
64, 5: 0 6816.69 1e+07 6665.31
65, 5: 0 6816.69 1e+07 6249.21
66, 5: 0 6816.69 1e+07 6249.21
67, 5: 0 6816.69 1e+07 6249.21
68, 5: 0 6816.69 1e+07 6665.31
69, 5: 0 6816.69 1e+07 6665.31
70, 5: 0 6816.69 1e+07 6665.31
71, 5: 0 6816.69 1e+07 6665.31
72, 5: 0 6816.69 1e+07 6665.31
73, 5: 0 6816.69 1e+07 6665.31
74, 5: 0 6816.69 1e+07 6665.31
75, 5: 0 6816.69 1e+07 6665.31
76, 5: 0 6816.69 1e+07 6665.31
77, 5: 0 6816.69 1e+07 6665.31
78, 5: 0 6816.69 1e+07 6249.21
79, 5: 0 6816.69 1e+07 6665.31
80, 5: 0 6816.69 1e+07 6665.31
Customer 34 - Obj: 151.376   part1: 151.376   part2: 0
34, 9: 1 772.666 621.29
0, 9: 0 -
63, 9: 0 772.666 1e+07 621.29
64, 9: 0 772.666 1e+07 621.29
65, 9: 0 772.666 1e+07 621.29
66, 9: 0 772.666 1e+07 503.527
67, 9: 0 772.666 1e+07 503.527
68, 9: 0 772.666 1e+07 503.527
69, 9: 0 772.666 1e+07 621.29
70, 9: 0 772.666 1e+07 503.527
71, 9: 0 772.666 1e+07 621.29
72, 9: 0 772.666 1e+07 621.29
73, 9: 0 772.666 1e+07 621.29
74, 9: 0 772.666 1e+07 503.527
75, 9: 0 772.666 1e+07 503.527
76, 9: 0 772.666 1e+07 621.29
77, 9: 0 772.666 1e+07 503.527
78, 9: 0 772.666 1e+07 503.527
79, 9: 0 772.666 1e+07 503.527
80, 9: 0 772.666 1e+07 621.29
Customer 35 - Obj: 151.376   part1: 151.376   part2: 0
35, 8: 1 8678.31 8526.93
0, 8: 0 -
63, 8: 0 8678.31 1e+07 8526.93
64, 8: 0 8678.31 1e+07 8526.93
65, 8: 0 8678.31 1e+07 8526.93
66, 8: 0 8678.31 1e+07 8526.93
67, 8: 0 8678.31 1e+07 8526.93
68, 8: 0 8678.31 1e+07 8526.93
69, 8: 0 8678.31 1e+07 8526.93
70, 8: 0 8678.31 1e+07 8526.93
71, 8: 0 8678.31 1e+07 8526.93
72, 8: 0 8678.31 1e+07 8526.93
73, 8: 0 8678.31 1e+07 8526.93
74, 8: 0 8678.31 1e+07 8526.93
75, 8: 0 8678.31 1e+07 8526.93
76, 8: 0 8678.31 1e+07 8526.93
77, 8: 0 8678.31 1e+07 8526.93
78, 8: 0 8678.31 1e+07 8526.93
79, 8: 0 8678.31 1e+07 8526.93
80, 8: 0 8678.31 1e+07 8526.93
Customer 36 - Obj: 151.376   part1: 151.376   part2: 0
36, 7: 1 4659.51 4508.14
0, 7: 0 -
63, 7: 0 4659.51 1e+07 4508.14
64, 7: 0 4659.51 1e+07 4508.14
65, 7: 0 4659.51 1e+07 4508.14
66, 7: 0 4659.51 1e+07 4508.14
67, 7: 0 4659.51 1e+07 4508.14
68, 7: 0 4659.51 1e+07 4508.14
69, 7: 0 4659.51 1e+07 4508.14
70, 7: 0 4659.51 1e+07 4508.14
71, 7: 0 4659.51 1e+07 4508.14
72, 7: 0 4659.51 1e+07 4508.14
73, 7: 0 4659.51 1e+07 4508.14
74, 7: 0 4659.51 1e+07 4508.14
75, 7: 0 4659.51 1e+07 4508.14
76, 7: 0 4659.51 1e+07 4508.14
77, 7: 0 4659.51 1e+07 4508.14
78, 7: 0 4659.51 1e+07 4508.14
79, 7: 0 4659.51 1e+07 4508.14
80, 7: 0 4659.51 1e+07 4508.14
Customer 37 - Obj: 151.376   part1: 151.376   part2: 0
37, 7: 1 4659.51 4508.14
0, 7: 0 -
63, 7: 0 4659.51 1e+07 4508.14
64, 7: 0 4659.51 1e+07 4508.14
65, 7: 0 4659.51 1e+07 4508.14
66, 7: 0 4659.51 1e+07 4508.14
67, 7: 0 4659.51 1e+07 4508.14
68, 7: 0 4659.51 1e+07 4508.14
69, 7: 0 4659.51 1e+07 4508.14
70, 7: 0 4659.51 1e+07 4508.14
71, 7: 0 4659.51 1e+07 4508.14
72, 7: 0 4659.51 1e+07 4508.14
73, 7: 0 4659.51 1e+07 4508.14
74, 7: 0 4659.51 1e+07 4508.14
75, 7: 0 4659.51 1e+07 4508.14
76, 7: 0 4659.51 1e+07 4508.14
77, 7: 0 4659.51 1e+07 4508.14
78, 7: 0 4659.51 1e+07 4508.14
79, 7: 0 4659.51 1e+07 4508.14
80, 7: 0 4659.51 1e+07 4508.14
Customer 38 - Obj: 151.376   part1: 151.376   part2: 0
38, 6: 1 2331.17 2179.8
0, 6: 0 -
63, 6: 0 2331.17 1e+07 2179.8
64, 6: 0 2331.17 1e+07 2179.8
65, 6: 0 2331.17 1e+07 2179.8
66, 6: 0 2331.17 1e+07 2179.8
67, 6: 0 2331.17 1e+07 2179.8
68, 6: 0 2331.17 1e+07 2179.8
69, 6: 0 2331.17 1e+07 2179.8
70, 6: 0 2331.17 1e+07 2179.8
71, 6: 0 2331.17 1e+07 2179.8
72, 6: 0 2331.17 1e+07 2179.8
73, 6: 0 2331.17 1e+07 2179.8
74, 6: 0 2331.17 1e+07 2179.8
75, 6: 0 2331.17 1e+07 2179.8
76, 6: 0 2331.17 1e+07 2179.8
77, 6: 0 2331.17 1e+07 2179.8
78, 6: 0 2331.17 1e+07 2179.8
79, 6: 0 2331.17 1e+07 2179.8
80, 6: 0 2331.17 1e+07 2179.8
Customer 39 - Obj: 151.376   part1: 151.376   part2: 0
39, 3: 1 1132.6 981.225
0, 3: 0 -
63, 3: 0 1132.6 1e+07 770.044
64, 3: 0 1132.6 1e+07 981.225
65, 3: 0 1132.6 1e+07 981.225
66, 3: 0 1132.6 1e+07 981.225
67, 3: 0 1132.6 1e+07 981.225
68, 3: 0 1132.6 1e+07 981.225
69, 3: 0 1132.6 1e+07 770.044
70, 3: 0 1132.6 1e+07 981.225
71, 3: 0 1132.6 1e+07 770.044
72, 3: 0 1132.6 1e+07 981.225
73, 3: 0 1132.6 1e+07 981.225
74, 3: 0 1132.6 1e+07 981.225
75, 3: 0 1132.6 1e+07 981.225
76, 3: 0 1132.6 1e+07 770.044
77, 3: 0 1132.6 1e+07 770.044
78, 3: 0 1132.6 1e+07 770.044
79, 3: 0 1132.6 1e+07 770.044
80, 3: 0 1132.6 1e+07 770.044
Customer 40 - Obj: 151.376   part1: 151.376   part2: 0
40, 9: 1 772.666 621.29
0, 9: 0 -
63, 9: 0 772.666 1e+07 503.527
64, 9: 0 772.666 1e+07 621.29
65, 9: 0 772.666 1e+07 621.29
66, 9: 0 772.666 1e+07 621.29
67, 9: 0 772.666 1e+07 503.527
68, 9: 0 772.666 1e+07 503.527
69, 9: 0 772.666 1e+07 503.527
70, 9: 0 772.666 1e+07 621.29
71, 9: 0 772.666 1e+07 503.527
72, 9: 0 772.666 1e+07 621.29
73, 9: 0 772.666 1e+07 503.527
74, 9: 0 772.666 1e+07 503.527
75, 9: 0 772.666 1e+07 621.29
76, 9: 0 772.666 1e+07 621.29
77, 9: 0 772.666 1e+07 503.527
78, 9: 0 772.666 1e+07 503.527
79, 9: 0 772.666 1e+07 621.29
80, 9: 0 772.666 1e+07 621.29
Customer 41 - Obj: 151.376   part1: 151.376   part2: 0
41, 4: 1 3370.61 3219.23
0, 4: 0 -
63, 4: 0 3370.61 1e+07 3219.23
64, 4: 0 3370.61 1e+07 3219.23
65, 4: 0 3370.61 1e+07 3219.23
66, 4: 0 3370.61 1e+07 3219.23
67, 4: 0 3370.61 1e+07 3219.23
68, 4: 0 3370.61 1e+07 3219.23
69, 4: 0 3370.61 1e+07 3219.23
70, 4: 0 3370.61 1e+07 3219.23
71, 4: 0 3370.61 1e+07 3219.23
72, 4: 0 3370.61 1e+07 3219.23
73, 4: 0 3370.61 1e+07 3219.23
74, 4: 0 3370.61 1e+07 3219.23
75, 4: 0 3370.61 1e+07 3219.23
76, 4: 0 3370.61 1e+07 3219.23
77, 4: 0 3370.61 1e+07 3219.23
78, 4: 0 3370.61 1e+07 3219.23
79, 4: 0 3370.61 1e+07 3219.23
80, 4: 0 3370.61 1e+07 3219.23
Customer 42 - Obj: 151.376   part1: 151.376   part2: 0
42, 2: 1 3291.48 3140.11
0, 2: 0 -
63, 2: 0 3291.48 1e+07 2815.86
64, 2: 0 3291.48 1e+07 3140.11
65, 2: 0 3291.48 1e+07 3140.11
66, 2: 0 3291.48 1e+07 3140.11
67, 2: 0 3291.48 1e+07 2815.86
68, 2: 0 3291.48 1e+07 2815.86
69, 2: 0 3291.48 1e+07 2815.86
70, 2: 0 3291.48 1e+07 2815.86
71, 2: 0 3291.48 1e+07 2815.86
72, 2: 0 3291.48 1e+07 3140.11
73, 2: 0 3291.48 1e+07 3140.11
74, 2: 0 3291.48 1e+07 2815.86
75, 2: 0 3291.48 1e+07 2815.86
76, 2: 0 3291.48 1e+07 3140.11
77, 2: 0 3291.48 1e+07 3140.11
78, 2: 0 3291.48 1e+07 2815.86
79, 2: 0 3291.48 1e+07 3140.11
80, 2: 0 3291.48 1e+07 2815.86
Customer 43 - Obj: 151.376   part1: 151.376   part2: 0
43, 8: 1 8678.31 8526.93
0, 8: 0 -
63, 8: 0 8678.31 1e+07 8526.93
64, 8: 0 8678.31 1e+07 8526.93
65, 8: 0 8678.31 1e+07 8526.93
66, 8: 0 8678.31 1e+07 8526.93
67, 8: 0 8678.31 1e+07 8526.93
68, 8: 0 8678.31 1e+07 8526.93
69, 8: 0 8678.31 1e+07 8526.93
70, 8: 0 8678.31 1e+07 8526.93
71, 8: 0 8678.31 1e+07 8526.93
72, 8: 0 8678.31 1e+07 8526.93
73, 8: 0 8678.31 1e+07 8526.93
74, 8: 0 8678.31 1e+07 8526.93
75, 8: 0 8678.31 1e+07 8526.93
76, 8: 0 8678.31 1e+07 8526.93
77, 8: 0 8678.31 1e+07 8526.93
78, 8: 0 8678.31 1e+07 8526.93
79, 8: 0 8678.31 1e+07 8526.93
80, 8: 0 8678.31 1e+07 8526.93
Customer 44 - Obj: 151.376   part1: 151.376   part2: 0
44, 1: 1 8355.3 8203.92
0, 1: 0 -
63, 1: 0 8355.3 1e+07 8203.92
64, 1: 0 8355.3 1e+07 8203.92
65, 1: 0 8355.3 1e+07 8203.92
66, 1: 0 8355.3 1e+07 8203.92
67, 1: 0 8355.3 1e+07 8203.92
68, 1: 0 8355.3 1e+07 8203.92
69, 1: 0 8355.3 1e+07 8203.92
70, 1: 0 8355.3 1e+07 8203.92
71, 1: 0 8355.3 1e+07 8203.92
72, 1: 0 8355.3 1e+07 8203.92
73, 1: 0 8355.3 1e+07 8203.92
74, 1: 0 8355.3 1e+07 8203.92
75, 1: 0 8355.3 1e+07 8203.92
76, 1: 0 8355.3 1e+07 8203.92
77, 1: 0 8355.3 1e+07 8203.92
78, 1: 0 8355.3 1e+07 8203.92
79, 1: 0 8355.3 1e+07 8203.92
80, 1: 0 8355.3 1e+07 8203.92
Customer 45 - Obj: 151.376   part1: 151.376   part2: 0
45, 8: 1 8678.31 8526.93
0, 8: 0 -
63, 8: 0 8678.31 1e+07 8526.93
64, 8: 0 8678.31 1e+07 8526.93
65, 8: 0 8678.31 1e+07 8526.93
66, 8: 0 8678.31 1e+07 8526.93
67, 8: 0 8678.31 1e+07 8526.93
68, 8: 0 8678.31 1e+07 8526.93
69, 8: 0 8678.31 1e+07 8526.93
70, 8: 0 8678.31 1e+07 8526.93
71, 8: 0 8678.31 1e+07 8526.93
72, 8: 0 8678.31 1e+07 8526.93
73, 8: 0 8678.31 1e+07 8526.93
74, 8: 0 8678.31 1e+07 8526.93
75, 8: 0 8678.31 1e+07 8526.93
76, 8: 0 8678.31 1e+07 8526.93
77, 8: 0 8678.31 1e+07 8526.93
78, 8: 0 8678.31 1e+07 8526.93
79, 8: 0 8678.31 1e+07 8526.93
80, 8: 0 8678.31 1e+07 8526.93
Customer 46 - Obj: 151.376   part1: 151.376   part2: 0
46, 6: 1 2331.17 2179.8
0, 6: 0 -
63, 6: 0 2331.17 1e+07 2179.8
64, 6: 0 2331.17 1e+07 2179.8
65, 6: 0 2331.17 1e+07 2179.8
66, 6: 0 2331.17 1e+07 2179.8
67, 6: 0 2331.17 1e+07 2179.8
68, 6: 0 2331.17 1e+07 2179.8
69, 6: 0 2331.17 1e+07 2179.8
70, 6: 0 2331.17 1e+07 2179.8
71, 6: 0 2331.17 1e+07 2179.8
72, 6: 0 2331.17 1e+07 2179.8
73, 6: 0 2331.17 1e+07 2179.8
74, 6: 0 2331.17 1e+07 2179.8
75, 6: 0 2331.17 1e+07 2179.8
76, 6: 0 2331.17 1e+07 2179.8
77, 6: 0 2331.17 1e+07 2179.8
78, 6: 0 2331.17 1e+07 2179.8
79, 6: 0 2331.17 1e+07 2179.8
80, 6: 0 2331.17 1e+07 2179.8
Customer 47 - Obj: 151.376   part1: 151.376   part2: 0
47, 1: 1 8355.3 8203.92
0, 1: 0 -
63, 1: 0 8355.3 1e+07 8203.92
64, 1: 0 8355.3 1e+07 8203.92
65, 1: 0 8355.3 1e+07 8203.92
66, 1: 0 8355.3 1e+07 8203.92
67, 1: 0 8355.3 1e+07 8203.92
68, 1: 0 8355.3 1e+07 8203.92
69, 1: 0 8355.3 1e+07 8203.92
70, 1: 0 8355.3 1e+07 8203.92
71, 1: 0 8355.3 1e+07 8203.92
72, 1: 0 8355.3 1e+07 8203.92
73, 1: 0 8355.3 1e+07 8203.92
74, 1: 0 8355.3 1e+07 8203.92
75, 1: 0 8355.3 1e+07 8203.92
76, 1: 0 8355.3 1e+07 8203.92
77, 1: 0 8355.3 1e+07 8203.92
78, 1: 0 8355.3 1e+07 8203.92
79, 1: 0 8355.3 1e+07 8203.92
80, 1: 0 8355.3 1e+07 8203.92
Customer 48 - Obj: 151.376   part1: 151.376   part2: 0
48, 0: 1 6331.72 6180.34
0, 0: 0 -
63, 0: 0 6331.72 1e+07 6180.34
64, 0: 0 6331.72 1e+07 6180.34
65, 0: 0 6331.72 1e+07 6180.34
66, 0: 0 6331.72 1e+07 6180.34
67, 0: 0 6331.72 1e+07 6180.34
68, 0: 0 6331.72 1e+07 6180.34
69, 0: 0 6331.72 1e+07 6180.34
70, 0: 0 6331.72 1e+07 6180.34
71, 0: 0 6331.72 1e+07 6180.34
72, 0: 0 6331.72 1e+07 6180.34
73, 0: 0 6331.72 1e+07 6180.34
74, 0: 0 6331.72 1e+07 6180.34
75, 0: 0 6331.72 1e+07 6180.34
76, 0: 0 6331.72 1e+07 6180.34
77, 0: 0 6331.72 1e+07 6180.34
78, 0: 0 6331.72 1e+07 6180.34
79, 0: 0 6331.72 1e+07 6180.34
80, 0: 0 6331.72 1e+07 6180.34
Customer 49 - Obj: 151.376   part1: 151.376   part2: 0
49, 4: 1 3370.61 3219.23
0, 4: 0 -
63, 4: 0 3370.61 1e+07 3219.23
64, 4: 0 3370.61 1e+07 3219.23
65, 4: 0 3370.61 1e+07 3219.23
66, 4: 0 3370.61 1e+07 3219.23
67, 4: 0 3370.61 1e+07 3219.23
68, 4: 0 3370.61 1e+07 3219.23
69, 4: 0 3370.61 1e+07 3219.23
70, 4: 0 3370.61 1e+07 3219.23
71, 4: 0 3370.61 1e+07 3219.23
72, 4: 0 3370.61 1e+07 3219.23
73, 4: 0 3370.61 1e+07 3219.23
74, 4: 0 3370.61 1e+07 3219.23
75, 4: 0 3370.61 1e+07 3219.23
76, 4: 0 3370.61 1e+07 3219.23
77, 4: 0 3370.61 1e+07 3219.23
78, 4: 0 3370.61 1e+07 3219.23
79, 4: 0 3370.61 1e+07 3219.23
80, 4: 0 3370.61 1e+07 3219.23
Customer 50 - Obj: 151.376   part1: 151.376   part2: 0
50, 0: 1 6331.72 6180.34
0, 0: 0 -
63, 0: 0 6331.72 1e+07 6180.34
64, 0: 0 6331.72 1e+07 6180.34
65, 0: 0 6331.72 1e+07 6180.34
66, 0: 0 6331.72 1e+07 6180.34
67, 0: 0 6331.72 1e+07 6180.34
68, 0: 0 6331.72 1e+07 6180.34
69, 0: 0 6331.72 1e+07 6180.34
70, 0: 0 6331.72 1e+07 6180.34
71, 0: 0 6331.72 1e+07 6180.34
72, 0: 0 6331.72 1e+07 6180.34
73, 0: 0 6331.72 1e+07 6180.34
74, 0: 0 6331.72 1e+07 6180.34
75, 0: 0 6331.72 1e+07 6180.34
76, 0: 0 6331.72 1e+07 6180.34
77, 0: 0 6331.72 1e+07 6180.34
78, 0: 0 6331.72 1e+07 6180.34
79, 0: 0 6331.72 1e+07 6180.34
80, 0: 0 6331.72 1e+07 6180.34
Customer 51 - Obj: 151.376   part1: 151.376   part2: 0
51, 1: 1 8355.3 8203.92
0, 1: 0 -
63, 1: 0 8355.3 1e+07 8203.92
64, 1: 0 8355.3 1e+07 8203.92
65, 1: 0 8355.3 1e+07 8203.92
66, 1: 0 8355.3 1e+07 8203.92
67, 1: 0 8355.3 1e+07 8203.92
68, 1: 0 8355.3 1e+07 8203.92
69, 1: 0 8355.3 1e+07 8203.92
70, 1: 0 8355.3 1e+07 8203.92
71, 1: 0 8355.3 1e+07 8203.92
72, 1: 0 8355.3 1e+07 8203.92
73, 1: 0 8355.3 1e+07 8203.92
74, 1: 0 8355.3 1e+07 8203.92
75, 1: 0 8355.3 1e+07 8203.92
76, 1: 0 8355.3 1e+07 8203.92
77, 1: 0 8355.3 1e+07 8203.92
78, 1: 0 8355.3 1e+07 8203.92
79, 1: 0 8355.3 1e+07 8203.92
80, 1: 0 8355.3 1e+07 8203.92
Customer 52 - Obj: 151.376   part1: 151.376   part2: 0
52, 5: 1 6816.69 6665.31
0, 5: 0 -
63, 5: 0 6816.69 1e+07 6665.31
64, 5: 0 6816.69 1e+07 6249.21
65, 5: 0 6816.69 1e+07 6665.31
66, 5: 0 6816.69 1e+07 6665.31
67, 5: 0 6816.69 1e+07 6249.21
68, 5: 0 6816.69 1e+07 6665.31
69, 5: 0 6816.69 1e+07 6665.31
70, 5: 0 6816.69 1e+07 6665.31
71, 5: 0 6816.69 1e+07 6249.21
72, 5: 0 6816.69 1e+07 6665.31
73, 5: 0 6816.69 1e+07 6665.31
74, 5: 0 6816.69 1e+07 6665.31
75, 5: 0 6816.69 1e+07 6249.21
76, 5: 0 6816.69 1e+07 6665.31
77, 5: 0 6816.69 1e+07 6249.21
78, 5: 0 6816.69 1e+07 6665.31
79, 5: 0 6816.69 1e+07 6665.31
80, 5: 0 6816.69 1e+07 6665.31
Customer 53 - Obj: 151.376   part1: 151.376   part2: 0
53, 9: 1 772.666 621.29
0, 9: 0 -
63, 9: 0 772.666 1e+07 621.29
64, 9: 0 772.666 1e+07 503.527
65, 9: 0 772.666 1e+07 621.29
66, 9: 0 772.666 1e+07 503.527
67, 9: 0 772.666 1e+07 621.29
68, 9: 0 772.666 1e+07 503.527
69, 9: 0 772.666 1e+07 503.527
70, 9: 0 772.666 1e+07 503.527
71, 9: 0 772.666 1e+07 621.29
72, 9: 0 772.666 1e+07 621.29
73, 9: 0 772.666 1e+07 621.29
74, 9: 0 772.666 1e+07 621.29
75, 9: 0 772.666 1e+07 503.527
76, 9: 0 772.666 1e+07 621.29
77, 9: 0 772.666 1e+07 621.29
78, 9: 0 772.666 1e+07 621.29
79, 9: 0 772.666 1e+07 621.29
80, 9: 0 772.666 1e+07 503.527
Customer 54 - Obj: 151.376   part1: 151.376   part2: 0
54, 4: 1 3370.61 3219.23
0, 4: 0 -
63, 4: 0 3370.61 1e+07 3219.23
64, 4: 0 3370.61 1e+07 3219.23
65, 4: 0 3370.61 1e+07 3219.23
66, 4: 0 3370.61 1e+07 3219.23
67, 4: 0 3370.61 1e+07 3219.23
68, 4: 0 3370.61 1e+07 3219.23
69, 4: 0 3370.61 1e+07 3219.23
70, 4: 0 3370.61 1e+07 3219.23
71, 4: 0 3370.61 1e+07 3219.23
72, 4: 0 3370.61 1e+07 3219.23
73, 4: 0 3370.61 1e+07 3219.23
74, 4: 0 3370.61 1e+07 3219.23
75, 4: 0 3370.61 1e+07 3219.23
76, 4: 0 3370.61 1e+07 3219.23
77, 4: 0 3370.61 1e+07 3219.23
78, 4: 0 3370.61 1e+07 3219.23
79, 4: 0 3370.61 1e+07 3219.23
80, 4: 0 3370.61 1e+07 3219.23
Customer 55 - Obj: 151.376   part1: 151.376   part2: 0
55, 8: 1 8678.31 8526.93
0, 8: 0 -
63, 8: 0 8678.31 1e+07 8526.93
64, 8: 0 8678.31 1e+07 8526.93
65, 8: 0 8678.31 1e+07 8526.93
66, 8: 0 8678.31 1e+07 8526.93
67, 8: 0 8678.31 1e+07 8526.93
68, 8: 0 8678.31 1e+07 8526.93
69, 8: 0 8678.31 1e+07 8526.93
70, 8: 0 8678.31 1e+07 8526.93
71, 8: 0 8678.31 1e+07 8526.93
72, 8: 0 8678.31 1e+07 8526.93
73, 8: 0 8678.31 1e+07 8526.93
74, 8: 0 8678.31 1e+07 8526.93
75, 8: 0 8678.31 1e+07 8526.93
76, 8: 0 8678.31 1e+07 8526.93
77, 8: 0 8678.31 1e+07 8526.93
78, 8: 0 8678.31 1e+07 8526.93
79, 8: 0 8678.31 1e+07 8526.93
80, 8: 0 8678.31 1e+07 8526.93
Customer 56 - Obj: 151.376   part1: 151.376   part2: 0
56, 9: 1 772.666 621.29
0, 9: 0 -
63, 9: 0 772.666 1e+07 621.29
64, 9: 0 772.666 1e+07 621.29
65, 9: 0 772.666 1e+07 503.527
66, 9: 0 772.666 1e+07 503.527
67, 9: 0 772.666 1e+07 503.527
68, 9: 0 772.666 1e+07 503.527
69, 9: 0 772.666 1e+07 621.29
70, 9: 0 772.666 1e+07 503.527
71, 9: 0 772.666 1e+07 621.29
72, 9: 0 772.666 1e+07 503.527
73, 9: 0 772.666 1e+07 503.527
74, 9: 0 772.666 1e+07 503.527
75, 9: 0 772.666 1e+07 621.29
76, 9: 0 772.666 1e+07 621.29
77, 9: 0 772.666 1e+07 621.29
78, 9: 0 772.666 1e+07 503.527
79, 9: 0 772.666 1e+07 621.29
80, 9: 0 772.666 1e+07 503.527
Customer 57 - Obj: 151.376   part1: 151.376   part2: 0
57, 8: 1 8678.31 8526.93
0, 8: 0 -
63, 8: 0 8678.31 1e+07 8526.93
64, 8: 0 8678.31 1e+07 8526.93
65, 8: 0 8678.31 1e+07 8526.93
66, 8: 0 8678.31 1e+07 8526.93
67, 8: 0 8678.31 1e+07 8526.93
68, 8: 0 8678.31 1e+07 8526.93
69, 8: 0 8678.31 1e+07 8526.93
70, 8: 0 8678.31 1e+07 8526.93
71, 8: 0 8678.31 1e+07 8526.93
72, 8: 0 8678.31 1e+07 8526.93
73, 8: 0 8678.31 1e+07 8526.93
74, 8: 0 8678.31 1e+07 8526.93
75, 8: 0 8678.31 1e+07 8526.93
76, 8: 0 8678.31 1e+07 8526.93
77, 8: 0 8678.31 1e+07 8526.93
78, 8: 0 8678.31 1e+07 8526.93
79, 8: 0 8678.31 1e+07 8526.93
80, 8: 0 8678.31 1e+07 8526.93
Customer 58 - Obj: 151.376   part1: 151.376   part2: 0
58, 6: 1 2331.17 2179.8
0, 6: 0 -
63, 6: 0 2331.17 1e+07 2179.8
64, 6: 0 2331.17 1e+07 2179.8
65, 6: 0 2331.17 1e+07 2179.8
66, 6: 0 2331.17 1e+07 2179.8
67, 6: 0 2331.17 1e+07 2179.8
68, 6: 0 2331.17 1e+07 2179.8
69, 6: 0 2331.17 1e+07 2179.8
70, 6: 0 2331.17 1e+07 2179.8
71, 6: 0 2331.17 1e+07 2179.8
72, 6: 0 2331.17 1e+07 2179.8
73, 6: 0 2331.17 1e+07 2179.8
74, 6: 0 2331.17 1e+07 2179.8
75, 6: 0 2331.17 1e+07 2179.8
76, 6: 0 2331.17 1e+07 2179.8
77, 6: 0 2331.17 1e+07 2179.8
78, 6: 0 2331.17 1e+07 2179.8
79, 6: 0 2331.17 1e+07 2179.8
80, 6: 0 2331.17 1e+07 2179.8
Customer 59 - Obj: 151.376   part1: 151.376   part2: 0
59, 4: 1 3370.61 3219.23
0, 4: 0 -
63, 4: 0 3370.61 1e+07 3219.23
64, 4: 0 3370.61 1e+07 3219.23
65, 4: 0 3370.61 1e+07 3219.23
66, 4: 0 3370.61 1e+07 3219.23
67, 4: 0 3370.61 1e+07 3219.23
68, 4: 0 3370.61 1e+07 3219.23
69, 4: 0 3370.61 1e+07 3219.23
70, 4: 0 3370.61 1e+07 3219.23
71, 4: 0 3370.61 1e+07 3219.23
72, 4: 0 3370.61 1e+07 3219.23
73, 4: 0 3370.61 1e+07 3219.23
74, 4: 0 3370.61 1e+07 3219.23
75, 4: 0 3370.61 1e+07 3219.23
76, 4: 0 3370.61 1e+07 3219.23
77, 4: 0 3370.61 1e+07 3219.23
78, 4: 0 3370.61 1e+07 3219.23
79, 4: 0 3370.61 1e+07 3219.23
80, 4: 0 3370.61 1e+07 3219.23
Customer 60 - Obj: 151.376   part1: 151.376   part2: 0
60, 5: 1 6816.69 6665.31
0, 5: 0 -
63, 5: 0 6816.69 1e+07 6665.31
64, 5: 0 6816.69 1e+07 6665.31
65, 5: 0 6816.69 1e+07 6665.31
66, 5: 0 6816.69 1e+07 6665.31
67, 5: 0 6816.69 1e+07 6249.21
68, 5: 0 6816.69 1e+07 6665.31
69, 5: 0 6816.69 1e+07 6665.31
70, 5: 0 6816.69 1e+07 6665.31
71, 5: 0 6816.69 1e+07 6249.21
72, 5: 0 6816.69 1e+07 6249.21
73, 5: 0 6816.69 1e+07 6249.21
74, 5: 0 6816.69 1e+07 6665.31
75, 5: 0 6816.69 1e+07 6249.21
76, 5: 0 6816.69 1e+07 6665.31
77, 5: 0 6816.69 1e+07 6665.31
78, 5: 0 6816.69 1e+07 6249.21
79, 5: 0 6816.69 1e+07 6665.31
80, 5: 0 6816.69 1e+07 6665.31
Customer 61 - Obj: 151.376   part1: 151.376   part2: 0
61, 2: 1 3291.48 3140.11
0, 2: 0 -
63, 2: 0 3291.48 1e+07 2815.86
64, 2: 0 3291.48 1e+07 2815.86
65, 2: 0 3291.48 1e+07 2815.86
66, 2: 0 3291.48 1e+07 2815.86
67, 2: 0 3291.48 1e+07 3140.11
68, 2: 0 3291.48 1e+07 3140.11
69, 2: 0 3291.48 1e+07 3140.11
70, 2: 0 3291.48 1e+07 2815.86
71, 2: 0 3291.48 1e+07 2815.86
72, 2: 0 3291.48 1e+07 3140.11
73, 2: 0 3291.48 1e+07 2815.86
74, 2: 0 3291.48 1e+07 3140.11
75, 2: 0 3291.48 1e+07 2815.86
76, 2: 0 3291.48 1e+07 3140.11
77, 2: 0 3291.48 1e+07 2815.86
78, 2: 0 3291.48 1e+07 3140.11
79, 2: 0 3291.48 1e+07 3140.11
80, 2: 0 3291.48 1e+07 3140.11
Customer 62 - Obj: 151.376   part1: 151.376   part2: 0
62, 4: 1 3370.61 3219.23
0, 4: 0 -
63, 4: 0 3370.61 1e+07 3219.23
64, 4: 0 3370.61 1e+07 3219.23
65, 4: 0 3370.61 1e+07 3219.23
66, 4: 0 3370.61 1e+07 3219.23
67, 4: 0 3370.61 1e+07 3219.23
68, 4: 0 3370.61 1e+07 3219.23
69, 4: 0 3370.61 1e+07 3219.23
70, 4: 0 3370.61 1e+07 3219.23
71, 4: 0 3370.61 1e+07 3219.23
72, 4: 0 3370.61 1e+07 3219.23
73, 4: 0 3370.61 1e+07 3219.23
74, 4: 0 3370.61 1e+07 3219.23
75, 4: 0 3370.61 1e+07 3219.23
76, 4: 0 3370.61 1e+07 3219.23
77, 4: 0 3370.61 1e+07 3219.23
78, 4: 0 3370.61 1e+07 3219.23
79, 4: 0 3370.61 1e+07 3219.23
80, 4: 0 3370.61 1e+07 3219.23
Routing:
2, 1, 0
3, 0, 0
3, 1, 0
4, 0, 1
5, 4, 1
6, 0, 1
7, 5, 1
9, 7, 1
9, 8, 1
11, 10, 1
12, 8, 1
12, 11, 1
14, 0, 0
14, 13, 0
15, 13, 0
16, 15, 0
18, 17, 0
20, 19, 0
21, 19, 0
23, 22, 0
25, 24, 0
26, 25, 0
27, 22, 0
28, 24, 0
29, 28, 0
30, 17, 0
31, 30, 0
32, 16, 0
32, 31, 0
33, 18, 0
34, 33, 0
35, 20, 0
36, 35, 0
37, 2, 0
38, 37, 0
39, 36, 0
39, 38, 0
40, 23, 0
41, 21, 0
41, 40, 0
42, 26, 0
43, 29, 0
44, 43, 0
45, 44, 0
47, 46, 0
48, 45, 0
50, 47, 0
50, 49, 0
51, 49, 0
52, 48, 0
52, 51, 0
53, 34, 0
54, 46, 0
55, 54, 0
56, 55, 0
57, 56, 0
58, 53, 0
59, 58, 0
60, 59, 0
61, 57, 0
62, 60, 0
62, 61, 0
65, 6, 1
65, 10, 1
77, 27, 0
77, 42, 0
Routing cost: 14774.2
[272420.51395425876, 14774.240000000003, 216.365061044693, 0.0, 1, 0, 0.0, 0.0, 0.0]
