Using license file /util/academic/gurobi/licenses/gurobi.lic
Set parameter TokenServer to value srv-m14-36.cbls.ccr.buffalo.edu
Set parameter TSPort to value 46325
Changed value of parameter lazyConstraints to 1
   Prev: 0  Min: 0  Max: 1  Default: 0
Changed value of parameter TimeLimit to 129600.0
   Prev: inf  Min: 0.0  Max: inf  Default: inf
Gurobi Optimizer version 9.1.1 build v9.1.1rc0 (linux64)
Thread count: 12 physical cores, 12 logical processors, using up to 12 threads
Optimize a model with 2599 rows, 4972 columns and 17148 nonzeros
Model fingerprint: 0xe4e9d81f
Variable types: 760 continuous, 4212 integer (4212 binary)
Coefficient statistics:
  Matrix range     [1e+00, 9e+03]
  Objective range  [1e+00, 1e+00]
  Bounds range     [1e+00, 6e+03]
  RHS range        [1e+00, 9e+03]
Presolve removed 516 rows and 219 columns
Presolve time: 0.03s
Presolved: 2083 rows, 4753 columns, 16003 nonzeros
Variable types: 534 continuous, 4219 integer (4219 binary)

Root relaxation: objective -3.330265e+05, 1620 iterations, 0.04 seconds

    Nodes    |    Current Node    |     Objective Bounds      |     Work
 Expl Unexpl |  Obj  Depth IntInf | Incumbent    BestBd   Gap | It/Node Time

     0     0 -333026.55    0  320          - -333026.55      -     -    0s
     0     0 -332759.70    0  335          - -332759.70      -     -    0s
     0     0 -332682.32    0  351          - -332682.32      -     -    0s
     0     0 -332597.22    0  370          - -332597.22      -     -    0s
     0     0 -332594.00    0  370          - -332594.00      -     -    0s
     0     0 -332257.30    0  366          - -332257.30      -     -    0s
H    0     0                    -310947.5075 -332257.30  6.85%     -    0s
     0     0 -331855.66    0  378 -310947.51 -331855.66  6.72%     -    0s
H    0     0                    -316983.6675 -331855.66  4.69%     -    0s
     0     0 -331805.37    0  385 -316983.67 -331805.37  4.68%     -    1s
     0     0 -331790.48    0  389 -316983.67 -331790.48  4.67%     -    1s
     0     0 -331666.25    0  387 -316983.67 -331666.25  4.63%     -    1s
H    0     0                    -319142.8275 -331666.25  3.92%     -    1s
     0     0 -331662.30    0  393 -319142.83 -331662.30  3.92%     -    1s
     0     0 -331662.28    0  395 -319142.83 -331662.28  3.92%     -    1s
     0     0 -331641.79    0  342 -319142.83 -331641.79  3.92%     -    1s
H    0     0                    -321954.9875 -331641.79  3.01%     -    1s
     0     0 -331637.65    0  385 -321954.99 -331637.65  3.01%     -    1s
     0     0 -331637.02    0  387 -321954.99 -331637.02  3.01%     -    1s
     0     0 -331634.21    0  394 -321954.99 -331634.21  3.01%     -    1s
     0     0 -331634.21    0  394 -321954.99 -331634.21  3.01%     -    1s
     0     2 -331622.17    0  392 -321954.99 -331622.17  3.00%     -    1s
H   28    32                    -322032.7075 -331612.52  2.97%   131    2s
H   36    32                    -322353.5475 -331612.52  2.87%   135    2s
H   64    69                    -322566.9575 -331580.84  2.79%   223    2s
H  208   206                    -322945.5675 -331580.84  2.67%   220    4s
   387   420 -327059.01   29  258 -322945.57 -331580.84  2.67%   200    5s
H 1019   901                    -323477.9075 -331580.84  2.50%   153    7s
H 1030   769                    -324653.7075 -331580.84  2.13%   153    7s
  1473  1123 -326495.15   22  154 -324653.71 -331560.59  2.13%   181   10s
H 1783  1181                    -324995.2075 -328238.67  1.00%   169   13s
H 1794  1129                    -325079.2475 -328217.09  0.97%   168   14s
  1797  1131 -325653.23   38  288 -325079.25 -328216.07  0.96%   168   15s
H 1816  1087                    -325081.0075 -328208.67  0.96%   174   17s
H 1821  1035                    -325105.2875 -328169.43  0.94%   174   18s
H 1822   986                    -325126.8475 -328169.43  0.94%   177   18s
  1825   991 -327864.94   22  297 -325126.85 -328164.13  0.93%   178   20s
H 1857   948                    -325156.5675 -327743.67  0.80%   179   21s
H 1886   925                    -325182.7275 -327612.55  0.75%   179   23s
H 1894   878                    -325219.3475 -327612.55  0.74%   179   23s
  2379  1088 -325362.95   57  105 -325219.35 -327612.55  0.74%   168   25s
  3934  1442 -325919.91   34  249 -325219.35 -327270.99  0.63%   154   31s
H 4005  1355                    -325224.3675 -327270.99  0.63%   156   32s
  5939  2464     cutoff   37      -325224.37 -326646.29  0.44%   143   35s
H10659  4631                    -325232.7675 -326317.44  0.33%   118   38s
 11155  4677 -325562.38   34  117 -325232.77 -326260.39  0.32%   119   41s
 15761  6344 -325460.91   36   69 -325232.77 -326050.40  0.25%   110   45s
*16799  6470              61    -325246.5375 -325998.51  0.23%   109   45s
 24429  7229 -325608.07   36  153 -325246.54 -325627.25  0.12%  95.4   50s
 35765 10376 infeasible  100      -325246.54 -325608.07  0.11%  82.6   56s
H35799  9010                    -325264.2575 -325608.07  0.11%  82.6   56s
 40138 10156 -325421.77   45   45 -325264.26 -325608.07  0.11%  83.0   61s
 45820 11837 infeasible  122      -325264.26 -325608.07  0.11%  84.9   65s
 51249 13070 -325608.07   44  100 -325264.26 -325608.07  0.11%  90.4   71s
 55912 14754 -325426.26   43   70 -325264.26 -325608.07  0.11%  93.1   79s
 57572 15117 infeasible  109      -325264.26 -325608.07  0.11%  93.3   80s
 61967 15597 -325371.38   49  112 -325264.26 -325608.07  0.11%  95.9   85s
 69215 15481 -325297.33   50   37 -325264.26 -325562.69  0.09%  96.4   91s
 77168 14893 infeasible   45      -325264.26 -325510.83  0.08%  93.7   95s
 84775 15646     cutoff   52      -325264.26 -325473.04  0.06%  91.1  100s
 93477 15717     cutoff   50      -325264.26 -325473.04  0.06%  89.9  105s
 102528 16390 -325382.82   54  109 -325264.26 -325461.23  0.06%  89.3  111s
 107299 16039     cutoff   66      -325264.26 -325460.57  0.06%  89.2  115s
 117659 14388 -325306.61   61   85 -325264.26 -325425.95  0.05%  86.5  120s
 128143 14082 -325383.42   39   60 -325264.26 -325387.81  0.04%  84.7  126s
 134938 14558 -325366.32   44   57 -325264.26 -325387.81  0.04%  84.9  131s
 139639 13528 -325362.95   45   92 -325264.26 -325383.27  0.04%  85.4  136s
 143631 13850     cutoff   56      -325264.26 -325362.95  0.03%  86.3  140s
 146352 13971 -325362.95   50  121 -325264.26 -325362.95  0.03%  87.4  148s
 147461 14040 -325362.95   69  121 -325264.26 -325362.95  0.03%  88.0  150s
 150247 14334     cutoff   48      -325264.26 -325362.95  0.03%  89.9  155s
 153470 14612     cutoff   53      -325264.26 -325362.95  0.03%  92.0  160s
 156603 14994 -325362.95   51  134 -325264.26 -325362.95  0.03%  94.1  166s
 159919 15267 -325307.16   53  101 -325264.26 -325362.95  0.03%  96.1  171s
 162029 15483 -325306.36   46  138 -325264.26 -325362.95  0.03%  97.5  175s
 164786 16034 -325362.95   47  156 -325264.26 -325362.95  0.03%   100  190s
 168998 16241 -325264.59  132   30 -325264.26 -325361.63  0.03%   101  196s
 172199 16362 -325361.63   60  125 -325264.26 -325361.63  0.03%   102  200s
 174993 17026     cutoff   43      -325264.26 -325361.63  0.03%   103  205s
 178667 17859 -325349.59   51  115 -325264.26 -325361.63  0.03%   104  212s
 181482 18286 -325326.20   51  103 -325264.26 -325361.63  0.03%   105  216s
 184514 18606 -325302.32   49  117 -325264.26 -325361.63  0.03%   106  221s
H186072 18598                    -325264.2575 -325361.63  0.03%   106  223s
 186775 18422     cutoff   50      -325264.26 -325361.63  0.03%   107  225s
 190427 18734 -325288.21   55   83 -325264.26 -325361.63  0.03%   108  233s
 193267 18938 infeasible   70      -325264.26 -325361.63  0.03%   109  235s
 195526 19098     cutoff   57      -325264.26 -325361.63  0.03%   110  240s
 198285 19034 -325313.76   55  120 -325264.26 -325361.63  0.03%   111  245s
 203178 17908     cutoff   48      -325264.26 -325361.63  0.03%   112  253s
 206217 16997 infeasible   58      -325264.26 -325361.63  0.03%   112  257s
 210502 16600 -325338.01   57   75 -325264.26 -325338.67  0.02%   112  261s
 218272 15646     cutoff  104      -325264.26 -325338.01  0.02%   112  267s
 225711 18669     cutoff   59      -325264.26 -325326.53  0.02%   111  271s
H231262 17509                    -325264.2583 -325326.53  0.02%   109  274s
 233180 16617     cutoff   62      -325264.26 -325326.53  0.02%   110  279s
 236399 16612 -325326.53   58   86 -325264.26 -325326.53  0.02%   111  284s
 238814 16197 -325324.68   60   73 -325264.26 -325326.53  0.02%   112  291s
 242174 15557     cutoff   55      -325264.26 -325326.53  0.02%   112  297s
 246737 14918 -325316.48   55   82 -325264.26 -325326.53  0.02%   113  302s
 252272 13989     cutoff  162      -325264.26 -325326.20  0.02%   113  306s
 260644 12752 infeasible  108      -325264.26 -325325.54  0.02%   112  310s
 264189 12485 -325314.39   36   96 -325264.26 -325314.39  0.02%   112  316s
 266081 12529     cutoff   46      -325264.26 -325314.39  0.02%   112  320s
 270684 12639 -325314.39   54   93 -325264.26 -325314.39  0.02%   113  327s
 272485 12857 -325314.39   48   82 -325264.26 -325314.39  0.02%   114  331s
 275605 13261 -325283.63   70  104 -325264.26 -325314.39  0.02%   115  338s
 276966 13407     cutoff   50      -325264.26 -325314.39  0.02%   116  341s
 278359 13584     cutoff   59      -325264.26 -325314.39  0.02%   116  345s
 281320 13834     cutoff   66      -325264.26 -325314.39  0.02%   118  352s
 282948 13885     cutoff   51      -325264.26 -325314.39  0.02%   119  356s
 284604 13864     cutoff   56      -325264.26 -325314.39  0.02%   119  360s
 286143 13980     cutoff   62      -325264.26 -325314.39  0.02%   120  369s
 289676 14163     cutoff   49      -325264.26 -325314.39  0.02%   122  378s
 293919 14383 infeasible   58      -325264.26 -325314.39  0.02%   124  382s
 295576 14556     cutoff   67      -325264.26 -325314.39  0.02%   124  386s
 297165 14663 -325314.39   50   99 -325264.26 -325314.39  0.02%   125  390s
 298826 14669 -325289.48   54  123 -325264.26 -325314.39  0.02%   125  398s
 300071 14803     cutoff   44      -325264.26 -325314.39  0.02%   126  402s
 301737 14930 -325314.39   53  124 -325264.26 -325314.39  0.02%   126  406s
 303355 15200 -325295.27   62  149 -325264.26 -325314.39  0.02%   127  410s
 306853 15774     cutoff   58      -325264.26 -325314.39  0.02%   128  419s
H307490 15774                    -325264.2588 -325314.39  0.02%   128  419s
 308763 15886 -325314.39   49  113 -325264.26 -325314.39  0.02%   129  423s
 309740 16127 -325314.39   51   99 -325264.26 -325314.39  0.02%   129  427s
 311784 16324 -325314.39   52  117 -325264.26 -325314.39  0.02%   130  432s
 313679 16488 -325313.07   61   76 -325264.26 -325314.39  0.02%   130  436s
 315364 16680 -325281.86   49   76 -325264.26 -325314.39  0.02%   131  440s
 317159 16870 -325314.39   68  131 -325264.26 -325314.39  0.02%   131  445s
 320923 17084 -325314.39   52  100 -325264.26 -325314.39  0.02%   132  454s
 322973 17150     cutoff   54      -325264.26 -325314.39  0.02%   133  458s
 324915 17309 infeasible   66      -325264.26 -325314.39  0.02%   134  463s
 326884 17314 -325314.39   59  102 -325264.26 -325314.39  0.02%   134  467s
 328814 17372     cutoff   56      -325264.26 -325314.39  0.02%   134  472s
 330725 17467     cutoff   46      -325264.26 -325314.39  0.02%   135  476s
 332555 17634     cutoff   50      -325264.26 -325314.39  0.02%   136  480s
 334328 17904 -325314.39   47  113 -325264.26 -325314.39  0.02%   136  485s
 335809 18004 -325314.39   57  101 -325264.26 -325314.39  0.02%   137  490s
 337755 18202 -325314.15   64  103 -325264.26 -325314.39  0.02%   137  495s
 341580 18289 -325314.39   69  110 -325264.26 -325314.39  0.02%   138  504s
 343265 18439 -325285.65   55  134 -325264.26 -325314.39  0.02%   139  509s
 345256 18596     cutoff   76      -325264.26 -325314.39  0.02%   139  513s
 347283 18831 -325314.39   63   77 -325264.26 -325314.39  0.02%   140  518s
 349313 18849     cutoff   63      -325264.26 -325314.39  0.02%   140  523s
 349904 18955 -325314.39   46  101 -325264.26 -325314.39  0.02%   141  528s
 352092 18978     cutoff   55      -325264.26 -325314.39  0.02%   141  532s
 354168 18929 -325285.87   47  145 -325264.26 -325314.39  0.02%   141  537s
 356106 18886 -325313.07   65   52 -325264.26 -325314.39  0.02%   142  546s
 359807 19011 -325314.06   61  146 -325264.26 -325314.39  0.02%   143  555s
 363606 18886     cutoff   61      -325264.26 -325314.39  0.02%   144  567s
 366382 18816 -325314.11   48  116 -325264.26 -325314.39  0.02%   145  577s
 370082 18763 -325313.07   56   72 -325264.26 -325314.39  0.02%   146  587s
 373914 18685 -325313.67   51  114 -325264.26 -325314.39  0.02%   147  592s
 375859 18607 infeasible   88      -325264.26 -325314.39  0.02%   147  602s
 380055 18690     cutoff   77      -325264.26 -325314.39  0.02%   148  611s
 385107 18496 -325313.07   57  127 -325264.26 -325314.38  0.02%   148  616s
 388535 17804 -325313.34   56  114 -325264.26 -325314.06  0.02%   148  623s
 393698 17183     cutoff   68      -325264.26 -325313.97  0.02%   148  628s
 396406 16429 -325313.07   63   53 -325264.26 -325313.11  0.02%   148  633s
 398927 15891 -325313.07   79   62 -325264.26 -325313.07  0.02%   148  638s
 401200 15283     cutoff   67      -325264.26 -325313.07  0.02%   149  643s
 403583 14806 -325313.07   77   61 -325264.26 -325313.07  0.02%   149  649s
 406022 13112 -325313.07   60   48 -325264.26 -325313.07  0.02%   150  656s
 410431 11122     cutoff   71      -325264.26 -325310.54  0.01%   150  662s
 415068  9503 infeasible   90      -325264.26 -325306.07  0.01%   150  669s
 419988  9390 -325282.95   59  118 -325264.26 -325298.03  0.01%   150  675s

Cutting planes:
  Gomory: 8
  Cover: 946
  Implied bound: 10
  MIR: 5
  Flow cover: 11
  Inf proof: 164
  Zero half: 6
  RLT: 51
  Lazy constraints: 303

Explored 422517 nodes (63427112 simplex iterations) in 675.42 seconds
Thread count was 12 (of 12 available processors)

Solution count 10: -325264 -325264 -325247 ... -325105

Optimal solution found (tolerance 1.00e-04)
Best objective -3.252642587533e+05, best bound -3.252907874594e+05, gap 0.0082%

User-callback calls 902647, time in user-callback 2.28 sec
-1
Leader's objective: 325264
Customers decisions:
Customer 1 - Obj: 405.63   part1: 421.105   part2: 15.475
1, 8: 0 8565.34 8526.93
41, 8, 0: 1 8565.34 15.475 8526.93 8526.93
1, 6: 0 2562.49 2179.8
41, 6, 1: 1 2562.49 15.475 2179.8 2179.8
Customer 2 - Obj: 30.0318   part1: 146.865   part2: 116.834
2, 8: 0 8604.26 8526.93
41, 8, 2: 1 8604.26 116.834 8526.93 8526.93
2, 5: 0 6734.85 6665.31
41, 5, 3: 1 6734.85 116.834 6665.31 6665.31
Customer 3 - Obj: 269.467   part1: 279.736   part2: 10.269
3, 2: 0 3141.71 3140.11
41, 2, 4: 1 3141.71 10.269 3140.11 3140.11
3, 0: 0 6255.37 6180.34
41, 0, 5: 1 6255.37 10.269 6180.34 6180.34
3, 6: 0 2382.9 2179.8
41, 6, 6: 1 2382.9 10.269 2179.8 2179.8
Customer 4 - Obj: -40.3755   part1: 6.82107   part2: 47.1965
4, 8: 7.37794e-07 8533.75 8526.93
41, 8, 7: 0.999999 8533.75 47.1966 8526.93 8526.93
Customer 5 - Obj: -9.93414   part1: 24.0017   part2: 33.9358
5, 9: 7.37783e-07 645.292 621.29
41, 9, 8: 0.999999 645.292 33.9358 621.29 621.29
Customer 6 - Obj: -36.7966   part1: 30.4603   part2: 67.2569
6, 0: 0 6210.8 6180.34
41, 0, 9: 1 6210.8 67.2569 6180.34 6180.34
Customer 7 - Obj: 219.546   part1: 326.008   part2: 106.462
7, 8: 1 8826.76 8526.93
41, 8, 10: 0 8826.76 106.462 8526.93 8526.93
7, 4: 1 3245.41 3219.23
41, 4, 11: 0 3245.41 106.462 3219.23 3219.23
Customer 8 - Obj: 191.031   part1: 277.466   part2: 86.4352
8, 7: 0 4785.6 4508.14
41, 7, 12: 1 4785.6 86.4352 4508.14 4508.14
Customer 9 - Obj: -134.159   part1: 44.235   part2: 178.394
9, 1: 0 8248.15 8203.92
41, 1, 13: 1 8248.15 178.394 8203.92 8203.92
Customer 10 - Obj: 5.45289   part1: 22.9223   part2: 17.4694
10, 4: 0 3242.15 3219.23
41, 4, 14: 1 3242.15 17.4694 3219.23 3219.23
Customer 11 - Obj: 232.536   part1: 302.102   part2: 69.5653
11, 8: 0 8829.03 8526.93
41, 8, 15: 1 8829.03 69.5653 8526.93 8526.93
Customer 12 - Obj: 297.897   part1: 328.347   part2: 30.4497
12, 3: 0 1163.19 981.225
41, 3, 16: 1 1163.19 30.4497 981.225 981.225
12, 2: 0 3286.49 3140.11
41, 2, 17: 1 3286.49 30.4497 3140.11 3140.11
Customer 13 - Obj: 23.2323   part1: 32.3032   part2: 9.07088
13, 7: 1 4540.44 4508.14
41, 7, 18: 0 4540.44 9.07088 3278.16 4508.14
Customer 14 - Obj: 97.9556   part1: 107.71   part2: 9.75444
14, 9: 1 667.549 621.29
41, 9, 19: 0 667.549 9.75444 503.527 621.29
14, 2: 1 3201.56 3140.11
41, 2, 20: 0 3201.56 9.75444 3140.11 3140.11
Customer 15 - Obj: 545.896   part1: 628.309   part2: 82.4139
15, 3: 0 1409.7 981.225
41, 3, 21: 1 1409.7 82.4139 981.225 981.225
15, 5: 0 6823.09 6665.31
41, 5, 22: 1 6823.09 82.4139 6665.31 6665.31
15, 4: 0 3261.28 3219.23
41, 4, 23: 1 3261.28 82.4139 3219.23 3219.23
Customer 16 - Obj: 216.684   part1: 234.607   part2: 17.9226
16, 7: 0 4605.76 4508.14
41, 7, 24: 1 4605.76 17.9226 4508.14 4508.14
16, 8: 0 8633.92 8526.93
41, 8, 25: 1 8633.92 17.9226 8526.93 8526.93
16, 9: 0 651.284 621.29
41, 9, 26: 1 651.284 17.9226 621.29 621.29
Customer 17 - Obj: -18.1462   part1: 9.67999   part2: 27.8262
17, 3: 0 990.905 981.225
41, 3, 27: 1 990.905 27.8262 981.225 981.225
Customer 18 - Obj: 39.6647   part1: 115.401   part2: 75.7358
18, 9: 7.37787e-07 736.691 621.29
41, 9, 28: 0.999999 736.691 75.7359 621.29 621.29
Customer 19 - Obj: -28.0943   part1: 114.858   part2: 142.952
19, 4: 0 3334.09 3219.23
41, 4, 29: 1 3334.09 142.952 3219.23 3219.23
Customer 20 - Obj: 76.087   part1: 89.7947   part2: 13.7077
20, 2: 0 3229.9 3140.11
41, 2, 30: 1 3229.9 13.7077 3140.11 3140.11
Customer 21 - Obj: 117.397   part1: 182.564   part2: 65.1671
21, 8: 0 8542.43 8526.93
41, 8, 31: 1 8542.43 65.1671 8526.93 8526.93
21, 6: 0 2239.2 2179.8
41, 6, 32: 1 2239.2 65.1671 2179.8 2179.8
21, 1: 0 8311.57 8203.92
41, 1, 33: 1 8311.57 65.1671 8203.92 8203.92
Customer 22 - Obj: -316.933   part1: 50.977   part2: 367.91
22, 4: 0 3233.28 3219.23
41, 4, 34: 1 3233.28 367.91 3219.23 3219.23
22, 0: 0 6217.26 6180.34
41, 0, 35: 1 6217.26 367.91 6180.34 6180.34
Customer 23 - Obj: 113.705   part1: 326.587   part2: 212.882
23, 1: 0 8364.31 8203.92
41, 1, 36: 1 8364.31 212.882 8203.92 8203.92
23, 9: 0 672.772 621.29
41, 9, 37: 1 672.772 212.882 621.29 621.29
23, 4: 0 3333.94 3219.23
41, 4, 38: 1 3333.94 212.882 3219.23 3219.23
Customer 24 - Obj: 374.255   part1: 456.374   part2: 82.119
24, 8: 0 8681.02 8526.93
41, 8, 39: 1 8681.02 82.119 8526.93 8526.93
24, 9: 0 923.572 621.29
41, 9, 40: 1 923.572 82.119 621.29 621.29
Customer 25 - Obj: 121.383   part1: 149.121   part2: 27.738
25, 4: 0 3368.35 3219.23
41, 4, 41: 1 3368.35 27.738 3219.23 3219.23
Customer 26 - Obj: -65.8482   part1: 11.654   part2: 77.5022
26, 5: 0 6676.97 6665.31
41, 5, 42: 1 6676.97 77.5022 6665.31 6665.31
Customer 27 - Obj: 356.379   part1: 491.844   part2: 135.465
27, 3: 0 1199.52 981.225
41, 3, 43: 1 1199.52 135.465 981.225 981.225
27, 4: 0 3331.6 3219.23
41, 4, 44: 1 3331.6 135.465 3219.23 3219.23
27, 2: 3.96702e-07 3301.29 3140.11
41, 2, 45: 1 3301.29 135.465 3140.11 3140.11
Customer 28 - Obj: -140.314   part1: 240.857   part2: 381.172
28, 9: 0 829.773 621.29
41, 9, 46: 1 829.773 381.172 621.29 621.29
28, 0: 7.37794e-07 6212.72 6180.34
41, 0, 47: 0.999999 6212.72 381.172 6180.34 6180.34
Customer 29 - Obj: 38.8621   part1: 142.233   part2: 103.371
29, 8: 0 8653.25 8526.93
41, 8, 48: 1 8653.25 103.371 8526.93 8526.93
29, 6: 0 2195.71 2179.8
41, 6, 49: 1 2195.71 103.371 2179.8 2179.8
Customer 30 - Obj: -34.3306   part1: 132.587   part2: 166.918
30, 7: 0 4576.66 4508.14
41, 7, 50: 1 4576.66 166.918 4508.14 4508.14
30, 1: 0 8267.99 8203.92
41, 1, 51: 1 8267.99 166.918 8203.92 8203.92
Customer 31 - Obj: 282.647   part1: 394.012   part2: 111.364
31, 3: 0 1072.82 981.225
41, 3, 52: 1 1072.82 111.364 981.225 981.225
31, 0: 0 6310.6 6180.34
41, 0, 53: 1 6310.6 111.364 6180.34 6180.34
31, 6: 0 2351.96 2179.8
41, 6, 54: 1 2351.96 111.364 2179.8 2179.8
Customer 32 - Obj: -201.56   part1: 19.6533   part2: 221.214
32, 1: 7.37794e-07 8223.57 8203.92
41, 1, 55: 0.999999 8223.57 221.214 8203.92 8203.92
Customer 33 - Obj: 98.0945   part1: 177.268   part2: 79.1732
33, 2: 0 3145.82 3140.11
41, 2, 56: 1 3145.82 79.1732 3140.11 3140.11
33, 4: 0 3297.2 3219.23
41, 4, 57: 1 3297.2 79.1732 3219.23 3219.23
33, 9: 0 714.881 621.29
41, 9, 58: 1 714.881 79.1732 621.29 621.29
Customer 34 - Obj: -363.028   part1: 20.5794   part2: 383.608
34, 5: 0 6685.89 6665.31
41, 5, 59: 1 6685.89 383.608 6665.31 6665.31
Customer 35 - Obj: -260.886   part1: 121.845   part2: 382.731
35, 8: 0 8634.56 8526.93
41, 8, 60: 1 8634.56 382.731 8526.93 8526.93
35, 9: 0 635.501 621.29
41, 9, 61: 1 635.501 382.731 621.29 621.29
Customer 36 - Obj: 293.372   part1: 365.481   part2: 72.1097
36, 7: 0 4526.71 4508.14
41, 7, 62: 1 4526.71 72.1097 4508.14 4508.14
36, 5: 0 6817.75 6665.31
41, 5, 63: 1 6817.75 72.1097 6665.31 6665.31
36, 0: 0 6374.82 6180.34
41, 0, 64: 1 6374.82 72.1097 6180.34 6180.34
Customer 37 - Obj: 210.682   part1: 220.765   part2: 10.0835
37, 1: 0 8283.89 8203.92
41, 1, 65: 1 8283.89 10.0835 8203.92 8203.92
37, 7: 0 4582.07 4508.14
41, 7, 66: 1 4582.07 10.0835 4508.14 4508.14
37, 4: 0 3286.09 3219.23
41, 4, 67: 1 3286.09 10.0835 3219.23 3219.23
Customer 38 - Obj: 388.774   part1: 471.211   part2: 82.4374
38, 6: 0 2389.11 2179.8
41, 6, 68: 1 2389.11 82.4374 2179.8 2179.8
38, 3: 0 1221.12 981.225
41, 3, 69: 1 1221.12 82.4374 981.225 981.225
38, 8: 0 8548.94 8526.93
41, 8, 70: 1 8548.94 82.4374 8526.93 8526.93
Customer 39 - Obj: 146.315   part1: 314.435   part2: 168.12
39, 0: 0 6367 6180.34
41, 0, 71: 1 6367 168.12 6180.34 6180.34
39, 6: 0 2198.22 2179.8
41, 6, 72: 1 2198.22 168.12 2179.8 2179.8
39, 8: 0 8636.28 8526.93
41, 8, 73: 1 8636.28 168.12 8526.93 8526.93
Customer 40 - Obj: -440.807   part1: 42.0667   part2: 482.874
40, 3: 0 1023.29 981.225
41, 3, 74: 1 1023.29 482.874 981.225 981.225
Routing:
[2217.049954544471, 2217.049954544471, 2155.769562845033, 2082.0192340932467]
[[0, 1, 41], [1, 1, 41], [4, 3, 41], [6, 3, 41], [7, 4, 41], [8, 5, 41], [10, 7], [12, 8, 41], [24, 16, 41], [27, 17, 41], [28, 18, 41], [31, 21, 41], [34, 22, 41], [35, 22, 41], [37, 23, 41], [39, 24, 41], [40, 24, 41], [45, 27, 41], [54, 31, 41], [62, 36, 41], [73, 39, 41], [74, 40, 41]]
[[2, 2, 41], [3, 2, 41], [9, 6, 41], [11, 7], [14, 10, 41], [15, 11, 41], [17, 12, 41], [29, 19, 41], [30, 20, 41], [32, 21, 41], [47, 28, 41], [48, 29, 41], [50, 30, 41], [51, 30, 41], [52, 31, 41], [53, 31, 41], [57, 33, 41], [68, 38, 41], [70, 38, 41], [71, 39, 41]]
[[5, 3, 41], [13, 9, 41], [16, 12, 41], [20, 14], [23, 15, 41], [26, 16, 41], [46, 28, 41], [56, 33, 41], [58, 33, 41], [61, 35, 41], [63, 36, 41], [64, 36, 41], [65, 37, 41], [66, 37, 41], [67, 37, 41], [69, 38, 41], [72, 39, 41]]
[[18, 13], [19, 14], [21, 15, 41], [22, 15, 41], [25, 16, 41], [33, 21, 41], [36, 23, 41], [38, 23, 41], [41, 25, 41], [42, 26, 41], [43, 27, 41], [44, 27, 41], [49, 29, 41], [55, 32, 41], [59, 34, 41], [60, 35, 41]]
7, 0, 0
7, 0, 1
13, 0, 3
14, 0, 2
14, 0, 3
41, 0, 0
41, 7, 0
41, 0, 1
41, 7, 1
41, 0, 2
41, 14, 2
41, 13, 3
41, 14, 3
Routing cost: 8671.89
[325264.2587533458, 8671.88870602722, 675.4236218929291, 8.156047064330764e-05, 1, 0.019066177915874505, 0.9333333333333333, 0.925, 0.925]
