Using license file /util/academic/gurobi/licenses/gurobi.lic
Set parameter TokenServer to value srv-m14-36.cbls.ccr.buffalo.edu
Set parameter TSPort to value 46325
Changed value of parameter lazyConstraints to 1
   Prev: 0  Min: 0  Max: 1  Default: 0
Changed value of parameter TimeLimit to 600.0
   Prev: inf  Min: 0.0  Max: inf  Default: inf
Gurobi Optimizer version 9.1.1 build v9.1.1rc0 (linux64)
Thread count: 12 physical cores, 12 logical processors, using up to 12 threads
Optimize a model with 24120 rows, 25619 columns and 102175 nonzeros
Model fingerprint: 0xb055e6ce
Variable types: 7363 continuous, 18256 integer (18256 binary)
Coefficient statistics:
  Matrix range     [4e-01, 1e+04]
  Objective range  [1e+00, 1e+00]
  Bounds range     [1e+00, 6e+03]
  RHS range        [1e+00, 1e+04]
Presolve removed 3223 rows and 1406 columns
Presolve time: 0.71s
Presolved: 20897 rows, 24213 columns, 93647 nonzeros
Variable types: 5152 continuous, 19061 integer (19061 binary)

Root relaxation: objective -5.294137e+05, 9213 iterations, 0.71 seconds

    Nodes    |    Current Node    |     Objective Bounds      |     Work
 Expl Unexpl |  Obj  Depth IntInf | Incumbent    BestBd   Gap | It/Node Time

     0     0 -529413.68    0  562          - -529413.68      -     -    2s
     0     0 -527966.85    0  973          - -527966.85      -     -    3s
     0     0 -527962.71    0  979          - -527962.71      -     -    3s
     0     0 -526506.94    0 1002          - -526506.94      -     -    4s
     0     0 -526506.94    0 1002          - -526506.94      -     -    4s
     0     0 -526170.25    0 1017          - -526170.25      -     -    5s
     0     0 -526123.34    0 1016          - -526123.34      -     -    5s
     0     0 -526115.76    0 1066          - -526115.76      -     -    5s
     0     0 -526115.69    0 1068          - -526115.69      -     -    5s
     0     0 -526097.33    0 1139          - -526097.33      -     -    6s
     0     0 -526097.10    0 1128          - -526097.10      -     -    6s
     0     0 -526096.88    0 1129          - -526096.88      -     -    6s
     0     0 -526096.88    0 1137          - -526096.88      -     -    6s
     0     0 -526096.87    0 1136          - -526096.87      -     -    7s
     0     0 -526096.87    0 1136          - -526096.87      -     -    7s
     0     2 -526096.87    0 1136          - -526096.87      -     -    9s
     1     4 -526095.52    1 1230          - -526096.84      -  3902   10s
   470   949 -526094.97   32 1213          - -526094.98      -  69.4   15s
  1513  1718 -525807.36  109  604          - -526094.98      -  71.1   21s
  1989  2237 -525510.30  145 1020          - -526094.98      -  97.6   27s
  2236  3119 -525430.93  162  846          - -526094.98      -  97.0   32s
  3118  3856 -525185.68  207  492          - -526094.98      -  87.5   36s
  3895  4832 -522000.25  321  107          - -526094.98      -  88.5   40s
  5540  6532 -525656.97   64 1238          - -526094.98      -  87.6   50s
  6603  7878 -525653.09   89 1204          - -526094.98      -  89.2   55s
  8019  8575 -525284.23  103 1021          - -526094.98      -  82.9   60s
  8699  9510 -525221.14  115  959          - -526094.98      -  83.9   65s
  9632  9512 -522548.15  229  492          - -526094.98      -  82.6   75s
  9633  9513 -523507.56  175  496          - -526094.98      -  82.6   80s
  9638  9516 -523896.82  257  700          - -525324.93      -  82.6   86s
  9642  9519 -525285.75   96  660          - -525285.75      -  82.5   93s
  9644  9520 -525105.92   24  878          - -525284.96      -  82.5   97s
  9646  9522 -519628.56  389  852          - -525281.49      -  82.5  101s
  9647  9522 -522921.75  160  816          - -525277.80      -  82.5  106s
  9653  9526 -525263.63  132  799          - -525263.63      -  82.4  112s
  9657  9529 -525237.75   84  852          - -525237.75      -  82.4  118s
  9662  9532 -522342.16  275  768          - -525231.92      -  82.4  120s
  9665  9534 -524886.23  171  790          - -525230.72      -  82.3  125s
  9670  9538 -519657.15  383  886          - -525225.00      -  82.3  132s
  9673  9540 -525045.74  204  807          - -525182.77      -  82.3  136s
  9678  9543 -525134.44   39  900          - -525134.44      -  82.2  140s
  9685  9548 -524094.21  236 1051          - -525100.92      -  82.2  146s
  9689  9550 -525098.00   53 1131          - -525098.00      -  82.1  150s
  9694  9554 -525088.76   51  985          - -525088.76      -  82.1  155s
  9700  9558 -522584.50  279 1049          - -525087.70      -  82.0  161s
  9706  9562 -525083.08   41 1087          - -525083.08      -  82.0  165s
  9716  9568 -524983.56   27 1117          - -525081.49      -  81.9  170s
  9724  9575 -524707.44  189  397          - -525081.45      -   104  183s
  9725  9576 -525081.45  108  619          - -525081.45      -   104  185s
  9728  9578 -524990.64  146  727          - -525081.45      -   104  190s
  9735  9583 -525081.45   32 1064          - -525081.45      -   104  195s
  9740  9586 -525015.97  242 1054          - -525080.79      -   104  201s
  9744  9589 -525080.66   24 1051          - -525080.66      -   104  206s
  9747  9591 -522921.75  160 1004          - -525079.61      -   104  210s
  9750  9593 -525079.58  177 1020          - -525079.58      -   104  215s
  9751  9593 -524136.59  246 1020          - -525079.54      -   104  224s
  9752  9597 -525076.66   27  941          - -525076.66      -   113  226s
  9754  9600 -524970.85   28  703          - -525062.70      -   113  231s
  9790  9632 -523417.83   31  393          - -525009.54      -   116  236s
  9848  9677 -523428.73   33  460          - -525004.46      -   119  240s
 10145  9899 -523158.63   42  253          - -525004.46      -   120  245s
 10746 10337 -522819.65   52  197          - -525004.46      -   119  250s
 11569 10979 -522329.93   74  108          - -525004.46      -   115  255s
 12457 11631 -521440.63   99   19          - -525004.46      -   109  260s
 13693 12293 -521383.54  119   84          - -525004.46      -   103  265s
 14933 13196 -513197.40  165   28          - -525004.46      -  98.3  270s
 16227 14089 -512601.38  200   12          - -525004.46      -  93.0  275s
 17824 14985 -510638.74  214   46          - -524997.18      -  87.4  280s
 19677 16226 -523887.69   40  492          - -524997.18      -  82.3  287s
 20453 16629 -523608.49   44  404          - -524997.18      -  80.4  290s
 21801 17311 -522926.91   56  378          - -524997.18      -  77.9  295s
 23011 18000 -522558.54   72  236          - -524997.18      -  76.4  300s
 24465 18874 -520885.45  104   98          - -524997.18      -  74.6  308s
 25119 19410 -519273.09  132   88          - -524997.18      -  73.9  311s
 25908 19974 -516515.67  146   56          - -524997.18      -  73.0  315s
 28139 21311 -513836.80  196   41          - -524982.35      -  70.2  324s
 29135 21684 -524679.89   33  859          - -524982.06      -  69.5  327s
 29809 22331 -524214.75   35  736          - -524982.06      -  69.4  332s
 30860 22987 -523139.09   59  211          - -524982.06      -  68.3  336s
 32020 23686 -522130.36   85  104          - -524982.06      -  67.3  341s
 33042 24420 -520605.80  124   51          - -524982.06      -  66.9  346s
 34320 24796 -517951.69  180   29          - -524982.06      -  66.0  360s
 35044 25768 -517233.19  208   43          - -524916.37      -  65.9  365s
 36518 26366 -521992.66   34  200          - -524916.37      -  64.9  370s
 37682 27060 -520033.61   77   18          - -524916.37      -  64.4  375s
 38906 27968 -519597.25  100   46          - -524916.37      -  64.1  381s
 40189 29061 -519141.10  224   15          - -524916.04      -  63.8  387s
 41340 30714 -524842.69   35  586          - -524913.34      -  63.6  393s
 43187 32449 -521383.74   45  235          - -524913.34      -  62.5  400s
 45107 34151 -522306.41   79  153          - -524913.34      -  61.4  406s
 46734 35607 -521026.64  142   26          - -524889.63      -  60.6  412s
 48579 37068 -524792.96   36  692          - -524882.26      -  59.7  418s
 50005 38717 -524349.82   42  638          - -524882.26      -  59.2  424s
 51810 40085 -522258.97   78  187          - -524882.26      -  58.6  430s
 53417 41403 -521065.99  106  153          - -524882.26      -  58.1  436s
 54824 42372 -519771.90  138   27          - -524878.76      -  57.7  442s
 55828 43649 -524461.76   36  455          - -524878.76      -  57.6  449s
 57078 45391 -522329.48   81  118          - -524878.76      -  57.3  455s
 58992 46917 -520954.78  134   89          - -524854.88      -  56.5  462s
 61068 48404 -524751.24   39  565          - -524852.84      -  55.5  468s
 62287 49652 -523225.54   55  252          - -524852.84      -  55.4  473s
 63699 50810 -521787.99   82  185          - -524852.84      -  55.3  479s
 64929 51891 -520075.69  111  115          - -524847.63      -  55.2  485s
 66215 53440 -524762.07   41  552          - -524842.65      -  54.9  492s
 67741 54934 -522715.31   71  316          - -524842.65      -  54.5  498s
 69453 56135 -521365.25  129   63          - -524822.92      -  54.1  503s
 70811 57045 -524201.03   43  540          - -524817.33      -  54.0  508s
 71724 57562 -521911.83   86   39          - -524817.33      -  54.2  526s
 72221 58557 -521513.56  106   26          - -524814.81      -  54.3  531s
 73384 60311 -524641.58   44  527          - -524814.81      -  54.2  538s
 75311 62201 -524304.72   51  462          - -524814.81      -  53.7  545s
 77661 63942 -522879.37   66  283          - -524814.81      -  53.0  551s
 79515 65768 -521958.08  108   70          - -524801.75      -  52.4  558s
 81349 67661 -524706.43   47  439          - -524801.75      -  51.9  564s
 83342 69092 -524490.47   54  483          - -524801.75      -  51.3  570s
 84976 70377 -523982.59   59  462          - -524801.75      -  51.0  576s
 86296 71891 -523668.09   60  462          - -524801.75      -  50.9  582s
 88008 73410 -523196.05   64  407          - -524801.75      -  50.7  588s
 89624 74737 -523279.04   66  308          - -524801.75      -  50.6  593s
 90954 76150 -521451.16   94  268          - -524801.75      -  50.5  599s
 92464 76236 -523445.30   59  348          - -524801.75      -  50.3  600s

Cutting planes:
  Gomory: 55
  Cover: 247
  MIR: 58
  Flow cover: 68
  Zero half: 44
  RLT: 144
  Lazy constraints: 2035

Explored 92471 nodes (4672989 simplex iterations) in 600.02 seconds
Thread count was 12 (of 12 available processors)

Solution count 0

Time limit reached
Best objective -, best bound -5.248017543113e+05, gap -

User-callback calls 295905, time in user-callback 5.97 sec
