Using license file /util/academic/gurobi/licenses/gurobi.lic
Set parameter TokenServer to value srv-m14-36.cbls.ccr.buffalo.edu
Set parameter TSPort to value 46325
Changed value of parameter lazyConstraints to 1
   Prev: 0  Min: 0  Max: 1  Default: 0
Changed value of parameter TimeLimit to 43200.0
   Prev: inf  Min: 0.0  Max: inf  Default: inf
Gurobi Optimizer version 9.1.1 build v9.1.1rc0 (linux64)
Thread count: 12 physical cores, 12 logical processors, using up to 12 threads
Optimize a model with 18010 rows, 23829 columns and 88543 nonzeros
Model fingerprint: 0x25f317f5
Variable types: 5833 continuous, 17996 integer (17996 binary)
Coefficient statistics:
  Matrix range     [4e-01, 1e+04]
  Objective range  [1e+00, 1e+00]
  Bounds range     [1e+00, 6e+03]
  RHS range        [1e+00, 1e+04]
Presolve removed 8078 rows and 3413 columns
Presolve time: 0.34s
Presolved: 9932 rows, 20416 columns, 67346 nonzeros
Variable types: 3834 continuous, 16582 integer (16582 binary)
Found heuristic solution: objective -172592.1576

Root relaxation: objective -2.866735e+05, 4956 iterations, 0.21 seconds

    Nodes    |    Current Node    |     Objective Bounds      |     Work
 Expl Unexpl |  Obj  Depth IntInf | Incumbent    BestBd   Gap | It/Node Time

     0     0 -286673.46    0  384 -172592.16 -286673.46  66.1%     -    0s
H    0     0                    -181105.2517 -286673.46  58.3%     -    0s
     0     0 -286491.29    0  556 -181105.25 -286491.29  58.2%     -    1s
     0     0 -286460.64    0  550 -181105.25 -286460.64  58.2%     -    1s
     0     0 -286460.64    0  549 -181105.25 -286460.64  58.2%     -    1s
     0     0 -286209.19    0  287 -181105.25 -286209.19  58.0%     -    2s
H    0     0                    -264180.2647 -286209.19  8.34%     -    2s
     0     0 -286209.19    0  284 -264180.26 -286209.19  8.34%     -    2s
     0     0 -286200.72    0  276 -264180.26 -286200.72  8.34%     -    2s
H    0     0                    -284212.6640 -286200.72  0.70%     -    2s
     0     0 -286200.72    0  287 -284212.66 -286200.72  0.70%     -    2s
     0     0 -286200.72    0  287 -284212.66 -286200.72  0.70%     -    2s
     0     0 -286200.72    0  139 -284212.66 -286200.72  0.70%     -    2s
H    0     0                    -285206.6940 -286200.72  0.35%     -    2s
     0     0 -286200.72    0  139 -285206.69 -286200.72  0.35%     -    3s
     0     0 -286200.72    0  138 -285206.69 -286200.72  0.35%     -    3s
     0     0 -286200.72    0  132 -285206.69 -286200.72  0.35%     -    4s
     0     0 -286200.72    0  411 -285206.69 -286200.72  0.35%     -    4s
     0     0 -286174.91    0  409 -285206.69 -286174.91  0.34%     -    4s
     0     0 -286144.18    0  291 -285206.69 -286144.18  0.33%     -    4s
     0     0 -286140.42    0  301 -285206.69 -286140.42  0.33%     -    5s
     0     0 -286140.42    0  301 -285206.69 -286140.42  0.33%     -    5s
     0     0 -286139.46    0  290 -285206.69 -286139.46  0.33%     -    5s
     0     0 -286139.46    0  290 -285206.69 -286139.46  0.33%     -    5s
     0     0 -286139.14    0  303 -285206.69 -286139.14  0.33%     -    5s
     0     0 -286139.14    0  304 -285206.69 -286139.14  0.33%     -    5s
     0     0 -286139.14    0  305 -285206.69 -286139.14  0.33%     -    5s
     0     0 -286136.87    0  294 -285206.69 -286136.87  0.33%     -    6s
     0     0 -286136.87    0  294 -285206.69 -286136.87  0.33%     -    6s
H    0     0                    -285403.0140 -286136.87  0.26%     -    7s
     0     0 -286136.84    0  387 -285403.01 -286136.84  0.26%     -    7s
     0     0 -286136.84    0  303 -285403.01 -286136.84  0.26%     -    8s
     0     0 -286136.84    0  369 -285403.01 -286136.84  0.26%     -    8s
     0     0 -286135.80    0  461 -285403.01 -286135.80  0.26%     -    8s
     0     0 -286135.31    0  381 -285403.01 -286135.31  0.26%     -    8s
     0     0 -286135.29    0  392 -285403.01 -286135.29  0.26%     -    8s
     0     0 -286132.43    0  448 -285403.01 -286132.43  0.26%     -    8s
     0     0 -286132.43    0  449 -285403.01 -286132.43  0.26%     -    8s
     0     0 -286132.09    0  259 -285403.01 -286132.09  0.26%     -    9s
     0     0 -286132.07    0  269 -285403.01 -286132.07  0.26%     -    9s
     0     0 -286130.41    0  275 -285403.01 -286130.41  0.25%     -    9s
     0     0 -286130.09    0  273 -285403.01 -286130.09  0.25%     -    9s
     0     0 -286129.99    0  276 -285403.01 -286129.99  0.25%     -    9s
     0     0 -286129.82    0  280 -285403.01 -286129.82  0.25%     -    9s
     0     0 -286128.45    0  283 -285403.01 -286128.45  0.25%     -    9s
     0     0 -286128.27    0  280 -285403.01 -286128.27  0.25%     -    9s
     0     0 -286128.26    0  283 -285403.01 -286128.26  0.25%     -    9s
     0     0 -286125.70    0  357 -285403.01 -286125.70  0.25%     -   10s
     0     0 -286125.70    0  353 -285403.01 -286125.70  0.25%     -   10s
     0     2 -286109.47    0  353 -285403.01 -286109.47  0.25%     -   10s

Cutting planes:
  Gomory: 1
  Cover: 24
  MIR: 4
  Flow cover: 1
  RLT: 56

Explored 6 nodes (35828 simplex iterations) in 11.24 seconds
Thread count was 12 (of 12 available processors)

Solution count 6: -285403 -285207 -284213 ... -172592
No other solutions better than -285403

Optimal solution found (tolerance 1.00e-04)
Best objective -2.854030139543e+05, best bound -2.854030139543e+05, gap 0.0000%

User-callback calls 1740, time in user-callback 0.10 sec
-1
Leader's objective: 285403
Customers decisions:
Customer 1 - Obj: 151.376   part1: 151.376   part2: 1.54722e-11
1, 9: 0 772.666 621.29
0, 9: 0 -
63, 9: 0 772.666 480.555 621.29
64, 9: 0 772.666 502.629 621.29
65, 9: 0 772.666 603.5 621.29
66, 9: 0 772.666 681.254 621.29
67, 9: 1 772.666 0 621.29
68, 9: 0 772.666 902.378 621.29
69, 9: 0 772.666 714.159 621.29
70, 9: 0 772.666 499.941 621.29
71, 9: 0 772.666 585.185 621.29
72, 9: 0 772.666 802.749 621.29
73, 9: 0 772.666 552.805 621.29
74, 9: 0 772.666 1475.58 621.29
75, 9: 0 772.666 668.512 621.29
76, 9: 0 772.666 715.219 621.29
77, 9: 0 772.666 869.42 621.29
78, 9: 0 772.666 0 621.29
79, 9: 0 772.666 1084.27 621.29
80, 9: 0 772.666 925.196 621.29
Customer 2 - Obj: 151.376   part1: 151.376   part2: 3.02596e-11
2, 6: 0 2331.17 2179.8
0, 6: 0 -
63, 6: 0 2331.17 792.308 2179.8
64, 6: 0 2331.17 829.487 2179.8
65, 6: 0 2331.17 999.337 2179.8
66, 6: 0 2331.17 1130.28 2179.8
67, 6: 1 2331.17 0 2179.8
68, 6: 0 2331.17 1520.19 2179.8
69, 6: 0 2331.17 1185.68 2179.8
70, 6: 0 2331.17 824.962 2179.8
71, 6: 0 2331.17 968.495 2179.8
72, 6: 0 2331.17 1334.85 2179.8
73, 6: 0 2331.17 913.97 2179.8
74, 6: 0 2331.17 2467.84 2179.8
75, 6: 0 2331.17 1108.81 2179.8
76, 6: 0 2331.17 1187.46 2179.8
77, 6: 0 2331.17 1447.12 2179.8
78, 6: 0 2331.17 0 2179.8
79, 6: 0 2331.17 1808.91 2179.8
80, 6: 0 2331.17 1541.04 2179.8
Customer 3 - Obj: 151.376   part1: 151.376   part2: 3.02863e-11
3, 6: 0 2331.17 2179.8
0, 6: 0 -
63, 6: 0 2331.17 532.802 2179.8
64, 6: 0 2331.17 613.781 2179.8
65, 6: 0 2331.17 983.722 2179.8
66, 6: 0 2331.17 1268.89 2179.8
67, 6: 1 2331.17 0 2179.8
68, 6: 0 2331.17 2317.83 2179.8
69, 6: 0 2331.17 1890.96 2179.8
70, 6: 0 2331.17 1078.54 2179.8
71, 6: 0 2331.17 1391.17 2179.8
72, 6: 0 2331.17 2189.11 2179.8
73, 6: 0 2331.17 1272.41 2179.8
74, 6: 0 2331.17 4656.82 2179.8
75, 6: 0 2331.17 1696.78 2179.8
76, 6: 0 2331.17 1868.09 2179.8
77, 6: 0 2331.17 2433.64 2179.8
78, 6: 0 2331.17 0 2179.8
79, 6: 0 2331.17 3221.63 2179.8
80, 6: 0 2331.17 2638.21 2179.8
Customer 4 - Obj: 6.97631   part1: 151.376   part2: 144.4
4, 8: 0 8678.31 8526.93
0, 8: 0 -
63, 8: 0 8678.31 251.617 9379.62
64, 8: 0 8678.31 148.875 8378.05
65, 8: 1 8678.31 144.4 8526.93
66, 8: 0 8678.31 304.781 8222.15
67, 8: 0 8678.31 0 8526.93
68, 8: 0 8678.31 700.46 7826.47
69, 8: 0 8678.31 610.344 7916.59
70, 8: 0 8678.31 571.859 7955.07
71, 8: 0 8678.31 725.422 7801.51
72, 8: 0 8678.31 793.18 7733.75
73, 8: 0 8678.31 718.39 7808.54
74, 8: 0 8678.31 1401.74 7125.19
75, 8: 0 8678.31 1215.42 7311.51
76, 8: 0 8678.31 844.483 7682.45
77, 8: 0 8678.31 1173.77 7353.16
78, 8: 0 8678.31 0 8526.93
79, 8: 0 8678.31 1597.23 6929.7
80, 8: 0 8678.31 1310.65 7216.28
Customer 5 - Obj: 151.376   part1: 151.376   part2: 0
5, 5: 4.00556e-12 6816.69 6665.31
0, 5: 0 -
63, 5: 0 6816.69 39.3213 6625.99
64, 5: -4.00556e-12 6816.69 22.0415 6643.27
65, 5: 0 6816.69 25.1726 6640.14
66, 5: 0 6816.69 59.7663 7331.84
67, 5: 1 6816.69 0 6665.31
68, 5: 0 6816.69 178.475 6486.84
69, 5: 0 6816.69 124.471 6540.84
70, 5: 0 6816.69 101.437 6563.88
71, 5: 0 6816.69 113.324 6551.99
72, 5: 0 6816.69 153.33 6511.98
73, 5: 0 6816.69 133.86 6531.45
74, 5: 0 6816.69 279.067 6386.25
75, 5: 0 6816.69 211.489 6453.82
76, 5: 0 6816.69 161.765 6503.55
77, 5: 0 6816.69 201.744 6463.57
78, 5: 0 6816.69 0 6665.31
79, 5: 0 6816.69 328.337 6336.98
80, 5: 0 6816.69 264.921 6400.39
Customer 6 - Obj: 151.376   part1: 151.376   part2: 3.03257e-11
6, 7: 0 4659.51 4508.14
0, 7: 0 -
63, 7: 0 4659.51 161.055 4958.95
64, 7: 0 4659.51 109.852 4958.95
65, 7: 0 4659.51 7.2136 4958.95
66, 7: 0 4659.51 106.129 4958.95
67, 7: 1 4659.51 0 4508.14
68, 7: 0 4659.51 445.559 4958.95
69, 7: 0 4659.51 299.468 4958.95
70, 7: 0 4659.51 338.667 4958.95
71, 7: 0 4659.51 339.436 4958.95
72, 7: 0 4659.51 415.154 4958.95
73, 7: 0 4659.51 431.376 4958.95
74, 7: 0 4659.51 792.459 4958.95
75, 7: 0 4659.51 653.344 4958.95
76, 7: 0 4659.51 511.165 4958.95
77, 7: 0 4659.51 592.26 4958.95
78, 7: 0 4659.51 0 4958.95
79, 7: 0 4659.51 888.079 4958.95
80, 7: 0 4659.51 717.357 4958.95
Customer 7 - Obj: -119.515   part1: 151.376   part2: 270.891
7, 8: 0 8678.31 8526.93
0, 8: 0 -
63, 8: 0 8678.31 125.866 9379.62
64, 8: 0 8678.31 91.4152 9379.62
65, 8: 0 8678.31 178.725 9379.62
66, 8: 1 8678.31 270.891 8526.93
67, 8: 0 8678.31 0 8526.93
68, 8: 0 8678.31 584.932 8526.93
69, 8: 0 8678.31 337.563 8526.93
70, 8: 0 8678.31 182.393 9379.62
71, 8: 0 8678.31 272.938 8526.93
72, 8: 0 8678.31 413.299 8526.93
73, 8: 0 8678.31 268.786 9379.62
74, 8: 0 8678.31 815.049 9379.62
75, 8: 0 8678.31 475.621 8526.93
76, 8: 0 8678.31 343.13 9379.62
77, 8: 0 8678.31 537.277 9379.62
78, 8: 0 8678.31 0 9379.62
79, 8: 0 8678.31 786.945 9379.62
80, 8: 0 8678.31 617.978 9379.62
Customer 8 - Obj: 151.376   part1: 151.376   part2: 5.90791e-11
8, 2: 0 3291.48 3140.11
0, 2: 0 -
63, 2: 0 3291.48 133.034 3454.12
64, 2: 0 3291.48 101.656 3454.12
65, 2: 0 3291.48 130.739 3454.12
66, 2: 0 3291.48 214.953 3454.12
67, 2: 1 3291.48 0 3140.11
68, 2: 0 3291.48 495.983 3140.11
69, 2: 0 3291.48 279.041 3454.12
70, 2: 0 3291.48 162.076 3454.12
71, 2: 0 3291.48 244.559 3454.12
72, 2: 0 3291.48 348.034 3140.11
73, 2: 0 3291.48 240.778 3454.12
74, 2: 0 3291.48 653.221 3140.11
75, 2: 0 3291.48 429.196 3140.11
76, 2: 0 3291.48 308.502 3454.12
77, 2: 0 3291.48 485.363 3140.11
78, 2: 0 3291.48 0 3454.12
79, 2: 0 3291.48 712.801 3140.11
80, 2: 0 3291.48 558.879 3140.11
Customer 9 - Obj: 151.376   part1: 151.376   part2: 8.81345e-11
9, 0: 0 6331.72 6180.34
0, 0: 0 -
63, 0: 0 6331.72 65.2833 6798.38
64, 0: 0 6331.72 49.3934 6798.38
65, 0: 0 6331.72 89.6678 6798.38
66, 0: 0 6331.72 132.188 6798.38
67, 0: 1 6331.72 0 6180.34
68, 0: 0 6331.72 277.06 6798.38
69, 0: 0 6331.72 150.468 6798.38
70, 0: 0 6331.72 68.7121 6798.38
71, 0: 0 6331.72 110.482 6798.38
72, 0: 0 6331.72 185.406 6798.38
73, 0: 0 6331.72 108.567 6798.38
74, 0: 0 6331.72 360.565 6798.38
75, 0: 0 6331.72 203.983 6798.38
76, 0: 0 6331.72 142.863 6798.38
77, 0: 0 6331.72 232.425 6798.38
78, 0: 0 6331.72 0 6798.38
79, 0: 0 6331.72 347.601 6798.38
80, 0: 0 6331.72 269.654 6798.38
Customer 10 - Obj: 151.376   part1: 151.376   part2: 1.56007e-11
10, 3: 1 1132.6 981.225
0, 3: 0 -
63, 3: 0 1132.6 222.339 981.225
64, 3: 0 1132.6 154.477 1079.35
65, 3: 0 1132.6 8.0592 1079.35
66, 3: 0 1132.6 130.812 1079.35
67, 3: 0 1132.6 0 981.225
68, 3: 0 1132.6 563.056 981.225
69, 3: 0 1132.6 377.01 981.225
70, 3: 0 1132.6 448.509 981.225
71, 3: 0 1132.6 427.915 981.225
72, 3: 0 1132.6 524.337 981.225
73, 3: 0 1132.6 566.576 981.225
74, 3: 0 1132.6 1004.8 981.225
75, 3: 0 1132.6 849.239 981.225
76, 3: 0 1132.6 668.175 981.225
77, 3: 0 1132.6 749.863 981.225
78, 3: 0 1132.6 0 1079.35
79, 3: 0 1132.6 1126.58 981.225
80, 3: 0 1132.6 909.174 981.225
Customer 11 - Obj: 151.376   part1: 151.376   part2: 0
11, 2: 0 3291.48 3140.11
0, 2: 0 -
63, 2: 0 3291.48 294.06 3454.12
64, 2: 0 3291.48 218.798 3454.12
65, 2: 0 3291.48 56.4125 3454.12
66, 2: 0 3291.48 188.898 3454.12
67, 2: 1 3291.48 0 3140.11
68, 2: 0 3291.48 668.279 3140.11
69, 2: 0 3291.48 361.885 3140.11
70, 2: 0 3291.48 460.738 3140.11
71, 2: 0 3291.48 407.765 3140.11
72, 2: 0 3291.48 518.245 3140.11
73, 2: 0 3291.48 591.68 3140.11
74, 2: 0 3291.48 1100.62 3140.11
75, 2: 0 3291.48 905.168 3140.11
76, 2: 0 3291.48 704.359 3140.11
77, 2: 0 3291.48 764.822 3140.11
78, 2: 0 3291.48 0 3454.12
79, 2: 0 3291.48 1235.67 3140.11
80, 2: 0 3291.48 941.498 3140.11
Customer 12 - Obj: -23.4643   part1: 151.376   part2: 174.84
12, 8: 0 8678.31 8526.93
0, 8: 0 -
63, 8: 0 8678.31 767.861 8526.93
64, 8: 0 8678.31 636.893 9379.62
65, 8: 1 8678.31 174.84 8526.93
66, 8: 0 8678.31 531.678 8526.93
67, 8: 0 8678.31 0 8526.93
68, 8: 0 8678.31 1704.66 9379.62
69, 8: 0 8678.31 903.629 8526.93
70, 8: 0 8678.31 1091.66 9379.62
71, 8: 0 8678.31 1018.73 9379.62
72, 8: 0 8678.31 1295.88 9379.62
73, 8: 0 8678.31 1420.13 8526.93
74, 8: 0 8678.31 2756.86 9379.62
75, 8: 0 8678.31 2206.56 9379.62
76, 8: 0 8678.31 1702.82 9379.62
77, 8: 0 8678.31 1914.46 9379.62
78, 8: 0 8678.31 0 9379.62
79, 8: 0 8678.31 3095.66 8526.93
80, 8: 0 8678.31 2357.68 9379.62
Customer 13 - Obj: 151.376   part1: 151.376   part2: 1.55947e-11
13, 9: 0 772.666 621.29
0, 9: 0 -
63, 9: 0 772.666 2321.74 621.29
64, 9: 0 772.666 2115.17 621.29
65, 9: 0 772.666 1719.23 621.29
66, 9: 0 772.666 1391.48 621.29
67, 9: 1 772.666 0 621.29
68, 9: 0 772.666 128.726 621.29
69, 9: 0 772.666 1280.5 621.29
70, 9: 0 772.666 2378.71 621.29
71, 9: 0 772.666 2121.54 621.29
72, 9: 0 772.666 1758.18 621.29
73, 9: 0 772.666 2737.32 621.29
74, 9: 0 772.666 1872 621.29
75, 9: 0 772.666 3585.48 621.29
76, 9: 0 772.666 3710.42 621.29
77, 9: 0 772.666 2877.86 621.29
78, 9: 4.72886e-12 772.666 0 683.419
79, 9: 0 772.666 3234.64 621.29
80, 9: 0 772.666 4131.75 621.29
Customer 14 - Obj: 151.376   part1: 151.376   part2: 8.90634e-11
14, 0: 0 6331.72 6180.34
0, 0: 0 -
63, 0: 0 6331.72 1012.89 5167.45
64, 0: 0 6331.72 896.315 6798.38
65, 0: 0 6331.72 712.49 6798.38
66, 0: 0 6331.72 560.305 6798.38
67, 0: 1 6331.72 0 6180.34
68, 0: 0 6331.72 67.3862 6798.38
69, 0: 0 6331.72 497.312 6798.38
70, 0: 0 6331.72 1007.21 5173.13
71, 0: 0 6331.72 887.807 6798.38
72, 0: 0 6331.72 663.769 6798.38
73, 0: 0 6331.72 1173.71 5006.63
74, 0: 0 6331.72 857.773 6798.38
75, 0: 0 6331.72 1567.52 6180.34
76, 0: 0 6331.72 1570.2 6180.34
77, 0: 0 6331.72 1183.64 4996.71
78, 0: 0 6331.72 0 6798.38
79, 0: 0 6331.72 1349.29 4831.05
80, 0: 0 6331.72 1765.82 6180.34
Customer 15 - Obj: 151.376   part1: 151.376   part2: 5.96235e-11
15, 4: 0 3370.61 3219.23
0, 4: 0 -
63, 4: 0 3370.61 1220.55 3219.23
64, 4: 0 3370.61 1123.16 3219.23
65, 4: 0 3370.61 969.578 3541.15
66, 4: 0 3370.61 842.447 3541.15
67, 4: 1 3370.61 0 3219.23
68, 4: 0 3370.61 319.412 3541.15
69, 4: 0 3370.61 630.168 3541.15
70, 4: 0 3370.61 1092.88 3219.23
71, 4: 0 3370.61 993.121 3541.15
72, 4: 0 3370.61 621.933 3541.15
73, 4: 0 3370.61 1220.71 3219.23
74, 4: 0 3370.61 438.908 3541.15
75, 4: 0 3370.61 1549.71 3219.23
76, 4: 0 3370.61 1379.2 3219.23
77, 4: 0 3370.61 1056.25 3219.23
78, 4: 0 3370.61 0 3541.15
79, 4: 0 3370.61 1194.64 3219.23
80, 4: 0 3370.61 1542.63 3219.23
Customer 16 - Obj: -2300.66   part1: 151.376   part2: 2452.03
16, 8: 0 8678.31 8526.93
0, 8: 0 -
63, 8: 0 8678.31 3064.27 9379.62
64, 8: 0 8678.31 2826.68 9379.62
65, 8: 1 8678.31 2452.03 8526.93
66, 8: 0 8678.31 2141.9 8526.93
67, 8: 0 8678.31 0 8526.93
68, 8: 0 8678.31 847.932 9379.62
69, 8: 0 8678.31 1624.04 9379.62
70, 8: 0 8678.31 2752.82 8526.93
71, 8: 0 8678.31 2509.47 9379.62
72, 8: 0 8678.31 1603.95 9379.62
73, 8: 0 8678.31 3064.64 9379.62
74, 8: 0 8678.31 991.798 9379.62
75, 8: 0 8678.31 3867.26 9379.62
76, 8: 0 8678.31 3451.3 9379.62
77, 8: 0 8678.31 2663.47 9379.62
78, 8: 0 8678.31 0 9379.62
79, 8: 0 8678.31 3001.07 9379.62
80, 8: 0 8678.31 3849.99 9379.62
Customer 17 - Obj: 151.376   part1: 151.376   part2: -1.56873e-12
17, 1: 0 8355.3 8203.92
0, 1: 0 -
63, 1: 0 8355.3 7064.92 8203.92
64, 1: 0 8355.3 6753.94 8203.92
65, 1: 0 8355.3 5840.13 8203.92
66, 1: 0 8355.3 5405.48 8203.92
67, 1: 1 8355.3 0 8203.92
68, 1: 0 8355.3 3186.14 8203.92
69, 1: 0 8355.3 3510.57 8203.92
70, 1: 0 8355.3 7013.99 8203.92
71, 1: 0 8355.3 4291.98 8203.92
72, 1: 0 8355.3 3481.42 8203.92
73, 1: 0 8355.3 6701.77 8203.92
74, 1: 0 8355.3 1356.21 6847.71
75, 1: 0 8355.3 7645.43 8203.92
76, 1: 0 8355.3 5959.4 8203.92
77, 1: 0 8355.3 5018.15 8203.92
78, 1: 0 8355.3 0 9024.31
79, 1: 0 8355.3 4308.53 8203.92
80, 1: 0 8355.3 5900.9 8203.92
Customer 18 - Obj: 151.376   part1: 151.376   part2: 3.06023e-11
18, 7: 0 4659.51 4508.14
0, 7: 0 -
63, 7: 0 4659.51 3724.87 4508.14
64, 7: 0 4659.51 3564.78 4508.14
65, 7: 0 4659.51 3094.4 4508.14
66, 7: 0 4659.51 2870.66 4508.14
67, 7: 1 4659.51 0 4508.14
68, 7: 0 4659.51 1728.24 4508.14
69, 7: 0 4659.51 2333.89 4508.14
70, 7: 0 4659.51 3595.83 4508.14
71, 7: 0 4659.51 2194.65 4508.14
72, 7: 0 4659.51 2318.9 4508.14
73, 7: 0 4659.51 3435.11 4508.14
74, 7: 0 4659.51 683.441 4958.95
75, 7: 0 4659.51 3920.87 4508.14
76, 7: 0 4659.51 3052.97 4508.14
77, 7: 0 4659.51 2568.45 4508.14
78, 7: 0 4659.51 0 4958.95
79, 7: 0 4659.51 2203.17 4508.14
80, 7: 0 4659.51 3022.86 4508.14
Customer 19 - Obj: 151.376   part1: 151.376   part2: 0
19, 1: 0 8355.3 8203.92
0, 1: 0 -
63, 1: 0 8355.3 2042 6161.92
64, 1: 0 8355.3 2138.39 6065.53
65, 1: 0 8355.3 2578.71 5625.21
66, 1: 0 8355.3 2918.16 8203.92
67, 1: 1 8355.3 0 8203.92
68, 1: 0 8355.3 3611.13 8203.92
69, 1: 0 8355.3 2609.37 5594.55
70, 1: 0 8355.3 1306.24 6897.68
71, 1: 0 8355.3 1647.77 6556.15
72, 1: 0 8355.3 2569.08 5634.84
73, 1: 0 8355.3 945.452 9024.31
74, 1: 0 8355.3 4748.37 8203.92
75, 1: 0 8355.3 860.169 9024.31
76, 1: 0 8355.3 1485.57 6718.35
77, 1: 0 8355.3 2102.23 6101.69
78, 1: 0 8355.3 0 9024.31
79, 1: 0 8355.3 3040.13 8203.92
80, 1: 0 8355.3 2345.72 5858.2
Customer 20 - Obj: 151.376   part1: 151.376   part2: 5.97095e-11
20, 4: 0 3370.61 3219.23
0, 4: 0 -
63, 4: 0 3370.61 3361.35 3219.23
64, 4: 0 3370.61 3528.66 3219.23
65, 4: 0 3370.61 4293.26 3219.23
66, 4: 0 3370.61 4882.62 3219.23
67, 4: 1 3370.61 0 3219.23
68, 4: 0 3370.61 6102.25 3219.23
69, 4: 0 3370.61 4362.85 3219.23
70, 4: 0 3370.61 2083.77 3219.23
71, 4: 0 3370.61 2729.9 3219.23
72, 4: 0 3370.61 4379 3219.23
73, 4: 0 3370.61 2035.8 3219.23
74, 4: 0 3370.61 8638.98 3219.23
75, 4: 0 3370.61 1887.72 3219.23
76, 4: 0 3370.61 2973.63 3219.23
77, 4: 0 3370.61 4044.37 3219.23
78, 4: 0 3370.61 0 3541.15
79, 4: 0 3370.61 5672.9 3219.23
80, 4: 0 3370.61 4467.15 3219.23
Customer 21 - Obj: 57.244   part1: 151.376   part2: 94.1318
21, 8: 0 8678.31 8526.93
0, 8: 0 -
63, 8: 0 8678.31 56.6488 9379.62
64, 8: 0 8678.31 54.8867 9379.62
65, 8: 0 8678.31 64.126 8526.93
66, 8: 1 8678.31 73.8804 8526.93
67, 8: 0 8678.31 0 8526.93
68, 8: 0 8678.31 88.8635 8526.93
69, 8: 0 8678.31 63.0679 8526.93
70, 8: 0 8678.31 32.8273 9379.62
71, 8: 0 8678.31 38.3069 9379.62
72, 8: 0 8678.31 62.0304 9379.62
73, 8: 0 8678.31 20.2214 9379.62
74, 8: 0 8678.31 118.148 9379.62
75, 8: 0 8678.31 18.0253 9379.62
76, 8: 0 8678.31 34.1303 8526.93
77, 8: 0 8678.31 50.0089 9379.62
78, 8: 0 8678.31 0 8526.93
79, 8: 0 8678.31 74.1602 9379.62
80, 8: 0 8678.31 56.2787 9379.62
Customer 22 - Obj: 151.376   part1: 151.376   part2: 0
22, 3: 0 1132.6 981.225
0, 3: 0 -
63, 3: 0 1132.6 2380.92 981.225
64, 3: 0 1132.6 2197.81 981.225
65, 3: 0 1132.6 1923.81 981.225
66, 3: 0 1132.6 1912.29 981.225
67, 3: 1 1132.6 0 981.225
68, 3: 0 1132.6 2818.38 981.225
69, 3: 0 1132.6 1522.66 981.225
70, 3: 0 1132.6 974.586 981.225
71, 3: 0 1132.6 424.732 981.225
72, 3: 0 1132.6 1470.51 981.225
73, 3: 0 1132.6 756.839 981.225
74, 3: 0 1132.6 2829.35 981.225
75, 3: 0 1132.6 1834.9 981.225
76, 3: 0 1132.6 923.195 981.225
77, 3: 0 1132.6 1257.45 981.225
78, 3: 0 1132.6 0 1079.35
79, 3: 0 1132.6 2709.67 981.225
80, 3: 0 1132.6 1877.1 981.225
Customer 23 - Obj: 151.376   part1: 151.376   part2: 1.5642e-11
23, 3: 0 1132.6 981.225
0, 3: 0 -
63, 3: 0 1132.6 314.487 981.225
64, 3: 0 1132.6 286.054 981.225
65, 3: 0 1132.6 358.12 981.225
66, 3: 0 1132.6 323.829 981.225
67, 3: 1 1132.6 0 981.225
68, 3: 0 1132.6 464.53 981.225
69, 3: 0 1132.6 263.324 981.225
70, 3: 0 1132.6 107.315 1079.35
71, 3: 0 1132.6 107.536 1079.35
72, 3: 0 1132.6 259.578 981.225
73, 3: 0 1132.6 92.8196 1079.35
74, 3: 0 1132.6 470.585 981.225
75, 3: 0 1132.6 260.226 981.225
76, 3: 0 1132.6 118.652 1079.35
77, 3: 0 1132.6 189.385 1079.35
78, 3: 0 1132.6 0 1079.35
79, 3: 0 1132.6 414.893 981.225
80, 3: 0 1132.6 285.608 981.225
Customer 24 - Obj: 151.376   part1: 151.376   part2: 5.88271e-11
24, 2: 0 3291.48 3140.11
0, 2: 0 -
63, 2: 0 3291.48 907.308 3140.11
64, 2: 0 3291.48 850.588 3140.11
65, 2: 0 3291.48 597.433 3140.11
66, 2: 0 3291.48 457.802 3140.11
67, 2: 1 3291.48 0 3140.11
68, 2: 0 3291.48 780.384 3140.11
69, 2: 0 3291.48 308.591 3454.12
70, 2: 0 3291.48 412.048 3140.11
71, 2: 0 3291.48 301.353 3454.12
72, 2: 0 3291.48 216.905 3454.12
73, 2: 0 3291.48 482.693 3140.11
74, 2: 0 3291.48 637.822 3140.11
75, 2: 0 3291.48 826.859 3140.11
76, 2: 0 3291.48 540.864 3140.11
77, 2: 0 3291.48 266.892 3454.12
78, 2: 0 3291.48 0 3454.12
79, 2: 0 3291.48 651.231 3140.11
80, 2: 0 3291.48 656.213 3140.11
Customer 25 - Obj: 151.376   part1: 151.376   part2: 3.02099e-11
25, 7: 0 4659.51 4508.14
0, 7: 0 -
63, 7: 0 4659.51 2194.41 4508.14
64, 7: 0 4659.51 2054.47 4508.14
65, 7: 0 4659.51 1526.47 4508.14
66, 7: 0 4659.51 1321.34 4508.14
67, 7: 1 4659.51 0 4508.14
68, 7: 0 4659.51 2166.01 4508.14
69, 7: 0 4659.51 993.722 4958.95
70, 7: 0 4659.51 1069.09 3439.05
71, 7: 0 4659.51 699.378 4958.95
72, 7: 0 4659.51 775.76 4958.95
73, 7: 0 4659.51 980.969 4958.95
74, 7: 0 4659.51 1814.28 4508.14
75, 7: 0 4659.51 1804.9 4508.14
76, 7: 0 4659.51 1108.11 3400.03
77, 7: 0 4659.51 681.912 4958.95
78, 7: 0 4659.51 0 4958.95
79, 7: 0 4659.51 1698.83 4508.14
80, 7: 0 4659.51 1609.56 4508.14
Customer 26 - Obj: 151.376   part1: 151.376   part2: 5.90715e-11
26, 2: 0 3291.48 3140.11
0, 2: 0 -
63, 2: 0 3291.48 1683.76 3140.11
64, 2: 0 3291.48 1572.82 3140.11
65, 2: 0 3291.48 1473.29 3140.11
66, 2: 0 3291.48 1279.64 3140.11
67, 2: 1 3291.48 0 3140.11
68, 2: 0 3291.48 1886.44 3140.11
69, 2: 0 3291.48 1019.92 3140.11
70, 2: 0 3291.48 875.426 3140.11
71, 2: 0 3291.48 713.001 3140.11
72, 2: 0 3291.48 781.979 3140.11
73, 2: 0 3291.48 818.867 3140.11
74, 2: 0 3291.48 1605.28 3140.11
75, 2: 0 3291.48 1472.05 3140.11
76, 2: 0 3291.48 737.214 3140.11
77, 2: 0 3291.48 308.934 3454.12
78, 2: 0 3291.48 0 3454.12
79, 2: 0 3291.48 1256.89 3140.11
80, 2: 0 3291.48 928.084 3140.11
Customer 27 - Obj: 151.376   part1: 151.376   part2: 1.55725e-11
27, 9: 0 772.666 621.29
0, 9: 0 -
63, 9: 0 772.666 240.179 621.29
64, 9: 0 772.666 226.2 621.29
65, 9: 0 772.666 173.456 621.29
66, 9: 0 772.666 153.068 621.29
67, 9: 1 772.666 0 621.29
68, 9: 0 772.666 225.239 621.29
69, 9: 0 772.666 120.339 621.29
70, 9: 0 772.666 127.766 621.29
71, 9: 0 772.666 90.8316 683.419
72, 9: 0 772.666 86.0656 683.419
73, 9: 0 772.666 115.063 683.419
74, 9: 0 772.666 189.808 621.29
75, 9: 0 772.666 197.369 621.29
76, 9: 0 772.666 116.468 683.419
77, 9: 0 772.666 29.1655 683.419
78, 9: 0 772.666 0 683.419
79, 9: 0 772.666 144.646 621.29
80, 9: 0 772.666 125.116 621.29
Customer 28 - Obj: 151.376   part1: 151.376   part2: 0
28, 4: 0 3370.61 3219.23
0, 4: 0 -
63, 4: 0 3370.61 1922.01 3219.23
64, 4: 0 3370.61 1827.58 3219.23
65, 4: 0 3370.61 1442.16 3219.23
66, 4: 0 3370.61 1197.86 3219.23
67, 4: 1 3370.61 0 3219.23
68, 4: 0 3370.61 1073.44 3219.23
69, 4: 0 3370.61 770.836 3541.15
70, 4: 0 3370.61 1162.69 3219.23
71, 4: 0 3370.61 913.23 3541.15
72, 4: 0 3370.61 490.132 3541.15
73, 4: 0 3370.61 1215.12 3219.23
74, 4: 0 3370.61 722.197 3541.15
75, 4: 0 3370.61 1788.08 3219.23
76, 4: 0 3370.61 1300.46 3219.23
77, 4: 0 3370.61 738.02 3541.15
78, 4: 0 3370.61 0 3541.15
79, 4: 0 3370.61 853.632 3541.15
80, 4: 0 3370.61 1632.01 3219.23
Customer 29 - Obj: 151.376   part1: 151.376   part2: 5.93456e-11
29, 4: 0 3370.61 3219.23
0, 4: 0 -
63, 4: 0 3370.61 132.574 3541.15
64, 4: 0 3370.61 126.27 3541.15
65, 4: 0 3370.61 100.542 3541.15
66, 4: 0 3370.61 84.2349 3541.15
67, 4: 1 3370.61 0 3219.23
68, 4: 0 3370.61 75.9298 3541.15
69, 4: 0 3370.61 55.7303 3541.15
70, 4: 0 3370.61 81.8883 3541.15
71, 4: 0 3370.61 65.2353 3541.15
72, 4: 0 3370.61 36.9929 3541.15
73, 4: 0 3370.61 85.3869 3541.15
74, 4: 0 3370.61 47.7977 3541.15
75, 4: 0 3370.61 123.634 3541.15
76, 4: 0 3370.61 91.1894 3541.15
77, 4: 0 3370.61 53.647 3541.15
78, 4: 0 3370.61 0 3541.15
79, 4: 0 3370.61 53.11 3541.15
80, 4: 0 3370.61 95.0886 3541.15
Customer 30 - Obj: 151.376   part1: 151.376   part2: 8.87082e-11
30, 5: 0 6816.69 6665.31
0, 5: 0 -
63, 5: 0 6816.69 1019.15 6665.31
64, 5: 0 6816.69 980.347 6665.31
65, 5: 0 6816.69 841.732 6665.31
66, 5: 0 6816.69 750.769 6665.31
67, 5: 1 6816.69 0 6665.31
68, 5: 0 6816.69 516.354 6665.31
69, 5: 0 6816.69 539.354 6665.31
70, 5: 0 6816.69 707.183 6665.31
71, 5: 0 6816.69 604.685 6665.31
72, 5: 0 6816.69 432.007 6665.31
73, 5: 0 6816.69 728.723 6665.31
74, 5: 0 6816.69 21.9241 7331.84
75, 5: 0 6816.69 1334.59 6665.31
76, 5: 0 6816.69 993.414 6665.31
77, 5: 0 6816.69 636.594 6665.31
78, 5: 0 6816.69 0 7331.84
79, 5: 0 6816.69 549.583 6665.31
80, 5: 0 6816.69 981.577 6665.31
Customer 31 - Obj: 151.376   part1: 151.376   part2: 0
31, 5: 0 6816.69 6665.31
0, 5: 0 -
63, 5: 0 6816.69 5894.01 6665.31
64, 5: 0 6816.69 5321.52 6665.31
65, 5: 0 6816.69 3341.73 6665.31
66, 5: 0 6816.69 2996.62 6665.31
67, 5: 1 6816.69 0 6665.31
68, 5: 0 6816.69 2107.36 6665.31
69, 5: 0 6816.69 2194.59 6665.31
70, 5: 0 6816.69 2831.27 6665.31
71, 5: 0 6816.69 2442.45 6665.31
72, 5: 0 6816.69 1787.37 6665.31
73, 5: 0 6816.69 4191.21 6665.31
74, 5: 0 6816.69 199.464 7331.84
75, 5: 0 6816.69 4915.62 6665.31
76, 5: 0 6816.69 3621.33 6665.31
77, 5: 0 6816.69 2267.67 6665.31
78, 5: 0 6816.69 0 7331.84
79, 5: 0 6816.69 1878.86 6665.31
80, 5: 0 6816.69 3576.42 6665.31
Customer 32 - Obj: 151.376   part1: 151.376   part2: 8.74519e-11
32, 5: 0 6816.69 6665.31
0, 5: 0 -
63, 5: 0 6816.69 1969.24 6665.31
64, 5: 0 6816.69 1778.58 6665.31
65, 5: 0 6816.69 1133.24 6665.31
66, 5: 0 6816.69 1018.3 6665.31
67, 5: 1 6816.69 0 6665.31
68, 5: 0 6816.69 722.13 6665.31
69, 5: 0 6816.69 751.182 6665.31
70, 5: 0 6816.69 963.229 6665.31
71, 5: 0 6816.69 833.733 6665.31
72, 5: 0 6816.69 615.561 6665.31
73, 5: 0 6816.69 1402.13 6665.31
74, 5: 0 6816.69 103.43 7331.84
75, 5: 0 6816.69 1643.39 6665.31
76, 5: 0 6816.69 1212.33 6665.31
77, 5: 0 6816.69 707.766 6665.31
78, 5: 0 6816.69 0 7331.84
79, 5: 0 6816.69 615.326 6665.31
80, 5: 0 6816.69 1197.38 6665.31
Customer 33 - Obj: 151.376   part1: 151.376   part2: 8.90341e-11
33, 5: 0 6816.69 6665.31
0, 5: 0 -
63, 5: 0 6816.69 3645.22 6665.31
64, 5: 0 6816.69 3514.72 6665.31
65, 5: 0 6816.69 3131.31 6665.31
66, 5: 0 6816.69 2948.94 6665.31
67, 5: 1 6816.69 0 6665.31
68, 5: 0 6816.69 1925.91 6665.31
69, 5: 0 6816.69 2643.57 6665.31
70, 5: 0 6816.69 3285.94 6665.31
71, 5: 0 6816.69 3093.61 6665.31
72, 5: 0 6816.69 2631.35 6665.31
73, 5: 0 6816.69 3154.94 6665.31
74, 5: 0 6816.69 1489.21 6665.31
75, 5: 0 6816.69 3550.89 6665.31
76, 5: 0 6816.69 2843.45 6665.31
77, 5: 0 6816.69 2448.51 6665.31
78, 5: 0 6816.69 0 7331.84
79, 5: 0 6816.69 2150.77 6665.31
80, 5: 0 6816.69 2818.91 6665.31
Customer 34 - Obj: 151.376   part1: 151.376   part2: 1.56119e-11
34, 9: 0 772.666 621.29
0, 9: 0 -
63, 9: 0 772.666 5306.39 621.29
64, 9: 0 772.666 5120.81 621.29
65, 9: 0 772.666 4575.56 621.29
66, 9: 0 772.666 4316.21 621.29
67, 9: 1 772.666 0 621.29
68, 9: 0 772.666 2861.35 621.29
69, 9: 0 772.666 3881.94 621.29
70, 9: 0 772.666 4710.19 621.29
71, 9: 0 772.666 4436.69 621.29
72, 9: 0 772.666 3962.29 621.29
73, 9: 0 772.666 4523.89 621.29
74, 9: 0 772.666 2155.04 621.29
75, 9: 0 772.666 5086.97 621.29
76, 9: 0 772.666 4080.92 621.29
77, 9: 0 772.666 3519.28 621.29
78, 9: 0 772.666 0 621.29
79, 9: 0 772.666 3095.85 621.29
80, 9: 0 772.666 4046.01 621.29
Customer 35 - Obj: -3383.42   part1: 151.376   part2: 3534.8
35, 8: 0 8678.31 8526.93
0, 8: 0 -
63, 8: 0 8678.31 2961.53 9379.62
64, 8: 0 8678.31 3064.46 9379.62
65, 8: 1 8678.31 3534.8 8526.93
66, 8: 0 8678.31 3897.35 9379.62
67, 8: 0 8678.31 0 6389.57
68, 8: 0 8678.31 4632.16 9379.62
69, 8: 0 8678.31 3562.16 9379.62
70, 8: 0 8678.31 2255.13 9379.62
71, 8: 0 8678.31 2231.84 6389.57
72, 8: 0 8678.31 3519.12 9379.62
73, 8: 0 8678.31 1481.65 9379.62
74, 8: 0 8678.31 5597.88 9379.62
75, 8: 0 8678.31 626.492 9379.62
76, 8: 0 8678.31 2052.5 9379.62
77, 8: 0 8678.31 2771.48 9379.62
78, 8: 0 8678.31 0 9379.62
79, 8: 0 8678.31 3773.28 9379.62
80, 8: 0 8678.31 3031.55 9379.62
Customer 36 - Obj: 151.376   part1: 151.376   part2: 3.023e-11
36, 7: 0 4659.51 4508.14
0, 7: 0 -
63, 7: 0 4659.51 2521.18 4508.14
64, 7: 0 4659.51 2606.65 4508.14
65, 7: 0 4659.51 2997.11 4508.14
66, 7: 0 4659.51 3298.09 4508.14
67, 7: 1 4659.51 0 4508.14
68, 7: 0 4659.51 3548.92 4508.14
69, 7: 0 4659.51 2660.63 4508.14
70, 7: 0 4659.51 1646.28 4508.14
71, 7: 0 4659.51 1834.97 4508.14
72, 7: 0 4659.51 2624.9 4508.14
73, 7: 0 4659.51 1212.21 4958.95
74, 7: 0 4659.51 4709.83 4508.14
75, 7: 0 4659.51 502.275 4958.95
76, 7: 0 4659.51 1766.52 4508.14
77, 7: 0 4659.51 2363.42 4508.14
78, 7: 0 4659.51 0 4958.95
79, 7: 0 4659.51 3195.09 4508.14
80, 7: 0 4659.51 2579.33 4508.14
Customer 37 - Obj: 151.376   part1: 151.376   part2: 0
37, 7: 0 4659.51 4508.14
0, 7: 0 -
63, 7: 0 4659.51 13.2041 4958.95
64, 7: 0 4659.51 13.6328 4958.95
65, 7: 0 4659.51 15.5913 4958.95
66, 7: 0 4659.51 17.101 4958.95
67, 7: 1 4659.51 0 4508.14
68, 7: 0 4659.51 17.9855 4958.95
69, 7: 0 4659.51 13.53 4958.95
70, 7: 0 4659.51 9.04732 4958.95
71, 7: 0 4659.51 10.2322 4958.95
72, 7: 0 4659.51 13.3508 4958.95
73, 7: 0 4659.51 7.53206 4500.6
74, 7: 0 4659.51 24.182 4958.95
75, 7: 0 4659.51 4.08624 4504.05
76, 7: 0 4659.51 7.83746 4500.3
77, 7: 0 4659.51 12.4129 4958.95
78, 7: 0 4659.51 0 4508.14
79, 7: 0 4659.51 16.5844 4958.95
80, 7: 0 4659.51 13.4958 4958.95
Customer 38 - Obj: 151.376   part1: 151.376   part2: 0
38, 6: 0 2331.17 2179.8
0, 6: 0 -
63, 6: 0 2331.17 1009.28 2179.8
64, 6: 0 2331.17 1041.88 2179.8
65, 6: 0 2331.17 1190.81 2179.8
66, 6: 0 2331.17 1305.62 2179.8
67, 6: 1 2331.17 0 2179.8
68, 6: 0 2331.17 1335.96 2179.8
69, 6: 0 2331.17 997.132 2179.8
70, 6: 0 2331.17 656.239 2179.8
71, 6: 0 2331.17 746.347 2179.8
72, 6: 0 2331.17 983.504 2179.8
73, 6: 0 2331.17 524.218 2179.8
74, 6: 0 2331.17 1677.66 2179.8
75, 6: 0 2331.17 255.915 2397.78
76, 6: 0 2331.17 564.233 2179.8
77, 6: 0 2331.17 782.655 2179.8
78, 6: 0 2331.17 0 2397.78
79, 6: 0 2331.17 1099.88 2179.8
80, 6: 0 2331.17 865.009 2179.8
Customer 39 - Obj: 151.376   part1: 151.376   part2: 0
39, 3: 0 1132.6 981.225
0, 3: 0 -
63, 3: 0 1132.6 1238.37 981.225
64, 3: 0 1132.6 1078.12 981.225
65, 3: 0 1132.6 1216.59 981.225
66, 3: 0 1132.6 1252.72 981.225
67, 3: 1 1132.6 0 981.225
68, 3: 0 1132.6 1523.06 981.225
69, 3: 0 1132.6 1136.48 981.225
70, 3: 0 1132.6 747.535 981.225
71, 3: 0 1132.6 850.344 981.225
72, 3: 0 1132.6 1120.92 981.225
73, 3: 0 1132.6 511.954 981.225
74, 3: 0 1132.6 1912.92 981.225
75, 3: 0 1132.6 202.994 1079.35
76, 3: 0 1132.6 642.561 981.225
77, 3: 0 1132.6 891.769 981.225
78, 3: 0 1132.6 0 1079.35
79, 3: 0 1132.6 1253.71 981.225
80, 3: 0 1132.6 985.731 981.225
Customer 40 - Obj: 151.376   part1: 151.376   part2: 1.55465e-11
40, 9: 0 772.666 621.29
0, 9: 0 -
63, 9: 0 772.666 68.9125 683.419
64, 9: 0 772.666 72.2457 683.419
65, 9: 0 772.666 84.9562 683.419
66, 9: 0 772.666 88.2738 683.419
67, 9: 1 772.666 0 621.29
68, 9: 0 772.666 113.089 683.419
69, 9: 0 772.666 77.6025 683.419
70, 9: 0 772.666 41.8986 683.419
71, 9: 0 772.666 51.3362 683.419
72, 9: 0 772.666 76.1751 683.419
73, 9: 0 772.666 27.9122 683.419
74, 9: 0 772.666 138.13 621.29
75, 9: 0 772.666 36.5153 683.419
76, 9: 0 772.666 20.142 683.419
77, 9: 0 772.666 43.9874 683.419
78, 9: 0 772.666 0 683.419
79, 9: 0 772.666 77.6157 683.419
80, 9: 0 772.666 46.1136 683.419
Customer 41 - Obj: 151.376   part1: 151.376   part2: 5.92116e-11
41, 4: 0 3370.61 3219.23
0, 4: 0 -
63, 4: 0 3370.61 973.231 3541.15
64, 4: 0 3370.61 1018.73 3219.23
65, 4: 0 3370.61 1192.29 3219.23
66, 4: 0 3370.61 1237.59 3219.23
67, 4: 1 3370.61 0 3219.23
68, 4: 0 3370.61 1576.44 3219.23
69, 4: 0 3370.61 1091.88 3219.23
70, 4: 0 3370.61 604.353 3541.15
71, 4: 0 3370.61 733.221 3541.15
72, 4: 0 3370.61 1072.39 3219.23
73, 4: 0 3370.61 413.386 3541.15
74, 4: 0 3370.61 2065.12 3219.23
75, 4: 0 3370.61 530.847 3541.15
76, 4: 0 3370.61 472.772 3541.15
77, 4: 0 3370.61 785.146 3541.15
78, 4: 0 3370.61 0 3541.15
79, 4: 0 3370.61 1044.28 3219.23
80, 4: 0 3370.61 696.106 3541.15
Customer 42 - Obj: 151.376   part1: 151.376   part2: 0
42, 2: 0 3291.48 3140.11
0, 2: 0 -
63, 2: 0 3291.48 1866.1 3140.11
64, 2: 0 3291.48 1546.37 3140.11
65, 2: 0 3291.48 1398.81 3140.11
66, 2: 0 3291.48 1246.63 3140.11
67, 2: 1 3291.48 0 3140.11
68, 2: 0 3291.48 1693.08 3140.11
69, 2: 0 3291.48 1002.98 3140.11
70, 2: 0 3291.48 1048.95 3140.11
71, 2: 0 3291.48 835.492 3140.11
72, 2: 0 3291.48 760.026 3140.11
73, 2: 0 3291.48 915.084 3140.11
74, 2: 0 3291.48 1490.63 3140.11
75, 2: 0 3291.48 1319.67 3140.11
76, 2: 0 3291.48 596.798 3140.11
77, 2: 0 3291.48 197.684 3454.12
78, 2: 0 3291.48 0 3454.12
79, 2: 0 3291.48 694.412 3140.11
80, 2: 0 3291.48 460.657 3140.11
Customer 43 - Obj: -2788.8   part1: 151.376   part2: 2940.17
43, 8: 0 8678.31 8526.93
0, 8: 0 -
63, 8: 0 8678.31 4972.2 9379.62
64, 8: 0 8678.31 3796.09 9379.62
65, 8: 0 8678.31 3584.64 9379.62
66, 8: 1 8678.31 2940.17 8526.93
67, 8: 0 8678.31 0 8526.93
68, 8: 0 8678.31 2998.43 9379.62
69, 8: 0 8678.31 2205.21 9379.62
70, 8: 0 8678.31 2859.14 9379.62
71, 8: 0 8678.31 2473.77 9379.62
72, 8: 0 8678.31 1745.45 9379.62
73, 8: 0 8678.31 2607 9379.62
74, 8: 0 8678.31 1907.23 9379.62
75, 8: 0 8678.31 3942.92 9379.62
76, 8: 0 8678.31 2066.72 9379.62
77, 8: 0 8678.31 1144.49 9379.62
78, 8: 0 8678.31 0 9379.62
79, 8: 0 8678.31 630.564 9379.62
80, 8: 0 8678.31 1780.91 9379.62
Customer 44 - Obj: 151.376   part1: 151.376   part2: 0
44, 1: 0 8355.3 8203.92
0, 1: 0 -
63, 1: 0 8355.3 7749.69 8203.92
64, 1: 0 8355.3 6778.03 8203.92
65, 1: 0 8355.3 5788.72 8203.92
66, 1: 0 8355.3 4749.02 8203.92
67, 1: 1 8355.3 0 8203.92
68, 1: 0 8355.3 4843 8203.92
69, 1: 0 8355.3 3563.37 8203.92
70, 1: 0 8355.3 5266.48 8203.92
71, 1: 0 8355.3 3996.62 8203.92
72, 1: 0 8355.3 2821.62 8203.92
73, 1: 0 8355.3 4859.7 8203.92
74, 1: 0 8355.3 3264.35 8203.92
75, 1: 0 8355.3 6089.14 8203.92
76, 1: 0 8355.3 3892.49 8203.92
77, 1: 0 8355.3 1852.1 6351.82
78, 1: 0 8355.3 0 9024.31
79, 1: 0 8355.3 736.147 9024.31
80, 1: 0 8355.3 2591.96 5611.96
Customer 45 - Obj: -152.239   part1: 151.376   part2: 303.615
45, 8: 0 8678.31 8526.93
0, 8: 0 -
63, 8: 0 8678.31 367.337 9379.62
64, 8: 0 8678.31 320.487 9379.62
65, 8: 1 8678.31 303.615 8526.93
66, 8: 0 8678.31 253.481 9379.62
67, 8: 0 8678.31 0 8526.93
68, 8: 0 8678.31 258.013 9379.62
69, 8: 0 8678.31 196.309 9379.62
70, 8: 0 8678.31 247.602 9379.62
71, 8: 0 8678.31 205.52 9379.62
72, 8: 0 8678.31 160.543 9379.62
73, 8: 0 8678.31 227.987 9379.62
74, 8: 0 8678.31 175.319 9379.62
75, 8: 0 8678.31 287.269 9379.62
76, 8: 0 8678.31 181.35 9379.62
77, 8: 0 8678.31 107.222 9379.62
78, 8: 0 8678.31 0 9379.62
79, 8: 0 8678.31 16.9755 9379.62
80, 8: 0 8678.31 118.64 9379.62
Customer 46 - Obj: 151.376   part1: 151.376   part2: 2.98694e-11
46, 6: 0 2331.17 2179.8
0, 6: 0 -
63, 6: 0 2331.17 747.332 2179.8
64, 6: 0 2331.17 657.85 2179.8
65, 6: 0 2331.17 625.625 2179.8
66, 6: 0 2331.17 529.872 2179.8
67, 6: 1 2331.17 0 2179.8
68, 6: 0 2331.17 538.527 2179.8
69, 6: 0 2331.17 420.675 2397.78
70, 6: 0 2331.17 518.641 2179.8
71, 6: 0 2331.17 438.266 2397.78
72, 6: 0 2331.17 352.365 2397.78
73, 6: 0 2331.17 481.179 2179.8
74, 6: 0 2331.17 316.43 2397.78
75, 6: 0 2331.17 594.406 2179.8
76, 6: 0 2331.17 392.103 2397.78
77, 6: 0 2331.17 263.282 2397.78
78, 6: 0 2331.17 0 2397.78
79, 6: 0 2331.17 62.4907 2397.78
80, 6: 0 2331.17 272.329 2397.78
Customer 47 - Obj: 151.376   part1: 151.376   part2: 0
47, 1: 0 8355.3 8203.92
0, 1: 0 -
63, 1: 0 8355.3 2877.93 8203.92
64, 1: 0 8355.3 2510.21 5693.71
65, 1: 0 8355.3 2377.79 5826.13
66, 1: 0 8355.3 1984.31 6219.61
67, 1: 1 8355.3 0 8203.92
68, 1: 0 8355.3 2019.88 6184.04
69, 1: 0 8355.3 1535.58 6668.34
70, 1: 0 8355.3 1938.16 6265.76
71, 1: 0 8355.3 1607.87 6596.05
72, 1: 0 8355.3 1254.86 6949.06
73, 1: 0 8355.3 1784.21 6419.71
74, 1: 0 8355.3 1488.44 6715.47
75, 1: 0 8355.3 2249.5 5954.42
76, 1: 0 8355.3 1418.17 6785.75
77, 1: 0 8355.3 888.797 9024.31
78, 1: 0 8355.3 0 9024.31
79, 1: 0 8355.3 41.1242 9024.31
80, 1: 0 8355.3 925.973 9024.31
Customer 48 - Obj: 151.376   part1: 151.376   part2: 8.81343e-11
48, 0: 0 6331.72 6180.34
0, 0: 0 -
63, 0: 0 6331.72 375.873 6798.38
64, 0: 0 6331.72 327.321 6798.38
65, 0: 0 6331.72 309.837 6798.38
66, 0: 0 6331.72 257.885 6798.38
67, 0: 1 6331.72 0 6180.34
68, 0: 0 6331.72 262.581 6798.38
69, 0: 0 6331.72 198.641 6798.38
70, 0: 0 6331.72 251.792 6798.38
71, 0: 0 6331.72 208.184 6798.38
72, 0: 0 6331.72 161.577 6798.38
73, 0: 0 6331.72 231.466 6798.38
74, 0: 0 6331.72 200.314 6798.38
75, 0: 0 6331.72 292.901 6798.38
76, 0: 0 6331.72 183.137 6798.38
77, 0: 0 6331.72 113.244 6798.38
78, 0: 0 6331.72 0 6798.38
79, 0: 0 6331.72 12.2008 6798.38
80, 0: 0 6331.72 118.152 6798.38
Customer 49 - Obj: 151.376   part1: 151.376   part2: 0
49, 4: 0 3370.61 3219.23
0, 4: 0 -
63, 4: 0 3370.61 674.605 3541.15
64, 4: 0 3370.61 587.928 3541.15
65, 4: 0 3370.61 556.714 3541.15
66, 4: 0 3370.61 463.966 3541.15
67, 4: 1 3370.61 0 3219.23
68, 4: 0 3370.61 472.35 3541.15
69, 4: 0 3370.61 358.196 3541.15
70, 4: 0 3370.61 453.088 3541.15
71, 4: 0 3370.61 375.236 3541.15
72, 4: 0 3370.61 292.031 3541.15
73, 4: 0 3370.61 416.801 3541.15
74, 4: 0 3370.61 362.805 3541.15
75, 4: 0 3370.61 526.475 3541.15
76, 4: 0 3370.61 330.521 3541.15
77, 4: 0 3370.61 205.743 3541.15
78, 4: 0 3370.61 0 3541.15
79, 4: 0 3370.61 48.9563 3541.15
80, 4: 0 3370.61 214.506 3541.15
Customer 50 - Obj: 151.376   part1: 151.376   part2: 8.76837e-11
50, 0: 0 6331.72 6180.34
0, 0: 0 -
63, 0: 0 6331.72 2322.9 6180.34
64, 0: 0 6331.72 2030.68 6180.34
65, 0: 0 6331.72 1925.45 6180.34
66, 0: 0 6331.72 1612.76 6180.34
67, 0: 1 6331.72 0 6180.34
68, 0: 0 6331.72 1641.01 6180.34
69, 0: 0 6331.72 1256.16 4924.18
70, 0: 0 6331.72 1576.07 6180.34
71, 0: 0 6331.72 1313.61 4866.73
72, 0: 0 6331.72 1033.08 5147.27
73, 0: 0 6331.72 1453.74 6180.34
74, 0: 0 6331.72 1415.66 4764.69
75, 0: 0 6331.72 1823.5 6180.34
76, 0: 0 6331.72 1162.86 5017.49
77, 0: 0 6331.72 742.176 6798.38
78, 0: 0 6331.72 0 6798.38
79, 0: 0 6331.72 126.356 6798.38
80, 0: 0 6331.72 593.111 6798.38
Customer 51 - Obj: 151.376   part1: 151.376   part2: 0
51, 1: 0 8355.3 8203.92
0, 1: 0 -
63, 1: 0 8355.3 503.47 9024.31
64, 1: 0 8355.3 440.009 9024.31
65, 1: 0 8355.3 417.155 9024.31
66, 1: 0 8355.3 349.248 9024.31
67, 1: 1 8355.3 0 8203.92
68, 1: 0 8355.3 355.386 9024.31
69, 1: 0 8355.3 271.805 9024.31
70, 1: 0 8355.3 341.283 9024.31
71, 1: 0 8355.3 284.281 9024.31
72, 1: 0 8355.3 223.358 9024.31
73, 1: 0 8355.3 314.715 9024.31
74, 1: 0 8355.3 306.443 9024.31
75, 1: 0 8355.3 395.015 9024.31
76, 1: 0 8355.3 251.542 9024.31
77, 1: 0 8355.3 160.183 9024.31
78, 1: 0 8355.3 0 9024.31
79, 1: 0 8355.3 50.9333 9024.31
80, 1: 0 8355.3 127.81 9024.31
Customer 52 - Obj: 151.376   part1: 151.376   part2: 8.7845e-11
52, 5: 0 6816.69 6665.31
0, 5: 0 -
63, 5: 0 6816.69 4208.71 6665.31
64, 5: 0 6816.69 3687.95 6665.31
65, 5: 0 6816.69 3500.41 6665.31
66, 5: 0 6816.69 2943.16 6665.31
67, 5: 1 6816.69 0 6665.31
68, 5: 0 6816.69 2993.51 6665.31
69, 5: 0 6816.69 2307.67 6665.31
70, 5: 0 6816.69 2877.78 6665.31
71, 5: 0 6816.69 2410.02 6665.31
72, 5: 0 6816.69 1910.11 6665.31
73, 5: 0 6816.69 2659.78 6665.31
74, 5: 0 6816.69 2591.9 6665.31
75, 5: 0 6816.69 3318.73 6665.31
76, 5: 0 6816.69 2141.39 6665.31
77, 5: 0 6816.69 1391.69 6665.31
78, 5: 0 6816.69 0 7331.84
79, 5: 0 6816.69 292.97 7331.84
80, 5: 0 6816.69 1126.04 6665.31
Customer 53 - Obj: 151.376   part1: 151.376   part2: 1.56732e-11
53, 9: 0 772.666 621.29
0, 9: 0 -
63, 9: 0 772.666 8687.47 621.29
64, 9: 0 772.666 8023.05 621.29
65, 9: 0 772.666 7026.5 621.29
66, 9: 0 772.666 6639.28 621.29
67, 9: 1 772.666 0 621.29
68, 9: 0 772.666 4662.07 621.29
69, 9: 0 772.666 6380.02 621.29
70, 9: 0 772.666 6989.45 621.29
71, 9: 0 772.666 6581.1 621.29
72, 9: 0 772.666 5872.81 621.29
73, 9: 0 772.666 6711.3 621.29
74, 9: 0 772.666 3010.44 621.29
75, 9: 0 772.666 7552.02 621.29
76, 9: 0 772.666 6049.93 621.29
77, 9: 0 772.666 5211.41 621.29
78, 9: 0 772.666 0 621.29
79, 9: 0 772.666 3005.17 621.29
80, 9: 0 772.666 4563.18 621.29
Customer 54 - Obj: 151.376   part1: 151.376   part2: 5.90916e-11
54, 4: 0 3370.61 3219.23
0, 4: 0 -
63, 4: 0 3370.61 112.384 3541.15
64, 4: 0 3370.61 100.681 3541.15
65, 4: 0 3370.61 96.4669 3541.15
66, 4: 0 3370.61 83.9445 3541.15
67, 4: 1 3370.61 0 3219.23
68, 4: 0 3370.61 85.0764 3541.15
69, 4: 0 3370.61 69.6638 3541.15
70, 4: 0 3370.61 82.4753 3541.15
71, 4: 0 3370.61 71.9644 3541.15
72, 4: 0 3370.61 60.7299 3541.15
73, 4: 0 3370.61 77.5765 3541.15
74, 4: 0 3370.61 56.59 3541.15
75, 4: 0 3370.61 92.3842 3541.15
76, 4: 0 3370.61 65.9272 3541.15
77, 4: 0 3370.61 49.0801 3541.15
78, 4: 0 3370.61 0 3541.15
79, 4: 0 3370.61 24.4717 3541.15
80, 4: 0 3370.61 43.1104 3541.15
Customer 55 - Obj: 67.013   part1: 151.376   part2: 84.3629
55, 8: 0 8678.31 8526.93
0, 8: 0 -
63, 8: 0 8678.31 2465.62 9379.62
64, 8: 0 8678.31 2205.75 6389.57
65, 8: 0 8678.31 2112.17 9379.62
66, 8: 0 8678.31 1834.09 9379.62
67, 8: 1 8678.31 0 8526.93
68, 8: 0 8678.31 1859.22 9379.62
69, 8: 0 8678.31 1516.96 9379.62
70, 8: 0 8678.31 1801.47 9379.62
71, 8: 0 8678.31 1568.05 9379.62
72, 8: 0 8678.31 1318.58 9379.62
73, 8: 0 8678.31 1692.68 9379.62
74, 8: 0 8678.31 1226.64 9379.62
75, 8: 0 8678.31 2021.5 9379.62
76, 8: 0 8678.31 1433.99 9379.62
77, 8: 0 8678.31 1059.87 9379.62
78, 8: 0 8678.31 0 9379.62
79, 8: 0 8678.31 513.408 9379.62
80, 8: 0 8678.31 927.307 9379.62
Customer 56 - Obj: 151.376   part1: 151.376   part2: 1.55935e-11
56, 9: 0 772.666 621.29
0, 9: 0 -
63, 9: 0 772.666 5402.07 621.29
64, 9: 0 772.666 4857.4 621.29
65, 9: 0 772.666 5212.3 621.29
66, 9: 0 772.666 4080.33 621.29
67, 9: 1 772.666 0 621.29
68, 9: 0 772.666 4133.01 621.29
69, 9: 0 772.666 3415.66 621.29
70, 9: 0 772.666 4010.05 621.29
71, 9: 0 772.666 3854.08 621.29
72, 9: 0 772.666 2999.86 621.29
73, 9: 0 772.666 3782.02 621.29
74, 9: 0 772.666 2807.16 621.29
75, 9: 0 772.666 4471.22 621.29
76, 9: 0 772.666 3239.82 621.29
77, 9: 0 772.666 2457.62 621.29
78, 9: 0 772.666 0 621.29
79, 9: 0 772.666 1312.29 621.29
80, 9: 0 772.666 2307.56 621.29
Customer 57 - Obj: -11880.5   part1: 151.376   part2: 12031.9
57, 8: 0 8678.31 8526.93
0, 8: 0 -
63, 8: 0 8678.31 12471.6 9379.62
64, 8: 0 8678.31 11209.5 9379.62
65, 8: 1 8678.31 12031.9 8526.93
66, 8: 0 8678.31 9689.04 8526.93
67, 8: 0 8678.31 0 8526.93
68, 8: 0 8678.31 9811.13 9379.62
69, 8: 0 8678.31 8148.85 8526.93
70, 8: 0 8678.31 9245.91 9379.62
71, 8: 0 8678.31 8884.48 9379.62
72, 8: 0 8678.31 7185.29 9379.62
73, 8: 0 8678.31 8717.5 8526.93
74, 8: 0 8678.31 6738.78 8526.93
75, 8: 0 8678.31 10314.6 9379.62
76, 8: 0 8678.31 7461.07 9379.62
77, 8: 0 8678.31 5928.81 9379.62
78, 8: 0 8678.31 0 9379.62
79, 8: 0 8678.31 3274.68 9379.62
80, 8: 0 8678.31 5300.75 9379.62
Customer 58 - Obj: 151.376   part1: 151.376   part2: 2.99009e-11
58, 6: 0 2331.17 2179.8
0, 6: 0 -
63, 6: 0 2331.17 1258.52 2179.8
64, 6: 0 2331.17 1149 2179.8
65, 6: 0 2331.17 1129 2179.8
66, 6: 0 2331.17 1011.81 2179.8
67, 6: 1 2331.17 0 2179.8
68, 6: 0 2331.17 940.486 2179.8
69, 6: 0 2331.17 878.173 2179.8
70, 6: 0 2331.17 978.629 2179.8
71, 6: 0 2331.17 911.319 2179.8
72, 6: 0 2331.17 794.567 2179.8
73, 6: 0 2331.17 932.78 2179.8
74, 6: 0 2331.17 451.455 2397.78
75, 6: 0 2331.17 1071.35 2179.8
76, 6: 0 2331.17 823.762 2179.8
77, 6: 0 2331.17 685.541 2179.8
78, 6: 0 2331.17 0 2397.78
79, 6: 0 2331.17 423.302 2397.78
80, 6: 0 2331.17 680.116 2179.8
Customer 59 - Obj: 151.376   part1: 151.376   part2: 5.89218e-11
59, 4: 0 3370.61 3219.23
0, 4: 0 -
63, 4: 0 3370.61 745.393 3541.15
64, 4: 0 3370.61 682.107 3541.15
65, 4: 0 3370.61 670.548 3541.15
66, 4: 0 3370.61 602.827 3541.15
67, 4: 1 3370.61 0 3219.23
68, 4: 0 3370.61 561.609 3541.15
69, 4: 0 3370.61 525.597 3541.15
70, 4: 0 3370.61 583.651 3541.15
71, 4: 0 3370.61 544.751 3541.15
72, 4: 0 3370.61 477.285 3541.15
73, 4: 0 3370.61 557.155 3541.15
74, 4: 0 3370.61 279.006 3541.15
75, 4: 0 3370.61 637.236 3541.15
76, 4: 0 3370.61 494.156 3541.15
77, 4: 0 3370.61 414.28 3541.15
78, 4: 0 3370.61 0 3541.15
79, 4: 0 3370.61 262.734 3541.15
80, 4: 0 3370.61 411.143 3541.15
Customer 60 - Obj: 151.376   part1: 151.376   part2: 0
60, 5: 0 6816.69 6665.31
0, 5: 0 -
63, 5: 0 6816.69 7929.21 6665.31
64, 5: 0 6816.69 7214.09 6665.31
65, 5: 0 6816.69 6825.75 6665.31
66, 5: 0 6816.69 6060.55 6665.31
67, 5: 1 6816.69 0 6665.31
68, 5: 0 6816.69 6129.72 6665.31
69, 5: 0 6816.69 5187.91 6665.31
70, 5: 0 6816.69 6101.62 6665.31
71, 5: 0 6816.69 5328.5 6665.31
72, 5: 0 6816.69 4642 6665.31
73, 5: 0 6816.69 5802.24 6665.31
74, 5: 0 6816.69 3287.82 6665.31
75, 5: 0 6816.69 6707.08 6665.31
76, 5: 0 6816.69 5090.4 6665.31
77, 5: 0 6816.69 3930.13 6665.31
78, 5: 0 6816.69 0 7331.84
79, 5: 0 6816.69 2426.41 6665.31
80, 5: 0 6816.69 3866.48 6665.31
Customer 61 - Obj: 151.376   part1: 151.376   part2: 5.96878e-11
61, 2: -1.88738e-14 3291.48 3140.11
0, 2: 0 -
63, 2: 0 3291.48 9515.4 3140.11
64, 2: 0 3291.48 8695.85 3140.11
65, 2: 0 3291.48 8252.35 3140.11
66, 2: 0 3291.48 7375.38 3140.11
67, 2: 1 3291.48 0 3140.11
68, 2: 0 3291.48 7454.65 3140.11
69, 2: 0 3291.48 6375.26 3140.11
70, 2: 0 3291.48 7420.87 3140.11
71, 2: 0 3291.48 6536.38 3140.11
72, 2: 0 3291.48 5749.64 3140.11
73, 2: 0 3291.48 7077.76 3140.11
74, 2: 0 3291.48 4328.64 3140.11
75, 2: 0 3291.48 8114.78 3140.11
76, 2: 0 3291.48 6261.94 3140.11
77, 2: 0 3291.48 4933.74 3140.11
78, 2: 0 3291.48 0 3140.11
79, 2: 0 3291.48 3210.4 3140.11
80, 2: 0 3291.48 4859.2 3140.11
Customer 62 - Obj: 151.376   part1: 151.376   part2: 7.44021e-11
62, 4: 0 3370.61 3219.23
0, 4: 0 -
63, 4: 0 3370.61 881.783 3541.15
64, 4: 0 3370.61 806.598 3541.15
65, 4: 0 3370.61 773.112 3541.15
66, 4: 0 3370.61 692.659 3541.15
67, 4: 1 3370.61 0 3219.23
68, 4: 0 3370.61 699.931 3541.15
69, 4: 0 3370.61 600.917 3541.15
70, 4: 0 3370.61 689.637 3541.15
71, 4: 0 3370.61 668.111 3541.15
72, 4: 0 3370.61 543.521 3541.15
73, 4: 0 3370.61 658.162 3541.15
74, 4: 0 3370.61 430.246 3541.15
75, 4: 0 3370.61 753.297 3541.15
76, 4: 0 3370.61 583.322 3541.15
77, 4: 0 3370.61 468.678 3541.15
78, 4: 0 3370.61 0 3541.15
79, 4: 0 3370.61 310.583 3541.15
80, 4: 0 3370.61 454.644 3541.15
Routing:
10, 0, 1
65, 0, 1
65, 10, 1
66, 0, 0
67, 0, 0
67, 66, 0
Routing cost: 1791.74
[285403.0139542603, 1791.7399999977788, 11.25140929222107, 0.0, 1, 2.5623876354075037e-09, 0.9838709677419355, 0.9838709677419355, 0.9838709677419355]
