Using license file /util/academic/gurobi/licenses/gurobi.lic
Set parameter TokenServer to value srv-m14-36.cbls.ccr.buffalo.edu
Set parameter TSPort to value 46325
Changed value of parameter lazyConstraints to 1
   Prev: 0  Min: 0  Max: 1  Default: 0
Changed value of parameter TimeLimit to 129600.0
   Prev: inf  Min: 0.0  Max: inf  Default: inf
Gurobi Optimizer version 9.1.1 build v9.1.1rc0 (linux64)
Thread count: 12 physical cores, 12 logical processors, using up to 12 threads
Optimize a model with 4937 rows, 6830 columns and 24792 nonzeros
Model fingerprint: 0xd7d2a637
Variable types: 1670 continuous, 5160 integer (5160 binary)
Coefficient statistics:
  Matrix range     [1e+00, 9e+03]
  Objective range  [1e+00, 1e+00]
  Bounds range     [1e+00, 6e+03]
  RHS range        [1e+00, 9e+03]
Presolve removed 666 rows and 219 columns
Presolve time: 0.06s
Presolved: 4271 rows, 6611 columns, 23595 nonzeros
Variable types: 1294 continuous, 5317 integer (5317 binary)

Root relaxation: objective -3.334497e+05, 3052 iterations, 0.13 seconds

    Nodes    |    Current Node    |     Objective Bounds      |     Work
 Expl Unexpl |  Obj  Depth IntInf | Incumbent    BestBd   Gap | It/Node Time

     0     0 -333449.74    0  774          - -333449.74      -     -    0s
     0     0 -332954.53    0  332          - -332954.53      -     -    0s
H    0     0                    -319423.3975 -332954.53  4.24%     -    0s
     0     0 -332954.53    0  332 -319423.40 -332954.53  4.24%     -    0s
     0     0 -332754.14    0  655 -319423.40 -332754.14  4.17%     -    1s
     0     0 -332753.15    0  651 -319423.40 -332753.15  4.17%     -    1s
     0     0 -332751.65    0  646 -319423.40 -332751.65  4.17%     -    1s
     0     0 -332728.69    0  564 -319423.40 -332728.69  4.17%     -    1s
     0     0 -332653.40    0  561 -319423.40 -332653.40  4.14%     -    1s
     0     0 -332643.48    0  488 -319423.40 -332643.48  4.14%     -    1s
     0     0 -332642.88    0  640 -319423.40 -332642.88  4.14%     -    1s
     0     0 -332642.71    0  792 -319423.40 -332642.71  4.14%     -    1s
     0     0 -332598.02    0  802 -319423.40 -332598.02  4.12%     -    2s
     0     0 -332592.23    0  819 -319423.40 -332592.23  4.12%     -    2s
     0     0 -332590.91    0  785 -319423.40 -332590.91  4.12%     -    2s
     0     0 -332590.89    0  786 -319423.40 -332590.89  4.12%     -    2s
     0     0 -332580.14    0  660 -319423.40 -332580.14  4.12%     -    2s
     0     0 -332579.78    0  663 -319423.40 -332579.78  4.12%     -    2s
     0     0 -332579.75    0  699 -319423.40 -332579.75  4.12%     -    2s
     0     0 -332579.75    0  639 -319423.40 -332579.75  4.12%     -    2s
     0     2 -332577.33    0  638 -319423.40 -332577.33  4.12%     -    3s
    27    40 -332151.84    5  451 -319423.40 -332550.05  4.11%   800    5s
H  139   129                    -320154.0275 -332545.05  3.87%   476    9s
   142   148 -331165.89   11  717 -320154.03 -332545.05  3.87%   483   10s
   677   715 -328805.34   38  398 -320154.03 -332545.05  3.87%   293   15s
   758   727 -328738.29   47  388 -320154.03 -332545.05  3.87%   276   20s
  1565  1548 -325029.58   94  139 -320154.03 -332545.05  3.87%   206   26s
  2697  2517 -326229.82   94  639 -320154.03 -332525.10  3.86%   166   30s
  2718  2531 -328325.18   32  408 -320154.03 -328325.18  2.55%   165   35s
  2735  2544 -328325.18   21  370 -320154.03 -328325.18  2.55%   174   40s
H 2745  2423                    -320204.1575 -328325.18  2.54%   173   43s
  2751  2430 -328323.83   24  462 -320204.16 -328323.83  2.54%   181   49s
  2753  2433 -328310.78   25  451 -320204.16 -328315.57  2.53%   182   53s
  2757  2440 -328309.38   26  486 -320204.16 -328309.38  2.53%   182   56s
  2813  2491 -328288.95   29  310 -320204.16 -328288.95  2.52%   188   60s
H 2830  2363                    -320354.5475 -328288.36  2.48%   188   60s
H 2844  2257                    -321982.5175 -328288.36  1.96%   188   61s
H 2892  2186                    -322077.1575 -328288.36  1.93%   190   63s
  2932  2220 -328280.51   34  504 -322077.16 -328288.36  1.93%   190   65s
H 2933  2115                    -322128.1575 -328288.36  1.91%   190   65s
H 2950  2010                    -322283.4675 -328288.36  1.86%   191   65s
H 2987  1949                    -322303.4475 -328288.36  1.86%   192   67s
  3108  2076 -328118.81   42  235 -322303.45 -328288.36  1.86%   194   70s
  4132  2754 -327383.73   89  318 -322303.45 -328288.36  1.86%   197   75s
  4895  3062 -322499.43  106   96 -322303.45 -328288.36  1.86%   190   80s
  5360  3353 -322436.07  134   29 -322303.45 -328288.36  1.86%   185   85s
H 6043  3615                    -322354.4475 -328279.83  1.84%   186   88s
  6865  4329 infeasible  181      -322354.45 -328278.80  1.84%   174   90s
H 7971  4549                    -322392.9475 -328278.32  1.83%   169   93s
H 7975  2524                    -325681.2975 -328278.32  0.80%   169   93s
  8254  2740 -326956.15   44  252 -325681.30 -328278.32  0.80%   172   95s
  9496  3788 -326982.26   60  169 -325681.30 -328223.80  0.78%   183  100s
 10684  4450 -326347.77   39  184 -325681.30 -328144.36  0.76%   191  105s
 12334  5644 -326348.55   48  213 -325681.30 -328124.71  0.75%   197  110s
 12696  5913 -326836.66   58  164 -325681.30 -328118.81  0.75%   200  115s
 14508  6684 infeasible   43      -325681.30 -328111.10  0.75%   208  121s
 15578  7307 -326228.59   51  285 -325681.30 -328097.01  0.74%   212  126s
 16893  8344     cutoff   39      -325681.30 -328068.56  0.73%   220  132s
 18865  9171 -326241.27   48  244 -325681.30 -328064.97  0.73%   220  137s
 19698  9479 -325709.51   63  224 -325681.30 -328055.00  0.73%   223  140s
 22131 10827 -326987.09   59  298 -325681.30 -328051.38  0.73%   217  146s
 22594 10878 -327780.77   33  513 -325681.30 -328049.96  0.73%   223  151s
H22601 10537                    -325702.9075 -328049.96  0.72%   223  151s
H22626 10012                    -325728.4975 -328049.96  0.71%   223  151s
 23496 10765     cutoff   36      -325728.50 -328022.39  0.70%   228  157s
 24323 11201 -326956.49   36  430 -325728.50 -328004.91  0.70%   231  160s
 26009 12009 infeasible  104      -325728.50 -327974.17  0.69%   236  167s
 26832 12189 -326816.17   47  224 -325728.50 -327971.93  0.69%   241  170s
 27500 12309 -326818.01   40  250 -325728.50 -327948.46  0.68%   246  178s
 28015 12476 -326966.57   40  290 -325728.50 -327941.62  0.68%   250  183s
 28953 12609     cutoff   32      -325728.50 -327920.15  0.67%   255  187s
 29583 12991 -325977.71   42  175 -325728.50 -327911.73  0.67%   259  191s
 30673 13319 -327706.39   44  297 -325728.50 -327900.09  0.67%   264  195s
 31607 13748 -327332.51   49  312 -325728.50 -327874.52  0.66%   268  200s
 32855 14475 infeasible  126      -325728.50 -327863.63  0.66%   271  205s
 34499 15084 -327150.39   33  267 -325728.50 -327829.62  0.65%   271  210s
 35786 15704 -325742.53  119   24 -325728.50 -327789.96  0.63%   271  215s
 38441 16571 -325823.23   50  186 -325728.50 -327719.21  0.61%   275  224s
 39741 17015 -326765.41   43  234 -325728.50 -327706.39  0.61%   275  229s
 40935 17446 -326200.16   43  296 -325728.50 -327683.07  0.60%   278  234s
 42347 17553 infeasible   87      -325728.50 -327652.00  0.59%   280  238s
 43519 17686 -326851.77   57  255 -325728.50 -327602.92  0.58%   282  243s
 44827 17879 -326010.53   62  247 -325728.50 -327578.17  0.57%   283  248s
 46179 18411 -325960.83   45  110 -325728.50 -327537.43  0.56%   284  253s
 47647 18697 -326921.81   42  323 -325728.50 -327513.14  0.55%   285  257s
 48832 18998 infeasible  126      -325728.50 -327485.87  0.54%   287  262s
 49863 19306 -326852.29   48  156 -325728.50 -327432.44  0.52%   289  268s
 51529 19345 infeasible   49      -325728.50 -327401.75  0.51%   289  272s
 52745 19431 -327078.38   37  338 -325728.50 -327374.47  0.51%   291  277s
 53827 20300     cutoff   43      -325728.50 -327302.23  0.48%   293  282s
 55592 21438 -326351.07   53  134 -325728.50 -327272.77  0.47%   293  287s
 57642 22162     cutoff   44      -325728.50 -327255.55  0.47%   290  292s
 59158 22579 -325946.18   42  216 -325728.50 -327255.55  0.47%   291  297s
 60549 23683 -326387.63   39  237 -325728.50 -327241.35  0.46%   293  302s
 62863 24131 infeasible   67      -325728.50 -327203.43  0.45%   290  307s
 64446 24349 -326539.86   35  261 -325728.50 -327187.17  0.45%   290  311s
 65704 24850 -325981.94   47  242 -325728.50 -327139.68  0.43%   292  316s
 67236 25182 -326074.35   42  236 -325728.50 -327114.66  0.43%   292  321s
 68280 25657 -326022.29   50  248 -325728.50 -327090.39  0.42%   294  326s
 69578 26363 -326184.95   43  235 -325728.50 -327088.83  0.42%   296  335s
 71443 27409 infeasible   65      -325728.50 -327071.22  0.41%   296  340s
 74072 28532 -326089.37   44  307 -325728.50 -327044.55  0.40%   293  348s
 75855 31499 -325875.34  120   61 -325728.50 -327035.15  0.40%   289  355s
 81461 33219 infeasible  129      -325728.50 -327035.15  0.40%   278  364s
 84102 36069 -325798.63   86   85 -325728.50 -327035.15  0.40%   273  371s
 89520 39704 -326543.13   92    - -325728.50 -327035.15  0.40%   264  378s
 95496 42656 infeasible   90      -325728.50 -327035.15  0.40%   254  384s
 100708 45306 -326512.42   51  329 -325728.50 -327035.15  0.40%   247  391s
 105495 47469 -327035.15   42  199 -325728.50 -327035.15  0.40%   241  397s
 109428 49478 -326762.22   52  425 -325728.50 -327035.15  0.40%   237  404s
H109691 47338                    -325751.0575 -327035.15  0.39%   237  404s
H112776 41334                    -325817.9975 -327035.15  0.37%   234  404s
 113257 42870 -326350.82   51  231 -325818.00 -327035.15  0.37%   233  409s
 115280 42891 -326922.26   51   88 -325818.00 -327035.15  0.37%   232  410s
 116541 44117 -326381.69   44  235 -325818.00 -327035.15  0.37%   231  415s
 119375 45519 -326233.63   36  186 -325818.00 -327035.15  0.37%   229  421s
 122402 46951 -325881.79  103  194 -325818.00 -327035.15  0.37%   227  426s
 125331 48246 -326048.26   63  179 -325818.00 -327035.15  0.37%   226  432s
 128227 49522 -326240.01   53  171 -325818.00 -327035.15  0.37%   224  437s
*130273 38550             105    -325964.8375 -327035.15  0.33%   224  437s
 131008 38832     cutoff  159      -325964.84 -327035.15  0.33%   223  443s
*131596 37124              52    -325994.8375 -327035.15  0.32%   223  443s
 133046 37805 -326056.97   53  252 -325994.84 -327035.15  0.32%   223  448s
 135346 38785 -327035.15   42  260 -325994.84 -327035.15  0.32%   222  453s
 137815 39719 -326042.03   54  175 -325994.84 -327035.15  0.32%   222  458s
H139814 23031                    -326318.0775 -327035.15  0.22%   221  458s
 140066 22986     cutoff   69      -326318.08 -327035.15  0.22%   221  463s
 141894 23318 -326739.33   65  200 -326318.08 -327035.15  0.22%   222  468s
 143656 23681 -327035.15   50  202 -326318.08 -327035.15  0.22%   222  473s
 145159 23958     cutoff   42      -326318.08 -327035.15  0.22%   223  478s
 146816 24034 infeasible   51      -326318.08 -327035.15  0.22%   224  482s
H148372 22917                    -326347.3975 -327035.15  0.21%   224  487s
 150055 22802 -326595.43   56  226 -326347.40 -327023.36  0.21%   224  491s
 153362 22857 -326881.15   61  297 -326347.40 -326983.39  0.19%   223  499s
 156263 23422 infeasible   33      -326347.40 -326964.28  0.19%   223  504s
 159611 23642 -326471.29   48  220 -326347.40 -326953.51  0.19%   221  510s
 161282 23830 -326709.63   40  476 -326347.40 -326942.23  0.18%   222  515s
 162303 24098     cutoff   48      -326347.40 -326942.23  0.18%   223  520s
 164900 25623     cutoff   44      -326347.40 -326941.10  0.18%   222  526s
 169564 27683 -326772.32   46  131 -326347.40 -326919.65  0.18%   219  531s
*170391 26834              53    -326356.5775 -326919.65  0.17%   219  531s
 175013 29298     cutoff   58      -326356.58 -326919.65  0.17%   215  538s
 181339 30249 -326574.68   47  316 -326356.58 -326919.65  0.17%   211  543s
 185265 30746 -326571.64   60   85 -326356.58 -326917.87  0.17%   209  552s
 189385 31130 infeasible   97      -326356.58 -326901.76  0.17%   207  557s
 192986 31585 -326497.91   59  231 -326356.58 -326892.13  0.16%   205  562s
H194429 22380                    -326474.8775 -326890.74  0.13%   205  562s
 195840 22602     cutoff   45      -326474.88 -326881.15  0.12%   205  567s
 199179 22757     cutoff   59      -326474.88 -326881.15  0.12%   204  572s
 201658 22739     cutoff   55      -326474.88 -326881.15  0.12%   204  577s
 204705 22840 -326824.32   35  400 -326474.88 -326876.29  0.12%   203  580s
 206324 22809 -326556.46   47  274 -326474.88 -326869.77  0.12%   203  589s
H208015 22034                    -326489.0975 -326868.39  0.12%   202  589s
 208979 21901     cutoff   45      -326489.10 -326868.39  0.12%   202  594s
H209676 18072                    -326550.3775 -326864.90  0.10%   202  594s
 211352 18095     cutoff   52      -326550.38 -326844.38  0.09%   202  598s
 211811 18134 -326827.73   38  488 -326550.38 -326844.19  0.09%   203  603s
 212173 18171     cutoff   45      -326550.38 -326844.19  0.09%   204  607s
 212756 18018 -326635.36   43  340 -326550.38 -326843.87  0.09%   205  612s
 213898 18097 -326730.35   46  237 -326550.38 -326843.87  0.09%   206  621s
 217345 18254 -326565.73   55   19 -326550.38 -326835.71  0.09%   207  627s
 220338 18873     cutoff  111      -326550.38 -326822.75  0.08%   206  633s
 222184 19322 -326730.67   44  259 -326550.38 -326822.75  0.08%   206  638s
 224088 20259 -326664.80   44  299 -326550.38 -326822.75  0.08%   207  646s
 226844 23962 -326573.83   49  273 -326550.38 -326821.34  0.08%   205  652s
*238870  7222              64    -326746.2475 -326817.65  0.02%   196  654s
H238972  7222                    -326746.2477 -326817.65  0.02%   196  654s
 239554  6129     cutoff  101      -326746.25 -326817.65  0.02%   195  655s
 244884  4307     cutoff  123      -326746.25 -326792.42  0.01%   192  661s
H246900  3467                    -326746.2479 -326781.44  0.01%   191  663s
H247310  3467                    -326746.2480 -326781.44  0.01%   191  663s
 247841  3474 -326779.15   51   97 -326746.25 -326779.15  0.01%   190  665s
 249078  3317     cutoff   50      -326746.25 -326779.15  0.01%   191  670s

Cutting planes:
  Gomory: 11
  Cover: 670
  Implied bound: 3
  MIR: 1
  Flow cover: 23
  Inf proof: 87
  Zero half: 8
  RLT: 69
  Lazy constraints: 535

Explored 250183 nodes (48021813 simplex iterations) in 673.28 seconds
Thread count was 12 (of 12 available processors)

Solution count 10: -326746 -326746 -326550 ... -325965

Optimal solution found (tolerance 1.00e-04)
Best objective -3.267462479629e+05, best bound -3.267741874594e+05, gap 0.0086%

User-callback calls 573577, time in user-callback 2.48 sec
-1
Leader's objective: 326746
Customers decisions:
Customer 1 - Obj: 361.181   part1: 421.105   part2: 59.9238
1, 8: 0 8565.34 8526.93
41, 8, 0: 0 8565.34 15.475 8526.93 8526.93
42, 8, 0: 1 8565.34 20.3892 8526.93 8526.93
43, 8, 0: 0 8565.34 24.0595 8526.93 8526.93
1, 6: 0 2562.49 2179.8
41, 6, 1: 0 2562.49 15.475 2179.8 2179.8
42, 6, 1: 1 2562.49 20.3892 2179.8 2179.8
43, 6, 1: 0 2562.49 24.0595 2179.8 2179.8
Customer 2 - Obj: -307.037   part1: 146.865   part2: 453.903
2, 8: 0 8604.26 8526.93
41, 8, 2: 0 8604.26 116.834 8526.93 8526.93
42, 8, 2: 1 8604.26 154.477 8526.93 8526.93
43, 8, 2: 0 8604.26 182.592 8526.93 8526.93
2, 5: 0 6734.85 6665.31
41, 5, 3: 0 6734.85 116.834 6665.31 6665.31
42, 5, 3: 1 6734.85 154.477 6665.31 6665.31
43, 5, 3: 0 6734.85 182.592 6665.31 6665.31
Customer 3 - Obj: 267.556   part1: 279.736   part2: 12.1801
3, 2: 0 3141.71 3140.11
41, 2, 4: 0 3141.71 10.269 3140.11 3140.11
42, 2, 4: 1 3141.71 12.1801 3140.11 3140.11
43, 2, 4: 0 3141.71 18.3562 3140.11 3140.11
3, 0: 0 6255.37 6180.34
41, 0, 5: 0 6255.37 10.269 6180.34 6180.34
42, 0, 5: 1 6255.37 12.1801 6180.34 6180.34
43, 0, 5: 0 6255.37 18.3562 6180.34 6180.34
3, 6: 0 2382.9 2179.8
41, 6, 6: 0 2382.9 10.269 2179.8 2179.8
42, 6, 6: 1 2382.9 12.1801 2179.8 2179.8
43, 6, 6: 0 2382.9 18.3562 2179.8 2179.8
Customer 4 - Obj: -182.624   part1: 6.82107   part2: 189.445
4, 8: 1 8533.75 8526.93
41, 8, 7: 0 8533.75 47.1966 8526.93 8526.93
42, 8, 7: 0 8533.75 42.659 8526.93 8526.93
43, 8, 7: 0 8533.75 99.5899 8526.93 8526.93
Customer 5 - Obj: -124.908   part1: 24.0017   part2: 148.91
5, 9: 1 645.292 621.29
41, 9, 8: 0 645.292 33.9358 621.29 621.29
42, 9, 8: 0 645.292 36.7108 503.527 621.29
43, 9, 8: 0 645.292 78.2629 503.527 621.29
Customer 6 - Obj: -223.237   part1: 30.4603   part2: 253.697
6, 0: 1 6210.8 6180.34
41, 0, 9: 0 6210.8 67.2569 6180.34 6180.34
42, 0, 9: 0 6210.8 55.418 6180.34 6180.34
43, 0, 9: 0 6210.8 131.022 6180.34 6180.34
Customer 7 - Obj: 134.957   part1: 326.008   part2: 191.051
7, 8: 0 8826.76 8526.93
41, 8, 10: 0 8826.76 106.462 8526.93 8526.93
42, 8, 10: 1 8826.76 191.051 8526.93 8526.93
43, 8, 10: 0 8826.76 0 8526.93 8526.93
7, 4: 0 3245.41 3219.23
41, 4, 11: 0 3245.41 106.462 3219.23 3219.23
42, 4, 11: 1 3245.41 191.051 3219.23 3219.23
43, 4, 11: 0 3245.41 0 3219.23 3219.23
Customer 8 - Obj: -58.1938   part1: 277.466   part2: 335.66
8, 7: 1 4785.6 4508.14
41, 7, 12: 0 4785.6 86.4352 3278.16 4508.14
42, 7, 12: 0 4785.6 78.6514 3278.16 4508.14
43, 7, 12: 0 4785.6 170.573 3278.16 4508.14
Customer 9 - Obj: -348.19   part1: 44.235   part2: 392.425
9, 1: 0 8248.15 8203.92
41, 1, 13: 0 8248.15 178.394 8203.92 8203.92
42, 1, 13: 1 8248.15 93.6251 8203.92 8203.92
43, 1, 13: 0 8248.15 120.406 8203.92 8203.92
Customer 10 - Obj: -80.4697   part1: 22.9223   part2: 103.392
10, 4: 0 3242.15 3219.23
41, 4, 14: 0 3242.15 17.4694 3219.23 3219.23
42, 4, 14: 1 3242.15 44.1495 3219.23 3219.23
43, 4, 14: 0 3242.15 41.7731 3219.23 3219.23
Customer 11 - Obj: 168.024   part1: 302.102   part2: 134.077
11, 8: 0 8829.03 8526.93
41, 8, 15: 0 8829.03 69.5653 8526.93 8526.93
42, 8, 15: 1 8829.03 134.077 8526.93 8526.93
43, 8, 15: 0 8829.03 142.549 8526.93 8526.93
Customer 12 - Obj: 244.843   part1: 328.347   part2: 83.5032
12, 3: 0 1163.19 981.225
41, 3, 16: 0 1163.19 30.4497 981.225 981.225
42, 3, 16: 1 1163.19 83.5032 981.225 981.225
43, 3, 16: 0 1163.19 78.9582 981.225 981.225
12, 2: 0 3286.49 3140.11
41, 2, 17: 0 3286.49 30.4497 3140.11 3140.11
42, 2, 17: 1 3286.49 83.5032 3140.11 3140.11
43, 2, 17: 0 3286.49 78.9582 3140.11 3140.11
Customer 13 - Obj: -69.8016   part1: 32.3032   part2: 102.105
13, 7: 0 4540.44 4508.14
41, 7, 18: 0 4540.44 9.07088 4508.14 4508.14
42, 7, 18: 1 4540.44 42.6166 4508.14 4508.14
43, 7, 18: 0 4540.44 50.4173 4508.14 4508.14
Customer 14 - Obj: 34.3347   part1: 107.71   part2: 73.3754
14, 9: 0 667.549 621.29
41, 9, 19: 0 667.549 9.75444 621.29 621.29
42, 9, 19: 1 667.549 73.3754 621.29 621.29
43, 9, 19: 0 667.549 79.5289 621.29 621.29
14, 2: 0 3201.56 3140.11
41, 2, 20: 0 3201.56 9.75444 3140.11 3140.11
42, 2, 20: 1 3201.56 73.3754 3140.11 3140.11
43, 2, 20: 0 3201.56 79.5289 3140.11 3140.11
Customer 15 - Obj: 371.622   part1: 628.309   part2: 256.687
15, 3: 0 1409.7 981.225
41, 3, 21: 0 1409.7 82.4139 981.225 981.225
42, 3, 21: 1 1409.7 124.906 981.225 981.225
43, 3, 21: 0 1409.7 131.781 981.225 981.225
15, 5: 0 6823.09 6665.31
41, 5, 22: 0 6823.09 82.4139 6665.31 6665.31
42, 5, 22: 1 6823.09 124.906 6665.31 6665.31
43, 5, 22: 0 6823.09 131.781 6665.31 6665.31
15, 4: 0 3261.28 3219.23
41, 4, 23: 0 3261.28 82.4139 3219.23 3219.23
42, 4, 23: 1 3261.28 124.906 3219.23 3219.23
43, 4, 23: 0 3261.28 131.781 3219.23 3219.23
Customer 16 - Obj: 159.115   part1: 234.607   part2: 75.4919
16, 7: 0 4605.76 4508.14
41, 7, 24: 0 4605.76 17.9226 4508.14 4508.14
42, 7, 24: 1 4605.76 40.6878 4508.14 4508.14
43, 7, 24: 0 4605.76 39.162 4508.14 4508.14
16, 8: 0 8633.92 8526.93
41, 8, 25: 0 8633.92 17.9226 8526.93 8526.93
42, 8, 25: 1 8633.92 40.6878 8526.93 8526.93
43, 8, 25: 0 8633.92 39.162 8526.93 8526.93
16, 9: 0 651.284 621.29
41, 9, 26: 0 651.284 17.9226 621.29 621.29
42, 9, 26: 1 651.284 40.6878 621.29 621.29
43, 9, 26: 0 651.284 39.162 621.29 621.29
Customer 17 - Obj: -71.2698   part1: 9.67999   part2: 80.9498
17, 3: 0 990.905 981.225
41, 3, 27: 0 990.905 27.8262 770.044 981.225
42, 3, 27: 1 990.905 0 981.225 981.225
43, 3, 27: 0 990.905 53.1236 770.044 981.225
Customer 18 - Obj: -223.664   part1: 115.401   part2: 339.064
18, 9: 0 736.691 621.29
41, 9, 28: 0 736.691 75.7359 503.527 621.29
42, 9, 28: 1 736.691 147.981 621.29 621.29
43, 9, 28: 0 736.691 115.347 503.527 621.29
Customer 19 - Obj: -138.704   part1: 114.858   part2: 253.562
19, 4: 0 3334.09 3219.23
41, 4, 29: 0 3334.09 142.952 3219.23 3219.23
42, 4, 29: 1 3334.09 110.609 3219.23 3219.23
43, 4, 29: 0 3334.09 101.322 3219.23 3219.23
Customer 20 - Obj: 63.0153   part1: 89.7947   part2: 26.7794
20, 2: 0 3229.9 3140.11
41, 2, 30: 0 3229.9 13.7077 3140.11 3140.11
42, 2, 30: 1 3229.9 6.08077 3140.11 3140.11
43, 2, 30: 0 3229.9 6.99095 3140.11 3140.11
Customer 21 - Obj: 107.072   part1: 182.564   part2: 75.4919
21, 8: 0 8542.43 8526.93
41, 8, 31: 0 8542.43 65.1671 8526.93 8526.93
42, 8, 31: 1 8542.43 33.3316 8526.93 8526.93
43, 8, 31: 0 8542.43 30.3881 8526.93 8526.93
21, 6: 0 2239.2 2179.8
41, 6, 32: 0 2239.2 65.1671 2179.8 2179.8
42, 6, 32: 1 2239.2 33.3316 2179.8 2179.8
43, 6, 32: 0 2239.2 30.3881 2179.8 2179.8
21, 1: 0 8311.57 8203.92
41, 1, 33: 0 8311.57 65.1671 8203.92 8203.92
42, 1, 33: 1 8311.57 33.3316 8203.92 8203.92
43, 1, 33: 0 8311.57 30.3881 8203.92 8203.92
Customer 22 - Obj: -200.38   part1: 50.977   part2: 251.356
22, 4: 0 3233.28 3219.23
41, 4, 34: 0 3233.28 367.91 3219.23 3219.23
42, 4, 34: 1 3233.28 251.356 3219.23 3219.23
43, 4, 34: 0 3233.28 262.404 3219.23 3219.23
22, 0: 0 6217.26 6180.34
41, 0, 35: 0 6217.26 367.91 6180.34 6180.34
42, 0, 35: 1 6217.26 251.356 6180.34 6180.34
43, 0, 35: 0 6217.26 262.404 6180.34 6180.34
Customer 23 - Obj: 176.345   part1: 326.587   part2: 150.242
23, 1: 0 8364.31 8203.92
41, 1, 36: 0 8364.31 212.882 8203.92 8203.92
42, 1, 36: 1 8364.31 150.242 8203.92 8203.92
43, 1, 36: 0 8364.31 152.358 8203.92 8203.92
23, 9: 0 672.772 621.29
41, 9, 37: 0 672.772 212.882 621.29 621.29
42, 9, 37: 1 672.772 150.242 621.29 621.29
43, 9, 37: 0 672.772 152.358 621.29 621.29
23, 4: 0 3333.94 3219.23
41, 4, 38: 0 3333.94 212.882 3219.23 3219.23
42, 4, 38: 1 3333.94 150.242 3219.23 3219.23
43, 4, 38: 0 3333.94 152.358 3219.23 3219.23
Customer 24 - Obj: 281.031   part1: 456.374   part2: 175.343
24, 8: 0 8681.02 8526.93
41, 8, 39: 0 8681.02 82.119 8526.93 8526.93
42, 8, 39: 1 8681.02 175.343 8526.93 8526.93
43, 8, 39: 0 8681.02 157.499 8526.93 8526.93
24, 9: 0 923.572 621.29
41, 9, 40: 0 923.572 82.119 621.29 621.29
42, 9, 40: 1 923.572 175.343 621.29 621.29
43, 9, 40: 0 923.572 157.499 621.29 621.29
Customer 25 - Obj: -8.29433   part1: 149.121   part2: 157.416
25, 4: 0 3368.35 3219.23
41, 4, 41: 0 3368.35 27.738 3219.23 3219.23
42, 4, 41: 1 3368.35 67.6418 3219.23 3219.23
43, 4, 41: 0 3368.35 62.0357 3219.23 3219.23
Customer 26 - Obj: -575.471   part1: 11.654   part2: 587.125
26, 5: 0 6676.97 6665.31
41, 5, 42: 0 6676.97 77.5022 6665.31 6665.31
42, 5, 42: 1 6676.97 290.373 6665.31 6665.31
43, 5, 42: 0 6676.97 219.25 6665.31 6665.31
Customer 27 - Obj: 112.283   part1: 491.844   part2: 379.562
27, 3: 0 1199.52 981.225
41, 3, 43: 0 1199.52 135.465 981.225 981.225
42, 3, 43: 1 1199.52 257.593 981.225 981.225
43, 3, 43: 0 1199.52 121.969 981.225 981.225
27, 4: 0 3331.6 3219.23
41, 4, 44: 0 3331.6 135.465 3219.23 3219.23
42, 4, 44: 1 3331.6 257.593 3219.23 3219.23
43, 4, 44: 0 3331.6 121.969 3219.23 3219.23
27, 2: 0 3301.29 3140.11
41, 2, 45: 0 3301.29 135.465 3140.11 3140.11
42, 2, 45: 1 3301.29 257.593 3140.11 3140.11
43, 2, 45: 0 3301.29 121.969 3140.11 3140.11
Customer 28 - Obj: -177.161   part1: 240.857   part2: 418.018
28, 9: 0 829.773 621.29
41, 9, 46: 0 829.773 381.172 621.29 621.29
42, 9, 46: 1 829.773 418.018 621.29 621.29
43, 9, 46: 0 829.773 84.0452 621.29 621.29
28, 0: 0 6212.72 6180.34
41, 0, 47: 0 6212.72 381.172 6180.34 6180.34
42, 0, 47: 1 6212.72 418.018 6180.34 6180.34
43, 0, 47: 0 6212.72 84.0452 6180.34 6180.34
Customer 29 - Obj: 45.6276   part1: 142.233   part2: 96.6057
29, 8: 0 8653.25 8526.93
41, 8, 48: 0 8653.25 103.371 8526.93 8526.93
42, 8, 48: 1 8653.25 96.6057 8526.93 8526.93
43, 8, 48: 0 8653.25 16.8315 8526.93 8526.93
29, 6: 0 2195.71 2179.8
41, 6, 49: 0 2195.71 103.371 2179.8 2179.8
42, 6, 49: 1 2195.71 96.6057 2179.8 2179.8
43, 6, 49: 0 2195.71 16.8315 2179.8 2179.8
Customer 30 - Obj: -215.097   part1: 132.587   part2: 347.684
30, 7: 0 4576.66 4508.14
41, 7, 50: 0 4576.66 166.918 4508.14 4508.14
42, 7, 50: 1 4576.66 180.766 4508.14 4508.14
43, 7, 50: 0 4576.66 12.979 4508.14 4508.14
30, 1: 0 8267.99 8203.92
41, 1, 51: 0 8267.99 166.918 8203.92 8203.92
42, 1, 51: 1 8267.99 180.766 8203.92 8203.92
43, 1, 51: 0 8267.99 12.979 8203.92 8203.92
Customer 31 - Obj: 274.366   part1: 394.012   part2: 119.645
31, 3: 0 1072.82 981.225
41, 3, 52: 0 1072.82 111.364 981.225 981.225
42, 3, 52: 1 1072.82 119.645 981.225 981.225
43, 3, 52: 0 1072.82 15.3399 981.225 981.225
31, 0: 0 6310.6 6180.34
41, 0, 53: 0 6310.6 111.364 6180.34 6180.34
42, 0, 53: 1 6310.6 119.645 6180.34 6180.34
43, 0, 53: 0 6310.6 15.3399 6180.34 6180.34
31, 6: 0 2351.96 2179.8
41, 6, 54: 0 2351.96 111.364 2179.8 2179.8
42, 6, 54: 1 2351.96 119.645 2179.8 2179.8
43, 6, 54: 0 2351.96 15.3399 2179.8 2179.8
Customer 32 - Obj: -447.961   part1: 19.6533   part2: 467.614
32, 1: 0 8223.57 8203.92
41, 1, 55: 0 8223.57 221.214 8203.92 8203.92
42, 1, 55: 1 8223.57 239.623 8203.92 8203.92
43, 1, 55: 0 8223.57 6.77686 8203.92 8203.92
Customer 33 - Obj: -1.51514   part1: 177.268   part2: 178.783
33, 2: 0 3145.82 3140.11
41, 2, 56: 0 3145.82 79.1732 3140.11 3140.11
42, 2, 56: 1 3145.82 85.583 3140.11 3140.11
43, 2, 56: 0 3145.82 14.0266 3140.11 3140.11
33, 4: 0 3297.2 3219.23
41, 4, 57: 0 3297.2 79.1732 3219.23 3219.23
42, 4, 57: 1 3297.2 85.583 3219.23 3219.23
43, 4, 57: 0 3297.2 14.0266 3219.23 3219.23
33, 9: 0 714.881 621.29
41, 9, 58: 0 714.881 79.1732 621.29 621.29
42, 9, 58: 1 714.881 85.583 621.29 621.29
43, 9, 58: 0 714.881 14.0266 621.29 621.29
Customer 34 - Obj: -898.453   part1: 20.5794   part2: 919.033
34, 5: 0 6685.89 6665.31
41, 5, 59: 0 6685.89 383.608 6665.31 6665.31
42, 5, 59: 1 6685.89 406.315 6665.31 6665.31
43, 5, 59: 0 6685.89 129.11 6665.31 6665.31
Customer 35 - Obj: -282.626   part1: 121.845   part2: 404.471
35, 8: 0 8634.56 8526.93
41, 8, 60: 0 8634.56 382.731 8526.93 8526.93
42, 8, 60: 1 8634.56 404.471 8526.93 8526.93
43, 8, 60: 0 8634.56 141.4 8526.93 8526.93
35, 9: 0 635.501 621.29
41, 9, 61: 0 635.501 382.731 621.29 621.29
42, 9, 61: 1 635.501 404.471 621.29 621.29
43, 9, 61: 0 635.501 141.4 621.29 621.29
Customer 36 - Obj: 288.511   part1: 365.481   part2: 76.9698
36, 7: 0 4526.71 4508.14
41, 7, 62: 0 4526.71 72.1097 4508.14 4508.14
42, 7, 62: 1 4526.71 76.9698 4508.14 4508.14
43, 7, 62: 0 4526.71 34.4563 4508.14 4508.14
36, 5: 0 6817.75 6665.31
41, 5, 63: 0 6817.75 72.1097 6665.31 6665.31
42, 5, 63: 1 6817.75 76.9698 6665.31 6665.31
43, 5, 63: 0 6817.75 34.4563 6665.31 6665.31
36, 0: 0 6374.82 6180.34
41, 0, 64: 0 6374.82 72.1097 6180.34 6180.34
42, 0, 64: 1 6374.82 76.9698 6180.34 6180.34
43, 0, 64: 0 6374.82 34.4563 6180.34 6180.34
Customer 37 - Obj: 199.942   part1: 220.765   part2: 20.8232
37, 1: 0 8283.89 8203.92
41, 1, 65: 0 8283.89 10.0835 8203.92 8203.92
42, 1, 65: 1 8283.89 10.7397 8203.92 8203.92
43, 1, 65: 0 8283.89 4.99966 8203.92 8203.92
37, 7: 0 4582.07 4508.14
41, 7, 66: 0 4582.07 10.0835 4508.14 4508.14
42, 7, 66: 1 4582.07 10.7397 4508.14 4508.14
43, 7, 66: 0 4582.07 4.99966 4508.14 4508.14
37, 4: 0 3286.09 3219.23
41, 4, 67: 0 3286.09 10.0835 3219.23 3219.23
42, 4, 67: 1 3286.09 10.7397 3219.23 3219.23
43, 4, 67: 0 3286.09 4.99966 3219.23 3219.23
Customer 38 - Obj: 304.394   part1: 471.211   part2: 166.817
38, 6: 0 2389.11 2179.8
41, 6, 68: 0 2389.11 82.4374 2179.8 2179.8
42, 6, 68: 1 2389.11 84.3799 2179.8 2179.8
43, 6, 68: 0 2389.11 36.3876 2179.8 2179.8
38, 3: 0 1221.12 981.225
41, 3, 69: 0 1221.12 82.4374 981.225 981.225
42, 3, 69: 1 1221.12 84.3799 981.225 981.225
43, 3, 69: 0 1221.12 36.3876 981.225 981.225
38, 8: 0 8548.94 8526.93
41, 8, 70: 0 8548.94 82.4374 8526.93 8526.93
42, 8, 70: 1 8548.94 84.3799 8526.93 8526.93
43, 8, 70: 0 8548.94 36.3876 8526.93 8526.93
Customer 39 - Obj: 142.555   part1: 314.435   part2: 171.88
39, 0: 0 6367 6180.34
41, 0, 71: 0 6367 168.12 6180.34 6180.34
42, 0, 71: 1 6367 171.88 6180.34 6180.34
43, 0, 71: 0 6367 80.2771 6180.34 6180.34
39, 6: 0 2198.22 2179.8
41, 6, 72: 0 2198.22 168.12 2179.8 2179.8
42, 6, 72: 1 2198.22 171.88 2179.8 2179.8
43, 6, 72: 0 2198.22 80.2771 2179.8 2179.8
39, 8: 0 8636.28 8526.93
41, 8, 73: 0 8636.28 168.12 8526.93 8526.93
42, 8, 73: 1 8636.28 171.88 8526.93 8526.93
43, 8, 73: 0 8636.28 80.2771 8526.93 8526.93
Customer 40 - Obj: -1179.65   part1: 42.0667   part2: 1221.72
40, 3: 0 1023.29 981.225
41, 3, 74: 0 1023.29 482.874 981.225 981.225
42, 3, 74: 1 1023.29 499.101 981.225 981.225
43, 3, 74: 0 1023.29 239.746 981.225 981.225
Routing:
[1886.15, 1814.749691186913, 1763.74980529147, 1725.25]
[[2, 2, 42], [4, 3, 42], [5, 3, 42], [6, 3, 42], [8, 5], [10, 7, 42], [15, 11, 42], [20, 14, 42], [24, 16, 42], [25, 16, 42], [30, 20, 42], [31, 21, 42], [32, 21, 42], [33, 21, 42], [39, 24, 42], [45, 27, 42], [48, 29, 42], [53, 31, 42], [56, 33, 42], [58, 33, 42], [60, 35, 42], [62, 36, 42], [64, 36, 42], [66, 37, 42], [70, 38, 42], [71, 39, 42], [73, 39, 42]]
[[0, 1, 42], [12, 8], [14, 10, 42], [17, 12, 42], [19, 14, 42], [23, 15, 42], [26, 16, 42], [28, 18, 42], [34, 22, 42], [37, 23, 42], [40, 24, 42], [41, 25, 42], [44, 27, 42], [46, 28, 42], [61, 35, 42]]
[[7, 4], [11, 7, 42], [18, 13, 42], [22, 15, 42], [29, 19, 42], [36, 23, 42], [47, 28, 42], [49, 29, 42], [50, 30, 42], [51, 30, 42], [52, 31, 42], [55, 32, 42], [63, 36, 42], [65, 37, 42], [68, 38, 42], [69, 38, 42]]
[[1, 1, 42], [3, 2, 42], [9, 6], [13, 9, 42], [16, 12, 42], [21, 15, 42], [27, 17, 42], [35, 22, 42], [38, 23, 42], [42, 26, 42], [43, 27, 42], [54, 31, 42], [57, 33, 42], [59, 34, 42], [67, 37, 42], [72, 39, 42], [74, 40, 42]]
4, 0, 2
5, 0, 0
6, 0, 3
8, 0, 1
42, 0, 0
42, 5, 0
42, 0, 1
42, 8, 1
42, 0, 2
42, 4, 2
42, 0, 3
42, 6, 3
Routing cost: 7189.9
[326746.2479628946, 7189.899496478383, 673.2817101478577, 8.550823965912632e-05, 1, 0.0, 0.9466666666666667, 0.9, 0.9]
