Using license file /util/academic/gurobi/licenses/gurobi.lic
Set parameter TokenServer to value srv-m14-36.cbls.ccr.buffalo.edu
Set parameter TSPort to value 46325
Changed value of parameter lazyConstraints to 1
   Prev: 0  Min: 0  Max: 1  Default: 0
Changed value of parameter TimeLimit to 129600.0
   Prev: inf  Min: 0.0  Max: inf  Default: inf
Gurobi Optimizer version 9.1.1 build v9.1.1rc0 (linux64)
Thread count: 12 physical cores, 12 logical processors, using up to 12 threads
Optimize a model with 3768 rows, 5899 columns and 20964 nonzeros
Model fingerprint: 0xfbda3bdd
Variable types: 1215 continuous, 4684 integer (4684 binary)
Coefficient statistics:
  Matrix range     [1e+00, 9e+03]
  Objective range  [1e+00, 1e+00]
  Bounds range     [1e+00, 6e+03]
  RHS range        [1e+00, 9e+03]
Presolve removed 591 rows and 219 columns
Presolve time: 0.04s
Presolved: 3177 rows, 5680 columns, 19790 nonzeros
Variable types: 914 continuous, 4766 integer (4766 binary)

Root relaxation: objective -3.331194e+05, 2174 iterations, 0.08 seconds

    Nodes    |    Current Node    |     Objective Bounds      |     Work
 Expl Unexpl |  Obj  Depth IntInf | Incumbent    BestBd   Gap | It/Node Time

     0     0 -333119.44    0  772          - -333119.44      -     -    0s
     0     0 -332908.07    0  327          - -332908.07      -     -    0s
H    0     0                    -322010.1875 -332908.07  3.38%     -    0s
     0     0 -332824.76    0  333 -322010.19 -332824.76  3.36%     -    0s
     0     0 -332591.78    0  367 -322010.19 -332591.78  3.29%     -    0s
     0     0 -332591.27    0  370 -322010.19 -332591.27  3.29%     -    0s
     0     0 -332267.02    0  638 -322010.19 -332267.02  3.19%     -    1s
     0     0 -332264.07    0  637 -322010.19 -332264.07  3.18%     -    1s
     0     0 -332205.38    0  607 -322010.19 -332205.38  3.17%     -    1s
     0     0 -332205.18    0  596 -322010.19 -332205.18  3.17%     -    1s
     0     0 -332177.26    0  637 -322010.19 -332177.26  3.16%     -    1s
     0     0 -332174.86    0  643 -322010.19 -332174.86  3.16%     -    1s
     0     0 -332174.83    0  643 -322010.19 -332174.83  3.16%     -    1s
     0     0 -332163.38    0  638 -322010.19 -332163.38  3.15%     -    1s
     0     0 -332148.70    0  717 -322010.19 -332148.70  3.15%     -    1s
     0     0 -332147.25    0  702 -322010.19 -332147.25  3.15%     -    2s
     0     0 -332147.25    0  607 -322010.19 -332147.25  3.15%     -    2s
H    0     0                    -323172.9775 -332143.10  2.78%     -    3s
     0     2 -332143.10    0  607 -323172.98 -332143.10  2.78%     -    3s
H   30    40                    -323234.5875 -332134.14  2.75%   505    4s
    63    84 -331750.90    7  655 -323234.59 -332134.14  2.75%   366    5s
H   75    84                    -323296.1975 -332134.14  2.73%   363    5s
H   84    96                    -324840.2875 -332134.14  2.25%   347    5s
H   88    96                    -325051.7975 -332134.14  2.18%   353    5s
H  119   131                    -325090.7475 -332134.14  2.17%   307    6s
H  183   186                    -325125.5475 -332134.14  2.16%   363    6s
H  225   227                    -325164.0475 -332134.14  2.14%   349    7s
H  285   306                    -325176.1875 -332134.14  2.14%   317    8s
H  286   306                    -325563.1875 -332134.14  2.02%   316    8s
H  287   306                    -325772.7075 -332134.14  1.95%   315    8s
   472   434 -326602.82   37  325 -325772.71 -332134.14  1.95%   241   12s
H  487   434                    -326550.3775 -332134.14  1.71%   240   12s
H  489   434                    -326674.8475 -332134.14  1.67%   241   12s
   786   573 -327111.50   20  173 -326674.85 -331689.09  1.53%   263   15s
  1831   936 -328612.10   11  480 -326674.85 -331145.78  1.37%   260   20s
  2901  1182 -327828.64   15  366 -326674.85 -329739.75  0.94%   270   25s
H 3384  1101                    -326746.2475 -329530.15  0.85%   268   27s
  4221  1186 -326881.15   12  220 -326746.25 -328471.72  0.53%   253   30s
  5644  1450 -327996.08   10  327 -326746.25 -327996.08  0.38%   242   36s
  5650  1459 -327996.08   12  239 -326746.25 -327996.08  0.38%   242   40s
  5899  1535 -327996.08   17  306 -326746.25 -327996.08  0.38%   239   45s
  7865  1678 -326925.04   44  228 -326746.25 -327996.08  0.38%   213   53s
  7972  1650 -326906.60   53  214 -326746.25 -327996.08  0.38%   212   55s
 10855  2015     cutoff   25      -326746.25 -327374.71  0.19%   185   60s
 16660  3628     cutoff   23      -326746.25 -327087.37  0.10%   156   66s
 18461  4282 -327035.15   45  154 -326746.25 -327044.83  0.09%   156   70s
 23054  4875     cutoff   28      -326746.25 -327035.15  0.09%   158   75s
 27016  5424 -327035.15   36  139 -326746.25 -327035.15  0.09%   163   80s
 29871  5314     cutoff   36      -326746.25 -327035.15  0.09%   170   85s
 34220  5194 infeasible   25      -326746.25 -327035.15  0.09%   171   90s
 41387  3934 -326932.84   42  247 -326746.25 -326948.13  0.06%   166   97s
 47246  3612 -326919.65   34   74 -326746.25 -326919.65  0.05%   159  100s
 54246  2796 -326881.15   23  117 -326746.25 -326881.15  0.04%   156  105s
 60007  2522 -326830.15   27  160 -326746.25 -326881.15  0.04%   157  111s
 71073  2672 -326817.65   63   12 -326746.25 -326853.63  0.03%   144  116s
 91430  1759     cutoff   52      -326746.25 -326817.65  0.02%   121  121s
 99352  1345 infeasible   76      -326746.25 -326800.99  0.02%   118  125s
 105860   633 -326779.15   26  213 -326746.25 -326779.15  0.01%   119  130s

Explored 107431 nodes (12772747 simplex iterations) in 130.27 seconds
Thread count was 12 (of 12 available processors)

Solution count 10: -326746 -326675 -326550 ... -325052

Optimal solution found (tolerance 1.00e-04)
Best objective -3.267462474594e+05, best bound -3.267711874594e+05, gap 0.0076%

User-callback calls 230928, time in user-callback 0.52 sec
-1
Leader's objective: 326746
Customers decisions:
Customer 1 - Obj: 400.716   part1: 421.105   part2: 20.3892
1, 8: 0 8565.34 8526.93
41, 8, 0: 0 8565.34 15.475 6389.57 8526.93
42, 8, 0: 1 8565.34 20.3892 8526.93 8526.93
1, 6: 0 2562.49 2179.8
41, 6, 1: 0 2562.49 15.475 1727.66 2179.8
42, 6, 1: 1 2562.49 20.3892 2179.8 2179.8
Customer 2 - Obj: -7.61186   part1: 146.865   part2: 154.477
2, 8: 0 8604.26 8526.93
41, 8, 2: 0 8604.26 116.834 6389.57 8526.93
42, 8, 2: 1 8604.26 154.477 8526.93 8526.93
2, 5: 0 6734.85 6665.31
41, 5, 3: 0 6734.85 116.834 6249.21 6665.31
42, 5, 3: 1 6734.85 154.477 6665.31 6665.31
Customer 3 - Obj: 267.556   part1: 279.736   part2: 12.1801
3, 2: 0 3141.71 3140.11
41, 2, 4: 0 3141.71 10.269 2815.86 3140.11
42, 2, 4: 1 3141.71 12.1801 3140.11 3140.11
3, 0: 0 6255.37 6180.34
41, 0, 5: 0 6255.37 10.269 4753.11 6180.34
42, 0, 5: 1 6255.37 12.1801 6180.34 6180.34
3, 6: 0 2382.9 2179.8
41, 6, 6: 0 2382.9 10.269 1727.66 2179.8
42, 6, 6: 1 2382.9 12.1801 2179.8 2179.8
Customer 4 - Obj: 6.82107   part1: 6.82107   part2: 0
4, 8: 1 8533.75 8526.93
41, 8, 7: 0 8533.75 47.1966 6389.57 8526.93
42, 8, 7: 0 8533.75 42.659 6389.57 8526.93
Customer 5 - Obj: 24.0017   part1: 24.0017   part2: 0
5, 9: 1 645.292 621.29
41, 9, 8: 0 645.292 33.9358 503.527 621.29
42, 9, 8: 0 645.292 36.7108 503.527 621.29
Customer 6 - Obj: 30.4603   part1: 30.4603   part2: 0
6, 0: 1 6210.8 6180.34
41, 0, 9: 0 6210.8 67.2569 4753.11 6180.34
42, 0, 9: 0 6210.8 55.418 4753.11 6180.34
Customer 7 - Obj: 134.957   part1: 326.008   part2: 191.051
7, 8: 0 8826.76 8526.93
41, 8, 10: 0 8826.76 106.462 6389.57 8526.93
42, 8, 10: 1 8826.76 191.051 8526.93 8526.93
7, 4: 0 3245.41 3219.23
41, 4, 11: 0 3245.41 106.462 2213.19 3219.23
42, 4, 11: 1 3245.41 191.051 3219.23 3219.23
Customer 8 - Obj: 277.466   part1: 277.466   part2: 0
8, 7: 1 4785.6 4508.14
41, 7, 12: 0 4785.6 86.4352 3278.16 4508.14
42, 7, 12: 0 4785.6 78.6514 3278.16 4508.14
Customer 9 - Obj: -49.3901   part1: 44.235   part2: 93.6251
9, 1: 0 8248.15 8203.92
41, 1, 13: 0 8248.15 178.394 5561.73 8203.92
42, 1, 13: 1 8248.15 93.6251 8203.92 8203.92
Customer 10 - Obj: -21.2272   part1: 22.9223   part2: 44.1495
10, 4: 0 3242.15 3219.23
41, 4, 14: 0 3242.15 17.4694 2213.19 3219.23
42, 4, 14: 1 3242.15 44.1495 3219.23 3219.23
Customer 11 - Obj: 168.024   part1: 302.102   part2: 134.077
11, 8: 0 8829.03 8526.93
41, 8, 15: 0 8829.03 69.5653 6389.57 8526.93
42, 8, 15: 1 8829.03 134.077 8526.93 8526.93
Customer 12 - Obj: 244.843   part1: 328.347   part2: 83.5032
12, 3: 0 1163.19 981.225
41, 3, 16: 0 1163.19 30.4497 770.044 981.225
42, 3, 16: 1 1163.19 83.5032 981.225 981.225
12, 2: 0 3286.49 3140.11
41, 2, 17: 0 3286.49 30.4497 2815.86 3140.11
42, 2, 17: 1 3286.49 83.5032 3140.11 3140.11
Customer 13 - Obj: -10.3135   part1: 32.3032   part2: 42.6166
13, 7: 0 4540.44 4508.14
41, 7, 18: 0 4540.44 9.07088 3278.16 4508.14
42, 7, 18: 1 4540.44 42.6166 4508.14 4508.14
Customer 14 - Obj: 34.3347   part1: 107.71   part2: 73.3754
14, 9: 0 667.549 621.29
41, 9, 19: 0 667.549 9.75444 503.527 621.29
42, 9, 19: 1 667.549 73.3754 621.29 621.29
14, 2: 0 3201.56 3140.11
41, 2, 20: 0 3201.56 9.75444 2815.86 3140.11
42, 2, 20: 1 3201.56 73.3754 3140.11 3140.11
Customer 15 - Obj: 503.403   part1: 628.309   part2: 124.906
15, 3: 0 1409.7 981.225
41, 3, 21: 0 1409.7 82.4139 770.044 981.225
42, 3, 21: 1 1409.7 124.906 981.225 981.225
15, 5: 0 6823.09 6665.31
41, 5, 22: 0 6823.09 82.4139 6249.21 6665.31
42, 5, 22: 1 6823.09 124.906 6665.31 6665.31
15, 4: 0 3261.28 3219.23
41, 4, 23: 0 3261.28 82.4139 2213.19 3219.23
42, 4, 23: 1 3261.28 124.906 3219.23 3219.23
Customer 16 - Obj: 193.919   part1: 234.607   part2: 40.6878
16, 7: 0 4605.76 4508.14
41, 7, 24: 0 4605.76 17.9226 3278.16 4508.14
42, 7, 24: 1 4605.76 40.6878 4508.14 4508.14
16, 8: 0 8633.92 8526.93
41, 8, 25: 0 8633.92 17.9226 6389.57 8526.93
42, 8, 25: 1 8633.92 40.6878 8526.93 8526.93
16, 9: 0 651.284 621.29
41, 9, 26: 0 651.284 17.9226 503.527 621.29
42, 9, 26: 1 651.284 40.6878 621.29 621.29
Customer 17 - Obj: -18.1462   part1: 9.67999   part2: 27.8262
17, 3: 0 990.905 981.225
41, 3, 27: 0 990.905 27.8262 770.044 981.225
42, 3, 27: 1 990.905 0 981.225 981.225
Customer 18 - Obj: -108.317   part1: 115.401   part2: 223.717
18, 9: 0 736.691 621.29
41, 9, 28: 0 736.691 75.7359 503.527 621.29
42, 9, 28: 1 736.691 147.981 621.29 621.29
Customer 19 - Obj: -138.704   part1: 114.858   part2: 253.562
19, 4: 0 3334.09 3219.23
41, 4, 29: 0 3334.09 142.952 2213.19 3219.23
42, 4, 29: 1 3334.09 110.609 3219.23 3219.23
Customer 20 - Obj: 70.0062   part1: 89.7947   part2: 19.7884
20, 2: 0 3229.9 3140.11
41, 2, 30: 0 3229.9 13.7077 2815.86 3140.11
42, 2, 30: 1 3229.9 6.08077 3140.11 3140.11
Customer 21 - Obj: 149.233   part1: 182.564   part2: 33.3316
21, 8: 0 8542.43 8526.93
41, 8, 31: 0 8542.43 65.1671 6389.57 8526.93
42, 8, 31: 1 8542.43 33.3316 8526.93 8526.93
21, 6: 0 2239.2 2179.8
41, 6, 32: 0 2239.2 65.1671 1727.66 2179.8
42, 6, 32: 1 2239.2 33.3316 2179.8 2179.8
21, 1: 0 8311.57 8203.92
41, 1, 33: 0 8311.57 65.1671 5561.73 8203.92
42, 1, 33: 1 8311.57 33.3316 8203.92 8203.92
Customer 22 - Obj: -200.38   part1: 50.977   part2: 251.356
22, 4: 0 3233.28 3219.23
41, 4, 34: 0 3233.28 367.91 2213.19 3219.23
42, 4, 34: 1 3233.28 251.356 3219.23 3219.23
22, 0: 0 6217.26 6180.34
41, 0, 35: 0 6217.26 367.91 4753.11 6180.34
42, 0, 35: 1 6217.26 251.356 6180.34 6180.34
Customer 23 - Obj: 176.345   part1: 326.587   part2: 150.242
23, 1: 0 8364.31 8203.92
41, 1, 36: 0 8364.31 212.882 5561.73 8203.92
42, 1, 36: 1 8364.31 150.242 8203.92 8203.92
23, 9: 0 672.772 621.29
41, 9, 37: 0 672.772 212.882 503.527 621.29
42, 9, 37: 1 672.772 150.242 621.29 621.29
23, 4: 0 3333.94 3219.23
41, 4, 38: 0 3333.94 212.882 2213.19 3219.23
42, 4, 38: 1 3333.94 150.242 3219.23 3219.23
Customer 24 - Obj: 281.031   part1: 456.374   part2: 175.343
24, 8: 0 8681.02 8526.93
41, 8, 39: 0 8681.02 82.119 6389.57 8526.93
42, 8, 39: 1 8681.02 175.343 8526.93 8526.93
24, 9: 0 923.572 621.29
41, 9, 40: 0 923.572 82.119 503.527 621.29
42, 9, 40: 1 923.572 175.343 621.29 621.29
Customer 25 - Obj: 53.7414   part1: 149.121   part2: 95.3798
25, 4: 0 3368.35 3219.23
41, 4, 41: 0 3368.35 27.738 2213.19 3219.23
42, 4, 41: 1 3368.35 67.6418 3219.23 3219.23
Customer 26 - Obj: -278.719   part1: 11.654   part2: 290.373
26, 5: 0 6676.97 6665.31
41, 5, 42: 0 6676.97 77.5022 6249.21 6665.31
42, 5, 42: 1 6676.97 290.373 6665.31 6665.31
Customer 27 - Obj: 234.251   part1: 491.844   part2: 257.593
27, 3: 0 1199.52 981.225
41, 3, 43: 0 1199.52 135.465 770.044 981.225
42, 3, 43: 1 1199.52 257.593 981.225 981.225
27, 4: 0 3331.6 3219.23
41, 4, 44: 0 3331.6 135.465 2213.19 3219.23
42, 4, 44: 1 3331.6 257.593 3219.23 3219.23
27, 2: 0 3301.29 3140.11
41, 2, 45: 0 3301.29 135.465 2815.86 3140.11
42, 2, 45: 1 3301.29 257.593 3140.11 3140.11
Customer 28 - Obj: -177.161   part1: 240.857   part2: 418.018
28, 9: 0 829.773 621.29
41, 9, 46: 0 829.773 381.172 503.527 621.29
42, 9, 46: 1 829.773 418.018 621.29 621.29
28, 0: 0 6212.72 6180.34
41, 0, 47: 0 6212.72 381.172 4753.11 6180.34
42, 0, 47: 1 6212.72 418.018 6180.34 6180.34
Customer 29 - Obj: 45.6276   part1: 142.233   part2: 96.6057
29, 8: 0 8653.25 8526.93
41, 8, 48: 0 8653.25 103.371 6389.57 8526.93
42, 8, 48: 1 8653.25 96.6057 8526.93 8526.93
29, 6: 0 2195.71 2179.8
41, 6, 49: 0 2195.71 103.371 1727.66 2179.8
42, 6, 49: 1 2195.71 96.6057 2179.8 2179.8
Customer 30 - Obj: -48.1788   part1: 132.587   part2: 180.766
30, 7: 0 4576.66 4508.14
41, 7, 50: 0 4576.66 166.918 3278.16 4508.14
42, 7, 50: 1 4576.66 180.766 4508.14 4508.14
30, 1: 0 8267.99 8203.92
41, 1, 51: 0 8267.99 166.918 5561.73 8203.92
42, 1, 51: 1 8267.99 180.766 8203.92 8203.92
Customer 31 - Obj: 274.366   part1: 394.012   part2: 119.645
31, 3: 0 1072.82 981.225
41, 3, 52: 0 1072.82 111.364 770.044 981.225
42, 3, 52: 1 1072.82 119.645 981.225 981.225
31, 0: 0 6310.6 6180.34
41, 0, 53: 0 6310.6 111.364 4753.11 6180.34
42, 0, 53: 1 6310.6 119.645 6180.34 6180.34
31, 6: 0 2351.96 2179.8
41, 6, 54: 0 2351.96 111.364 1727.66 2179.8
42, 6, 54: 1 2351.96 119.645 2179.8 2179.8
Customer 32 - Obj: -441.184   part1: 19.6533   part2: 460.837
32, 1: 0 8223.57 8203.92
41, 1, 55: 0 8223.57 221.214 5561.73 8203.92
42, 1, 55: 1 8223.57 239.623 8203.92 8203.92
Customer 33 - Obj: 91.6846   part1: 177.268   part2: 85.583
33, 2: 0 3145.82 3140.11
41, 2, 56: 0 3145.82 79.1732 2815.86 3140.11
42, 2, 56: 1 3145.82 85.583 3140.11 3140.11
33, 4: 0 3297.2 3219.23
41, 4, 57: 0 3297.2 79.1732 2213.19 3219.23
42, 4, 57: 1 3297.2 85.583 3219.23 3219.23
33, 9: 0 714.881 621.29
41, 9, 58: 0 714.881 79.1732 503.527 621.29
42, 9, 58: 1 714.881 85.583 621.29 621.29
Customer 34 - Obj: -769.343   part1: 20.5794   part2: 789.922
34, 5: 0 6685.89 6665.31
41, 5, 59: 0 6685.89 383.608 6249.21 6665.31
42, 5, 59: 1 6685.89 406.315 6665.31 6665.31
Customer 35 - Obj: -282.626   part1: 121.845   part2: 404.471
35, 8: 0 8634.56 8526.93
41, 8, 60: 0 8634.56 382.731 6389.57 8526.93
42, 8, 60: 1 8634.56 404.471 8526.93 8526.93
35, 9: 0 635.501 621.29
41, 9, 61: 0 635.501 382.731 503.527 621.29
42, 9, 61: 1 635.501 404.471 621.29 621.29
Customer 36 - Obj: 288.511   part1: 365.481   part2: 76.9698
36, 7: 0 4526.71 4508.14
41, 7, 62: 0 4526.71 72.1097 3278.16 4508.14
42, 7, 62: 1 4526.71 76.9698 4508.14 4508.14
36, 5: 0 6817.75 6665.31
41, 5, 63: 0 6817.75 72.1097 6249.21 6665.31
42, 5, 63: 1 6817.75 76.9698 6665.31 6665.31
36, 0: 0 6374.82 6180.34
41, 0, 64: 0 6374.82 72.1097 4753.11 6180.34
42, 0, 64: 1 6374.82 76.9698 6180.34 6180.34
Customer 37 - Obj: 210.026   part1: 220.765   part2: 10.7397
37, 1: 0 8283.89 8203.92
41, 1, 65: 0 8283.89 10.0835 5561.73 8203.92
42, 1, 65: 1 8283.89 10.7397 8203.92 8203.92
37, 7: 0 4582.07 4508.14
41, 7, 66: 0 4582.07 10.0835 3278.16 4508.14
42, 7, 66: 1 4582.07 10.7397 4508.14 4508.14
37, 4: 0 3286.09 3219.23
41, 4, 67: 0 3286.09 10.0835 2213.19 3219.23
42, 4, 67: 1 3286.09 10.7397 3219.23 3219.23
Customer 38 - Obj: 386.831   part1: 471.211   part2: 84.3799
38, 6: 0 2389.11 2179.8
41, 6, 68: 0 2389.11 82.4374 1727.66 2179.8
42, 6, 68: 1 2389.11 84.3799 2179.8 2179.8
38, 3: 0 1221.12 981.225
41, 3, 69: 0 1221.12 82.4374 770.044 981.225
42, 3, 69: 1 1221.12 84.3799 981.225 981.225
38, 8: 0 8548.94 8526.93
41, 8, 70: 0 8548.94 82.4374 6389.57 8526.93
42, 8, 70: 1 8548.94 84.3799 8526.93 8526.93
Customer 39 - Obj: 142.555   part1: 314.435   part2: 171.88
39, 0: 0 6367 6180.34
41, 0, 71: 0 6367 168.12 4753.11 6180.34
42, 0, 71: 1 6367 171.88 6180.34 6180.34
39, 6: 0 2198.22 2179.8
41, 6, 72: 0 2198.22 168.12 1727.66 2179.8
42, 6, 72: 1 2198.22 171.88 2179.8 2179.8
39, 8: 0 8636.28 8526.93
41, 8, 73: 0 8636.28 168.12 6389.57 8526.93
42, 8, 73: 1 8636.28 171.88 8526.93 8526.93
Customer 40 - Obj: -939.908   part1: 42.0667   part2: 981.975
40, 3: 0 1023.29 981.225
41, 3, 74: 0 1023.29 482.874 770.044 981.225
42, 3, 74: 1 1023.29 499.101 981.225 981.225
Routing:
[1886.15, 1814.7499999999998, 1763.75, 1725.25]
[[2, 2, 42], [5, 3, 42], [8, 5], [15, 11, 42], [17, 12, 42], [18, 13, 42], [19, 14, 42], [20, 14, 42], [24, 16, 42], [25, 16, 42], [26, 16, 42], [30, 20, 42], [31, 21, 42], [35, 22, 42], [39, 24, 42], [45, 27, 42], [46, 28, 42], [47, 28, 42], [48, 29, 42], [50, 30, 42], [53, 31, 42], [60, 35, 42], [61, 35, 42], [64, 36, 42], [66, 37, 42], [70, 38, 42], [71, 39, 42], [73, 39, 42]]
[[3, 2, 42], [4, 3, 42], [6, 3, 42], [12, 8], [14, 10, 42], [28, 18, 42], [34, 22, 42], [37, 23, 42], [40, 24, 42], [41, 25, 42], [49, 29, 42], [56, 33, 42], [57, 33, 42], [63, 36, 42], [67, 37, 42], [68, 38, 42], [72, 39, 42]]
[[0, 1, 42], [1, 1, 42], [7, 4], [10, 7, 42], [11, 7, 42], [21, 15, 42], [22, 15, 42], [27, 17, 42], [29, 19, 42], [32, 21, 42], [42, 26, 42], [54, 31, 42], [58, 33, 42], [59, 34, 42], [62, 36, 42], [74, 40, 42]]
[[9, 6], [13, 9, 42], [16, 12, 42], [23, 15, 42], [33, 21, 42], [36, 23, 42], [38, 23, 42], [43, 27, 42], [44, 27, 42], [51, 30, 42], [52, 31, 42], [55, 32, 42], [65, 37, 42], [69, 38, 42]]
4, 0, 2
5, 0, 0
6, 0, 3
8, 0, 1
42, 0, 0
42, 5, 0
42, 0, 1
42, 8, 1
42, 0, 2
42, 4, 2
42, 0, 3
42, 6, 3
Routing cost: 7189.9
[326746.2474593731, 7189.9, 130.26885318756104, 7.632834407122463e-05, 1, 0.0, 0.9466666666666667, 0.9, 0.9]
